turbostat version 2025.09.09 - Len Brown <lenb@kernel.org>
Kernel command line: BOOT_IMAGE=/boot/vmlinuz-6.17.0-35-generic root=UUID=37e0ef02-2557-4d29-8187-72bb5e6547ba ro quiet splash vt.handoff=7
CPUID(0): AuthenticAMD 0x10 CPUID levels
CPUID(1): family:model:stepping 0x19:21:2 (25:33:2) microcode 0x0
CPUID(0x80000000): max_extended_levels: 0x80000023
CPUID(1): SSE3 MONITOR - - - TSC MSR - HT -
CPUID(6): APERF, No-TURBO, No-DTS, No-PTM, No-HWP, No-HWPnotify, No-HWPwindow, No-HWPepp, No-HWPpkg, No-EPB
CPUID(7): No-SGX No-Hybrid
cpu0: cpufreq driver: amd-pstate-epp
cpu0: cpufreq governor: powersave
cpufreq boost: 1
/dev/cpu_dma_latency: 2000000000 usec (default)
current_driver: acpi_idle
current_governor: menu
current_governor_ro: menu
cpu0: POLL: CPUIDLE CORE POLL IDLE
cpu0: C1: ACPI FFH MWAIT 0x0
cpu0: C2: ACPI IOPORT 0x414
RAPL: 234 sec. Joule Counter Range, at 280 Watts
intel-rapl:0: package-0 disabled
intel-rapl:0/intel-rapl:0:0: core disabled
cpu0: MSR_RAPL_PWR_UNIT: 0x000a1003 (0.125000 Watts, 0.000015 Joules, 0.000977 sec.)
Core	CPU	Avg_MHz	Busy%	Bzy_MHz	TSC_MHz	IPC	IRQ	NMI	SMI	POLL%	C1%	C2%	CorWatt	PkgWatt
-	-	57	1.41	4032	3393	1.14	3542	0	0	0.00	0.10	98.50	2.55	19.79
0	0	24	0.66	3599	3394	0.78	237	0	0	0.00	0.05	99.31	0.17	19.80
0	8	21	0.59	3605	3394	0.86	171	0	0	0.00	0.04	99.37
1	1	325	7.46	4364	3394	1.47	396	0	0	0.00	0.02	92.55	0.72
1	9	5	0.14	3600	3394	0.41	48	0	0	0.00	0.00	99.86
2	2	90	2.29	3933	3394	1.12	290	0	0	0.00	0.47	97.26	0.28
2	10	23	0.60	3771	3394	0.70	161	0	0	0.00	0.00	99.41
3	3	65	1.81	3617	3394	0.48	623	0	0	0.05	0.42	97.82	0.38
3	11	14	0.36	3761	3394	0.75	107	0	0	0.00	0.00	99.64
4	4	24	0.65	3627	3394	0.51	250	0	0	0.00	0.12	99.24	0.18
4	12	9	0.27	3548	3394	0.76	109	0	0	0.00	0.00	99.74
5	5	42	1.12	3763	3394	0.84	235	0	0	0.00	0.40	98.50	0.18
5	13	11	0.31	3498	3394	0.75	61	0	0	0.00	0.01	99.69
6	6	16	0.46	3534	3394	0.56	173	0	0	0.00	0.00	99.55	0.11
6	14	12	0.34	3612	3394	0.76	85	0	0	0.00	0.00	99.67
7	7	157	3.67	4276	3394	1.22	235	0	0	0.00	0.01	96.32	0.54
7	15	74	1.91	3873	3394	1.25	361	0	0	0.00	0.01	98.11
Core	CPU	Avg_MHz	Busy%	Bzy_MHz	TSC_MHz	IPC	IRQ	NMI	SMI	POLL%	C1%	C2%	CorWatt	PkgWatt
-	-	61	1.48	4156	3394	1.33	2948	0	0	0.00	0.27	98.27	2.62	19.55
0	0	15	0.41	3606	3394	0.81	166	0	0	0.00	0.00	99.61	0.10	19.55
0	8	4	0.11	3523	3394	0.41	24	0	0	0.00	0.00	99.88
1	1	148	3.61	4092	3394	1.39	505	0	0	0.01	0.08	96.34	0.38
1	9	15	0.41	3723	3394	0.76	113	0	0	0.00	0.63	98.98
2	2	15	0.42	3590	3394	0.74	184	0	0	0.00	0.08	99.51	0.19
2	10	12	0.33	3612	3394	0.55	212	0	0	0.00	0.51	99.18
3	3	50	1.35	3679	3394	0.47	429	0	0	0.03	0.35	98.34	0.29
3	11	15	0.42	3680	3394	0.77	130	0	0	0.00	0.80	98.80
4	4	231	5.36	4305	3394	1.74	305	0	0	0.00	0.20	94.45	0.56
4	12	21	0.46	4501	3394	0.51	107	0	0	0.00	0.47	99.09
5	5	35	0.97	3665	3394	1.27	228	0	0	0.00	0.00	99.05	0.12
5	13	1	0.04	3462	3394	0.35	14	0	0	0.00	0.00	99.96
6	6	8	0.22	3558	3394	0.59	49	0	0	0.00	0.00	99.79	0.12
6	14	18	0.50	3625	3394	0.78	137	0	0	0.00	0.83	98.68
7	7	331	7.32	4527	3394	1.50	151	0	0	0.00	0.34	92.33	0.85
7	15	62	1.68	3671	3394	0.79	194	0	0	0.00	0.00	98.35
Core	CPU	Avg_MHz	Busy%	Bzy_MHz	TSC_MHz	IPC	IRQ	NMI	SMI	POLL%	C1%	C2%	CorWatt	PkgWatt
-	-	42	1.00	4160	3394	1.31	1450	0	0	0.00	0.03	98.98	1.69	18.27
0	0	18	0.49	3624	3394	1.86	63	0	0	0.00	0.00	99.51	0.04	18.26
0	8	1	0.04	3593	3394	0.22	11	0	0	0.00	0.00	99.96
1	1	358	8.16	4390	3394	1.53	276	0	0	0.00	0.00	91.84	0.72
1	9	3	0.08	3609	3394	0.30	20	0	0	0.00	0.00	99.93
2	2	8	0.23	3498	3394	1.03	49	0	0	0.00	0.00	99.78	0.07
2	10	7	0.18	3598	3394	0.38	122	0	0	0.00	0.00	99.83
3	3	98	2.34	4170	3394	1.15	411	0	0	0.00	0.16	97.55	0.38
3	11	3	0.09	3571	3394	2.05	10	0	0	0.00	0.00	99.91
4	4	6	0.16	3495	3394	0.30	35	0	0	0.00	0.00	99.84	0.02
4	12	5	0.13	3626	3394	0.63	30	0	0	0.00	0.00	99.88
5	5	11	0.30	3614	3394	0.52	69	0	0	0.00	0.00	99.71	0.09
5	13	2	0.05	3530	3394	0.71	10	0	0	0.00	0.00	99.95
6	6	2	0.07	3515	3394	0.24	17	0	0	0.00	0.00	99.93	0.02
6	14	1	0.03	3511	3394	0.31	5	0	0	0.00	0.00	99.97
7	7	104	2.56	4076	3394	1.31	142	0	0	0.00	0.27	97.19	0.34
7	15	41	1.12	3615	3394	0.27	180	0	0	0.00	0.00	98.91
Core	CPU	Avg_MHz	Busy%	Bzy_MHz	TSC_MHz	IPC	IRQ	NMI	SMI	POLL%	C1%	C2%	CorWatt	PkgWatt
-	-	23	0.57	4077	3393	1.13	1002	0	0	0.00	0.01	99.41	1.08	17.58
0	0	5	0.13	3549	3394	0.38	64	0	0	0.00	0.00	99.88	0.04	17.60
0	8	1	0.02	3580	3394	0.28	4	0	0	0.00	0.00	99.98
1	1	238	5.44	4380	3394	1.52	190	0	0	0.00	0.00	94.58	0.53
1	9	5	0.12	4499	3394	1.75	6	0	0	0.00	0.00	99.88
2	2	3	0.07	3610	3394	0.25	24	0	0	0.00	0.00	99.93	0.04
2	10	3	0.07	3563	3394	0.27	43	0	0	0.00	0.00	99.93
3	3	22	0.62	3560	3394	0.22	270	0	0	0.00	0.14	99.28	0.17
3	11	2	0.05	3593	3394	0.26	44	0	0	0.00	0.00	99.95
4	4	10	0.28	3523	3394	0.30	51	0	0	0.00	0.00	99.73	0.05
4	12	1	0.04	3596	3394	0.31	13	0	0	0.00	0.00	99.96
5	5	16	0.41	3747	3394	0.87	30	0	0	0.00	0.00	99.59	0.03
5	13	1	0.03	3613	3394	0.35	10	0	0	0.00	0.00	99.97
6	6	3	0.09	3511	3394	0.24	36	0	0	0.00	0.00	99.91	0.04
6	14	1	0.02	3373	3394	0.33	4	0	0	0.00	0.00	99.98
7	7	19	0.54	3551	3394	0.50	76	0	0	0.00	0.00	99.47	0.18
7	15	41	1.13	3614	3394	0.22	137	0	0	0.00	0.00	98.90
Core	CPU	Avg_MHz	Busy%	Bzy_MHz	TSC_MHz	IPC	IRQ	NMI	SMI	POLL%	C1%	C2%	CorWatt	PkgWatt
-	-	63	1.66	3814	3394	1.11	4964	0	0	0.00	0.21	98.17	2.74	20.42
0	0	23	0.63	3726	3394	0.98	188	0	0	0.00	0.39	99.01	0.22	20.40
0	8	72	1.96	3654	3394	0.68	335	0	0	0.00	0.15	97.92
1	1	346	8.92	3875	3394	1.70	694	0	0	0.00	0.24	90.88	1.06
1	9	184	4.21	4376	3394	1.22	515	0	0	0.00	0.17	95.63
2	2	28	0.79	3533	3394	0.67	321	0	0	0.00	0.50	98.73	0.35
2	10	21	0.58	3544	3394	0.37	376	0	0	0.00	0.00	99.45
3	3	34	0.96	3522	3394	0.50	736	0	0	0.06	0.33	98.75	0.33
3	11	17	0.46	3567	3394	0.45	272	0	0	0.00	0.46	99.10
4	4	28	0.78	3628	3394	0.48	231	0	0	0.00	0.05	99.19	0.10
4	12	9	0.26	3645	3394	0.77	49	0	0	0.00	0.22	99.52
5	5	6	0.18	3405	3394	0.38	111	0	0	0.00	0.22	99.61	0.05
5	13	3	0.07	3466	3394	0.44	16	0	0	0.00	0.00	99.93
6	6	35	0.98	3537	3394	0.54	113	0	0	0.00	0.09	98.94	0.08
6	14	11	0.32	3522	3394	0.60	59	0	0	0.00	0.22	99.46
7	7	173	4.81	3609	3394	0.74	759	0	0	0.00	0.25	94.97	0.54
7	15	22	0.63	3577	3394	0.59	189	0	0	0.00	0.00	99.39
Core	CPU	Avg_MHz	Busy%	Bzy_MHz	TSC_MHz	IPC	IRQ	NMI	SMI	POLL%	C1%	C2%	CorWatt	PkgWatt
-	-	37	0.89	4158	3393	1.23	1503	0	0	0.00	0.01	99.10	1.84	18.29
0	0	12	0.33	3581	3394	0.48	149	0	0	0.00	0.00	99.68	0.12	18.29
0	8	1	0.02	3573	3394	0.31	10	0	0	0.00	0.00	99.98
1	1	278	6.22	4469	3394	1.54	161	0	0	0.00	0.00	93.79	0.60
1	9	2	0.06	3583	3394	0.32	17	0	0	0.00	0.00	99.94
2	2	4	0.11	3533	3394	0.25	43	0	0	0.00	0.00	99.89	0.03
2	10	5	0.13	3657	3394	0.56	32	0	0	0.00	0.00	99.88
3	3	32	0.89	3584	3394	0.25	268	0	0	0.00	0.08	99.08	0.27
3	11	2	0.05	3438	3394	0.30	19	0	0	0.00	0.00	99.95
4	4	46	1.15	3985	3394	1.05	146	0	0	0.00	0.00	98.86	0.15
4	12	2	0.05	3547	3394	0.26	18	0	0	0.00	0.00	99.95
5	5	6	0.17	3533	3394	0.24	56	0	0	0.00	0.00	99.84	0.06
5	13	4	0.12	3552	3394	0.40	90	0	0	0.00	0.00	99.88
6	6	23	0.57	3975	3394	0.42	58	0	0	0.00	0.00	99.43	0.27
6	14	70	1.61	4330	3394	1.69	130	0	0	0.00	0.00	98.39
7	7	30	0.79	3814	3394	0.50	72	0	0	0.00	0.00	99.22	0.33
7	15	79	2.03	3913	3394	1.18	234	0	0	0.00	0.00	98.00
Core	CPU	Avg_MHz	Busy%	Bzy_MHz	TSC_MHz	IPC	IRQ	NMI	SMI	POLL%	C1%	C2%	CorWatt	PkgWatt
-	-	34	0.83	4118	3394	1.18	1418	0	0	0.00	0.00	99.17	1.67	18.12
0	0	6	0.17	3553	3394	0.45	115	0	0	0.00	0.00	99.84	0.13	18.13
0	8	3	0.08	3596	3394	0.48	68	0	0	0.00	0.00	99.93
1	1	70	1.68	4155	3394	0.93	102	0	0	0.00	0.00	98.31	0.16
1	9	3	0.09	3690	3394	0.32	44	0	0	0.00	0.00	99.92
2	2	21	0.58	3676	3394	0.35	162	0	0	0.00	0.00	99.42	0.11
2	10	0	0.01	3571	3394	0.29	4	0	0	0.00	0.00	99.99
3	3	46	1.30	3567	3394	0.29	345	0	0	0.04	0.03	98.71	0.28
3	11	1	0.02	3531	3394	0.33	7	0	0	0.00	0.00	99.98
4	4	110	2.56	4295	3394	1.67	132	0	0	0.00	0.00	97.44	0.27
4	12	2	0.06	3526	3394	0.33	11	0	0	0.00	0.00	99.94
5	5	10	0.28	3591	3394	0.50	76	0	0	0.00	0.00	99.72	0.05
5	13	1	0.04	3476	3394	0.25	9	0	0	0.00	0.00	99.96
6	6	8	0.22	3474	3394	0.46	22	0	0	0.00	0.00	99.78	0.03
6	14	1	0.02	3356	3394	0.31	6	0	0	0.00	0.00	99.98
7	7	218	4.89	4458	3394	1.60	130	0	0	0.00	0.03	95.03	0.65
7	15	44	1.23	3605	3394	0.26	185	0	0	0.00	0.00	98.80
Core	CPU	Avg_MHz	Busy%	Bzy_MHz	TSC_MHz	IPC	IRQ	NMI	SMI	POLL%	C1%	C2%	CorWatt	PkgWatt
-	-	320	7.27	4396	3393	1.80	8592	0	0	0.01	0.58	92.15	12.33	31.47
0	0	70	1.90	3667	3394	1.27	717	0	0	0.00	0.04	98.10	0.79	31.47
0	8	40	1.09	3659	3394	2.02	297	0	0	0.00	0.35	98.57
1	1	1389	30.62	4536	3394	2.63	1094	0	0	0.00	0.41	68.82	4.39
1	9	1083	23.92	4528	3394	1.31	656	0	0	0.00	0.33	75.76
2	2	59	1.65	3594	3394	1.05	1390	0	0	0.00	0.32	98.10	0.66
2	10	33	0.90	3676	3394	2.07	226	0	0	0.00	0.24	98.87
3	3	70	1.89	3680	3394	1.26	785	0	0	0.10	0.76	97.39	0.93
3	11	24	0.65	3791	3394	2.76	148	0	0	0.00	0.59	98.77
4	4	226	5.47	4137	3394	2.75	597	0	0	0.00	0.57	93.98	1.15
4	12	56	1.49	3778	3394	1.60	372	0	0	0.00	0.80	97.73
5	5	949	21.00	4517	3394	0.91	757	0	0	0.01	3.64	75.42	1.72
5	13	16	0.44	3709	3394	2.23	112	0	0	0.00	0.06	99.51
6	6	198	4.93	4014	3394	1.21	427	0	0	0.00	0.36	94.73	0.67
6	14	13	0.34	3688	3394	1.91	81	0	0	0.00	0.01	99.66
7	7	450	10.21	4404	3394	2.42	530	0	0	0.00	0.67	89.13	2.03
7	15	441	9.87	4472	3394	1.58	403	0	0	0.00	0.10	90.06
Core	CPU	Avg_MHz	Busy%	Bzy_MHz	TSC_MHz	IPC	IRQ	NMI	SMI	POLL%	C1%	C2%	CorWatt	PkgWatt
-	-	617	13.72	4501	3394	0.94	8676	0	0	0.00	0.10	86.22	19.83	40.03
0	0	263	6.52	4027	3394	1.01	1247	0	0	0.00	0.00	93.53	1.53	40.02
0	8	17	0.45	3712	3394	0.54	160	0	0	0.00	0.13	99.43
1	1	3569	78.97	4520	3394	1.02	1076	0	0	0.00	0.11	20.94	5.87
1	9	300	6.55	4579	3394	1.53	422	0	0	0.00	0.00	93.46
2	2	133	3.45	3843	3394	0.93	1017	0	0	0.01	0.20	96.39	1.35
2	10	22	0.56	3836	3394	0.54	304	0	0	0.00	0.03	99.42
3	3	56	1.52	3712	3394	0.64	641	0	0	0.04	0.34	98.18	0.78
3	11	37	0.99	3713	3394	0.62	129	0	0	0.00	0.00	99.01
4	4	186	5.00	3717	3394	1.50	1014	0	0	0.00	0.42	94.63	1.36
4	12	26	0.69	3739	3394	0.97	148	0	0	0.00	0.00	99.32
5	5	427	9.65	4423	3394	1.07	438	0	0	0.00	0.07	90.30	1.29
5	13	11	0.29	3861	3394	0.45	193	0	0	0.00	0.01	99.71
6	6	159	4.11	3868	3394	0.98	600	0	0	0.00	0.27	95.65	0.76
6	14	4	0.12	3712	3394	0.35	47	0	0	0.00	0.00	99.89
7	7	4636	99.90	4640	3394	0.82	1019	0	0	0.00	0.00	0.10	6.88
7	15	34	0.74	4640	3394	0.42	221	0	0	0.00	0.03	99.24
Core	CPU	Avg_MHz	Busy%	Bzy_MHz	TSC_MHz	IPC	IRQ	NMI	SMI	POLL%	C1%	C2%	CorWatt	PkgWatt
-	-	609	13.53	4503	3392	0.95	8054	0	0	0.00	0.04	86.42	19.78	40.08
0	0	81	2.19	3712	3394	0.88	1221	0	0	0.00	0.00	97.87	1.34	40.12
0	8	29	0.77	3713	3394	2.21	116	0	0	0.00	0.00	99.24
1	1	1738	38.34	4533	3394	1.08	529	0	0	0.00	0.00	61.67	6.06
1	9	2311	50.98	4533	3394	1.01	758	0	0	0.00	0.00	49.03
2	2	104	2.71	3847	3394	0.77	1159	0	0	0.01	0.13	97.21	1.36
2	10	39	1.03	3792	3394	1.02	256	0	0	0.00	0.00	98.98
3	3	80	2.11	3810	3394	1.16	591	0	0	0.04	0.28	97.65	0.65
3	11	8	0.21	3713	3394	2.50	6	0	0	0.00	0.00	99.79
4	4	167	4.37	3810	3394	0.94	771	0	0	0.00	0.22	95.43	1.43
4	12	11	0.30	3712	3394	0.50	216	0	0	0.00	0.01	99.71
5	5	319	7.90	4032	3394	1.36	506	0	0	0.00	0.00	92.12	1.38
5	13	20	0.53	3724	3394	0.69	352	0	0	0.00	0.01	99.48
6	6	121	3.03	3990	3394	1.82	249	0	0	0.00	0.00	96.98	0.61
6	14	59	1.46	4019	3394	1.62	150	0	0	0.00	0.00	98.54
7	7	4641	100.00	4641	3394	0.82	1012	0	0	0.00	0.00	0.00	6.94
7	15	24	0.52	4640	3394	0.57	162	0	0	0.00	0.01	99.49
Core	CPU	Avg_MHz	Busy%	Bzy_MHz	TSC_MHz	IPC	IRQ	NMI	SMI	POLL%	C1%	C2%	CorWatt	PkgWatt
-	-	608	13.49	4505	3395	0.95	7706	0	0	0.01	0.02	86.55	20.78	40.84
0	0	152	3.74	4049	3394	1.00	965	0	0	0.00	0.01	96.29	1.45	40.79
0	8	59	1.40	4215	3394	1.03	153	0	0	0.00	0.00	98.61
1	1	3839	84.98	4518	3394	1.03	982	0	0	0.00	0.00	15.02	5.89
1	9	34	0.75	4498	3394	0.68	153	0	0	0.00	0.00	99.26
2	2	78	2.09	3713	3394	0.62	848	0	0	0.00	0.15	97.80	1.30
2	10	8	0.23	3712	3394	0.43	155	0	0	0.00	0.01	99.77
3	3	162	4.16	3884	3394	1.05	707	0	0	0.08	0.14	95.73	1.18
3	11	5	0.11	4172	3394	0.67	18	0	0	0.00	0.00	99.89
4	4	173	4.43	3920	3394	1.02	788	0	0	0.00	0.01	95.60	1.37
4	12	18	0.49	3733	3394	0.52	259	0	0	0.00	0.00	99.52
5	5	387	9.36	4137	3394	1.71	793	0	0	0.00	0.05	90.62	1.95
5	13	20	0.51	3806	3394	0.54	398	0	0	0.00	0.01	99.50
6	6	74	2.00	3713	3394	0.76	321	0	0	0.00	0.00	98.02	0.57
6	14	14	0.37	3713	3394	0.48	66	0	0	0.00	0.00	99.63
7	7	1845	39.76	4639	3394	0.81	407	0	0	0.00	0.00	60.24	7.04
7	15	2851	61.43	4641	3394	0.83	693	0	0	0.00	0.00	38.57
Core	CPU	Avg_MHz	Busy%	Bzy_MHz	TSC_MHz	IPC	IRQ	NMI	SMI	POLL%	C1%	C2%	CorWatt	PkgWatt
-	-	610	13.48	4528	3394	0.94	7701	0	0	0.01	0.08	86.46	20.05	40.37
0	0	114	3.07	3718	3394	0.88	1225	0	0	0.00	0.01	96.98	1.53	40.38
0	8	97	2.26	4276	3394	1.51	281	0	0	0.00	0.00	97.75
1	1	4159	91.57	4541	3394	1.02	1087	0	0	0.00	0.00	8.43	6.24
1	9	34	0.76	4494	3394	0.46	555	0	0	0.00	0.03	99.24
2	2	44	1.20	3712	3394	0.50	826	0	0	0.00	0.53	98.31	1.28
2	10	26	0.71	3712	3394	0.54	236	0	0	0.00	0.17	99.14
3	3	40	1.07	3712	3394	0.43	532	0	0	0.11	0.05	98.91	0.74
3	11	3	0.07	3711	3394	0.45	61	0	0	0.00	0.00	99.93
4	4	254	5.85	4347	3394	1.22	704	0	0	0.00	0.02	94.17	1.26
4	12	3	0.08	3718	3394	0.44	47	0	0	0.00	0.00	99.92
5	5	240	6.05	3966	3394	1.96	382	0	0	0.00	0.00	93.93	1.26
5	13	12	0.33	3744	3394	0.50	286	0	0	0.00	0.45	99.25
6	6	80	2.15	3713	3394	1.10	387	0	0	0.00	0.01	97.87	0.77
6	14	17	0.45	3713	3394	0.50	76	0	0	0.00	0.00	99.55
7	7	1	0.03	4641	3394	0.34	3	0	0	0.00	0.00	99.97	6.97
7	15	4641	100.00	4641	3394	0.81	1013	0	0	0.00	0.00	0.00
Core	CPU	Avg_MHz	Busy%	Bzy_MHz	TSC_MHz	IPC	IRQ	NMI	SMI	POLL%	C1%	C2%	CorWatt	PkgWatt
-	-	612	13.53	4522	3388	0.94	7570	1	0	0.01	0.04	86.32	20.08	40.52
0	0	79	2.12	3712	3394	0.85	1203	0	0	0.00	0.00	97.93	1.32	40.59
0	8	10	0.28	3712	3394	1.31	167	0	0	0.00	0.00	99.73
1	1	1374	30.25	4541	3394	1.02	426	0	0	0.00	0.00	69.76	6.31
1	9	2855	62.86	4541	3394	1.02	957	0	0	0.00	0.01	37.13
2	2	39	1.05	3712	3394	0.39	683	0	0	0.00	0.44	98.55	0.98
2	10	25	0.67	3713	3394	0.58	115	0	0	0.00	0.00	99.33
3	3	89	2.28	3904	3394	0.84	445	0	0	0.18	0.03	97.71	1.05
3	11	9	0.24	3712	3394	0.54	155	0	0	0.00	0.00	99.77
4	4	86	2.25	3816	3394	0.86	461	0	0	0.00	0.07	97.72	0.50
4	12	6	0.16	3714	3394	0.59	12	0	0	0.00	0.00	99.84
5	5	458	10.82	4235	3394	1.83	1005	0	0	0.00	0.05	89.16	2.11
5	13	15	0.40	3782	3394	0.51	308	0	0	0.00	0.00	99.61
6	6	86	2.33	3712	3394	0.90	545	0	0	0.00	0.00	97.71	0.82
6	14	17	0.47	3713	3394	0.49	74	0	0	0.00	0.00	99.54
7	7	18	0.40	4641	3394	0.81	5	0	0	0.00	0.00	99.60	7.01
7	15	4629	99.73	4641	3394	0.81	1009	1	0	0.00	0.00	0.27
Core	CPU	Avg_MHz	Busy%	Bzy_MHz	TSC_MHz	IPC	IRQ	NMI	SMI	POLL%	C1%	C2%	CorWatt	PkgWatt
-	-	610	13.45	4532	3394	0.94	7691	0	0	0.01	0.05	86.53	19.95	40.46
0	0	78	2.09	3712	3394	0.75	1161	0	0	0.00	0.01	97.95	1.32	40.53
0	8	18	0.48	3713	3394	2.27	47	0	0	0.00	0.00	99.52
1	1	921	20.26	4548	3394	1.05	382	0	0	0.00	0.00	79.75	6.37
1	9	3358	73.88	4546	3394	1.01	928	0	0	0.00	0.00	26.13
2	2	42	1.14	3712	3394	0.57	656	0	0	0.00	0.31	98.59	0.96
2	10	41	1.11	3713	3394	0.84	259	0	0	0.00	0.00	98.90
3	3	109	2.94	3712	3394	1.44	1318	0	0	0.10	0.43	96.69	1.47
3	11	5	0.14	3711	3394	0.52	139	0	0	0.00	0.00	99.86
4	4	51	1.36	3781	3394	0.53	505	0	0	0.00	0.00	98.68	0.76
4	12	123	2.82	4354	3394	1.61	183	0	0	0.00	0.01	97.18
5	5	292	6.84	4266	3394	1.64	386	0	0	0.00	0.01	93.16	1.41
5	13	13	0.33	3759	3394	0.44	269	0	0	0.00	0.00	99.69
6	6	82	2.22	3713	3394	0.79	316	0	0	0.00	0.00	97.80	0.72
6	14	13	0.34	3712	3394	0.51	125	0	0	0.00	0.00	99.67
7	7	1248	26.89	4641	3394	0.81	279	0	0	0.00	0.00	73.11	6.95
7	15	3362	72.43	4641	3394	0.81	738	0	0	0.00	0.00	27.57
Core	CPU	Avg_MHz	Busy%	Bzy_MHz	TSC_MHz	IPC	IRQ	NMI	SMI	POLL%	C1%	C2%	CorWatt	PkgWatt
-	-	608	13.43	4525	3399	0.95	7429	0	0	0.01	0.03	86.68	19.61	40.06
0	0	93	2.50	3712	3394	0.80	1199	0	0	0.00	0.00	97.55	1.39	39.92
0	8	49	1.33	3713	3394	1.74	313	0	0	0.00	0.00	98.68
1	1	1587	35.01	4532	3394	1.15	465	0	0	0.00	0.00	64.94	6.37
1	9	2568	56.55	4541	3394	1.02	758	0	0	0.00	0.00	43.46
2	2	47	1.26	3712	3394	0.51	665	0	0	0.00	0.01	98.76	0.74
2	10	3	0.09	3711	3394	0.50	109	0	0	0.00	0.00	99.92
3	3	141	3.59	3939	3394	0.86	1143	0	0	0.12	0.15	96.31	1.48
3	11	9	0.25	3718	3394	0.56	199	0	0	0.00	0.01	99.76
4	4	68	1.84	3712	3394	0.66	413	0	0	0.00	0.11	98.08	0.62
4	12	15	0.40	3711	3394	0.40	271	0	0	0.00	0.19	99.43
5	5	386	9.19	4199	3394	1.36	347	0	0	0.00	0.04	90.80	1.07
5	13	1	0.04	3852	3394	0.45	20	0	0	0.00	0.00	99.96
6	6	108	2.92	3713	3394	0.83	515	0	0	0.00	0.00	97.11	0.94
6	14	0	0.01	3712	3394	0.42	3	0	0	0.00	0.00	99.99
7	7	2206	47.64	4631	3394	0.81	483	0	0	0.00	0.00	52.36	6.97
7	15	2425	52.25	4641	3394	0.82	526	0	0	0.00	0.00	47.75
Core	CPU	Avg_MHz	Busy%	Bzy_MHz	TSC_MHz	IPC	IRQ	NMI	SMI	POLL%	C1%	C2%	CorWatt	PkgWatt
-	-	613	13.57	4520	3393	0.95	7710	0	0	0.00	0.05	86.39	20.31	40.83
0	0	101	2.72	3712	3394	1.49	1118	0	0	0.00	0.00	97.34	1.45	40.85
0	8	65	1.76	3712	3394	1.49	986	0	0	0.00	0.01	98.28
1	1	4150	91.42	4540	3394	1.05	1082	0	0	0.00	0.00	8.58	6.33
1	9	20	0.46	4449	3394	0.42	142	0	0	0.00	0.00	99.55
2	2	38	1.01	3772	3394	0.42	669	0	0	0.00	0.15	98.88	1.19
2	10	43	1.16	3757	3394	0.92	222	0	0	0.00	0.06	98.80
3	3	49	1.31	3721	3394	0.90	685	0	0	0.07	0.19	98.53	1.50
3	11	70	1.67	4182	3394	1.77	233	0	0	0.00	0.00	98.33
4	4	119	3.21	3720	3394	1.68	448	0	0	0.00	0.01	96.81	0.96
4	12	11	0.29	3711	3394	0.53	210	0	0	0.00	0.21	99.51
5	5	426	9.96	4279	3394	0.97	468	0	0	0.00	0.01	90.06	1.47
5	13	22	0.58	3721	3394	1.40	80	0	0	0.00	0.00	99.42
6	6	56	1.51	3712	3394	0.92	345	0	0	0.00	0.12	98.39	0.41
6	14	2	0.05	3712	3394	0.42	15	0	0	0.00	0.00	99.95
7	7	2	0.04	4641	3394	0.46	4	0	0	0.00	0.00	99.96	7.01
7	15	4641	100.00	4641	3394	0.81	1003	0	0	0.00	0.00	0.00
Core	CPU	Avg_MHz	Busy%	Bzy_MHz	TSC_MHz	IPC	IRQ	NMI	SMI	POLL%	C1%	C2%	CorWatt	PkgWatt
-	-	613	13.60	4511	3392	0.95	7504	1	0	0.00	0.06	86.32	19.56	40.08
0	0	52	1.41	3712	3394	1.02	1044	0	0	0.00	0.01	98.64	1.30	40.10
0	8	30	0.81	3711	3394	0.62	934	0	0	0.00	0.05	99.19
1	1	3915	86.21	4541	3394	1.06	1058	1	0	0.00	0.00	13.80	6.00
1	9	23	0.52	4423	3394	0.42	232	0	0	0.00	0.00	99.48
2	2	90	2.32	3881	3394	0.85	603	0	0	0.00	0.24	97.47	1.02
2	10	30	0.81	3714	3394	0.58	304	0	0	0.00	0.01	99.19
3	3	57	1.53	3712	3394	1.20	580	0	0	0.04	0.52	97.98	0.84
3	11	23	0.63	3713	3394	1.21	77	0	0	0.00	0.00	99.37
4	4	167	4.50	3713	3394	0.92	941	0	0	0.00	0.06	95.49	1.47
4	12	7	0.19	3712	3394	0.67	75	0	0	0.00	0.01	99.81
5	5	552	13.00	4247	3394	1.24	331	0	0	0.00	0.00	87.02	1.36
5	13	6	0.15	3755	3394	0.77	30	0	0	0.00	0.00	99.86
6	6	221	5.34	4134	3394	1.52	280	0	0	0.00	0.00	94.65	0.62
6	14	3	0.08	3713	3394	0.60	6	0	0	0.00	0.00	99.92
7	7	5	0.11	4640	3394	0.69	3	0	0	0.00	0.00	99.89	6.96
7	15	4637	99.90	4641	3394	0.81	1006	0	0	0.00	0.00	0.10
Core	CPU	Avg_MHz	Busy%	Bzy_MHz	TSC_MHz	IPC	IRQ	NMI	SMI	POLL%	C1%	C2%	CorWatt	PkgWatt
-	-	589	13.00	4531	3394	0.92	7157	0	0	0.01	0.04	87.00	19.24	39.77
0	0	47	1.27	3711	3394	0.92	1056	0	0	0.00	0.01	98.77	1.27	39.75
0	8	18	0.49	3711	3394	0.62	563	0	0	0.00	0.03	99.50
1	1	4168	91.85	4538	3394	1.01	1122	0	0	0.00	0.01	8.15	6.24
1	9	20	0.45	4466	3394	0.43	163	0	0	0.00	0.00	99.56
2	2	35	0.96	3712	3394	0.38	654	0	0	0.00	0.10	98.98	1.00
2	10	14	0.37	3712	3394	0.43	273	0	0	0.00	0.00	99.65
3	3	78	2.08	3777	3394	0.78	923	0	0	0.16	0.45	97.51	1.51
3	11	73	1.97	3713	3394	2.48	124	0	0	0.00	0.00	98.03
4	4	80	2.16	3713	3394	1.74	322	0	0	0.00	0.02	97.85	0.38
4	12	8	0.22	3713	3394	1.67	7	0	0	0.00	0.00	99.78
5	5	180	4.63	3885	3394	0.89	608	0	0	0.00	0.02	95.39	1.51
5	13	10	0.28	3713	3394	1.70	48	0	0	0.00	0.00	99.72
6	6	44	1.19	3712	3394	1.09	269	0	0	0.00	0.00	98.83	0.30
6	14	1	0.02	3712	3394	0.41	7	0	0	0.00	0.00	99.98
7	7	1533	33.03	4641	3394	0.81	339	0	0	0.00	0.00	66.96	7.02
7	15	3110	67.01	4641	3394	0.81	679	0	0	0.00	0.00	32.99
Core	CPU	Avg_MHz	Busy%	Bzy_MHz	TSC_MHz	IPC	IRQ	NMI	SMI	POLL%	C1%	C2%	CorWatt	PkgWatt
-	-	607	13.38	4533	3394	0.95	7191	0	0	0.00	0.03	86.63	19.25	40.07
0	0	181	4.61	3921	3394	1.14	1305	0	0	0.00	0.03	95.42	1.52	40.06
0	8	6	0.17	3732	3394	1.18	59	0	0	0.00	0.00	99.84
1	1	4228	92.90	4551	3394	1.01	1190	0	0	0.00	0.06	7.05	6.29
1	9	20	0.43	4524	3394	0.42	137	0	0	0.00	0.00	99.57
2	2	45	1.21	3712	3394	0.48	709	0	0	0.00	0.06	98.77	0.83
2	10	7	0.19	3712	3394	0.54	101	0	0	0.00	0.01	99.80
3	3	50	1.34	3715	3394	0.55	1258	0	0	0.08	0.14	98.57	1.37
3	11	7	0.19	3734	3394	1.28	30	0	0	0.00	0.00	99.81
4	4	227	5.83	3887	3394	1.94	437	0	0	0.00	0.01	94.19	1.00
4	12	10	0.26	3724	3394	0.48	145	0	0	0.00	0.10	99.65
5	5	137	3.43	3993	3394	1.25	462	0	0	0.00	0.01	96.60	0.75
5	13	2	0.06	3712	3394	0.39	18	0	0	0.00	0.00	99.94
6	6	144	3.48	4123	3394	1.53	325	0	0	0.00	0.01	96.54	0.51
6	14	1	0.02	3713	3394	0.32	3	0	0	0.00	0.00	99.98
7	7	4639	99.96	4641	3394	0.81	1007	0	0	0.00	0.00	0.04	6.98
7	15	2	0.05	4641	3394	0.97	5	0	0	0.00	0.00	99.94
Core	CPU	Avg_MHz	Busy%	Bzy_MHz	TSC_MHz	IPC	IRQ	NMI	SMI	POLL%	C1%	C2%	CorWatt	PkgWatt
-	-	608	13.45	4522	3392	0.94	7390	0	0	0.00	0.03	86.50	20.82	41.19
0	0	188	4.88	3853	3394	1.97	1074	0	0	0.00	0.02	95.15	1.61	41.20
0	8	43	1.17	3713	3394	0.92	148	0	0	0.00	0.01	98.83
1	1	3772	83.04	4542	3394	1.05	1054	0	0	0.00	0.00	16.97	5.88
1	9	24	0.53	4424	3394	0.44	239	0	0	0.00	0.01	99.47
2	2	102	2.56	3967	3394	0.78	811	0	0	0.00	0.01	97.46	1.20
2	10	15	0.40	3713	3394	1.31	36	0	0	0.00	0.00	99.60
3	3	56	1.52	3712	3394	0.73	1184	0	0	0.02	0.35	98.19	1.39
3	11	1	0.02	3713	3394	0.38	6	0	0	0.00	0.00	99.98
4	4	148	3.62	4074	3394	1.40	581	0	0	0.00	0.06	96.35	1.12
4	12	7	0.18	3727	3394	0.55	127	0	0	0.00	0.01	99.83
5	5	670	15.41	4349	3394	1.01	595	0	0	0.00	0.01	84.61	2.06
5	13	3	0.08	3792	3394	0.34	41	0	0	0.00	0.00	99.92
6	6	65	1.76	3712	3394	0.68	473	0	0	0.00	0.01	98.27	0.52
6	14	1	0.02	3712	3394	0.36	6	0	0	0.00	0.00	99.98
7	7	4641	100.00	4641	3394	0.81	1009	0	0	0.00	0.00	0.00	7.04
7	15	2	0.05	4641	3394	0.96	6	0	0	0.00	0.00	99.95
Core	CPU	Avg_MHz	Busy%	Bzy_MHz	TSC_MHz	IPC	IRQ	NMI	SMI	POLL%	C1%	C2%	CorWatt	PkgWatt
-	-	613	13.56	4524	3395	0.95	7450	1	0	0.01	0.03	86.48	20.41	40.62
0	0	142	3.83	3712	3394	1.50	1174	0	0	0.00	0.02	96.21	1.53	40.61
0	8	45	1.22	3713	3394	1.84	211	0	0	0.00	0.03	98.75
1	1	4077	89.78	4542	3394	1.06	1169	0	0	0.00	0.13	10.10	6.28
1	9	35	0.77	4510	3394	0.65	143	0	0	0.00	0.00	99.24
2	2	89	2.40	3712	3394	1.42	791	0	0	0.00	0.00	97.63	1.31
2	10	36	0.96	3713	3394	0.79	193	0	0	0.00	0.00	99.05
3	3	69	1.86	3712	3394	1.05	1303	0	0	0.09	0.19	98.00	1.41
3	11	5	0.14	3712	3394	0.45	95	0	0	0.00	0.00	99.86
4	4	345	7.94	4349	3394	0.97	478	0	0	0.00	0.00	92.08	1.62
4	12	15	0.41	3763	3394	0.57	241	0	0	0.00	0.00	99.60
5	5	176	4.29	4110	3394	1.24	349	0	0	0.00	0.01	95.72	0.81
5	13	4	0.10	3777	3394	0.38	32	0	0	0.00	0.00	99.90
6	6	121	3.07	3957	3394	1.03	237	0	0	0.00	0.04	96.91	0.43
6	14	1	0.04	3712	3394	0.37	12	0	0	0.00	0.00	99.96
7	7	4641	100.00	4641	3394	0.80	1007	1	0	0.00	0.00	0.00	7.02
7	15	7	0.16	4641	3394	0.86	15	0	0	0.00	0.00	99.84
Core	CPU	Avg_MHz	Busy%	Bzy_MHz	TSC_MHz	IPC	IRQ	NMI	SMI	POLL%	C1%	C2%	CorWatt	PkgWatt
-	-	629	14.01	4485	3394	0.94	9958	0	0	0.01	0.09	85.93	21.23	41.59
0	0	191	5.01	3801	3394	1.05	1407	0	0	0.00	0.02	95.03	1.56	41.57
0	8	27	0.73	3712	3394	0.65	511	0	0	0.00	0.11	99.19
1	1	3981	87.79	4535	3394	1.04	1179	0	0	0.00	0.10	12.13	6.14
1	9	39	0.88	4467	3394	0.45	610	0	0	0.00	0.01	99.14
2	2	167	4.17	4002	3394	1.08	1039	0	0	0.00	0.32	95.55	1.51
2	10	21	0.57	3712	3394	0.55	288	0	0	0.00	0.00	99.45
3	3	110	2.96	3721	3394	0.80	949	0	0	0.16	0.09	96.99	1.34
3	11	19	0.52	3712	3394	0.66	293	0	0	0.00	0.45	99.05
4	4	153	3.90	3909	3394	1.23	373	0	0	0.00	0.11	95.98	1.00
4	12	63	1.69	3717	3394	0.75	495	0	0	0.00	0.03	98.31
5	5	464	11.23	4137	3394	1.12	927	0	0	0.00	0.04	88.78	1.71
5	13	21	0.55	3727	3394	0.62	186	0	0	0.00	0.00	99.46
6	6	137	3.70	3713	3394	1.58	522	0	0	0.00	0.16	96.18	0.93
6	14	13	0.35	3712	3394	0.73	113	0	0	0.00	0.00	99.65
7	7	4641	100.00	4641	3394	0.80	1007	0	0	0.00	0.00	0.00	7.03
7	15	8	0.18	4640	3394	0.57	59	0	0	0.00	0.00	99.82
Core	CPU	Avg_MHz	Busy%	Bzy_MHz	TSC_MHz	IPC	IRQ	NMI	SMI	POLL%	C1%	C2%	CorWatt	PkgWatt
-	-	705	15.96	4416	3394	0.92	16696	0	0	0.01	0.37	83.71	24.34	44.65
0	0	376	9.77	3850	3394	0.89	1817	0	0	0.00	0.33	89.96	1.98	44.65
0	8	93	2.44	3799	3394	0.76	772	0	0	0.00	0.55	97.06
1	1	1955	43.43	4501	3394	1.01	863	0	0	0.00	0.02	56.57	5.80
1	9	1806	39.77	4540	3394	0.99	1394	0	0	0.00	0.28	60.00
2	2	65	1.73	3724	3394	0.47	1412	0	0	0.00	0.45	97.88	1.60
2	10	143	3.80	3764	3394	0.66	1130	0	0	0.00	2.53	93.74
3	3	215	5.53	3896	3394	0.80	1372	0	0	0.09	0.25	94.28	1.81
3	11	74	1.98	3753	3394	0.67	809	0	0	0.00	0.38	97.70
4	4	684	16.18	4226	3394	0.88	3127	0	0	0.00	0.40	83.48	2.30
4	12	137	3.55	3857	3394	0.67	789	0	0	0.00	0.65	95.85
5	5	412	9.79	4204	3394	1.29	651	0	0	0.00	0.01	90.23	2.16
5	13	329	8.16	4031	3394	1.35	522	0	0	0.00	0.01	91.86
6	6	204	5.47	3735	3394	1.58	508	0	0	0.00	0.04	94.51	1.61
6	14	129	3.45	3747	3394	1.22	449	0	0	0.00	0.00	96.57
7	7	1248	26.89	4641	3394	0.80	331	0	0	0.00	0.00	73.12	7.09
7	15	3411	73.50	4641	3394	0.81	750	0	0	0.00	0.00	26.50
Core	CPU	Avg_MHz	Busy%	Bzy_MHz	TSC_MHz	IPC	IRQ	NMI	SMI	POLL%	C1%	C2%	CorWatt	PkgWatt
-	-	662	14.85	4456	3393	0.94	11979	0	0	0.01	0.15	85.00	23.45	44.18
0	0	305	7.95	3838	3394	0.90	1965	0	0	0.00	0.00	92.14	1.92	44.26
0	8	154	3.90	3936	3394	0.73	834	0	0	0.00	0.04	96.11
1	1	4133	91.08	4538	3394	1.04	1072	0	0	0.00	0.00	8.92	6.44
1	9	124	2.73	4528	3394	0.56	965	0	0	0.00	0.01	97.31
2	2	51	1.37	3712	3394	0.53	866	0	0	0.00	0.38	98.29	1.46
2	10	60	1.61	3712	3394	0.58	558	0	0	0.00	0.00	98.42
3	3	176	4.66	3770	3394	1.05	877	0	0	0.10	0.44	94.95	1.74
3	11	75	2.01	3714	3394	0.52	878	0	0	0.00	0.01	98.03
4	4	309	7.58	4080	3394	0.94	483	0	0	0.00	0.07	92.37	1.32
4	12	40	1.07	3731	3394	0.74	264	0	0	0.00	0.70	98.25
5	5	171	4.33	3960	3394	1.21	692	0	0	0.00	0.01	95.69	2.12
5	13	258	6.90	3747	3394	2.10	365	0	0	0.00	0.00	93.12
6	6	74	1.93	3840	3394	1.57	747	0	0	0.00	0.42	97.69	1.39
6	14	12	0.32	3724	3394	0.60	362	0	0	0.00	0.33	99.37
7	7	8	0.17	4641	3394	0.34	48	0	0	0.00	0.00	99.84	7.07
7	15	4641	100.00	4641	3394	0.80	1003	0	0	0.00	0.00	0.00
Core	CPU	Avg_MHz	Busy%	Bzy_MHz	TSC_MHz	IPC	IRQ	NMI	SMI	POLL%	C1%	C2%	CorWatt	PkgWatt
-	-	666	14.92	4468	3393	0.95	11356	0	0	0.01	0.25	84.84	23.16	43.81
0	0	92	2.49	3712	3394	0.87	1641	0	0	0.00	0.82	96.77	1.57	43.75
0	8	105	2.83	3713	3394	0.66	733	0	0	0.00	0.14	97.07
1	1	422	9.26	4556	3394	1.04	284	0	0	0.00	0.00	90.74	6.40
1	9	3851	84.68	4548	3394	1.01	1296	0	0	0.00	0.00	15.33
2	2	64	1.73	3712	3394	0.80	780	0	0	0.00	0.30	98.00	1.56
2	10	106	2.86	3712	3394	0.71	860	0	0	0.00	0.53	96.66
3	3	148	3.98	3713	3394	0.72	828	0	0	0.09	0.35	95.70	1.69
3	11	85	2.28	3712	3394	0.53	813	0	0	0.00	0.90	96.88
4	4	340	7.82	4344	3394	1.59	516	0	0	0.00	0.17	92.04	1.84
4	12	178	4.19	4254	3394	1.66	478	0	0	0.02	0.21	95.62
5	5	218	5.43	4015	3394	1.35	615	0	0	0.00	0.36	94.22	1.59
5	13	190	5.11	3725	3394	1.55	323	0	0	0.00	0.00	94.91
6	6	192	5.16	3713	3394	1.30	962	0	0	0.00	0.03	94.87	1.45
6	14	25	0.68	3712	3394	0.58	185	0	0	0.00	0.20	99.13
7	7	3519	75.81	4641	3394	0.80	794	0	0	0.00	0.00	24.19	7.07
7	15	1131	24.36	4641	3394	0.80	248	0	0	0.00	0.00	75.64
Core	CPU	Avg_MHz	Busy%	Bzy_MHz	TSC_MHz	IPC	IRQ	NMI	SMI	POLL%	C1%	C2%	CorWatt	PkgWatt
-	-	680	15.29	4451	3395	0.92	13698	0	0	0.00	0.29	84.50	24.27	44.88
0	0	221	5.96	3713	3394	1.01	1789	0	0	0.00	0.38	93.73	1.78	44.87
0	8	84	2.26	3712	3394	0.69	769	0	0	0.00	0.03	97.75
1	1	1310	28.89	4536	3394	1.01	752	0	0	0.00	0.00	71.13	6.47
1	9	3020	66.48	4543	3394	1.00	1355	0	0	0.00	0.01	33.53
2	2	57	1.53	3722	3394	0.48	1094	0	0	0.00	0.26	98.25	1.64
2	10	145	3.83	3778	3394	1.08	1017	0	0	0.00	0.71	95.52
3	3	84	2.26	3712	3394	0.63	890	0	0	0.05	0.28	97.51	1.71
3	11	106	2.85	3712	3394	0.65	1066	0	0	0.00	2.31	94.90
4	4	40	1.08	3719	3394	0.70	399	0	0	0.00	0.00	98.93	1.46
4	12	135	3.58	3783	3394	0.92	852	0	0	0.00	0.31	96.15
5	5	495	11.43	4329	3394	1.51	551	0	0	0.00	0.01	88.56	2.56
5	13	256	6.79	3771	3394	0.77	1136	0	0	0.00	0.11	93.17
6	6	190	5.09	3724	3394	1.06	653	0	0	0.00	0.14	94.80	1.52
6	14	92	2.43	3783	3394	1.03	311	0	0	0.00	0.00	97.59
7	7	1523	32.82	4641	3394	0.80	337	0	0	0.00	0.00	67.18	7.12
7	15	3125	67.33	4641	3394	0.80	727	0	0	0.00	0.09	32.58
Core	CPU	Avg_MHz	Busy%	Bzy_MHz	TSC_MHz	IPC	IRQ	NMI	SMI	POLL%	C1%	C2%	CorWatt	PkgWatt
-	-	659	14.77	4460	3394	0.94	12346	1	0	0.01	0.37	84.90	23.57	43.95
0	0	88	2.37	3712	3394	0.82	1681	0	0	0.00	0.10	97.59	1.51	43.92
0	8	50	1.36	3712	3394	0.59	589	0	0	0.00	0.70	97.96
1	1	1964	43.48	4517	3394	1.01	795	0	0	0.00	0.00	56.53	6.16
1	9	2041	44.84	4553	3394	1.01	1135	0	0	0.00	0.48	54.71
2	2	72	1.93	3712	3394	0.63	1159	0	0	0.00	1.01	97.11	1.48
2	10	40	1.06	3712	3394	0.57	556	0	0	0.00	0.22	98.75
3	3	52	1.40	3712	3394	0.58	803	0	0	0.11	0.79	97.84	1.50
3	11	53	1.43	3712	3394	0.73	626	0	0	0.00	0.11	98.49
4	4	119	3.18	3741	3394	1.35	586	0	0	0.00	0.30	96.55	2.06
4	12	386	8.67	4454	3394	1.55	518	0	0	0.00	0.03	91.31
5	5	570	14.32	3983	3394	1.37	667	0	0	0.00	0.00	85.71	2.72
5	13	312	8.33	3747	3394	0.70	1372	0	0	0.00	2.19	89.57
6	6	70	1.90	3713	3394	0.80	337	0	0	0.00	0.02	98.09	0.96
6	14	63	1.69	3712	3394	0.57	405	0	0	0.00	0.01	98.33
7	7	15	0.33	4640	3394	0.44	110	0	0	0.00	0.00	99.67	7.18
7	15	4639	99.95	4641	3394	0.81	1007	1	0	0.00	0.00	0.05
Core	CPU	Avg_MHz	Busy%	Bzy_MHz	TSC_MHz	IPC	IRQ	NMI	SMI	POLL%	C1%	C2%	CorWatt	PkgWatt
-	-	653	14.47	4509	3394	0.96	10121	0	0	0.01	0.26	85.29	22.47	42.94
0	0	187	4.82	3889	3394	1.91	1178	0	0	0.00	0.35	94.88	1.65	42.94
0	8	22	0.59	3716	3394	0.46	364	0	0	0.00	0.02	99.41
1	1	248	5.38	4613	3394	1.21	398	0	0	0.00	0.02	94.61	6.71
1	9	4259	93.23	4568	3394	1.00	1435	0	0	0.00	0.02	6.76
2	2	94	2.40	3910	3394	1.53	727	0	0	0.00	0.24	97.39	1.50
2	10	35	0.95	3727	3394	0.56	466	0	0	0.00	0.01	99.07
3	3	96	2.48	3860	3394	1.22	819	0	0	0.17	0.57	96.98	1.18
3	11	29	0.77	3777	3394	0.62	402	0	0	0.00	0.81	98.45
4	4	182	4.37	4159	3394	1.68	678	0	0	0.00	0.24	95.41	1.61
4	12	103	2.71	3800	3394	1.76	538	0	0	0.00	0.11	97.21
5	5	84	2.26	3718	3394	1.52	187	0	0	0.00	0.58	97.17	2.06
5	13	356	8.81	4039	3394	1.17	1158	0	0	0.00	0.08	91.15
6	6	44	1.18	3713	3394	1.76	228	0	0	0.00	0.64	98.19	0.60
6	14	57	1.53	3712	3394	0.60	469	0	0	0.00	0.46	98.04
7	7	4	0.08	4640	3394	0.35	71	0	0	0.00	0.00	99.92	7.16
7	15	4641	100.00	4641	3394	0.80	1003	0	0	0.00	0.00	0.00
Core	CPU	Avg_MHz	Busy%	Bzy_MHz	TSC_MHz	IPC	IRQ	NMI	SMI	POLL%	C1%	C2%	CorWatt	PkgWatt
-	-	616	13.67	4509	3392	0.93	8327	1	0	0.01	0.04	86.28	21.42	42.05
0	0	293	7.53	3891	3394	1.49	1046	0	0	0.00	0.01	92.49	1.77	42.07
0	8	9	0.23	3711	3394	0.43	212	0	0	0.00	0.00	99.78
1	1	117	2.61	4465	3394	0.81	394	0	0	0.00	0.13	97.27	6.51
1	9	4239	93.08	4555	3394	1.01	1305	1	0	0.00	0.01	6.93
2	2	38	1.02	3712	3394	0.54	750	0	0	0.00	0.01	99.00	1.36
2	10	29	0.78	3712	3394	0.58	404	0	0	0.00	0.06	99.18
3	3	59	1.60	3712	3394	0.82	676	0	0	0.15	0.18	98.25	1.44
3	11	12	0.33	3712	3394	0.48	130	0	0	0.00	0.02	99.66
4	4	40	1.09	3712	3394	0.73	313	0	0	0.00	0.04	98.89	0.73
4	12	127	3.42	3713	3394	1.92	353	0	0	0.00	0.07	96.53
5	5	124	3.33	3713	3394	1.69	201	0	0	0.00	0.00	96.68	1.31
5	13	81	2.18	3720	3394	0.84	394	0	0	0.00	0.06	97.79
6	6	22	0.60	3710	3394	0.59	697	0	0	0.00	0.01	99.42	1.20
6	14	31	0.85	3712	3394	0.53	366	0	0	0.00	0.01	99.17
7	7	2223	47.91	4639	3394	0.80	558	0	0	0.00	0.00	52.09	7.11
7	15	2421	52.17	4641	3394	0.80	528	0	0	0.00	0.00	47.83
Core	CPU	Avg_MHz	Busy%	Bzy_MHz	TSC_MHz	IPC	IRQ	NMI	SMI	POLL%	C1%	C2%	CorWatt	PkgWatt
-	-	366	8.12	4515	3395	0.95	4876	1	0	0.01	0.03	91.90	12.69	31.89
0	0	40	1.08	3701	3394	0.85	588	0	0	0.00	0.01	98.94	0.83	31.88
0	8	8	0.21	3693	3394	0.43	154	0	0	0.00	0.00	99.79
1	1	2483	54.59	4549	3394	1.06	780	1	0	0.00	0.00	45.42	4.09
1	9	62	1.36	4559	3394	0.84	195	0	0	0.00	0.00	98.64
2	2	82	2.02	4066	3394	0.96	448	0	0	0.00	0.00	97.97	0.63
2	10	30	0.80	3712	3394	0.87	155	0	0	0.00	0.00	99.22
3	3	32	0.87	3669	3394	0.42	394	0	0	0.11	0.03	99.13	0.63
3	11	6	0.15	3702	3394	0.46	66	0	0	0.00	0.32	99.53
4	4	74	1.88	3919	3394	1.25	640	0	0	0.00	0.03	98.12	1.04
4	12	79	2.13	3712	3394	2.26	172	0	0	0.00	0.00	97.88
5	5	159	3.91	4077	3394	0.98	325	0	0	0.00	0.01	96.10	0.98
5	13	20	0.53	3720	3394	0.90	134	0	0	0.00	0.00	99.48
6	6	37	0.89	4206	3394	1.65	49	0	0	0.00	0.00	99.11	0.15
6	14	9	0.25	3655	3394	0.50	123	0	0	0.00	0.01	99.75
7	7	1105	23.94	4616	3394	0.82	268	0	0	0.00	0.00	76.05	4.34
7	15	1637	35.28	4639	3394	0.80	385	0	0	0.00	0.00	64.72
Core	CPU	Avg_MHz	Busy%	Bzy_MHz	TSC_MHz	IPC	IRQ	NMI	SMI	POLL%	C1%	C2%	CorWatt	PkgWatt
-	-	30	0.79	3802	3393	0.99	2552	0	0	0.00	0.06	99.14	1.70	18.34
0	0	21	0.58	3715	3394	0.59	124	0	0	0.00	0.00	99.43	0.08	18.34
0	8	5	0.13	3755	3394	0.53	76	0	0	0.00	0.00	99.87
1	1	31	0.85	3708	3394	0.68	167	0	0	0.00	0.00	99.17	0.22
1	9	14	0.38	3614	3394	0.28	109	0	0	0.00	0.00	99.63
2	2	37	0.94	3909	3394	0.75	216	0	0	0.00	0.15	98.92	0.27
2	10	59	1.46	4073	3394	1.96	179	0	0	0.00	0.10	98.46
3	3	43	1.19	3597	3394	0.26	398	0	0	0.00	0.40	98.46	0.32
3	11	17	0.46	3637	3394	0.38	97	0	0	0.00	0.11	99.44
4	4	23	0.62	3674	3394	0.73	193	0	0	0.00	0.01	99.39	0.14
4	12	6	0.16	3693	3394	1.01	59	0	0	0.00	0.00	99.84
5	5	15	0.41	3631	3394	0.36	107	0	0	0.00	0.00	99.59	0.14
5	13	29	0.81	3566	3394	0.42	142	0	0	0.00	0.00	99.20
6	6	78	1.94	4032	3394	1.66	95	0	0	0.00	0.16	97.91	0.25
6	14	12	0.33	3618	3394	0.40	149	0	0	0.00	0.00	99.68
7	7	89	2.35	3812	3394	1.10	398	0	0	0.00	0.01	97.65	0.27
7	15	4	0.11	3687	3394	0.79	43	0	0	0.00	0.00	99.89
Core	CPU	Avg_MHz	Busy%	Bzy_MHz	TSC_MHz	IPC	IRQ	NMI	SMI	POLL%	C1%	C2%	CorWatt	PkgWatt
-	-	107	2.79	3854	3394	1.08	8234	0	0	0.00	0.28	96.98	5.33	22.95
0	0	77	2.09	3700	3394	0.77	631	0	0	0.00	0.27	97.67	0.43	22.95
0	8	23	0.65	3555	3394	0.55	225	0	0	0.00	0.51	98.86
1	1	393	9.53	4130	3394	1.22	903	0	0	0.00	0.34	90.16	1.10
1	9	77	2.02	3828	3394	0.77	712	0	0	0.00	0.13	97.89
2	2	48	1.37	3525	3394	0.49	708	0	0	0.00	1.41	97.26	0.58
2	10	46	1.30	3576	3394	0.58	589	0	0	0.00	0.17	98.57
3	3	30	0.86	3528	3394	0.62	599	0	0	0.02	0.59	98.58	0.53
3	11	38	1.09	3530	3394	0.67	604	0	0	0.00	0.17	98.78
4	4	158	3.88	4076	3394	1.26	457	0	0	0.00	0.16	95.97	0.70
4	12	116	2.95	3931	3394	1.70	264	0	0	0.00	0.00	97.06
5	5	77	2.08	3678	3394	0.78	277	0	0	0.00	0.21	97.73	0.61
5	13	191	5.03	3793	3394	1.03	410	0	0	0.00	0.00	95.00
6	6	58	1.49	3917	3394	1.05	314	0	0	0.00	0.00	98.53	0.48
6	14	47	1.32	3553	3394	0.68	374	0	0	0.00	0.00	98.70
7	7	314	8.32	3774	3394	1.22	1102	0	0	0.01	0.56	91.15	0.89
7	15	23	0.62	3675	3394	0.74	65	0	0	0.00	0.00	99.38
Core	CPU	Avg_MHz	Busy%	Bzy_MHz	TSC_MHz	IPC	IRQ	NMI	SMI	POLL%	C1%	C2%	CorWatt	PkgWatt
-	-	151	3.77	4007	3393	1.16	9194	0	0	0.00	0.27	95.98	5.73	23.82
0	0	125	3.12	4018	3394	1.32	884	0	0	0.00	0.94	95.98	0.62	23.82
0	8	130	3.17	4087	3394	1.19	158	0	0	0.00	0.07	96.76
1	1	678	16.16	4196	3394	1.59	831	0	0	0.00	0.35	83.48	1.42
1	9	67	1.78	3784	3394	0.64	322	0	0	0.00	0.06	98.19
2	2	91	2.53	3610	3394	0.79	1238	0	0	0.00	0.68	96.84	0.75
2	10	83	2.19	3774	3394	0.80	692	0	0	0.00	0.11	97.74
3	3	136	3.41	3989	3394	0.91	892	0	0	0.04	0.03	96.59	0.56
3	11	115	2.82	4085	3394	0.96	176	0	0	0.00	0.00	97.18
4	4	147	3.56	4130	3394	1.04	799	0	0	0.00	0.33	96.13	0.67
4	12	41	1.15	3588	3394	0.62	829	0	0	0.00	0.04	98.86
5	5	70	1.94	3597	3394	1.02	190	0	0	0.00	0.30	97.78	0.31
5	13	50	1.35	3671	3394	0.69	185	0	0	0.00	0.00	98.66
6	6	142	3.36	4230	3394	0.98	178	0	0	0.00	0.13	96.52	0.46
6	14	125	2.90	4301	3394	1.01	592	0	0	0.00	0.55	96.56
7	7	358	9.33	3840	3394	1.05	714	0	0	0.00	0.78	89.92	0.94
7	15	57	1.50	3800	3394	0.98	514	0	0	0.00	0.00	98.50
Core	CPU	Avg_MHz	Busy%	Bzy_MHz	TSC_MHz	IPC	IRQ	NMI	SMI	POLL%	C1%	C2%	CorWatt	PkgWatt
-	-	50	1.26	3996	3393	1.05	2665	0	0	0.00	0.01	98.74	2.52	19.68
0	0	20	0.57	3565	3394	0.56	167	0	0	0.00	0.00	99.44	0.18	19.69
0	8	24	0.65	3626	3394	0.35	52	0	0	0.00	0.00	99.35
1	1	331	7.72	4292	3394	1.48	356	0	0	0.00	0.00	92.31	0.92
1	9	46	1.24	3678	3394	0.37	191	0	0	0.00	0.00	98.75
2	2	27	0.75	3564	3394	0.22	260	0	0	0.00	0.00	99.28	0.28
2	10	18	0.51	3581	3394	0.38	151	0	0	0.00	0.00	99.50
3	3	37	1.02	3604	3394	0.24	308	0	0	0.02	0.02	98.98	0.21
3	11	6	0.16	3574	3394	0.19	27	0	0	0.00	0.00	99.85
4	4	19	0.52	3576	3394	0.28	172	0	0	0.00	0.00	99.49	0.24
4	12	11	0.31	3507	3394	0.56	263	0	0	0.00	0.00	99.71
5	5	56	1.40	3985	3394	1.31	164	0	0	0.00	0.00	98.61	0.18
5	13	4	0.11	3560	3394	0.32	19	0	0	0.00	0.00	99.89
6	6	1	0.04	3428	3394	0.35	14	0	0	0.00	0.00	99.96	0.05
6	14	4	0.11	3538	3394	0.43	85	0	0	0.00	0.00	99.90
7	7	199	4.95	4026	3394	1.03	423	0	0	0.00	0.14	94.91	0.46
7	15	4	0.11	3554	3394	0.73	13	0	0	0.00	0.00	99.89
