turbostat version 2025.09.09 - Len Brown <lenb@kernel.org>
Kernel command line: BOOT_IMAGE=/boot/vmlinuz-6.17.0-35-generic root=UUID=37e0ef02-2557-4d29-8187-72bb5e6547ba ro quiet splash vt.handoff=7
CPUID(0): AuthenticAMD 0x10 CPUID levels
CPUID(1): family:model:stepping 0x19:21:2 (25:33:2) microcode 0x0
CPUID(0x80000000): max_extended_levels: 0x80000023
CPUID(1): SSE3 MONITOR - - - TSC MSR - HT -
CPUID(6): APERF, No-TURBO, No-DTS, No-PTM, No-HWP, No-HWPnotify, No-HWPwindow, No-HWPepp, No-HWPpkg, No-EPB
CPUID(7): No-SGX No-Hybrid
cpu0: cpufreq driver: amd-pstate-epp
cpu0: cpufreq governor: powersave
cpufreq boost: 1
/dev/cpu_dma_latency: 2000000000 usec (default)
current_driver: acpi_idle
current_governor: menu
current_governor_ro: menu
cpu0: POLL: CPUIDLE CORE POLL IDLE
cpu0: C1: ACPI FFH MWAIT 0x0
cpu0: C2: ACPI IOPORT 0x414
RAPL: 234 sec. Joule Counter Range, at 280 Watts
intel-rapl:0: package-0 disabled
intel-rapl:0/intel-rapl:0:0: core disabled
cpu0: MSR_RAPL_PWR_UNIT: 0x000a1003 (0.125000 Watts, 0.000015 Joules, 0.000977 sec.)
Core	CPU	Avg_MHz	Busy%	Bzy_MHz	TSC_MHz	IPC	IRQ	NMI	SMI	POLL%	C1%	C2%	CorWatt	PkgWatt
-	-	55	1.38	3988	3394	1.00	3747	0	0	0.00	0.11	98.52	2.65	19.64
0	0	58	1.37	4234	3394	1.10	186	0	0	0.00	0.00	98.65	0.25	19.64
0	8	11	0.32	3583	3394	0.53	172	0	0	0.00	0.17	99.53
1	1	393	9.39	4189	3394	1.23	759	0	0	0.00	0.47	90.19	0.94
1	9	37	0.98	3784	3394	0.45	414	0	0	0.00	0.05	99.00
2	2	28	0.79	3548	3394	0.49	293	0	0	0.00	0.61	98.62	0.32
2	10	33	0.92	3573	3394	0.55	312	0	0	0.00	0.00	99.10
3	3	61	1.68	3628	3394	0.50	525	0	0	0.07	0.29	98.05	0.34
3	11	2	0.06	3484	3394	0.41	13	0	0	0.00	0.00	99.94
4	4	34	0.95	3579	3394	0.41	211	0	0	0.00	0.16	98.91	0.16
4	12	0	0.01	3376	3394	0.41	7	0	0	0.00	0.00	99.99
5	5	48	1.26	3797	3394	0.80	246	0	0	0.00	0.00	98.72	0.17
5	13	1	0.03	3659	3394	0.38	10	0	0	0.00	0.00	99.97
6	6	7	0.19	3478	3394	0.45	154	0	0	0.00	0.00	99.82	0.10
6	14	1	0.03	3525	3394	0.26	9	0	0	0.00	0.00	99.97
7	7	161	3.97	4061	3394	1.19	400	0	0	0.00	0.00	96.05	0.38
7	15	6	0.16	3642	3394	0.70	36	0	0	0.00	0.00	99.84
Core	CPU	Avg_MHz	Busy%	Bzy_MHz	TSC_MHz	IPC	IRQ	NMI	SMI	POLL%	C1%	C2%	CorWatt	PkgWatt
-	-	69	1.75	3968	3394	1.28	3419	0	0	0.00	0.17	98.10	2.95	20.47
0	0	13	0.36	3584	3394	0.67	137	0	0	0.00	0.10	99.56	0.17	20.47
0	8	27	0.74	3653	3394	0.68	207	0	0	0.00	0.45	98.83
1	1	434	10.17	4272	3394	1.35	510	0	0	0.00	0.21	89.61	0.95
1	9	32	0.83	3809	3394	0.45	149	0	0	0.00	0.03	99.16
2	2	67	1.82	3658	3394	0.56	411	0	0	0.00	0.00	98.21	0.33
2	10	28	0.74	3767	3394	0.57	105	0	0	0.00	0.15	99.12
3	3	46	1.29	3566	3394	0.62	416	0	0	0.05	0.41	98.33	0.27
3	11	3	0.07	3693	3394	0.34	10	0	0	0.00	0.00	99.93
4	4	47	1.27	3684	3394	1.52	131	0	0	0.00	0.00	98.75	0.16
4	12	1	0.02	3491	3394	0.35	8	0	0	0.00	0.00	99.98
5	5	36	0.99	3607	3394	0.48	349	0	0	0.00	0.00	99.03	0.22
5	13	14	0.38	3638	3394	1.08	92	0	0	0.00	0.21	99.42
6	6	90	2.14	4207	3394	1.32	184	0	0	0.00	0.56	97.32	0.26
6	14	15	0.40	3844	3394	1.08	25	0	0	0.00	0.00	99.60
7	7	238	6.19	3846	3394	1.88	627	0	0	0.00	0.02	93.82	0.58
7	15	19	0.53	3607	3394	1.27	58	0	0	0.00	0.51	98.97
Core	CPU	Avg_MHz	Busy%	Bzy_MHz	TSC_MHz	IPC	IRQ	NMI	SMI	POLL%	C1%	C2%	CorWatt	PkgWatt
-	-	174	4.09	4257	3394	2.54	6162	0	0	0.00	0.38	95.54	7.80	24.96
0	0	128	3.25	3948	3394	2.15	580	0	0	0.00	0.08	96.64	0.96	24.96
0	8	179	4.21	4251	3394	3.07	317	0	0	0.00	0.17	95.63
1	1	670	15.28	4385	3394	2.30	577	0	0	0.00	0.28	84.34	1.55
1	9	55	1.33	4137	3394	1.46	299	0	0	0.00	0.47	98.22
2	2	127	3.28	3880	3394	1.71	801	0	0	0.00	0.71	96.04	0.76
2	10	50	1.36	3667	3394	1.67	279	0	0	0.00	0.53	98.11
3	3	109	2.72	4006	3394	2.65	447	0	0	0.03	0.32	97.00	0.74
3	11	41	1.13	3632	3394	2.03	238	0	0	0.00	0.58	98.30
4	4	86	2.09	4116	3394	1.88	282	0	0	0.00	0.24	97.65	0.51
4	12	84	2.01	4196	3394	2.96	286	0	0	0.00	0.35	97.66
5	5	155	3.75	4122	3394	2.25	277	0	0	0.00	0.47	95.80	0.69
5	13	73	1.89	3878	3394	1.52	314	0	0	0.00	0.28	97.85
6	6	50	1.37	3627	3394	2.35	225	0	0	0.00	0.40	98.25	0.38
6	14	22	0.61	3641	3394	1.48	238	0	0	0.00	0.35	99.06
7	7	793	17.60	4505	3394	3.08	657	0	0	0.00	0.86	81.58	2.20
7	15	164	3.58	4584	3394	3.10	345	0	0	0.00	0.04	96.38
Core	CPU	Avg_MHz	Busy%	Bzy_MHz	TSC_MHz	IPC	IRQ	NMI	SMI	POLL%	C1%	C2%	CorWatt	PkgWatt
-	-	522	11.63	4493	3393	0.92	7078	0	0	0.00	0.05	88.33	16.57	37.29
0	0	194	4.73	4102	3394	1.03	612	0	0	0.00	0.00	95.31	1.15	37.29
0	8	42	1.01	4152	3394	1.03	124	0	0	0.00	0.01	98.99
1	1	2551	56.68	4501	3394	1.04	847	0	0	0.00	0.01	43.33	4.20
1	9	48	1.16	4181	3394	0.50	850	0	0	0.00	0.04	98.83
2	2	149	3.91	3815	3394	1.27	972	0	0	0.00	0.11	96.03	1.32
2	10	19	0.52	3713	3394	0.74	250	0	0	0.00	0.01	99.49
3	3	42	1.14	3712	3394	0.66	414	0	0	0.01	0.40	98.49	0.43
3	11	23	0.63	3712	3394	0.68	152	0	0	0.00	0.00	99.39
4	4	27	0.73	3742	3394	0.47	219	0	0	0.00	0.05	99.25	0.53
4	12	132	3.13	4205	3394	1.00	99	0	0	0.00	0.00	96.87
5	5	219	5.44	4019	3394	1.15	570	0	0	0.00	0.01	94.58	1.37
5	13	5	0.13	3755	3394	0.56	104	0	0	0.00	0.01	99.87
6	6	247	6.27	3937	3394	1.22	367	0	0	0.00	0.01	93.74	0.79
6	14	13	0.34	3735	3394	0.53	266	0	0	0.00	0.13	99.55
7	7	4621	99.63	4638	3394	0.83	1017	0	0	0.00	0.00	0.37	6.77
7	15	27	0.58	4626	3394	0.49	215	0	0	0.00	0.00	99.43
Core	CPU	Avg_MHz	Busy%	Bzy_MHz	TSC_MHz	IPC	IRQ	NMI	SMI	POLL%	C1%	C2%	CorWatt	PkgWatt
-	-	593	13.14	4510	3392	0.93	7592	0	0	0.01	0.03	86.81	18.85	39.16
0	0	78	2.10	3718	3394	0.89	1106	0	0	0.00	0.01	97.94	1.26	39.24
0	8	32	0.87	3724	3394	0.75	463	0	0	0.00	0.00	99.16
1	1	1856	41.22	4502	3394	1.00	571	0	0	0.00	0.00	58.79	5.75
1	9	2071	45.64	4538	3394	1.02	875	0	0	0.00	0.01	54.37
2	2	69	1.84	3751	3394	0.98	605	0	0	0.00	0.00	98.18	1.18
2	10	29	0.77	3712	3394	0.53	285	0	0	0.00	0.00	99.24
3	3	49	1.33	3712	3394	0.43	765	0	0	0.17	0.37	98.33	1.24
3	11	19	0.50	3713	3394	0.67	138	0	0	0.00	0.00	99.51
4	4	216	5.15	4202	3394	1.29	231	0	0	0.00	0.01	94.85	0.67
4	12	5	0.13	3742	3394	0.85	31	0	0	0.00	0.00	99.88
5	5	278	6.99	3975	3394	1.41	435	0	0	0.00	0.00	93.03	1.11
5	13	8	0.20	3765	3394	0.41	68	0	0	0.00	0.00	99.80
6	6	97	2.61	3713	3394	1.20	467	0	0	0.00	0.00	97.41	0.83
6	14	11	0.29	3712	3394	0.57	158	0	0	0.00	0.01	99.72
7	7	528	11.39	4641	3394	0.81	487	0	0	0.00	0.00	88.62	6.82
7	15	4141	89.23	4641	3394	0.82	907	0	0	0.00	0.00	10.77
Core	CPU	Avg_MHz	Busy%	Bzy_MHz	TSC_MHz	IPC	IRQ	NMI	SMI	POLL%	C1%	C2%	CorWatt	PkgWatt
-	-	605	13.38	4522	3396	0.94	7558	0	0	0.00	0.01	86.68	18.84	39.23
0	0	48	1.30	3712	3394	0.83	972	0	0	0.00	0.01	98.74	1.48	39.15
0	8	162	4.36	3713	3394	1.96	1157	0	0	0.01	0.03	95.66
1	1	4069	89.82	4530	3394	1.04	1005	0	0	0.00	0.00	10.18	6.06
1	9	36	0.83	4389	3394	0.47	219	0	0	0.00	0.00	99.18
2	2	64	1.72	3713	3394	0.93	715	0	0	0.00	0.00	98.31	1.24
2	10	10	0.27	3711	3394	0.58	272	0	0	0.00	0.00	99.74
3	3	81	2.04	3961	3394	0.93	463	0	0	0.03	0.08	97.91	0.60
3	11	5	0.14	3712	3394	0.38	75	0	0	0.00	0.00	99.87
4	4	27	0.74	3711	3394	0.37	402	0	0	0.00	0.00	99.29	0.30
4	12	2	0.04	3712	3394	0.43	29	0	0	0.00	0.00	99.96
5	5	348	7.97	4361	3394	1.20	376	0	0	0.00	0.00	92.04	0.96
5	13	7	0.20	3763	3394	0.39	69	0	0	0.00	0.00	99.81
6	6	161	4.34	3713	3394	0.88	645	0	0	0.00	0.03	95.66	1.38
6	14	5	0.15	3711	3394	0.54	137	0	0	0.00	0.01	99.85
7	7	4641	100.00	4641	3394	0.82	1013	0	0	0.00	0.00	0.00	6.82
7	15	4	0.08	4641	3394	0.75	9	0	0	0.00	0.00	99.92
Core	CPU	Avg_MHz	Busy%	Bzy_MHz	TSC_MHz	IPC	IRQ	NMI	SMI	POLL%	C1%	C2%	CorWatt	PkgWatt
-	-	604	13.38	4513	3394	0.95	7720	0	0	0.01	0.05	86.59	19.34	39.60
0	0	44	1.19	3712	3394	0.91	1031	0	0	0.00	0.01	98.86	1.26	39.58
0	8	46	1.24	3712	3394	1.68	557	0	0	0.00	0.04	98.74
1	1	4043	89.39	4523	3394	1.04	1015	0	0	0.00	0.00	10.61	6.04
1	9	53	1.23	4336	3394	0.47	693	0	0	0.00	0.02	98.78
2	2	63	1.69	3712	3394	0.63	796	0	0	0.00	0.34	98.00	1.22
2	10	9	0.24	3712	3394	0.59	212	0	0	0.00	0.00	99.77
3	3	47	1.27	3712	3394	0.43	643	0	0	0.22	0.40	98.35	1.02
3	11	7	0.20	3712	3394	0.45	113	0	0	0.00	0.00	99.81
4	4	127	3.13	4042	3394	1.40	272	0	0	0.00	0.00	96.87	0.46
4	12	2	0.04	3765	3394	0.34	17	0	0	0.00	0.00	99.96
5	5	416	10.05	4135	3394	1.45	469	0	0	0.00	0.00	89.98	1.25
5	13	9	0.23	3745	3394	0.40	70	0	0	0.00	0.00	99.77
6	6	146	3.93	3713	3394	0.87	591	0	0	0.00	0.05	96.05	1.26
6	14	9	0.23	3712	3394	0.51	220	0	0	0.00	0.00	99.78
7	7	4641	99.99	4641	3394	0.82	1010	0	0	0.00	0.00	0.01	6.83
7	15	3	0.06	4641	3394	0.92	11	0	0	0.00	0.00	99.94
Core	CPU	Avg_MHz	Busy%	Bzy_MHz	TSC_MHz	IPC	IRQ	NMI	SMI	POLL%	C1%	C2%	CorWatt	PkgWatt
-	-	603	13.43	4493	3394	0.94	7574	0	0	0.00	0.01	86.58	17.85	38.80
0	0	383	9.77	3921	3394	0.97	1464	0	0	0.00	0.03	90.26	1.68	38.80
0	8	27	0.73	3729	3394	0.57	758	0	0	0.00	0.00	99.31
1	1	3600	79.71	4517	3394	1.07	1033	0	0	0.00	0.08	20.19	5.55
1	9	49	1.13	4327	3394	0.48	432	0	0	0.00	0.00	98.89
2	2	225	5.81	3866	3394	1.12	845	0	0	0.00	0.01	94.22	1.22
2	10	5	0.13	3728	3394	0.59	65	0	0	0.00	0.00	99.87
3	3	47	1.25	3712	3394	0.55	548	0	0	0.05	0.09	98.70	0.62
3	11	11	0.28	3712	3394	0.51	157	0	0	0.00	0.00	99.73
4	4	159	3.99	3973	3394	0.90	354	0	0	0.00	0.00	96.03	0.67
4	12	15	0.41	3726	3394	0.34	243	0	0	0.00	0.00	99.61
5	5	457	10.69	4272	3394	1.26	313	0	0	0.00	0.00	89.33	1.06
5	13	11	0.28	3773	3394	0.41	77	0	0	0.00	0.00	99.73
6	6	12	0.32	3713	3394	0.81	65	0	0	0.00	0.00	99.68	0.27
6	14	10	0.27	3710	3394	0.40	212	0	0	0.00	0.01	99.74
7	7	4641	100.00	4641	3394	0.82	1003	0	0	0.00	0.00	0.00	6.79
7	15	2	0.05	4641	3394	0.98	5	0	0	0.00	0.00	99.95
Core	CPU	Avg_MHz	Busy%	Bzy_MHz	TSC_MHz	IPC	IRQ	NMI	SMI	POLL%	C1%	C2%	CorWatt	PkgWatt
-	-	610	13.56	4499	3394	0.95	8128	0	0	0.01	0.05	86.41	19.45	39.88
0	0	149	3.63	4104	3394	1.38	1155	0	0	0.00	0.00	96.42	1.41	39.87
0	8	24	0.65	3730	3394	0.73	229	0	0	0.00	0.04	99.32
1	1	1473	32.97	4468	3394	1.12	528	0	0	0.00	0.02	67.01	5.86
1	9	2428	53.58	4532	3394	1.00	1110	0	0	0.00	0.01	46.44
2	2	122	3.19	3821	3394	0.78	947	0	0	0.00	0.48	96.37	1.40
2	10	64	1.73	3712	3394	0.83	626	0	0	0.00	0.07	98.23
3	3	159	4.13	3853	3394	1.63	719	0	0	0.15	0.10	95.80	1.32
3	11	12	0.33	3716	3394	0.87	128	0	0	0.00	0.00	99.68
4	4	195	4.90	3985	3394	1.07	443	0	0	0.00	0.00	95.12	1.09
4	12	16	0.43	3715	3394	0.37	285	0	0	0.00	0.00	99.59
5	5	425	10.07	4219	3394	1.12	414	0	0	0.00	0.02	89.93	1.28
5	13	26	0.70	3751	3394	1.23	209	0	0	0.00	0.00	99.32
6	6	4	0.12	3710	3394	0.47	55	0	0	0.00	0.00	99.89	0.23
6	14	17	0.45	3711	3394	0.46	212	0	0	0.00	0.03	99.54
7	7	3689	79.47	4641	3394	0.82	858	0	0	0.00	0.00	20.53	6.85
7	15	956	20.61	4641	3394	0.82	210	0	0	0.00	0.00	79.39
Core	CPU	Avg_MHz	Busy%	Bzy_MHz	TSC_MHz	IPC	IRQ	NMI	SMI	POLL%	C1%	C2%	CorWatt	PkgWatt
-	-	605	13.36	4525	3392	0.95	7837	0	0	0.00	0.04	86.57	19.79	39.97
0	0	60	1.60	3712	3394	0.83	1194	0	0	0.00	0.01	98.44	1.23	39.99
0	8	5	0.13	3713	3394	0.95	26	0	0	0.00	0.00	99.87
1	1	1786	39.53	4518	3394	1.01	693	0	0	0.00	0.31	60.18	6.06
1	9	2365	52.12	4537	3394	1.01	759	0	0	0.00	0.00	47.89
2	2	36	0.96	3712	3394	0.44	694	0	0	0.00	0.01	99.06	1.13
2	10	12	0.32	3712	3394	0.65	280	0	0	0.00	0.00	99.69
3	3	31	0.85	3712	3394	0.43	435	0	0	0.06	0.17	99.02	0.46
3	11	7	0.18	3712	3394	0.41	92	0	0	0.00	0.00	99.83
4	4	375	8.44	4448	3394	1.57	599	0	0	0.00	0.00	91.58	1.56
4	12	16	0.41	3811	3394	0.39	273	0	0	0.00	0.00	99.60
5	5	137	3.70	3715	3394	0.76	609	0	0	0.00	0.21	96.13	1.62
5	13	154	4.15	3714	3394	2.20	275	0	0	0.00	0.00	95.87
6	6	27	0.73	3711	3394	0.90	672	0	0	0.00	0.00	99.30	0.84
6	14	14	0.39	3712	3394	0.56	177	0	0	0.00	0.01	99.62
7	7	3818	82.27	4641	3394	0.83	828	0	0	0.00	0.00	17.73	6.89
7	15	833	17.94	4641	3394	0.81	231	0	0	0.00	0.00	82.06
Core	CPU	Avg_MHz	Busy%	Bzy_MHz	TSC_MHz	IPC	IRQ	NMI	SMI	POLL%	C1%	C2%	CorWatt	PkgWatt
-	-	619	13.70	4514	3395	0.94	8475	1	0	0.00	0.06	86.29	19.69	40.13
0	0	79	2.12	3712	3394	0.75	1353	0	0	0.00	0.03	97.91	1.30	40.13
0	8	31	0.83	3712	3394	1.23	162	0	0	0.00	0.00	99.18
1	1	78	1.73	4501	3394	0.82	253	0	0	0.00	0.00	98.28	6.11
1	9	4120	90.85	4535	3394	1.01	1178	0	0	0.00	0.00	9.16
2	2	132	3.25	4055	3394	1.30	759	0	0	0.01	0.26	96.53	1.15
2	10	29	0.77	3758	3394	0.87	216	0	0	0.00	0.06	99.18
3	3	34	0.91	3711	3394	0.45	594	0	0	0.02	0.36	98.77	0.54
3	11	10	0.28	3711	3394	0.57	87	0	0	0.00	0.00	99.72
4	4	145	3.57	4055	3394	1.20	479	0	0	0.00	0.06	96.39	0.89
4	12	25	0.68	3727	3394	0.61	298	0	0	0.00	0.00	99.35
5	5	313	7.54	4147	3394	1.28	539	0	0	0.00	0.00	92.49	2.05
5	13	179	4.72	3791	3394	2.04	705	0	0	0.01	0.00	95.32
6	6	37	0.99	3756	3394	0.89	484	0	0	0.00	0.03	99.01	0.77
6	14	31	0.80	3839	3394	0.57	254	0	0	0.00	0.03	99.19
7	7	1390	29.96	4641	3394	0.81	376	0	0	0.00	0.09	69.96	6.88
7	15	3263	70.31	4641	3394	0.82	738	1	0	0.00	0.00	29.69
Core	CPU	Avg_MHz	Busy%	Bzy_MHz	TSC_MHz	IPC	IRQ	NMI	SMI	POLL%	C1%	C2%	CorWatt	PkgWatt
-	-	728	16.31	4464	3394	0.98	12504	1	0	0.00	0.33	83.39	23.57	43.70
0	0	306	7.46	4106	3394	1.31	1268	0	0	0.00	0.56	92.04	1.77	43.69
0	8	73	1.85	3932	3394	1.17	554	0	0	0.00	0.27	97.90
1	1	2263	49.89	4537	3394	1.07	1055	0	0	0.00	0.25	49.87	6.05
1	9	1873	41.23	4542	3394	0.99	845	0	0	0.00	0.18	58.61
2	2	234	5.87	3997	3394	0.87	1074	0	0	0.00	0.78	93.41	1.52
2	10	98	2.47	3957	3394	1.25	660	0	0	0.00	0.11	97.43
3	3	159	3.98	4004	3394	1.03	979	0	0	0.01	0.40	95.67	1.32
3	11	57	1.36	4171	3394	0.65	250	0	0	0.00	0.16	98.49
4	4	491	12.01	4092	3394	1.00	1063	0	0	0.00	0.76	87.26	1.82
4	12	101	2.62	3861	3394	0.58	530	0	0	0.01	0.95	96.46
5	5	615	14.16	4345	3394	1.39	686	0	0	0.00	0.09	85.74	2.38
5	13	189	4.87	3879	3394	1.77	924	0	0	0.00	0.23	94.95
6	6	477	11.06	4312	3394	1.15	537	0	0	0.00	0.31	88.65	1.89
6	14	164	4.00	4096	3394	1.01	925	0	0	0.00	0.30	95.74
7	7	4482	96.71	4635	3394	0.81	979	1	0	0.00	0.00	3.29	6.82
7	15	65	1.43	4566	3394	0.64	175	0	0	0.00	0.00	98.58
Core	CPU	Avg_MHz	Busy%	Bzy_MHz	TSC_MHz	IPC	IRQ	NMI	SMI	POLL%	C1%	C2%	CorWatt	PkgWatt
-	-	619	13.70	4520	3394	0.95	8300	0	0	0.00	0.08	86.24	20.40	40.80
0	0	145	3.60	4021	3394	1.46	1090	0	0	0.00	0.30	96.16	1.69	40.80
0	8	165	3.59	4591	3394	1.49	99	0	0	0.00	0.00	96.42
1	1	29	0.65	4423	3394	0.90	229	0	0	0.00	0.00	99.37	6.25
1	9	4200	92.41	4545	3394	1.01	1220	0	0	0.00	0.00	7.59
2	2	87	2.34	3717	3394	0.72	984	0	0	0.00	0.25	97.45	1.32
2	10	10	0.27	3712	3394	0.66	180	0	0	0.00	0.02	99.72
3	3	49	1.31	3711	3394	0.60	1254	0	0	0.08	0.43	98.31	1.35
3	11	13	0.34	3713	3394	0.54	96	0	0	0.00	0.00	99.66
4	4	141	3.39	4149	3394	1.34	454	0	0	0.00	0.00	96.61	0.65
4	12	32	0.87	3713	3394	2.38	52	0	0	0.00	0.00	99.13
5	5	73	1.97	3728	3394	0.69	340	0	0	0.00	0.16	97.87	0.97
5	13	158	4.24	3729	3394	2.11	293	0	0	0.00	0.02	95.76
6	6	64	1.73	3712	3394	0.71	505	0	0	0.00	0.00	98.29	1.21
6	14	58	1.56	3713	3394	0.78	417	0	0	0.00	0.02	98.45
7	7	4636	99.90	4640	3394	0.81	1004	0	0	0.00	0.00	0.10	6.96
7	15	51	1.11	4641	3394	0.74	83	0	0	0.00	0.02	98.88
Core	CPU	Avg_MHz	Busy%	Bzy_MHz	TSC_MHz	IPC	IRQ	NMI	SMI	POLL%	C1%	C2%	CorWatt	PkgWatt
-	-	611	13.54	4514	3386	0.95	7438	1	0	0.01	0.03	86.25	20.02	40.48
0	0	53	1.43	3712	3394	0.84	1415	0	0	0.00	0.04	98.58	1.26	40.66
0	8	10	0.27	3713	3394	0.89	46	0	0	0.00	0.00	99.73
1	1	2641	58.15	4542	3394	1.01	898	1	0	0.00	0.00	41.86	6.29
1	9	1610	35.53	4532	3394	1.00	580	0	0	0.00	0.00	64.48
2	2	58	1.57	3712	3394	0.52	817	0	0	0.00	0.07	98.39	1.14
2	10	9	0.23	3712	3394	0.61	144	0	0	0.00	0.00	99.78
3	3	130	3.18	4093	3394	1.37	579	0	0	0.21	0.17	96.67	1.30
3	11	11	0.30	3740	3394	0.53	93	0	0	0.00	0.00	99.70
4	4	60	1.62	3712	3394	0.85	440	0	0	0.00	0.11	98.30	0.44
4	12	12	0.33	3713	3394	0.69	4	0	0	0.00	0.00	99.67
5	5	322	7.60	4243	3394	1.35	573	0	0	0.00	0.00	92.42	2.08
5	13	158	4.16	3810	3394	2.08	269	0	0	0.00	0.00	95.86
6	6	93	2.41	3870	3394	1.33	399	0	0	0.00	0.01	97.61	0.58
6	14	8	0.22	3740	3394	0.39	146	0	0	0.00	0.00	99.79
7	7	4615	99.43	4641	3394	0.81	1006	0	0	0.00	0.00	0.57	6.98
7	15	4	0.09	4634	3394	0.74	29	0	0	0.00	0.00	99.91
Core	CPU	Avg_MHz	Busy%	Bzy_MHz	TSC_MHz	IPC	IRQ	NMI	SMI	POLL%	C1%	C2%	CorWatt	PkgWatt
-	-	609	13.44	4529	3392	0.94	6862	2	0	0.00	0.04	86.47	19.64	40.12
0	0	55	1.48	3711	3394	0.83	1392	0	0	0.00	0.01	98.56	1.27	40.08
0	8	15	0.40	3712	3394	1.36	74	0	0	0.00	0.00	99.61
1	1	4	0.08	4522	3394	0.57	71	0	0	0.00	0.00	99.92	6.23
1	9	4229	93.08	4544	3394	1.01	1226	1	0	0.00	0.00	6.92
2	2	32	0.87	3711	3394	0.42	658	1	0	0.00	0.22	98.94	1.16
2	10	9	0.25	3711	3394	0.64	146	0	0	0.00	0.01	99.74
3	3	16	0.44	3712	3394	0.35	293	0	0	0.08	0.13	99.45	0.43
3	11	15	0.41	3710	3394	0.43	151	0	0	0.00	0.00	99.60
4	4	389	8.73	4459	3394	1.28	402	0	0	0.00	0.00	91.29	1.14
4	12	1	0.02	3713	3394	0.34	8	0	0	0.00	0.00	99.98
5	5	178	4.24	4203	3394	1.33	397	0	0	0.00	0.00	95.77	1.52
5	13	157	4.14	3784	3394	2.07	288	0	0	0.00	0.00	95.88
6	6	123	3.32	3712	3394	0.74	620	0	0	0.00	0.32	96.39	1.13
6	14	8	0.21	3710	3394	0.43	145	0	0	0.00	0.00	99.80
7	7	4502	97.15	4635	3394	0.81	983	0	0	0.00	0.00	2.85	6.78
7	15	17	0.36	4598	3394	0.92	8	0	0	0.00	0.00	99.64
Core	CPU	Avg_MHz	Busy%	Bzy_MHz	TSC_MHz	IPC	IRQ	NMI	SMI	POLL%	C1%	C2%	CorWatt	PkgWatt
-	-	609	13.40	4547	3404	0.94	6997	0	0	0.01	0.04	86.83	19.93	40.33
0	0	50	1.35	3712	3394	0.81	1086	0	0	0.00	0.00	98.69	1.29	40.21
0	8	33	0.90	3713	3394	0.63	94	0	0	0.00	0.10	99.00
1	1	9	0.20	4490	3394	0.96	104	0	0	0.00	0.00	99.81	6.26
1	9	4233	93.10	4547	3394	1.01	1215	0	0	0.00	0.00	6.91
2	2	47	1.25	3712	3394	0.42	827	0	0	0.00	0.05	98.73	1.25
2	10	8	0.23	3712	3394	0.63	137	0	0	0.00	0.01	99.77
3	3	46	1.24	3712	3394	0.53	891	0	0	0.16	0.42	98.39	1.12
3	11	4	0.11	3712	3394	0.45	33	0	0	0.00	0.00	99.89
4	4	145	3.60	4014	3394	1.41	406	0	0	0.00	0.08	96.34	0.64
4	12	2	0.06	3710	3394	0.37	16	0	0	0.00	0.00	99.95
5	5	278	6.38	4351	3394	1.52	291	0	0	0.00	0.00	93.62	1.28
5	13	143	3.74	3831	3394	2.04	220	0	0	0.00	0.00	96.28
6	6	82	2.22	3713	3394	0.85	449	0	0	0.00	0.00	97.80	1.09
6	14	10	0.27	3711	3394	0.48	218	0	0	0.00	0.01	99.73
7	7	3247	69.96	4641	3394	0.80	705	0	0	0.00	0.00	30.04	6.95
7	15	1386	29.87	4641	3394	0.81	305	0	0	0.00	0.00	70.13
Core	CPU	Avg_MHz	Busy%	Bzy_MHz	TSC_MHz	IPC	IRQ	NMI	SMI	POLL%	C1%	C2%	CorWatt	PkgWatt
-	-	619	13.76	4501	3391	0.94	8625	0	0	0.01	0.08	86.11	20.52	40.74
0	0	153	3.76	4061	3394	0.85	1115	0	0	0.00	0.53	95.76	1.52	40.81
0	8	81	2.04	3983	3394	1.43	303	0	0	0.00	0.00	97.95
1	1	415	9.18	4518	3394	1.23	291	0	0	0.00	0.13	90.70	6.28
1	9	3779	83.09	4548	3394	1.01	1066	0	0	0.00	0.00	16.92
2	2	144	3.67	3938	3394	0.73	910	0	0	0.00	0.19	96.18	1.40
2	10	23	0.62	3720	3394	0.59	262	0	0	0.00	0.01	99.38
3	3	71	1.90	3712	3394	0.65	1303	0	0	0.15	0.08	98.07	1.38
3	11	8	0.21	3712	3394	0.73	63	0	0	0.00	0.00	99.79
4	4	308	7.36	4186	3394	1.07	534	0	0	0.00	0.01	92.64	0.95
4	12	30	0.79	3835	3394	1.24	83	0	0	0.00	0.00	99.22
5	5	19	0.51	3712	3394	0.58	191	0	0	0.00	0.26	99.24	0.71
5	13	153	4.13	3713	3394	2.00	328	0	0	0.00	0.00	95.89
6	6	195	4.87	4013	3394	1.19	680	0	0	0.01	0.03	95.12	1.50
6	14	15	0.40	3740	3394	0.50	372	0	0	0.00	0.01	99.61
7	7	4486	96.78	4635	3394	0.81	1016	0	0	0.00	0.01	3.22	6.80
7	15	34	0.77	4438	3394	0.66	108	0	0	0.00	0.00	99.23
Core	CPU	Avg_MHz	Busy%	Bzy_MHz	TSC_MHz	IPC	IRQ	NMI	SMI	POLL%	C1%	C2%	CorWatt	PkgWatt
-	-	587	13.00	4517	3386	0.92	7087	1	0	0.01	0.03	86.78	18.92	39.49
0	0	39	1.04	3711	3394	0.89	956	0	0	0.00	0.00	99.00	1.38	39.80
0	8	84	2.27	3713	3394	0.86	442	0	0	0.00	0.01	97.74
1	1	4131	91.12	4533	3394	1.01	1035	0	0	0.00	0.00	8.88	6.19
1	9	46	1.05	4436	3394	0.64	201	0	0	0.00	0.00	98.96
2	2	39	1.04	3712	3394	0.43	781	0	0	0.00	0.16	98.83	1.24
2	10	5	0.15	3712	3394	0.69	136	0	0	0.00	0.00	99.85
3	3	46	1.23	3712	3394	0.58	1113	0	0	0.15	0.30	98.52	1.32
3	11	2	0.07	3713	3394	0.42	17	0	0	0.00	0.00	99.93
4	4	110	2.72	4044	3394	0.99	369	0	0	0.00	0.00	97.30	0.67
4	12	10	0.22	4510	3394	0.96	33	0	0	0.00	0.00	99.78
5	5	23	0.62	3713	3394	0.89	51	0	0	0.00	0.00	99.38	0.50
5	13	161	4.34	3713	3394	2.08	256	0	0	0.00	0.00	95.68
6	6	71	1.91	3712	3394	0.66	546	1	0	0.00	0.00	98.12	0.70
6	14	6	0.16	3710	3394	0.43	132	0	0	0.00	0.01	99.84
7	7	4627	99.69	4641	3394	0.81	1008	0	0	0.00	0.00	0.31	6.96
7	15	17	0.37	4641	3394	0.93	11	0	0	0.00	0.00	99.63
Core	CPU	Avg_MHz	Busy%	Bzy_MHz	TSC_MHz	IPC	IRQ	NMI	SMI	POLL%	C1%	C2%	CorWatt	PkgWatt
-	-	620	13.62	4549	3405	0.95	7685	0	0	0.01	0.11	86.57	19.77	40.33
0	0	55	1.49	3712	3394	0.88	1446	0	0	0.00	0.13	98.43	1.32	39.95
0	8	41	1.10	3713	3394	1.14	144	0	0	0.00	0.00	98.90
1	1	591	12.97	4555	3394	1.01	365	0	0	0.00	0.88	86.16	6.29
1	9	3673	80.59	4558	3394	1.01	1088	0	0	0.00	0.00	19.42
2	2	44	1.18	3712	3394	0.39	724	0	0	0.00	0.33	98.54	0.63
2	10	3	0.07	3712	3394	0.48	38	0	0	0.00	0.00	99.93
3	3	43	1.16	3712	3394	0.47	790	0	0	0.20	0.31	98.57	1.04
3	11	2	0.06	3712	3394	0.52	20	0	0	0.00	0.00	99.94
4	4	141	3.79	3731	3394	1.02	680	0	0	0.00	0.02	96.23	1.01
4	12	6	0.16	3713	3394	0.73	23	0	0	0.00	0.00	99.84
5	5	124	3.33	3726	3394	1.90	490	0	0	0.00	0.01	96.70	1.46
5	13	328	7.14	4590	3394	1.65	131	0	0	0.00	0.00	92.85
6	6	76	2.06	3712	3394	0.91	466	0	0	0.00	0.00	97.97	0.94
6	14	75	2.03	3713	3394	1.90	216	0	0	0.00	0.03	97.95
7	7	4641	100.00	4641	3394	0.81	1017	0	0	0.00	0.00	0.00	7.01
7	15	54	1.17	4641	3394	1.53	47	0	0	0.00	0.00	98.83
Core	CPU	Avg_MHz	Busy%	Bzy_MHz	TSC_MHz	IPC	IRQ	NMI	SMI	POLL%	C1%	C2%	CorWatt	PkgWatt
-	-	610	13.46	4530	3394	0.94	7394	1	0	0.01	0.10	86.45	20.51	40.96
0	0	53	1.43	3712	3394	0.95	998	0	0	0.00	0.03	98.59	1.28	40.96
0	8	22	0.60	3711	3394	0.54	552	0	0	0.00	0.00	99.43
1	1	4244	93.37	4546	3394	1.02	1093	0	0	0.00	0.52	6.12	6.36
1	9	22	0.49	4505	3394	0.42	144	0	0	0.00	0.00	99.51
2	2	99	2.49	3964	3394	0.75	808	0	0	0.00	0.65	96.91	0.98
2	10	6	0.13	4445	3394	0.87	14	0	0	0.00	0.00	99.87
3	3	41	1.10	3712	3394	0.49	650	0	0	0.17	0.26	98.67	1.14
3	11	6	0.15	3712	3394	0.63	133	0	0	0.00	0.01	99.84
4	4	169	4.56	3713	3394	1.11	726	0	0	0.00	0.05	95.43	1.33
4	12	4	0.10	3712	3394	0.42	34	0	0	0.00	0.06	99.84
5	5	380	9.10	4180	3394	1.77	699	0	0	0.00	0.01	90.92	1.69
5	13	1	0.03	3712	3394	0.50	11	0	0	0.00	0.00	99.97
6	6	65	1.74	3712	3394	0.98	510	0	0	0.00	0.01	98.26	0.72
6	14	1	0.02	3712	3394	0.40	7	0	0	0.00	0.00	99.98
7	7	4641	100.00	4641	3394	0.81	1006	1	0	0.00	0.00	0.00	7.00
7	15	4	0.08	4641	3394	0.69	9	0	0	0.00	0.00	99.92
Core	CPU	Avg_MHz	Busy%	Bzy_MHz	TSC_MHz	IPC	IRQ	NMI	SMI	POLL%	C1%	C2%	CorWatt	PkgWatt
-	-	611	13.47	4533	3393	0.94	7425	0	0	0.01	0.06	86.48	19.88	40.39
0	0	42	1.12	3711	3394	0.83	1050	0	0	0.00	0.00	98.93	1.29	40.40
0	8	39	1.04	3711	3394	0.69	924	0	0	0.00	0.01	99.00
1	1	3343	73.41	4554	3394	1.06	887	0	0	0.00	0.00	26.60	6.35
1	9	842	18.55	4540	3394	1.00	390	0	0	0.00	0.00	81.46
2	2	90	2.33	3860	3394	0.71	841	0	0	0.00	0.76	96.95	1.11
2	10	2	0.05	3712	3394	0.40	20	0	0	0.00	0.00	99.95
3	3	33	0.88	3712	3394	0.46	515	0	0	0.09	0.06	99.08	0.86
3	11	10	0.28	3712	3394	0.59	170	0	0	0.00	0.00	99.73
4	4	424	10.13	4185	3394	1.35	391	0	0	0.00	0.00	89.89	1.25
4	12	6	0.15	3717	3394	0.40	21	0	0	0.00	0.00	99.85
5	5	165	4.45	3713	3394	0.97	696	0	0	0.00	0.14	95.45	1.36
5	13	1	0.02	3712	3394	0.44	6	0	0	0.00	0.00	99.98
6	6	96	2.33	4112	3394	1.58	444	0	0	0.00	0.01	97.68	0.67
6	14	35	0.76	4612	3394	1.15	41	0	0	0.00	0.00	99.25
7	7	4641	100.00	4641	3394	0.80	1007	0	0	0.00	0.00	0.00	7.00
7	15	4	0.09	4641	3394	0.68	22	0	0	0.00	0.00	99.91
Core	CPU	Avg_MHz	Busy%	Bzy_MHz	TSC_MHz	IPC	IRQ	NMI	SMI	POLL%	C1%	C2%	CorWatt	PkgWatt
-	-	611	13.49	4530	3393	0.94	7528	0	0	0.01	0.04	86.48	19.29	39.98
0	0	45	1.22	3711	3394	0.87	1026	0	0	0.00	0.00	98.83	1.47	39.99
0	8	129	3.48	3713	3394	0.79	762	0	0	0.00	0.13	96.43
1	1	2634	57.93	4547	3394	1.01	845	0	0	0.00	0.20	41.88	6.32
1	9	1627	35.79	4547	3394	1.00	577	0	0	0.00	0.00	64.22
2	2	39	1.04	3730	3394	0.46	704	0	0	0.00	0.12	98.87	1.55
2	10	167	4.28	3898	3394	2.16	645	0	0	0.00	0.01	95.73
3	3	42	1.13	3712	3394	0.45	463	0	0	0.17	0.05	98.84	0.99
3	11	11	0.29	3711	3394	0.53	259	0	0	0.00	0.03	99.70
4	4	89	2.39	3713	3394	1.60	366	0	0	0.00	0.01	97.64	0.38
4	12	3	0.08	3713	3394	0.39	10	0	0	0.00	0.00	99.92
5	5	333	7.70	4329	3394	1.45	489	0	0	0.00	0.01	92.31	1.32
5	13	1	0.03	3712	3394	0.41	7	0	0	0.00	0.00	99.97
6	6	16	0.44	3711	3394	0.46	347	0	0	0.00	0.01	99.57	0.27
6	14	3	0.07	3711	3394	0.57	8	0	0	0.00	0.00	99.93
7	7	453	9.76	4641	3394	0.80	101	0	0	0.00	0.00	90.24	7.00
7	15	4191	90.29	4641	3394	0.81	919	0	0	0.00	0.00	9.71
Core	CPU	Avg_MHz	Busy%	Bzy_MHz	TSC_MHz	IPC	IRQ	NMI	SMI	POLL%	C1%	C2%	CorWatt	PkgWatt
-	-	81	1.85	4380	3394	1.07	2107	0	0	0.00	0.05	98.11	3.39	20.74
0	0	9	0.23	3692	3394	0.67	151	0	0	0.00	0.01	99.77	0.29	20.74
0	8	71	1.80	3954	3394	0.88	161	0	0	0.00	0.00	98.20
1	1	254	5.73	4432	3394	1.53	321	0	0	0.00	0.01	94.29	1.18
1	9	333	7.42	4484	3394	1.00	108	0	0	0.00	0.00	92.58
2	2	16	0.44	3662	3394	0.64	142	0	0	0.00	0.00	99.57	0.27
2	10	22	0.59	3671	3394	1.77	111	0	0	0.00	0.01	99.41
3	3	25	0.69	3596	3394	0.25	322	0	0	0.00	0.16	99.19	0.37
3	11	7	0.18	3609	3394	0.47	149	0	0	0.00	0.01	99.81
4	4	7	0.19	3662	3394	0.58	66	0	0	0.00	0.00	99.82	0.06
4	12	3	0.07	3666	3394	0.39	9	0	0	0.00	0.00	99.93
5	5	28	0.78	3595	3394	0.35	205	0	0	0.00	0.20	99.04	0.18
5	13	3	0.08	3677	3394	0.61	71	0	0	0.00	0.03	99.89
6	6	7	0.18	3684	3394	0.47	89	0	0	0.00	0.01	99.82	0.07
6	14	1	0.02	3688	3394	0.36	6	0	0	0.00	0.00	99.98
7	7	124	2.81	4426	3394	1.39	91	0	0	0.00	0.00	97.17	0.98
7	15	389	8.39	4636	3394	0.88	105	0	0	0.00	0.30	91.31
Core	CPU	Avg_MHz	Busy%	Bzy_MHz	TSC_MHz	IPC	IRQ	NMI	SMI	POLL%	C1%	C2%	CorWatt	PkgWatt
-	-	37	0.88	4162	3394	1.25	1571	0	0	0.00	0.04	99.08	1.84	18.26
0	0	6	0.18	3515	3394	0.48	106	0	0	0.00	0.00	99.82	0.09	18.26
0	8	22	0.59	3719	3394	0.90	60	0	0	0.00	0.00	99.42
1	1	307	7.02	4375	3394	1.58	267	0	0	0.00	0.00	93.02	0.70
1	9	1	0.04	3443	3394	0.38	11	0	0	0.00	0.00	99.96
2	2	14	0.39	3551	3394	0.92	135	0	0	0.00	0.00	99.62	0.11
2	10	3	0.08	3563	3394	0.22	13	0	0	0.00	0.00	99.93
3	3	30	0.85	3588	3394	0.25	384	0	0	0.05	0.50	98.70	0.28
3	11	3	0.08	3530	3394	0.49	68	0	0	0.00	0.00	99.93
4	4	29	0.77	3733	3394	0.36	102	0	0	0.00	0.19	99.01	0.14
4	12	7	0.18	3622	3394	0.35	99	0	0	0.00	0.00	99.82
5	5	13	0.36	3510	3394	0.73	80	0	0	0.00	0.00	99.65	0.09
5	13	1	0.04	3425	3394	0.35	6	0	0	0.00	0.00	99.96
6	6	4	0.12	3495	3394	0.28	53	0	0	0.00	0.01	99.88	0.05
6	14	3	0.07	3532	3394	0.29	16	0	0	0.00	0.00	99.93
7	7	140	3.23	4342	3394	1.26	164	0	0	0.00	0.01	96.75	0.38
7	15	2	0.06	3639	3394	0.97	7	0	0	0.00	0.00	99.94
Core	CPU	Avg_MHz	Busy%	Bzy_MHz	TSC_MHz	IPC	IRQ	NMI	SMI	POLL%	C1%	C2%	CorWatt	PkgWatt
-	-	34	0.82	4193	3394	1.17	1387	0	0	0.00	0.01	99.18	1.81	18.30
0	0	80	1.87	4287	3394	1.36	172	0	0	0.00	0.00	98.14	0.26	18.30
0	8	5	0.13	3631	3394	0.40	30	0	0	0.00	0.00	99.87
1	1	73	2.01	3629	3394	0.25	248	0	0	0.00	0.02	98.02	0.33
1	9	2	0.06	3816	3394	0.31	16	0	0	0.00	0.00	99.94
2	2	12	0.32	3614	3394	0.46	86	0	0	0.00	0.00	99.69	0.09
2	10	3	0.08	3631	3394	0.22	14	0	0	0.00	0.00	99.92
3	3	25	0.69	3594	3394	0.25	344	0	0	0.06	0.20	99.15	0.28
3	11	3	0.07	3543	3394	0.41	53	0	0	0.00	0.00	99.93
4	4	3	0.08	3507	3394	0.31	22	0	0	0.00	0.00	99.93	0.03
4	12	5	0.15	3632	3394	0.38	20	0	0	0.00	0.00	99.85
5	5	12	0.33	3575	3394	0.27	51	0	0	0.00	0.00	99.67	0.14
5	13	8	0.22	3551	3394	0.54	104	0	0	0.00	0.00	99.79
6	6	3	0.08	3508	3394	0.24	27	0	0	0.00	0.00	99.93	0.03
6	14	3	0.09	3626	3394	0.50	27	0	0	0.00	0.00	99.92
7	7	311	6.85	4537	3394	1.56	167	0	0	0.00	0.00	93.12	0.66
7	15	2	0.07	3714	3394	1.01	6	0	0	0.00	0.00	99.94
Core	CPU	Avg_MHz	Busy%	Bzy_MHz	TSC_MHz	IPC	IRQ	NMI	SMI	POLL%	C1%	C2%	CorWatt	PkgWatt
-	-	40	0.96	4161	3394	1.28	1347	0	0	0.00	0.03	99.02	1.83	18.23
0	0	82	1.91	4303	3394	1.54	120	0	0	0.00	0.00	98.10	0.22	18.23
0	8	1	0.02	3592	3394	0.26	3	0	0	0.00	0.00	99.98
1	1	142	3.42	4159	3394	1.19	186	0	0	0.00	0.35	96.25	0.40
1	9	3	0.07	3788	3394	0.30	17	0	0	0.00	0.00	99.93
2	2	29	0.80	3607	3394	0.30	102	0	0	0.00	0.00	99.22	0.17
2	10	8	0.20	3917	3394	2.42	8	0	0	0.00	0.00	99.80
3	3	42	1.15	3602	3394	0.20	326	0	0	0.03	0.05	98.84	0.26
3	11	2	0.07	3559	3394	0.40	48	0	0	0.00	0.00	99.94
4	4	10	0.28	3513	3394	1.42	29	0	0	0.00	0.00	99.73	0.06
4	12	8	0.22	3655	3394	0.55	91	0	0	0.00	0.00	99.79
5	5	101	2.41	4200	3394	1.29	177	0	0	0.00	0.00	97.58	0.29
5	13	47	1.07	4379	3394	1.72	43	0	0	0.00	0.00	98.94
6	6	74	1.71	4365	3394	1.34	68	0	0	0.00	0.00	98.26	0.35
6	14	74	1.60	4625	3394	1.91	39	0	0	0.00	0.00	98.40
7	7	13	0.35	3761	3394	0.76	84	0	0	0.00	0.00	99.65	0.08
7	15	2	0.06	3599	3394	1.03	6	0	0	0.00	0.00	99.94
Core	CPU	Avg_MHz	Busy%	Bzy_MHz	TSC_MHz	IPC	IRQ	NMI	SMI	POLL%	C1%	C2%	CorWatt	PkgWatt
-	-	77	1.99	3893	3394	1.14	5933	0	0	0.00	0.27	97.76	3.61	21.02
0	0	160	4.07	3936	3394	1.24	829	0	0	0.01	0.38	95.59	0.55	21.02
0	8	35	0.91	3845	3394	1.52	51	0	0	0.00	0.00	99.10
1	1	23	0.65	3510	3394	0.50	319	0	0	0.00	0.00	99.37	0.57
1	9	156	3.75	4159	3394	1.20	805	0	0	0.00	0.72	95.54
2	2	59	1.66	3561	3394	0.51	423	0	0	0.00	0.79	97.58	0.46
2	10	57	1.59	3588	3394	0.53	636	0	0	0.00	0.30	98.15
3	3	37	1.05	3554	3394	0.38	417	0	0	0.01	0.29	98.70	0.43
3	11	83	1.93	4300	3394	1.44	149	0	0	0.00	0.23	97.85
4	4	124	3.36	3708	3394	1.06	417	0	0	0.00	0.22	96.45	0.34
4	12	3	0.10	3573	3394	0.32	18	0	0	0.00	0.00	99.91
5	5	152	3.62	4211	3394	1.31	357	0	0	0.00	0.02	96.38	0.43
5	13	15	0.39	3794	3394	1.05	70	0	0	0.00	0.49	99.12
6	6	20	0.57	3492	3394	0.69	204	0	0	0.00	0.09	99.36	0.13
6	14	1	0.04	3423	3394	0.27	11	0	0	0.00	0.00	99.97
7	7	123	3.31	3700	3394	0.68	706	0	0	0.00	0.26	96.46	0.68
7	15	191	4.86	3924	3394	1.67	521	0	0	0.00	0.45	94.71
Core	CPU	Avg_MHz	Busy%	Bzy_MHz	TSC_MHz	IPC	IRQ	NMI	SMI	POLL%	C1%	C2%	CorWatt	PkgWatt
-	-	43	1.04	4124	3394	1.28	2119	0	0	0.00	0.01	98.95	1.98	19.42
0	0	6	0.16	3563	3394	0.53	114	0	0	0.00	0.00	99.85	0.11	19.42
0	8	6	0.17	3597	3394	0.76	42	0	0	0.00	0.00	99.83
1	1	21	0.59	3531	3394	0.45	348	0	0	0.00	0.00	99.43	0.20
1	9	6	0.17	3563	3394	0.48	55	0	0	0.00	0.00	99.83
2	2	19	0.53	3557	3394	0.39	202	0	0	0.00	0.00	99.49	0.09
2	10	1	0.03	3444	3394	0.31	9	0	0	0.00	0.00	99.97
3	3	43	1.19	3570	3394	0.32	422	0	0	0.06	0.19	98.65	0.26
3	11	3	0.07	3542	3394	0.50	69	0	0	0.00	0.00	99.93
4	4	9	0.25	3588	3394	0.33	89	0	0	0.00	0.00	99.76	0.05
4	12	1	0.03	3464	3394	0.29	19	0	0	0.00	0.00	99.97
5	5	15	0.44	3540	3394	0.64	94	0	0	0.00	0.00	99.57	0.07
5	13	5	0.15	3584	3394	0.48	72	0	0	0.00	0.00	99.86
6	6	0	0.01	3419	3394	0.36	5	0	0	0.00	0.00	99.99	0.43
6	14	176	3.87	4540	3394	1.66	91	0	0	0.00	0.00	96.13
7	7	267	6.26	4268	3394	1.26	389	0	0	0.00	0.01	93.73	0.77
7	15	111	2.76	3998	3394	1.76	99	0	0	0.00	0.00	97.24
