turbostat version 2025.09.09 - Len Brown <lenb@kernel.org>
Kernel command line: BOOT_IMAGE=/boot/vmlinuz-6.17.0-35-generic root=UUID=37e0ef02-2557-4d29-8187-72bb5e6547ba ro quiet splash vt.handoff=7
CPUID(0): AuthenticAMD 0x10 CPUID levels
CPUID(1): family:model:stepping 0x19:21:2 (25:33:2) microcode 0x0
CPUID(0x80000000): max_extended_levels: 0x80000023
CPUID(1): SSE3 MONITOR - - - TSC MSR - HT -
CPUID(6): APERF, No-TURBO, No-DTS, No-PTM, No-HWP, No-HWPnotify, No-HWPwindow, No-HWPepp, No-HWPpkg, No-EPB
CPUID(7): No-SGX No-Hybrid
cpu0: cpufreq driver: amd-pstate-epp
cpu0: cpufreq governor: powersave
cpufreq boost: 1
/dev/cpu_dma_latency: 2000000000 usec (default)
current_driver: acpi_idle
current_governor: menu
current_governor_ro: menu
cpu0: POLL: CPUIDLE CORE POLL IDLE
cpu0: C1: ACPI FFH MWAIT 0x0
cpu0: C2: ACPI IOPORT 0x414
RAPL: 234 sec. Joule Counter Range, at 280 Watts
intel-rapl:0: package-0 disabled
intel-rapl:0/intel-rapl:0:0: core disabled
cpu0: MSR_RAPL_PWR_UNIT: 0x000a1003 (0.125000 Watts, 0.000015 Joules, 0.000977 sec.)
Core	CPU	Avg_MHz	Busy%	Bzy_MHz	TSC_MHz	IPC	IRQ	NMI	SMI	POLL%	C1%	C2%	CorWatt	PkgWatt
-	-	68	1.72	3962	3394	1.12	4594	0	0	0.00	0.19	98.12	2.80	20.05
0	0	24	0.68	3596	3394	0.73	224	0	0	0.00	0.15	99.18	0.15	20.05
0	8	9	0.24	3568	3394	0.16	51	0	0	0.00	0.00	99.76
1	1	439	10.21	4300	3394	1.33	702	0	0	0.00	0.63	89.19	0.97
1	9	43	1.13	3783	3394	0.51	626	0	0	0.00	0.17	98.74
2	2	13	0.38	3503	3394	0.43	207	0	0	0.00	0.51	99.12	0.30
2	10	42	1.18	3555	3394	0.56	533	0	0	0.00	0.00	98.86
3	3	87	2.41	3635	3394	0.72	762	0	0	0.00	0.64	97.01	0.36
3	11	21	0.60	3595	3394	0.37	142	0	0	0.00	0.00	99.42
4	4	107	2.61	4122	3394	1.24	226	0	0	0.00	0.24	97.17	0.30
4	12	14	0.39	3588	3394	0.74	74	0	0	0.00	0.14	99.48
5	5	44	1.23	3611	3394	1.19	142	0	0	0.00	0.10	98.68	0.15
5	13	9	0.25	3566	3394	0.48	114	0	0	0.00	0.15	99.60
6	6	9	0.26	3565	3394	0.38	85	0	0	0.00	0.00	99.74	0.08
6	14	6	0.17	3643	3394	0.81	56	0	0	0.00	0.28	99.56
7	7	51	1.35	3748	3394	0.70	227	0	0	0.00	0.00	98.67	0.48
7	15	168	4.37	3841	3394	1.50	423	0	0	0.00	0.00	95.65
Core	CPU	Avg_MHz	Busy%	Bzy_MHz	TSC_MHz	IPC	IRQ	NMI	SMI	POLL%	C1%	C2%	CorWatt	PkgWatt
-	-	60	1.50	3962	3393	1.22	3646	0	0	0.00	0.01	98.49	2.68	20.11
0	0	11	0.31	3511	3394	0.56	222	0	0	0.00	0.00	99.71	0.13	20.11
0	8	3	0.10	3397	3394	0.56	27	0	0	0.00	0.00	99.90
1	1	345	7.96	4339	3394	1.38	457	0	0	0.00	0.00	92.06	0.85
1	9	47	1.21	3889	3394	0.60	413	0	0	0.00	0.01	98.80
2	2	73	2.00	3642	3394	0.74	447	0	0	0.00	0.06	97.97	0.38
2	10	29	0.80	3643	3394	0.50	308	0	0	0.00	0.00	99.22
3	3	24	0.68	3574	3394	0.25	310	0	0	0.03	0.10	99.26	0.24
3	11	11	0.31	3559	3394	0.53	140	0	0	0.00	0.00	99.70
4	4	49	1.25	3921	3394	0.91	209	0	0	0.00	0.01	98.76	0.15
4	12	1	0.02	3351	3394	0.47	4	0	0	0.00	0.00	99.98
5	5	99	2.42	4091	3394	1.43	407	0	0	0.00	0.00	97.58	0.36
5	13	5	0.13	3550	3394	0.50	27	0	0	0.00	0.00	99.87
6	6	55	1.49	3666	3394	0.65	285	0	0	0.00	0.06	98.46	0.14
6	14	1	0.04	3490	3394	0.27	8	0	0	0.00	0.00	99.97
7	7	197	5.27	3741	3394	1.70	372	0	0	0.00	0.00	94.76	0.44
7	15	2	0.06	3755	3394	1.04	10	0	0	0.00	0.00	99.94
Core	CPU	Avg_MHz	Busy%	Bzy_MHz	TSC_MHz	IPC	IRQ	NMI	SMI	POLL%	C1%	C2%	CorWatt	PkgWatt
-	-	223	5.13	4351	3393	2.20	5917	0	0	0.01	0.34	94.52	9.31	27.53
0	0	51	1.40	3665	3394	1.77	432	0	0	0.01	0.10	98.51	0.58	27.53
0	8	31	0.84	3696	3394	1.66	229	0	0	0.00	0.33	98.84
1	1	1136	25.26	4498	3394	2.63	896	0	0	0.00	0.15	74.60	2.74
1	9	176	4.00	4404	3394	2.82	393	0	0	0.00	0.23	95.79
2	2	41	1.11	3697	3394	1.51	520	0	0	0.00	0.55	98.36	0.61
2	10	42	1.16	3663	3394	1.18	348	0	0	0.00	0.03	98.84
3	3	47	1.29	3660	3394	0.98	505	0	0	0.10	0.55	98.20	0.62
3	11	25	0.67	3768	3394	2.61	110	0	0	0.00	0.74	98.59
4	4	121	3.00	4025	3394	1.70	261	0	0	0.00	0.82	96.20	0.56
4	12	52	1.27	4105	3394	2.90	107	0	0	0.00	0.10	98.63
5	5	167	4.08	4091	3394	1.91	278	0	0	0.00	0.15	95.74	0.97
5	13	188	4.41	4253	3394	2.96	367	0	0	0.00	0.69	94.91
6	6	47	1.27	3710	3394	1.76	212	0	0	0.00	0.08	98.66	0.63
6	14	140	3.34	4178	3394	2.10	373	0	0	0.00	0.17	96.49
7	7	1006	22.33	4505	3394	1.44	509	0	0	0.00	0.34	77.24	2.60
7	15	303	6.70	4526	3394	3.17	377	0	0	0.00	0.42	92.88
Core	CPU	Avg_MHz	Busy%	Bzy_MHz	TSC_MHz	IPC	IRQ	NMI	SMI	POLL%	C1%	C2%	CorWatt	PkgWatt
-	-	561	12.47	4497	3394	0.93	7302	0	0	0.01	0.06	87.51	17.90	38.52
0	0	25	0.67	3714	3394	0.98	737	0	0	0.00	0.00	99.37	1.21	38.51
0	8	50	1.30	3835	3394	0.65	311	0	0	0.00	0.02	98.70
1	1	3241	72.16	4491	3394	1.08	971	0	0	0.00	0.01	27.84	5.15
1	9	60	1.43	4233	3394	0.48	1123	0	0	0.00	0.06	98.57
2	2	85	2.29	3712	3394	1.49	864	0	0	0.00	0.27	97.47	1.30
2	10	22	0.60	3711	3394	0.58	286	0	0	0.00	0.00	99.41
3	3	86	2.31	3714	3394	0.76	670	0	0	0.09	0.22	97.50	0.91
3	11	22	0.54	4155	3394	0.97	26	0	0	0.00	0.00	99.46
4	4	254	6.55	3881	3394	0.87	666	0	0	0.00	0.34	93.14	1.20
4	12	1	0.02	3782	3394	0.38	9	0	0	0.00	0.00	99.98
5	5	439	10.00	4391	3394	1.01	163	0	0	0.00	0.01	90.00	1.11
5	13	6	0.16	3772	3394	0.39	53	0	0	0.00	0.00	99.84
6	6	103	2.78	3713	3394	1.49	332	0	0	0.00	0.00	97.24	0.32
6	14	1	0.03	3712	3394	0.31	10	0	0	0.00	0.00	99.97
7	7	4559	98.35	4635	3394	0.82	994	0	0	0.00	0.00	1.65	6.70
7	15	15	0.33	4638	3394	0.46	87	0	0	0.00	0.00	99.67
Core	CPU	Avg_MHz	Busy%	Bzy_MHz	TSC_MHz	IPC	IRQ	NMI	SMI	POLL%	C1%	C2%	CorWatt	PkgWatt
-	-	602	13.42	4484	3394	0.94	7526	0	0	0.00	0.07	86.53	19.12	39.48
0	0	180	4.58	3926	3394	1.19	895	0	0	0.00	0.00	95.46	1.42	39.48
0	8	33	0.87	3787	3394	0.93	355	0	0	0.00	0.01	99.14
1	1	3641	80.72	4510	3394	1.07	1033	0	0	0.00	0.00	19.29	5.66
1	9	59	1.34	4409	3394	0.48	1043	0	0	0.00	0.02	98.69
2	2	145	3.72	3908	3394	0.86	909	0	0	0.00	0.81	95.51	1.40
2	10	47	1.27	3716	3394	0.66	377	0	0	0.00	0.00	98.74
3	3	82	2.06	4003	3394	1.02	435	0	0	0.07	0.22	97.74	0.97
3	11	20	0.53	3724	3394	0.47	224	0	0	0.00	0.02	99.47
4	4	188	4.93	3808	3394	0.91	517	0	0	0.00	0.01	95.09	1.00
4	12	1	0.02	3712	3394	0.44	6	0	0	0.00	0.00	99.97
5	5	368	8.60	4282	3394	0.97	212	0	0	0.00	0.00	91.41	1.07
5	13	30	0.79	3772	3394	1.40	51	0	0	0.00	0.00	99.21
6	6	296	7.41	3998	3394	1.30	352	0	0	0.00	0.00	92.61	0.87
6	14	5	0.13	3712	3394	0.57	81	0	0	0.00	0.00	99.87
7	7	2527	54.53	4634	3394	0.82	559	0	0	0.00	0.00	45.47	6.72
7	15	2007	43.23	4641	3394	0.82	477	0	0	0.00	0.00	56.77
Core	CPU	Avg_MHz	Busy%	Bzy_MHz	TSC_MHz	IPC	IRQ	NMI	SMI	POLL%	C1%	C2%	CorWatt	PkgWatt
-	-	604	13.41	4508	3393	0.94	7333	0	0	0.01	0.02	86.56	18.62	39.41
0	0	89	2.31	3845	3394	0.89	1359	0	0	0.00	0.01	97.74	1.29	39.42
0	8	13	0.35	3747	3394	0.49	145	0	0	0.00	0.00	99.66
1	1	1222	27.47	4449	3394	0.99	671	0	0	0.00	0.00	72.55	5.84
1	9	2769	61.04	4536	3394	1.01	1081	0	0	0.00	0.01	38.97
2	2	147	3.76	3907	3394	0.83	891	0	0	0.00	0.29	95.98	1.39
2	10	26	0.71	3715	3394	0.46	424	0	0	0.00	0.00	99.31
3	3	128	3.05	4181	3394	1.34	571	0	0	0.10	0.04	96.93	1.03
3	11	6	0.17	3728	3394	0.45	143	0	0	0.00	0.01	99.83
4	4	318	7.48	4257	3394	1.39	407	0	0	0.00	0.01	92.53	1.12
4	12	1	0.01	3712	3394	0.35	3	0	0	0.00	0.00	99.99
5	5	210	5.42	3877	3394	1.61	301	0	0	0.00	0.00	94.60	0.67
5	13	2	0.04	3711	3394	0.40	21	0	0	0.00	0.00	99.96
6	6	100	2.70	3713	3394	1.67	292	0	0	0.00	0.00	97.32	0.43
6	14	1	0.03	3712	3394	0.31	4	0	0	0.00	0.00	99.97
7	7	4639	99.96	4641	3394	0.81	1014	0	0	0.00	0.00	0.04	6.86
7	15	2	0.05	4641	3394	0.91	6	0	0	0.00	0.00	99.95
Core	CPU	Avg_MHz	Busy%	Bzy_MHz	TSC_MHz	IPC	IRQ	NMI	SMI	POLL%	C1%	C2%	CorWatt	PkgWatt
-	-	610	13.48	4526	3394	0.94	7635	0	0	0.00	0.07	86.48	19.66	39.96
0	0	138	3.40	4049	3394	1.39	1260	0	0	0.00	0.23	96.42	1.42	39.97
0	8	27	0.73	3716	3394	0.49	471	0	0	0.00	0.12	99.18
1	1	2873	63.22	4544	3394	1.02	873	0	0	0.00	0.00	36.79	6.23
1	9	1385	30.48	4544	3394	1.00	497	0	0	0.00	0.00	69.53
2	2	77	2.08	3719	3394	0.66	846	0	0	0.00	0.00	97.96	1.44
2	10	99	2.32	4247	3394	1.41	257	0	0	0.00	0.00	97.69
3	3	104	2.64	3932	3394	1.66	863	0	0	0.00	0.64	96.76	1.46
3	11	10	0.26	3739	3394	0.54	171	0	0	0.00	0.00	99.74
4	4	86	2.32	3712	3394	0.71	452	0	0	0.00	0.03	97.68	0.61
4	12	0	0.01	3712	3394	0.40	8	0	0	0.00	0.00	99.98
5	5	245	6.17	3967	3394	1.62	697	0	0	0.00	0.02	93.85	1.23
5	13	2	0.05	3713	3394	0.34	9	0	0	0.00	0.00	99.95
6	6	70	1.88	3713	3394	1.71	205	0	0	0.00	0.00	98.13	0.35
6	14	2	0.06	3713	3394	0.40	9	0	0	0.00	0.00	99.94
7	7	2535	54.63	4641	3394	0.81	556	0	0	0.00	0.00	45.37	6.93
7	15	2107	45.40	4641	3394	0.81	461	0	0	0.00	0.00	54.60
Core	CPU	Avg_MHz	Busy%	Bzy_MHz	TSC_MHz	IPC	IRQ	NMI	SMI	POLL%	C1%	C2%	CorWatt	PkgWatt
-	-	614	13.55	4534	3394	0.95	7640	0	0	0.00	0.06	86.42	19.80	40.23
0	0	154	3.93	3905	3394	2.00	907	0	0	0.00	0.00	96.10	1.51	40.20
0	8	41	1.10	3724	3394	0.56	1034	0	0	0.00	0.03	98.92
1	1	1102	24.19	4555	3394	1.01	481	0	0	0.00	0.00	75.82	6.31
1	9	3179	69.67	4563	3394	1.01	995	0	0	0.00	0.00	30.34
2	2	30	0.80	3712	3394	0.40	653	0	0	0.00	0.09	99.13	1.15
2	10	30	0.82	3712	3394	0.56	399	0	0	0.00	0.22	98.98
3	3	109	2.72	4018	3394	1.18	634	0	0	0.06	0.16	97.16	1.51
3	11	48	1.23	3921	3394	1.81	214	0	0	0.00	0.01	98.77
4	4	67	1.79	3712	3394	0.60	380	0	0	0.00	0.36	97.87	0.41
4	12	8	0.22	3712	3394	0.40	54	0	0	0.00	0.00	99.78
5	5	356	8.61	4138	3394	1.42	644	0	0	0.00	0.01	91.42	1.65
5	13	13	0.35	3713	3394	1.38	21	0	0	0.00	0.00	99.65
6	6	48	1.29	3713	3394	2.06	136	0	0	0.00	0.00	98.72	0.27
6	14	4	0.12	3711	3394	0.40	78	0	0	0.00	0.00	99.89
7	7	1	0.02	4640	3394	0.33	6	0	0	0.00	0.00	99.98	6.98
7	15	4641	100.00	4641	3394	0.81	1004	0	0	0.00	0.00	0.00
Core	CPU	Avg_MHz	Busy%	Bzy_MHz	TSC_MHz	IPC	IRQ	NMI	SMI	POLL%	C1%	C2%	CorWatt	PkgWatt
-	-	606	13.35	4542	3392	0.94	7194	1	0	0.00	0.07	86.56	19.04	39.54
0	0	30	0.82	3711	3394	0.95	831	0	0	0.00	0.00	99.22	1.26	39.57
0	8	41	1.09	3711	3394	0.63	991	0	0	0.01	0.09	98.87
1	1	2319	50.84	4563	3394	1.11	663	0	0	0.00	0.00	49.13	6.46
1	9	1986	43.48	4569	3394	1.01	716	0	0	0.00	0.03	56.51
2	2	63	1.68	3781	3394	0.67	730	0	0	0.00	0.48	97.87	1.24
2	10	49	1.31	3713	3394	0.95	320	0	0	0.00	0.00	98.70
3	3	26	0.69	3711	3394	0.60	610	0	0	0.00	0.57	98.77	1.41
3	11	64	1.72	3713	3394	2.20	219	0	0	0.00	0.00	98.28
4	4	75	1.98	3775	3394	0.88	324	0	0	0.00	0.01	98.03	0.59
4	12	24	0.63	3718	3394	0.51	130	0	0	0.00	0.00	99.38
5	5	345	8.25	4183	3394	1.24	356	0	0	0.00	0.00	91.77	0.98
5	13	5	0.14	3747	3394	0.40	72	0	0	0.00	0.00	99.87
6	6	25	0.68	3712	3394	0.54	204	0	0	0.00	0.01	99.33	0.19
6	14	9	0.24	3713	3394	1.86	17	0	0	0.00	0.00	99.76
7	7	3971	85.56	4641	3394	0.81	859	0	0	0.00	0.00	14.44	6.93
7	15	672	14.48	4641	3394	0.81	152	1	0	0.00	0.00	85.52
Core	CPU	Avg_MHz	Busy%	Bzy_MHz	TSC_MHz	IPC	IRQ	NMI	SMI	POLL%	C1%	C2%	CorWatt	PkgWatt
-	-	587	12.94	4532	3394	0.92	7116	1	0	0.01	0.04	87.03	18.98	39.46
0	0	32	0.86	3711	3394	0.94	832	0	0	0.00	0.00	99.18	1.26	39.45
0	8	37	1.00	3711	3394	0.61	932	0	0	0.00	0.06	98.99
1	1	4169	91.99	4533	3394	1.02	1041	0	0	0.00	0.00	8.02	6.21
1	9	23	0.51	4474	3394	0.43	149	0	0	0.00	0.00	99.49
2	2	30	0.80	3712	3394	0.34	681	0	0	0.00	0.01	99.22	0.97
2	10	7	0.19	3712	3394	0.50	70	0	0	0.00	0.00	99.82
3	3	38	1.02	3712	3394	0.55	729	0	0	0.12	0.61	98.40	1.29
3	11	11	0.29	3712	3394	0.61	185	0	0	0.00	0.00	99.71
4	4	31	0.84	3712	3394	0.47	173	0	0	0.00	0.00	99.18	0.21
4	12	26	0.69	3712	3394	0.39	140	0	0	0.00	0.00	99.32
5	5	168	4.27	3942	3394	0.92	663	0	0	0.00	0.01	95.75	1.56
5	13	7	0.18	3777	3394	0.49	146	0	0	0.00	0.01	99.82
6	6	140	3.78	3713	3394	2.16	337	0	0	0.00	0.00	96.25	0.51
6	14	21	0.57	3713	3394	1.75	27	0	0	0.00	0.00	99.43
7	7	4641	100.00	4641	3394	0.81	1006	1	0	0.00	0.00	0.00	6.98
7	15	2	0.05	4641	3394	0.99	5	0	0	0.00	0.00	99.95
Core	CPU	Avg_MHz	Busy%	Bzy_MHz	TSC_MHz	IPC	IRQ	NMI	SMI	POLL%	C1%	C2%	CorWatt	PkgWatt
-	-	609	13.46	4525	3395	0.94	7383	1	0	0.00	0.06	86.53	19.90	40.29
0	0	30	0.82	3720	3394	0.96	847	0	0	0.00	0.00	99.22	1.36	40.27
0	8	94	2.34	4000	3394	1.16	669	0	0	0.00	0.01	97.68
1	1	2777	61.42	4521	3394	1.04	768	1	0	0.00	0.00	38.59	6.15
1	9	1306	28.77	4540	3394	1.01	501	0	0	0.00	0.00	71.23
2	2	91	2.24	4080	3394	0.80	670	0	0	0.00	0.02	97.78	1.03
2	10	16	0.43	3732	3394	0.49	276	0	0	0.00	0.30	99.28
3	3	90	2.20	4093	3394	1.49	680	0	0	0.01	0.52	97.30	1.35
3	11	49	1.31	3764	3394	0.64	225	0	0	0.00	0.04	98.66
4	4	25	0.68	3712	3394	0.42	170	0	0	0.00	0.00	99.33	0.18
4	12	19	0.50	3712	3394	0.42	129	0	0	0.00	0.00	99.51
5	5	427	9.94	4293	3394	1.15	641	0	0	0.00	0.02	90.07	1.91
5	13	7	0.19	3874	3394	0.45	144	0	0	0.00	0.00	99.82
6	6	165	4.43	3713	3394	2.12	650	0	0	0.00	0.03	95.57	0.92
6	14	1	0.03	3716	3394	0.30	5	0	0	0.00	0.00	99.97
7	7	2637	56.83	4641	3394	0.81	574	0	0	0.00	0.00	43.17	7.00
7	15	2005	43.20	4641	3394	0.81	434	0	0	0.00	0.00	56.80
Core	CPU	Avg_MHz	Busy%	Bzy_MHz	TSC_MHz	IPC	IRQ	NMI	SMI	POLL%	C1%	C2%	CorWatt	PkgWatt
-	-	609	13.43	4533	3392	0.95	7245	0	0	0.00	0.05	86.49	19.98	40.43
0	0	26	0.69	3721	3394	0.92	732	0	0	0.00	0.00	99.34	1.46	40.45
0	8	125	3.17	3948	3394	1.41	439	0	0	0.00	0.01	96.82
1	1	1782	39.12	4557	3394	1.02	546	0	0	0.00	0.00	60.89	6.30
1	9	2479	54.45	4554	3394	1.01	741	0	0	0.00	0.00	45.56
2	2	31	0.83	3714	3394	0.36	645	0	0	0.00	0.06	99.14	1.11
2	10	63	1.55	4082	3394	1.16	149	0	0	0.00	0.06	98.40
3	3	57	1.52	3721	3394	1.05	439	0	0	0.05	0.01	98.49	0.82
3	11	78	2.10	3713	3394	0.74	336	0	0	0.00	0.00	97.92
4	4	241	5.54	4353	3394	1.49	435	0	0	0.00	0.01	94.48	1.03
4	12	14	0.37	3770	3394	0.43	101	0	0	0.00	0.00	99.64
5	5	28	0.76	3712	3394	0.58	465	0	0	0.00	0.59	98.67	0.80
5	13	7	0.18	3711	3394	0.44	138	0	0	0.00	0.01	99.82
6	6	166	4.48	3713	3394	2.14	1059	0	0	0.00	0.10	95.47	1.49
6	14	1	0.03	3712	3394	0.33	7	0	0	0.00	0.00	99.97
7	7	1612	34.74	4641	3394	0.81	353	0	0	0.00	0.00	65.26	6.97
7	15	3032	65.33	4641	3394	0.81	660	0	0	0.00	0.00	34.67
Core	CPU	Avg_MHz	Busy%	Bzy_MHz	TSC_MHz	IPC	IRQ	NMI	SMI	POLL%	C1%	C2%	CorWatt	PkgWatt
-	-	614	13.56	4525	3395	0.95	7424	0	0	0.00	0.03	86.47	19.53	40.14
0	0	32	0.85	3711	3394	0.93	831	0	0	0.00	0.00	99.19	1.51	40.12
0	8	156	4.21	3713	3394	1.24	604	0	0	0.00	0.08	95.74
1	1	4087	90.00	4541	3394	1.04	1048	0	0	0.00	0.00	10.00	6.18
1	9	34	0.77	4473	3394	0.46	217	0	0	0.00	0.00	99.24
2	2	48	1.29	3723	3394	0.58	675	0	0	0.00	0.00	98.75	1.19
2	10	109	2.59	4216	3394	1.48	227	0	0	0.00	0.31	97.12
3	3	63	1.70	3713	3394	0.81	437	0	0	0.01	0.02	98.32	0.31
3	11	0	0.01	3711	3394	0.43	6	0	0	0.00	0.00	99.99
4	4	355	8.07	4394	3394	1.11	449	0	0	0.00	0.01	91.94	1.23
4	12	67	1.55	4306	3394	1.37	221	0	0	0.00	0.00	98.46
5	5	73	1.97	3712	3394	0.83	483	0	0	0.00	0.03	98.03	0.70
5	13	11	0.29	3712	3394	0.93	145	0	0	0.00	0.01	99.71
6	6	133	3.58	3712	3394	2.05	1055	0	0	0.00	0.08	96.39	1.44
6	14	2	0.06	3713	3394	0.37	16	0	0	0.00	0.00	99.94
7	7	4641	100.00	4641	3394	0.81	1005	0	0	0.00	0.00	0.00	6.96
7	15	2	0.05	4641	3394	0.98	5	0	0	0.00	0.00	99.94
Core	CPU	Avg_MHz	Busy%	Bzy_MHz	TSC_MHz	IPC	IRQ	NMI	SMI	POLL%	C1%	C2%	CorWatt	PkgWatt
-	-	607	13.41	4524	3393	0.95	7289	0	0	0.01	0.06	86.54	20.74	41.06
0	0	30	0.81	3711	3394	0.96	808	0	0	0.00	0.00	99.23	1.38	41.10
0	8	88	2.36	3713	3394	1.68	284	0	0	0.00	0.01	97.65
1	1	4146	91.35	4539	3394	1.05	1042	0	0	0.00	0.00	8.65	6.30
1	9	32	0.72	4462	3394	0.43	205	0	0	0.00	0.00	99.29
2	2	56	1.52	3713	3394	0.65	577	0	0	0.00	0.01	98.50	1.22
2	10	18	0.47	3712	3394	0.77	228	0	0	0.00	0.73	98.81
3	3	39	1.06	3712	3394	0.49	542	0	0	0.11	0.17	98.80	1.01
3	11	10	0.26	3712	3394	0.51	170	0	0	0.00	0.01	99.75
4	4	61	1.65	3712	3394	0.89	543	0	0	0.00	0.00	98.39	0.56
4	12	1	0.03	3712	3394	0.46	10	0	0	0.00	0.00	99.97
5	5	401	9.48	4232	3394	1.03	579	0	0	0.00	0.03	90.51	1.78
5	13	19	0.51	3786	3394	0.43	222	0	0	0.00	0.01	99.50
6	6	162	4.25	3798	3394	2.00	1060	0	0	0.00	0.03	95.76	1.49
6	14	1	0.03	3713	3394	0.35	7	0	0	0.00	0.00	99.97
7	7	4639	99.95	4641	3394	0.81	1006	0	0	0.00	0.00	0.05	7.00
7	15	2	0.05	4640	3394	0.96	6	0	0	0.00	0.00	99.95
Core	CPU	Avg_MHz	Busy%	Bzy_MHz	TSC_MHz	IPC	IRQ	NMI	SMI	POLL%	C1%	C2%	CorWatt	PkgWatt
-	-	609	13.44	4532	3394	0.94	7333	0	0	0.00	0.08	86.50	20.48	40.87
0	0	26	0.69	3711	3394	0.95	688	0	0	0.00	0.00	99.34	1.34	40.83
0	8	88	2.36	3713	3394	2.03	178	0	0	0.00	0.00	97.65
1	1	4152	91.37	4544	3394	1.05	1185	0	0	0.00	0.08	8.56	6.31
1	9	26	0.58	4509	3394	0.43	162	0	0	0.00	0.00	99.43
2	2	66	1.76	3759	3394	0.94	635	0	0	0.00	0.00	98.27	0.88
2	10	10	0.27	3730	3394	0.44	124	0	0	0.00	0.40	99.34
3	3	89	2.19	4050	3394	1.11	617	0	0	0.00	0.59	97.25	0.92
3	11	10	0.26	3712	3394	0.46	103	0	0	0.00	0.00	99.75
4	4	51	1.36	3712	3394	0.69	779	0	0	0.00	0.21	98.47	1.13
4	12	15	0.40	3712	3394	0.63	251	0	0	0.00	0.00	99.62
5	5	452	10.56	4281	3394	1.22	717	0	0	0.00	0.01	89.46	1.97
5	13	16	0.41	3809	3394	0.44	181	0	0	0.00	0.00	99.60
6	6	100	2.70	3712	3394	1.33	609	0	0	0.00	0.06	97.27	0.92
6	14	4	0.10	3711	3394	0.45	93	0	0	0.00	0.00	99.91
7	7	4641	100.00	4641	3394	0.81	1005	0	0	0.00	0.00	0.00	7.02
7	15	3	0.06	4641	3394	0.90	6	0	0	0.00	0.00	99.94
Core	CPU	Avg_MHz	Busy%	Bzy_MHz	TSC_MHz	IPC	IRQ	NMI	SMI	POLL%	C1%	C2%	CorWatt	PkgWatt
-	-	609	13.43	4534	3394	0.94	7192	0	0	0.00	0.04	86.54	20.10	40.63
0	0	31	0.82	3711	3394	0.98	837	0	0	0.00	0.00	99.22	1.35	40.63
0	8	68	1.84	3713	3394	0.94	331	0	0	0.00	0.00	98.17
1	1	4119	90.58	4548	3394	1.06	1085	0	0	0.00	0.01	9.39	6.32
1	9	33	0.73	4487	3394	0.43	235	0	0	0.00	0.00	99.28
2	2	98	2.44	4017	3394	0.77	575	0	0	0.00	0.00	97.59	0.97
2	10	85	1.95	4366	3394	0.90	310	0	0	0.00	0.45	97.62
3	3	29	0.78	3712	3394	0.48	536	0	0	0.04	0.19	99.07	0.90
3	11	10	0.28	3712	3394	0.49	135	0	0	0.00	0.00	99.73
4	4	56	1.52	3713	3394	0.68	316	0	0	0.00	0.01	98.49	0.88
4	12	78	1.91	4098	3394	1.22	226	0	0	0.00	0.00	98.10
5	5	387	9.19	4209	3394	1.26	769	0	0	0.00	0.00	90.85	1.85
5	13	8	0.22	3724	3394	0.47	135	0	0	0.00	0.01	99.77
6	6	93	2.51	3712	3394	1.83	661	0	0	0.00	0.01	97.52	0.82
6	14	2	0.07	3711	3394	0.33	33	0	0	0.00	0.00	99.94
7	7	4641	100.00	4641	3394	0.81	1004	0	0	0.00	0.00	0.00	7.01
7	15	2	0.05	4641	3394	0.97	4	0	0	0.00	0.00	99.95
Core	CPU	Avg_MHz	Busy%	Bzy_MHz	TSC_MHz	IPC	IRQ	NMI	SMI	POLL%	C1%	C2%	CorWatt	PkgWatt
-	-	610	13.47	4532	3394	0.94	7201	0	0	0.01	0.04	86.51	19.35	40.29
0	0	38	1.03	3712	3394	1.09	903	0	0	0.00	0.00	99.02	1.36	40.29
0	8	64	1.72	3712	3394	1.73	622	0	0	0.00	0.09	98.21
1	1	4093	90.07	4545	3394	1.04	1068	0	0	0.00	0.07	9.86	6.23
1	9	55	1.21	4564	3394	0.74	274	0	0	0.00	0.00	98.80
2	2	34	0.90	3715	3394	0.40	526	0	0	0.00	0.25	98.87	1.10
2	10	64	1.58	4059	3394	1.17	231	0	0	0.00	0.12	98.32
3	3	31	0.84	3712	3394	0.52	453	0	0	0.08	0.08	99.11	0.87
3	11	24	0.65	3711	3394	0.53	554	0	0	0.00	0.01	99.38
4	4	31	0.84	3712	3394	0.45	363	0	0	0.00	0.00	99.19	0.44
4	12	20	0.54	3712	3394	0.38	135	0	0	0.00	0.00	99.47
5	5	517	11.98	4316	3394	1.42	348	0	0	0.00	0.00	88.04	1.44
5	13	8	0.22	3746	3394	0.39	117	0	0	0.00	0.02	99.77
6	6	142	3.81	3713	3394	0.89	595	0	0	0.00	0.01	96.22	0.92
6	14	1	0.03	3712	3394	0.32	5	0	0	0.00	0.00	99.97
7	7	2348	50.58	4641	3394	0.81	509	0	0	0.00	0.00	49.42	6.99
7	15	2296	49.47	4641	3394	0.81	498	0	0	0.00	0.00	50.53
Core	CPU	Avg_MHz	Busy%	Bzy_MHz	TSC_MHz	IPC	IRQ	NMI	SMI	POLL%	C1%	C2%	CorWatt	PkgWatt
-	-	611	13.52	4516	3394	0.95	7627	0	0	0.00	0.02	86.48	20.42	40.89
0	0	50	1.36	3712	3394	1.18	1131	0	0	0.00	0.00	98.69	1.37	40.89
0	8	56	1.51	3713	3394	1.05	202	0	0	0.00	0.01	98.49
1	1	4052	89.40	4532	3394	1.05	1103	0	0	0.00	0.09	10.52	6.22
1	9	25	0.56	4466	3394	0.62	144	0	0	0.00	0.00	99.45
2	2	51	1.36	3712	3394	0.60	550	0	0	0.00	0.00	98.67	1.10
2	10	32	0.87	3713	3394	1.61	144	0	0	0.00	0.00	99.13
3	3	53	1.42	3712	3394	1.45	517	0	0	0.05	0.14	98.47	1.43
3	11	35	0.94	3711	3394	0.67	944	0	0	0.00	0.00	99.10
4	4	169	4.32	3919	3394	1.22	629	0	0	0.00	0.01	95.67	1.23
4	12	22	0.58	3726	3394	1.10	181	0	0	0.00	0.00	99.43
5	5	454	10.64	4263	3394	1.29	321	0	0	0.00	0.00	89.38	1.25
5	13	22	0.59	3776	3394	0.43	192	0	0	0.00	0.01	99.42
6	6	105	2.71	3879	3394	0.90	496	0	0	0.00	0.00	97.32	0.81
6	14	4	0.12	3711	3394	0.36	64	0	0	0.00	0.00	99.89
7	7	4635	99.86	4641	3394	0.81	1004	0	0	0.00	0.00	0.14	7.01
7	15	7	0.15	4641	3394	0.78	5	0	0	0.00	0.00	99.85
Core	CPU	Avg_MHz	Busy%	Bzy_MHz	TSC_MHz	IPC	IRQ	NMI	SMI	POLL%	C1%	C2%	CorWatt	PkgWatt
-	-	610	13.50	4520	3392	0.94	7277	0	0	0.01	0.03	86.43	20.19	40.69
0	0	53	1.43	3712	3394	1.13	999	0	0	0.00	0.00	98.62	1.56	40.80
0	8	143	3.86	3713	3394	2.38	247	0	0	0.00	0.00	96.15
1	1	4027	88.68	4541	3394	1.03	1018	0	0	0.00	0.00	11.33	6.13
1	9	19	0.44	4477	3394	0.44	141	0	0	0.00	0.00	99.57
2	2	40	1.09	3716	3394	0.43	515	0	0	0.00	0.00	98.94	0.83
2	10	13	0.35	3712	3394	0.44	225	0	0	0.00	0.21	99.46
3	3	104	2.59	4042	3394	1.11	390	0	0	0.17	0.32	97.11	1.51
3	11	34	0.92	3728	3394	0.68	941	0	0	0.00	0.02	99.11
4	4	139	3.65	3805	3394	1.23	578	0	0	0.00	0.00	96.38	1.35
4	12	13	0.35	3715	3394	0.46	124	0	0	0.00	0.00	99.66
5	5	463	10.53	4402	3394	1.18	430	0	0	0.00	0.00	89.48	1.39
5	13	26	0.70	3792	3394	0.38	180	0	0	0.00	0.00	99.32
6	6	35	0.93	3711	3394	0.76	295	0	0	0.00	0.00	99.09	0.40
6	14	30	0.81	3712	3394	0.54	181	0	0	0.00	0.00	99.20
7	7	2852	61.44	4641	3394	0.81	624	0	0	0.00	0.00	38.56	7.02
7	15	1776	38.26	4641	3394	0.81	389	0	0	0.00	0.00	61.74
Core	CPU	Avg_MHz	Busy%	Bzy_MHz	TSC_MHz	IPC	IRQ	NMI	SMI	POLL%	C1%	C2%	CorWatt	PkgWatt
-	-	609	13.46	4523	3392	0.94	7592	1	0	0.00	0.03	86.50	20.24	40.52
0	0	56	1.51	3712	3394	1.16	1177	0	0	0.00	0.01	98.53	1.36	40.53
0	8	45	1.20	3712	3394	2.40	91	0	0	0.00	0.00	98.80
1	1	2631	56.78	4634	3394	0.81	617	0	0	0.00	0.00	43.22	6.88
1	9	2013	43.38	4641	3394	0.80	571	0	0	0.00	0.00	56.62
2	2	34	0.90	3713	3394	0.54	543	0	0	0.00	0.00	99.12	1.22
2	10	23	0.63	3714	3394	0.65	437	0	0	0.00	0.17	99.22
3	3	95	2.21	4290	3394	0.75	478	0	0	0.04	0.27	97.53	1.47
3	11	32	0.85	3730	3394	0.67	976	0	0	0.00	0.00	99.20
4	4	19	0.51	3700	3394	0.39	320	0	0	0.00	0.00	99.51	1.36
4	12	140	3.76	3712	3394	0.86	635	0	0	0.00	0.00	96.27
5	5	512	11.60	4414	3394	1.33	344	0	0	0.00	0.01	88.40	1.71
5	13	113	2.88	3918	3394	1.68	253	0	0	0.00	0.00	97.14
6	6	3	0.09	3570	3394	0.40	12	0	0	0.00	0.00	99.91	0.36
6	14	86	2.11	4094	3394	1.21	196	0	0	0.00	0.02	97.89
7	7	1586	35.05	4525	3394	1.02	384	1	0	0.00	0.00	64.95	5.91
7	15	2360	51.97	4541	3394	1.03	558	0	0	0.00	0.00	48.04
Core	CPU	Avg_MHz	Busy%	Bzy_MHz	TSC_MHz	IPC	IRQ	NMI	SMI	POLL%	C1%	C2%	CorWatt	PkgWatt
-	-	611	13.50	4531	3396	0.95	7750	2	0	0.01	0.03	86.56	19.92	40.36
0	0	53	1.44	3712	3394	1.17	1084	0	0	0.00	0.00	98.61	1.30	40.28
0	8	27	0.73	3711	3394	0.62	908	0	0	0.00	0.00	99.32
1	1	2502	53.92	4641	3394	0.80	579	1	0	0.00	0.00	46.09	6.90
1	9	2156	46.46	4641	3394	0.80	641	1	0	0.00	0.00	53.55
2	2	34	0.91	3724	3394	0.37	678	0	0	0.00	0.05	99.08	1.33
2	10	77	1.87	4135	3394	1.67	344	0	0	0.00	0.22	97.91
3	3	54	1.46	3712	3394	0.57	613	0	0	0.11	0.16	98.41	0.92
3	11	6	0.16	3712	3394	0.65	133	0	0	0.00	0.00	99.84
4	4	310	7.00	4422	3394	1.50	360	0	0	0.00	0.03	92.98	1.22
4	12	9	0.24	3776	3394	0.41	218	0	0	0.00	0.00	99.78
5	5	151	4.06	3713	3394	0.74	743	0	0	0.00	0.02	95.96	1.81
5	13	151	4.06	3713	3394	2.22	263	0	0	0.00	0.00	95.96
6	6	5	0.13	3712	3394	0.44	33	0	0	0.00	0.00	99.87	0.18
6	14	20	0.55	3712	3394	0.48	150	0	0	0.00	0.00	99.47
7	7	0	0.01	4641	3394	0.35	3	0	0	0.00	0.00	99.99	6.24
7	15	4214	92.83	4540	3394	1.03	1000	0	0	0.00	0.00	7.18
Core	CPU	Avg_MHz	Busy%	Bzy_MHz	TSC_MHz	IPC	IRQ	NMI	SMI	POLL%	C1%	C2%	CorWatt	PkgWatt
-	-	610	13.46	4529	3394	0.95	7499	0	0	0.01	0.08	86.49	19.60	40.07
0	0	53	1.42	3712	3394	1.20	1047	0	0	0.00	0.00	98.63	1.30	40.04
0	8	29	0.77	3711	3394	0.62	976	0	0	0.00	0.00	99.27
1	1	4639	99.96	4641	3394	0.81	1007	0	0	0.00	0.00	0.04	6.89
1	9	21	0.46	4641	3394	0.40	145	0	0	0.00	0.00	99.55
2	2	42	1.14	3712	3394	0.41	831	0	0	0.00	0.78	98.13	0.90
2	10	0	0.01	3711	3394	0.55	8	0	0	0.00	0.00	99.99
3	3	58	1.57	3712	3394	0.62	700	0	0	0.17	0.48	97.98	1.23
3	11	7	0.19	3712	3394	0.68	132	0	0	0.00	0.00	99.82
4	4	201	4.50	4467	3394	1.65	123	0	0	0.00	0.00	95.51	0.64
4	12	12	0.33	3750	3394	0.36	244	0	0	0.00	0.00	99.70
5	5	176	4.09	4293	3394	1.40	336	0	0	0.00	0.00	95.93	1.11
5	13	162	4.25	3798	3394	2.08	266	0	0	0.00	0.00	95.77
6	6	146	3.94	3713	3394	0.80	619	0	0	0.00	0.02	96.07	1.36
6	14	16	0.43	3713	3394	0.52	69	0	0	0.00	0.00	99.57
7	7	0	0.01	4641	3394	0.35	3	0	0	0.00	0.00	99.99	6.17
7	15	4191	92.30	4541	3394	1.02	993	0	0	0.00	0.00	7.71
Core	CPU	Avg_MHz	Busy%	Bzy_MHz	TSC_MHz	IPC	IRQ	NMI	SMI	POLL%	C1%	C2%	CorWatt	PkgWatt
-	-	428	9.46	4521	3393	0.93	5867	0	0	0.00	0.06	90.49	13.32	33.51
0	0	51	1.38	3699	3394	1.03	830	0	0	0.00	0.31	98.36	0.99	33.51
0	8	25	0.68	3698	3394	0.63	746	0	0	0.00	0.01	99.35
1	1	1447	31.20	4638	3394	0.80	342	0	0	0.00	0.00	68.81	4.94
1	9	1840	39.66	4640	3394	0.80	533	0	0	0.00	0.00	60.34
2	2	25	0.68	3694	3394	0.29	396	0	0	0.00	0.01	99.33	0.31
2	10	4	0.11	3693	3394	0.59	84	0	0	0.00	0.01	99.88
3	3	23	0.62	3699	3394	0.52	398	0	0	0.02	0.20	99.20	0.56
3	11	34	0.85	4004	3394	1.04	140	0	0	0.00	0.33	98.82
4	4	99	2.30	4297	3394	1.59	115	0	0	0.00	0.00	97.71	0.41
4	12	9	0.25	3703	3394	0.33	188	0	0	0.00	0.00	99.77
5	5	93	2.51	3709	3394	0.77	472	0	0	0.00	0.00	97.51	1.38
5	13	161	4.25	3779	3394	2.09	360	0	0	0.00	0.00	95.77
6	6	28	0.75	3702	3394	0.58	223	0	0	0.00	0.00	99.27	0.25
6	14	6	0.17	3675	3394	0.56	44	0	0	0.00	0.01	99.83
7	7	20	0.46	4390	3394	0.47	292	0	0	0.00	0.03	99.51	4.48
7	15	2979	65.51	4548	3394	1.02	704	0	0	0.00	0.00	34.50
Core	CPU	Avg_MHz	Busy%	Bzy_MHz	TSC_MHz	IPC	IRQ	NMI	SMI	POLL%	C1%	C2%	CorWatt	PkgWatt
-	-	27	0.66	4131	3393	1.06	1330	0	0	0.00	0.03	99.31	1.75	18.12
0	0	9	0.25	3622	3394	0.51	149	0	0	0.00	0.00	99.76	0.16	18.12
0	8	6	0.17	3593	3394	0.41	51	0	0	0.00	0.00	99.84
1	1	50	1.38	3591	3394	0.19	154	0	0	0.00	0.01	98.65	0.26
1	9	3	0.08	3577	3394	0.25	16	0	0	0.00	0.00	99.93
2	2	9	0.24	3646	3394	0.20	61	0	0	0.00	0.00	99.76	0.08
2	10	7	0.20	3535	3394	0.69	45	0	0	0.00	0.00	99.80
3	3	32	0.90	3584	3394	0.25	330	0	0	0.01	0.09	99.05	0.30
3	11	1	0.03	3611	3394	0.30	14	0	0	0.00	0.00	99.98
4	4	108	2.37	4555	3394	1.54	64	0	0	0.00	0.00	97.63	0.35
4	12	7	0.20	3747	3394	0.50	65	0	0	0.00	0.00	99.81
5	5	9	0.25	3600	3394	0.43	106	0	0	0.00	0.00	99.76	0.10
5	13	8	0.23	3619	3394	0.33	40	0	0	0.00	0.00	99.77
6	6	4	0.12	3576	3394	0.28	37	0	0	0.00	0.00	99.89	0.08
6	14	3	0.09	3588	3394	0.37	68	0	0	0.00	0.00	99.91
7	7	178	4.00	4438	3394	1.41	123	0	0	0.00	0.31	95.69	0.41
7	15	2	0.06	3608	3394	1.03	7	0	0	0.00	0.00	99.94
Core	CPU	Avg_MHz	Busy%	Bzy_MHz	TSC_MHz	IPC	IRQ	NMI	SMI	POLL%	C1%	C2%	CorWatt	PkgWatt
-	-	93	2.41	3846	3394	1.00	8083	0	0	0.00	0.28	97.35	4.04	21.15
0	0	41	1.12	3684	3394	0.75	332	0	0	0.00	0.06	98.84	0.31	21.14
0	8	63	1.78	3545	3394	0.67	479	0	0	0.00	0.21	98.03
1	1	208	5.02	4149	3394	1.27	504	0	0	0.00	0.00	95.01	0.87
1	9	160	4.08	3915	3394	1.11	931	0	0	0.01	0.72	95.25
2	2	116	2.85	4066	3394	1.12	487	0	0	0.00	0.57	96.60	0.59
2	10	73	2.05	3580	3394	0.63	783	0	0	0.00	0.27	97.72
3	3	98	2.69	3632	3394	0.91	528	0	0	0.00	0.73	96.62	0.43
3	11	35	0.95	3632	3394	0.61	524	0	0	0.00	0.04	99.04
4	4	68	1.87	3622	3394	0.72	433	0	0	0.00	0.37	97.78	0.30
4	12	53	1.34	3917	3394	1.00	168	0	0	0.00	0.00	98.67
5	5	226	5.79	3911	3394	1.22	970	0	0	0.00	0.52	93.74	0.71
5	13	61	1.65	3700	3394	0.83	365	0	0	0.00	0.36	98.01
6	6	52	1.45	3574	3394	0.48	586	0	0	0.00	0.44	98.15	0.30
6	14	11	0.30	3491	3394	0.41	123	0	0	0.00	0.00	99.70
7	7	202	5.13	3935	3394	1.09	604	0	0	0.01	0.06	94.79	0.52
7	15	19	0.54	3521	3394	0.54	266	0	0	0.00	0.09	99.39
Core	CPU	Avg_MHz	Busy%	Bzy_MHz	TSC_MHz	IPC	IRQ	NMI	SMI	POLL%	C1%	C2%	CorWatt	PkgWatt
-	-	72	1.86	3870	3393	1.28	3848	0	0	0.00	0.13	98.01	3.25	21.03
0	0	18	0.51	3532	3394	0.66	170	0	0	0.00	0.01	99.50	0.17	21.03
0	8	23	0.66	3520	3394	1.00	55	0	0	0.00	0.13	99.21
1	1	366	8.75	4182	3394	1.53	617	0	0	0.00	0.35	90.94	0.90
1	9	39	1.09	3587	3394	0.64	408	0	0	0.00	0.22	98.71
2	2	76	1.88	4031	3394	1.39	317	0	0	0.00	0.28	97.86	0.47
2	10	73	1.96	3751	3394	1.46	271	0	0	0.00	0.00	98.06
3	3	31	0.88	3564	3394	0.31	360	0	0	0.01	0.10	99.06	0.32
3	11	15	0.43	3529	3394	0.60	258	0	0	0.00	0.00	99.58
4	4	104	2.57	4026	3394	1.39	213	0	0	0.00	0.00	97.44	0.30
4	12	12	0.32	3581	3394	0.97	51	0	0	0.00	0.61	99.08
5	5	87	2.33	3721	3394	1.69	231	0	0	0.00	0.03	97.66	0.38
5	13	27	0.77	3577	3394	0.25	129	0	0	0.00	0.00	99.26
6	6	75	2.06	3633	3394	0.85	218	0	0	0.00	0.08	97.87	0.20
6	14	2	0.04	3527	3394	0.26	13	0	0	0.00	0.00	99.96
7	7	203	5.48	3707	3394	1.26	528	0	0	0.00	0.33	94.17	0.52
7	15	4	0.11	3662	3394	0.66	9	0	0	0.00	0.00	99.89
