turbostat version 2025.09.09 - Len Brown <lenb@kernel.org>
Kernel command line: BOOT_IMAGE=/boot/vmlinuz-6.17.0-35-generic root=UUID=37e0ef02-2557-4d29-8187-72bb5e6547ba ro quiet splash vt.handoff=7
CPUID(0): AuthenticAMD 0x10 CPUID levels
CPUID(1): family:model:stepping 0x19:21:2 (25:33:2) microcode 0x0
CPUID(0x80000000): max_extended_levels: 0x80000023
CPUID(1): SSE3 MONITOR - - - TSC MSR - HT -
CPUID(6): APERF, No-TURBO, No-DTS, No-PTM, No-HWP, No-HWPnotify, No-HWPwindow, No-HWPepp, No-HWPpkg, No-EPB
CPUID(7): No-SGX No-Hybrid
cpu0: cpufreq driver: amd-pstate-epp
cpu0: cpufreq governor: powersave
cpufreq boost: 1
/dev/cpu_dma_latency: 2000000000 usec (default)
current_driver: acpi_idle
current_governor: menu
current_governor_ro: menu
cpu0: POLL: CPUIDLE CORE POLL IDLE
cpu0: C1: ACPI FFH MWAIT 0x0
cpu0: C2: ACPI IOPORT 0x414
RAPL: 234 sec. Joule Counter Range, at 280 Watts
intel-rapl:0: package-0 disabled
intel-rapl:0/intel-rapl:0:0: core disabled
cpu0: MSR_RAPL_PWR_UNIT: 0x000a1003 (0.125000 Watts, 0.000015 Joules, 0.000977 sec.)
Core	CPU	Avg_MHz	Busy%	Bzy_MHz	TSC_MHz	IPC	IRQ	NMI	SMI	POLL%	C1%	C2%	CorWatt	PkgWatt
-	-	620	15.75	3936	3394	0.99	113402	0	0	0.02	7.62	76.94	31.73	46.91
0	0	481	13.02	3694	3394	0.91	8822	0	0	0.00	5.10	82.16	3.49	46.91
0	8	508	13.63	3728	3394	0.92	8758	0	0	0.02	8.58	78.14
1	1	1264	31.58	4001	3394	1.08	11042	0	0	0.04	14.33	54.62	4.77
1	9	554	14.06	3942	3394	0.72	8145	0	0	0.01	5.18	81.07
2	2	468	12.48	3751	3394	0.98	6722	0	0	0.01	5.52	82.25	3.50
2	10	443	11.94	3710	3394	0.74	8579	0	0	0.00	5.39	82.95
3	3	383	10.33	3711	3394	1.11	6208	0	0	0.12	4.22	85.64	2.88
3	11	145	3.94	3686	3394	0.77	2590	0	0	0.00	0.83	95.32
4	4	759	20.20	3757	3394	0.96	9877	0	0	0.02	8.83	71.35	3.50
4	12	171	4.54	3757	3394	0.66	2175	0	0	0.00	1.00	94.53
5	5	984	26.17	3760	3394	1.17	13496	0	0	0.03	12.11	62.26	3.90
5	13	123	3.31	3717	3394	0.79	1651	0	0	0.00	0.33	96.40
6	6	735	19.68	3735	3394	0.91	10959	0	0	0.02	10.08	70.68	3.49
6	14	207	5.40	3839	3394	0.84	2103	0	0	0.00	0.94	93.71
7	7	556	12.78	4349	3394	0.68	4008	0	0	0.01	14.49	73.25	6.21
7	15	2134	48.87	4368	3394	1.19	8267	0	0	0.06	25.05	26.77
Core	CPU	Avg_MHz	Busy%	Bzy_MHz	TSC_MHz	IPC	IRQ	NMI	SMI	POLL%	C1%	C2%	CorWatt	PkgWatt
-	-	650	16.62	3909	3394	1.08	104730	0	0	0.02	7.03	76.63	29.33	45.27
0	0	351	9.35	3756	3394	0.90	5646	0	0	0.01	3.70	87.13	3.11	45.27
0	8	596	15.79	3774	3394	0.99	6991	0	0	0.02	6.09	78.38
1	1	1034	24.92	4147	3394	0.91	7260	0	0	0.01	13.92	61.65	4.43
1	9	864	21.34	4050	3394	0.90	9206	0	0	0.02	8.21	70.83
2	2	225	5.96	3776	3394	0.95	3293	0	0	0.01	2.39	91.76	2.73
2	10	411	11.19	3669	3394	0.95	6269	0	0	0.01	4.86	84.17
3	3	192	5.26	3653	3394	0.88	3075	0	0	0.05	2.15	92.69	2.42
3	11	357	9.87	3613	3394	0.85	7085	0	0	0.01	3.15	87.22
4	4	1242	31.66	3924	3394	1.22	7817	0	0	0.04	16.65	52.15	4.01
4	12	290	7.43	3906	3394	0.71	5143	0	0	0.01	1.47	91.26
5	5	1230	31.13	3950	3394	1.21	9375	0	0	0.02	15.44	53.96	4.66
5	13	724	18.21	3976	3394	0.82	7946	0	0	0.01	4.94	77.11
6	6	758	20.35	3724	3394	1.03	9183	0	0	0.02	7.15	72.84	3.25
6	14	209	5.32	3925	3394	0.96	2034	0	0	0.01	0.90	93.86
7	7	1278	31.79	4019	3394	1.60	8526	0	0	0.03	12.64	56.00	4.72
7	15	632	16.30	3876	3394	1.15	5881	0	0	0.01	8.89	75.09
Core	CPU	Avg_MHz	Busy%	Bzy_MHz	TSC_MHz	IPC	IRQ	NMI	SMI	POLL%	C1%	C2%	CorWatt	PkgWatt
-	-	940	22.91	4102	3390	1.09	114695	1	0	0.02	8.27	69.06	41.58	56.15
0	0	663	17.25	3842	3394	1.22	8045	0	0	0.01	5.89	77.12	4.76	56.25
0	8	771	20.17	3822	3394	1.09	9156	0	0	0.02	9.99	70.22
1	1	2398	54.99	4361	3394	1.31	8063	0	0	0.02	9.82	35.56	6.71
1	9	585	14.33	4083	3394	1.17	8028	1	0	0.00	2.53	83.40
2	2	434	11.67	3721	3394	0.89	7078	0	0	0.01	5.69	82.87	3.74
2	10	458	12.30	3724	3394	1.03	6152	0	0	0.02	5.50	82.44
3	3	458	12.29	3729	3394	0.97	6435	0	0	0.05	6.35	81.58	3.75
3	11	381	9.98	3821	3394	0.93	4328	0	0	0.01	2.82	87.36
4	4	1201	29.86	4023	3394	1.05	7974	0	0	0.02	14.48	56.06	5.10
4	12	564	14.39	3917	3394	0.85	8428	0	0	0.02	5.99	79.95
5	5	1633	38.77	4213	3394	0.94	9349	0	0	0.01	14.74	47.06	6.26
5	13	1001	24.19	4137	3394	0.87	8469	0	0	0.02	10.01	66.19
6	6	704	18.56	3795	3394	1.05	7884	0	0	0.02	10.94	70.90	4.27
6	14	486	12.75	3816	3394	1.05	5370	0	0	0.01	6.97	80.53
7	7	1108	25.78	4299	3394	1.27	6195	0	0	0.02	17.05	57.66	7.03
7	15	2201	49.19	4475	3394	1.13	3741	0	0	0.01	3.63	47.34
Core	CPU	Avg_MHz	Busy%	Bzy_MHz	TSC_MHz	IPC	IRQ	NMI	SMI	POLL%	C1%	C2%	CorWatt	PkgWatt
-	-	1168	27.52	4245	3397	0.93	111698	0	0	0.02	7.72	65.14	47.48	62.64
0	0	891	22.14	4025	3394	1.00	7532	0	0	0.01	6.44	71.69	5.38	62.53
0	8	879	22.63	3886	3394	0.99	10004	0	0	0.01	6.88	70.86
1	1	2749	59.22	4641	3394	0.81	1647	0	0	0.00	0.03	40.75	8.28
1	9	1927	41.52	4641	3394	0.81	1244	0	0	0.00	0.00	58.49
2	2	461	12.16	3792	3394	0.95	6085	0	0	0.01	4.13	83.89	4.15
2	10	497	13.18	3771	3394	0.99	5972	0	0	0.01	5.56	81.48
3	3	472	12.54	3764	3394	0.95	6785	0	0	0.08	7.63	80.07	4.15
3	11	401	10.63	3772	3394	1.13	4961	0	0	0.01	5.05	84.52
4	4	1160	28.08	4131	3394	0.92	8222	0	0	0.02	10.91	61.49	6.10
4	12	1096	26.50	4135	3394	0.93	9140	0	0	0.02	15.42	58.62
5	5	1820	42.10	4324	3394	0.99	6458	0	0	0.02	8.61	49.62	7.10
5	13	1386	32.77	4228	3394	0.81	12403	0	0	0.02	19.16	48.71
6	6	634	16.45	3853	3394	0.92	8170	0	0	0.01	6.46	77.44	4.85
6	14	752	19.14	3930	3394	0.95	7222	0	0	0.02	10.99	70.24
7	7	2089	48.00	4352	3394	1.11	7254	0	0	0.01	9.32	43.04	7.42
7	15	1460	33.32	4382	3394	0.87	8599	0	0	0.02	6.83	60.18
Core	CPU	Avg_MHz	Busy%	Bzy_MHz	TSC_MHz	IPC	IRQ	NMI	SMI	POLL%	C1%	C2%	CorWatt	PkgWatt
-	-	1188	28.01	4241	3386	0.94	108786	0	0	0.02	7.23	64.90	47.66	62.98
0	0	1051	26.45	3971	3394	1.03	8672	0	0	0.02	15.25	58.72	5.72	63.20
0	8	918	23.12	3968	3394	1.03	9709	0	0	0.01	7.43	69.83
1	1	3231	71.46	4522	3394	0.96	5438	0	0	0.01	4.32	24.40	7.94
1	9	851	19.57	4351	3394	0.82	8179	0	0	0.01	4.88	75.84
2	2	516	13.51	3820	3394	1.00	6947	0	0	0.01	7.82	78.92	4.05
2	10	342	9.05	3780	3394	1.01	4571	0	0	0.01	2.92	88.20
3	3	519	13.52	3840	3394	0.94	7299	0	0	0.05	7.27	79.48	4.23
3	11	463	12.17	3808	3394	0.92	7020	0	0	0.02	2.31	85.74
4	4	1394	33.79	4125	3394	1.03	7307	0	0	0.01	13.27	53.42	5.68
4	12	638	15.48	4121	3394	0.99	4463	0	0	0.01	4.76	79.99
5	5	2030	47.42	4282	3394	1.09	7701	0	0	0.02	13.80	39.24	6.71
5	13	769	17.88	4300	3394	0.87	6706	0	0	0.02	4.70	77.70
6	6	844	21.40	3946	3394	1.04	7052	0	0	0.02	6.01	72.90	5.23
6	14	926	24.07	3846	3394	0.75	12781	0	0	0.03	18.55	58.06
7	7	2746	59.96	4580	3394	0.85	3064	0	0	0.00	1.31	38.79	8.20
7	15	1806	39.28	4597	3394	0.85	1877	0	0	0.00	1.35	59.42
Core	CPU	Avg_MHz	Busy%	Bzy_MHz	TSC_MHz	IPC	IRQ	NMI	SMI	POLL%	C1%	C2%	CorWatt	PkgWatt
-	-	1152	27.32	4218	3401	0.97	109259	2	0	0.02	7.79	65.36	48.58	63.51
0	0	1371	33.27	4120	3394	0.96	10333	1	0	0.02	12.50	54.69	6.01	63.29
0	8	781	19.45	4016	3394	0.89	6842	0	0	0.02	7.01	73.84
1	1	2179	48.81	4465	3394	1.24	4372	0	0	0.01	5.77	45.61	7.73
1	9	1464	33.18	4413	3394	0.92	5614	0	0	0.01	10.72	56.69
2	2	495	13.23	3743	3394	0.95	7287	0	0	0.01	4.07	82.94	4.56
2	10	595	15.90	3741	3394	1.01	7432	0	0	0.02	7.37	77.03
3	3	632	16.50	3830	3394	0.91	8419	0	0	0.05	8.19	75.62	4.50
3	11	429	11.38	3765	3394	0.91	6311	0	0	0.00	5.01	83.82
4	4	1194	29.32	4073	3394	1.08	8621	0	0	0.02	7.21	63.84	5.61
4	12	672	17.26	3896	3394	0.75	8397	0	0	0.02	15.31	67.91
5	5	1121	27.26	4114	3394	0.97	6199	0	0	0.01	8.14	64.92	6.91
5	13	1847	42.17	4380	3394	0.93	8319	1	0	0.01	3.78	54.31
6	6	868	22.64	3834	3394	1.02	8559	0	0	0.01	12.56	65.28	5.21
6	14	682	17.08	3989	3394	0.99	6019	0	0	0.02	10.71	72.55
7	7	2803	61.94	4525	3394	0.85	4167	0	0	0.00	4.83	33.39	7.94
7	15	1270	27.81	4568	3394	0.90	2368	0	0	0.01	1.23	71.03
Core	CPU	Avg_MHz	Busy%	Bzy_MHz	TSC_MHz	IPC	IRQ	NMI	SMI	POLL%	C1%	C2%	CorWatt	PkgWatt
-	-	1161	27.49	4224	3394	0.93	112182	2	0	0.02	7.44	65.37	48.64	63.41
0	0	720	18.59	3873	3394	0.88	9530	0	0	0.02	6.16	75.58	5.18	63.41
0	8	909	23.88	3808	3394	0.89	11581	1	0	0.03	16.08	60.58
1	1	1480	34.21	4327	3394	0.95	6682	0	0	0.03	12.93	53.30	7.68
1	9	1954	44.09	4432	3394	0.92	7376	0	0	0.02	12.03	44.31
2	2	572	15.00	3811	3394	0.89	10288	0	0	0.02	4.68	80.66	4.83
2	10	646	17.07	3788	3394	0.92	7774	0	0	0.02	6.56	76.69
3	3	445	11.87	3747	3394	0.91	6642	0	0	0.04	6.32	82.04	4.16
3	11	398	10.72	3714	3394	0.81	7435	0	0	0.01	6.28	83.25
4	4	1687	40.71	4145	3394	1.27	8054	0	0	0.02	16.24	43.55	6.16
4	12	355	8.91	3988	3394	1.16	3314	0	0	0.01	0.52	90.68
5	5	2505	57.03	4393	3394	0.99	6384	1	0	0.00	5.62	37.59	7.02
5	13	787	19.01	4142	3394	0.84	6907	0	0	0.02	9.91	71.41
6	6	923	24.32	3794	3394	0.97	10836	0	0	0.02	8.63	67.49	4.92
6	14	459	12.08	3796	3394	0.79	5917	0	0	0.01	7.15	81.04
7	7	379	8.29	4569	3394	1.06	817	0	0	0.00	0.01	91.71	8.69
7	15	4360	94.06	4635	3394	0.80	2645	0	0	0.00	0.01	5.95
Core	CPU	Avg_MHz	Busy%	Bzy_MHz	TSC_MHz	IPC	IRQ	NMI	SMI	POLL%	C1%	C2%	CorWatt	PkgWatt
-	-	1168	27.66	4223	3394	0.94	113099	1	0	0.01	7.78	64.87	48.66	63.74
0	0	741	19.40	3821	3394	0.95	10905	0	0	0.01	6.53	74.44	5.53	63.74
0	8	1006	25.83	3894	3394	0.96	9411	0	0	0.02	15.42	59.25
1	1	301	6.78	4436	3394	0.64	5422	0	0	0.01	3.69	89.67	7.72
1	9	4037	88.86	4543	3394	0.99	2993	0	0	0.00	0.47	10.70
2	2	479	12.89	3718	3394	0.84	8032	0	0	0.01	8.14	79.28	4.50
2	10	567	15.10	3753	3394	1.17	5979	0	0	0.01	4.29	80.83
3	3	449	11.92	3768	3394	1.08	7191	0	0	0.04	5.95	82.35	4.46
3	11	525	13.99	3751	3394	0.87	9899	0	0	0.02	5.16	81.16
4	4	1292	32.50	3976	3394	1.09	7773	0	0	0.03	18.01	50.09	6.01
4	12	637	15.47	4118	3394	1.02	4113	0	0	0.01	6.07	78.68
5	5	1295	31.57	4103	3394	1.13	9876	0	0	0.02	9.80	59.07	6.69
5	13	1152	28.64	4022	3394	0.78	14686	0	0	0.02	17.51	54.56
6	6	925	23.94	3866	3394	1.03	10610	0	0	0.03	16.92	59.82	5.26
6	14	624	15.27	4087	3394	1.01	3844	0	0	0.01	6.49	78.46
7	7	21	0.45	4626	3394	0.81	353	0	0	0.00	0.02	99.54	8.50
7	15	4641	100.00	4641	3394	0.80	2012	1	0	0.00	0.00	0.00
Core	CPU	Avg_MHz	Busy%	Bzy_MHz	TSC_MHz	IPC	IRQ	NMI	SMI	POLL%	C1%	C2%	CorWatt	PkgWatt
-	-	1197	28.17	4248	3394	0.98	105301	0	0	0.02	7.63	64.49	48.88	64.01
0	0	810	20.60	3929	3394	0.89	8729	0	0	0.02	8.46	71.26	5.59	64.01
0	8	1050	25.80	4070	3394	1.05	6972	0	0	0.02	11.19	63.40
1	1	532	11.98	4439	3394	0.90	6719	0	0	0.01	3.36	84.84	7.89
1	9	3872	85.33	4538	3394	0.99	3095	0	0	0.01	1.11	13.60
2	2	448	11.98	3739	3394	0.91	7203	0	0	0.01	3.57	84.66	4.08
2	10	414	11.09	3733	3394	0.84	6099	0	0	0.01	6.46	82.70
3	3	499	13.23	3768	3394	0.86	7045	0	0	0.05	5.38	81.63	4.31
3	11	443	11.67	3798	3394	0.96	4850	0	0	0.01	5.22	83.31
4	4	1241	31.41	3952	3394	1.12	8866	0	0	0.02	17.43	51.67	5.35
4	12	443	11.22	3948	3394	0.96	5097	0	0	0.01	4.73	84.27
5	5	1822	42.82	4256	3394	1.55	7494	0	0	0.02	13.66	43.95	7.70
5	13	1327	30.23	4389	3394	0.78	8436	0	0	0.03	7.31	62.83
6	6	1038	26.63	3899	3394	1.07	9339	0	0	0.03	13.54	60.33	5.44
6	14	684	17.45	3919	3394	0.92	6406	0	0	0.02	9.71	73.21
7	7	942	21.15	4452	3394	0.85	3002	0	0	0.00	4.22	74.80	8.52
7	15	3582	78.12	4585	3394	0.80	5949	0	0	0.01	6.74	15.40
Core	CPU	Avg_MHz	Busy%	Bzy_MHz	TSC_MHz	IPC	IRQ	NMI	SMI	POLL%	C1%	C2%	CorWatt	PkgWatt
-	-	1169	27.46	4258	3393	0.94	111997	2	0	0.02	7.63	65.21	49.06	64.01
0	0	987	24.33	4056	3394	0.94	11374	0	0	0.02	8.91	67.16	5.76	64.03
0	8	906	22.50	4027	3394	0.95	8233	0	0	0.02	9.57	68.31
1	1	476	10.56	4504	3394	0.94	4308	0	0	0.01	1.46	88.09	7.92
1	9	3933	86.32	4556	3394	0.99	2984	1	0	0.00	0.85	12.86
2	2	460	12.34	3729	3394	0.88	7613	0	0	0.01	5.54	82.37	4.25
2	10	417	11.23	3713	3394	0.89	8194	0	0	0.02	6.25	82.80
3	3	472	12.70	3716	3394	0.93	7618	0	0	0.05	7.24	80.34	4.27
3	11	360	9.64	3730	3394	1.10	4311	0	0	0.00	3.00	87.53
4	4	926	23.26	3983	3394	0.89	9361	0	0	0.02	11.93	65.36	6.16
4	12	1078	26.93	4004	3394	1.02	10637	0	0	0.01	9.32	64.22
5	5	1140	27.75	4107	3394	1.15	9459	0	0	0.02	14.06	58.72	7.14
5	13	1475	34.71	4251	3394	0.99	8880	0	0	0.04	22.46	43.50
6	6	904	23.43	3859	3394	1.10	9030	1	0	0.01	13.01	64.00	4.96
6	14	491	12.75	3847	3394	0.89	7536	0	0	0.01	8.44	79.10
7	7	37	0.80	4640	3394	0.82	448	0	0	0.00	0.08	99.13	8.60
7	15	4641	100.00	4641	3394	0.80	2011	0	0	0.00	0.00	0.00
Core	CPU	Avg_MHz	Busy%	Bzy_MHz	TSC_MHz	IPC	IRQ	NMI	SMI	POLL%	C1%	C2%	CorWatt	PkgWatt
-	-	1169	27.50	4252	3394	0.94	112017	1	0	0.02	8.21	64.61	49.32	64.07
0	0	761	19.35	3934	3394	0.96	9321	0	0	0.01	8.43	72.54	5.34	64.05
0	8	906	23.81	3805	3394	0.90	13407	0	0	0.03	12.90	63.79
1	1	1545	34.78	4442	3394	1.05	6919	1	0	0.02	10.47	55.15	7.85
1	9	2276	50.41	4515	3394	0.97	3787	0	0	0.00	1.32	48.37
2	2	466	12.30	3787	3394	1.02	6185	0	0	0.01	7.40	80.55	4.40
2	10	452	11.96	3778	3394	1.09	5742	0	0	0.01	5.20	83.06
3	3	462	12.40	3728	3394	0.92	9223	0	0	0.03	7.64	80.26	4.34
3	11	382	10.28	3721	3394	1.06	6366	0	0	0.01	3.60	86.33
4	4	1383	34.89	3964	3394	1.10	9346	0	0	0.03	16.25	49.42	5.88
4	12	394	9.91	3979	3394	0.84	3211	0	0	0.01	5.69	84.60
5	5	1003	23.11	4339	3394	0.90	10573	0	0	0.03	12.36	65.07	7.71
5	13	2606	59.16	4406	3394	0.95	7566	0	0	0.02	20.19	21.23
6	6	889	23.64	3762	3394	0.97	12005	0	0	0.02	11.65	65.22	5.15
6	14	529	13.79	3836	3394	1.11	6054	0	0	0.02	8.21	78.32
7	7	10	0.22	4639	3394	0.35	301	0	0	0.00	0.00	99.78	8.65
7	15	4640	99.98	4641	3394	0.80	2011	0	0	0.00	0.02	0.00
Core	CPU	Avg_MHz	Busy%	Bzy_MHz	TSC_MHz	IPC	IRQ	NMI	SMI	POLL%	C1%	C2%	CorWatt	PkgWatt
-	-	1173	27.71	4233	3394	1.00	105893	2	0	0.02	6.89	65.67	49.80	64.75
0	0	1116	28.42	3926	3394	0.94	12401	0	0	0.02	16.83	55.33	5.65	64.75
0	8	728	18.62	3912	3394	0.88	7456	0	0	0.01	5.13	76.53
1	1	2283	52.69	4332	3394	1.37	8276	0	0	0.03	12.84	34.89	7.74
1	9	938	21.81	4302	3394	0.82	7518	0	0	0.01	7.93	70.57
2	2	725	18.93	3827	3394	0.98	9433	0	0	0.02	11.79	69.63	4.70
2	10	459	12.16	3778	3394	0.88	6624	0	0	0.02	6.59	81.50
3	3	559	14.65	3812	3394	1.03	6038	0	0	0.05	3.80	81.75	4.65
3	11	470	12.25	3839	3394	1.16	5531	0	0	0.01	5.07	82.90
4	4	1383	33.70	4103	3394	1.07	7524	1	0	0.02	13.39	53.34	5.86
4	12	647	15.98	4048	3394	0.92	8896	0	0	0.02	3.85	80.49
5	5	1572	36.21	4342	3394	1.22	5354	0	0	0.01	7.15	56.88	7.41
5	13	1727	38.82	4449	3394	0.99	4103	0	0	0.01	1.42	59.88
6	6	824	21.24	3881	3394	1.02	7541	0	0	0.02	5.40	73.66	4.96
6	14	633	16.46	3845	3394	0.88	6737	0	0	0.01	8.59	75.28
7	7	62	1.38	4529	3394	0.96	450	0	0	0.00	0.52	98.11	8.82
7	15	4638	100.00	4638	3394	0.80	2011	1	0	0.00	0.00	0.00
Core	CPU	Avg_MHz	Busy%	Bzy_MHz	TSC_MHz	IPC	IRQ	NMI	SMI	POLL%	C1%	C2%	CorWatt	PkgWatt
-	-	1079	25.56	4219	3394	0.95	113858	1	0	0.02	7.80	66.95	46.56	61.48
0	0	969	24.50	3954	3394	1.00	9910	0	0	0.01	12.11	63.83	5.48	61.48
0	8	695	17.91	3882	3394	1.01	8391	0	0	0.01	6.43	75.98
1	1	1032	22.92	4503	3394	0.92	8774	0	0	0.03	7.29	70.13	7.99
1	9	3378	74.24	4551	3394	0.98	3188	0	0	0.00	0.52	25.29
2	2	508	13.37	3799	3394	0.94	7153	0	0	0.01	7.40	79.51	4.33
2	10	499	13.32	3746	3394	0.87	9245	0	0	0.01	9.55	77.46
3	3	529	14.18	3727	3394	1.06	7374	0	0	0.05	4.81	81.24	3.99
3	11	226	6.00	3770	3394	0.90	4485	0	0	0.01	1.55	92.59
4	4	1001	25.01	4001	3394	1.08	8205	0	0	0.02	15.44	60.11	5.91
4	12	927	22.17	4183	3394	1.00	5653	0	0	0.03	15.89	62.37
5	5	1180	29.13	4051	3394	1.19	9778	0	0	0.01	16.16	55.26	6.23
5	13	999	24.78	4030	3394	0.84	10882	0	0	0.02	15.79	59.98
6	6	768	20.45	3754	3394	1.03	11370	0	0	0.02	5.52	74.43	4.60
6	14	372	9.87	3769	3394	0.87	4278	0	0	0.01	4.04	86.27
7	7	1508	33.38	4517	3394	0.85	2570	1	0	0.00	1.08	65.62	8.04
7	15	2667	57.80	4615	3394	0.80	2602	0	0	0.00	1.19	41.07
Core	CPU	Avg_MHz	Busy%	Bzy_MHz	TSC_MHz	IPC	IRQ	NMI	SMI	POLL%	C1%	C2%	CorWatt	PkgWatt
-	-	614	15.44	3976	3394	1.08	101668	0	0	0.02	7.14	77.72	31.17	46.68
0	0	689	18.21	3783	3394	1.10	9243	0	0	0.01	4.26	77.84	3.77	46.68
0	8	395	10.69	3695	3394	0.89	6951	0	0	0.02	4.89	84.66
1	1	1187	29.96	3961	3394	1.19	10764	0	0	0.01	12.02	58.52	5.31
1	9	769	19.32	3983	3394	1.87	7168	0	0	0.01	1.85	79.06
2	2	268	7.06	3790	3394	1.03	3710	0	0	0.00	1.84	91.22	2.51
2	10	201	5.26	3823	3394	0.97	2783	0	0	0.00	1.87	92.95
3	3	252	6.75	3728	3394	0.95	3382	0	0	0.09	4.37	89.02	2.54
3	11	151	4.04	3747	3394	1.15	2098	0	0	0.00	0.63	95.39
4	4	705	18.98	3714	3394	1.02	11015	0	0	0.02	14.32	67.17	3.37
4	12	192	5.04	3814	3394	0.89	2401	0	0	0.00	1.95	93.06
5	5	1012	25.78	3925	3394	1.04	9159	0	0	0.03	13.80	60.92	4.30
5	13	494	12.89	3836	3394	0.87	7872	0	0	0.01	2.79	84.56
6	6	591	15.16	3901	3394	1.09	5342	0	0	0.01	10.06	75.05	3.17
6	14	199	5.22	3820	3394	0.78	2751	0	0	0.00	2.65	92.25
7	7	1124	26.08	4309	3394	0.86	7882	0	0	0.02	20.59	54.15	6.20
7	15	1590	36.55	4351	3394	1.03	9147	0	0	0.02	16.30	47.77
Core	CPU	Avg_MHz	Busy%	Bzy_MHz	TSC_MHz	IPC	IRQ	NMI	SMI	POLL%	C1%	C2%	CorWatt	PkgWatt
-	-	718	18.07	3974	3394	0.96	116519	0	0	0.02	8.90	73.36	35.03	50.14
0	0	627	16.13	3889	3394	0.87	11495	0	0	0.01	3.70	80.48	4.17	50.13
0	8	735	19.04	3859	3394	0.92	8300	0	0	0.02	9.16	72.11
1	1	1233	29.86	4130	3394	1.07	8905	0	0	0.04	13.17	57.41	5.43
1	9	805	20.12	4002	3394	1.15	8292	0	0	0.03	7.22	72.98
2	2	402	10.77	3733	3394	0.79	6117	0	0	0.01	5.38	84.07	3.42
2	10	422	11.32	3724	3394	0.80	5772	0	0	0.00	3.67	85.20
3	3	381	10.29	3701	3394	0.88	6042	0	0	0.08	3.06	86.82	3.44
3	11	372	10.08	3691	3394	0.88	5537	0	0	0.01	5.84	84.31
4	4	755	19.00	3976	3394	0.96	6470	0	0	0.01	11.26	70.12	4.32
4	12	671	16.05	4183	3394	0.97	4390	0	0	0.01	6.59	77.58
5	5	1055	27.11	3890	3394	1.05	9752	0	0	0.03	14.79	58.55	4.71
5	13	611	15.89	3845	3394	0.64	9288	0	0	0.02	7.53	76.95
6	6	673	17.98	3741	3394	0.87	9697	0	0	0.02	10.43	71.99	3.57
6	14	324	8.44	3839	3394	0.83	3324	0	0	0.01	4.96	86.79
7	7	890	22.14	4019	3394	0.97	8102	0	0	0.02	16.46	62.00	5.97
7	15	1530	34.84	4391	3394	1.07	5036	0	0	0.03	19.26	46.40
