turbostat version 2025.09.09 - Len Brown <lenb@kernel.org>
Kernel command line: BOOT_IMAGE=/boot/vmlinuz-6.17.0-35-generic root=UUID=37e0ef02-2557-4d29-8187-72bb5e6547ba ro quiet splash vt.handoff=7
CPUID(0): AuthenticAMD 0x10 CPUID levels
CPUID(1): family:model:stepping 0x19:21:2 (25:33:2) microcode 0x0
CPUID(0x80000000): max_extended_levels: 0x80000023
CPUID(1): SSE3 MONITOR - - - TSC MSR - HT -
CPUID(6): APERF, No-TURBO, No-DTS, No-PTM, No-HWP, No-HWPnotify, No-HWPwindow, No-HWPepp, No-HWPpkg, No-EPB
CPUID(7): No-SGX No-Hybrid
cpu0: cpufreq driver: amd-pstate-epp
cpu0: cpufreq governor: powersave
cpufreq boost: 1
/dev/cpu_dma_latency: 2000000000 usec (default)
current_driver: acpi_idle
current_governor: menu
current_governor_ro: menu
cpu0: POLL: CPUIDLE CORE POLL IDLE
cpu0: C1: ACPI FFH MWAIT 0x0
cpu0: C2: ACPI IOPORT 0x414
RAPL: 234 sec. Joule Counter Range, at 280 Watts
intel-rapl:0: package-0 disabled
intel-rapl:0/intel-rapl:0:0: core disabled
cpu0: MSR_RAPL_PWR_UNIT: 0x000a1003 (0.125000 Watts, 0.000015 Joules, 0.000977 sec.)
Core	CPU	Avg_MHz	Busy%	Bzy_MHz	TSC_MHz	IPC	IRQ	NMI	SMI	POLL%	C1%	C2%	CorWatt	PkgWatt
-	-	615	15.58	3948	3394	1.03	110534	0	0	0.02	7.04	77.68	28.73	44.16
0	0	475	12.71	3736	3394	0.94	8748	0	0	0.02	7.18	80.42	3.32	44.16
0	8	561	14.97	3750	3394	0.96	9248	0	0	0.02	7.62	77.73
1	1	1591	36.60	4347	3394	1.02	8474	0	0	0.02	17.26	46.75	6.13
1	9	1289	29.15	4423	3394	1.24	4317	0	0	0.02	11.74	59.52
2	2	388	10.49	3695	3394	1.02	8458	0	0	0.02	4.08	85.69	2.80
2	10	297	8.15	3650	3394	0.87	5076	0	0	0.01	3.16	88.85
3	3	276	7.47	3698	3394	1.06	3717	0	0	0.11	2.07	90.58	2.54
3	11	238	6.48	3673	3394	0.98	4503	0	0	0.01	2.18	91.46
4	4	878	22.73	3863	3394	1.09	9798	0	0	0.02	9.48	68.21	3.75
4	12	419	11.27	3719	3394	0.77	6026	0	0	0.01	3.75	85.18
5	5	888	23.92	3714	3394	1.08	13287	0	0	0.03	8.07	68.48	3.40
5	13	107	2.88	3726	3394	0.96	1310	0	0	0.00	0.37	96.78
6	6	494	13.41	3681	3394	1.11	7041	0	0	0.02	3.89	82.94	2.53
6	14	120	3.05	3935	3394	1.07	520	0	0	0.00	0.66	96.30
7	7	850	21.25	4000	3394	0.94	9078	0	0	0.02	13.08	66.13	4.27
7	15	969	24.75	3917	3394	0.97	10933	0	0	0.01	18.01	57.82
Core	CPU	Avg_MHz	Busy%	Bzy_MHz	TSC_MHz	IPC	IRQ	NMI	SMI	POLL%	C1%	C2%	CorWatt	PkgWatt
-	-	679	17.15	3962	3394	1.20	115910	0	0	0.01	7.45	75.70	32.61	47.89
0	0	460	12.17	3777	3394	1.00	8280	0	0	0.01	3.86	84.24	3.77	47.89
0	8	767	20.31	3778	3394	0.89	11941	0	0	0.02	11.04	69.09
1	1	1084	26.31	4118	3394	1.14	9047	0	0	0.02	10.82	63.30	5.62
1	9	1324	31.16	4250	3394	1.41	7017	0	0	0.01	10.22	59.04
2	2	280	7.54	3713	3394	0.94	4787	0	0	0.01	4.39	88.25	3.03
2	10	407	11.01	3697	3394	0.96	7890	0	0	0.01	5.07	84.17
3	3	304	8.23	3699	3394	1.03	5597	0	0	0.02	3.80	88.14	3.04
3	11	369	10.01	3688	3394	0.95	6883	0	0	0.01	5.45	84.75
4	4	643	16.71	3848	3394	1.30	6809	0	0	0.01	10.88	72.74	3.59
4	12	456	11.45	3984	3394	1.31	4853	0	0	0.02	6.07	82.69
5	5	1099	27.93	3935	3394	1.27	9765	0	0	0.01	14.69	57.88	4.65
5	13	553	13.61	4064	3394	1.05	4925	0	0	0.00	5.15	81.45
6	6	575	15.24	3775	3394	1.21	7920	0	0	0.01	5.45	79.57	3.54
6	14	436	11.42	3818	3394	1.21	5557	0	0	0.00	4.84	83.93
7	7	1184	29.27	4047	3394	1.36	9955	0	0	0.01	10.75	60.42	5.38
7	15	928	21.99	4219	3394	1.30	4684	0	0	0.01	6.72	71.59
Core	CPU	Avg_MHz	Busy%	Bzy_MHz	TSC_MHz	IPC	IRQ	NMI	SMI	POLL%	C1%	C2%	CorWatt	PkgWatt
-	-	847	20.67	4100	3394	1.49	104226	0	0	0.02	7.09	72.50	40.96	56.42
0	0	886	22.40	3955	3394	1.36	9024	0	0	0.01	9.85	68.08	4.73	56.42
0	8	590	14.94	3951	3394	1.38	5562	0	0	0.01	2.83	82.42
1	1	1621	38.66	4193	3394	2.06	10557	0	0	0.02	10.39	51.37	6.66
1	9	850	20.39	4168	3394	1.02	4738	0	0	0.03	12.80	67.16
2	2	579	15.46	3742	3394	0.98	8376	0	0	0.02	8.51	76.35	3.84
2	10	376	10.05	3741	3394	0.89	5725	0	0	0.01	6.07	84.11
3	3	278	7.40	3757	3394	1.01	3864	0	0	0.06	3.34	89.40	3.39
3	11	434	11.59	3744	3394	0.92	6809	0	0	0.01	5.94	82.73
4	4	591	15.31	3856	3394	1.13	6501	0	0	0.02	5.35	79.58	3.88
4	12	437	11.37	3844	3394	0.95	4621	0	0	0.00	3.46	85.34
5	5	1198	28.94	4139	3394	1.31	8997	0	0	0.02	8.43	62.95	6.13
5	13	1177	28.41	4142	3394	1.28	9834	0	0	0.01	8.99	62.95
6	6	723	18.73	3859	3394	1.18	6343	0	0	0.02	6.17	75.35	3.94
6	14	300	7.77	3857	3394	1.14	3806	0	0	0.01	3.69	88.68
7	7	2523	56.12	4496	3394	2.32	4439	0	0	0.01	7.10	36.96	8.40
7	15	996	23.14	4304	3394	1.19	5030	0	0	0.02	10.60	66.62
Core	CPU	Avg_MHz	Busy%	Bzy_MHz	TSC_MHz	IPC	IRQ	NMI	SMI	POLL%	C1%	C2%	CorWatt	PkgWatt
-	-	745	18.71	3980	3393	0.99	126153	1	0	0.02	8.66	72.82	35.18	51.94
0	0	898	22.77	3941	3394	1.09	10882	0	0	0.02	6.39	71.12	4.22	51.96
0	8	443	11.43	3880	3394	0.83	8453	0	0	0.03	4.63	84.25
1	1	1161	28.36	4095	3394	0.94	10836	0	0	0.02	9.11	62.03	5.09
1	9	854	21.03	4062	3394	0.81	9661	0	0	0.03	8.87	70.42
2	2	579	15.28	3789	3394	0.86	7741	0	0	0.01	7.94	76.75	3.47
2	10	333	8.82	3775	3394	0.77	5162	0	0	0.02	5.90	85.49
3	3	384	10.31	3728	3394	0.98	5127	0	0	0.03	4.59	85.19	3.32
3	11	436	11.73	3720	3394	0.89	6115	0	0	0.01	4.68	83.81
4	4	614	16.59	3701	3394	0.97	7387	0	0	0.01	8.11	75.18	3.70
4	12	466	12.64	3688	3394	0.75	10498	0	0	0.02	5.27	82.35
5	5	962	23.93	4022	3394	1.11	8654	1	0	0.03	9.34	67.02	5.23
5	13	1108	27.93	3969	3394	0.91	11978	0	0	0.01	17.03	55.67
6	6	669	17.36	3851	3394	1.19	6860	0	0	0.00	6.93	75.94	4.03
6	14	494	12.53	3944	3394	0.94	5189	0	0	0.01	8.58	79.14
7	7	1343	32.04	4192	3394	1.25	6948	0	0	0.02	17.69	50.77	6.14
7	15	1172	26.66	4397	3394	0.98	4662	0	0	0.02	13.48	60.32
Core	CPU	Avg_MHz	Busy%	Bzy_MHz	TSC_MHz	IPC	IRQ	NMI	SMI	POLL%	C1%	C2%	CorWatt	PkgWatt
-	-	1174	28.08	4180	3390	0.93	116142	0	0	0.02	8.02	64.14	45.96	61.37
0	0	1067	27.32	3906	3394	0.95	10454	0	0	0.02	9.75	63.33	5.10	61.44
0	8	694	17.87	3881	3394	0.88	7901	0	0	0.01	9.14	73.33
1	1	3540	76.59	4622	3394	0.87	2782	0	0	0.00	1.36	22.07	8.07
1	9	1173	25.32	4632	3394	0.79	1729	0	0	0.00	0.61	74.10
2	2	668	17.84	3744	3394	0.96	9366	0	0	0.02	9.30	73.21	4.33
2	10	487	13.01	3742	3394	0.90	6861	0	0	0.01	5.09	82.15
3	3	694	18.62	3727	3394	0.94	9084	0	0	0.04	9.42	72.29	4.26
3	11	378	10.15	3724	3394	0.76	6424	0	0	0.01	3.61	86.44
4	4	1414	34.83	4059	3394	1.01	9257	0	0	0.04	13.58	52.10	5.94
4	12	930	22.57	4119	3394	0.93	5970	0	0	0.01	8.79	68.98
5	5	1491	35.67	4180	3394	0.98	8847	0	0	0.02	11.24	53.53	6.32
5	13	1116	27.43	4067	3394	0.90	10388	0	0	0.03	18.26	54.88
6	6	884	22.51	3926	3394	1.01	9244	0	0	0.03	10.22	67.69	5.00
6	14	726	18.48	3928	3394	0.91	6069	0	0	0.02	5.57	76.21
7	7	952	22.53	4223	3394	0.95	6895	0	0	0.01	7.71	70.09	6.98
7	15	2586	58.49	4421	3394	1.01	4871	0	0	0.01	4.82	36.90
Core	CPU	Avg_MHz	Busy%	Bzy_MHz	TSC_MHz	IPC	IRQ	NMI	SMI	POLL%	C1%	C2%	CorWatt	PkgWatt
-	-	1202	28.40	4233	3398	0.97	105319	2	0	0.02	7.62	64.35	46.74	62.42
0	0	1012	24.97	4052	3394	0.95	7538	0	0	0.01	7.46	67.85	5.30	62.36
0	8	947	23.56	4020	3394	0.94	9286	0	0	0.03	11.62	65.27
1	1	3704	80.82	4583	3394	0.83	3031	1	0	0.01	3.37	15.92	8.01
1	9	755	16.82	4486	3394	0.75	6155	0	0	0.02	6.45	77.00
2	2	571	14.90	3837	3394	0.96	7902	0	0	0.02	7.79	77.60	4.21
2	10	557	14.45	3852	3394	0.95	5784	0	0	0.02	7.00	78.82
3	3	628	16.27	3859	3394	0.94	7291	0	0	0.04	3.92	80.04	4.48
3	11	572	14.62	3910	3394	1.02	5893	0	0	0.01	5.12	80.47
4	4	1004	25.23	3979	3394	0.99	7518	0	0	0.02	13.37	61.82	5.24
4	12	774	19.56	3956	3394	0.85	7340	0	0	0.02	6.00	74.74
5	5	1903	44.15	4310	3394	1.42	7145	0	0	0.01	9.96	46.28	7.04
5	13	907	22.08	4108	3394	0.96	7990	0	0	0.02	11.27	67.13
6	6	794	20.62	3849	3394	0.93	8547	0	0	0.03	9.60	70.20	4.98
6	14	864	22.41	3857	3394	0.95	8564	0	0	0.02	13.54	64.50
7	7	597	13.62	4382	3394	0.93	3187	0	0	0.00	4.25	82.24	7.42
7	15	3629	80.46	4510	3394	1.00	2148	1	0	0.00	1.03	18.54
Core	CPU	Avg_MHz	Busy%	Bzy_MHz	TSC_MHz	IPC	IRQ	NMI	SMI	POLL%	C1%	C2%	CorWatt	PkgWatt
-	-	1193	28.41	4199	3391	0.94	116387	0	0	0.02	7.77	64.08	47.79	62.94
0	0	865	21.60	4007	3394	0.87	9389	0	0	0.01	7.29	71.45	5.49	62.97
0	8	1028	26.81	3834	3394	0.94	12608	0	0	0.02	10.67	63.01
1	1	4016	87.34	4599	3394	0.82	3632	0	0	0.00	4.52	8.28	7.97
1	9	313	7.17	4364	3394	0.89	2556	0	0	0.01	2.30	90.63
2	2	558	14.63	3812	3394	0.92	8088	0	0	0.01	8.04	77.63	4.40
2	10	559	14.85	3764	3394	0.97	7342	0	0	0.02	5.16	80.24
3	3	617	16.15	3822	3394	0.88	7924	0	0	0.04	6.54	77.61	4.74
3	11	628	16.61	3780	3394	0.93	8165	0	0	0.01	6.82	76.90
4	4	1186	29.55	4014	3394	1.11	7676	0	0	0.02	16.68	54.30	5.91
4	12	1003	23.91	4193	3394	0.88	9120	0	0	0.02	5.85	70.56
5	5	1487	35.81	4152	3394	1.21	8848	0	0	0.04	14.72	49.93	6.41
5	13	1042	24.45	4263	3394	0.82	5657	0	0	0.01	5.54	70.25
6	6	1112	28.77	3866	3394	0.97	11611	0	0	0.02	14.40	57.38	5.43
6	14	662	17.05	3885	3394	0.89	7260	0	0	0.02	8.14	75.16
7	7	904	20.80	4346	3394	0.97	3856	0	0	0.01	5.57	73.83	7.48
7	15	3122	69.13	4516	3394	0.98	2655	0	0	0.00	2.13	28.82
Core	CPU	Avg_MHz	Busy%	Bzy_MHz	TSC_MHz	IPC	IRQ	NMI	SMI	POLL%	C1%	C2%	CorWatt	PkgWatt
-	-	1164	27.62	4214	3396	0.93	113348	2	0	0.01	7.50	65.23	47.51	62.53
0	0	1054	26.49	3978	3394	1.02	8255	0	0	0.01	8.93	64.92	5.26	62.48
0	8	674	17.45	3861	3394	0.87	9299	0	0	0.02	4.48	78.39
1	1	2830	62.82	4505	3394	0.95	5034	0	0	0.01	6.76	30.66	7.62
1	9	896	20.71	4325	3394	0.97	4166	1	0	0.02	9.09	70.47
2	2	614	16.40	3745	3394	0.94	8676	0	0	0.02	6.53	77.36	4.47
2	10	505	13.44	3755	3394	0.88	6389	0	0	0.02	3.33	83.44
3	3	673	17.79	3782	3394	0.94	8962	0	0	0.03	7.30	75.24	4.48
3	11	411	11.04	3726	3394	0.89	6233	0	0	0.01	3.45	85.72
4	4	1605	39.16	4099	3394	0.95	9494	0	0	0.01	13.34	47.94	5.47
4	12	339	8.77	3869	3394	0.78	4696	0	0	0.01	2.14	89.23
5	5	2614	58.95	4433	3394	0.90	6001	0	0	0.01	9.32	32.04	7.26
5	13	793	18.82	4214	3394	0.72	9800	0	0	0.01	9.39	72.20
6	6	1169	29.70	3934	3394	1.01	8471	0	0	0.01	12.36	58.38	5.21
6	14	517	13.23	3912	3394	0.97	5867	0	0	0.02	6.71	80.36
7	7	2413	53.51	4509	3394	0.92	4013	1	0	0.01	6.15	40.54	7.70
7	15	1505	33.67	4470	3394	0.97	7992	0	0	0.01	10.70	56.04
Core	CPU	Avg_MHz	Busy%	Bzy_MHz	TSC_MHz	IPC	IRQ	NMI	SMI	POLL%	C1%	C2%	CorWatt	PkgWatt
-	-	1187	27.93	4250	3393	0.97	105050	0	0	0.01	7.08	65.25	47.12	62.68
0	0	990	25.12	3941	3394	0.99	9450	0	0	0.01	10.91	64.37	5.13	62.70
0	8	698	17.67	3948	3394	0.94	8499	0	0	0.02	3.49	79.13
1	1	1832	40.15	4563	3394	0.83	3288	0	0	0.01	2.21	57.75	7.55
1	9	2336	51.97	4496	3394	0.99	3908	0	0	0.01	0.36	47.75
2	2	499	13.27	3759	3394	0.85	8491	0	0	0.01	8.25	78.80	4.19
2	10	541	14.35	3771	3394	1.01	7215	0	0	0.02	4.55	81.36
3	3	553	14.66	3774	3394	0.99	7017	0	0	0.03	6.32	79.27	4.02
3	11	350	9.16	3818	3394	0.92	4018	0	0	0.00	2.03	88.93
4	4	1292	31.91	4049	3394	1.24	8077	0	0	0.01	12.29	56.21	5.55
4	12	550	14.22	3868	3394	1.10	4865	0	0	0.01	5.17	80.82
5	5	1699	38.91	4367	3394	1.26	6476	0	0	0.03	13.48	48.09	7.83
5	13	1714	39.05	4389	3394	0.97	9684	0	0	0.03	19.39	42.21
6	6	936	23.86	3924	3394	0.92	9009	0	0	0.02	7.33	69.18	4.98
6	14	655	16.77	3904	3394	1.00	5622	0	0	0.01	6.23	77.25
7	7	3873	84.51	4583	3394	0.84	3160	0	0	0.00	0.89	14.65	7.88
7	15	479	11.39	4204	3394	0.71	6271	0	0	0.01	10.46	78.46
Core	CPU	Avg_MHz	Busy%	Bzy_MHz	TSC_MHz	IPC	IRQ	NMI	SMI	POLL%	C1%	C2%	CorWatt	PkgWatt
-	-	1188	28.01	4242	3394	0.93	111690	0	0	0.01	8.14	64.19	47.83	62.81
0	0	752	19.32	3894	3394	0.92	9395	0	0	0.01	8.10	72.94	5.09	62.79
0	8	826	21.77	3796	3394	0.89	9744	0	0	0.01	8.65	69.99
1	1	819	18.53	4422	3394	0.85	7792	0	0	0.01	4.10	77.57	7.48
1	9	3313	73.24	4523	3394	0.98	3705	0	0	0.00	1.67	25.18
2	2	557	14.41	3866	3394	0.99	7154	0	0	0.02	7.42	78.44	4.33
2	10	478	12.64	3783	3394	0.87	5396	0	0	0.01	4.26	83.32
3	3	567	15.20	3731	3394	0.90	8225	0	0	0.05	7.34	77.78	4.36
3	11	470	12.63	3718	3394	0.97	6096	0	0	0.01	7.25	80.39
4	4	1311	32.05	4089	3394	1.13	7251	0	0	0.01	13.96	54.47	5.93
4	12	812	19.67	4127	3394	0.89	7347	0	0	0.02	10.60	70.12
5	5	1604	37.65	4261	3394	1.10	8373	0	0	0.02	17.63	45.29	7.29
5	13	1340	30.83	4348	3394	0.91	8019	0	0	0.02	19.24	50.55
6	6	833	22.01	3786	3394	0.96	10937	0	0	0.02	9.33	69.13	4.96
6	14	632	16.73	3778	3394	0.87	8363	0	0	0.02	8.54	75.12
7	7	146	3.27	4466	3394	1.03	1507	0	0	0.00	1.16	95.61	8.39
7	15	4547	98.18	4631	3394	0.80	2386	0	0	0.00	0.88	0.97
Core	CPU	Avg_MHz	Busy%	Bzy_MHz	TSC_MHz	IPC	IRQ	NMI	SMI	POLL%	C1%	C2%	CorWatt	PkgWatt
-	-	1217	28.74	4234	3393	0.92	118303	2	0	0.02	7.75	63.80	48.76	63.66
0	0	1030	25.51	4037	3394	0.91	9202	0	0	0.02	5.75	69.04	5.36	63.67
0	8	761	19.37	3927	3394	0.92	8087	0	0	0.02	5.45	75.48
1	1	2313	53.12	4354	3394	1.02	8006	0	0	0.02	12.48	34.79	7.05
1	9	901	21.39	4213	3394	0.84	8343	0	0	0.01	12.32	66.68
2	2	499	13.08	3815	3394	0.85	8246	0	0	0.01	4.24	82.92	4.45
2	10	640	17.03	3758	3394	0.96	8252	0	0	0.01	5.46	77.80
3	3	601	15.65	3842	3394	0.88	7869	0	0	0.03	6.14	78.45	4.63
3	11	631	16.52	3817	3394	0.93	8263	0	0	0.01	8.47	75.34
4	4	1734	41.95	4133	3394	1.03	11076	1	0	0.04	13.85	44.69	6.07
4	12	516	12.47	4142	3394	1.08	3515	0	0	0.01	5.54	82.19
5	5	1486	34.14	4353	3394	1.04	8386	0	0	0.01	10.13	56.13	7.81
5	13	2287	51.37	4452	3394	0.93	6979	1	0	0.02	14.03	35.07
6	6	861	22.59	3813	3394	0.99	8323	0	0	0.01	7.19	70.58	4.98
6	14	568	14.77	3848	3394	0.84	7242	0	0	0.01	7.33	78.22
7	7	1059	23.29	4548	3394	0.84	2021	0	0	0.00	0.81	75.95	8.41
7	15	3589	77.68	4620	3394	0.79	4493	0	0	0.01	4.79	17.66
Core	CPU	Avg_MHz	Busy%	Bzy_MHz	TSC_MHz	IPC	IRQ	NMI	SMI	POLL%	C1%	C2%	CorWatt	PkgWatt
-	-	1217	28.79	4228	3394	0.96	110059	3	0	0.01	7.70	63.82	48.45	63.60
0	0	1019	25.41	4010	3394	0.99	10096	1	0	0.02	6.59	68.33	5.44	63.61
0	8	887	22.55	3935	3394	0.89	9107	0	0	0.02	11.26	66.58
1	1	1404	32.06	4379	3394	1.55	5211	0	0	0.01	4.73	63.40	7.88
1	9	2639	58.48	4512	3394	0.96	5185	0	0	0.00	3.97	37.70
2	2	544	14.30	3801	3394	0.93	6879	1	0	0.02	6.94	79.03	4.33
2	10	539	14.25	3786	3394	0.99	7882	0	0	0.01	7.24	78.79
3	3	651	17.36	3752	3394	0.99	7511	0	0	0.03	8.74	74.20	4.55
3	11	501	13.23	3783	3394	0.99	6425	0	0	0.01	5.19	81.81
4	4	1198	29.94	4003	3394	1.04	6950	0	0	0.01	13.62	56.89	5.95
4	12	891	21.44	4154	3394	1.02	5943	0	0	0.02	3.95	74.85
5	5	2546	57.86	4401	3394	0.86	5709	0	0	0.01	6.89	35.50	6.99
5	13	650	15.66	4151	3394	0.84	5185	0	0	0.01	2.56	81.96
6	6	850	22.20	3827	3394	0.92	7618	0	0	0.02	10.95	67.26	4.84
6	14	658	17.26	3813	3394	0.83	10304	0	0	0.02	7.96	75.18
7	7	1806	39.71	4548	3394	0.83	4487	0	0	0.01	8.61	52.02	8.47
7	15	2692	58.93	4568	3394	0.87	5567	1	0	0.01	13.96	27.49
Core	CPU	Avg_MHz	Busy%	Bzy_MHz	TSC_MHz	IPC	IRQ	NMI	SMI	POLL%	C1%	C2%	CorWatt	PkgWatt
-	-	1188	28.07	4233	3394	0.93	117461	2	0	0.02	8.04	64.20	49.38	63.95
0	0	684	17.65	3875	3394	0.85	9435	0	0	0.03	7.28	75.42	5.72	63.95
0	8	1217	30.58	3980	3394	0.94	10814	0	0	0.03	14.95	54.99
1	1	2294	51.27	4475	3394	0.89	4804	1	0	0.01	6.34	42.60	7.58
1	9	1371	31.00	4423	3394	0.87	5084	0	0	0.01	3.45	65.72
2	2	616	16.35	3770	3394	0.91	9169	0	0	0.01	8.06	75.94	4.83
2	10	566	14.50	3900	3394	0.96	5958	0	0	0.01	9.15	76.65
3	3	610	16.18	3771	3394	0.99	8057	0	0	0.02	9.68	74.46	4.44
3	11	395	10.47	3769	3394	0.88	6402	0	0	0.01	6.71	83.06
4	4	936	23.16	4041	3394	0.93	7685	0	0	0.03	10.26	66.95	5.87
4	12	1163	28.27	4115	3394	0.86	12230	0	0	0.03	11.10	61.11
5	5	2049	46.80	4378	3394	0.95	6722	1	0	0.01	9.08	44.46	7.53
5	13	1125	26.05	4319	3394	0.94	6008	0	0	0.01	9.84	64.47
6	6	797	20.19	3950	3394	0.97	6916	0	0	0.02	10.38	69.86	5.29
6	14	759	19.17	3957	3394	0.92	8346	0	0	0.02	10.69	70.53
7	7	1048	23.17	4523	3394	0.96	7235	0	0	0.01	1.59	75.43	8.11
7	15	3384	74.37	4550	3394	0.98	2596	0	0	0.01	0.11	25.55
Core	CPU	Avg_MHz	Busy%	Bzy_MHz	TSC_MHz	IPC	IRQ	NMI	SMI	POLL%	C1%	C2%	CorWatt	PkgWatt
-	-	1001	24.05	4163	3394	0.93	118845	1	0	0.02	8.96	67.33	43.71	58.64
0	0	1193	29.18	4089	3394	1.22	9186	0	0	0.02	10.06	61.10	5.33	58.63
0	8	617	15.81	3904	3394	0.90	8584	0	0	0.01	7.15	77.35
1	1	2976	65.72	4528	3394	0.86	5508	0	0	0.01	3.89	30.57	7.20
1	9	587	13.93	4212	3394	0.80	6004	0	0	0.02	4.63	81.58
2	2	417	11.24	3713	3394	0.83	6621	0	0	0.01	6.92	82.07	3.84
2	10	415	11.18	3709	3394	0.85	6781	0	0	0.02	5.46	83.60
3	3	458	12.34	3715	3394	0.87	6962	0	0	0.05	6.75	81.14	3.98
3	11	471	12.69	3710	3394	0.85	7114	0	0	0.02	8.10	79.53
4	4	1108	27.69	4000	3394	1.05	9529	0	0	0.04	11.61	61.15	5.71
4	12	940	22.61	4158	3394	0.81	7667	1	0	0.01	12.69	65.15
5	5	978	24.89	3928	3394	0.93	11114	0	0	0.04	9.24	66.32	5.34
5	13	748	19.31	3872	3394	0.83	7589	0	0	0.01	12.85	68.27
6	6	944	24.20	3898	3394	0.98	8762	0	0	0.03	9.43	66.75	4.80
6	14	451	11.72	3846	3394	0.79	7024	0	0	0.01	7.24	81.36
7	7	625	14.17	4411	3394	0.73	6435	0	0	0.02	9.42	76.73	7.50
7	15	3089	68.09	4537	3394	1.02	3965	0	0	0.02	17.84	14.53
