turbostat version 2025.09.09 - Len Brown <lenb@kernel.org>
Kernel command line: BOOT_IMAGE=/boot/vmlinuz-6.17.0-35-generic root=UUID=37e0ef02-2557-4d29-8187-72bb5e6547ba ro quiet splash vt.handoff=7
CPUID(0): AuthenticAMD 0x10 CPUID levels
CPUID(1): family:model:stepping 0x19:21:2 (25:33:2) microcode 0x0
CPUID(0x80000000): max_extended_levels: 0x80000023
CPUID(1): SSE3 MONITOR - - - TSC MSR - HT -
CPUID(6): APERF, No-TURBO, No-DTS, No-PTM, No-HWP, No-HWPnotify, No-HWPwindow, No-HWPepp, No-HWPpkg, No-EPB
CPUID(7): No-SGX No-Hybrid
cpu0: cpufreq driver: amd-pstate-epp
cpu0: cpufreq governor: powersave
cpufreq boost: 1
/dev/cpu_dma_latency: 2000000000 usec (default)
current_driver: acpi_idle
current_governor: menu
current_governor_ro: menu
cpu0: POLL: CPUIDLE CORE POLL IDLE
cpu0: C1: ACPI FFH MWAIT 0x0
cpu0: C2: ACPI IOPORT 0x414
RAPL: 234 sec. Joule Counter Range, at 280 Watts
intel-rapl:0: package-0 disabled
intel-rapl:0/intel-rapl:0:0: core disabled
cpu0: MSR_RAPL_PWR_UNIT: 0x000a1003 (0.125000 Watts, 0.000015 Joules, 0.000977 sec.)
Core	CPU	Avg_MHz	Busy%	Bzy_MHz	TSC_MHz	IPC	IRQ	NMI	SMI	POLL%	C1%	C2%	CorWatt	PkgWatt
-	-	657	16.86	3900	3394	0.98	119645	1	0	0.02	7.20	76.27	32.68	47.59
0	0	631	16.68	3787	3394	0.85	9872	0	0	0.01	9.30	74.42	3.98	47.58
0	8	718	19.12	3755	3394	0.90	11168	0	0	0.03	8.00	73.28
1	1	877	21.77	4027	3394	0.97	8539	0	0	0.03	11.05	67.58	4.65
1	9	813	20.82	3907	3394	0.87	9208	0	0	0.01	7.05	72.50
2	2	332	8.98	3698	3394	0.84	5078	0	0	0.01	4.37	86.83	3.45
2	10	523	14.16	3690	3394	0.96	7674	0	0	0.01	4.07	82.03
3	3	367	9.90	3710	3394	0.90	5347	0	0	0.02	5.77	84.53	3.04
3	11	298	7.93	3752	3394	0.91	4397	0	0	0.01	1.41	90.80
4	4	909	23.66	3844	3394	1.07	8286	0	0	0.01	12.07	64.70	4.02
4	12	344	8.94	3843	3394	0.96	4781	0	0	0.01	2.27	88.94
5	5	1063	27.91	3808	3394	1.02	11982	0	0	0.03	13.38	59.21	4.24
5	13	353	9.23	3830	3394	0.80	5471	1	0	0.01	4.18	86.79
6	6	699	18.64	3750	3394	0.99	9761	0	0	0.03	5.25	76.43	3.50
6	14	218	5.66	3848	3394	0.80	2967	0	0	0.01	1.17	93.28
7	7	1849	43.96	4205	3394	1.22	9216	0	0	0.03	18.85	37.79	5.78
7	15	525	12.34	4252	3394	0.65	5898	0	0	0.02	6.92	81.03
Core	CPU	Avg_MHz	Busy%	Bzy_MHz	TSC_MHz	IPC	IRQ	NMI	SMI	POLL%	C1%	C2%	CorWatt	PkgWatt
-	-	922	22.64	4071	3393	1.13	119106	1	0	0.02	7.71	69.95	42.32	56.97
0	0	766	19.69	3894	3394	1.03	7526	1	0	0.02	5.54	75.03	5.02	56.98
0	8	829	21.38	3879	3394	0.94	9983	0	0	0.01	9.29	69.74
1	1	1028	24.67	4167	3394	1.59	8779	0	0	0.02	9.18	66.50	6.75
1	9	2154	49.13	4384	3394	1.04	6223	0	0	0.01	3.84	47.22
2	2	469	12.32	3811	3394	0.97	6747	0	0	0.02	4.58	83.33	4.30
2	10	602	15.94	3774	3394	1.25	8278	0	0	0.00	6.23	78.14
3	3	459	12.36	3713	3394	1.05	6936	0	0	0.06	5.68	82.20	3.69
3	11	281	7.53	3728	3394	1.17	3610	0	0	0.01	1.86	90.72
4	4	1203	29.79	4038	3394	1.05	7381	0	0	0.04	13.39	57.26	5.51
4	12	656	16.40	4002	3394	1.41	5454	0	0	0.01	4.91	78.91
5	5	1604	37.48	4279	3394	1.26	7490	0	0	0.02	8.80	53.95	6.01
5	13	737	18.36	4015	3394	1.13	10314	0	0	0.02	14.42	67.66
6	6	830	21.60	3842	3394	1.15	8650	0	0	0.01	10.03	68.77	4.60
6	14	473	12.28	3852	3394	0.91	4932	0	0	0.01	8.56	79.46
7	7	1991	46.97	4239	3394	1.09	9427	0	0	0.02	12.62	40.89	6.45
7	15	664	16.30	4074	3394	0.90	7376	0	0	0.01	4.52	79.45
Core	CPU	Avg_MHz	Busy%	Bzy_MHz	TSC_MHz	IPC	IRQ	NMI	SMI	POLL%	C1%	C2%	CorWatt	PkgWatt
-	-	1169	27.50	4251	3394	0.97	105643	1	0	0.02	6.80	65.99	49.58	64.63
0	0	771	19.75	3905	3394	0.91	9370	0	0	0.02	6.16	74.41	5.45	64.62
0	8	925	23.90	3872	3394	0.96	10609	1	0	0.03	9.06	67.48
1	1	910	20.34	4474	3394	1.45	3770	0	0	0.01	3.51	76.28	8.19
1	9	3460	76.34	4533	3394	0.99	2741	0	0	0.00	0.28	23.40
2	2	378	10.05	3760	3394	0.96	5988	0	0	0.02	6.03	84.14	4.30
2	10	492	13.02	3780	3394	1.00	6156	0	0	0.01	4.15	83.05
3	3	261	7.04	3713	3394	0.83	4800	0	0	0.09	3.94	89.18	3.92
3	11	392	10.58	3709	3394	0.93	6425	0	0	0.01	3.73	85.90
4	4	2334	53.16	4390	3394	0.94	4590	0	0	0.04	8.54	38.60	7.64
4	12	1089	25.59	4254	3394	0.81	10206	0	0	0.02	7.38	67.45
5	5	2193	50.74	4321	3394	1.09	6077	0	0	0.01	7.44	42.09	7.36
5	13	710	17.51	4057	3394	0.91	6966	0	0	0.01	5.18	77.59
6	6	824	22.09	3730	3394	0.95	12275	0	0	0.03	13.07	65.34	4.71
6	14	374	9.76	3832	3394	1.04	3809	0	0	0.00	4.36	86.05
7	7	1477	33.06	4467	3394	0.84	5936	0	0	0.02	9.85	57.51	8.01
7	15	2114	47.13	4486	3394	0.91	5925	0	0	0.02	16.04	37.29
Core	CPU	Avg_MHz	Busy%	Bzy_MHz	TSC_MHz	IPC	IRQ	NMI	SMI	POLL%	C1%	C2%	CorWatt	PkgWatt
-	-	1159	27.39	4231	3392	0.93	111098	2	0	0.02	7.86	65.03	49.50	64.20
0	0	914	23.32	3920	3394	0.99	10316	0	0	0.01	10.44	66.65	5.42	64.24
0	8	735	19.03	3861	3394	0.95	9850	0	0	0.03	7.21	74.15
1	1	1425	32.28	4414	3394	1.09	7070	0	0	0.02	14.44	53.71	7.82
1	9	2324	51.98	4471	3394	0.92	7212	0	0	0.02	7.48	40.83
2	2	430	11.46	3753	3394	0.91	6561	0	0	0.01	5.54	83.22	4.61
2	10	623	16.63	3748	3394	0.98	8327	0	0	0.02	11.08	72.67
3	3	484	13.01	3724	3394	0.98	7251	1	0	0.09	6.86	80.38	4.32
3	11	361	9.69	3729	3394	0.93	5474	0	0	0.01	4.72	85.79
4	4	1650	39.07	4223	3394	0.97	5811	1	0	0.02	17.16	44.36	7.06
4	12	1025	24.41	4201	3394	0.96	8410	0	0	0.03	9.18	66.84
5	5	1567	37.56	4171	3394	0.99	7783	0	0	0.01	10.60	52.23	6.46
5	13	959	23.11	4148	3394	0.90	8334	0	0	0.02	2.64	74.52
6	6	1011	26.70	3786	3394	0.98	11887	0	0	0.04	14.85	58.97	5.00
6	14	304	7.99	3805	3394	1.06	3482	0	0	0.01	2.51	89.63
7	7	102	2.20	4640	3394	0.64	1317	0	0	0.00	1.05	96.78	8.81
7	15	4635	99.86	4641	3394	0.82	2013	0	0	0.00	0.04	0.10
Core	CPU	Avg_MHz	Busy%	Bzy_MHz	TSC_MHz	IPC	IRQ	NMI	SMI	POLL%	C1%	C2%	CorWatt	PkgWatt
-	-	1157	27.19	4254	3395	0.94	109200	0	0	0.02	7.66	65.47	49.69	64.35
0	0	909	23.13	3929	3394	0.95	8959	0	0	0.02	13.38	63.90	5.38	64.31
0	8	699	18.17	3848	3394	0.94	9443	0	0	0.02	5.58	76.58
1	1	1468	34.03	4314	3394	1.17	6465	0	0	0.02	13.40	52.97	7.78
1	9	2063	46.52	4435	3394	1.03	6772	0	0	0.01	0.94	52.73
2	2	402	10.80	3726	3394	1.05	5929	0	0	0.00	5.11	84.28	4.18
2	10	372	10.01	3717	3394	1.00	6381	0	0	0.01	2.31	87.87
3	3	587	15.75	3728	3394	0.92	9221	0	0	0.05	9.09	75.49	4.53
3	11	352	9.37	3757	3394	0.99	3882	0	0	0.01	3.24	87.54
4	4	1365	32.50	4201	3394	1.00	6801	0	0	0.03	13.71	54.26	6.75
4	12	1119	27.47	4074	3394	0.75	12267	0	0	0.03	12.23	60.86
5	5	1741	39.23	4438	3394	0.98	7702	0	0	0.02	11.13	50.06	7.66
5	13	1585	36.43	4351	3394	0.96	7999	0	0	0.02	9.72	54.23
6	6	682	17.54	3885	3394	1.01	6716	0	0	0.01	8.89	73.90	4.67
6	14	539	14.35	3755	3394	0.87	6727	0	0	0.01	11.81	74.19
7	7	4545	98.16	4630	3394	0.82	2395	0	0	0.00	0.12	1.73	8.73
7	15	74	1.66	4446	3394	0.68	1541	0	0	0.00	1.90	96.49
Core	CPU	Avg_MHz	Busy%	Bzy_MHz	TSC_MHz	IPC	IRQ	NMI	SMI	POLL%	C1%	C2%	CorWatt	PkgWatt
-	-	1175	27.66	4250	3394	0.97	107741	2	0	0.02	6.70	65.93	49.72	64.70
0	0	1082	26.69	4055	3394	1.07	8466	0	0	0.03	11.57	62.13	5.68	64.70
0	8	775	19.42	3988	3394	0.89	9712	0	0	0.02	9.09	71.87
1	1	1509	32.80	4599	3394	0.84	1826	0	0	0.00	0.55	66.69	8.66
1	9	3199	69.12	4628	3394	0.80	3590	1	0	0.00	0.12	30.82
2	2	566	14.80	3826	3394	0.94	7837	0	0	0.03	4.66	80.79	4.63
2	10	525	13.79	3804	3394	1.02	5343	0	0	0.01	4.94	81.47
3	3	480	12.47	3853	3394	0.96	6108	0	0	0.06	5.49	82.27	4.51
3	11	486	12.78	3803	3394	0.99	6298	0	0	0.00	6.27	81.22
4	4	961	24.06	3995	3394	1.07	7639	0	0	0.02	14.18	62.19	5.61
4	12	743	18.07	4114	3394	1.06	5807	0	0	0.01	4.99	77.19
5	5	2004	46.36	4324	3394	1.17	7678	0	0	0.01	11.13	42.98	7.69
5	13	1077	25.60	4206	3394	0.94	7491	0	0	0.01	4.36	70.33
6	6	986	25.54	3858	3394	0.94	10763	1	0	0.02	10.57	64.31	4.97
6	14	502	12.95	3877	3394	0.88	7921	0	0	0.03	3.29	84.01
7	7	1523	34.58	4403	3394	1.06	5866	0	0	0.01	5.23	60.43	7.98
7	15	2389	53.47	4467	3394	0.98	5396	0	0	0.01	10.70	36.13
Core	CPU	Avg_MHz	Busy%	Bzy_MHz	TSC_MHz	IPC	IRQ	NMI	SMI	POLL%	C1%	C2%	CorWatt	PkgWatt
-	-	1191	28.00	4252	3393	0.96	109395	4	0	0.02	7.68	64.62	50.14	64.90
0	0	1198	30.30	3953	3394	1.03	11763	0	0	0.02	12.44	57.76	5.74	64.91
0	8	610	15.74	3874	3394	0.76	10056	0	0	0.02	5.13	79.46
1	1	95	2.06	4613	3394	0.68	2276	0	0	0.00	0.58	97.42	8.66
1	9	4639	100.00	4639	3394	0.81	2311	0	0	0.00	0.00	0.00
2	2	492	13.02	3779	3394	1.20	6991	0	0	0.01	4.39	82.82	4.46
2	10	415	11.11	3731	3394	1.03	5663	1	0	0.02	3.30	85.77
3	3	504	13.25	3804	3394	0.95	6802	0	0	0.06	5.09	81.88	4.40
3	11	350	9.31	3755	3394	0.87	4215	0	0	0.01	2.04	88.78
4	4	1050	25.82	4068	3394	1.25	5338	0	0	0.01	16.05	58.63	6.21
4	12	1095	27.02	4051	3394	0.88	9449	0	0	0.02	22.14	51.52
5	5	1527	36.72	4159	3394	1.28	9262	1	0	0.04	12.80	50.96	7.36
5	13	1087	26.41	4118	3394	0.84	13392	0	0	0.03	14.54	59.69
6	6	819	21.43	3824	3394	0.98	8994	0	0	0.02	10.63	68.40	5.08
6	14	606	15.48	3916	3394	0.93	6273	0	0	0.01	8.82	76.01
7	7	428	9.42	4548	3394	0.87	4436	1	0	0.01	4.96	85.76	8.23
7	15	4137	90.94	4549	3394	0.99	2174	1	0	0.00	0.00	9.07
Core	CPU	Avg_MHz	Busy%	Bzy_MHz	TSC_MHz	IPC	IRQ	NMI	SMI	POLL%	C1%	C2%	CorWatt	PkgWatt
-	-	1162	27.27	4262	3394	0.93	111123	0	0	0.02	7.71	65.33	49.92	64.62
0	0	856	21.41	3998	3394	1.03	7284	0	0	0.01	8.25	70.66	5.50	64.61
0	8	792	20.43	3878	3394	0.84	11371	0	0	0.02	11.04	68.98
1	1	1256	27.07	4639	3394	0.81	2194	0	0	0.00	0.23	72.74	8.70
1	9	3454	74.43	4641	3394	0.81	1770	0	0	0.00	0.00	25.57
2	2	440	11.68	3767	3394	0.88	7535	0	0	0.02	6.22	82.38	4.37
2	10	502	13.34	3767	3394	0.98	6989	0	0	0.01	9.40	77.56
3	3	436	11.61	3758	3394	1.01	6204	0	0	0.08	7.65	80.98	4.21
3	11	322	8.64	3724	3394	0.99	5501	0	0	0.01	3.48	88.05
4	4	1165	29.31	3974	3394	1.00	10963	0	0	0.03	16.90	54.33	5.59
4	12	554	13.42	4130	3394	0.97	4658	0	0	0.01	1.45	85.28
5	5	1594	36.96	4313	3394	1.11	6830	0	0	0.02	15.90	47.72	7.90
5	13	1392	32.85	4238	3394	0.87	11735	0	0	0.02	5.53	62.03
6	6	1004	25.81	3889	3394	1.07	8266	0	0	0.01	10.30	64.28	5.32
6	14	492	12.73	3866	3394	0.74	7785	0	0	0.01	11.00	76.68
7	7	834	18.71	4459	3394	0.81	7684	0	0	0.01	10.33	71.39	8.32
7	15	3502	77.95	4493	3394	0.98	4354	0	0	0.01	5.64	16.65
Core	CPU	Avg_MHz	Busy%	Bzy_MHz	TSC_MHz	IPC	IRQ	NMI	SMI	POLL%	C1%	C2%	CorWatt	PkgWatt
-	-	1153	27.13	4248	3393	0.93	111413	1	0	0.02	7.04	66.12	50.82	65.53
0	0	981	23.94	4097	3394	0.95	7992	0	0	0.01	6.60	69.76	6.11	65.56
0	8	1041	25.82	4031	3394	0.88	13729	0	0	0.03	8.25	66.43
1	1	3210	70.20	4573	3394	0.83	4874	1	0	0.00	2.60	27.34	8.22
1	9	689	16.04	4294	3394	0.91	5379	0	0	0.01	9.63	74.69
2	2	324	8.63	3748	3394	0.90	5085	0	0	0.01	3.58	87.96	4.38
2	10	506	13.56	3732	3394	1.01	7471	0	0	0.03	5.62	81.09
3	3	395	10.46	3774	3394	0.96	5412	0	0	0.07	6.01	83.73	4.42
3	11	448	12.07	3712	3394	0.95	7282	0	0	0.01	5.05	83.16
4	4	1550	37.17	4170	3394	1.05	7240	0	0	0.03	12.59	50.64	6.42
4	12	599	14.96	4007	3394	1.03	5386	0	0	0.01	10.68	74.75
5	5	1439	33.34	4316	3394	1.01	7198	0	0	0.02	8.79	58.25	7.53
5	13	1407	33.19	4238	3394	0.73	12576	0	0	0.02	9.18	58.13
6	6	1202	30.55	3934	3394	1.09	8526	0	0	0.02	11.30	58.55	5.55
6	14	351	9.14	3834	3394	0.83	5253	0	0	0.00	9.62	81.54
7	7	683	15.04	4542	3394	0.81	5558	0	0	0.00	3.01	82.10	8.19
7	15	3619	79.93	4528	3394	1.00	2452	0	0	0.00	0.16	19.94
Core	CPU	Avg_MHz	Busy%	Bzy_MHz	TSC_MHz	IPC	IRQ	NMI	SMI	POLL%	C1%	C2%	CorWatt	PkgWatt
-	-	1157	27.42	4218	3394	0.97	104794	0	0	0.01	6.66	66.20	50.90	65.80
0	0	860	21.84	3940	3394	0.97	8089	0	0	0.00	4.77	73.66	5.97	65.80
0	8	1201	29.64	4054	3394	0.88	10181	0	0	0.02	9.04	61.72
1	1	1897	43.36	4374	3394	0.92	6295	0	0	0.01	8.40	48.56	8.29
1	9	1551	35.81	4331	3394	1.45	9102	0	0	0.03	10.81	53.79
2	2	402	10.60	3790	3394	0.96	6142	0	0	0.01	3.75	85.84	4.37
2	10	476	12.71	3746	3394	0.92	8059	0	0	0.01	6.60	80.98
3	3	370	9.62	3850	3394	0.97	4775	0	0	0.04	3.84	86.70	4.35
3	11	457	12.09	3781	3394	0.94	6415	0	0	0.02	6.34	81.81
4	4	1273	30.38	4189	3394	0.95	6086	0	0	0.01	7.01	62.89	6.08
4	12	864	21.11	4093	3394	0.80	8427	0	0	0.01	6.93	72.25
5	5	1666	38.14	4367	3394	0.96	4030	0	0	0.01	4.64	57.43	7.84
5	13	1614	36.76	4391	3394	0.88	5789	0	0	0.01	6.13	57.35
6	6	1405	34.39	4086	3394	0.96	5109	0	0	0.02	10.85	55.08	6.07
6	14	736	18.12	4063	3394	0.92	7910	0	0	0.02	7.75	74.46
7	7	1862	42.01	4432	3394	0.86	4239	0	0	0.01	4.68	53.48	7.92
7	15	1869	42.13	4436	3394	1.02	4146	0	0	0.01	4.98	53.06
Core	CPU	Avg_MHz	Busy%	Bzy_MHz	TSC_MHz	IPC	IRQ	NMI	SMI	POLL%	C1%	C2%	CorWatt	PkgWatt
-	-	1144	27.14	4215	3394	0.95	110689	1	0	0.02	6.72	66.43	51.90	66.18
0	0	1008	24.74	4075	3394	1.06	7812	0	0	0.01	5.50	70.05	6.18	66.18
0	8	905	23.02	3932	3394	1.02	11319	0	0	0.03	11.81	65.68
1	1	1210	28.01	4321	3394	0.86	5637	0	0	0.01	5.95	66.28	7.64
1	9	2128	48.62	4378	3394	0.95	7700	0	0	0.02	9.68	42.05
2	2	309	8.05	3833	3394	0.98	4206	0	0	0.00	4.53	87.58	4.63
2	10	592	15.70	3774	3394	0.98	7628	0	0	0.01	8.58	76.03
3	3	361	9.70	3722	3394	0.96	4416	0	0	0.04	3.53	86.94	4.61
3	11	508	13.66	3715	3394	0.88	7770	1	0	0.02	5.07	81.54
4	4	1654	39.85	4150	3394	1.07	8985	0	0	0.02	13.02	47.58	6.61
4	12	524	13.07	4012	3394	1.02	5335	0	0	0.01	6.66	80.56
5	5	2182	50.00	4364	3394	0.92	6666	0	0	0.01	7.89	42.41	7.76
5	13	901	21.92	4109	3394	0.72	14898	0	0	0.02	6.83	71.75
6	6	1250	31.46	3974	3394	1.00	7673	0	0	0.02	12.50	56.44	5.88
6	14	458	11.84	3868	3394	0.87	6322	0	0	0.01	3.75	84.63
7	7	423	9.54	4440	3394	1.18	1401	0	0	0.00	0.94	89.57	8.59
7	15	3891	85.11	4572	3394	0.91	2921	0	0	0.00	1.23	13.71
Core	CPU	Avg_MHz	Busy%	Bzy_MHz	TSC_MHz	IPC	IRQ	NMI	SMI	POLL%	C1%	C2%	CorWatt	PkgWatt
-	-	809	19.65	4118	3394	0.97	107297	1	0	0.02	7.01	73.64	38.45	53.32
0	0	734	19.23	3819	3394	0.99	9564	0	0	0.02	8.91	72.23	4.72	53.31
0	8	621	16.13	3851	3394	1.03	7535	0	0	0.02	6.05	78.10
1	1	1232	28.50	4322	3394	1.04	7417	0	0	0.02	11.63	60.21	6.67
1	9	1934	44.01	4394	3394	0.88	8763	0	0	0.01	5.34	50.93
2	2	368	9.98	3685	3394	0.92	7673	0	0	0.01	5.32	84.94	3.39
2	10	270	7.32	3692	3394	1.17	2855	0	0	0.00	2.70	90.10
3	3	253	6.81	3721	3394	1.15	3283	0	0	0.08	2.52	90.78	2.94
3	11	223	6.01	3709	3394	0.86	4302	0	0	0.00	0.99	93.13
4	4	714	18.19	3926	3394	1.40	6739	0	0	0.01	5.53	76.55	4.32
4	12	355	8.91	3987	3394	0.94	4851	0	0	0.01	2.68	88.61
5	5	1181	29.26	4038	3394	1.05	9480	0	0	0.03	12.78	58.48	5.72
5	13	749	18.16	4123	3394	0.90	6219	0	0	0.01	11.95	70.28
6	6	600	16.08	3731	3394	1.03	6815	0	0	0.01	7.55	76.67	3.64
6	14	296	7.83	3777	3394	0.82	5026	0	0	0.01	2.56	89.78
7	7	661	15.67	4221	3394	1.05	5756	0	0	0.01	4.19	80.37	7.05
7	15	2753	62.26	4422	3394	0.81	11019	1	0	0.02	21.40	17.00
Core	CPU	Avg_MHz	Busy%	Bzy_MHz	TSC_MHz	IPC	IRQ	NMI	SMI	POLL%	C1%	C2%	CorWatt	PkgWatt
-	-	658	16.45	4002	3394	1.10	105011	1	0	0.02	7.24	76.61	34.58	49.77
0	0	576	15.33	3756	3394	0.98	8765	0	0	0.01	5.35	79.59	3.72	49.78
0	8	389	10.12	3845	3394	1.03	4208	0	0	0.00	3.64	86.40
1	1	1216	29.58	4110	3394	1.23	10584	0	0	0.02	12.71	58.21	5.42
1	9	775	19.45	3984	3394	0.87	9110	1	0	0.02	7.42	73.49
2	2	395	10.50	3765	3394	1.11	6029	0	0	0.01	4.92	84.77	3.33
2	10	341	9.08	3754	3394	0.91	6034	0	0	0.02	4.31	86.81
3	3	376	10.01	3755	3394	1.03	7222	0	0	0.07	3.85	86.33	3.11
3	11	224	5.80	3854	3394	1.02	2395	0	0	0.00	2.15	92.13
4	4	635	16.46	3856	3394	0.95	8780	0	0	0.02	8.46	75.43	3.74
4	12	337	8.77	3840	3394	0.91	4287	0	0	0.00	4.24	87.16
5	5	806	20.89	3858	3394	1.07	7106	0	0	0.01	6.91	72.50	4.30
5	13	483	12.38	3902	3394	0.85	6282	0	0	0.01	8.67	79.23
6	6	627	16.63	3772	3394	1.07	7691	0	0	0.01	3.84	79.79	3.68
6	14	308	8.26	3728	3394	0.82	3789	0	0	0.01	5.87	86.06
7	7	1547	36.18	4276	3394	1.61	6253	0	0	0.02	13.92	50.40	7.28
7	15	1497	33.68	4445	3394	1.03	6476	0	0	0.02	19.53	47.40
