1784079515
amdgpu-pci-0700
Adapter: PCI adapter
vddgfx:      347.00 mV 
fan1:         103 RPM  (min =    0 RPM, max = 3600 RPM)
edge:         +46.0°C  (crit = +110.0°C, hyst = -273.1°C)
                       (emerg = +115.0°C)
junction:     +47.0°C  (crit = +110.0°C, hyst = -273.1°C)
                       (emerg = +115.0°C)
mem:          +55.0°C  (crit = +105.0°C, hyst = -273.1°C)
                       (emerg = +110.0°C)
PPT:           6.00 W  (cap = 145.00 W)

nvme-pci-0100
Adapter: PCI adapter
Composite:    +29.9°C  (low  = -273.1°C, high = +89.8°C)
                       (crit = +94.8°C)
Sensor 1:     +29.9°C  (low  = -273.1°C, high = +65261.8°C)
Sensor 2:     +31.9°C  (low  = -273.1°C, high = +65261.8°C)

k10temp-pci-00c3
Adapter: PCI adapter
Tctl:         +59.1°C  
Tccd1:        +65.5°C  

1784079517
amdgpu-pci-0700
Adapter: PCI adapter
vddgfx:      585.00 mV 
fan1:           0 RPM  (min =    0 RPM, max = 3600 RPM)
edge:         +46.0°C  (crit = +110.0°C, hyst = -273.1°C)
                       (emerg = +115.0°C)
junction:     +48.0°C  (crit = +110.0°C, hyst = -273.1°C)
                       (emerg = +115.0°C)
mem:          +56.0°C  (crit = +105.0°C, hyst = -273.1°C)
                       (emerg = +110.0°C)
PPT:          11.00 W  (cap = 145.00 W)

nvme-pci-0100
Adapter: PCI adapter
Composite:    +29.9°C  (low  = -273.1°C, high = +89.8°C)
                       (crit = +94.8°C)
Sensor 1:     +30.9°C  (low  = -273.1°C, high = +65261.8°C)
Sensor 2:     +31.9°C  (low  = -273.1°C, high = +65261.8°C)

k10temp-pci-00c3
Adapter: PCI adapter
Tctl:         +59.6°C  
Tccd1:        +52.8°C  

1784079519
amdgpu-pci-0700
Adapter: PCI adapter
vddgfx:      586.00 mV 
fan1:           9 RPM  (min =    0 RPM, max = 3600 RPM)
edge:         +50.0°C  (crit = +110.0°C, hyst = -273.1°C)
                       (emerg = +115.0°C)
junction:     +58.0°C  (crit = +110.0°C, hyst = -273.1°C)
                       (emerg = +115.0°C)
mem:          +58.0°C  (crit = +105.0°C, hyst = -273.1°C)
                       (emerg = +110.0°C)
PPT:          53.00 W  (cap = 145.00 W)

nvme-pci-0100
Adapter: PCI adapter
Composite:    +30.9°C  (low  = -273.1°C, high = +89.8°C)
                       (crit = +94.8°C)
Sensor 1:     +29.9°C  (low  = -273.1°C, high = +65261.8°C)
Sensor 2:     +31.9°C  (low  = -273.1°C, high = +65261.8°C)

k10temp-pci-00c3
Adapter: PCI adapter
Tctl:         +64.0°C  
Tccd1:        +63.2°C  

1784079521
amdgpu-pci-0700
Adapter: PCI adapter
vddgfx:      993.00 mV 
fan1:         893 RPM  (min =    0 RPM, max = 3600 RPM)
edge:         +59.0°C  (crit = +110.0°C, hyst = -273.1°C)
                       (emerg = +115.0°C)
junction:     +83.0°C  (crit = +110.0°C, hyst = -273.1°C)
                       (emerg = +115.0°C)
mem:          +65.0°C  (crit = +105.0°C, hyst = -273.1°C)
                       (emerg = +110.0°C)
PPT:         130.00 W  (cap = 145.00 W)

nvme-pci-0100
Adapter: PCI adapter
Composite:    +29.9°C  (low  = -273.1°C, high = +89.8°C)
                       (crit = +94.8°C)
Sensor 1:     +29.9°C  (low  = -273.1°C, high = +65261.8°C)
Sensor 2:     +31.9°C  (low  = -273.1°C, high = +65261.8°C)

k10temp-pci-00c3
Adapter: PCI adapter
Tctl:         +64.9°C  
Tccd1:        +66.0°C  

1784079523
amdgpu-pci-0700
Adapter: PCI adapter
vddgfx:        1.03 V  
fan1:        1121 RPM  (min =    0 RPM, max = 3600 RPM)
edge:         +63.0°C  (crit = +110.0°C, hyst = -273.1°C)
                       (emerg = +115.0°C)
junction:     +92.0°C  (crit = +110.0°C, hyst = -273.1°C)
                       (emerg = +115.0°C)
mem:          +67.0°C  (crit = +105.0°C, hyst = -273.1°C)
                       (emerg = +110.0°C)
PPT:         144.00 W  (cap = 145.00 W)

nvme-pci-0100
Adapter: PCI adapter
Composite:    +28.9°C  (low  = -273.1°C, high = +89.8°C)
                       (crit = +94.8°C)
Sensor 1:     +30.9°C  (low  = -273.1°C, high = +65261.8°C)
Sensor 2:     +31.9°C  (low  = -273.1°C, high = +65261.8°C)

k10temp-pci-00c3
Adapter: PCI adapter
Tctl:         +66.4°C  
Tccd1:        +64.5°C  

1784079525
amdgpu-pci-0700
Adapter: PCI adapter
vddgfx:        1.03 V  
fan1:        1001 RPM  (min =    0 RPM, max = 3600 RPM)
edge:         +64.0°C  (crit = +110.0°C, hyst = -273.1°C)
                       (emerg = +115.0°C)
junction:     +93.0°C  (crit = +110.0°C, hyst = -273.1°C)
                       (emerg = +115.0°C)
mem:          +68.0°C  (crit = +105.0°C, hyst = -273.1°C)
                       (emerg = +110.0°C)
PPT:         144.00 W  (cap = 145.00 W)

nvme-pci-0100
Adapter: PCI adapter
Composite:    +30.9°C  (low  = -273.1°C, high = +89.8°C)
                       (crit = +94.8°C)
Sensor 1:     +29.9°C  (low  = -273.1°C, high = +65261.8°C)
Sensor 2:     +31.9°C  (low  = -273.1°C, high = +65261.8°C)

k10temp-pci-00c3
Adapter: PCI adapter
Tctl:         +67.4°C  
Tccd1:        +69.0°C  

1784079527
amdgpu-pci-0700
Adapter: PCI adapter
vddgfx:        1.03 V  
fan1:        1034 RPM  (min =    0 RPM, max = 3600 RPM)
edge:         +65.0°C  (crit = +110.0°C, hyst = -273.1°C)
                       (emerg = +115.0°C)
junction:     +93.0°C  (crit = +110.0°C, hyst = -273.1°C)
                       (emerg = +115.0°C)
mem:          +70.0°C  (crit = +105.0°C, hyst = -273.1°C)
                       (emerg = +110.0°C)
PPT:         144.00 W  (cap = 145.00 W)

nvme-pci-0100
Adapter: PCI adapter
Composite:    +29.9°C  (low  = -273.1°C, high = +89.8°C)
                       (crit = +94.8°C)
Sensor 1:     +31.9°C  (low  = -273.1°C, high = +65261.8°C)
Sensor 2:     +31.9°C  (low  = -273.1°C, high = +65261.8°C)

k10temp-pci-00c3
Adapter: PCI adapter
Tctl:         +67.8°C  
Tccd1:        +66.2°C  

1784079529
amdgpu-pci-0700
Adapter: PCI adapter
vddgfx:        1.03 V  
fan1:        1163 RPM  (min =    0 RPM, max = 3600 RPM)
edge:         +66.0°C  (crit = +110.0°C, hyst = -273.1°C)
                       (emerg = +115.0°C)
junction:     +95.0°C  (crit = +110.0°C, hyst = -273.1°C)
                       (emerg = +115.0°C)
mem:          +72.0°C  (crit = +105.0°C, hyst = -273.1°C)
                       (emerg = +110.0°C)
PPT:         144.00 W  (cap = 145.00 W)

nvme-pci-0100
Adapter: PCI adapter
Composite:    +30.9°C  (low  = -273.1°C, high = +89.8°C)
                       (crit = +94.8°C)
Sensor 1:     +31.9°C  (low  = -273.1°C, high = +65261.8°C)
Sensor 2:     +31.9°C  (low  = -273.1°C, high = +65261.8°C)

k10temp-pci-00c3
Adapter: PCI adapter
Tctl:         +68.4°C  
Tccd1:        +66.8°C  

1784079531
amdgpu-pci-0700
Adapter: PCI adapter
vddgfx:        1.03 V  
fan1:        1306 RPM  (min =    0 RPM, max = 3600 RPM)
edge:         +67.0°C  (crit = +110.0°C, hyst = -273.1°C)
                       (emerg = +115.0°C)
junction:     +95.0°C  (crit = +110.0°C, hyst = -273.1°C)
                       (emerg = +115.0°C)
mem:          +72.0°C  (crit = +105.0°C, hyst = -273.1°C)
                       (emerg = +110.0°C)
PPT:         144.00 W  (cap = 145.00 W)

nvme-pci-0100
Adapter: PCI adapter
Composite:    +30.9°C  (low  = -273.1°C, high = +89.8°C)
                       (crit = +94.8°C)
Sensor 1:     +31.9°C  (low  = -273.1°C, high = +65261.8°C)
Sensor 2:     +31.9°C  (low  = -273.1°C, high = +65261.8°C)

k10temp-pci-00c3
Adapter: PCI adapter
Tctl:         +68.9°C  
Tccd1:        +67.8°C  

1784079533
amdgpu-pci-0700
Adapter: PCI adapter
vddgfx:        1.03 V  
fan1:        1420 RPM  (min =    0 RPM, max = 3600 RPM)
edge:         +68.0°C  (crit = +110.0°C, hyst = -273.1°C)
                       (emerg = +115.0°C)
junction:     +96.0°C  (crit = +110.0°C, hyst = -273.1°C)
                       (emerg = +115.0°C)
mem:          +74.0°C  (crit = +105.0°C, hyst = -273.1°C)
                       (emerg = +110.0°C)
PPT:         144.00 W  (cap = 145.00 W)

nvme-pci-0100
Adapter: PCI adapter
Composite:    +30.9°C  (low  = -273.1°C, high = +89.8°C)
                       (crit = +94.8°C)
Sensor 1:     +30.9°C  (low  = -273.1°C, high = +65261.8°C)
Sensor 2:     +31.9°C  (low  = -273.1°C, high = +65261.8°C)

k10temp-pci-00c3
Adapter: PCI adapter
Tctl:         +68.8°C  
Tccd1:        +68.2°C  

1784079535
amdgpu-pci-0700
Adapter: PCI adapter
vddgfx:        1.03 V  
fan1:        1524 RPM  (min =    0 RPM, max = 3600 RPM)
edge:         +69.0°C  (crit = +110.0°C, hyst = -273.1°C)
                       (emerg = +115.0°C)
junction:     +97.0°C  (crit = +110.0°C, hyst = -273.1°C)
                       (emerg = +115.0°C)
mem:          +74.0°C  (crit = +105.0°C, hyst = -273.1°C)
                       (emerg = +110.0°C)
PPT:         144.00 W  (cap = 145.00 W)

nvme-pci-0100
Adapter: PCI adapter
Composite:    +30.9°C  (low  = -273.1°C, high = +89.8°C)
                       (crit = +94.8°C)
Sensor 1:     +32.9°C  (low  = -273.1°C, high = +65261.8°C)
Sensor 2:     +31.9°C  (low  = -273.1°C, high = +65261.8°C)

k10temp-pci-00c3
Adapter: PCI adapter
Tctl:         +69.4°C  
Tccd1:        +69.5°C  

1784079537
amdgpu-pci-0700
Adapter: PCI adapter
vddgfx:        1.03 V  
fan1:        1633 RPM  (min =    0 RPM, max = 3600 RPM)
edge:         +69.0°C  (crit = +110.0°C, hyst = -273.1°C)
                       (emerg = +115.0°C)
junction:     +97.0°C  (crit = +110.0°C, hyst = -273.1°C)
                       (emerg = +115.0°C)
mem:          +76.0°C  (crit = +105.0°C, hyst = -273.1°C)
                       (emerg = +110.0°C)
PPT:         144.00 W  (cap = 145.00 W)

nvme-pci-0100
Adapter: PCI adapter
Composite:    +31.9°C  (low  = -273.1°C, high = +89.8°C)
                       (crit = +94.8°C)
Sensor 1:     +31.9°C  (low  = -273.1°C, high = +65261.8°C)
Sensor 2:     +31.9°C  (low  = -273.1°C, high = +65261.8°C)

k10temp-pci-00c3
Adapter: PCI adapter
Tctl:         +69.5°C  
Tccd1:        +67.8°C  

1784079539
amdgpu-pci-0700
Adapter: PCI adapter
vddgfx:      692.00 mV 
fan1:        1740 RPM  (min =    0 RPM, max = 3600 RPM)
edge:         +66.0°C  (crit = +110.0°C, hyst = -273.1°C)
                       (emerg = +115.0°C)
junction:     +85.0°C  (crit = +110.0°C, hyst = -273.1°C)
                       (emerg = +115.0°C)
mem:          +75.0°C  (crit = +105.0°C, hyst = -273.1°C)
                       (emerg = +110.0°C)
PPT:          94.00 W  (cap = 145.00 W)

nvme-pci-0100
Adapter: PCI adapter
Composite:    +31.9°C  (low  = -273.1°C, high = +89.8°C)
                       (crit = +94.8°C)
Sensor 1:     +31.9°C  (low  = -273.1°C, high = +65261.8°C)
Sensor 2:     +31.9°C  (low  = -273.1°C, high = +65261.8°C)

k10temp-pci-00c3
Adapter: PCI adapter
Tctl:         +68.6°C  
Tccd1:        +61.5°C  

1784079541
amdgpu-pci-0700
Adapter: PCI adapter
vddgfx:      299.00 mV 
fan1:        1824 RPM  (min =    0 RPM, max = 3600 RPM)
edge:         +56.0°C  (crit = +110.0°C, hyst = -273.1°C)
                       (emerg = +115.0°C)
junction:     +57.0°C  (crit = +110.0°C, hyst = -273.1°C)
                       (emerg = +115.0°C)
mem:          +65.0°C  (crit = +105.0°C, hyst = -273.1°C)
                       (emerg = +110.0°C)
PPT:           5.00 W  (cap = 145.00 W)

nvme-pci-0100
Adapter: PCI adapter
Composite:    +32.9°C  (low  = -273.1°C, high = +89.8°C)
                       (crit = +94.8°C)
Sensor 1:     +32.9°C  (low  = -273.1°C, high = +65261.8°C)
Sensor 2:     +31.9°C  (low  = -273.1°C, high = +65261.8°C)

k10temp-pci-00c3
Adapter: PCI adapter
Tctl:         +67.0°C  
Tccd1:        +59.0°C  

1784079543
amdgpu-pci-0700
Adapter: PCI adapter
vddgfx:      521.00 mV 
fan1:        1767 RPM  (min =    0 RPM, max = 3600 RPM)
edge:         +54.0°C  (crit = +110.0°C, hyst = -273.1°C)
                       (emerg = +115.0°C)
junction:     +56.0°C  (crit = +110.0°C, hyst = -273.1°C)
                       (emerg = +115.0°C)
mem:          +67.0°C  (crit = +105.0°C, hyst = -273.1°C)
                       (emerg = +110.0°C)
PPT:          13.00 W  (cap = 145.00 W)

nvme-pci-0100
Adapter: PCI adapter
Composite:    +32.9°C  (low  = -273.1°C, high = +89.8°C)
                       (crit = +94.8°C)
Sensor 1:     +32.9°C  (low  = -273.1°C, high = +65261.8°C)
Sensor 2:     +31.9°C  (low  = -273.1°C, high = +65261.8°C)

k10temp-pci-00c3
Adapter: PCI adapter
Tctl:         +65.6°C  
Tccd1:        +54.0°C  

