turbostat version 2025.09.09 - Len Brown <lenb@kernel.org>
Kernel command line: BOOT_IMAGE=/boot/vmlinuz-6.17.0-29-generic root=UUID=37e0ef02-2557-4d29-8187-72bb5e6547ba ro quiet splash vt.handoff=7
CPUID(0): AuthenticAMD 0x10 CPUID levels
CPUID(1): family:model:stepping 0x19:21:2 (25:33:2) microcode 0x0
CPUID(0x80000000): max_extended_levels: 0x80000023
CPUID(1): SSE3 MONITOR - - - TSC MSR - HT -
CPUID(6): APERF, No-TURBO, No-DTS, No-PTM, No-HWP, No-HWPnotify, No-HWPwindow, No-HWPepp, No-HWPpkg, No-EPB
CPUID(7): No-SGX No-Hybrid
cpu0: cpufreq driver: amd-pstate-epp
cpu0: cpufreq governor: powersave
cpufreq boost: 1
/dev/cpu_dma_latency: 8000 usec (constrained)
current_driver: acpi_idle
current_governor: menu
current_governor_ro: menu
cpu0: POLL: CPUIDLE CORE POLL IDLE
cpu0: C1: ACPI FFH MWAIT 0x0
cpu0: C2: ACPI IOPORT 0x414
RAPL: 234 sec. Joule Counter Range, at 280 Watts
intel-rapl:0: package-0 disabled
intel-rapl:0/intel-rapl:0:0: core disabled
cpu0: MSR_RAPL_PWR_UNIT: 0x000a1003 (0.125000 Watts, 0.000015 Joules, 0.000977 sec.)
Core	CPU	Avg_MHz	Busy%	Bzy_MHz	TSC_MHz	IPC	IRQ	NMI	SMI	POLL%	C1%	C2%	CorWatt	PkgWatt
-	-	638	15.97	3996	3394	1.06	55595	0	0	0.01	7.22	77.08	32.47	47.63
0	0	782	20.14	3882	3394	1.00	4766	0	0	0.03	9.70	70.50	4.26	47.62
0	8	592	15.53	3811	3394	0.93	3942	0	0	0.01	4.01	80.69
1	1	1072	27.01	3969	3394	1.20	5223	0	0	0.02	8.22	65.14	5.09
1	9	844	20.88	4043	3394	0.97	3458	0	0	0.01	15.10	64.41
2	2	345	9.23	3736	3394	0.99	2225	0	0	0.01	3.18	87.73	3.11
2	10	393	10.57	3723	3394	0.97	2449	0	0	0.02	8.30	81.36
3	3	333	8.77	3802	3394	0.92	2460	0	0	0.02	4.96	86.23	2.58
3	11	113	2.99	3790	3394	0.82	836	0	0	0.00	0.68	96.36
4	4	572	15.26	3750	3394	0.90	4383	0	0	0.02	5.47	79.55	3.37
4	12	260	6.84	3808	3394	0.87	2554	0	0	0.00	3.96	89.36
5	5	502	13.40	3747	3394	1.06	2893	0	0	0.01	2.94	83.86	3.79
5	13	574	15.38	3731	3394	0.93	5844	0	0	0.02	9.14	75.90
6	6	449	11.92	3765	3394	1.00	3943	0	0	0.02	6.23	82.10	3.23
6	14	295	7.68	3838	3394	1.05	1884	0	0	0.00	3.81	88.64
7	7	881	20.05	4393	3394	0.87	4563	0	0	0.02	6.72	73.59	7.04
7	15	2204	49.92	4414	3394	1.35	4172	0	0	0.03	23.02	27.63
Core	CPU	Avg_MHz	Busy%	Bzy_MHz	TSC_MHz	IPC	IRQ	NMI	SMI	POLL%	C1%	C2%	CorWatt	PkgWatt
-	-	601	14.90	4036	3394	0.98	53962	1	0	0.02	7.94	77.44	30.50	45.98
0	0	702	18.98	3699	3394	0.93	7467	0	0	0.02	9.55	71.93	3.78	45.98
0	8	432	11.65	3711	3394	0.88	4115	0	0	0.02	3.39	85.23
1	1	1433	33.18	4320	3394	0.97	3586	1	0	0.03	20.89	46.50	6.70
1	9	1705	37.31	4570	3394	1.07	1113	0	0	0.02	19.42	43.64
2	2	423	11.53	3671	3394	1.02	2892	0	0	0.00	4.42	84.24	2.86
2	10	103	2.78	3687	3394	0.78	1330	0	0	0.01	1.08	96.22
3	3	423	11.55	3665	3394	0.97	4923	0	0	0.04	3.88	84.86	2.72
3	11	30	0.81	3657	3394	0.70	426	0	0	0.00	0.50	98.71
4	4	497	13.49	3686	3394	1.04	4193	0	0	0.01	9.46	77.33	2.68
4	12	14	0.38	3692	3394	1.05	186	0	0	0.00	0.33	99.30
5	5	615	16.22	3794	3394	1.11	3620	0	0	0.01	8.72	75.34	3.13
5	13	73	2.02	3639	3394	0.90	934	0	0	0.00	2.44	95.61
6	6	466	12.59	3697	3394	1.11	4081	0	0	0.01	5.28	82.39	2.81
6	14	56	1.53	3683	3394	0.86	885	0	0	0.00	1.29	97.22
7	7	1240	30.38	4082	3394	0.84	8100	0	0	0.06	16.20	54.09	5.82
7	15	1408	33.97	4145	3394	0.97	6111	0	0	0.02	20.24	46.41
Core	CPU	Avg_MHz	Busy%	Bzy_MHz	TSC_MHz	IPC	IRQ	NMI	SMI	POLL%	C1%	C2%	CorWatt	PkgWatt
-	-	576	14.43	3996	3394	1.03	52332	0	0	0.02	7.62	78.22	29.58	45.02
0	0	801	21.74	3687	3394	1.01	6330	0	0	0.02	8.72	69.96	3.88	45.02
0	8	364	9.54	3818	3394	0.98	3987	0	0	0.04	2.74	87.97
1	1	1172	27.18	4314	3394	1.09	4152	0	0	0.04	12.49	60.75	5.27
1	9	993	24.35	4080	3394	1.00	4932	0	0	0.02	16.02	60.09
2	2	425	11.51	3689	3394	1.00	3716	0	0	0.02	2.49	86.23	2.87
2	10	156	4.25	3682	3394	1.11	520	0	0	0.00	3.97	91.85
3	3	339	9.26	3663	3394	0.97	2663	0	0	0.06	4.12	86.79	2.29
3	11	40	1.09	3662	3394	0.71	355	0	0	0.00	0.06	98.87
4	4	813	22.00	3695	3394	0.88	6282	0	0	0.03	8.68	69.75	3.32
4	12	54	1.48	3668	3394	0.99	354	0	0	0.00	0.00	98.54
5	5	877	23.12	3792	3394	1.33	7092	0	0	0.03	15.42	61.95	3.51
5	13	5	0.14	3855	3394	0.95	80	0	0	0.00	0.00	99.86
6	6	377	10.27	3673	3394	0.99	3357	0	0	0.01	7.54	82.41	2.13
6	14	12	0.32	3633	3394	0.67	104	0	0	0.00	0.00	99.68
7	7	1072	23.96	4475	3394	0.92	3448	0	0	0.02	11.52	64.91	6.31
7	15	1721	40.62	4237	3394	1.03	4960	0	0	0.02	28.16	31.95
Core	CPU	Avg_MHz	Busy%	Bzy_MHz	TSC_MHz	IPC	IRQ	NMI	SMI	POLL%	C1%	C2%	CorWatt	PkgWatt
-	-	574	14.45	3972	3394	1.06	53015	0	0	0.02	7.39	78.42	29.39	44.79
0	0	699	18.75	3729	3394	0.90	6846	0	0	0.01	6.62	75.06	3.61	44.79
0	8	322	8.73	3694	3394	1.09	2307	0	0	0.01	1.82	89.60
1	1	744	18.89	3936	3394	1.00	3597	0	0	0.01	8.10	73.32	4.64
1	9	1002	23.97	4183	3394	1.09	2270	0	0	0.03	15.44	60.93
2	2	285	7.72	3689	3394	1.04	1742	0	0	0.01	1.66	90.74	2.21
2	10	92	2.49	3686	3394	0.93	972	0	0	0.01	0.69	96.88
3	3	491	13.40	3665	3394	1.03	4553	0	0	0.04	8.03	78.86	2.62
3	11	28	0.79	3581	3394	0.98	316	0	0	0.00	0.00	99.23
4	4	787	21.35	3686	3394	0.99	7220	0	0	0.04	11.23	67.90	3.28
4	12	61	1.65	3669	3394	0.64	503	0	0	0.00	0.03	98.34
5	5	975	25.88	3766	3394	1.05	7482	0	0	0.03	17.69	56.96	3.66
5	13	113	3.00	3753	3394	0.70	663	0	0	0.00	0.06	96.97
6	6	629	17.04	3693	3394	1.03	5412	0	0	0.01	8.74	74.58	2.93
6	14	75	2.04	3683	3394	0.73	440	0	0	0.00	0.00	97.99
7	7	976	21.61	4514	3394	0.89	2425	0	0	0.00	13.74	65.03	6.45
7	15	1903	43.85	4340	3394	1.30	6267	0	0	0.04	24.46	32.36
Core	CPU	Avg_MHz	Busy%	Bzy_MHz	TSC_MHz	IPC	IRQ	NMI	SMI	POLL%	C1%	C2%	CorWatt	PkgWatt
-	-	594	15.21	3906	3393	1.06	57860	0	0	0.02	7.38	77.66	30.14	45.49
0	0	372	9.66	3846	3394	1.66	3136	0	0	0.01	3.63	86.90	3.62	45.52
0	8	661	17.80	3714	3394	0.96	6393	0	0	0.03	10.00	72.62
1	1	914	23.59	3875	3394	1.12	6599	0	0	0.02	5.41	71.43	4.59
1	9	752	18.56	4053	3394	1.06	2060	0	0	0.02	10.33	71.35
2	2	221	5.99	3682	3394	1.04	1383	0	0	0.00	3.16	90.95	2.59
2	10	261	7.15	3656	3394	1.09	2365	0	0	0.02	0.85	92.14
3	3	661	17.68	3738	3394	1.12	5192	0	0	0.04	8.07	74.60	3.05
3	11	64	1.75	3674	3394	0.92	513	0	0	0.00	0.18	98.11
4	4	722	19.72	3661	3394	0.99	6545	0	0	0.02	9.42	71.28	3.24
4	12	87	2.34	3699	3394	0.97	513	0	0	0.00	0.04	97.65
5	5	1138	29.19	3900	3394	1.05	6781	0	0	0.04	18.78	52.60	4.00
5	13	210	5.56	3782	3394	0.65	1203	0	0	0.00	1.07	93.46
6	6	881	23.31	3780	3394	1.05	6731	0	0	0.04	7.58	69.57	3.58
6	14	132	3.58	3677	3394	0.91	664	0	0	0.00	0.01	96.44
7	7	751	17.76	4229	3394	0.90	3158	0	0	0.02	9.34	73.21	5.48
7	15	1684	39.79	4234	3394	1.07	4624	0	0	0.02	30.17	30.70
Core	CPU	Avg_MHz	Busy%	Bzy_MHz	TSC_MHz	IPC	IRQ	NMI	SMI	POLL%	C1%	C2%	CorWatt	PkgWatt
-	-	607	15.04	4034	3395	1.22	45401	0	0	0.01	7.41	77.81	28.94	45.21
0	0	861	22.27	3864	3394	1.08	4655	0	0	0.01	17.49	60.67	3.85	45.19
0	8	468	12.24	3822	3394	1.07	2392	0	0	0.01	2.36	85.57
1	1	1549	34.49	4490	3394	1.81	3768	0	0	0.01	11.20	54.72	7.11
1	9	1605	38.02	4222	3394	1.31	3634	0	0	0.03	11.46	50.96
2	2	336	9.03	3719	3394	0.97	3533	0	0	0.02	5.20	85.98	2.70
2	10	227	6.16	3676	3394	1.06	1653	0	0	0.01	4.00	89.96
3	3	618	15.90	3889	3394	1.19	2776	0	0	0.01	6.82	77.48	2.75
3	11	125	3.19	3919	3394	0.87	775	0	0	0.00	2.33	94.55
4	4	475	12.15	3910	3394	1.06	2647	0	0	0.01	8.61	79.43	2.59
4	12	216	5.37	4017	3394	0.97	808	0	0	0.00	1.28	93.41
5	5	473	12.50	3786	3394	1.02	2723	0	0	0.01	4.22	83.49	3.21
5	13	398	10.30	3869	3394	1.12	3222	0	0	0.00	9.11	80.79
6	6	370	9.34	3965	3394	1.16	1933	0	0	0.00	4.36	86.43	2.36
6	14	216	5.78	3745	3394	0.98	1795	0	0	0.01	4.76	89.62
7	7	827	20.85	3965	3394	0.96	5899	0	0	0.04	8.48	71.09	4.35
7	15	944	23.11	4083	3394	1.05	3188	0	0	0.01	16.84	60.45
Core	CPU	Avg_MHz	Busy%	Bzy_MHz	TSC_MHz	IPC	IRQ	NMI	SMI	POLL%	C1%	C2%	CorWatt	PkgWatt
-	-	922	22.62	4075	3394	1.52	58735	1	0	0.02	9.33	68.28	45.52	59.92
0	0	753	19.58	3845	3394	1.37	4476	1	0	0.02	5.88	74.84	4.82	59.92
0	8	602	15.49	3888	3394	1.12	4278	0	0	0.02	12.45	72.34
1	1	1468	35.99	4078	3394	1.71	4551	0	0	0.02	11.67	52.53	6.79
1	9	998	23.73	4205	3394	1.26	3397	0	0	0.03	14.20	62.36
2	2	324	8.70	3729	3394	1.00	3479	0	0	0.03	4.27	87.21	3.89
2	10	454	12.21	3719	3394	1.07	3854	0	0	0.02	7.44	80.60
3	3	644	17.05	3775	3394	1.29	3914	0	0	0.02	4.91	78.27	4.64
3	11	600	15.94	3764	3394	1.11	3939	0	0	0.00	10.25	74.14
4	4	1061	26.72	3971	3394	1.51	3643	0	0	0.02	9.21	64.35	5.18
4	12	500	13.04	3832	3394	0.97	3092	0	0	0.01	5.12	82.05
5	5	1304	31.82	4099	3394	1.43	3883	0	0	0.02	26.74	41.99	6.60
5	13	1051	25.60	4105	3394	1.09	3788	0	0	0.03	9.24	65.48
6	6	553	14.48	3820	3394	1.32	3215	0	0	0.00	6.84	78.92	4.36
6	14	581	15.40	3774	3394	1.01	3897	0	0	0.01	8.06	76.81
7	7	1433	32.85	4362	3394	1.77	3353	0	0	0.01	8.06	59.08	9.24
7	15	2422	53.38	4537	3394	2.36	1976	0	0	0.01	4.95	41.52
Core	CPU	Avg_MHz	Busy%	Bzy_MHz	TSC_MHz	IPC	IRQ	NMI	SMI	POLL%	C1%	C2%	CorWatt	PkgWatt
-	-	885	21.97	4029	3393	1.33	57529	1	0	0.01	9.50	68.66	43.65	59.21
0	0	646	16.88	3825	3394	0.91	4772	0	0	0.01	14.75	68.75	5.05	59.24
0	8	918	23.95	3832	3394	1.01	5031	0	0	0.03	15.81	60.68
1	1	1249	30.66	4073	3394	1.11	4064	0	0	0.02	9.60	59.92	5.95
1	9	957	23.85	4011	3394	0.77	5136	0	0	0.03	16.16	60.25
2	2	500	13.14	3802	3394	0.86	3919	0	0	0.01	6.40	80.10	4.06
2	10	488	12.99	3760	3394	0.96	3980	0	0	0.02	9.38	77.91
3	3	782	20.85	3752	3394	0.99	3145	0	0	0.04	12.68	66.41	4.42
3	11	300	8.04	3727	3394	0.87	2375	0	0	0.01	2.53	89.48
4	4	860	22.66	3796	3394	1.01	4840	0	0	0.01	12.47	65.04	4.74
4	12	493	12.97	3799	3394	0.88	3011	0	0	0.01	10.93	76.38
5	5	1381	35.20	3925	3394	1.20	5097	0	0	0.01	13.24	51.90	6.22
5	13	687	17.94	3829	3394	0.90	3135	0	0	0.01	13.11	69.27
6	6	753	20.03	3762	3394	0.92	5921	0	0	0.01	8.22	72.11	4.31
6	14	298	7.48	3986	3394	1.22	675	1	0	0.00	2.38	90.21
7	7	390	10.14	3843	3394	1.10	1652	0	0	0.00	4.36	85.43	8.92
7	15	3465	74.79	4634	3394	2.36	776	0	0	0.00	0.02	25.12
Core	CPU	Avg_MHz	Busy%	Bzy_MHz	TSC_MHz	IPC	IRQ	NMI	SMI	POLL%	C1%	C2%	CorWatt	PkgWatt
-	-	865	21.08	4102	3395	1.09	56509	0	0	0.02	9.15	69.93	40.59	56.66
0	0	545	14.30	3813	3394	1.00	3960	0	0	0.01	6.58	79.41	4.47	56.63
0	8	675	17.79	3795	3394	1.12	5074	0	0	0.02	7.05	75.42
1	1	1601	37.19	4304	3394	0.91	4260	0	0	0.03	10.36	52.29	6.83
1	9	1299	29.56	4394	3394	1.43	2474	0	0	0.01	16.37	54.46
2	2	427	11.56	3694	3394	1.02	5720	0	0	0.00	6.42	82.33	3.58
2	10	271	7.32	3698	3394	0.98	2674	0	0	0.02	5.24	87.63
3	3	533	14.18	3759	3394	1.08	2836	0	0	0.02	4.23	81.74	3.89
3	11	340	9.10	3739	3394	0.98	2116	0	0	0.01	8.17	82.93
4	4	738	19.26	3829	3394	1.06	3967	0	0	0.02	11.10	69.93	4.52
4	12	592	14.43	4105	3394	1.00	3082	0	0	0.01	6.35	79.47
5	5	1417	34.04	4161	3394	1.09	3347	0	0	0.02	10.99	53.78	5.50
5	13	727	18.52	3923	3394	0.83	5091	0	0	0.02	20.55	61.48
6	6	696	18.60	3742	3394	0.99	4092	0	0	0.02	6.65	75.04	4.31
6	14	529	14.20	3724	3394	0.91	3952	0	0	0.03	14.41	71.76
7	7	753	17.84	4223	3394	1.19	2435	0	0	0.01	5.25	76.99	7.47
7	15	2690	59.43	4526	3394	1.19	1429	0	0	0.02	6.63	33.90
Core	CPU	Avg_MHz	Busy%	Bzy_MHz	TSC_MHz	IPC	IRQ	NMI	SMI	POLL%	C1%	C2%	CorWatt	PkgWatt
-	-	1000	23.91	4181	3394	1.01	57103	1	0	0.02	7.76	68.60	44.29	60.09
0	0	835	21.54	3876	3394	0.94	5529	0	0	0.01	14.45	64.46	5.01	60.09
0	8	714	18.14	3933	3394	0.90	4843	0	0	0.05	9.12	73.10
1	1	3573	78.91	4528	3394	0.90	2713	0	0	0.01	6.92	14.31	7.78
1	9	593	13.69	4329	3394	0.70	5139	0	0	0.01	9.37	77.25
2	2	584	15.58	3747	3394	1.14	4495	0	0	0.02	10.50	74.20	3.96
2	10	189	5.08	3712	3394	0.99	1715	0	0	0.01	1.00	94.02
3	3	605	16.10	3758	3394	1.06	4346	1	0	0.03	4.52	79.66	4.43
3	11	438	11.54	3795	3394	1.13	2314	0	0	0.00	3.87	84.76
4	4	1417	34.82	4071	3394	1.08	4885	0	0	0.02	13.40	52.17	5.26
4	12	434	10.65	4074	3394	0.98	1999	0	0	0.01	4.19	85.32
5	5	1614	38.18	4227	3394	1.09	3907	0	0	0.03	13.62	48.55	5.50
5	13	287	7.41	3876	3394	1.47	646	0	0	0.00	0.47	92.16
6	6	923	23.93	3859	3394	1.11	6093	0	0	0.04	8.27	68.21	4.56
6	14	217	5.80	3747	3394	1.14	2108	0	0	0.02	1.09	93.24
7	7	908	21.23	4277	3394	1.07	2320	0	0	0.02	7.55	71.48	7.79
7	15	2663	59.96	4441	3394	1.04	4051	0	0	0.02	15.83	24.65
Core	CPU	Avg_MHz	Busy%	Bzy_MHz	TSC_MHz	IPC	IRQ	NMI	SMI	POLL%	C1%	C2%	CorWatt	PkgWatt
-	-	1183	27.90	4242	3394	0.98	55195	0	0	0.01	8.67	63.72	49.08	64.45
0	0	831	20.54	4043	3394	0.95	3813	0	0	0.02	13.14	66.70	5.80	64.45
0	8	956	24.40	3918	3394	1.05	4591	0	0	0.02	6.99	68.96
1	1	1079	23.64	4562	3394	1.05	2090	0	0	0.01	3.78	72.69	7.80
1	9	3418	75.06	4554	3394	1.11	1823	0	0	0.00	0.40	24.58
2	2	557	14.25	3907	3394	1.06	3396	0	0	0.02	7.36	78.63	4.46
2	10	445	11.63	3825	3394	0.87	3156	0	0	0.01	7.17	81.46
3	3	422	11.36	3712	3394	1.08	3025	0	0	0.02	2.63	86.21	4.37
3	11	515	13.87	3712	3394	0.92	4856	0	0	0.01	9.11	77.32
4	4	1295	31.60	4097	3394	1.07	3677	0	0	0.03	15.79	53.01	5.87
4	12	561	14.34	3911	3394	0.79	3102	0	0	0.02	7.93	77.98
5	5	1482	35.88	4132	3394	1.24	5561	0	0	0.03	11.38	53.25	7.13
5	13	1137	27.95	4070	3394	0.78	4833	0	0	0.02	22.70	50.00
6	6	665	17.68	3763	3394	1.11	5183	0	0	0.01	5.78	76.91	4.99
6	14	814	21.68	3757	3394	1.11	3863	0	0	0.03	21.86	56.89
7	7	114	2.46	4640	3394	0.61	1209	0	0	0.00	2.71	94.89	8.67
7	15	4641	100.00	4641	3394	0.79	1017	0	0	0.00	0.00	0.00
Core	CPU	Avg_MHz	Busy%	Bzy_MHz	TSC_MHz	IPC	IRQ	NMI	SMI	POLL%	C1%	C2%	CorWatt	PkgWatt
-	-	1194	28.09	4249	3394	1.10	49511	1	0	0.01	6.71	65.43	48.22	64.28
0	0	1241	30.95	4011	3394	1.09	4774	0	0	0.01	13.61	55.81	5.33	64.28
0	8	673	17.00	3957	3394	0.87	2831	0	0	0.01	9.21	74.03
1	1	1651	37.69	4379	3394	1.85	3269	0	0	0.01	9.40	53.18	8.29
1	9	1971	44.96	4384	3394	1.35	3957	0	0	0.02	3.65	51.63
2	2	627	16.16	3881	3394	1.11	3897	0	0	0.01	6.46	77.62	4.21
2	10	403	10.73	3753	3394	1.10	1797	0	0	0.00	5.33	84.07
3	3	746	19.52	3822	3394	0.92	5454	0	0	0.05	13.51	67.34	4.44
3	11	427	10.94	3899	3394	1.02	1550	0	0	0.00	1.35	87.81
4	4	986	24.54	4019	3394	1.31	2241	0	0	0.00	6.00	69.67	5.32
4	12	720	17.55	4102	3394	1.05	3115	0	0	0.01	1.92	80.73
5	5	2470	56.26	4390	3394	1.12	3118	0	0	0.01	8.02	35.94	7.34
5	13	992	22.87	4337	3394	1.02	3869	0	0	0.05	10.39	67.09
6	6	933	23.41	3985	3394	1.13	2537	0	0	0.01	5.94	70.85	4.90
6	14	685	17.39	3940	3394	0.88	5122	0	0	0.02	12.16	70.86
7	7	2442	53.37	4576	3394	0.79	696	1	0	0.00	0.07	46.57	8.39
7	15	2130	46.05	4625	3394	0.78	1284	0	0	0.00	0.29	53.71
Core	CPU	Avg_MHz	Busy%	Bzy_MHz	TSC_MHz	IPC	IRQ	NMI	SMI	POLL%	C1%	C2%	CorWatt	PkgWatt
-	-	1174	27.82	4222	3393	0.98	58140	1	0	0.02	7.47	64.96	50.15	65.38
0	0	1045	25.34	4124	3394	1.05	4018	0	0	0.01	4.15	70.76	5.79	65.44
0	8	954	24.71	3861	3394	0.98	6266	0	0	0.02	13.22	62.54
1	1	1965	45.13	4355	3394	1.12	3545	0	0	0.02	6.19	48.93	7.13
1	9	1042	24.50	4253	3394	0.98	5668	0	0	0.05	8.85	67.04
2	2	563	14.94	3766	3394	1.10	2595	0	0	0.00	4.89	80.35	4.48
2	10	416	11.18	3722	3394	0.91	2896	0	0	0.01	5.60	83.42
3	3	710	18.89	3758	3394	1.03	5574	0	0	0.03	9.66	71.82	5.11
3	11	513	13.28	3866	3394	1.05	3552	0	0	0.01	2.60	84.34
4	4	1417	33.32	4252	3394	1.06	3198	0	0	0.03	9.86	57.07	6.75
4	12	1411	32.61	4328	3394	1.00	3835	0	0	0.01	13.20	54.55
5	5	2265	53.04	4270	3394	1.12	3598	0	0	0.02	11.63	35.69	6.93
5	13	373	9.29	4018	3394	0.73	2512	0	0	0.01	0.54	90.31
6	6	978	25.96	3766	3394	1.02	5998	0	0	0.02	22.82	51.79	5.14
6	14	464	11.41	4069	3394	1.03	2248	0	0	0.02	4.67	84.09
7	7	292	6.56	4447	3394	0.89	1334	0	0	0.00	0.45	93.07	8.83
7	15	4388	94.93	4622	3394	0.80	1303	1	0	0.00	1.16	3.95
Core	CPU	Avg_MHz	Busy%	Bzy_MHz	TSC_MHz	IPC	IRQ	NMI	SMI	POLL%	C1%	C2%	CorWatt	PkgWatt
-	-	1188	28.02	4239	3393	0.97	54826	1	0	0.02	9.15	63.10	50.44	65.79
0	0	940	23.80	3948	3394	0.98	4122	0	0	0.02	9.11	67.41	5.65	65.80
0	8	853	21.94	3889	3394	0.95	4599	0	0	0.01	5.36	73.01
1	1	1821	41.99	4337	3394	1.16	5313	0	0	0.02	16.14	42.38	7.97
1	9	1506	34.72	4336	3394	0.81	4077	1	0	0.01	12.24	53.43
2	2	474	12.47	3800	3394	1.00	2764	0	0	0.00	6.71	81.03	4.70
2	10	650	17.14	3796	3394	0.90	5988	0	0	0.03	15.03	68.26
3	3	511	13.53	3778	3394	0.92	3259	0	0	0.05	11.16	75.57	4.48
3	11	499	13.30	3750	3394	0.90	3745	0	0	0.00	13.74	73.28
4	4	1603	38.43	4169	3394	1.10	4136	0	0	0.03	8.30	53.60	6.60
4	12	802	19.54	4103	3394	0.86	5542	0	0	0.03	10.13	70.75
5	5	1566	35.92	4361	3394	1.06	2986	0	0	0.02	13.15	51.23	7.64
5	13	2188	48.71	4491	3394	1.05	2089	0	0	0.01	5.78	45.67
6	6	794	20.52	3872	3394	1.07	2581	0	0	0.02	10.68	69.06	4.78
6	14	412	10.92	3775	3394	1.17	2094	0	0	0.01	6.62	82.67
7	7	4218	91.47	4611	3394	0.81	1291	0	0	0.00	2.21	6.37	8.64
7	15	171	3.94	4330	3394	1.68	240	0	0	0.00	0.03	96.04
Core	CPU	Avg_MHz	Busy%	Bzy_MHz	TSC_MHz	IPC	IRQ	NMI	SMI	POLL%	C1%	C2%	CorWatt	PkgWatt
-	-	1173	27.64	4245	3390	0.99	54350	0	0	0.01	8.55	64.00	48.79	64.44
0	0	962	24.85	3870	3394	0.96	4815	0	0	0.01	15.04	60.50	4.89	64.49
0	8	488	12.88	3792	3394	0.83	5462	0	0	0.04	5.04	82.44
1	1	2341	50.62	4625	3394	0.80	1069	0	0	0.00	1.66	47.77	8.86
1	9	2631	56.73	4639	3394	0.78	2856	0	0	0.01	10.51	32.98
2	2	386	10.36	3724	3394	1.16	2479	0	0	0.00	7.49	82.33	3.97
2	10	357	9.61	3717	3394	0.93	2733	0	0	0.01	6.55	84.01
3	3	647	16.77	3855	3394	1.07	2639	0	0	0.05	7.42	76.00	4.93
3	11	539	14.12	3817	3394	0.96	5735	0	0	0.01	11.68	74.62
4	4	979	24.45	4004	3394	1.01	3268	0	0	0.01	9.16	66.69	6.17
4	12	1117	28.31	3945	3394	0.86	5620	0	0	0.02	11.04	61.11
5	5	1234	28.56	4321	3394	0.90	2307	0	0	0.01	12.16	59.63	8.00
5	13	1972	46.68	4225	3394	1.31	6493	0	0	0.04	20.18	33.78
6	6	713	19.12	3732	3394	1.03	4956	0	0	0.01	9.97	71.25	4.19
6	14	211	5.68	3716	3394	1.01	1403	0	0	0.00	3.40	91.04
7	7	428	9.58	4463	3394	1.16	818	0	0	0.00	3.30	87.20	7.82
7	15	3785	83.87	4513	3394	1.13	1697	0	0	0.00	2.39	13.83
Core	CPU	Avg_MHz	Busy%	Bzy_MHz	TSC_MHz	IPC	IRQ	NMI	SMI	POLL%	C1%	C2%	CorWatt	PkgWatt
-	-	1174	27.69	4241	3399	0.99	55460	1	0	0.02	8.64	64.05	50.68	65.91
0	0	918	23.75	3864	3394	1.04	4707	0	0	0.01	12.19	64.43	5.10	65.80
0	8	491	13.07	3755	3394	0.91	4313	0	0	0.02	1.75	85.43
1	1	1930	43.44	4443	3394	0.98	2099	0	0	0.01	14.13	42.74	7.86
1	9	1520	34.24	4441	3394	0.89	2826	0	0	0.02	14.87	51.24
2	2	674	17.68	3813	3394	1.01	4880	0	0	0.02	11.83	70.82	4.76
2	10	422	11.34	3725	3394	1.12	2745	0	0	0.01	5.43	83.42
3	3	661	17.25	3834	3394	1.00	3990	0	0	0.07	14.33	68.72	4.65
3	11	373	9.88	3773	3394	0.84	4869	0	0	0.05	7.29	83.18
4	4	1356	32.45	4179	3394	0.96	4172	0	0	0.01	13.10	54.91	7.43
4	12	1218	30.22	4029	3394	0.93	5125	0	0	0.02	0.45	69.63
5	5	1091	25.62	4259	3394	0.89	1887	0	0	0.01	11.12	63.51	7.96
5	13	2370	53.41	4437	3394	0.99	3468	1	0	0.00	5.12	41.71
6	6	980	25.12	3900	3394	0.96	5707	0	0	0.01	16.20	59.13	4.59
6	14	173	4.64	3723	3394	1.10	817	0	0	0.00	1.95	93.47
7	7	926	20.41	4539	3394	0.90	2364	0	0	0.01	6.01	73.70	8.27
7	15	3665	80.62	4547	3394	1.11	1491	0	0	0.00	2.22	17.22
Core	CPU	Avg_MHz	Busy%	Bzy_MHz	TSC_MHz	IPC	IRQ	NMI	SMI	POLL%	C1%	C2%	CorWatt	PkgWatt
-	-	1181	27.75	4257	3394	0.96	55965	0	0	0.02	8.70	63.83	49.64	65.02
0	0	1148	27.96	4108	3394	1.00	5218	0	0	0.03	10.88	61.54	5.82	65.05
0	8	775	19.23	4032	3394	0.78	4369	0	0	0.03	15.23	65.99
1	1	2131	45.91	4641	3394	0.79	2163	0	0	0.00	5.33	48.86	8.76
1	9	2676	57.67	4641	3394	0.80	737	0	0	0.00	0.00	42.34
2	2	431	11.60	3714	3394	0.92	4313	0	0	0.01	6.03	82.63	4.25
2	10	445	12.00	3712	3394	1.16	2463	0	0	0.01	7.92	80.27
3	3	545	14.32	3807	3394	0.97	3253	0	0	0.02	8.45	77.46	4.39
3	11	395	10.34	3817	3394	0.98	3691	0	0	0.01	6.61	83.33
4	4	876	22.69	3859	3394	0.98	4352	0	0	0.00	12.11	65.54	5.42
4	12	794	20.98	3784	3394	0.96	5219	0	0	0.01	10.27	69.12
5	5	1779	41.29	4308	3394	1.04	2838	0	0	0.01	9.25	49.72	7.36
5	13	1232	29.95	4114	3394	0.94	8391	0	0	0.05	13.70	56.95
6	6	884	22.92	3859	3394	1.19	3207	0	0	0.02	10.29	67.08	4.99
6	14	431	11.46	3762	3394	1.21	1744	0	0	0.01	5.55	83.17
7	7	741	16.10	4604	3394	0.80	2250	0	0	0.01	4.50	79.57	8.65
7	15	3614	79.51	4545	3394	1.10	1757	0	0	0.03	13.03	7.74
Core	CPU	Avg_MHz	Busy%	Bzy_MHz	TSC_MHz	IPC	IRQ	NMI	SMI	POLL%	C1%	C2%	CorWatt	PkgWatt
-	-	1218	28.81	4227	3394	1.01	53310	0	0	0.02	8.27	63.18	49.18	65.02
0	0	992	24.35	4076	3394	1.01	4261	0	0	0.02	10.82	65.18	6.03	65.00
0	8	1135	27.88	4073	3394	0.99	6124	0	0	0.04	8.11	64.48
1	1	2052	44.25	4637	3394	0.80	859	0	0	0.00	0.06	55.71	8.47
1	9	2648	57.19	4631	3394	0.79	712	0	0	0.00	0.00	42.81
2	2	415	10.83	3828	3394	1.01	2562	0	0	0.01	3.72	85.59	4.33
2	10	573	15.30	3742	3394	0.99	4739	0	0	0.01	7.90	77.12
3	3	532	13.89	3832	3394	1.10	1997	0	0	0.04	3.92	82.33	4.47
3	11	571	15.00	3810	3394	0.85	4323	0	0	0.02	12.07	73.26
4	4	1104	27.80	3970	3394	1.01	3318	0	0	0.03	14.72	57.85	5.86
4	12	876	22.28	3930	3394	1.16	4326	0	0	0.03	13.03	65.08
5	5	1062	26.39	4026	3394	1.12	3870	0	0	0.01	10.42	63.54	6.67
5	13	1297	32.21	4027	3394	1.26	5237	0	0	0.02	24.59	43.81
6	6	854	21.86	3904	3394	0.99	4248	0	0	0.02	7.85	70.63	5.60
6	14	933	24.07	3876	3394	1.02	3976	0	0	0.01	12.35	63.96
7	7	243	5.39	4499	3394	0.78	1756	0	0	0.01	2.82	91.89	7.76
7	15	4201	92.33	4549	3394	1.14	1002	0	0	0.00	0.02	7.66
Core	CPU	Avg_MHz	Busy%	Bzy_MHz	TSC_MHz	IPC	IRQ	NMI	SMI	POLL%	C1%	C2%	CorWatt	PkgWatt
-	-	1147	26.97	4255	3394	1.09	47345	1	0	0.02	7.22	66.05	47.49	63.80
0	0	965	23.48	4108	3394	1.14	2652	0	0	0.03	10.40	66.38	5.34	63.81
0	8	790	20.45	3866	3394	0.90	4609	1	0	0.02	18.61	61.40
1	1	287	6.28	4577	3394	0.97	2555	0	0	0.02	1.26	92.58	8.66
1	9	4614	100.00	4614	3394	0.79	1140	0	0	0.00	0.00	0.00
2	2	453	12.11	3738	3394	1.17	2789	0	0	0.02	3.28	84.79	4.24
2	10	507	13.63	3718	3394	1.11	3245	0	0	0.01	9.77	76.87
3	3	359	9.69	3711	3394	0.77	2834	0	0	0.03	2.62	87.85	3.80
3	11	334	8.92	3743	3394	1.00	2928	0	0	0.01	9.53	81.75
4	4	951	23.06	4124	3394	1.07	2612	0	0	0.01	9.09	68.12	5.49
4	12	723	17.55	4119	3394	0.98	3990	0	0	0.01	6.86	75.94
5	5	980	24.84	3947	3394	1.05	3448	0	0	0.02	15.13	60.45	6.97
5	13	1302	31.26	4166	3394	2.24	3536	0	0	0.01	2.96	66.02
6	6	917	23.82	3850	3394	1.14	4240	0	0	0.03	8.03	68.48	5.00
6	14	553	14.68	3766	3394	0.94	4035	0	0	0.03	13.85	71.87
7	7	419	9.17	4571	3394	1.36	1586	0	0	0.01	3.73	87.21	7.98
7	15	4203	92.56	4541	3394	1.12	1146	0	0	0.00	0.45	7.01
Core	CPU	Avg_MHz	Busy%	Bzy_MHz	TSC_MHz	IPC	IRQ	NMI	SMI	POLL%	C1%	C2%	CorWatt	PkgWatt
-	-	1180	27.89	4230	3394	0.98	53350	0	0	0.02	8.66	63.73	49.59	64.91
0	0	951	24.33	3909	3394	1.02	6031	0	0	0.03	12.05	64.07	5.59	64.89
0	8	872	22.63	3854	3394	0.70	7358	0	0	0.03	15.06	62.95
1	1	1238	26.69	4638	3394	0.78	1190	0	0	0.00	3.92	69.48	8.62
1	9	3554	76.57	4641	3394	0.79	903	0	0	0.00	0.00	23.43
2	2	553	14.89	3716	3394	0.94	4065	0	0	0.01	9.27	76.12	4.67
2	10	523	14.07	3714	3394	0.96	3756	0	0	0.01	7.16	79.05
3	3	549	14.68	3741	3394	0.94	3537	0	0	0.04	4.94	80.61	4.78
3	11	564	15.06	3747	3394	0.88	4430	0	0	0.02	11.85	73.46
4	4	1060	26.69	3970	3394	0.98	4261	0	0	0.02	10.98	62.71	6.16
4	12	994	23.62	4209	3394	0.96	2628	0	0	0.02	18.10	58.71
5	5	1706	41.53	4108	3394	1.11	4311	0	0	0.05	15.74	43.20	7.08
5	13	727	17.86	4069	3394	1.12	3943	0	0	0.02	7.67	74.84
6	6	562	14.77	3802	3394	1.03	2055	0	0	0.01	6.60	78.83	5.03
6	14	749	18.88	3966	3394	1.19	3313	0	0	0.03	13.35	68.08
7	7	52	1.19	4414	3394	0.68	400	0	0	0.00	0.01	98.83	7.66
7	15	4224	92.77	4553	3394	1.15	1169	0	0	0.00	1.92	5.33
Core	CPU	Avg_MHz	Busy%	Bzy_MHz	TSC_MHz	IPC	IRQ	NMI	SMI	POLL%	C1%	C2%	CorWatt	PkgWatt
-	-	1183	27.82	4254	3389	1.00	53492	1	0	0.02	8.70	63.66	49.76	65.33
0	0	819	20.98	3903	3394	1.12	4460	0	0	0.01	9.35	70.02	5.39	65.43
0	8	663	17.30	3835	3394	1.03	3667	0	0	0.01	3.99	78.96
1	1	37	0.81	4638	3394	0.52	579	0	0	0.00	0.00	99.22	8.61
1	9	4641	100.00	4641	3394	0.80	1144	0	0	0.00	0.00	0.00
2	2	649	16.71	3881	3394	0.99	3866	0	0	0.04	11.18	72.39	4.56
2	10	404	10.65	3796	3394	0.94	3438	0	0	0.02	3.66	85.93
3	3	376	9.98	3770	3394	1.11	2507	0	0	0.03	3.75	86.44	4.47
3	11	477	12.84	3715	3394	1.13	2348	0	0	0.02	0.66	86.65
4	4	1233	31.22	3951	3394	1.17	6761	0	0	0.01	11.77	57.51	6.12
4	12	923	23.36	3951	3394	0.76	5262	0	0	0.01	26.09	51.18
5	5	931	21.81	4266	3394	0.95	3571	0	0	0.01	21.26	57.54	7.54
5	13	1893	43.80	4322	3394	1.07	4391	0	0	0.03	26.77	30.01
6	6	600	15.76	3804	3394	1.06	3316	1	0	0.01	5.66	78.82	4.99
6	14	744	19.47	3821	3394	1.09	5554	0	0	0.03	13.66	67.29
7	7	377	8.30	4540	3394	1.25	1459	0	0	0.01	0.67	91.11	8.15
7	15	4191	92.06	4553	3394	1.12	1169	0	0	0.00	0.93	7.03
Core	CPU	Avg_MHz	Busy%	Bzy_MHz	TSC_MHz	IPC	IRQ	NMI	SMI	POLL%	C1%	C2%	CorWatt	PkgWatt
-	-	1173	27.63	4246	3399	0.98	56097	1	0	0.01	7.68	65.06	50.11	65.35
0	0	1273	31.29	4069	3394	1.05	5115	0	0	0.01	13.59	55.52	5.95	65.26
0	8	808	19.79	4080	3394	1.05	3145	0	0	0.02	4.47	75.94
1	1	1367	29.46	4641	3394	0.79	832	0	0	0.00	0.00	70.56	8.69
1	9	3316	71.45	4641	3394	0.79	855	0	0	0.00	0.00	28.55
2	2	345	9.26	3726	3394	0.92	3788	0	0	0.00	5.67	85.31	4.05
2	10	395	10.58	3737	3394	1.06	3599	0	0	0.01	2.86	86.77
3	3	785	20.43	3840	3394	1.07	4070	0	0	0.04	8.72	71.13	4.86
3	11	332	8.85	3755	3394	1.34	1853	0	0	0.00	1.56	89.71
4	4	1293	32.80	3940	3394	1.10	5032	0	0	0.02	9.24	58.32	5.74
4	12	522	13.65	3826	3394	1.60	2064	0	0	0.01	1.86	84.61
5	5	1968	44.73	4399	3394	0.95	3439	1	0	0.01	22.82	33.12	8.46
5	13	1406	32.79	4287	3394	0.81	5793	0	0	0.02	5.68	61.93
6	6	789	20.19	3908	3394	1.06	3700	0	0	0.02	7.92	72.17	4.80
6	14	493	13.00	3788	3394	0.86	4636	0	0	0.03	8.94	78.38
7	7	2782	62.97	4418	3394	1.17	2672	0	0	0.01	7.11	30.10	7.49
7	15	872	20.83	4188	3394	0.76	5504	0	0	0.03	22.30	57.35
Core	CPU	Avg_MHz	Busy%	Bzy_MHz	TSC_MHz	IPC	IRQ	NMI	SMI	POLL%	C1%	C2%	CorWatt	PkgWatt
-	-	1175	27.87	4215	3392	0.98	55931	2	0	0.01	8.27	64.10	50.56	65.95
0	0	1105	27.42	4029	3394	1.07	3822	0	0	0.02	13.44	59.48	5.59	66.00
0	8	598	15.28	3914	3394	0.92	3931	0	0	0.01	9.00	76.04
1	1	4356	93.86	4641	3394	0.80	988	1	0	0.00	0.00	6.14	8.71
1	9	312	6.73	4641	3394	0.76	308	0	0	0.00	0.00	93.28
2	2	618	16.61	3717	3394	0.99	4990	1	0	0.01	5.00	78.69	4.82
2	10	506	13.63	3714	3394	1.06	3501	0	0	0.00	7.43	79.18
3	3	654	17.53	3730	3394	1.08	4014	0	0	0.04	8.45	74.30	4.89
3	11	418	11.05	3780	3394	0.96	2979	0	0	0.01	9.09	80.09
4	4	1094	26.69	4100	3394	1.03	4340	0	0	0.02	9.50	64.14	5.63
4	12	669	16.32	4097	3394	1.38	1507	0	0	0.00	4.48	79.34
5	5	2370	54.55	4345	3394	1.08	3581	0	0	0.02	11.28	34.52	7.62
5	13	848	20.16	4208	3394	1.19	2719	0	0	0.00	9.59	70.52
6	6	1082	26.61	4066	3394	1.01	3363	0	0	0.01	5.81	67.85	5.72
6	14	827	21.11	3915	3394	0.85	5730	0	0	0.02	19.50	59.98
7	7	2237	51.19	4370	3394	1.02	4079	0	0	0.01	4.64	44.47	7.61
7	15	1109	27.10	4092	3394	0.86	6079	0	0	0.03	15.14	58.29
Core	CPU	Avg_MHz	Busy%	Bzy_MHz	TSC_MHz	IPC	IRQ	NMI	SMI	POLL%	C1%	C2%	CorWatt	PkgWatt
-	-	1162	27.49	4227	3394	1.00	55036	0	0	0.02	7.81	64.96	51.58	66.95
0	0	1205	29.47	4090	3394	1.05	3863	0	0	0.01	8.48	62.34	6.10	66.93
0	8	1028	24.43	4209	3394	0.92	5119	0	0	0.03	5.08	70.84
1	1	3707	81.27	4561	3394	0.84	2106	0	0	0.01	3.83	15.00	8.31
1	9	395	9.55	4134	3394	0.88	2618	0	0	0.01	3.14	87.48
2	2	440	11.77	3740	3394	0.90	3900	0	0	0.00	12.48	76.03	4.62
2	10	550	14.66	3754	3394	1.02	3710	0	0	0.02	7.34	78.25
3	3	725	18.72	3875	3394	1.06	3335	0	0	0.03	8.62	72.89	4.78
3	11	302	8.14	3712	3394	0.89	2490	0	0	0.01	5.58	86.46
4	4	1331	33.40	3987	3394	0.95	6358	0	0	0.01	8.57	58.46	5.95
4	12	542	13.70	3958	3394	0.73	2388	0	0	0.02	1.23	85.23
5	5	2855	64.01	4461	3394	0.99	2605	0	0	0.01	6.72	29.45	8.57
5	13	969	22.89	4234	3394	1.80	3266	0	0	0.01	7.05	70.31
6	6	873	21.95	3977	3394	1.04	3316	0	0	0.02	12.27	66.09	5.40
6	14	617	16.30	3782	3394	1.23	3464	0	0	0.02	5.09	78.85
7	7	1584	36.11	4388	3394	0.93	3312	0	0	0.02	12.77	51.52	7.84
7	15	1469	33.50	4385	3394	1.10	3186	0	0	0.04	16.74	50.14
Core	CPU	Avg_MHz	Busy%	Bzy_MHz	TSC_MHz	IPC	IRQ	NMI	SMI	POLL%	C1%	C2%	CorWatt	PkgWatt
-	-	1206	28.19	4278	3394	1.08	48519	1	0	0.01	6.16	65.88	49.60	65.86
0	0	846	20.85	4058	3394	1.27	3208	0	0	0.00	1.10	78.22	5.05	65.98
0	8	772	19.61	3934	3394	1.02	3894	0	0	0.01	8.47	72.19
1	1	3063	67.15	4562	3394	0.83	1350	0	0	0.00	0.88	32.01	8.41
1	9	1548	34.22	4525	3394	1.04	3746	0	0	0.02	0.71	65.25
2	2	581	14.89	3900	3394	1.06	3266	0	0	0.01	3.71	81.58	4.39
2	10	580	14.62	3968	3394	1.05	2454	0	0	0.00	2.62	82.91
3	3	599	15.42	3883	3394	1.04	2813	0	0	0.02	5.43	79.33	4.52
3	11	450	11.91	3777	3394	0.98	3105	0	0	0.01	4.30	84.00
4	4	2026	45.81	4422	3394	0.89	2187	0	0	0.01	6.53	47.85	5.74
4	12	461	10.75	4290	3394	0.98	1140	0	0	0.00	2.43	86.90
5	5	1639	38.86	4219	3394	1.04	3074	0	0	0.01	11.29	50.21	6.70
5	13	1026	25.91	3960	3394	0.85	5699	0	0	0.02	12.42	62.13
6	6	946	24.05	3935	3394	0.92	4695	0	0	0.01	5.41	70.84	4.93
6	14	451	11.66	3872	3394	1.09	2326	0	0	0.00	2.02	86.48
7	7	2364	52.27	4522	3394	1.80	2612	0	0	0.01	13.97	34.13	9.85
7	15	1949	43.18	4514	3394	1.05	2950	1	0	0.02	17.30	39.94
Core	CPU	Avg_MHz	Busy%	Bzy_MHz	TSC_MHz	IPC	IRQ	NMI	SMI	POLL%	C1%	C2%	CorWatt	PkgWatt
-	-	1198	28.14	4257	3396	0.97	56128	1	0	0.01	9.31	62.90	50.73	65.87
0	0	699	18.60	3760	3394	1.03	5957	0	0	0.01	6.26	75.52	5.40	65.71
0	8	863	23.09	3738	3394	0.88	6208	0	0	0.01	10.17	67.18
1	1	1141	25.61	4456	3394	0.98	3904	0	0	0.01	11.88	62.78	8.18
1	9	3250	71.64	4537	3394	1.09	1690	0	0	0.00	6.01	22.53
2	2	335	9.02	3712	3394	1.07	3880	0	0	0.02	2.71	88.49	4.59
2	10	632	17.03	3712	3394	1.16	4123	1	0	0.00	7.51	75.73
3	3	325	8.75	3712	3394	1.22	1783	0	0	0.01	3.99	87.41	4.54
3	11	589	15.88	3712	3394	0.93	4057	0	0	0.01	9.60	74.82
4	4	1513	37.17	4071	3394	1.14	5452	0	0	0.04	12.32	50.94	6.00
4	12	411	10.51	3908	3394	0.81	2581	0	0	0.01	3.92	85.78
5	5	1662	38.77	4287	3394	0.89	4909	0	0	0.02	33.30	28.83	8.04
5	13	1718	38.54	4459	3394	0.98	3906	0	0	0.03	19.62	42.29
6	6	920	24.35	3780	3394	1.21	5015	0	0	0.03	15.41	60.67	5.11
6	14	465	11.42	4076	3394	1.00	1224	0	0	0.00	3.94	84.76
7	7	77	1.72	4491	3394	0.67	316	0	0	0.00	1.07	97.25	8.85
7	15	4548	98.04	4639	3394	0.80	1123	0	0	0.01	1.12	0.86
Core	CPU	Avg_MHz	Busy%	Bzy_MHz	TSC_MHz	IPC	IRQ	NMI	SMI	POLL%	C1%	C2%	CorWatt	PkgWatt
-	-	1168	27.83	4196	3389	1.01	54713	0	0	0.02	8.20	64.13	50.98	66.40
0	0	937	23.88	3925	3394	1.08	4421	0	0	0.01	9.65	66.80	5.84	66.51
0	8	1023	26.13	3914	3394	0.95	4889	0	0	0.02	18.98	55.38
1	1	2040	46.97	4344	3394	1.11	3784	0	0	0.01	14.75	38.60	7.67
1	9	1103	26.30	4193	3394	1.33	4413	0	0	0.02	19.62	54.55
2	2	529	14.00	3780	3394	0.95	3628	0	0	0.01	5.41	80.81	4.65
2	10	511	13.64	3749	3394	1.02	3513	0	0	0.02	6.49	80.11
3	3	717	19.03	3765	3394	1.02	3991	0	0	0.04	6.72	74.52	5.19
3	11	530	14.13	3751	3394	0.85	5474	0	0	0.04	5.64	80.60
4	4	1221	29.44	4147	3394	1.23	2977	0	0	0.01	9.50	61.33	5.64
4	12	489	12.26	3986	3394	0.62	2301	0	0	0.00	12.07	75.98
5	5	1029	25.06	4104	3394	1.11	3103	0	0	0.01	6.92	68.28	7.68
5	13	2417	53.78	4494	3394	1.14	1599	0	0	0.01	2.00	44.32
6	6	862	22.96	3755	3394	0.97	5548	0	0	0.03	8.98	68.48	5.41
6	14	657	17.57	3740	3394	1.19	4035	0	0	0.01	4.61	78.08
7	7	15	0.33	4641	3394	0.68	25	0	0	0.00	0.00	99.67	8.97
7	15	4629	99.73	4641	3394	0.80	1012	0	0	0.00	0.00	0.27
Core	CPU	Avg_MHz	Busy%	Bzy_MHz	TSC_MHz	IPC	IRQ	NMI	SMI	POLL%	C1%	C2%	CorWatt	PkgWatt
-	-	1184	28.10	4214	3398	1.01	56541	1	0	0.02	7.92	64.36	51.74	66.79
0	0	1140	28.39	4014	3394	0.95	5890	0	0	0.02	14.90	57.20	6.53	66.69
0	8	1208	29.71	4066	3394	0.93	5493	0	0	0.02	16.12	54.69
1	1	1496	35.23	4246	3394	0.96	5799	0	0	0.02	14.15	51.08	7.26
1	9	1614	37.17	4341	3394	1.04	4373	1	0	0.04	10.40	52.77
2	2	573	15.39	3724	3394	1.04	3688	0	0	0.01	7.49	77.38	4.86
2	10	427	11.50	3712	3394	1.22	3452	0	0	0.03	2.77	85.93
3	3	624	16.58	3762	3394	1.10	3602	0	0	0.05	4.43	79.21	4.80
3	11	423	11.40	3712	3394	0.92	3499	0	0	0.01	7.94	80.90
4	4	1295	32.82	3945	3394	1.39	4620	0	0	0.01	12.50	55.08	6.07
4	12	480	12.15	3953	3394	0.84	2602	0	0	0.00	5.10	82.96
5	5	2957	66.97	4416	3394	1.16	2652	0	0	0.02	9.46	23.83	7.61
5	13	451	10.44	4320	3394	0.85	1286	0	0	0.01	1.66	87.98
6	6	1014	26.42	3836	3394	1.06	6067	0	0	0.04	11.44	62.60	5.54
6	14	561	15.02	3736	3394	1.40	2280	0	0	0.01	8.12	77.08
7	7	4641	100.00	4641	3394	0.80	1010	0	0	0.00	0.00	0.00	9.00
7	15	19	0.41	4640	3394	0.41	228	0	0	0.00	0.00	99.60
Core	CPU	Avg_MHz	Busy%	Bzy_MHz	TSC_MHz	IPC	IRQ	NMI	SMI	POLL%	C1%	C2%	CorWatt	PkgWatt
-	-	656	15.89	4128	3394	1.06	52932	0	0	0.01	6.96	77.42	34.24	49.53
0	0	593	15.12	3922	3394	1.18	5065	0	0	0.01	4.43	80.76	4.33	49.51
0	8	615	15.84	3881	3394	0.91	4847	0	0	0.03	7.32	77.17
1	1	1421	31.13	4565	3394	1.19	2384	0	0	0.01	9.65	59.51	7.98
1	9	2298	50.82	4523	3394	1.07	2755	0	0	0.05	24.02	25.73
2	2	222	6.00	3705	3394	0.89	2535	0	0	0.00	2.53	91.62	3.19
2	10	387	10.46	3699	3394	0.98	3889	0	0	0.02	2.26	87.51
3	3	288	7.71	3729	3394	1.14	2517	0	0	0.02	1.27	91.16	2.64
3	11	86	2.24	3840	3394	1.09	490	0	0	0.00	0.70	97.10
4	4	450	12.01	3748	3394	1.14	3417	0	0	0.01	6.74	81.48	2.97
4	12	140	3.76	3710	3394	0.93	1327	0	0	0.01	4.50	91.84
5	5	858	22.29	3852	3394	1.26	6054	0	0	0.02	13.30	64.86	4.09
5	13	120	2.89	4142	3394	1.03	359	0	0	0.00	0.98	96.16
6	6	469	12.69	3697	3394	1.01	5624	0	0	0.01	7.18	80.45	3.25
6	14	193	5.21	3708	3394	1.05	1001	0	0	0.00	3.45	91.43
7	7	1577	37.05	4256	3394	0.94	6637	0	0	0.02	7.98	55.41	5.79
7	15	776	18.99	4086	3394	0.88	4031	0	0	0.01	15.11	66.33
Core	CPU	Avg_MHz	Busy%	Bzy_MHz	TSC_MHz	IPC	IRQ	NMI	SMI	POLL%	C1%	C2%	CorWatt	PkgWatt
-	-	589	14.43	4084	3394	1.02	54354	0	0	0.01	7.34	78.50	33.19	48.35
0	0	655	17.62	3720	3394	0.90	7348	0	0	0.01	10.26	72.58	3.64	48.35
0	8	166	4.45	3733	3394	0.81	1679	0	0	0.00	2.10	93.55
1	1	934	22.00	4244	3394	0.81	6875	0	0	0.02	12.55	66.03	6.48
1	9	1600	37.38	4281	3394	1.14	7166	0	0	0.03	9.22	53.92
2	2	528	14.28	3695	3394	1.01	5266	0	0	0.01	5.46	80.57	3.45
2	10	124	3.37	3697	3394	0.99	1046	0	0	0.00	1.70	95.01
3	3	272	7.36	3690	3394	0.96	2855	0	0	0.03	4.68	88.14	2.30
3	11	33	0.88	3704	3394	1.24	260	0	0	0.00	0.08	99.05
4	4	310	8.36	3709	3394	1.19	1930	0	0	0.01	1.96	89.81	2.80
4	12	150	4.05	3698	3394	1.09	964	0	0	0.02	0.04	95.98
5	5	918	24.65	3723	3394	1.00	8442	0	0	0.03	17.69	58.27	4.08
5	13	94	2.28	4127	3394	1.15	497	0	0	0.00	0.34	97.41
6	6	582	15.55	3744	3394	1.12	3959	0	0	0.02	7.51	77.22	3.24
6	14	30	0.80	3688	3394	0.79	180	0	0	0.00	0.00	99.21
7	7	909	21.25	4279	3394	0.82	4044	0	0	0.01	17.53	61.71	7.20
7	15	2122	46.56	4558	3394	1.11	1843	0	0	0.03	26.40	27.53
Core	CPU	Avg_MHz	Busy%	Bzy_MHz	TSC_MHz	IPC	IRQ	NMI	SMI	POLL%	C1%	C2%	CorWatt	PkgWatt
-	-	590	14.62	4037	3394	1.30	43998	0	0	0.01	6.26	79.34	30.02	46.04
0	0	602	15.65	3850	3394	1.08	3610	0	0	0.02	10.45	74.19	3.19	46.04
0	8	262	6.57	3991	3394	1.08	946	0	0	0.00	2.87	90.64
1	1	1471	35.00	4203	3394	2.07	3834	0	0	0.03	6.84	58.51	7.44
1	9	1620	37.09	4368	3394	1.55	5528	0	0	0.01	9.97	53.40
2	2	361	9.78	3695	3394	0.98	2994	0	0	0.00	6.54	83.87	2.96
2	10	223	6.22	3592	3394	0.99	2077	0	0	0.01	1.64	92.28
3	3	277	7.03	3938	3394	1.03	1829	0	0	0.02	1.89	91.18	1.92
3	11	169	4.09	4137	3394	0.99	356	0	0	0.00	0.02	95.91
4	4	658	17.22	3822	3394	1.04	4545	0	0	0.01	11.17	71.93	3.30
4	12	166	4.00	4157	3394	1.17	183	0	0	0.00	0.54	95.48
5	5	984	25.36	3878	3394	1.10	4096	0	0	0.03	17.54	57.51	3.95
5	13	292	7.66	3816	3394	0.85	4402	0	0	0.02	0.92	91.69
6	6	560	14.28	3922	3394	1.52	2374	0	0	0.01	2.45	83.41	2.68
6	14	94	2.45	3816	3394	0.69	635	0	0	0.00	3.26	94.36
7	7	729	17.84	4083	3394	1.05	2056	0	0	0.01	6.62	75.71	4.57
7	15	973	23.61	4120	3394	0.93	4533	0	0	0.03	17.48	59.41
Core	CPU	Avg_MHz	Busy%	Bzy_MHz	TSC_MHz	IPC	IRQ	NMI	SMI	POLL%	C1%	C2%	CorWatt	PkgWatt
-	-	615	15.38	3999	3393	1.04	57211	1	0	0.02	8.69	76.22	32.20	47.57
0	0	349	9.37	3727	3394	1.03	3185	0	0	0.02	3.45	87.37	3.63	47.58
0	8	517	13.92	3714	3394	1.10	4152	0	0	0.02	5.98	80.38
1	1	1652	38.17	4328	3394	1.09	4854	0	0	0.01	15.11	47.19	6.42
1	9	945	22.02	4292	3394	1.26	4773	0	0	0.04	13.47	65.01
2	2	268	7.20	3715	3394	1.10	1295	0	0	0.00	1.60	91.29	2.90
2	10	186	5.09	3655	3394	0.81	2222	0	0	0.01	2.33	92.71
3	3	348	9.41	3701	3394	0.92	5008	0	0	0.05	2.33	88.54	3.08
3	11	151	4.09	3686	3394	1.03	1050	0	0	0.00	0.84	95.14
4	4	600	16.21	3699	3394	1.02	5137	1	0	0.01	7.21	76.94	2.97
4	12	169	4.59	3685	3394	0.69	1104	0	0	0.00	2.20	93.25
5	5	855	22.01	3887	3394	1.18	4492	0	0	0.01	13.16	65.20	4.27
5	13	499	13.53	3687	3394	0.92	3753	0	0	0.01	10.28	76.51
6	6	545	14.57	3739	3394	1.09	4691	0	0	0.02	7.92	77.82	2.94
6	14	123	3.34	3692	3394	0.85	1393	0	0	0.00	2.43	94.30
7	7	1554	37.09	4191	3394	1.04	5133	0	0	0.03	20.73	42.72	5.99
7	15	1080	25.48	4239	3394	0.82	4969	0	0	0.02	29.99	45.30
Core	CPU	Avg_MHz	Busy%	Bzy_MHz	TSC_MHz	IPC	IRQ	NMI	SMI	POLL%	C1%	C2%	CorWatt	PkgWatt
-	-	616	15.01	4105	3390	0.94	19423	0	0	0.02	7.78	77.41	30.43	45.63
0	0	609	16.27	3744	3394	0.93	2701	0	0	0.00	12.85	71.31	3.72	45.72
0	8	389	10.44	3729	3394	0.92	1611	0	0	0.02	5.27	84.58
1	1	1314	30.22	4348	3394	0.80	1600	0	0	0.00	8.07	62.14	8.02
1	9	2520	55.16	4569	3394	1.03	641	0	0	0.05	24.76	20.69
2	2	567	15.38	3686	3394	0.85	2838	0	0	0.05	14.98	70.13	3.27
2	10	117	3.16	3713	3394	1.13	292	0	0	0.00	0.23	96.66
3	3	235	6.33	3715	3394	0.96	1285	0	0	0.03	2.00	91.87	2.08
3	11	14	0.38	3705	3394	0.61	24	0	0	0.00	0.00	99.62
4	4	294	7.84	3754	3394	1.09	987	0	0	0.03	2.42	89.91	3.45
4	12	488	12.25	3985	3394	1.22	737	0	0	0.01	4.19	83.73
5	5	574	15.50	3706	3394	1.01	1071	0	0	0.01	2.38	82.33	3.33
5	13	4	0.11	3713	3394	0.30	7	0	0	0.00	0.00	99.89
6	6	135	3.66	3699	3394	1.08	254	0	0	0.00	0.02	96.37	1.00
6	14	21	0.57	3710	3394	0.53	30	0	0	0.00	0.01	99.43
7	7	998	23.49	4249	3394	0.93	1972	0	0	0.02	4.89	71.98	5.60
7	15	1586	39.36	4030	3394	0.82	3373	0	0	0.03	42.53	19.19
