turbostat version 2025.09.09 - Len Brown <lenb@kernel.org>
Kernel command line: BOOT_IMAGE=/boot/vmlinuz-6.17.0-35-generic root=UUID=37e0ef02-2557-4d29-8187-72bb5e6547ba ro quiet splash vt.handoff=7
CPUID(0): AuthenticAMD 0x10 CPUID levels
CPUID(1): family:model:stepping 0x19:21:2 (25:33:2) microcode 0x0
CPUID(0x80000000): max_extended_levels: 0x80000023
CPUID(1): SSE3 MONITOR - - - TSC MSR - HT -
CPUID(6): APERF, No-TURBO, No-DTS, No-PTM, No-HWP, No-HWPnotify, No-HWPwindow, No-HWPepp, No-HWPpkg, No-EPB
CPUID(7): No-SGX No-Hybrid
cpu0: cpufreq driver: amd-pstate-epp
cpu0: cpufreq governor: powersave
cpufreq boost: 1
/dev/cpu_dma_latency: 2000000000 usec (default)
current_driver: acpi_idle
current_governor: menu
current_governor_ro: menu
cpu0: POLL: CPUIDLE CORE POLL IDLE
cpu0: C1: ACPI FFH MWAIT 0x0
cpu0: C2: ACPI IOPORT 0x414
RAPL: 234 sec. Joule Counter Range, at 280 Watts
intel-rapl:0: package-0 disabled
intel-rapl:0/intel-rapl:0:0: core disabled
cpu0: MSR_RAPL_PWR_UNIT: 0x000a1003 (0.125000 Watts, 0.000015 Joules, 0.000977 sec.)
Core	CPU	Avg_MHz	Busy%	Bzy_MHz	TSC_MHz	IPC	IRQ	NMI	SMI	POLL%	C1%	C2%	CorWatt	PkgWatt
-	-	637	16.14	3949	3394	1.01	113347	1	0	0.01	7.49	76.69	33.85	48.83
0	0	492	12.98	3792	3394	0.87	8177	0	0	0.02	3.84	83.45	4.11	48.82
0	8	709	18.79	3776	3394	0.91	10693	0	0	0.03	7.92	73.66
1	1	1604	37.42	4285	3394	1.23	8822	1	0	0.03	14.33	48.77	6.64
1	9	1210	27.71	4367	3394	0.94	6985	0	0	0.02	12.38	60.36
2	2	326	8.90	3665	3394	0.88	5911	0	0	0.01	3.27	88.02	3.33
2	10	344	9.37	3674	3394	0.88	6426	0	0	0.01	2.27	88.53
3	3	294	8.02	3671	3394	0.91	4970	0	0	0.02	3.96	88.20	3.00
3	11	192	5.25	3648	3394	0.78	3749	0	0	0.00	1.87	92.99
4	4	654	17.35	3771	3394	0.96	8546	0	0	0.02	13.37	69.68	3.60
4	12	243	6.43	3773	3394	0.93	4355	0	0	0.01	3.19	90.53
5	5	922	23.97	3846	3394	1.19	10863	0	0	0.01	14.20	62.38	4.57
5	13	518	13.37	3877	3394	0.99	6974	0	0	0.01	5.69	81.26
6	6	578	15.70	3678	3394	1.05	8468	0	0	0.01	4.88	79.69	3.35
6	14	96	2.63	3662	3394	0.98	1848	0	0	0.00	0.44	96.99
7	7	1415	35.44	3993	3394	1.11	11014	0	0	0.02	16.24	48.92	5.24
7	15	595	14.83	4013	3394	0.67	5546	0	0	0.01	12.06	73.53
Core	CPU	Avg_MHz	Busy%	Bzy_MHz	TSC_MHz	IPC	IRQ	NMI	SMI	POLL%	C1%	C2%	CorWatt	PkgWatt
-	-	669	16.89	3958	3394	1.03	114324	1	0	0.02	8.60	74.85	36.44	51.10
0	0	423	11.34	3727	3394	0.84	8481	0	0	0.01	2.46	86.45	4.10	51.10
0	8	585	15.39	3803	3394	1.03	5571	0	0	0.01	4.92	79.91
1	1	872	21.93	3976	3394	1.05	9524	0	0	0.03	8.13	70.31	5.83
1	9	1344	32.53	4131	3394	0.99	10609	0	0	0.03	21.27	46.90
2	2	346	9.35	3698	3394	1.09	5136	0	0	0.02	3.20	87.60	3.65
2	10	346	9.39	3683	3394	0.98	5679	0	0	0.01	4.72	86.09
3	3	264	7.14	3694	3394	0.91	4391	0	0	0.08	1.92	91.06	2.91
3	11	224	5.96	3766	3394	0.97	2910	0	0	0.01	2.94	91.21
4	4	750	19.87	3775	3394	1.02	10061	0	0	0.02	8.55	71.98	4.34
4	12	450	12.08	3727	3394	0.90	7672	0	0	0.01	9.22	79.02
5	5	1013	25.85	3920	3394	1.15	8827	0	0	0.03	9.87	64.70	4.89
5	13	407	10.40	3911	3394	1.00	4521	0	0	0.01	4.57	85.27
6	6	658	17.73	3711	3394	0.98	9423	0	0	0.02	9.57	73.03	3.96
6	14	346	9.38	3689	3394	0.72	7714	0	0	0.02	5.73	85.16
7	7	1285	30.68	4189	3394	1.26	8141	1	0	0.02	22.32	47.74	6.75
7	15	1385	31.26	4429	3394	1.03	5664	0	0	0.02	18.25	51.14
Core	CPU	Avg_MHz	Busy%	Bzy_MHz	TSC_MHz	IPC	IRQ	NMI	SMI	POLL%	C1%	C2%	CorWatt	PkgWatt
-	-	2084	47.06	4428	3393	0.73	94898	2	0	0.01	4.30	48.85	52.08	68.51
0	0	1891	42.85	4414	3394	0.80	6913	0	0	0.02	5.78	51.65	6.21	68.55
0	8	1910	42.66	4477	3394	0.66	4806	0	0	0.00	1.63	55.83
1	1	3418	75.97	4499	3394	0.90	4735	0	0	0.00	4.07	20.12	8.14
1	9	2756	61.43	4487	3394	0.81	5739	1	0	0.01	2.15	36.59
2	2	1632	38.24	4267	3394	0.71	7169	0	0	0.01	5.68	56.33	5.55
2	10	1384	31.76	4358	3394	0.54	6576	0	0	0.01	2.45	66.02
3	3	1503	33.88	4435	3394	0.57	4764	0	0	0.04	2.90	63.41	5.89
3	11	2215	50.04	4426	3394	0.67	5890	0	0	0.01	4.25	45.91
4	4	1994	45.70	4363	3394	0.71	5651	0	0	0.01	3.81	50.72	6.45
4	12	2054	46.23	4444	3394	0.68	7609	1	0	0.01	5.06	48.99
5	5	1711	38.65	4428	3394	0.92	4938	0	0	0.01	3.40	58.15	6.82
5	13	2535	57.16	4435	3394	0.68	7391	0	0	0.02	10.55	32.68
6	6	2126	47.99	4430	3394	0.72	4507	0	0	0.01	2.02	50.14	5.84
6	14	1554	35.45	4383	3394	0.56	6030	0	0	0.01	2.99	61.78
7	7	2684	60.30	4451	3394	0.78	5825	0	0	0.01	5.04	34.92	7.19
7	15	1984	44.66	4443	3394	0.70	6355	0	0	0.02	7.12	48.57
Core	CPU	Avg_MHz	Busy%	Bzy_MHz	TSC_MHz	IPC	IRQ	NMI	SMI	POLL%	C1%	C2%	CorWatt	PkgWatt
-	-	2877	63.53	4529	3393	0.51	77843	3	0	0.01	1.23	35.39	53.44	72.47
0	0	2324	51.22	4538	3394	0.47	6314	0	0	0.01	1.59	47.41	6.52	72.49
0	8	3284	72.16	4551	3394	0.52	4368	1	0	0.01	1.03	26.95
1	1	4564	99.99	4565	3394	0.61	2177	0	0	0.00	0.02	0.00	8.06
1	9	4365	95.62	4565	3394	0.51	2398	0	0	0.00	0.01	4.38
2	2	2140	48.87	4380	3394	0.48	7162	0	0	0.02	2.62	48.78	6.09
2	10	2088	47.36	4410	3394	0.49	6437	0	0	0.00	2.79	50.09
3	3	2507	55.54	4513	3394	0.49	4742	1	0	0.01	0.78	43.83	6.47
3	11	2677	59.31	4513	3394	0.50	5261	0	0	0.00	1.65	39.23
4	4	2895	63.79	4539	3394	0.50	4737	0	0	0.01	0.87	35.50	6.66
4	12	2729	60.02	4548	3394	0.49	5135	0	0	0.01	1.18	38.98
5	5	2921	64.31	4542	3394	0.51	4639	0	0	0.00	0.80	35.05	6.81
5	13	2815	62.00	4540	3394	0.48	5772	0	0	0.01	1.05	37.17
6	6	2976	65.56	4539	3394	0.52	4277	1	0	0.01	1.58	32.99	6.47
6	14	2474	54.44	4544	3394	0.48	5437	0	0	0.01	1.63	44.13
7	7	2722	59.98	4539	3394	0.50	4836	0	0	0.00	1.70	38.50	6.37
7	15	2561	56.42	4539	3394	0.50	4151	0	0	0.00	0.36	43.36
Core	CPU	Avg_MHz	Busy%	Bzy_MHz	TSC_MHz	IPC	IRQ	NMI	SMI	POLL%	C1%	C2%	CorWatt	PkgWatt
-	-	2917	64.55	4520	3392	0.51	81829	1	0	0.00	1.21	34.40	53.56	72.52
0	0	3065	67.61	4533	3394	0.49	6135	0	0	0.01	1.86	30.75	6.98	72.56
0	8	3208	70.80	4532	3394	0.58	4976	0	0	0.01	1.14	28.22
1	1	3001	66.18	4535	3394	0.53	5401	0	0	0.00	1.20	32.81	6.79
1	9	3166	69.78	4537	3394	0.53	4043	0	0	0.01	0.75	29.60
2	2	2976	66.55	4471	3394	0.53	5175	0	0	0.00	1.22	32.37	6.58
2	10	2477	55.28	4480	3394	0.47	5992	1	0	0.00	1.39	43.54
3	3	2223	49.74	4469	3394	0.47	6310	0	0	0.00	1.07	49.38	6.38
3	11	2988	66.42	4499	3394	0.51	4554	0	0	0.00	0.93	32.79
4	4	2556	56.31	4539	3394	0.49	5728	0	0	0.01	1.20	42.69	6.62
4	12	3084	67.92	4540	3394	0.51	3759	0	0	0.00	1.06	31.11
5	5	3060	67.41	4540	3394	0.50	5206	0	0	0.00	1.22	31.55	6.68
5	13	2726	60.05	4539	3394	0.49	5070	0	0	0.00	1.64	38.50
6	6	2698	59.77	4515	3394	0.51	5313	0	0	0.00	1.07	39.36	6.57
6	14	2966	65.58	4523	3394	0.50	5260	0	0	0.00	1.12	33.47
7	7	3738	82.41	4536	3394	0.55	3779	0	0	0.00	1.18	16.50	7.00
7	15	2765	60.94	4538	3394	0.49	5128	0	0	0.00	1.30	37.95
Core	CPU	Avg_MHz	Busy%	Bzy_MHz	TSC_MHz	IPC	IRQ	NMI	SMI	POLL%	C1%	C2%	CorWatt	PkgWatt
-	-	2897	63.99	4527	3395	0.51	80600	4	0	0.01	1.06	35.13	53.71	72.76
0	0	3085	68.16	4527	3394	0.51	4495	0	0	0.01	0.68	31.28	6.50	72.69
0	8	2363	52.35	4514	3394	0.48	5627	0	0	0.01	1.05	46.80
1	1	2532	56.08	4515	3394	0.48	6368	0	0	0.01	1.66	42.49	6.44
1	9	2922	64.61	4522	3394	0.50	4941	0	0	0.01	2.21	33.35
2	2	2899	64.46	4497	3394	0.52	5588	1	0	0.01	1.19	34.47	6.83
2	10	2937	64.93	4523	3394	0.50	4721	0	0	0.01	0.60	34.62
3	3	2647	58.76	4505	3394	0.51	5064	0	0	0.00	1.04	40.35	6.57
3	11	2812	62.13	4526	3394	0.50	4928	0	0	0.00	1.00	37.05
4	4	3297	72.79	4529	3394	0.53	4579	0	0	0.00	0.61	26.74	7.10
4	12	2971	65.54	4533	3394	0.50	4880	0	0	0.01	1.17	33.45
5	5	3329	73.40	4535	3394	0.52	3696	1	0	0.00	0.48	26.22	6.69
5	13	2365	52.24	4527	3394	0.47	6421	1	0	0.01	1.50	46.52
6	6	2984	66.12	4513	3394	0.53	4706	0	0	0.00	0.68	33.35	6.64
6	14	2803	62.16	4510	3394	0.49	5245	0	0	0.01	1.12	36.91
7	7	2839	62.36	4552	3394	0.51	5477	0	0	0.01	1.48	36.35	6.91
7	15	3539	77.80	4549	3394	0.51	3864	1	0	0.01	0.42	21.87
Core	CPU	Avg_MHz	Busy%	Bzy_MHz	TSC_MHz	IPC	IRQ	NMI	SMI	POLL%	C1%	C2%	CorWatt	PkgWatt
-	-	2883	63.77	4521	3393	0.51	77108	4	0	0.01	1.25	35.14	53.66	72.61
0	0	3473	76.48	4542	3394	0.53	3933	1	0	0.00	0.58	23.05	7.01	72.62
0	8	2991	65.78	4547	3394	0.49	5088	0	0	0.00	1.08	33.32
1	1	3513	77.24	4548	3394	0.56	3768	1	0	0.00	0.29	22.54	7.19
1	9	3388	74.48	4549	3394	0.50	4172	0	0	0.00	0.90	24.74
2	2	2597	59.01	4401	3394	0.51	6461	0	0	0.00	2.30	38.90	6.32
2	10	2062	46.55	4430	3394	0.48	5324	0	0	0.01	2.66	51.01
3	3	2304	51.43	4480	3394	0.47	5602	0	0	0.01	0.95	47.81	6.54
3	11	3005	66.84	4496	3394	0.50	4783	1	0	0.01	1.52	31.80
4	4	2739	60.34	4539	3394	0.49	5664	1	0	0.01	1.57	38.30	6.80
4	12	3029	66.74	4539	3394	0.50	5064	0	0	0.01	1.65	31.78
5	5	2291	50.72	4517	3394	0.54	4982	0	0	0.01	1.21	48.25	6.55
5	13	3104	68.53	4530	3394	0.51	4507	0	0	0.01	1.19	30.42
6	6	3136	69.13	4537	3394	0.52	3879	0	0	0.00	0.60	30.38	6.60
6	14	2626	57.85	4538	3394	0.49	4020	0	0	0.00	0.79	41.50
7	7	2797	61.46	4550	3394	0.51	5010	0	0	0.00	1.12	37.59	6.66
7	15	3076	67.70	4544	3394	0.51	4851	0	0	0.01	1.60	30.85
Core	CPU	Avg_MHz	Busy%	Bzy_MHz	TSC_MHz	IPC	IRQ	NMI	SMI	POLL%	C1%	C2%	CorWatt	PkgWatt
-	-	2902	64.39	4507	3389	0.51	79593	2	0	0.01	1.31	34.41	53.96	73.08
0	0	2779	61.07	4550	3394	0.48	5442	0	0	0.01	0.83	38.28	6.76	73.21
0	8	3226	70.90	4549	3394	0.51	4747	0	0	0.01	0.70	28.54
1	1	4562	99.99	4563	3394	0.60	2172	0	0	0.00	0.01	0.00	8.16
1	9	4487	98.34	4563	3394	0.52	2292	1	0	0.00	0.22	1.45
2	2	2312	53.37	4332	3394	0.51	5570	0	0	0.00	1.31	45.49	5.93
2	10	1801	41.58	4331	3394	0.46	6586	0	0	0.01	2.93	55.75
3	3	2359	53.16	4437	3394	0.51	6497	0	0	0.01	1.74	45.30	6.30
3	11	2297	51.58	4454	3394	0.48	5655	0	0	0.02	2.12	46.52
4	4	2381	52.66	4522	3394	0.47	5914	0	0	0.00	1.82	45.73	6.67
4	12	3069	67.69	4534	3394	0.51	4562	0	0	0.01	0.80	31.65
5	5	3173	69.97	4535	3394	0.50	4598	0	0	0.00	2.07	28.11	6.82
5	13	2588	57.10	4533	3394	0.47	5436	0	0	0.01	1.25	41.86
6	6	2333	51.78	4506	3394	0.47	5352	0	0	0.01	1.20	47.22	6.47
6	14	2910	64.44	4516	3394	0.50	5242	0	0	0.01	1.79	33.95
7	7	3368	74.01	4551	3394	0.50	4593	1	0	0.00	1.44	24.69	6.92
7	15	2851	62.65	4550	3394	0.49	4935	0	0	0.01	0.72	36.80
Core	CPU	Avg_MHz	Busy%	Bzy_MHz	TSC_MHz	IPC	IRQ	NMI	SMI	POLL%	C1%	C2%	CorWatt	PkgWatt
-	-	2898	64.01	4528	3397	0.51	77394	2	0	0.01	1.05	35.13	53.56	72.50
0	0	3359	74.04	4537	3394	0.60	4489	0	0	0.00	0.75	25.34	6.76	72.46
0	8	2541	56.00	4538	3394	0.48	4690	0	0	0.01	0.47	43.69
1	1	3791	83.44	4544	3394	0.56	3370	0	0	0.00	0.51	16.12	7.14
1	9	3240	71.29	4545	3394	0.50	3811	0	0	0.00	0.37	28.46
2	2	2400	53.98	4445	3394	0.47	6365	0	0	0.01	2.14	44.09	6.50
2	10	2827	63.03	4486	3394	0.50	5163	0	0	0.01	1.07	36.05
3	3	2691	59.91	4492	3394	0.48	5474	0	0	0.01	1.13	39.12	6.40
3	11	2485	55.25	4498	3394	0.50	4985	0	0	0.01	0.71	44.20
4	4	2789	61.93	4504	3394	0.52	4817	0	0	0.00	1.04	37.19	6.78
4	12	2923	64.76	4514	3394	0.49	5167	1	0	0.01	1.53	33.89
5	5	2620	57.67	4543	3394	0.49	5275	0	0	0.01	1.64	40.88	6.64
5	13	3084	67.88	4543	3394	0.50	5133	0	0	0.01	1.39	30.89
6	6	3104	68.39	4538	3394	0.52	4801	0	0	0.01	1.10	30.67	6.74
6	14	2866	63.12	4540	3394	0.49	4202	1	0	0.00	0.64	36.38
7	7	2743	60.43	4539	3394	0.49	5155	0	0	0.00	1.33	38.43	6.55
7	15	2866	63.07	4544	3394	0.49	4497	0	0	0.01	0.88	36.20
Core	CPU	Avg_MHz	Busy%	Bzy_MHz	TSC_MHz	IPC	IRQ	NMI	SMI	POLL%	C1%	C2%	CorWatt	PkgWatt
-	-	2799	61.82	4528	3395	0.56	38586	1	0	0.00	0.21	38.03	50.97	71.52
0	0	2226	49.15	4529	3394	0.53	2377	0	0	0.00	0.12	50.78	6.02	71.42
0	8	2984	65.89	4528	3394	0.53	2290	1	0	0.00	0.19	33.95
1	1	4079	90.01	4532	3394	0.88	2423	0	0	0.00	0.08	9.91	6.90
1	9	1598	35.33	4523	3394	0.43	2445	0	0	0.01	0.63	64.13
2	2	2748	60.85	4517	3394	0.56	2964	0	0	0.00	0.14	39.07	6.27
2	10	2598	57.51	4517	3394	0.50	2693	0	0	0.00	0.05	42.48
3	3	2578	56.93	4528	3394	0.54	3179	0	0	0.00	0.28	42.85	6.14
3	11	2594	57.28	4528	3394	0.52	2326	0	0	0.00	0.10	42.67
4	4	1032	23.16	4456	3394	0.56	2024	0	0	0.00	0.44	76.47	6.05
4	12	3921	86.69	4523	3394	0.54	2599	0	0	0.00	0.64	12.70
5	5	2033	44.91	4528	3394	0.53	1838	0	0	0.00	0.12	55.02	6.11
5	13	3159	69.76	4528	3394	0.53	2407	0	0	0.00	0.23	30.05
6	6	2050	45.34	4522	3394	0.53	1964	0	0	0.00	0.04	54.67	6.07
6	14	3139	69.25	4532	3394	0.53	2287	0	0	0.00	0.15	30.62
7	7	3774	83.25	4533	3394	0.58	2545	0	0	0.00	0.04	16.75	7.39
7	15	4256	93.91	4532	3394	0.52	2225	0	0	0.00	0.11	5.99
Core	CPU	Avg_MHz	Busy%	Bzy_MHz	TSC_MHz	IPC	IRQ	NMI	SMI	POLL%	C1%	C2%	CorWatt	PkgWatt
-	-	2832	62.69	4517	3392	0.53	65509	4	0	0.00	0.97	36.45	52.42	71.84
0	0	3029	66.85	4532	3394	0.52	4107	0	0	0.00	0.78	32.50	6.43	71.89
0	8	2487	54.94	4526	3394	0.49	4403	0	0	0.00	0.81	44.40
1	1	2941	64.96	4528	3394	0.63	4246	1	0	0.01	1.12	34.06	6.80
1	9	2967	65.49	4531	3394	0.58	4212	0	0	0.01	1.53	33.12
2	2	3563	79.14	4503	3394	0.58	3692	0	0	0.00	0.91	20.03	6.70
2	10	2300	51.03	4506	3394	0.45	4090	0	0	0.01	1.17	47.94
3	3	2283	50.81	4493	3394	0.49	4695	1	0	0.01	0.94	48.40	6.29
3	11	2876	63.78	4509	3394	0.51	5177	0	0	0.00	1.43	34.96
4	4	2670	59.10	4518	3394	0.53	3620	0	0	0.00	0.24	40.76	6.40
4	12	2551	56.49	4516	3394	0.51	3509	0	0	0.00	1.36	42.26
5	5	2064	45.90	4496	3394	0.49	4613	0	0	0.00	1.79	52.50	6.39
5	13	3273	72.45	4517	3394	0.52	3420	0	0	0.01	0.39	27.24
6	6	3407	75.42	4517	3394	0.57	3457	1	0	0.01	0.48	24.18	6.45
6	14	2149	47.56	4519	3394	0.48	3640	0	0	0.00	0.82	51.76
7	7	3324	73.20	4541	3394	0.55	4119	0	0	0.01	0.87	26.05	6.99
7	15	3445	75.85	4541	3394	0.51	4509	1	0	0.01	0.86	23.42
Core	CPU	Avg_MHz	Busy%	Bzy_MHz	TSC_MHz	IPC	IRQ	NMI	SMI	POLL%	C1%	C2%	CorWatt	PkgWatt
-	-	3290	72.88	4514	3394	0.48	83541	3	0	0.01	2.30	24.99	55.47	73.98
0	0	3723	82.33	4522	3394	0.51	4215	0	0	0.00	1.47	16.32	7.02	73.97
0	8	3154	69.72	4523	3394	0.45	5125	0	0	0.00	1.68	28.73
1	1	2932	65.06	4507	3394	0.49	6284	0	0	0.01	2.62	32.52	6.76
1	9	3505	77.63	4516	3394	0.45	4401	0	0	0.01	1.86	20.65
2	2	3509	77.83	4508	3394	0.52	5332	1	0	0.01	2.72	19.58	7.34
2	10	3428	76.01	4510	3394	0.47	4826	1	0	0.00	1.96	22.19
3	3	3327	73.86	4504	3394	0.47	7149	0	0	0.01	2.57	23.73	6.92
3	11	3372	74.77	4511	3394	0.49	4362	0	0	0.00	1.95	23.43
4	4	2793	61.73	4525	3394	0.45	5460	0	0	0.01	2.04	36.41	7.00
4	12	3632	80.29	4524	3394	0.50	4201	0	0	0.00	1.58	18.25
5	5	3246	71.92	4514	3394	0.49	4849	0	0	0.00	3.49	24.79	6.83
5	13	3149	69.67	4520	3394	0.46	5379	1	0	0.00	2.92	27.60
6	6	2862	63.70	4492	3394	0.50	6119	0	0	0.01	2.07	34.39	6.83
6	14	3446	76.58	4501	3394	0.46	4983	0	0	0.01	2.08	21.47
7	7	3021	66.74	4526	3394	0.47	5948	0	0	0.01	3.34	30.14	6.78
7	15	3539	78.18	4527	3394	0.46	4908	0	0	0.00	2.36	19.62
Core	CPU	Avg_MHz	Busy%	Bzy_MHz	TSC_MHz	IPC	IRQ	NMI	SMI	POLL%	C1%	C2%	CorWatt	PkgWatt
-	-	3386	74.84	4524	3394	0.45	89377	4	0	0.01	3.05	22.30	55.90	74.19
0	0	3062	67.81	4516	3394	0.44	5302	1	0	0.01	3.21	29.17	6.75	74.23
0	8	3336	73.76	4522	3394	0.42	6290	0	0	0.01	3.94	22.54
1	1	3403	75.16	4528	3394	0.46	4936	0	0	0.01	2.39	22.62	7.15
1	9	3741	82.58	4530	3394	0.49	4754	0	0	0.00	2.97	14.61
2	2	2952	65.46	4510	3394	0.42	5914	0	0	0.01	3.05	31.71	7.03
2	10	3616	80.15	4512	3394	0.46	4906	0	0	0.00	2.26	17.75
3	3	2990	66.08	4525	3394	0.41	12936	0	0	0.04	6.15	28.08	7.01
3	11	3918	86.56	4526	3394	0.48	3058	1	0	0.01	1.49	12.02
4	4	2884	63.69	4528	3394	0.43	5983	0	0	0.02	3.10	33.46	7.23
4	12	4090	90.31	4529	3394	0.53	3208	0	0	0.00	0.67	9.08
5	5	2597	57.42	4523	3394	0.38	6985	1	0	0.01	4.26	38.62	6.87
5	13	3914	86.47	4526	3394	0.48	3903	0	0	0.01	2.75	10.91
6	6	3384	74.76	4526	3394	0.45	5910	0	0	0.01	3.82	21.65	6.93
6	14	3335	73.74	4523	3394	0.45	4850	0	0	0.01	2.44	23.99
7	7	3255	71.90	4527	3394	0.43	5688	1	0	0.01	3.56	24.76	6.93
7	15	3692	81.59	4526	3394	0.47	4754	0	0	0.01	2.71	15.85
Core	CPU	Avg_MHz	Busy%	Bzy_MHz	TSC_MHz	IPC	IRQ	NMI	SMI	POLL%	C1%	C2%	CorWatt	PkgWatt
-	-	2917	64.48	4524	3395	0.50	81989	3	0	0.01	1.45	34.26	53.89	72.85
0	0	2589	57.22	4525	3394	0.49	5938	0	0	0.01	1.60	41.38	6.58	72.78
0	8	2973	65.63	4530	3394	0.50	5512	0	0	0.00	1.29	33.27
1	1	3809	83.77	4548	3394	0.50	3328	0	0	0.00	0.54	15.78	7.80
1	9	4545	99.99	4546	3394	0.61	2181	1	0	0.00	0.02	0.00
2	2	2145	48.41	4431	3394	0.46	6990	0	0	0.02	3.14	48.71	6.37
2	10	2611	58.75	4444	3394	0.47	5891	0	0	0.01	3.06	38.42
3	3	1911	42.28	4519	3394	0.44	6085	0	0	0.01	1.16	56.79	6.52
3	11	3439	75.93	4529	3394	0.52	3863	0	0	0.01	1.64	22.54
4	4	1858	41.03	4528	3394	0.42	7251	1	0	0.01	1.50	57.77	6.83
4	12	3995	88.06	4536	3394	0.53	3353	1	0	0.00	1.16	10.84
5	5	2289	50.42	4539	3394	0.45	7429	0	0	0.01	1.87	48.02	6.86
5	13	3632	79.98	4541	3394	0.54	3999	0	0	0.01	0.84	19.28
6	6	3294	72.94	4516	3394	0.51	3930	0	0	0.00	1.03	26.15	6.35
6	14	1962	43.48	4512	3394	0.44	5722	0	0	0.01	0.98	55.78
7	7	3318	73.36	4522	3394	0.52	4299	0	0	0.01	1.46	25.31	6.57
7	15	2282	50.39	4530	3394	0.46	6218	0	0	0.01	1.97	47.89
Core	CPU	Avg_MHz	Busy%	Bzy_MHz	TSC_MHz	IPC	IRQ	NMI	SMI	POLL%	C1%	C2%	CorWatt	PkgWatt
-	-	2940	65.06	4519	3392	0.50	80678	2	0	0.01	1.37	33.73	53.90	72.94
0	0	2814	62.24	4521	3394	0.49	5497	0	0	0.00	1.14	36.81	6.51	73.00
0	8	2665	58.88	4525	3394	0.48	5628	1	0	0.01	2.11	39.22
1	1	3506	77.14	4546	3394	0.48	4292	0	0	0.01	0.43	22.55	7.63
1	9	4543	99.99	4544	3394	0.60	2185	0	0	0.00	0.02	0.00
2	2	2338	52.75	4432	3394	0.46	7674	0	0	0.01	3.38	44.16	6.42
2	10	2659	59.73	4451	3394	0.48	5717	0	0	0.01	2.22	38.24
3	3	2210	48.93	4516	3394	0.43	7593	0	0	0.02	2.08	49.28	6.85
3	11	3716	82.04	4529	3394	0.51	3931	0	0	0.01	1.32	16.75
4	4	2422	53.49	4528	3394	0.46	5160	0	0	0.01	0.99	45.72	6.59
4	12	3166	69.79	4536	3394	0.50	3579	0	0	0.00	0.88	29.44
5	5	2879	63.48	4535	3394	0.56	4736	0	0	0.00	0.76	35.93	6.85
5	13	2983	65.76	4537	3394	0.48	4688	0	0	0.00	1.77	32.64
6	6	2488	55.16	4510	3394	0.47	5136	0	0	0.01	0.82	44.19	6.43
6	14	2920	64.65	4517	3394	0.51	4438	1	0	0.00	1.11	34.38
7	7	3319	73.19	4535	3394	0.52	4526	0	0	0.01	1.51	25.46	6.64
7	15	2436	53.70	4536	3394	0.46	5898	0	0	0.02	1.37	45.16
Core	CPU	Avg_MHz	Busy%	Bzy_MHz	TSC_MHz	IPC	IRQ	NMI	SMI	POLL%	C1%	C2%	CorWatt	PkgWatt
-	-	2966	65.56	4524	3396	0.49	85582	2	0	0.01	1.51	33.14	55.15	73.79
0	0	3490	76.83	4542	3394	0.50	4809	0	0	0.01	0.66	22.66	6.95	73.72
0	8	2800	61.64	4543	3394	0.47	6051	0	0	0.01	1.66	36.93
1	1	3943	86.61	4552	3394	0.50	3675	1	0	0.00	0.59	12.88	7.92
1	9	4416	97.01	4552	3394	0.60	2521	0	0	0.00	0.15	2.87
2	2	2345	53.30	4399	3394	0.47	6821	0	0	0.01	2.44	44.50	6.30
2	10	2071	47.08	4400	3394	0.44	7274	0	0	0.01	3.02	50.18
3	3	2572	57.35	4484	3394	0.47	6306	0	0	0.01	1.53	41.31	6.65
3	11	2690	59.78	4500	3394	0.48	5365	0	0	0.01	1.68	38.74
4	4	2487	54.85	4535	3394	0.46	6220	0	0	0.00	1.61	43.78	6.95
4	12	3293	72.57	4538	3394	0.50	4840	0	0	0.01	1.14	26.45
5	5	1820	40.07	4544	3394	0.40	7149	0	0	0.01	1.38	58.86	6.89
5	13	4058	89.31	4544	3394	0.52	3274	0	0	0.01	1.51	9.26
6	6	2718	60.14	4518	3394	0.49	5539	1	0	0.00	1.22	38.84	6.75
6	14	3002	66.33	4525	3394	0.49	5094	0	0	0.01	2.17	31.69
7	7	2786	61.41	4537	3394	0.48	5280	0	0	0.00	1.40	37.40	6.72
7	15	2930	64.62	4534	3394	0.49	5364	0	0	0.02	2.02	33.56
Core	CPU	Avg_MHz	Busy%	Bzy_MHz	TSC_MHz	IPC	IRQ	NMI	SMI	POLL%	C1%	C2%	CorWatt	PkgWatt
-	-	2894	64.10	4515	3393	0.51	78336	3	0	0.01	1.22	34.84	54.40	73.12
0	0	3237	71.22	4545	3394	0.53	3921	0	0	0.00	0.41	28.48	6.88	73.17
0	8	2811	61.89	4541	3394	0.47	5941	0	0	0.01	1.06	37.27
1	1	3673	80.68	4553	3394	0.49	3784	0	0	0.00	0.36	19.06	7.86
1	9	4552	99.99	4553	3394	0.60	2168	1	0	0.00	0.01	0.00
2	2	2147	49.96	4297	3394	0.58	7056	0	0	0.01	3.37	46.90	5.90
2	10	1517	35.35	4290	3394	0.45	6112	0	0	0.01	1.51	63.36
3	3	1959	43.70	4482	3394	0.45	5916	0	0	0.01	1.02	55.49	6.52
3	11	3180	70.48	4512	3394	0.51	4497	0	0	0.01	0.71	28.95
4	4	2725	60.01	4541	3394	0.49	4256	0	0	0.01	0.88	39.25	6.79
4	12	3020	66.59	4535	3394	0.49	4667	0	0	0.01	1.10	32.47
5	5	2652	58.40	4541	3394	0.49	5576	0	0	0.01	1.83	39.98	6.75
5	13	2970	65.32	4547	3394	0.50	4379	1	0	0.00	1.47	33.36
6	6	2669	59.03	4521	3394	0.53	5905	0	0	0.01	2.01	39.17	6.78
6	14	3144	69.38	4531	3394	0.51	3911	0	0	0.01	0.25	30.48
7	7	3271	71.99	4543	3394	0.52	4457	0	0	0.00	1.56	26.59	6.94
7	15	2797	61.62	4539	3394	0.48	5790	1	0	0.01	1.91	36.69
Core	CPU	Avg_MHz	Busy%	Bzy_MHz	TSC_MHz	IPC	IRQ	NMI	SMI	POLL%	C1%	C2%	CorWatt	PkgWatt
-	-	2891	63.91	4524	3394	0.51	81661	3	0	0.01	1.36	34.91	54.60	73.22
0	0	3308	72.89	4539	3394	0.51	4752	1	0	0.01	1.40	25.86	6.75	73.20
0	8	2351	51.81	4539	3394	0.48	5650	0	0	0.01	1.25	47.15
1	1	3716	81.78	4543	3394	0.54	3324	0	0	0.00	0.28	18.00	7.49
1	9	3765	82.77	4548	3394	0.55	3891	0	0	0.00	1.38	15.96
2	2	2163	49.46	4373	3394	0.48	7021	0	0	0.01	3.46	47.34	6.06
2	10	1793	40.75	4399	3394	0.45	5704	0	0	0.01	1.98	57.50
3	3	2412	53.44	4513	3394	0.49	5617	1	0	0.01	0.93	45.82	6.71
3	11	3112	68.81	4523	3394	0.52	3891	1	0	0.00	0.47	30.84
4	4	2396	52.82	4537	3394	0.46	5343	0	0	0.01	0.96	46.43	6.91
4	12	3405	75.03	4539	3394	0.51	4606	0	0	0.00	1.08	24.04
5	5	2700	59.55	4534	3394	0.49	6033	0	0	0.01	1.46	39.22	6.82
5	13	3055	67.33	4538	3394	0.51	5658	0	0	0.01	1.88	30.99
6	6	3052	67.50	4522	3394	0.51	5450	0	0	0.01	2.15	30.55	6.78
6	14	2600	57.40	4531	3394	0.48	5629	0	0	0.00	1.25	41.56
7	7	3105	68.29	4546	3394	0.54	4894	0	0	0.01	0.99	30.88	7.08
7	15	3318	72.94	4549	3394	0.51	4198	0	0	0.00	0.89	26.30
Core	CPU	Avg_MHz	Busy%	Bzy_MHz	TSC_MHz	IPC	IRQ	NMI	SMI	POLL%	C1%	C2%	CorWatt	PkgWatt
-	-	2893	63.99	4522	3393	0.51	78902	4	0	0.01	1.24	34.93	54.16	72.99
0	0	3058	67.55	4527	3394	0.51	5586	0	0	0.01	1.33	31.31	6.80	73.00
0	8	2853	62.98	4530	3394	0.49	5697	0	0	0.01	1.70	35.54
1	1	3636	79.98	4546	3394	0.50	4179	0	0	0.01	0.59	19.55	7.86
1	9	4545	99.99	4546	3394	0.60	2181	0	0	0.00	0.02	0.00
2	2	2064	46.71	4420	3394	0.58	6504	1	0	0.01	2.38	51.15	6.18
2	10	2170	49.12	4417	3394	0.48	5845	1	0	0.00	2.33	48.77
3	3	2703	59.89	4513	3394	0.48	4555	0	0	0.01	0.83	39.42	6.66
3	11	2794	61.74	4525	3394	0.50	5379	0	0	0.01	1.08	37.38
4	4	2064	45.55	4531	3394	0.47	4516	0	0	0.01	0.59	54.03	6.65
4	12	3443	75.89	4536	3394	0.52	3782	1	0	0.01	0.52	23.68
5	5	2770	61.19	4527	3394	0.51	4015	0	0	0.01	1.66	37.28	6.71
5	13	2828	62.37	4535	3394	0.47	5742	0	0	0.01	1.38	36.45
6	6	2277	50.25	4532	3394	0.45	6300	0	0	0.01	1.86	48.15	6.74
6	14	3549	78.29	4534	3394	0.51	4126	0	0	0.01	0.73	21.09
7	7	2764	60.94	4536	3394	0.52	4804	1	0	0.01	1.69	37.55	6.57
7	15	2783	61.34	4536	3394	0.49	5691	0	0	0.01	1.20	37.66
Core	CPU	Avg_MHz	Busy%	Bzy_MHz	TSC_MHz	IPC	IRQ	NMI	SMI	POLL%	C1%	C2%	CorWatt	PkgWatt
-	-	2852	63.17	4515	3394	0.51	81351	2	0	0.01	1.21	35.80	54.11	73.00
0	0	3350	73.84	4537	3394	0.52	4780	0	0	0.00	1.33	24.98	6.78	72.97
0	8	2461	54.43	4522	3394	0.48	6994	0	0	0.01	1.95	43.89
1	1	3708	81.47	4552	3394	0.51	3084	0	0	0.00	0.26	18.33	7.89
1	9	4549	99.99	4549	3394	0.61	2169	0	0	0.00	0.02	0.00
2	2	2423	55.55	4362	3394	0.50	5527	0	0	0.01	2.02	42.61	5.97
2	10	1641	37.74	4347	3394	0.46	6315	0	0	0.02	1.02	61.47
3	3	2803	62.60	4477	3394	0.51	5333	0	0	0.00	1.50	36.07	6.51
3	11	2291	50.82	4507	3394	0.49	4981	0	0	0.00	1.41	47.96
4	4	2051	45.39	4518	3394	0.47	5613	0	0	0.01	1.40	53.42	6.71
4	12	3403	75.12	4531	3394	0.52	3866	0	0	0.01	0.61	24.38
5	5	2744	60.51	4535	3394	0.49	6084	1	0	0.01	2.07	37.65	6.85
5	13	2976	65.68	4531	3394	0.50	4629	0	0	0.00	0.80	33.68
6	6	3274	72.29	4529	3394	0.52	4836	0	0	0.01	1.07	26.80	6.70
6	14	2287	50.52	4527	3394	0.47	6198	1	0	0.01	1.59	48.13
7	7	2413	53.17	4539	3394	0.47	6155	0	0	0.01	1.43	45.64	6.69
7	15	3252	71.59	4543	3394	0.51	4787	0	0	0.01	0.88	27.68
Core	CPU	Avg_MHz	Busy%	Bzy_MHz	TSC_MHz	IPC	IRQ	NMI	SMI	POLL%	C1%	C2%	CorWatt	PkgWatt
-	-	2877	63.73	4515	3393	0.51	81846	3	0	0.01	1.12	35.32	54.41	73.32
0	0	2798	61.69	4535	3394	0.49	5662	0	0	0.00	1.00	37.50	6.76	73.33
0	8	2935	64.74	4534	3394	0.50	5852	0	0	0.01	1.09	34.37
1	1	4070	89.52	4547	3394	0.51	2825	1	0	0.00	0.20	10.32	8.03
1	9	4546	99.98	4547	3394	0.60	2173	1	0	0.00	0.02	0.00
2	2	2433	55.08	4416	3394	0.57	6635	0	0	0.01	1.23	43.90	6.38
2	10	2123	48.00	4424	3394	0.47	6215	0	0	0.01	1.37	50.85
3	3	2694	59.60	4520	3394	0.49	5541	0	0	0.01	0.56	40.01	6.73
3	11	2720	60.01	4532	3394	0.49	5132	0	0	0.01	0.93	39.24
4	4	2684	59.68	4498	3394	0.50	5245	1	0	0.01	1.39	39.10	6.60
4	12	2532	55.99	4523	3394	0.49	4574	0	0	0.00	0.66	43.50
5	5	2260	50.04	4517	3394	0.52	5302	0	0	0.01	0.78	49.38	6.81
5	13	3479	76.74	4534	3394	0.52	4309	0	0	0.00	1.35	22.04
6	6	2577	57.30	4498	3394	0.50	4833	0	0	0.01	1.31	41.56	6.41
6	14	2548	56.60	4502	3394	0.48	6349	0	0	0.01	1.97	41.66
7	7	2651	58.70	4516	3394	0.50	6555	0	0	0.01	2.58	38.97	6.69
7	15	2994	66.04	4534	3394	0.50	4644	0	0	0.00	1.42	32.69
Core	CPU	Avg_MHz	Busy%	Bzy_MHz	TSC_MHz	IPC	IRQ	NMI	SMI	POLL%	C1%	C2%	CorWatt	PkgWatt
-	-	2876	63.78	4509	3394	0.51	82406	4	0	0.01	1.31	35.09	54.55	73.35
0	0	2640	58.34	4526	3394	0.50	4452	0	0	0.01	0.43	41.37	6.71	73.34
0	8	3167	69.86	4533	3394	0.50	4542	1	0	0.00	0.66	29.62
1	1	3406	74.94	4546	3394	0.50	3776	0	0	0.00	0.13	25.03	7.77
1	9	4545	99.99	4545	3394	0.61	2164	0	0	0.00	0.02	0.00
2	2	2974	66.57	4468	3394	0.50	6184	0	0	0.01	1.76	31.88	6.75
2	10	2427	54.33	4467	3394	0.48	5468	0	0	0.01	1.65	44.23
3	3	2821	63.19	4464	3394	0.52	5605	0	0	0.01	1.17	35.78	6.51
3	11	1947	43.77	4449	3394	0.47	6647	0	0	0.01	1.86	54.64
4	4	2508	55.73	4500	3394	0.48	5894	0	0	0.01	1.54	42.95	6.77
4	12	2921	64.81	4507	3394	0.50	4838	0	0	0.01	1.85	33.51
5	5	2463	54.61	4510	3394	0.49	5158	0	0	0.01	0.66	44.91	6.66
5	13	2947	65.34	4510	3394	0.50	5594	1	0	0.01	2.12	32.74
6	6	2595	57.89	4483	3394	0.49	5041	1	0	0.00	1.26	41.02	6.59
6	14	2825	62.86	4495	3394	0.50	5733	0	0	0.01	2.73	34.62
7	7	3242	71.45	4537	3394	0.51	4995	0	0	0.00	1.33	27.39	6.78
7	15	2583	56.88	4541	3394	0.48	6315	1	0	0.01	1.74	41.61
Core	CPU	Avg_MHz	Busy%	Bzy_MHz	TSC_MHz	IPC	IRQ	NMI	SMI	POLL%	C1%	C2%	CorWatt	PkgWatt
-	-	2850	63.06	4519	3394	0.54	59082	1	0	0.00	0.95	36.09	53.26	72.96
0	0	2207	48.65	4536	3394	0.50	3373	0	0	0.00	0.24	51.21	6.59	72.98
0	8	3376	74.49	4533	3394	0.60	4666	0	0	0.00	1.24	24.41
1	1	4232	93.22	4539	3394	0.51	2668	0	0	0.00	0.15	6.65	7.87
1	9	4385	96.59	4540	3394	0.59	2394	0	0	0.00	0.09	3.34
2	2	2083	47.11	4421	3394	0.50	4010	0	0	0.01	0.53	52.47	5.98
2	10	2197	49.56	4432	3394	0.51	5421	0	0	0.01	3.23	47.41
3	3	3743	82.83	4519	3394	0.52	3778	1	0	0.00	0.50	16.72	6.50
3	11	1443	32.01	4506	3394	0.56	4332	0	0	0.01	0.72	67.42
4	4	1483	32.96	4499	3394	0.45	3220	0	0	0.01	0.64	66.52	6.36
4	12	3649	80.74	4519	3394	0.53	3669	0	0	0.00	0.99	18.36
5	5	3067	67.63	4535	3394	0.70	3400	0	0	0.00	1.01	31.45	6.84
5	13	2475	54.58	4534	3394	0.50	3835	0	0	0.01	2.38	43.19
6	6	2715	59.99	4526	3394	0.51	3300	0	0	0.00	0.90	39.20	6.56
6	14	3027	66.82	4529	3394	0.51	3801	0	0	0.01	0.61	32.68
7	7	2073	45.76	4531	3394	0.61	3399	0	0	0.00	0.57	53.80	6.57
7	15	3446	76.07	4530	3394	0.52	3816	0	0	0.00	1.39	22.65
Core	CPU	Avg_MHz	Busy%	Bzy_MHz	TSC_MHz	IPC	IRQ	NMI	SMI	POLL%	C1%	C2%	CorWatt	PkgWatt
-	-	2884	63.84	4517	3393	0.51	82228	2	0	0.01	1.41	34.91	54.24	72.98
0	0	3016	66.51	4534	3394	0.51	6113	1	0	0.00	1.45	32.25	6.80	72.99
0	8	2950	65.11	4532	3394	0.49	5743	0	0	0.00	1.62	33.48
1	1	3190	70.32	4537	3394	0.49	5193	0	0	0.00	1.18	28.68	7.26
1	9	3914	86.23	4539	3394	0.57	3266	0	0	0.01	0.28	13.55
2	2	2559	57.05	4485	3394	0.49	5588	0	0	0.00	1.62	41.52	6.49
2	10	2331	52.01	4482	3394	0.49	5344	0	0	0.00	1.30	46.88
3	3	2762	61.47	4493	3394	0.52	5583	0	0	0.01	1.18	37.52	6.60
3	11	2552	56.57	4510	3394	0.52	4926	0	0	0.01	1.39	42.21
4	4	2328	51.66	4506	3394	0.46	5258	0	0	0.01	1.19	47.35	6.64
4	12	2873	63.88	4498	3394	0.51	3803	1	0	0.00	0.62	35.59
5	5	2765	61.38	4504	3394	0.49	5235	0	0	0.00	1.47	37.34	6.83
5	13	2988	66.15	4516	3394	0.50	5280	0	0	0.01	2.07	31.97
6	6	2763	61.09	4522	3394	0.49	5017	0	0	0.01	1.31	37.78	6.92
6	14	3341	73.82	4527	3394	0.50	5969	0	0	0.01	2.68	23.73
7	7	3379	74.45	4538	3394	0.55	3879	0	0	0.00	1.39	24.27	6.72
7	15	2440	53.78	4536	3394	0.48	6031	0	0	0.01	1.78	44.67
Core	CPU	Avg_MHz	Busy%	Bzy_MHz	TSC_MHz	IPC	IRQ	NMI	SMI	POLL%	C1%	C2%	CorWatt	PkgWatt
-	-	2858	63.36	4511	3394	0.51	80872	4	0	0.00	1.39	35.43	54.25	72.91
0	0	2904	64.19	4524	3394	0.50	5814	0	0	0.01	1.27	34.74	6.72	72.90
0	8	2964	65.52	4523	3394	0.50	5109	0	0	0.01	1.47	33.19
1	1	3462	76.22	4542	3394	0.50	4587	1	0	0.00	1.15	22.77	7.82
1	9	4540	99.99	4541	3394	0.61	2177	1	0	0.00	0.02	0.00
2	2	2536	57.28	4428	3394	0.51	5259	0	0	0.01	0.99	41.90	6.49
2	10	2256	50.66	4452	3394	0.48	5510	0	0	0.00	1.78	47.77
3	3	2952	65.80	4486	3394	0.50	5676	0	0	0.00	2.50	31.88	6.49
3	11	2203	48.91	4505	3394	0.47	5609	1	0	0.00	1.55	49.75
4	4	2398	53.11	4514	3394	0.49	4738	0	0	0.01	1.00	46.07	6.66
4	12	3010	66.76	4509	3394	0.51	5260	0	0	0.01	1.27	32.14
5	5	2925	64.97	4502	3394	0.52	5423	0	0	0.00	2.44	32.79	6.65
5	13	2439	53.95	4521	3394	0.49	5638	0	0	0.00	1.34	44.91
6	6	2995	66.26	4520	3394	0.50	4597	0	0	0.00	0.94	32.95	6.78
6	14	2757	60.90	4527	3394	0.49	5436	0	0	0.00	0.74	38.57
7	7	2804	62.13	4513	3394	0.50	4509	1	0	0.00	1.69	36.34	6.63
7	15	2578	57.11	4513	3394	0.58	5530	0	0	0.01	2.06	41.05
Core	CPU	Avg_MHz	Busy%	Bzy_MHz	TSC_MHz	IPC	IRQ	NMI	SMI	POLL%	C1%	C2%	CorWatt	PkgWatt
-	-	2881	63.83	4514	3393	0.51	82751	3	0	0.01	1.43	34.91	54.65	73.24
0	0	2934	64.68	4536	3394	0.50	5923	0	0	0.01	1.02	34.49	6.81	73.25
0	8	2728	60.14	4536	3394	0.50	5529	0	0	0.01	1.25	38.81
1	1	3825	84.13	4547	3394	0.50	3521	0	0	0.00	0.09	15.86	7.95
1	9	4545	99.99	4545	3394	0.60	2171	0	0	0.00	0.01	0.00
2	2	2315	52.77	4386	3394	0.50	6000	1	0	0.00	2.85	44.59	6.08
2	10	1820	41.15	4423	3394	0.48	4975	0	0	0.01	1.32	57.72
3	3	2204	49.48	4454	3394	0.47	5505	0	0	0.01	0.67	50.03	6.53
3	11	2774	62.00	4475	3394	0.50	6388	0	0	0.01	3.20	35.06
4	4	2622	57.89	4528	3394	0.49	5671	0	0	0.01	1.41	40.91	6.89
4	12	3128	68.99	4534	3394	0.50	5525	0	0	0.00	1.27	29.92
5	5	2771	61.10	4535	3394	0.50	5624	1	0	0.00	2.28	36.83	6.86
5	13	2969	65.41	4539	3394	0.50	5100	0	0	0.01	1.16	33.61
6	6	2761	61.01	4525	3394	0.50	5025	0	0	0.00	1.74	37.44	6.81
6	14	3058	67.41	4536	3394	0.50	5190	1	0	0.01	1.32	31.45
7	7	3257	71.99	4524	3394	0.50	4947	0	0	0.01	1.49	26.69	6.75
7	15	2406	53.18	4523	3394	0.47	5657	0	0	0.01	1.83	45.22
Core	CPU	Avg_MHz	Busy%	Bzy_MHz	TSC_MHz	IPC	IRQ	NMI	SMI	POLL%	C1%	C2%	CorWatt	PkgWatt
-	-	2942	65.21	4512	3395	0.50	87666	2	0	0.01	1.69	33.29	54.80	73.36
0	0	2994	66.18	4524	3394	0.49	6784	0	0	0.01	2.29	31.76	6.76	73.33
0	8	2805	62.06	4520	3394	0.48	6717	1	0	0.02	2.24	35.93
1	1	3485	76.69	4545	3394	0.49	4988	0	0	0.00	1.02	22.42	7.62
1	9	4234	93.23	4542	3394	0.58	2939	0	0	0.00	0.37	6.44
2	2	2529	57.33	4412	3394	0.48	6301	0	0	0.00	2.01	40.86	6.28
2	10	2002	45.33	4417	3394	0.46	6399	1	0	0.00	2.84	52.07
3	3	3001	66.66	4502	3394	0.50	5825	0	0	0.00	1.30	32.20	6.76
3	11	2610	57.93	4505	3394	0.48	5865	0	0	0.01	1.68	40.60
4	4	3204	70.66	4534	3394	0.51	4363	0	0	0.00	0.82	28.65	7.04
4	12	2945	64.92	4536	3394	0.52	4710	0	0	0.01	0.64	34.60
5	5	2824	62.51	4517	3394	0.49	5151	0	0	0.01	2.41	35.27	7.11
5	13	3242	71.76	4518	3394	0.55	4988	0	0	0.00	1.12	27.27
6	6	2794	61.94	4510	3394	0.49	4704	0	0	0.00	1.08	37.11	6.60
6	14	2777	61.66	4504	3394	0.48	6474	0	0	0.01	1.44	37.11
7	7	3068	67.99	4513	3394	0.49	5721	0	0	0.01	2.00	30.19	6.62
7	15	2545	56.48	4506	3394	0.47	5737	0	0	0.01	3.78	39.96
Core	CPU	Avg_MHz	Busy%	Bzy_MHz	TSC_MHz	IPC	IRQ	NMI	SMI	POLL%	C1%	C2%	CorWatt	PkgWatt
-	-	2885	64.06	4504	3392	0.51	82851	4	0	0.01	1.44	34.66	54.52	73.08
0	0	3303	73.08	4520	3394	0.51	5686	0	0	0.01	1.55	25.55	6.96	73.13
0	8	2796	61.80	4524	3394	0.49	5319	0	0	0.00	1.67	36.71
1	1	3857	85.03	4536	3394	0.53	3974	0	0	0.00	0.95	14.12	7.46
1	9	3520	77.58	4537	3394	0.53	4614	0	0	0.00	0.92	21.65
2	2	2875	64.83	4435	3394	0.51	5642	0	0	0.01	1.24	34.09	6.66
2	10	2238	50.67	4417	3394	0.51	6274	0	0	0.00	1.68	47.90
3	3	2589	57.67	4489	3394	0.50	5166	0	0	0.01	0.94	41.54	6.57
3	11	2633	58.41	4508	3394	0.49	5096	0	0	0.01	1.04	40.72
4	4	3079	68.23	4513	3394	0.52	4247	1	0	0.00	0.99	30.91	7.06
4	12	2906	64.38	4514	3394	0.53	5094	0	0	0.01	2.84	32.97
5	5	2777	61.40	4522	3394	0.51	4176	0	0	0.01	1.73	37.02	6.60
5	13	2622	58.40	4489	3394	0.49	5270	1	0	0.01	1.55	40.24
6	6	2402	53.44	4494	3394	0.49	4612	1	0	0.00	0.91	45.81	6.52
6	14	2827	62.99	4488	3394	0.50	5888	0	0	0.01	2.30	34.92
7	7	2630	58.04	4531	3394	0.47	6385	0	0	0.01	1.38	40.81	6.72
7	15	3128	69.02	4532	3394	0.50	5408	1	0	0.01	1.38	29.77
Core	CPU	Avg_MHz	Busy%	Bzy_MHz	TSC_MHz	IPC	IRQ	NMI	SMI	POLL%	C1%	C2%	CorWatt	PkgWatt
-	-	2872	63.74	4505	3395	0.51	82435	1	0	0.01	1.45	35.00	54.88	73.59
0	0	2698	59.65	4524	3394	0.48	6302	0	0	0.01	1.25	39.31	6.92	73.56
0	8	3104	68.64	4523	3394	0.59	5984	0	0	0.01	2.11	29.47
1	1	3660	80.51	4546	3394	0.50	3856	0	0	0.00	0.48	19.10	7.96
1	9	4544	99.99	4544	3394	0.60	2175	1	0	0.00	0.02	0.00
2	2	2853	64.91	4395	3394	0.51	5444	0	0	0.01	1.84	33.42	6.42
2	10	1982	44.93	4412	3394	0.47	5865	0	0	0.01	2.21	53.08
3	3	2168	48.30	4487	3394	0.51	4144	0	0	0.00	0.95	50.88	6.46
3	11	2769	61.65	4491	3394	0.52	4988	0	0	0.01	0.73	37.78
4	4	2620	58.10	4509	3394	0.50	5629	0	0	0.01	1.54	40.56	6.73
4	12	2809	62.24	4514	3394	0.49	5399	0	0	0.01	1.19	36.76
5	5	2803	62.12	4512	3394	0.49	5167	0	0	0.01	2.34	35.74	6.84
5	13	2747	60.93	4508	3394	0.49	5442	0	0	0.01	1.69	37.59
6	6	2983	66.14	4509	3394	0.51	3976	0	0	0.01	0.58	33.40	6.67
6	14	2478	55.04	4502	3394	0.47	6245	0	0	0.01	2.88	42.33
7	7	2980	66.03	4513	3394	0.50	6061	0	0	0.01	1.90	32.29	6.87
7	15	2734	60.71	4503	3394	0.48	5758	0	0	0.00	1.43	38.07
Core	CPU	Avg_MHz	Busy%	Bzy_MHz	TSC_MHz	IPC	IRQ	NMI	SMI	POLL%	C1%	C2%	CorWatt	PkgWatt
-	-	2845	63.14	4506	3394	0.51	82022	4	0	0.01	1.35	35.69	54.63	73.43
0	0	2415	53.45	4518	3394	0.48	5328	1	0	0.01	0.88	45.85	6.63	73.42
0	8	3093	68.46	4517	3394	0.52	4411	0	0	0.00	0.50	31.17
1	1	4006	88.07	4548	3394	0.51	2605	1	0	0.00	0.18	11.78	8.08
1	9	4547	99.99	4547	3394	0.60	2167	0	0	0.00	0.02	0.00
2	2	2429	56.06	4333	3394	0.51	6489	0	0	0.01	2.63	41.53	6.10
2	10	1531	35.16	4353	3394	0.44	7037	0	0	0.01	3.06	62.08
3	3	2618	58.54	4472	3394	0.50	5367	1	0	0.01	1.44	40.19	6.58
3	11	2428	54.19	4481	3394	0.51	5633	0	0	0.01	1.39	44.62
4	4	2931	64.67	4532	3394	0.50	4947	0	0	0.01	1.71	33.80	6.84
4	12	2567	56.66	4530	3394	0.51	5194	1	0	0.01	0.85	42.67
5	5	2897	64.29	4507	3394	0.50	5233	0	0	0.01	2.04	33.85	6.78
5	13	2580	57.26	4507	3394	0.48	5349	0	0	0.01	1.09	41.85
6	6	3178	70.26	4523	3394	0.52	4673	0	0	0.01	1.70	28.19	6.81
6	14	2469	54.66	4517	3394	0.46	6741	0	0	0.00	1.66	43.94
7	7	2975	65.53	4539	3394	0.50	5495	0	0	0.01	1.52	33.13	6.81
7	15	2860	62.96	4543	3394	0.50	5353	0	0	0.01	0.88	36.35
Core	CPU	Avg_MHz	Busy%	Bzy_MHz	TSC_MHz	IPC	IRQ	NMI	SMI	POLL%	C1%	C2%	CorWatt	PkgWatt
-	-	2874	63.66	4514	3393	0.52	69012	2	0	0.01	0.98	35.49	53.71	72.72
0	0	2816	62.34	4517	3394	0.50	4982	0	0	0.00	0.86	36.97	6.56	72.73
0	8	2689	59.47	4522	3394	0.50	4825	0	0	0.00	1.22	39.46
1	1	3915	86.37	4533	3394	0.50	3353	0	0	0.00	0.45	13.25	7.88
1	9	4532	99.99	4533	3394	0.59	2164	0	0	0.00	0.01	0.00
2	2	2811	62.66	4486	3394	0.50	4679	0	0	0.01	1.47	36.02	6.55
2	10	2406	53.82	4471	3394	0.49	5674	0	0	0.01	1.28	45.11
3	3	2298	51.05	4501	3394	0.49	4956	0	0	0.01	1.69	47.43	6.46
3	11	2792	62.03	4500	3394	0.50	4085	1	0	0.01	0.22	37.87
4	4	3328	73.58	4523	3394	0.68	3302	0	0	0.00	0.64	25.86	6.65
4	12	1882	41.76	4506	3394	0.48	4640	0	0	0.00	1.47	56.93
5	5	3063	67.72	4523	3394	0.53	4209	0	0	0.01	0.93	31.48	6.58
5	13	2388	52.83	4521	3394	0.47	4985	0	0	0.01	0.96	46.40
6	6	2668	59.06	4517	3394	0.53	4504	0	0	0.01	0.81	40.27	6.58
6	14	2802	62.06	4514	3394	0.51	5050	0	0	0.01	1.40	36.71
7	7	2353	52.19	4509	3394	0.50	3338	1	0	0.00	1.02	46.91	6.46
7	15	3235	71.60	4518	3394	0.51	4266	0	0	0.00	1.26	27.26
Core	CPU	Avg_MHz	Busy%	Bzy_MHz	TSC_MHz	IPC	IRQ	NMI	SMI	POLL%	C1%	C2%	CorWatt	PkgWatt
-	-	2879	63.81	4511	3394	0.51	83674	2	0	0.01	1.55	34.82	55.46	73.89
0	0	2431	53.69	4527	3394	0.48	5501	0	0	0.01	0.98	45.52	6.77	73.86
0	8	3057	67.42	4534	3394	0.51	5254	0	0	0.00	1.10	31.66
1	1	4143	91.13	4546	3394	0.55	3215	0	0	0.00	0.45	8.48	7.96
1	9	4043	88.93	4546	3394	0.55	3219	0	0	0.00	0.28	10.86
2	2	2770	62.43	4437	3394	0.52	5034	1	0	0.01	1.27	36.46	6.72
2	10	2122	47.69	4450	3394	0.47	7729	0	0	0.01	3.51	49.11
3	3	2651	59.42	4461	3394	0.51	5266	0	0	0.01	1.65	39.09	6.56
3	11	2237	49.78	4494	3394	0.49	5837	0	0	0.01	2.21	48.25
4	4	2674	58.98	4534	3394	0.52	5372	0	0	0.01	1.61	39.60	7.29
4	12	3556	78.35	4539	3394	0.51	4530	0	0	0.00	1.26	20.52
5	5	2831	62.78	4510	3394	0.49	6433	1	0	0.01	2.72	34.75	6.72
5	13	2490	55.48	4487	3394	0.48	5444	0	0	0.00	1.51	43.22
6	6	2919	64.81	4504	3394	0.51	3952	0	0	0.00	0.82	34.49	6.70
6	14	2633	58.62	4492	3394	0.50	5081	0	0	0.00	1.82	39.75
7	7	3129	69.13	4527	3394	0.50	5420	0	0	0.01	1.63	29.43	6.73
7	15	2367	52.32	4524	3394	0.48	6387	0	0	0.00	2.03	45.90
Core	CPU	Avg_MHz	Busy%	Bzy_MHz	TSC_MHz	IPC	IRQ	NMI	SMI	POLL%	C1%	C2%	CorWatt	PkgWatt
-	-	2868	63.60	4510	3393	0.51	81629	3	0	0.00	1.48	35.10	54.98	73.39
0	0	2780	61.82	4497	3394	0.50	5210	0	0	0.01	2.05	36.31	6.48	73.40
0	8	2435	54.33	4481	3394	0.52	5063	1	0	0.00	0.80	45.04
1	1	4306	94.83	4541	3394	0.55	2377	0	0	0.00	0.10	5.09	8.05
1	9	4227	93.08	4541	3394	0.55	2973	1	0	0.00	0.49	6.48
2	2	2344	53.31	4397	3394	0.55	7210	0	0	0.01	1.86	45.09	6.39
2	10	1953	44.45	4394	3394	0.46	6445	0	0	0.00	4.03	51.80
3	3	2606	57.78	4510	3394	0.49	5618	0	0	0.00	1.07	41.34	6.82
3	11	2851	63.18	4512	3394	0.49	6517	0	0	0.00	2.25	34.82
4	4	2723	60.10	4531	3394	0.49	4877	0	0	0.01	1.21	38.86	6.84
4	12	2830	62.47	4529	3394	0.50	4961	0	0	0.01	1.17	36.53
5	5	2804	61.98	4524	3394	0.56	3749	0	0	0.00	1.10	37.05	6.76
5	13	2401	53.29	4505	3394	0.52	5829	0	0	0.01	1.47	45.47
6	6	2528	55.88	4524	3394	0.49	5045	0	0	0.02	1.29	43.00	6.80
6	14	3215	71.04	4526	3394	0.50	5667	1	0	0.00	1.46	27.70
7	7	2600	57.38	4531	3394	0.49	5383	0	0	0.00	1.79	41.04	6.83
7	15	3295	72.68	4533	3394	0.51	4705	0	0	0.00	1.54	25.93
Core	CPU	Avg_MHz	Busy%	Bzy_MHz	TSC_MHz	IPC	IRQ	NMI	SMI	POLL%	C1%	C2%	CorWatt	PkgWatt
-	-	2877	63.86	4504	3393	0.51	83228	4	0	0.01	1.46	34.85	54.85	73.29
0	0	2720	60.47	4498	3394	0.51	5604	0	0	0.01	1.75	37.97	6.43	73.33
0	8	2407	53.69	4483	3394	0.51	4448	0	0	0.01	0.66	45.80
1	1	3465	76.37	4537	3394	0.49	4100	1	0	0.01	0.58	23.17	7.85
1	9	4535	99.99	4536	3394	0.60	2170	0	0	0.00	0.01	0.00
2	2	2873	64.68	4442	3394	0.50	5326	0	0	0.00	1.65	33.84	6.65
2	10	2360	53.13	4443	3394	0.47	6176	0	0	0.01	1.81	45.29
3	3	2855	63.78	4476	3394	0.52	4958	0	0	0.01	1.21	35.15	6.74
3	11	2196	49.19	4465	3394	0.53	7683	0	0	0.02	1.88	49.24
4	4	3025	66.84	4526	3394	0.50	5794	1	0	0.01	2.48	30.91	6.97
4	12	2740	60.56	4525	3394	0.49	6703	0	0	0.01	2.10	37.58
5	5	2779	61.46	4522	3394	0.49	4323	0	0	0.00	0.99	37.70	6.82
5	13	3002	66.33	4526	3394	0.50	5152	0	0	0.01	1.81	32.04
6	6	2967	65.82	4508	3394	0.50	5177	1	0	0.01	2.61	31.75	6.70
6	14	2483	55.05	4510	3394	0.48	5215	0	0	0.01	0.86	44.27
7	7	2852	62.99	4527	3394	0.49	5412	0	0	0.01	1.25	35.96	6.70
7	15	2779	61.40	4526	3394	0.49	4987	1	0	0.00	1.70	37.09
Core	CPU	Avg_MHz	Busy%	Bzy_MHz	TSC_MHz	IPC	IRQ	NMI	SMI	POLL%	C1%	C2%	CorWatt	PkgWatt
-	-	699	17.06	4099	3395	0.94	104478	1	0	0.02	7.32	75.96	38.21	52.65
0	0	664	16.97	3913	3394	0.77	10135	0	0	0.02	4.21	79.11	4.07	52.60
0	8	284	7.43	3817	3394	0.96	3573	0	0	0.01	2.46	90.23
1	1	1052	25.76	4086	3394	1.21	8272	0	0	0.01	9.08	65.54	6.34
1	9	1210	29.76	4064	3394	1.11	12430	0	0	0.03	10.90	59.85
2	2	330	8.31	3969	3394	0.79	3395	0	0	0.01	2.26	89.54	3.98
2	10	597	15.13	3944	3394	0.86	7001	1	0	0.02	4.47	80.61
3	3	329	7.90	4170	3394	0.63	2825	0	0	0.10	1.72	90.47	3.04
3	11	307	7.89	3898	3394	0.81	3842	0	0	0.00	3.48	88.78
4	4	893	23.04	3875	3394	0.82	13189	0	0	0.02	12.18	65.28	4.50
4	12	346	8.84	3917	3394	0.80	4084	0	0	0.01	4.63	86.69
5	5	1035	26.79	3864	3394	0.88	13125	0	0	0.02	8.98	64.70	4.70
5	13	175	4.59	3818	3394	0.94	1970	0	0	0.00	1.67	93.81
6	6	578	15.42	3748	3394	0.97	10042	0	0	0.01	5.22	79.71	3.88
6	14	264	6.05	4352	3394	0.60	899	0	0	0.00	0.74	93.24
7	7	930	21.15	4395	3394	0.73	5868	0	0	0.01	14.69	64.73	7.68
7	15	2191	47.93	4571	3394	1.10	3828	0	0	0.04	30.35	22.50
