turbostat version 2025.09.09 - Len Brown <lenb@kernel.org>
Kernel command line: BOOT_IMAGE=/boot/vmlinuz-6.17.0-35-generic root=UUID=37e0ef02-2557-4d29-8187-72bb5e6547ba ro quiet splash vt.handoff=7
CPUID(0): AuthenticAMD 0x10 CPUID levels
CPUID(1): family:model:stepping 0x19:21:2 (25:33:2) microcode 0x0
CPUID(0x80000000): max_extended_levels: 0x80000023
CPUID(1): SSE3 MONITOR - - - TSC MSR - HT -
CPUID(6): APERF, No-TURBO, No-DTS, No-PTM, No-HWP, No-HWPnotify, No-HWPwindow, No-HWPepp, No-HWPpkg, No-EPB
CPUID(7): No-SGX No-Hybrid
cpu0: cpufreq driver: amd-pstate-epp
cpu0: cpufreq governor: powersave
cpufreq boost: 1
/dev/cpu_dma_latency: 2000000000 usec (default)
current_driver: acpi_idle
current_governor: menu
current_governor_ro: menu
cpu0: POLL: CPUIDLE CORE POLL IDLE
cpu0: C1: ACPI FFH MWAIT 0x0
cpu0: C2: ACPI IOPORT 0x414
RAPL: 234 sec. Joule Counter Range, at 280 Watts
intel-rapl:0: package-0 disabled
intel-rapl:0/intel-rapl:0:0: core disabled
cpu0: MSR_RAPL_PWR_UNIT: 0x000a1003 (0.125000 Watts, 0.000015 Joules, 0.000977 sec.)
Core	CPU	Avg_MHz	Busy%	Bzy_MHz	TSC_MHz	IPC	IRQ	NMI	SMI	POLL%	C1%	C2%	CorWatt	PkgWatt
-	-	752	19.04	3949	3394	0.77	109552	2	0	0.02	13.64	67.76	35.32	50.20
0	0	865	22.88	3781	3394	0.83	8429	0	0	0.02	15.49	62.08	4.31	50.19
0	8	510	13.29	3836	3394	0.71	6184	0	0	0.02	7.51	79.45
1	1	1256	29.55	4252	3394	0.71	7935	0	0	0.04	29.06	42.32	6.02
1	9	1524	35.70	4269	3394	0.77	7821	0	0	0.04	30.62	34.39
2	2	609	16.35	3726	3394	0.73	7563	0	0	0.02	10.17	73.80	3.76
2	10	442	11.76	3755	3394	0.64	5933	0	0	0.01	5.97	82.51
3	3	458	12.28	3729	3394	0.73	6467	0	0	0.04	6.02	81.94	3.35
3	11	301	8.03	3746	3394	0.58	5201	0	0	0.01	3.00	89.15
4	4	781	20.33	3844	3394	0.76	7703	0	0	0.02	15.34	64.75	4.11
4	12	485	12.69	3820	3394	0.72	6812	0	0	0.02	8.96	78.68
5	5	901	23.45	3841	3394	0.83	8472	0	0	0.03	20.62	56.46	4.23
5	13	475	12.55	3783	3394	0.60	5649	0	0	0.02	11.33	76.48
6	6	671	18.18	3692	3394	0.74	9496	1	0	0.04	8.96	73.20	3.72
6	14	342	9.22	3708	3394	0.62	4864	0	0	0.01	4.96	86.03
7	7	1163	28.23	4120	3394	0.76	5518	1	0	0.01	19.82	52.59	5.82
7	15	1246	30.14	4133	3394	1.04	5505	0	0	0.02	20.34	50.19
Core	CPU	Avg_MHz	Busy%	Bzy_MHz	TSC_MHz	IPC	IRQ	NMI	SMI	POLL%	C1%	C2%	CorWatt	PkgWatt
-	-	885	21.63	4092	3393	0.94	98848	1	0	0.02	13.14	65.63	41.06	55.30
0	0	957	24.86	3851	3394	0.87	7387	0	0	0.02	14.60	60.94	4.66	55.32
0	8	531	13.65	3894	3394	0.77	6930	0	0	0.03	8.23	78.44
1	1	1522	36.48	4172	3394	0.99	7839	0	0	0.04	21.05	43.01	6.27
1	9	1101	26.77	4115	3394	0.56	8633	1	0	0.03	35.38	38.76
2	2	600	15.96	3760	3394	0.89	6973	0	0	0.02	8.78	75.56	4.07
2	10	449	11.78	3814	3394	0.70	5509	0	0	0.01	4.18	84.25
3	3	562	14.59	3851	3394	1.08	6450	0	0	0.06	6.97	78.69	3.88
3	11	354	8.80	4028	3394	0.61	3385	0	0	0.00	2.65	88.69
4	4	899	22.91	3926	3394	1.05	7404	0	0	0.03	12.97	64.45	4.42
4	12	446	10.90	4093	3394	0.58	5128	0	0	0.02	5.96	83.39
5	5	1384	34.40	4023	3394	0.86	8903	0	0	0.03	23.39	42.82	5.46
5	13	492	11.64	4226	3394	0.95	3397	0	0	0.01	9.35	79.38
6	6	720	18.43	3906	3394	0.87	5825	0	0	0.02	8.89	72.94	3.91
6	14	338	8.81	3841	3394	0.65	4113	0	0	0.01	6.55	84.87
7	7	1896	42.37	4475	3394	1.12	4368	0	0	0.01	22.31	36.10	8.40
7	15	1905	43.68	4362	3394	1.29	6604	0	0	0.02	18.97	37.96
Core	CPU	Avg_MHz	Busy%	Bzy_MHz	TSC_MHz	IPC	IRQ	NMI	SMI	POLL%	C1%	C2%	CorWatt	PkgWatt
-	-	2890	63.86	4526	3393	0.43	79489	2	0	0.01	2.36	33.96	53.34	71.85
0	0	2897	63.86	4536	3394	0.46	4387	0	0	0.01	1.62	34.67	6.65	71.86
0	8	3095	68.19	4538	3394	0.42	5400	0	0	0.01	1.94	30.06
1	1	3160	69.52	4545	3394	0.41	5664	0	0	0.01	4.32	26.41	6.75
1	9	2962	65.25	4539	3394	0.44	5339	0	0	0.02	3.14	31.81
2	2	3015	67.43	4472	3394	0.45	4916	1	0	0.01	2.25	30.49	6.53
2	10	2148	47.87	4487	3394	0.39	5983	0	0	0.02	4.17	48.22
3	3	2441	54.23	4501	3394	0.44	6081	0	0	0.02	3.39	42.62	6.45
3	11	2834	62.65	4525	3394	0.42	4754	1	0	0.02	2.06	35.47
4	4	2215	48.90	4530	3394	0.44	5144	0	0	0.01	1.62	49.67	6.62
4	12	3381	74.46	4541	3394	0.43	3687	0	0	0.00	0.88	24.76
5	5	2903	63.98	4538	3394	0.43	4337	0	0	0.01	1.76	34.42	6.69
5	13	2690	59.41	4528	3394	0.42	6034	0	0	0.01	4.65	36.21
6	6	2942	65.05	4523	3394	0.44	5058	0	0	0.01	2.41	32.73	6.52
6	14	2617	57.77	4530	3394	0.41	4451	0	0	0.01	0.93	41.45
7	7	3543	78.06	4539	3394	0.45	3886	0	0	0.00	1.67	20.40	7.15
7	15	3409	75.09	4540	3394	0.43	4368	0	0	0.00	1.03	24.02
Core	CPU	Avg_MHz	Busy%	Bzy_MHz	TSC_MHz	IPC	IRQ	NMI	SMI	POLL%	C1%	C2%	CorWatt	PkgWatt
-	-	2902	64.20	4520	3392	0.42	80934	3	0	0.01	2.52	33.45	54.06	72.83
0	0	2912	64.25	4533	3394	0.42	5481	1	0	0.03	3.66	32.32	6.66	72.91
0	8	2706	59.62	4538	3394	0.41	5186	0	0	0.01	2.02	38.55
1	1	4168	91.59	4551	3394	0.53	2778	0	0	0.00	0.23	8.21	7.73
1	9	3865	84.88	4553	3394	0.43	3145	0	0	0.00	0.23	14.94
2	2	2098	47.90	4380	3394	0.39	7007	0	0	0.01	5.37	47.04	6.23
2	10	2334	52.67	4432	3394	0.40	6410	0	0	0.01	6.96	40.67
3	3	2487	55.28	4499	3394	0.41	6657	0	0	0.02	3.37	41.62	6.61
3	11	2923	64.85	4508	3394	0.42	4580	0	0	0.01	1.27	34.04
4	4	1985	43.82	4530	3394	0.37	5502	0	0	0.01	2.42	53.99	6.73
4	12	3627	79.92	4538	3394	0.43	4157	0	0	0.01	2.39	17.81
5	5	3190	70.48	4526	3394	0.43	3837	0	0	0.01	1.67	27.97	6.51
5	13	2166	47.98	4515	3394	0.39	6009	1	0	0.01	2.61	49.65
6	6	2713	59.87	4532	3394	0.43	4771	0	0	0.01	0.99	39.32	6.78
6	14	3219	71.03	4532	3394	0.42	4346	1	0	0.02	1.64	27.47
7	7	2973	65.45	4542	3394	0.42	5476	0	0	0.01	2.86	31.90	6.83
7	15	3077	67.68	4546	3394	0.40	5592	0	0	0.02	2.63	29.92
Core	CPU	Avg_MHz	Busy%	Bzy_MHz	TSC_MHz	IPC	IRQ	NMI	SMI	POLL%	C1%	C2%	CorWatt	PkgWatt
-	-	2892	63.89	4528	3394	0.42	79812	2	0	0.01	2.51	33.80	53.69	72.38
0	0	2866	63.16	4538	3394	0.41	5344	0	0	0.01	3.21	33.84	6.59	72.33
0	8	2819	62.12	4539	3394	0.41	5221	0	0	0.01	1.65	36.42
1	1	3851	84.72	4546	3394	0.46	3918	1	0	0.01	2.03	13.36	6.94
1	9	2670	58.75	4544	3394	0.40	5200	0	0	0.02	1.72	39.73
2	2	2687	59.59	4509	3394	0.41	5215	0	0	0.01	1.79	38.80	6.68
2	10	2888	64.12	4504	3394	0.42	5140	1	0	0.01	3.33	32.75
3	3	2693	59.70	4510	3394	0.41	5316	0	0	0.01	2.40	38.09	6.45
3	11	2581	57.24	4510	3394	0.40	5255	0	0	0.01	3.76	39.25
4	4	2775	61.07	4544	3394	0.42	4263	0	0	0.01	1.63	37.45	7.21
4	12	3831	84.31	4543	3394	0.48	3431	0	0	0.00	1.43	14.35
5	5	2892	63.94	4523	3394	0.41	5217	0	0	0.01	4.65	31.64	6.81
5	13	2994	66.21	4523	3394	0.41	5255	0	0	0.02	2.55	31.44
6	6	2109	46.83	4503	3394	0.40	4929	0	0	0.01	2.66	50.72	6.49
6	14	3289	72.66	4527	3394	0.43	4514	0	0	0.01	2.26	25.25
7	7	3094	68.38	4525	3394	0.43	4896	0	0	0.02	1.99	29.81	6.51
7	15	2236	49.40	4526	3394	0.38	6698	0	0	0.01	3.15	47.75
Core	CPU	Avg_MHz	Busy%	Bzy_MHz	TSC_MHz	IPC	IRQ	NMI	SMI	POLL%	C1%	C2%	CorWatt	PkgWatt
-	-	2794	61.80	4522	3393	0.47	54932	2	0	0.00	1.46	36.86	52.33	72.04
0	0	3233	71.43	4526	3394	0.66	3323	0	0	0.00	0.59	28.07	6.87	72.12
0	8	2108	46.64	4521	3394	0.42	3130	0	0	0.00	7.19	46.60
1	1	3571	78.78	4533	3394	0.49	2871	0	0	0.01	1.06	20.20	7.20
1	9	3766	83.08	4533	3394	0.44	3069	0	0	0.00	0.55	16.43
2	2	1762	39.48	4464	3394	0.41	4208	0	0	0.00	2.67	58.03	6.29
2	10	3325	73.88	4500	3394	0.44	3578	0	0	0.01	2.28	23.96
3	3	2905	64.28	4520	3394	0.43	4216	0	0	0.01	1.92	33.93	6.25
3	11	2355	52.15	4515	3394	0.41	3751	0	0	0.01	0.51	47.45
4	4	2333	51.60	4522	3394	0.44	3205	1	0	0.00	0.99	47.52	6.46
4	12	3288	72.71	4523	3394	0.45	3314	1	0	0.01	0.30	27.06
5	5	2030	44.92	4519	3394	0.46	3255	0	0	0.00	0.83	54.36	6.36
5	13	3454	76.28	4528	3394	0.43	3607	0	0	0.01	0.36	23.45
6	6	1699	37.46	4535	3394	0.39	3175	0	0	0.00	0.27	62.37	6.42
6	14	3603	79.54	4530	3394	0.51	3550	0	0	0.00	0.87	19.69
7	7	2066	45.66	4526	3394	0.65	3446	0	0	0.00	1.32	53.14	6.49
7	15	3213	70.92	4530	3394	0.44	3234	0	0	0.01	1.64	27.59
Core	CPU	Avg_MHz	Busy%	Bzy_MHz	TSC_MHz	IPC	IRQ	NMI	SMI	POLL%	C1%	C2%	CorWatt	PkgWatt
-	-	2884	63.75	4524	3394	0.43	76188	3	0	0.01	2.64	33.80	53.65	72.21
0	0	2884	63.58	4535	3394	0.41	4479	0	0	0.01	2.39	34.19	6.74	72.12
0	8	2744	60.50	4536	3394	0.55	5764	0	0	0.01	3.70	36.05
1	1	4491	98.71	4550	3394	0.50	2200	0	0	0.00	0.02	1.27	7.80
1	9	3852	84.65	4550	3394	0.42	3326	1	0	0.00	0.53	14.89
2	2	2568	57.71	4451	3394	0.41	6102	0	0	0.01	4.44	38.11	6.48
2	10	2494	55.62	4483	3394	0.40	5773	0	0	0.01	5.28	39.37
3	3	2791	62.02	4501	3394	0.41	5350	0	0	0.01	3.49	34.70	6.50
3	11	2504	55.35	4524	3394	0.40	5527	0	0	0.00	2.24	42.62
4	4	2256	50.03	4509	3394	0.39	5093	0	0	0.01	2.16	48.03	6.57
4	12	3161	69.87	4524	3394	0.42	4148	0	0	0.01	2.10	28.17
5	5	2122	46.91	4524	3394	0.39	5460	1	0	0.01	4.50	48.85	6.75
5	13	3495	77.23	4526	3394	0.43	3957	0	0	0.01	2.76	20.16
6	6	2116	46.94	4508	3394	0.39	5165	0	0	0.01	1.91	51.37	6.31
6	14	3096	68.54	4517	3394	0.43	3961	0	0	0.00	1.01	30.57
7	7	2830	62.34	4539	3394	0.43	4521	0	0	0.00	2.48	35.35	6.47
7	15	2724	59.97	4542	3394	0.41	5362	1	0	0.00	3.25	37.00
Core	CPU	Avg_MHz	Busy%	Bzy_MHz	TSC_MHz	IPC	IRQ	NMI	SMI	POLL%	C1%	C2%	CorWatt	PkgWatt
-	-	2912	64.42	4521	3394	0.42	81489	3	0	0.01	3.33	32.45	54.40	72.95
0	0	3696	81.47	4537	3394	0.45	4135	0	0	0.01	2.70	15.96	6.85	72.93
0	8	2462	54.34	4531	3394	0.39	6287	1	0	0.01	6.01	39.94
1	1	3161	69.56	4544	3394	0.43	4476	0	0	0.02	2.33	28.28	6.99
1	9	3184	70.01	4548	3394	0.42	4607	0	0	0.01	1.87	28.29
2	2	2817	63.44	4441	3394	0.44	4475	0	0	0.00	3.20	33.51	6.30
2	10	1779	40.27	4418	3394	0.38	6305	0	0	0.02	4.21	55.81
3	3	2255	50.50	4465	3394	0.41	6160	1	0	0.01	4.48	45.27	6.51
3	11	2812	62.71	4485	3394	0.46	5827	0	0	0.01	5.15	32.39
4	4	2774	61.17	4534	3394	0.40	4716	0	0	0.01	2.75	36.28	6.90
4	12	3040	67.04	4535	3394	0.40	4873	0	0	0.01	1.89	31.25
5	5	2646	58.35	4534	3394	0.40	5790	0	0	0.03	5.24	36.67	6.71
5	13	2919	64.38	4534	3394	0.41	5200	0	0	0.01	2.53	33.29
6	6	3374	74.27	4543	3394	0.43	4445	0	0	0.00	2.24	23.64	7.04
6	14	2990	65.88	4538	3394	0.41	5117	0	0	0.01	3.50	30.82
7	7	3833	84.49	4536	3394	0.46	4247	1	0	0.01	3.64	12.02	7.10
7	15	2851	62.77	4541	3394	0.41	4829	0	0	0.01	1.61	35.79
Core	CPU	Avg_MHz	Busy%	Bzy_MHz	TSC_MHz	IPC	IRQ	NMI	SMI	POLL%	C1%	C2%	CorWatt	PkgWatt
-	-	2906	64.30	4519	3393	0.42	80492	3	0	0.01	2.71	33.18	53.91	72.57
0	0	3709	81.68	4541	3394	0.45	3559	1	0	0.00	1.59	16.83	6.99	72.57
0	8	2699	59.45	4540	3394	0.39	5218	0	0	0.01	2.03	38.72
1	1	2765	61.13	4522	3394	0.41	5408	0	0	0.01	4.20	34.91	6.56
1	9	2977	65.68	4533	3394	0.42	4975	0	0	0.01	2.52	31.99
2	2	2711	60.41	4488	3394	0.42	4901	0	0	0.01	2.64	37.13	6.58
2	10	2439	54.78	4453	3394	0.41	6497	0	0	0.01	3.82	41.67
3	3	3244	72.27	4488	3394	0.44	4879	0	0	0.01	2.43	25.45	6.62
3	11	2278	50.66	4498	3394	0.39	5456	0	0	0.01	4.06	45.54
4	4	2745	60.69	4524	3394	0.42	4666	0	0	0.00	2.27	37.22	6.62
4	12	2696	59.61	4523	3394	0.41	5294	0	0	0.01	0.93	39.64
5	5	2757	60.68	4544	3394	0.42	5411	0	0	0.01	2.34	37.21	6.81
5	13	3191	70.29	4540	3394	0.42	4057	1	0	0.01	0.97	28.87
6	6	3045	67.25	4528	3394	0.43	4135	1	0	0.01	2.40	30.49	6.74
6	14	2933	64.82	4525	3394	0.40	5317	0	0	0.03	3.40	31.99
7	7	3575	79.03	4524	3394	0.47	4073	0	0	0.01	1.93	19.16	6.99
7	15	2729	60.43	4516	3394	0.39	6646	0	0	0.02	5.81	34.08
Core	CPU	Avg_MHz	Busy%	Bzy_MHz	TSC_MHz	IPC	IRQ	NMI	SMI	POLL%	C1%	C2%	CorWatt	PkgWatt
-	-	2901	64.33	4510	3392	0.42	81631	4	0	0.01	2.91	32.94	54.16	72.87
0	0	2588	57.39	4509	3394	0.40	5974	0	0	0.02	3.38	39.47	6.65	72.97
0	8	3044	67.19	4530	3394	0.42	4542	0	0	0.01	1.30	31.65
1	1	3256	71.90	4529	3394	0.42	5187	1	0	0.01	2.81	25.50	6.73
1	9	2688	59.31	4532	3394	0.40	4893	0	0	0.02	2.30	38.58
2	2	3004	67.29	4465	3394	0.42	5813	1	0	0.03	5.39	27.56	6.61
2	10	2504	55.80	4487	3394	0.41	4754	0	0	0.01	3.48	40.92
3	3	2803	62.88	4458	3394	0.41	5805	0	0	0.02	3.95	33.38	6.33
3	11	2018	45.20	4464	3394	0.39	6370	1	0	0.01	3.51	51.57
4	4	2893	64.24	4504	3394	0.42	4997	0	0	0.01	3.30	32.66	6.79
4	12	2767	61.34	4511	3394	0.40	5987	0	0	0.01	2.91	36.00
5	5	2729	60.17	4536	3394	0.41	4887	0	0	0.01	3.46	36.58	6.79
5	13	2988	65.89	4534	3394	0.41	5091	0	0	0.01	3.26	31.06
6	6	2515	55.79	4508	3394	0.40	5148	0	0	0.01	2.71	41.71	6.56
6	14	2747	61.23	4487	3394	0.41	5547	1	0	0.02	2.33	36.66
7	7	3688	81.06	4550	3394	0.42	3526	0	0	0.01	1.75	17.30	7.73
7	15	4210	92.55	4549	3394	0.50	3110	0	0	0.01	0.82	6.70
Core	CPU	Avg_MHz	Busy%	Bzy_MHz	TSC_MHz	IPC	IRQ	NMI	SMI	POLL%	C1%	C2%	CorWatt	PkgWatt
-	-	2873	63.50	4525	3395	0.42	80255	0	0	0.01	2.63	34.08	53.60	72.30
0	0	2857	63.02	4533	3394	0.42	5160	0	0	0.01	2.12	35.05	6.67	72.20
0	8	2864	63.11	4538	3394	0.41	5170	0	0	0.00	1.69	35.40
1	1	3147	69.40	4535	3394	0.42	5430	0	0	0.02	4.63	26.20	6.67
1	9	2770	61.06	4537	3394	0.40	5612	0	0	0.01	4.42	34.77
2	2	3132	70.28	4456	3394	0.43	4720	0	0	0.00	1.92	27.93	6.26
2	10	1595	35.89	4443	3394	0.36	6440	0	0	0.02	6.15	58.30
3	3	2526	55.98	4512	3394	0.40	5631	0	0	0.01	2.15	42.07	6.53
3	11	2880	63.79	4515	3394	0.40	5892	0	0	0.02	2.50	33.94
4	4	3010	66.58	4521	3394	0.42	4388	0	0	0.01	2.56	31.03	6.65
4	12	2460	54.41	4520	3394	0.42	5179	0	0	0.01	1.13	44.66
5	5	1837	40.71	4513	3394	0.37	5963	0	0	0.01	3.08	56.48	6.50
5	13	3461	76.42	4528	3394	0.44	3780	0	0	0.01	1.17	22.51
6	6	2806	61.91	4532	3394	0.40	5647	0	0	0.01	3.20	35.11	6.71
6	14	2914	64.35	4529	3394	0.41	5966	0	0	0.02	4.69	31.23
7	7	3143	69.08	4551	3394	0.43	3101	0	0	0.00	0.59	30.42	7.59
7	15	4548	99.99	4548	3394	0.51	2176	0	0	0.00	0.02	0.00
Core	CPU	Avg_MHz	Busy%	Bzy_MHz	TSC_MHz	IPC	IRQ	NMI	SMI	POLL%	C1%	C2%	CorWatt	PkgWatt
-	-	2881	63.77	4518	3392	0.42	78983	4	0	0.01	2.59	33.82	54.00	72.88
0	0	2812	61.91	4541	3394	0.41	5745	0	0	0.02	2.91	35.41	6.80	72.93
0	8	3059	67.40	4539	3394	0.41	6063	0	0	0.01	4.19	28.67
1	1	3222	71.29	4519	3394	0.42	4861	0	0	0.01	2.87	26.02	6.81
1	9	2897	63.96	4529	3394	0.40	5875	0	0	0.02	4.31	31.98
2	2	2296	51.51	4459	3394	0.44	6359	0	0	0.01	2.40	46.35	6.55
2	10	2772	61.78	4487	3394	0.42	4682	1	0	0.01	3.01	35.39
3	3	2579	57.35	4496	3394	0.41	4606	0	0	0.01	2.81	40.00	6.38
3	11	2420	54.08	4475	3394	0.40	4921	0	0	0.01	2.33	43.79
4	4	2714	60.22	4506	3394	0.41	4738	0	0	0.01	1.69	38.26	6.45
4	12	2392	53.27	4489	3394	0.39	4906	1	0	0.00	1.33	45.58
5	5	1949	43.05	4528	3394	0.37	5572	0	0	0.01	1.64	55.55	6.65
5	13	3559	78.49	4535	3394	0.43	3822	0	0	0.01	2.94	18.73
6	6	2539	56.07	4528	3394	0.47	4757	0	0	0.01	3.54	40.60	6.81
6	14	3374	74.43	4533	3394	0.42	4771	0	0	0.01	1.50	24.22
7	7	2978	65.45	4550	3394	0.40	5134	1	0	0.01	4.07	30.71	7.59
7	15	4548	99.99	4549	3394	0.51	2171	1	0	0.00	0.02	0.00
Core	CPU	Avg_MHz	Busy%	Bzy_MHz	TSC_MHz	IPC	IRQ	NMI	SMI	POLL%	C1%	C2%	CorWatt	PkgWatt
-	-	2890	63.95	4519	3394	0.42	81411	3	0	0.01	2.76	33.49	54.19	72.88
0	0	2855	62.85	4542	3394	0.41	5430	0	0	0.01	3.19	34.18	6.91	72.84
0	8	3131	68.97	4540	3394	0.41	5835	1	0	0.02	3.80	27.46
1	1	3156	69.77	4523	3394	0.42	4639	0	0	0.01	2.30	28.10	6.51
1	9	2429	53.82	4512	3394	0.39	6183	1	0	0.02	2.66	43.77
2	2	2686	60.38	4448	3394	0.43	5272	0	0	0.01	1.79	38.01	6.47
2	10	2366	53.18	4448	3394	0.40	5144	0	0	0.02	2.93	44.10
3	3	2358	52.27	4511	3394	0.40	6498	0	0	0.02	3.47	44.52	6.60
3	11	2958	65.36	4525	3394	0.41	4851	0	0	0.01	3.23	31.61
4	4	2201	48.79	4511	3394	0.42	5094	1	0	0.01	1.96	49.45	6.58
4	12	3000	66.40	4518	3394	0.42	4674	0	0	0.01	2.93	30.85
5	5	2871	63.55	4518	3394	0.40	4862	0	0	0.02	4.07	32.60	6.77
5	13	2743	60.61	4526	3394	0.42	5718	0	0	0.01	3.82	35.81
6	6	3006	66.60	4514	3394	0.43	5067	0	0	0.01	2.36	31.22	6.50
6	14	2341	51.74	4524	3394	0.39	6002	0	0	0.03	3.57	44.95
7	7	3588	78.88	4548	3394	0.42	3959	0	0	0.01	2.12	19.13	7.86
7	15	4547	99.99	4548	3394	0.51	2183	0	0	0.00	0.02	0.00
Core	CPU	Avg_MHz	Busy%	Bzy_MHz	TSC_MHz	IPC	IRQ	NMI	SMI	POLL%	C1%	C2%	CorWatt	PkgWatt
-	-	2898	64.09	4522	3394	0.42	80117	2	0	0.01	2.66	33.45	53.97	72.67
0	0	2944	64.90	4536	3394	0.41	5842	0	0	0.01	3.62	31.72	6.75	72.67
0	8	2828	62.39	4533	3394	0.40	6356	0	0	0.02	6.43	31.49
1	1	3099	68.40	4531	3394	0.42	4585	0	0	0.01	2.44	29.33	6.63
1	9	2542	56.27	4518	3394	0.39	5829	0	0	0.01	1.76	42.20
2	2	2429	54.04	4494	3394	0.39	6791	0	0	0.01	5.04	41.21	6.62
2	10	2977	65.90	4518	3394	0.42	4476	0	0	0.01	1.73	32.52
3	3	2787	62.32	4472	3394	0.41	5208	1	0	0.01	3.51	34.37	6.42
3	11	2301	51.33	4483	3394	0.38	5258	0	0	0.01	1.83	47.05
4	4	2415	53.33	4529	3394	0.40	5378	0	0	0.01	2.84	44.06	6.70
4	12	3145	69.51	4524	3394	0.41	5054	0	0	0.01	2.02	28.64
5	5	2579	57.17	4511	3394	0.40	4911	1	0	0.01	1.30	41.73	6.64
5	13	3014	66.79	4513	3394	0.41	5216	0	0	0.01	4.63	28.82
6	6	2986	66.02	4523	3394	0.43	4126	0	0	0.01	1.73	32.38	6.58
6	14	2600	57.45	4525	3394	0.40	5558	0	0	0.01	2.55	40.23
7	7	3166	69.66	4545	3394	0.41	3360	0	0	0.00	1.15	29.30	7.61
7	15	4544	99.99	4544	3394	0.51	2169	0	0	0.00	0.02	0.00
Core	CPU	Avg_MHz	Busy%	Bzy_MHz	TSC_MHz	IPC	IRQ	NMI	SMI	POLL%	C1%	C2%	CorWatt	PkgWatt
-	-	2873	63.60	4518	3393	0.42	77863	4	0	0.01	2.12	34.45	53.17	72.04
0	0	2730	60.48	4514	3394	0.40	5412	0	0	0.01	2.00	37.72	6.56	72.10
0	8	2855	63.17	4520	3394	0.41	5755	0	0	0.02	2.60	34.45
1	1	2945	65.16	4519	3394	0.41	4637	1	0	0.01	1.88	33.12	6.34
1	9	2518	55.62	4527	3394	0.39	5327	0	0	0.01	2.15	42.44
2	2	2257	50.25	4493	3394	0.41	5227	0	0	0.01	1.82	48.14	6.50
2	10	3033	67.12	4519	3394	0.41	5218	0	0	0.01	1.89	31.17
3	3	2369	52.89	4479	3394	0.40	5722	0	0	0.01	2.68	44.65	6.26
3	11	2742	60.82	4508	3394	0.42	4082	0	0	0.01	1.85	37.47
4	4	2922	64.85	4506	3394	0.42	4534	0	0	0.01	2.72	32.60	6.65
4	12	2708	59.96	4517	3394	0.39	5324	0	0	0.01	1.78	38.46
5	5	2602	57.55	4521	3394	0.49	5464	0	0	0.01	3.28	39.41	6.82
5	13	3052	67.53	4520	3394	0.43	4471	1	0	0.00	2.30	30.33
6	6	3282	72.45	4530	3394	0.43	4445	1	0	0.00	3.05	24.66	6.68
6	14	2572	56.77	4531	3394	0.39	5846	0	0	0.01	2.73	40.75
7	7	2857	62.93	4539	3394	0.41	4227	0	0	0.00	1.13	36.09	7.38
7	15	4539	99.99	4539	3394	0.51	2172	1	0	0.00	0.02	0.00
Core	CPU	Avg_MHz	Busy%	Bzy_MHz	TSC_MHz	IPC	IRQ	NMI	SMI	POLL%	C1%	C2%	CorWatt	PkgWatt
-	-	2890	63.93	4521	3395	0.42	80186	3	0	0.01	2.48	33.79	53.81	72.65
0	0	3329	73.48	4530	3394	0.42	4757	1	0	0.01	3.17	23.53	6.76	72.58
0	8	2641	58.30	4530	3394	0.39	5467	0	0	0.02	2.74	39.20
1	1	3014	66.62	4524	3394	0.41	4834	0	0	0.01	1.70	31.86	6.68
1	9	2964	65.46	4528	3394	0.41	5131	0	0	0.01	2.50	32.25
2	2	2630	58.34	4509	3394	0.40	5572	1	0	0.02	2.11	39.75	6.80
2	10	2951	65.38	4513	3394	0.42	5113	0	0	0.01	3.25	31.56
3	3	2905	64.43	4508	3394	0.42	5464	0	0	0.01	2.23	33.53	6.61
3	11	2464	54.51	4521	3394	0.41	5314	0	0	0.01	0.95	44.73
4	4	2376	52.54	4521	3394	0.40	5120	0	0	0.01	3.10	44.58	6.58
4	12	2975	65.88	4516	3394	0.41	4333	0	0	0.01	1.95	32.32
5	5	2785	61.93	4497	3394	0.41	4615	0	0	0.01	1.77	36.47	6.41
5	13	2363	52.52	4500	3394	0.39	6599	0	0	0.01	5.88	41.91
6	6	2669	59.21	4508	3394	0.43	5303	0	0	0.01	2.51	38.47	6.55
6	14	2895	64.23	4507	3394	0.41	5357	1	0	0.01	3.18	32.81
7	7	2729	60.10	4541	3394	0.40	5034	0	0	0.01	2.60	37.50	7.40
7	15	4539	99.99	4540	3394	0.51	2173	0	0	0.00	0.02	0.00
Core	CPU	Avg_MHz	Busy%	Bzy_MHz	TSC_MHz	IPC	IRQ	NMI	SMI	POLL%	C1%	C2%	CorWatt	PkgWatt
-	-	2893	64.05	4516	3393	0.42	81555	1	0	0.01	2.60	33.53	54.60	73.19
0	0	2992	66.00	4534	3394	0.41	5667	0	0	0.01	2.32	31.91	6.79	73.23
0	8	2790	61.50	4537	3394	0.41	5095	0	0	0.01	1.55	37.14
1	1	2912	64.53	4513	3394	0.41	6641	0	0	0.02	5.33	30.43	6.77
1	9	2868	63.52	4515	3394	0.41	5451	0	0	0.01	2.22	34.46
2	2	2446	55.00	4447	3394	0.40	6312	0	0	0.02	3.83	41.43	6.59
2	10	2603	57.76	4507	3394	0.42	4623	0	0	0.01	2.20	40.22
3	3	2975	66.36	4484	3394	0.42	5069	0	0	0.01	2.24	31.56	6.42
3	11	1993	44.53	4475	3394	0.37	6675	1	0	0.01	2.75	53.01
4	4	2573	56.75	4534	3394	0.40	5091	0	0	0.01	2.17	41.28	6.86
4	12	3150	69.49	4533	3394	0.42	4564	0	0	0.00	2.39	28.28
5	5	2973	65.72	4523	3394	0.45	4591	0	0	0.00	2.42	32.04	6.79
5	13	2438	54.04	4511	3394	0.40	6100	0	0	0.01	4.66	41.59
6	6	2691	59.72	4505	3394	0.41	5044	0	0	0.00	3.97	36.51	6.47
6	14	2567	56.83	4517	3394	0.41	5328	0	0	0.01	2.49	40.88
7	7	3779	83.05	4550	3394	0.42	3135	0	0	0.01	1.07	15.95	7.93
7	15	4548	99.99	4548	3394	0.50	2169	0	0	0.00	0.02	0.00
Core	CPU	Avg_MHz	Busy%	Bzy_MHz	TSC_MHz	IPC	IRQ	NMI	SMI	POLL%	C1%	C2%	CorWatt	PkgWatt
-	-	2874	63.64	4516	3394	0.42	82097	2	0	0.01	2.48	34.07	54.51	73.21
0	0	2795	62.06	4504	3394	0.41	5485	0	0	0.01	4.35	33.81	6.62	73.19
0	8	2685	59.42	4519	3394	0.42	4731	0	0	0.01	1.15	39.60
1	1	3107	68.71	4522	3394	0.41	6067	0	0	0.02	4.93	26.62	6.79
1	9	2677	59.10	4530	3394	0.40	5980	0	0	0.03	2.42	38.72
2	2	2192	49.39	4437	3394	0.40	6285	0	0	0.02	6.18	44.70	6.30
2	10	2493	56.12	4443	3394	0.42	4453	0	0	0.01	1.34	42.70
3	3	2631	58.44	4502	3394	0.43	5771	0	0	0.02	2.14	39.63	6.73
3	11	2780	61.64	4510	3394	0.42	5634	0	0	0.01	2.08	36.48
4	4	2448	54.03	4530	3394	0.40	5414	0	0	0.02	1.65	44.51	6.67
4	12	2889	63.85	4525	3394	0.42	5449	1	0	0.02	2.43	33.92
5	5	2993	66.04	4531	3394	0.41	5156	0	0	0.01	3.05	31.10	6.97
5	13	2890	63.80	4530	3394	0.41	4961	0	0	0.01	2.85	33.55
6	6	2992	66.32	4511	3394	0.42	5269	0	0	0.01	1.74	32.12	6.55
6	14	2345	52.06	4506	3394	0.39	6320	0	0	0.01	3.15	45.06
7	7	3516	77.27	4550	3394	0.43	2957	1	0	0.01	0.17	22.63	7.88
7	15	4548	99.99	4549	3394	0.51	2165	0	0	0.00	0.02	0.00
Core	CPU	Avg_MHz	Busy%	Bzy_MHz	TSC_MHz	IPC	IRQ	NMI	SMI	POLL%	C1%	C2%	CorWatt	PkgWatt
-	-	2848	63.02	4520	3393	0.45	57711	3	0	0.00	1.28	35.81	52.68	72.27
0	0	1691	37.38	4525	3394	0.38	3529	0	0	0.01	0.47	62.27	6.36	72.30
0	8	3742	82.64	4528	3394	0.43	3530	1	0	0.00	0.64	16.80
1	1	3978	87.74	4533	3394	0.72	3306	0	0	0.01	0.55	11.78	6.97
1	9	1604	35.45	4524	3394	0.38	4015	0	0	0.01	2.77	61.94
2	2	1760	39.07	4503	3394	0.38	3742	0	0	0.00	0.65	60.41	6.45
2	10	3684	81.52	4520	3394	0.43	3534	1	0	0.00	0.64	17.94
3	3	1614	35.89	4498	3394	0.38	4423	0	0	0.00	1.86	62.42	6.30
3	11	3541	78.39	4516	3394	0.44	3724	0	0	0.00	1.63	20.06
4	4	1462	32.44	4508	3394	0.39	3631	0	0	0.00	0.82	66.89	6.30
4	12	3703	81.88	4522	3394	0.44	3343	0	0	0.00	0.96	17.23
5	5	1384	30.99	4466	3394	0.38	3406	0	0	0.00	1.29	67.87	6.24
5	13	3650	80.84	4515	3394	0.44	3471	0	0	0.01	2.43	16.86
6	6	1945	43.09	4513	3394	0.37	3794	0	0	0.01	1.24	55.82	6.34
6	14	3604	79.63	4525	3394	0.42	3952	0	0	0.01	1.66	18.84
7	7	3687	81.32	4534	3394	0.41	4137	0	0	0.00	2.83	15.99	7.73
7	15	4534	99.99	4534	3394	0.50	2174	1	0	0.00	0.01	0.00
Core	CPU	Avg_MHz	Busy%	Bzy_MHz	TSC_MHz	IPC	IRQ	NMI	SMI	POLL%	C1%	C2%	CorWatt	PkgWatt
-	-	2894	64.12	4513	3395	0.42	82158	2	0	0.01	3.04	33.06	54.30	72.91
0	0	2696	59.98	4495	3394	0.42	4866	0	0	0.01	2.97	37.24	6.37	72.85
0	8	2478	55.11	4497	3394	0.41	4985	0	0	0.01	1.55	43.50
1	1	3146	69.44	4530	3394	0.43	4537	0	0	0.01	2.48	28.23	6.74
1	9	2840	62.71	4529	3394	0.40	4885	1	0	0.01	1.03	36.44
2	2	2712	60.76	4464	3394	0.48	6152	0	0	0.02	5.48	34.02	6.96
2	10	3098	68.77	4505	3394	0.43	4176	0	0	0.00	1.72	29.65
3	3	3044	67.71	4495	3394	0.44	6070	0	0	0.02	5.20	27.33	6.74
3	11	2412	53.59	4500	3394	0.40	6241	0	0	0.01	3.66	43.03
4	4	2182	48.44	4505	3394	0.41	5702	1	0	0.01	5.99	45.87	6.81
4	12	3370	74.66	4514	3394	0.43	4905	0	0	0.02	3.51	22.01
5	5	2656	58.77	4519	3394	0.42	4785	0	0	0.01	3.20	38.24	6.79
5	13	3218	71.24	4517	3394	0.42	4614	0	0	0.01	2.11	26.82
6	6	2934	64.89	4522	3394	0.42	5198	0	0	0.01	2.51	32.80	6.82
6	14	3015	66.65	4524	3394	0.42	5315	0	0	0.01	2.26	31.30
7	7	2854	63.00	4529	3394	0.40	5393	0	0	0.00	2.49	34.74	7.04
7	15	3627	80.14	4525	3394	0.44	4334	0	0	0.00	2.42	17.59
Core	CPU	Avg_MHz	Busy%	Bzy_MHz	TSC_MHz	IPC	IRQ	NMI	SMI	POLL%	C1%	C2%	CorWatt	PkgWatt
-	-	2860	63.34	4516	3394	0.43	83278	5	0	0.01	3.07	33.80	53.98	72.49
0	0	3216	70.96	4532	3394	0.43	4542	0	0	0.01	1.65	27.55	6.94	72.48
0	8	2915	64.29	4534	3394	0.40	5955	0	0	0.02	3.14	32.82
1	1	3497	77.58	4507	3394	0.47	4368	1	0	0.01	3.47	19.12	6.62
1	9	2098	46.50	4511	3394	0.38	6207	0	0	0.01	3.54	50.24
2	2	2641	59.04	4473	3394	0.43	5303	0	0	0.01	2.82	38.34	6.70
2	10	2808	62.43	4498	3394	0.44	4762	0	0	0.01	2.52	35.23
3	3	2647	58.73	4507	3394	0.42	5712	1	0	0.02	3.20	38.28	6.52
3	11	2685	59.51	4511	3394	0.42	4998	0	0	0.01	2.95	37.75
4	4	3098	68.55	4519	3394	0.45	4638	0	0	0.01	4.01	27.64	6.95
4	12	2790	61.78	4516	3394	0.41	5445	0	0	0.01	4.48	33.98
5	5	2770	61.24	4524	3394	0.44	5368	1	0	0.01	5.42	33.61	6.88
5	13	3200	70.76	4523	3394	0.42	4585	1	0	0.01	2.27	27.14
6	6	2647	58.53	4522	3394	0.42	5396	1	0	0.01	2.28	39.40	6.81
6	14	3236	71.42	4531	3394	0.43	4618	0	0	0.01	3.21	25.55
7	7	2641	58.51	4514	3394	0.43	5679	0	0	0.01	1.91	39.79	6.56
7	15	2874	63.65	4515	3394	0.43	5702	0	0	0.01	2.28	34.28
Core	CPU	Avg_MHz	Busy%	Bzy_MHz	TSC_MHz	IPC	IRQ	NMI	SMI	POLL%	C1%	C2%	CorWatt	PkgWatt
-	-	2956	65.56	4509	3394	0.41	82391	2	0	0.01	2.78	31.85	54.77	73.25
0	0	3505	77.44	4526	3394	0.44	4141	1	0	0.00	1.68	21.01	7.01	73.25
0	8	2861	63.22	4525	3394	0.39	5848	0	0	0.01	4.31	32.72
1	1	2807	62.27	4509	3394	0.41	5149	0	0	0.01	3.14	34.81	6.82
1	9	3038	67.29	4514	3394	0.43	5684	0	0	0.02	2.60	30.32
2	2	2652	59.27	4475	3394	0.40	5493	0	0	0.01	1.98	38.96	6.99
2	10	3342	74.59	4481	3394	0.43	4209	0	0	0.01	1.80	23.74
3	3	3312	74.03	4474	3394	0.43	5207	0	0	0.01	2.36	23.76	6.55
3	11	2004	44.79	4475	3394	0.38	5795	0	0	0.01	2.82	52.63
4	4	2942	65.16	4514	3394	0.41	5608	0	0	0.01	1.84	33.21	6.96
4	12	2980	65.93	4520	3394	0.41	4989	0	0	0.02	2.34	31.91
5	5	2965	65.65	4516	3394	0.41	4660	0	0	0.01	2.96	31.56	6.78
5	13	2836	62.90	4509	3394	0.40	5996	0	0	0.02	8.27	29.15
6	6	2918	64.50	4523	3394	0.41	4258	0	0	0.00	1.05	34.59	6.88
6	14	3277	72.40	4527	3394	0.43	4369	1	0	0.01	1.31	26.42
7	7	2945	65.13	4522	3394	0.41	5528	0	0	0.02	3.29	31.81	6.77
7	15	2912	64.47	4517	3394	0.40	5457	0	0	0.01	2.75	33.00
Core	CPU	Avg_MHz	Busy%	Bzy_MHz	TSC_MHz	IPC	IRQ	NMI	SMI	POLL%	C1%	C2%	CorWatt	PkgWatt
-	-	2881	63.84	4513	3393	0.42	80805	4	0	0.01	2.75	33.60	54.98	73.40
0	0	2376	52.85	4496	3394	0.40	5541	0	0	0.01	2.45	44.92	6.54	73.43
0	8	2876	63.83	4505	3394	0.42	5703	0	0	0.01	2.31	34.07
1	1	3973	87.37	4547	3394	0.42	3286	0	0	0.01	0.74	11.96	7.70
1	9	3895	85.68	4546	3394	0.48	3258	0	0	0.00	0.93	13.47
2	2	2315	52.79	4385	3394	0.45	5636	1	0	0.01	2.82	44.59	6.34
2	10	2052	46.56	4408	3394	0.41	6192	0	0	0.02	3.46	50.23
3	3	2520	55.90	4508	3394	0.39	5637	0	0	0.00	2.93	41.38	6.59
3	11	2698	59.90	4504	3394	0.41	4921	1	0	0.01	1.88	38.41
4	4	2682	59.22	4528	3394	0.40	4824	0	0	0.01	3.58	37.41	7.00
4	12	2982	66.01	4517	3394	0.42	5002	1	0	0.01	2.09	32.08
5	5	3197	70.58	4530	3394	0.48	3832	0	0	0.01	2.50	27.06	6.85
5	13	2225	49.20	4522	3394	0.38	7216	0	0	0.01	6.69	44.49
6	6	2661	58.66	4537	3394	0.40	6051	0	0	0.00	4.00	37.60	6.88
6	14	3203	70.59	4538	3394	0.42	4680	0	0	0.01	2.10	27.47
7	7	3517	77.56	4535	3394	0.45	3963	1	0	0.00	2.27	20.29	7.09
7	15	2930	64.68	4531	3394	0.40	5063	0	0	0.01	3.21	32.32
Core	CPU	Avg_MHz	Busy%	Bzy_MHz	TSC_MHz	IPC	IRQ	NMI	SMI	POLL%	C1%	C2%	CorWatt	PkgWatt
-	-	2940	65.18	4511	3394	0.42	79410	0	0	0.01	2.64	32.38	54.89	73.34
0	0	3244	71.78	4519	3394	0.43	4446	0	0	0.01	2.50	25.87	6.78	73.30
0	8	2629	58.21	4517	3394	0.39	6514	0	0	0.02	4.60	37.47
1	1	3907	86.07	4540	3394	0.41	3026	0	0	0.00	0.69	13.30	7.89
1	9	4539	99.99	4539	3394	0.50	2180	0	0	0.00	0.01	0.00
2	2	2467	56.33	4380	3394	0.44	6207	0	0	0.01	4.20	39.71	6.34
2	10	2157	48.77	4422	3394	0.39	5160	0	0	0.01	2.56	48.88
3	3	3056	67.75	4510	3394	0.47	5057	0	0	0.01	1.54	30.87	6.84
3	11	2464	54.56	4516	3394	0.40	5005	0	0	0.01	1.40	44.23
4	4	2339	51.73	4522	3394	0.41	4605	0	0	0.01	0.73	47.71	6.75
4	12	3241	71.64	4524	3394	0.41	4633	0	0	0.00	1.35	27.16
5	5	2817	62.59	4501	3394	0.42	4396	0	0	0.01	2.57	35.01	6.63
5	13	2477	55.08	4498	3394	0.38	6300	0	0	0.01	3.21	41.99
6	6	2379	52.50	4531	3394	0.39	6044	0	0	0.02	6.01	41.78	6.87
6	14	3498	77.20	4532	3394	0.42	5066	0	0	0.01	3.77	19.22
7	7	2611	57.83	4515	3394	0.39	5787	0	0	0.01	2.43	39.98	6.80
7	15	3205	70.81	4526	3394	0.41	4984	0	0	0.01	4.61	24.81
Core	CPU	Avg_MHz	Busy%	Bzy_MHz	TSC_MHz	IPC	IRQ	NMI	SMI	POLL%	C1%	C2%	CorWatt	PkgWatt
-	-	2895	64.23	4507	3390	0.42	83486	5	0	0.01	3.10	32.84	54.78	73.36
0	0	2992	66.18	4521	3394	0.40	6314	0	0	0.02	3.19	30.87	6.99	73.46
0	8	2943	65.22	4512	3394	0.40	6629	1	0	0.02	6.21	28.87
1	1	3756	82.69	4542	3394	0.42	2825	1	0	0.00	1.12	16.26	7.91
1	9	4540	99.99	4541	3394	0.50	2175	1	0	0.00	0.02	0.00
2	2	2274	51.33	4430	3394	0.40	6297	0	0	0.02	4.40	44.54	6.43
2	10	2411	54.40	4432	3394	0.40	6075	1	0	0.02	3.32	42.52
3	3	2406	53.64	4485	3394	0.40	6311	0	0	0.02	4.32	42.31	6.71
3	11	2772	61.47	4510	3394	0.42	5931	0	0	0.02	4.19	34.58
4	4	2282	50.46	4522	3394	0.38	5710	0	0	0.02	1.34	48.43	6.79
4	12	3344	73.91	4525	3394	0.43	3904	0	0	0.00	0.73	25.48
5	5	2624	58.05	4520	3394	0.40	5207	0	0	0.02	3.13	39.04	6.76
5	13	2956	65.27	4528	3394	0.41	4899	0	0	0.02	1.94	32.97
6	6	2010	44.39	4528	3394	0.40	6454	0	0	0.01	3.47	52.43	6.82
6	14	3765	83.12	4530	3394	0.43	3758	0	0	0.01	1.51	15.48
7	7	3208	71.23	4503	3394	0.41	4345	0	0	0.01	6.40	22.61	6.46
7	15	2089	46.28	4514	3394	0.38	6652	1	0	0.02	4.36	49.66
Core	CPU	Avg_MHz	Busy%	Bzy_MHz	TSC_MHz	IPC	IRQ	NMI	SMI	POLL%	C1%	C2%	CorWatt	PkgWatt
-	-	2882	63.81	4516	3398	0.42	81658	1	0	0.01	2.81	33.61	54.99	73.31
0	0	2755	61.03	4515	3394	0.45	5288	0	0	0.02	2.52	36.66	6.75	73.21
0	8	2738	60.58	4520	3394	0.41	6066	0	0	0.02	2.66	36.99
1	1	3974	87.51	4541	3394	0.42	3566	0	0	0.00	2.20	10.40	8.08
1	9	4541	99.99	4542	3394	0.50	2161	0	0	0.00	0.02	0.00
2	2	2794	63.22	4419	3394	0.43	4852	0	0	0.02	2.39	34.53	6.39
2	10	1863	41.86	4451	3394	0.41	5161	0	0	0.02	3.13	55.23
3	3	2637	58.91	4476	3394	0.41	5376	0	0	0.02	3.67	37.62	6.46
3	11	2355	52.47	4488	3394	0.41	5694	0	0	0.01	2.40	45.35
4	4	3334	73.56	4532	3394	0.43	4767	1	0	0.01	4.34	22.28	6.92
4	12	2324	51.25	4534	3394	0.38	5729	0	0	0.00	1.64	47.34
5	5	2501	55.64	4495	3394	0.40	5074	0	0	0.03	3.18	41.41	6.65
5	13	2801	62.20	4504	3394	0.41	5747	0	0	0.02	4.74	33.33
6	6	2614	57.70	4531	3394	0.40	6340	0	0	0.03	4.05	38.53	6.89
6	14	3238	71.44	4532	3394	0.41	4893	0	0	0.01	2.55	26.18
7	7	2716	60.02	4525	3394	0.46	5470	0	0	0.01	2.52	37.68	6.79
7	15	2877	63.67	4519	3394	0.40	5474	0	0	0.01	2.96	33.60
Core	CPU	Avg_MHz	Busy%	Bzy_MHz	TSC_MHz	IPC	IRQ	NMI	SMI	POLL%	C1%	C2%	CorWatt	PkgWatt
-	-	2894	64.15	4512	3394	0.42	82658	5	0	0.01	3.01	33.05	54.68	73.27
0	0	3064	67.64	4530	3394	0.41	5222	1	0	0.01	1.47	31.08	6.80	73.26
0	8	2859	63.11	4530	3394	0.41	5017	0	0	0.02	1.86	35.22
1	1	3404	74.96	4541	3394	0.40	4953	0	0	0.00	3.78	21.46	7.77
1	9	4539	99.99	4540	3394	0.50	2167	0	0	0.00	0.02	0.00
2	2	2626	59.80	4392	3394	0.45	5517	0	0	0.03	3.15	37.23	6.19
2	10	1625	37.13	4377	3394	0.36	7776	0	0	0.02	8.07	55.18
3	3	2946	65.11	4525	3394	0.41	5025	1	0	0.01	2.12	32.95	6.77
3	11	2593	57.33	4523	3394	0.40	4704	0	0	0.01	1.20	41.65
4	4	2785	61.83	4505	3394	0.41	5410	0	0	0.01	4.26	34.14	6.79
4	12	2735	60.61	4512	3394	0.40	5485	0	0	0.01	3.01	36.60
5	5	2654	58.85	4510	3394	0.40	5426	1	0	0.01	4.40	37.01	7.02
5	13	3157	69.80	4522	3394	0.42	5185	1	0	0.01	6.03	24.41
6	6	2867	63.33	4528	3394	0.41	5321	0	0	0.02	1.86	35.01	6.81
6	14	3013	66.48	4533	3394	0.41	5242	1	0	0.01	2.74	30.99
7	7	2562	56.69	4518	3394	0.41	5091	0	0	0.01	1.95	41.56	6.54
7	15	2877	63.69	4517	3394	0.41	5117	0	0	0.01	2.28	34.22
Core	CPU	Avg_MHz	Busy%	Bzy_MHz	TSC_MHz	IPC	IRQ	NMI	SMI	POLL%	C1%	C2%	CorWatt	PkgWatt
-	-	2891	64.07	4513	3394	0.42	82591	1	0	0.01	2.87	33.27	54.53	73.00
0	0	3621	80.07	4522	3394	0.43	4635	0	0	0.02	2.73	17.35	6.71	73.02
0	8	2094	46.35	4519	3394	0.37	6905	0	0	0.02	3.04	50.91
1	1	3178	70.04	4537	3394	0.39	5310	0	0	0.01	2.90	27.29	7.75
1	9	4534	99.99	4535	3394	0.50	2168	0	0	0.00	0.02	0.00
2	2	3031	67.96	4460	3394	0.42	4667	0	0	0.01	2.80	29.40	6.51
2	10	1999	44.91	4452	3394	0.39	6080	0	0	0.01	4.54	50.84
3	3	3004	66.56	4512	3394	0.42	5049	0	0	0.01	2.51	31.10	6.65
3	11	2509	55.48	4522	3394	0.39	5046	0	0	0.01	1.63	43.08
4	4	2973	65.70	4526	3394	0.41	4842	0	0	0.01	2.51	31.98	6.79
4	12	2636	58.26	4525	3394	0.42	4700	0	0	0.01	1.82	40.09
5	5	3124	69.48	4496	3394	0.45	4837	0	0	0.01	2.88	27.82	6.75
5	13	2175	48.76	4460	3394	0.37	6527	0	0	0.00	4.30	47.26
6	6	2242	49.61	4520	3394	0.38	6024	1	0	0.01	3.16	47.50	6.73
6	14	3464	76.55	4525	3394	0.43	4453	0	0	0.01	1.81	21.78
7	7	2477	54.76	4523	3394	0.40	6077	0	0	0.02	4.80	40.73	6.63
7	15	3195	70.57	4527	3394	0.41	5271	0	0	0.01	4.53	25.13
Core	CPU	Avg_MHz	Busy%	Bzy_MHz	TSC_MHz	IPC	IRQ	NMI	SMI	POLL%	C1%	C2%	CorWatt	PkgWatt
-	-	2879	63.84	4509	3394	0.42	81274	3	0	0.01	2.56	33.79	54.73	73.28
0	0	2931	64.89	4516	3394	0.41	5378	0	0	0.01	2.54	32.77	6.72	73.26
0	8	2744	60.80	4513	3394	0.40	6322	0	0	0.02	4.19	35.27
1	1	3543	77.98	4543	3394	0.41	4253	0	0	0.00	1.27	20.88	7.90
1	9	4542	99.99	4543	3394	0.50	2164	1	0	0.00	0.01	0.00
2	2	2544	58.05	4382	3394	0.40	5514	0	0	0.01	2.41	39.73	6.21
2	10	1778	40.59	4381	3394	0.39	6449	0	0	0.02	4.29	55.40
3	3	2840	63.22	4493	3394	0.41	5637	0	0	0.02	3.40	33.59	6.49
3	11	2115	47.22	4478	3394	0.40	5574	0	0	0.02	3.77	49.24
4	4	2908	64.39	4517	3394	0.41	4450	0	0	0.01	1.70	34.07	6.80
4	12	2686	59.38	4523	3394	0.40	5667	1	0	0.01	2.62	38.22
5	5	2683	59.46	4512	3394	0.41	4489	0	0	0.01	1.67	39.04	6.90
5	13	2936	64.95	4520	3394	0.44	5263	0	0	0.01	2.90	32.35
6	6	2481	54.75	4531	3394	0.38	5955	0	0	0.02	2.72	42.78	6.96
6	14	3642	80.30	4535	3394	0.43	3864	0	0	0.00	1.99	17.82
7	7	2690	59.42	4527	3394	0.41	5723	1	0	0.01	2.98	37.83	6.76
7	15	2996	66.09	4533	3394	0.42	4572	0	0	0.01	2.50	31.58
Core	CPU	Avg_MHz	Busy%	Bzy_MHz	TSC_MHz	IPC	IRQ	NMI	SMI	POLL%	C1%	C2%	CorWatt	PkgWatt
-	-	2898	64.29	4509	3391	0.43	75195	3	0	0.01	2.45	33.41	54.78	73.43
0	0	2734	60.72	4503	3394	0.43	4579	0	0	0.01	2.07	37.37	6.53	73.51
0	8	2627	58.22	4512	3394	0.40	5885	0	0	0.02	1.40	40.60
1	1	4127	90.92	4539	3394	0.42	2907	1	0	0.00	0.60	8.54	8.05
1	9	4538	99.99	4539	3394	0.49	2162	0	0	0.00	0.01	0.00
2	2	2303	52.09	4422	3394	0.46	5701	1	0	0.00	4.22	43.92	6.34
2	10	2147	48.41	4435	3394	0.40	5521	0	0	0.02	6.02	45.83
3	3	3082	68.45	4503	3394	0.47	5278	0	0	0.00	2.40	29.33	6.63
3	11	2145	47.51	4515	3394	0.41	4317	1	0	0.01	0.57	52.09
4	4	2862	63.37	4516	3394	0.42	4064	0	0	0.00	0.74	36.02	6.92
4	12	2871	63.41	4528	3394	0.42	5065	0	0	0.01	2.27	34.51
5	5	3161	70.22	4501	3394	0.51	4061	0	0	0.01	0.97	28.94	6.87
5	13	2275	50.57	4500	3394	0.40	5768	0	0	0.01	3.48	46.21
6	6	2612	57.65	4530	3394	0.40	5128	0	0	0.01	4.74	37.85	6.75
6	14	3150	69.50	4532	3394	0.41	4946	0	0	0.02	4.25	26.45
7	7	2950	65.24	4522	3394	0.42	4588	0	0	0.00	3.31	31.64	6.73
7	15	2823	62.38	4525	3394	0.41	5225	0	0	0.01	2.23	35.59
Core	CPU	Avg_MHz	Busy%	Bzy_MHz	TSC_MHz	IPC	IRQ	NMI	SMI	POLL%	C1%	C2%	CorWatt	PkgWatt
-	-	2869	63.62	4509	3396	0.42	84195	1	0	0.01	3.09	33.52	55.05	73.28
0	0	3109	68.59	4532	3394	0.42	5146	0	0	0.01	2.84	28.76	6.93	73.20
0	8	2708	59.77	4530	3394	0.41	6473	0	0	0.02	4.40	36.12
1	1	3858	84.92	4543	3394	0.42	3056	0	0	0.00	0.74	14.42	8.06
1	9	4540	99.98	4541	3394	0.50	2173	0	0	0.00	0.02	0.00
2	2	2085	47.66	4374	3394	0.40	5748	0	0	0.01	3.36	49.21	6.28
2	10	2329	53.00	4393	3394	0.40	5997	0	0	0.02	3.04	44.19
3	3	2776	61.93	4482	3394	0.41	5047	0	0	0.00	2.21	36.01	6.72
3	11	2509	55.96	4483	3394	0.41	5775	0	0	0.01	4.27	40.02
4	4	2144	47.31	4532	3394	0.38	6988	0	0	0.01	2.90	50.10	6.89
4	12	3470	76.55	4533	3394	0.43	4694	0	0	0.01	3.60	20.02
5	5	2901	64.32	4510	3394	0.42	5443	0	0	0.01	5.62	30.33	6.75
5	13	2443	54.24	4505	3394	0.39	5251	0	0	0.02	3.67	42.33
6	6	2503	55.43	4516	3394	0.39	6458	0	0	0.01	3.09	41.74	6.88
6	14	3238	71.59	4523	3394	0.42	5533	0	0	0.02	4.15	24.49
7	7	3089	68.55	4506	3394	0.43	4233	0	0	0.01	1.94	29.65	6.50
7	15	2167	48.04	4510	3394	0.38	6180	1	0	0.01	3.56	48.67
Core	CPU	Avg_MHz	Busy%	Bzy_MHz	TSC_MHz	IPC	IRQ	NMI	SMI	POLL%	C1%	C2%	CorWatt	PkgWatt
-	-	2897	64.39	4498	3393	0.42	83786	3	0	0.01	3.28	32.52	55.39	73.96
0	0	2980	65.78	4531	3394	0.41	5374	0	0	0.01	4.03	30.42	7.08	74.01
0	8	3165	69.81	4534	3394	0.41	5868	1	0	0.01	3.40	27.03
1	1	4344	95.69	4540	3394	0.42	2559	0	0	0.00	0.08	4.25	8.26
1	9	4540	99.99	4540	3394	0.49	2156	0	0	0.00	0.01	0.00
2	2	2028	47.10	4305	3394	0.39	7254	0	0	0.02	4.90	48.30	6.24
2	10	1903	43.88	4336	3394	0.46	5839	0	0	0.02	4.29	52.08
3	3	2196	48.99	4483	3394	0.39	4987	0	0	0.01	1.93	49.26	6.77
3	11	3085	68.42	4509	3394	0.42	4984	0	0	0.01	3.33	28.46
4	4	2904	64.07	4533	3394	0.41	4842	1	0	0.01	2.26	33.85	6.98
4	12	2860	63.08	4534	3394	0.41	5768	0	0	0.01	2.30	34.84
5	5	2593	57.55	4506	3394	0.40	5878	0	0	0.01	4.59	38.13	6.81
5	13	2946	65.71	4484	3394	0.42	5765	0	0	0.02	6.67	27.88
6	6	3168	70.02	4524	3394	0.42	5241	0	0	0.01	4.04	26.16	6.71
6	14	2316	51.25	4519	3394	0.38	6112	1	0	0.01	2.91	46.11
7	7	2585	57.87	4467	3394	0.40	5502	0	0	0.02	3.61	38.75	6.55
7	15	2748	61.11	4497	3394	0.41	5657	0	0	0.01	4.18	34.94
Core	CPU	Avg_MHz	Busy%	Bzy_MHz	TSC_MHz	IPC	IRQ	NMI	SMI	POLL%	C1%	C2%	CorWatt	PkgWatt
-	-	2884	63.98	4507	3395	0.42	82278	6	0	0.01	2.73	33.50	54.76	73.05
0	0	2827	62.58	4518	3394	0.41	4764	1	0	0.01	0.76	36.83	6.66	73.00
0	8	2705	60.12	4499	3394	0.41	5296	0	0	0.01	2.24	37.85
1	1	3691	81.37	4536	3394	0.41	4514	0	0	0.01	3.46	15.34	7.96
1	9	4535	99.99	4536	3394	0.50	2168	1	0	0.00	0.02	0.00
2	2	2883	65.31	4414	3394	0.43	5442	0	0	0.02	4.86	30.02	6.31
2	10	1571	35.92	4374	3394	0.35	7440	1	0	0.03	5.80	58.63
3	3	2896	64.81	4469	3394	0.42	4861	1	0	0.01	2.43	32.92	6.56
3	11	2201	49.14	4479	3394	0.39	5869	0	0	0.01	4.46	46.67
4	4	2397	52.96	4527	3394	0.39	5949	0	0	0.01	1.70	45.58	6.89
4	12	3187	70.46	4523	3394	0.42	5189	0	0	0.01	2.48	27.25
5	5	2755	60.95	4521	3394	0.40	4920	1	0	0.01	2.34	36.92	6.77
5	13	2886	63.89	4517	3394	0.41	5173	1	0	0.01	1.96	34.34
6	6	3001	66.40	4519	3394	0.41	5398	0	0	0.02	3.23	30.58	6.90
6	14	2917	64.48	4524	3394	0.41	6219	0	0	0.01	4.70	31.10
7	7	2516	55.62	4524	3394	0.40	5342	0	0	0.01	2.51	42.10	6.67
7	15	3155	69.71	4525	3394	0.42	3734	0	0	0.00	0.67	29.73
Core	CPU	Avg_MHz	Busy%	Bzy_MHz	TSC_MHz	IPC	IRQ	NMI	SMI	POLL%	C1%	C2%	CorWatt	PkgWatt
-	-	2880	63.98	4502	3393	0.42	83060	2	0	0.01	3.21	33.01	55.52	74.03
0	0	2792	61.88	4512	3394	0.41	5728	0	0	0.01	3.10	35.25	6.82	74.05
0	8	2903	64.30	4515	3394	0.41	5007	0	0	0.01	4.07	31.83
1	1	4390	96.63	4543	3394	0.42	2316	1	0	0.00	0.13	3.25	8.29
1	9	4542	99.99	4543	3394	0.49	2150	0	0	0.00	0.01	0.00
2	2	2502	57.39	4360	3394	0.42	6263	0	0	0.04	3.41	39.44	6.36
2	10	1938	44.21	4383	3394	0.39	6597	0	0	0.01	6.32	49.78
3	3	2283	51.59	4424	3394	0.40	5779	0	0	0.01	2.73	45.90	6.47
3	11	2459	55.12	4460	3394	0.41	5734	0	0	0.02	3.59	41.55
4	4	2995	66.09	4532	3394	0.41	5018	0	0	0.01	2.92	31.18	6.92
4	12	2631	58.06	4532	3394	0.39	6293	0	0	0.01	3.33	38.87
5	5	2737	60.77	4504	3394	0.41	5225	0	0	0.01	5.36	34.14	6.92
5	13	2661	59.17	4497	3394	0.41	6049	0	0	0.02	4.90	36.22
6	6	2832	62.50	4531	3394	0.41	5300	1	0	0.01	2.79	34.92	6.85
6	14	2776	61.31	4527	3394	0.42	5178	0	0	0.02	2.24	36.64
7	7	3081	68.03	4528	3394	0.41	4845	0	0	0.01	3.88	28.30	6.90
7	15	2569	56.71	4529	3394	0.48	5578	0	0	0.01	2.62	40.89
Core	CPU	Avg_MHz	Busy%	Bzy_MHz	TSC_MHz	IPC	IRQ	NMI	SMI	POLL%	C1%	C2%	CorWatt	PkgWatt
-	-	2887	64.08	4506	3392	0.42	83224	2	0	0.01	2.95	33.16	55.32	73.70
0	0	3048	67.40	4522	3394	0.44	4942	0	0	0.01	1.94	30.84	6.93	73.72
0	8	2893	64.17	4508	3394	0.40	5149	0	0	0.01	1.89	34.14
1	1	4115	90.64	4540	3394	0.41	3038	0	0	0.01	0.98	8.44	8.09
1	9	4539	99.99	4540	3394	0.49	2164	0	0	0.00	0.01	0.00
2	2	2251	51.34	4384	3394	0.42	5976	0	0	0.02	4.95	43.95	6.22
2	10	1814	41.33	4390	3394	0.38	6856	0	0	0.02	5.84	53.14
3	3	2057	45.67	4504	3394	0.38	6040	0	0	0.01	1.59	52.98	6.89
3	11	3410	75.38	4523	3394	0.43	4366	0	0	0.00	2.03	22.73
4	4	2033	44.97	4520	3394	0.37	6384	0	0	0.01	2.67	52.64	6.94
4	12	3453	76.25	4529	3394	0.44	4043	1	0	0.00	1.08	22.78
5	5	2544	56.69	4488	3394	0.40	6223	0	0	0.01	4.26	39.32	6.60
5	13	2612	58.23	4485	3394	0.40	5986	0	0	0.02	7.36	34.73
6	6	2876	63.81	4508	3394	0.41	5639	0	0	0.01	2.72	33.70	6.79
6	14	2645	58.58	4516	3394	0.41	5346	0	0	0.01	3.25	38.40
7	7	2801	61.77	4534	3394	0.41	5564	1	0	0.01	3.98	34.49	6.88
7	15	3131	69.03	4535	3394	0.41	5508	0	0	0.01	2.66	28.52
Core	CPU	Avg_MHz	Busy%	Bzy_MHz	TSC_MHz	IPC	IRQ	NMI	SMI	POLL%	C1%	C2%	CorWatt	PkgWatt
-	-	2885	64.05	4505	3394	0.41	82950	1	0	0.01	2.65	33.51	55.08	73.54
0	0	2973	65.92	4510	3394	0.41	5145	0	0	0.02	2.37	31.91	6.81	73.55
0	8	2748	61.05	4501	3394	0.40	5102	0	0	0.01	1.15	37.97
1	1	3669	80.86	4538	3394	0.41	3787	0	0	0.00	1.95	17.30	7.89
1	9	4535	99.99	4536	3394	0.49	2166	1	0	0.00	0.02	0.00
2	2	2583	58.34	4428	3394	0.41	5343	0	0	0.02	2.52	39.33	6.66
2	10	2497	56.22	4441	3394	0.40	5976	0	0	0.03	4.01	40.00
3	3	2334	52.19	4472	3394	0.39	5692	0	0	0.02	3.28	44.74	6.56
3	11	2785	62.00	4492	3394	0.41	5461	0	0	0.01	2.50	35.73
4	4	2583	57.11	4522	3394	0.40	5745	0	0	0.01	2.87	40.26	7.10
4	12	3299	72.98	4520	3394	0.41	5167	0	0	0.02	2.46	24.76
5	5	2059	45.60	4514	3394	0.38	5540	0	0	0.01	1.77	52.86	6.72
5	13	3265	72.23	4520	3394	0.43	4011	0	0	0.01	3.47	24.47
6	6	2583	57.46	4495	3394	0.39	5693	0	0	0.01	3.12	39.65	6.70
6	14	2834	63.16	4487	3394	0.43	5733	0	0	0.02	2.47	34.59
7	7	2627	58.17	4516	3394	0.40	6843	0	0	0.01	5.35	36.79	6.62
7	15	2780	61.52	4519	3394	0.41	5546	0	0	0.01	3.10	35.60
Core	CPU	Avg_MHz	Busy%	Bzy_MHz	TSC_MHz	IPC	IRQ	NMI	SMI	POLL%	C1%	C2%	CorWatt	PkgWatt
-	-	2887	64.13	4502	3395	0.42	82199	3	0	0.01	2.65	33.42	54.96	73.52
0	0	2972	65.63	4528	3394	0.41	5038	0	0	0.01	2.27	32.27	6.99	73.46
0	8	3196	70.57	4529	3394	0.41	5111	0	0	0.01	2.77	26.85
1	1	4145	91.30	4540	3394	0.42	3048	0	0	0.00	1.28	7.48	8.10
1	9	4538	99.99	4539	3394	0.48	2164	0	0	0.00	0.01	0.00
2	2	2352	54.27	4333	3394	0.49	6057	1	0	0.02	5.28	40.70	6.14
2	10	1660	38.44	4319	3394	0.36	7251	0	0	0.03	4.76	57.12
3	3	2635	58.86	4477	3394	0.41	5878	0	0	0.02	2.62	38.74	6.69
3	11	2594	57.72	4495	3394	0.40	5573	1	0	0.02	2.12	40.38
4	4	2403	53.36	4504	3394	0.39	5798	0	0	0.01	3.75	43.14	6.84
4	12	3119	68.99	4521	3394	0.42	4566	0	0	0.01	1.75	29.41
5	5	2539	56.39	4503	3394	0.40	5284	0	0	0.01	2.67	41.15	6.66
5	13	2716	60.34	4501	3394	0.41	5450	0	0	0.01	2.50	37.38
6	6	2799	62.10	4506	3394	0.40	5579	0	0	0.00	3.77	34.35	6.65
6	14	2655	58.91	4507	3394	0.41	4930	0	0	0.01	1.75	39.51
7	7	2811	62.03	4532	3394	0.40	5646	0	0	0.02	3.78	34.43	6.85
7	15	3043	67.18	4529	3394	0.41	4826	1	0	0.01	1.30	31.68
Core	CPU	Avg_MHz	Busy%	Bzy_MHz	TSC_MHz	IPC	IRQ	NMI	SMI	POLL%	C1%	C2%	CorWatt	PkgWatt
-	-	2144	48.18	4449	3394	0.48	76173	1	0	0.01	5.85	46.22	49.26	66.39
0	0	2908	65.93	4411	3394	0.47	5286	0	0	0.02	7.83	26.50	5.96	66.38
0	8	1286	28.86	4456	3394	0.40	5223	1	0	0.01	2.38	68.98
1	1	3273	73.28	4467	3394	0.52	4331	0	0	0.02	10.07	16.94	7.36
1	9	3102	68.51	4527	3394	0.48	2351	0	0	0.00	1.07	30.48
2	2	2101	48.21	4357	3394	0.45	5407	0	0	0.01	3.70	48.28	5.46
2	10	1181	27.09	4359	3394	0.41	4209	0	0	0.01	1.79	71.28
3	3	2434	55.31	4400	3394	0.48	5920	0	0	0.04	6.44	38.49	5.82
3	11	1386	31.19	4445	3394	0.38	5541	0	0	0.01	5.40	63.68
4	4	2254	50.83	4435	3394	0.43	6935	0	0	0.02	8.52	40.95	6.01
4	12	1908	42.71	4467	3394	0.44	3834	0	0	0.00	2.67	54.77
5	5	2384	53.89	4424	3394	0.45	6264	0	0	0.02	7.24	39.12	6.11
5	13	1774	39.34	4508	3394	0.43	3878	0	0	0.01	3.37	57.47
6	6	1693	38.02	4453	3394	0.42	3449	0	0	0.00	1.11	60.98	5.19
6	14	1761	39.56	4452	3394	0.40	4571	0	0	0.02	3.07	57.57
7	7	1533	34.38	4459	3394	0.49	5037	0	0	0.01	11.83	54.24	7.34
7	15	3317	73.83	4493	3394	0.71	3937	0	0	0.02	17.08	9.71
Core	CPU	Avg_MHz	Busy%	Bzy_MHz	TSC_MHz	IPC	IRQ	NMI	SMI	POLL%	C1%	C2%	CorWatt	PkgWatt
-	-	695	17.19	4045	3394	0.77	94968	0	0	0.03	15.65	67.65	38.45	52.94
0	0	1010	26.80	3768	3394	0.79	9409	0	0	0.04	22.30	51.49	4.69	52.94
0	8	301	8.10	3714	3394	0.61	5157	0	0	0.01	8.06	84.12
1	1	1200	27.31	4394	3394	0.76	4167	0	0	0.01	56.29	18.28	7.65
1	9	1958	44.22	4429	3394	0.87	7775	0	0	0.07	31.63	24.87
2	2	604	16.27	3710	3394	0.74	10397	0	0	0.03	11.58	72.54	3.93
2	10	197	5.35	3684	3394	0.65	3615	0	0	0.00	1.95	92.84
3	3	419	11.34	3696	3394	0.69	6275	0	0	0.10	5.11	83.77	3.56
3	11	159	4.33	3676	3394	0.50	3503	0	0	0.01	1.28	94.52
4	4	582	15.61	3731	3394	0.73	8003	0	0	0.04	11.84	72.91	3.98
4	12	306	8.24	3711	3394	0.58	4589	0	0	0.00	4.64	87.34
5	5	804	21.20	3793	3394	0.77	6889	0	0	0.02	15.69	63.60	4.37
5	13	346	8.81	3924	3394	0.61	3731	0	0	0.00	9.84	81.71
6	6	346	9.36	3694	3394	0.71	5655	0	0	0.02	8.65	82.22	3.33
6	14	225	6.08	3697	3394	0.59	4716	0	0	0.01	4.11	89.98
7	7	1056	24.96	4231	3394	0.82	6039	0	0	0.04	32.65	43.38	6.95
7	15	1614	37.06	4354	3394	0.85	5048	0	0	0.04	24.78	38.87
