turbostat version 2025.09.09 - Len Brown <lenb@kernel.org>
Kernel command line: BOOT_IMAGE=/boot/vmlinuz-6.17.0-35-generic root=UUID=37e0ef02-2557-4d29-8187-72bb5e6547ba ro quiet splash vt.handoff=7
CPUID(0): AuthenticAMD 0x10 CPUID levels
CPUID(1): family:model:stepping 0x19:21:2 (25:33:2) microcode 0x0
CPUID(0x80000000): max_extended_levels: 0x80000023
CPUID(1): SSE3 MONITOR - - - TSC MSR - HT -
CPUID(6): APERF, No-TURBO, No-DTS, No-PTM, No-HWP, No-HWPnotify, No-HWPwindow, No-HWPepp, No-HWPpkg, No-EPB
CPUID(7): No-SGX No-Hybrid
cpu0: cpufreq driver: amd-pstate-epp
cpu0: cpufreq governor: powersave
cpufreq boost: 1
/dev/cpu_dma_latency: 2000000000 usec (default)
current_driver: acpi_idle
current_governor: menu
current_governor_ro: menu
cpu0: POLL: CPUIDLE CORE POLL IDLE
cpu0: C1: ACPI FFH MWAIT 0x0
cpu0: C2: ACPI IOPORT 0x414
RAPL: 234 sec. Joule Counter Range, at 280 Watts
intel-rapl:0: package-0 disabled
intel-rapl:0/intel-rapl:0:0: core disabled
cpu0: MSR_RAPL_PWR_UNIT: 0x000a1003 (0.125000 Watts, 0.000015 Joules, 0.000977 sec.)
Core	CPU	Avg_MHz	Busy%	Bzy_MHz	TSC_MHz	IPC	IRQ	NMI	SMI	POLL%	C1%	C2%	CorWatt	PkgWatt
-	-	680	17.10	3978	3394	1.06	108459	0	0	0.01	8.12	75.12	35.22	50.16
0	0	520	13.63	3813	3394	0.92	7123	0	0	0.01	5.02	81.59	4.02	50.15
0	8	577	15.06	3833	3394	0.96	6819	0	0	0.02	6.07	79.11
1	1	811	19.59	4141	3394	1.03	7393	0	0	0.00	9.45	71.45	5.92
1	9	1574	36.40	4325	3394	1.04	6596	0	0	0.02	15.53	48.56
2	2	414	10.98	3771	3394	0.99	6477	0	0	0.02	4.70	84.54	3.59
2	10	434	11.69	3710	3394	0.88	6327	0	0	0.01	4.11	84.42
3	3	395	10.50	3761	3394	0.93	5778	0	0	0.03	3.86	85.83	3.21
3	11	179	4.74	3771	3394	0.76	3533	0	0	0.01	1.54	93.83
4	4	738	18.96	3893	3394	1.11	8862	0	0	0.01	8.55	72.85	4.05
4	12	442	11.72	3766	3394	0.79	7484	0	0	0.01	9.39	79.26
5	5	1144	29.20	3919	3394	1.18	9648	0	0	0.02	13.33	57.97	4.95
5	13	515	13.20	3901	3394	0.85	5667	0	0	0.00	9.30	77.83
6	6	481	12.69	3786	3394	1.14	5830	0	0	0.01	2.28	85.21	3.54
6	14	355	9.33	3804	3394	0.92	4845	0	0	0.02	4.65	86.17
7	7	1591	38.42	4141	3394	1.47	9129	0	0	0.03	15.35	46.76	5.94
7	15	713	17.46	4082	3394	0.72	6948	0	0	0.01	16.71	66.51
Core	CPU	Avg_MHz	Busy%	Bzy_MHz	TSC_MHz	IPC	IRQ	NMI	SMI	POLL%	C1%	C2%	CorWatt	PkgWatt
-	-	827	20.27	4080	3393	1.35	113404	0	0	0.02	9.02	70.99	43.17	56.71
0	0	798	20.52	3890	3394	0.99	11408	0	0	0.01	12.84	67.04	4.92	56.72
0	8	640	16.13	3968	3394	1.12	6529	0	0	0.01	9.42	74.71
1	1	1593	37.19	4284	3394	1.45	8771	0	0	0.03	19.80	43.58	7.28
1	9	1264	29.10	4344	3394	1.16	7053	0	0	0.02	12.79	58.53
2	2	443	11.91	3720	3394	1.14	8388	0	0	0.01	6.90	81.44	3.94
2	10	319	8.61	3705	3394	1.07	4926	0	0	0.00	3.03	88.51
3	3	467	12.58	3716	3394	1.06	6281	0	0	0.11	6.56	81.07	4.09
3	11	384	10.28	3729	3394	1.03	5458	0	0	0.00	5.24	84.68
4	4	1095	27.74	3947	3394	1.60	10337	0	0	0.01	9.11	63.51	5.06
4	12	294	7.41	3963	3394	1.07	3884	0	0	0.01	3.16	89.59
5	5	1693	40.53	4177	3394	1.70	9536	0	0	0.01	15.16	44.63	6.38
5	13	392	9.60	4083	3394	1.19	4172	0	0	0.01	5.65	84.99
6	6	579	15.61	3706	3394	1.12	6721	0	0	0.02	9.18	75.48	3.85
6	14	273	7.24	3766	3394	1.12	3241	0	0	0.00	1.89	90.87
7	7	1721	39.21	4388	3394	1.79	7222	0	0	0.01	9.91	51.28	7.66
7	15	1281	30.64	4181	3394	1.06	9477	0	0	0.02	13.73	56.19
Core	CPU	Avg_MHz	Busy%	Bzy_MHz	TSC_MHz	IPC	IRQ	NMI	SMI	POLL%	C1%	C2%	CorWatt	PkgWatt
-	-	885	21.21	4174	3394	1.35	105266	1	0	0.02	7.58	71.54	44.85	59.09
0	0	390	9.97	3911	3394	1.06	5448	0	0	0.01	2.72	87.50	4.82	59.09
0	8	880	23.24	3787	3394	0.87	13129	0	0	0.03	7.97	69.26
1	1	3063	66.93	4577	3394	1.82	2993	1	0	0.00	2.80	30.35	9.33
1	9	1327	28.82	4604	3394	1.95	2741	0	0	0.00	0.65	70.59
2	2	266	7.17	3703	3394	0.95	5982	0	0	0.01	2.47	90.52	4.06
2	10	448	12.07	3709	3394	1.05	6166	0	0	0.01	4.32	83.81
3	3	158	4.23	3741	3394	1.22	2785	0	0	0.10	0.79	95.05	3.21
3	11	236	6.36	3712	3394	1.07	3957	0	0	0.00	1.46	92.29
4	4	1275	32.54	3919	3394	1.23	12021	0	0	0.04	16.93	51.06	5.02
4	12	23	0.59	3852	3394	0.45	759	0	0	0.00	0.29	99.14
5	5	1471	36.75	4002	3394	1.55	13751	0	0	0.05	15.09	48.80	6.17
5	13	453	11.38	3982	3394	0.80	5395	0	0	0.00	6.98	82.00
6	6	916	24.30	3769	3394	1.05	13183	0	0	0.03	12.80	63.39	4.48
6	14	141	3.81	3717	3394	0.94	2254	0	0	0.00	2.52	93.77
7	7	1357	31.69	4282	3394	1.10	8630	0	0	0.02	23.99	45.25	7.76
7	15	1759	39.51	4453	3394	1.01	6072	0	0	0.04	19.48	41.68
Core	CPU	Avg_MHz	Busy%	Bzy_MHz	TSC_MHz	IPC	IRQ	NMI	SMI	POLL%	C1%	C2%	CorWatt	PkgWatt
-	-	1631	39.13	4169	3394	1.47	96113	2	0	0.02	4.87	56.24	49.77	64.26
0	0	1711	41.51	4122	3394	1.58	6364	0	0	0.01	3.03	55.67	6.07	64.26
0	8	1373	34.09	4027	3394	1.22	8825	0	0	0.02	6.96	59.30
1	1	1617	37.78	4280	3394	1.37	4697	0	0	0.01	1.51	60.85	8.66
1	9	3928	88.71	4428	3394	1.48	2409	1	0	0.00	0.11	11.20
2	2	1056	25.60	4124	3394	1.31	5522	0	0	0.01	3.27	71.30	4.86
2	10	1352	32.95	4102	3394	1.63	4386	0	0	0.01	2.62	64.58
3	3	1334	32.52	4103	3394	1.68	3062	0	0	0.05	1.52	66.05	4.46
3	11	760	18.99	4001	3394	1.45	5768	0	0	0.01	2.54	78.65
4	4	2236	54.54	4099	3394	1.61	6238	0	0	0.03	8.57	37.15	6.00
4	12	743	17.64	4211	3394	0.75	6578	0	0	0.01	5.06	77.57
5	5	1738	42.04	4135	3394	0.95	8800	0	0	0.02	9.75	48.63	6.64
5	13	1634	39.79	4107	3394	1.85	4290	0	0	0.01	8.11	52.49
6	6	1256	31.14	4035	3394	1.28	10360	0	0	0.02	6.06	63.14	5.46
6	14	1451	35.03	4143	3394	1.67	2661	1	0	0.00	1.10	63.95
7	7	2266	54.11	4188	3394	1.78	6045	0	0	0.02	8.24	38.02	7.62
7	15	1644	39.64	4148	3394	1.22	10108	0	0	0.02	9.51	51.34
Core	CPU	Avg_MHz	Busy%	Bzy_MHz	TSC_MHz	IPC	IRQ	NMI	SMI	POLL%	C1%	C2%	CorWatt	PkgWatt
-	-	2670	65.23	4093	3394	1.73	104047	2	0	0.01	4.54	30.47	63.52	75.39
0	0	4093	100.00	4093	3394	2.03	2023	1	0	0.00	0.00	0.00	8.52	75.39
0	8	1959	47.83	4096	3394	0.75	10608	0	0	0.03	19.13	33.79
1	1	1112	27.16	4093	3394	0.72	9903	0	0	0.01	2.75	70.43	7.79
1	9	4093	100.00	4093	3394	2.05	2020	0	0	0.00	0.00	0.00
2	2	876	21.42	4089	3394	0.61	9713	0	0	0.02	3.38	75.53	7.74
2	10	4093	100.00	4093	3394	2.06	2024	0	0	0.00	0.00	0.00
3	3	4093	100.00	4093	3394	2.05	2541	0	0	0.00	0.00	0.00	7.56
3	11	795	19.47	4081	3394	0.69	7105	0	0	0.02	5.85	75.01
4	4	3848	93.99	4094	3394	2.06	2908	0	0	0.01	0.34	5.70	7.84
4	12	1294	31.61	4093	3394	0.88	11093	0	0	0.02	6.85	61.97
5	5	1603	39.21	4089	3394	0.75	11882	0	0	0.03	15.23	46.19	8.22
5	13	4093	100.00	4093	3394	2.03	2045	0	0	0.00	0.00	0.00
6	6	1477	36.05	4097	3394	0.80	12283	0	0	0.03	9.66	54.84	8.15
6	14	4093	100.00	4093	3394	2.04	2030	0	0	0.00	0.00	0.00
7	7	4093	100.00	4093	3394	2.05	2020	1	0	0.00	0.00	0.00	7.71
7	15	1101	26.98	4080	3394	0.63	13849	0	0	0.02	9.48	64.10
Core	CPU	Avg_MHz	Busy%	Bzy_MHz	TSC_MHz	IPC	IRQ	NMI	SMI	POLL%	C1%	C2%	CorWatt	PkgWatt
-	-	2648	64.85	4083	3393	1.76	104751	3	0	0.01	3.74	31.63	63.51	75.76
0	0	4084	100.00	4084	3394	2.08	2007	0	0	0.00	0.00	0.00	7.55	75.76
0	8	849	20.81	4082	3394	0.59	11883	0	0	0.02	3.38	76.18
1	1	1336	32.82	4070	3394	0.92	12522	0	0	0.02	4.08	63.53	7.98
1	9	4084	100.00	4084	3394	2.07	2004	0	0	0.00	0.00	0.00
2	2	1333	32.69	4079	3394	0.69	10780	1	0	0.02	11.83	56.02	8.11
2	10	4084	100.00	4084	3394	2.06	2007	0	0	0.00	0.00	0.00
3	3	1247	30.44	4097	3394	1.12	9050	0	0	0.01	3.70	66.17	7.63
3	11	3666	89.87	4079	3394	2.09	2650	0	0	0.00	0.04	10.12
4	4	4084	100.00	4084	3394	2.06	2012	0	0	0.00	0.00	0.00	8.10
4	12	1285	31.53	4075	3394	0.67	12222	0	0	0.03	8.09	60.90
5	5	1145	27.96	4093	3394	0.69	12574	1	0	0.03	8.44	64.08	7.87
5	13	4084	100.00	4084	3394	2.06	2006	1	0	0.00	0.00	0.00
6	6	1699	41.64	4080	3394	0.75	10932	0	0	0.04	13.62	45.33	8.35
6	14	4084	100.00	4084	3394	2.05	2017	0	0	0.00	0.00	0.00
7	7	4084	100.00	4084	3394	2.06	2006	0	0	0.00	0.00	0.00	7.92
7	15	1226	29.90	4099	3394	0.75	8079	0	0	0.01	6.67	63.84
Core	CPU	Avg_MHz	Busy%	Bzy_MHz	TSC_MHz	IPC	IRQ	NMI	SMI	POLL%	C1%	C2%	CorWatt	PkgWatt
-	-	2650	64.91	4082	3394	1.77	104806	4	0	0.01	4.00	31.34	63.94	76.09
0	0	4083	100.00	4083	3394	2.08	2007	0	0	0.00	0.00	0.00	8.06	76.07
0	8	1327	32.48	4086	3394	0.77	7925	0	0	0.02	8.16	59.79
1	1	1255	30.77	4080	3394	0.70	14050	0	0	0.04	11.87	57.96	7.88
1	9	4083	100.00	4083	3394	2.08	2010	0	0	0.00	0.00	0.00
2	2	886	21.82	4060	3394	0.61	11339	0	0	0.01	7.33	71.31	7.79
2	10	4083	100.00	4083	3394	2.09	2010	1	0	0.00	0.00	0.00
3	3	1176	28.88	4072	3394	0.79	7464	0	0	0.02	4.99	66.44	8.00
3	11	4083	100.00	4083	3394	2.09	2014	0	0	0.00	0.00	0.00
4	4	4083	100.00	4083	3394	2.07	2012	1	0	0.00	0.00	0.00	8.33
4	12	1523	37.30	4083	3394	0.72	15013	0	0	0.03	9.14	54.18
5	5	1092	26.76	4081	3394	0.66	9393	0	0	0.01	3.93	69.68	7.93
5	13	4083	100.00	4083	3394	2.08	2011	0	0	0.00	0.00	0.00
6	6	1365	33.39	4088	3394	0.73	12274	1	0	0.03	9.27	57.89	8.13
6	14	4083	100.00	4083	3394	2.07	2020	0	0	0.00	0.00	0.00
7	7	4083	100.00	4083	3394	2.09	2008	0	0	0.00	0.00	0.00	7.81
7	15	1107	27.13	4081	3394	0.69	11256	1	0	0.03	9.29	64.05
Core	CPU	Avg_MHz	Busy%	Bzy_MHz	TSC_MHz	IPC	IRQ	NMI	SMI	POLL%	C1%	C2%	CorWatt	PkgWatt
-	-	2630	64.57	4073	3394	1.78	92344	2	0	0.01	3.13	32.49	62.81	75.49
0	0	3360	82.39	4078	3394	1.96	3484	0	0	0.00	0.33	17.33	7.75	75.49
0	8	1865	45.83	4069	3394	1.42	9017	0	0	0.01	4.20	50.31
1	1	1246	30.66	4063	3394	0.93	11163	0	0	0.01	9.94	59.87	7.78
1	9	4076	100.00	4076	3394	2.05	2006	1	0	0.00	0.00	0.00
2	2	1215	29.91	4063	3394	0.71	10979	0	0	0.02	6.02	64.49	7.96
2	10	4076	100.00	4076	3394	2.06	2004	0	0	0.00	0.00	0.00
3	3	907	22.49	4031	3394	0.86	5353	0	0	0.01	2.40	75.29	7.61
3	11	4076	100.00	4076	3394	2.07	2006	1	0	0.00	0.00	0.00
4	4	4076	100.00	4076	3394	2.06	2004	0	0	0.00	0.00	0.00	7.81
4	12	1115	27.39	4069	3394	0.72	10152	0	0	0.03	9.93	63.16
5	5	835	20.61	4053	3394	0.72	7824	0	0	0.02	3.54	76.12	7.56
5	13	4076	100.00	4076	3394	2.07	2004	0	0	0.00	0.00	0.00
6	6	1975	48.58	4066	3394	1.13	8955	0	0	0.02	7.38	44.42	8.59
6	14	4076	100.00	4076	3394	1.96	2015	0	0	0.00	0.00	0.00
7	7	4076	100.00	4076	3394	2.14	2004	0	0	0.00	0.00	0.00	7.75
7	15	1027	25.32	4056	3394	0.66	11374	0	0	0.04	6.31	68.82
Core	CPU	Avg_MHz	Busy%	Bzy_MHz	TSC_MHz	IPC	IRQ	NMI	SMI	POLL%	C1%	C2%	CorWatt	PkgWatt
-	-	2645	64.90	4075	3394	1.76	103901	2	0	0.01	4.38	30.97	63.77	75.87
0	0	3671	90.18	4071	3394	2.05	4324	0	0	0.01	3.14	6.83	7.89	75.87
0	8	1532	37.58	4077	3394	1.23	8608	0	0	0.02	2.65	60.05
1	1	1258	30.79	4085	3394	0.65	14222	0	0	0.02	8.58	61.16	7.88
1	9	4075	100.00	4075	3394	2.07	2005	0	0	0.00	0.00	0.00
2	2	1975	48.46	4076	3394	0.78	9879	0	0	0.04	16.60	35.62	8.76
2	10	4075	100.00	4075	3394	2.05	2005	0	0	0.00	0.00	0.00
3	3	1049	25.70	4084	3394	0.67	9967	0	0	0.02	9.57	65.21	7.82
3	11	4075	100.00	4075	3394	2.08	2005	0	0	0.00	0.00	0.00
4	4	4075	100.00	4075	3394	2.07	2005	0	0	0.00	0.00	0.00	8.15
4	12	1331	32.64	4078	3394	0.70	11938	0	0	0.02	7.78	60.08
5	5	1008	24.88	4052	3394	0.71	7611	0	0	0.01	8.32	67.18	7.81
5	13	4075	100.00	4075	3394	2.08	2005	0	0	0.00	0.00	0.00
6	6	916	22.48	4075	3394	0.62	11755	0	0	0.02	3.96	73.97	7.70
6	14	4075	100.00	4075	3394	2.08	2017	1	0	0.00	0.00	0.00
7	7	4075	100.00	4075	3394	2.08	2007	1	0	0.00	0.00	0.00	7.75
7	15	1048	25.66	4086	3394	0.68	11548	0	0	0.02	9.42	65.46
Core	CPU	Avg_MHz	Busy%	Bzy_MHz	TSC_MHz	IPC	IRQ	NMI	SMI	POLL%	C1%	C2%	CorWatt	PkgWatt
-	-	2635	64.64	4077	3394	1.77	103263	2	0	0.01	4.27	31.33	63.74	76.04
0	0	3107	76.25	4075	3394	1.86	6022	1	0	0.01	0.31	23.59	8.23	76.04
0	8	2398	58.74	4082	3394	1.66	7685	0	0	0.01	5.20	36.36
1	1	1131	27.76	4073	3394	0.71	12180	0	0	0.01	7.34	65.36	7.79
1	9	4077	100.00	4077	3394	2.08	2004	0	0	0.00	0.00	0.00
2	2	1571	38.53	4076	3394	0.77	10670	0	0	0.04	12.70	49.35	8.40
2	10	4077	100.00	4077	3394	2.06	2004	0	0	0.00	0.00	0.00
3	3	947	23.30	4065	3394	0.61	10701	0	0	0.02	9.94	67.26	7.73
3	11	4077	100.00	4077	3394	2.08	2004	0	0	0.00	0.00	0.00
4	4	1405	34.44	4081	3394	1.12	6466	0	0	0.03	8.67	57.23	7.85
4	12	3643	89.39	4076	3394	2.10	2561	1	0	0.00	1.10	9.56
5	5	1195	29.39	4067	3394	0.66	10923	0	0	0.02	8.10	62.99	7.98
5	13	4077	100.00	4077	3394	2.08	2004	0	0	0.00	0.00	0.00
6	6	1391	34.11	4077	3394	0.67	10416	0	0	0.03	6.17	60.15	8.14
6	14	4077	100.00	4077	3394	2.07	2014	0	0	0.00	0.00	0.00
7	7	4077	100.00	4077	3394	2.08	2004	0	0	0.00	0.00	0.00	7.62
7	15	908	22.26	4078	3394	0.61	13605	0	0	0.02	8.81	69.49
Core	CPU	Avg_MHz	Busy%	Bzy_MHz	TSC_MHz	IPC	IRQ	NMI	SMI	POLL%	C1%	C2%	CorWatt	PkgWatt
-	-	2643	64.69	4085	3394	1.74	89672	3	0	0.01	3.99	31.53	63.56	75.78
0	0	145	3.52	4128	3394	0.43	3188	0	0	0.00	0.17	96.40	6.94	75.78
0	8	4085	100.00	4085	3394	2.07	2020	1	0	0.00	0.00	0.00
1	1	679	16.64	4083	3394	0.77	6938	0	0	0.02	3.65	79.98	7.42
1	9	4085	100.00	4085	3394	2.06	2007	0	0	0.00	0.00	0.00
2	2	940	23.14	4064	3394	0.75	8819	0	0	0.02	5.68	71.51	7.74
2	10	4085	100.00	4085	3394	2.05	2010	1	0	0.00	0.00	0.00
3	3	968	23.64	4096	3394	0.76	11356	0	0	0.04	4.42	72.35	7.79
3	11	4085	100.00	4085	3394	2.05	2010	0	0	0.00	0.00	0.00
4	4	1305	31.92	4088	3394	0.79	9208	0	0	0.02	5.92	62.56	7.95
4	12	3939	96.42	4085	3394	2.04	2919	0	0	0.01	1.41	2.23
5	5	1654	40.51	4082	3394	0.64	11512	0	0	0.04	11.52	48.52	8.43
5	13	4085	100.00	4085	3394	2.04	2007	1	0	0.00	0.00	0.00
6	6	1914	46.85	4086	3394	0.60	11555	0	0	0.03	12.49	41.27	8.55
6	14	4085	100.00	4085	3394	2.02	2017	0	0	0.00	0.00	0.00
7	7	2612	64.03	4080	3394	0.94	9575	0	0	0.03	18.51	18.14	8.73
7	15	3611	88.39	4085	3394	2.05	2531	0	0	0.00	0.05	11.59
Core	CPU	Avg_MHz	Busy%	Bzy_MHz	TSC_MHz	IPC	IRQ	NMI	SMI	POLL%	C1%	C2%	CorWatt	PkgWatt
-	-	2638	64.57	4085	3394	1.75	103250	3	0	0.01	3.50	32.15	63.95	75.75
0	0	978	23.99	4079	3394	0.62	14432	0	0	0.02	11.79	64.83	7.68	75.74
0	8	4086	100.00	4086	3394	2.05	2004	0	0	0.00	0.00	0.00
1	1	1962	47.93	4094	3394	0.90	12115	0	0	0.03	13.22	39.46	8.62
1	9	4086	100.00	4086	3394	2.02	2006	1	0	0.00	0.00	0.00
2	2	1086	26.67	4071	3394	0.74	11046	0	0	0.02	4.04	69.68	8.03
2	10	4086	100.00	4086	3394	2.05	2004	0	0	0.00	0.00	0.00
3	3	1162	28.39	4093	3394	0.76	10095	0	0	0.03	6.89	65.11	7.95
3	11	4086	100.00	4086	3394	2.04	2007	1	0	0.00	0.00	0.00
4	4	3878	95.00	4082	3394	2.05	2116	1	0	0.00	0.00	5.00	8.18
4	12	1504	36.81	4086	3394	0.89	11780	0	0	0.02	6.99	56.67
5	5	980	24.02	4077	3394	0.70	8172	0	0	0.02	4.11	72.19	7.85
5	13	4086	100.00	4086	3394	2.05	2004	0	0	0.00	0.00	0.00
6	6	623	15.27	4081	3394	0.59	8687	0	0	0.01	2.94	82.08	7.46
6	14	4086	100.00	4086	3394	2.06	2015	0	0	0.00	0.00	0.00
7	7	1431	35.06	4082	3394	0.74	10756	0	0	0.02	6.04	59.38	8.18
7	15	4086	100.00	4086	3394	2.03	2011	0	0	0.00	0.00	0.00
Core	CPU	Avg_MHz	Busy%	Bzy_MHz	TSC_MHz	IPC	IRQ	NMI	SMI	POLL%	C1%	C2%	CorWatt	PkgWatt
-	-	2610	64.49	4047	3390	1.83	84357	1	0	0.01	3.67	32.00	63.34	75.49
0	0	405	10.01	4042	3394	0.77	5583	0	0	0.00	0.59	89.56	7.19	75.58
0	8	4042	99.77	4051	3394	2.16	2055	0	0	0.00	0.04	0.18
1	1	1845	45.35	4069	3394	0.81	7719	0	0	0.03	14.99	40.21	8.43
1	9	4049	100.00	4049	3394	2.13	2014	0	0	0.00	0.00	0.00
2	2	968	24.11	4016	3394	0.70	7769	0	0	0.02	6.01	70.22	7.64
2	10	4039	99.68	4052	3394	2.08	2030	0	0	0.00	0.03	0.30
3	3	1856	46.37	4003	3394	2.01	5584	0	0	0.02	4.09	49.75	8.10
3	11	3487	85.71	4068	3394	1.81	3790	0	0	0.01	0.10	14.26
4	4	1523	37.97	4012	3394	1.85	7545	0	0	0.02	4.84	57.49	7.64
4	12	3340	82.01	4073	3394	1.91	2607	0	0	0.01	0.02	18.01
5	5	1164	28.74	4051	3394	0.75	9758	0	0	0.02	5.83	65.86	7.93
5	13	4038	99.65	4052	3394	2.13	2029	0	0	0.00	0.04	0.31
6	6	1895	47.12	4022	3394	1.68	8547	0	0	0.01	6.70	46.56	8.10
6	14	3313	81.35	4073	3394	2.00	3969	1	0	0.01	1.29	17.44
7	7	2383	59.28	4019	3394	1.45	8244	0	0	0.02	10.38	30.81	8.37
7	15	3448	84.73	4069	3394	1.86	5114	0	0	0.00	3.80	11.63
Core	CPU	Avg_MHz	Busy%	Bzy_MHz	TSC_MHz	IPC	IRQ	NMI	SMI	POLL%	C1%	C2%	CorWatt	PkgWatt
-	-	2584	65.08	3971	3397	2.24	107606	1	0	0.01	3.21	31.97	66.84	77.79
0	0	3007	75.80	3967	3394	2.51	6758	0	0	0.01	0.72	23.65	8.39	77.69
0	8	2042	51.51	3965	3394	2.11	7882	0	0	0.01	2.69	46.06
1	1	1809	45.55	3972	3394	0.74	15549	0	0	0.03	12.73	42.37	8.55
1	9	3967	100.00	3967	3394	2.57	2007	0	0	0.00	0.00	0.00
2	2	1024	25.85	3963	3394	0.64	12390	0	0	0.01	6.03	68.60	8.25
2	10	3967	100.00	3967	3394	2.69	2010	0	0	0.00	0.00	0.00
3	3	3967	100.00	3967	3394	2.76	2559	1	0	0.00	0.00	0.00	8.24
3	11	936	23.64	3958	3394	0.63	10284	0	0	0.02	5.04	71.71
4	4	3967	100.00	3967	3394	2.64	2016	0	0	0.00	0.00	0.00	8.45
4	12	1342	33.86	3964	3394	0.81	8786	0	0	0.01	7.32	59.23
5	5	1141	28.76	3966	3394	0.73	11171	0	0	0.02	4.64	67.03	8.41
5	13	3967	100.00	3967	3394	2.73	2008	0	0	0.00	0.00	0.00
6	6	3967	100.00	3967	3394	2.63	2023	0	0	0.00	0.00	0.00	8.25
6	14	1272	32.05	3969	3394	0.73	7661	0	0	0.03	6.85	61.48
7	7	3502	88.26	3968	3394	2.68	3734	0	0	0.00	1.69	10.13	8.23
7	15	1425	35.91	3968	3394	1.58	10768	0	0	0.02	3.67	60.78
Core	CPU	Avg_MHz	Busy%	Bzy_MHz	TSC_MHz	IPC	IRQ	NMI	SMI	POLL%	C1%	C2%	CorWatt	PkgWatt
-	-	2699	63.18	4271	3391	1.17	86783	6	0	0.01	2.83	34.16	58.72	74.56
0	0	1860	42.51	4376	3394	0.51	8561	0	0	0.01	3.53	54.26	7.27	74.68
0	8	3449	81.29	4243	3394	1.56	4950	1	0	0.01	2.21	16.65
1	1	3953	91.34	4328	3394	0.97	2892	1	0	0.00	0.64	8.07	8.87
1	9	4294	99.99	4294	3394	1.15	2113	0	0	0.00	0.01	0.00
2	2	2480	59.48	4169	3394	1.23	6116	0	0	0.01	5.02	35.74	6.36
2	10	1470	35.45	4146	3394	0.98	8368	0	0	0.02	5.21	59.71
3	3	3086	72.61	4250	3394	1.37	3893	0	0	0.01	3.33	24.21	6.97
3	11	1721	40.67	4233	3394	0.80	7011	0	0	0.01	9.50	50.23
4	4	2205	51.37	4292	3394	0.90	6778	0	0	0.01	5.09	43.85	7.44
4	12	3120	73.35	4254	3394	1.41	3466	0	0	0.00	0.95	25.79
5	5	2988	70.05	4265	3394	1.41	4742	0	0	0.00	0.49	29.58	7.34
5	13	2152	50.01	4303	3394	0.98	6549	1	0	0.01	3.76	46.51
6	6	3225	75.89	4250	3394	1.48	3528	1	0	0.00	0.77	23.43	7.12
6	14	1901	43.78	4343	3394	0.61	5988	0	0	0.02	2.66	53.80
7	7	2578	58.93	4374	3394	0.90	7721	1	0	0.01	1.02	40.29	7.40
7	15	2735	64.17	4262	3394	1.56	4107	1	0	0.00	1.10	34.85
Core	CPU	Avg_MHz	Busy%	Bzy_MHz	TSC_MHz	IPC	IRQ	NMI	SMI	POLL%	C1%	C2%	CorWatt	PkgWatt
-	-	2888	63.89	4520	3395	0.51	79845	3	0	0.01	1.65	34.65	54.10	72.99
0	0	2773	61.63	4499	3394	0.49	5669	0	0	0.00	2.51	36.07	6.55	72.92
0	8	2495	55.46	4498	3394	0.50	6518	0	0	0.02	2.26	42.52
1	1	4025	88.32	4557	3394	0.51	3102	0	0	0.00	0.41	11.32	7.99
1	9	4556	99.99	4556	3394	0.61	2183	1	0	0.00	0.02	0.00
2	2	2792	63.33	4409	3394	0.51	5978	0	0	0.01	3.53	33.34	6.12
2	10	1648	37.40	4407	3394	0.46	5167	1	0	0.01	1.91	60.89
3	3	3008	66.79	4504	3394	0.50	5562	0	0	0.01	0.99	32.39	6.63
3	11	2317	51.22	4524	3394	0.48	5518	0	0	0.01	1.39	47.61
4	4	2926	64.51	4537	3394	0.50	5070	0	0	0.01	1.85	33.82	6.73
4	12	2740	60.34	4540	3394	0.50	5030	1	0	0.01	0.84	38.98
5	5	2550	56.57	4508	3394	0.55	5127	0	0	0.00	2.04	41.58	6.65
5	13	2811	62.53	4495	3394	0.50	5726	0	0	0.00	3.57	34.13
6	6	2814	62.09	4531	3394	0.50	4419	0	0	0.00	0.93	37.13	6.64
6	14	2813	62.01	4536	3394	0.48	5464	0	0	0.01	1.37	36.83
7	7	2893	63.62	4548	3394	0.50	4697	0	0	0.01	1.68	34.88	6.76
7	15	3022	66.42	4550	3394	0.49	4615	0	0	0.01	1.06	32.68
Core	CPU	Avg_MHz	Busy%	Bzy_MHz	TSC_MHz	IPC	IRQ	NMI	SMI	POLL%	C1%	C2%	CorWatt	PkgWatt
-	-	2875	63.74	4510	3391	0.51	78489	2	0	0.01	1.53	34.87	53.76	72.80
0	0	2409	53.39	4513	3394	0.49	5107	0	0	0.00	0.58	46.20	6.58	72.91
0	8	3110	68.77	4523	3394	0.52	4367	0	0	0.00	1.15	30.22
1	1	3909	85.84	4554	3394	0.51	3535	0	0	0.00	0.69	13.55	7.91
1	9	4552	99.99	4553	3394	0.61	2185	0	0	0.00	0.02	0.00
2	2	2479	56.29	4405	3394	0.49	5845	1	0	0.01	2.02	41.88	6.43
2	10	2421	54.59	4435	3394	0.49	6173	0	0	0.01	3.22	42.43
3	3	2789	62.25	4479	3394	0.51	5356	0	0	0.00	1.84	36.08	6.45
3	11	2215	49.71	4456	3394	0.47	5945	0	0	0.01	2.28	48.25
4	4	2813	62.02	4536	3394	0.50	4684	0	0	0.01	1.10	37.04	6.69
4	12	2702	59.48	4543	3394	0.48	5630	0	0	0.01	0.77	39.95
5	5	2860	63.38	4512	3394	0.50	5458	1	0	0.00	1.24	35.57	6.59
5	13	2589	57.26	4522	3394	0.49	4776	0	0	0.01	2.39	40.56
6	6	3035	67.13	4521	3394	0.50	5149	0	0	0.00	1.69	31.35	6.59
6	14	2530	56.11	4509	3394	0.49	5269	0	0	0.00	3.05	41.05
7	7	2318	51.04	4541	3394	0.49	4041	0	0	0.00	0.99	48.11	6.57
7	15	3299	72.64	4541	3394	0.51	4969	0	0	0.01	1.43	26.10
Core	CPU	Avg_MHz	Busy%	Bzy_MHz	TSC_MHz	IPC	IRQ	NMI	SMI	POLL%	C1%	C2%	CorWatt	PkgWatt
-	-	2881	63.63	4527	3397	0.51	77498	1	0	0.01	1.29	35.28	53.83	72.74
0	0	2157	47.48	4543	3394	0.46	5801	0	0	0.01	0.93	51.80	6.60	72.61
0	8	3356	73.90	4541	3394	0.53	3770	0	0	0.01	1.03	25.19
1	1	3767	82.75	4553	3394	0.51	2782	0	0	0.00	0.09	17.21	7.79
1	9	4550	99.99	4551	3394	0.61	2177	0	0	0.00	0.02	0.00
2	2	2625	59.43	4418	3394	0.54	5581	0	0	0.00	2.74	38.02	6.27
2	10	2021	45.62	4429	3394	0.48	5079	0	0	0.01	0.98	53.59
3	3	2345	52.03	4506	3394	0.48	5641	0	0	0.01	1.54	46.61	6.54
3	11	2868	63.39	4524	3394	0.50	5482	0	0	0.01	2.25	34.55
4	4	2798	61.76	4530	3394	0.51	6107	1	0	0.01	2.23	36.24	6.81
4	12	2859	63.02	4537	3394	0.49	5720	0	0	0.00	1.85	35.34
5	5	2814	62.03	4537	3394	0.53	5324	0	0	0.00	1.00	37.15	6.68
5	13	2799	61.63	4541	3394	0.49	5261	0	0	0.01	1.89	36.68
6	6	3017	66.58	4531	3394	0.50	4503	0	0	0.00	1.50	32.07	6.64
6	14	2694	59.43	4533	3394	0.49	4469	0	0	0.01	0.94	39.79
7	7	3091	68.32	4524	3394	0.53	4722	0	0	0.00	1.02	30.81	6.43
7	15	2285	50.66	4511	3394	0.46	5079	0	0	0.01	0.59	48.94
Core	CPU	Avg_MHz	Busy%	Bzy_MHz	TSC_MHz	IPC	IRQ	NMI	SMI	POLL%	C1%	C2%	CorWatt	PkgWatt
-	-	2861	63.38	4514	3391	0.53	66872	4	0	0.00	1.08	35.64	52.97	72.12
0	0	2229	49.17	4532	3394	0.51	4505	1	0	0.00	0.71	50.26	6.38	72.25
0	8	3255	71.82	4532	3394	0.52	3615	0	0	0.01	0.87	27.42
1	1	4003	88.08	4545	3394	0.51	3175	1	0	0.00	0.65	11.33	7.81
1	9	4544	99.99	4545	3394	0.60	2172	0	0	0.00	0.01	0.00
2	2	2314	52.33	4422	3394	0.50	5174	0	0	0.00	1.29	46.53	6.21
2	10	2489	55.76	4463	3394	0.52	3768	0	0	0.01	0.83	43.53
3	3	2690	59.88	4493	3394	0.52	4655	1	0	0.01	1.20	39.04	6.52
3	11	2496	55.68	4484	3394	0.48	5656	1	0	0.01	2.33	42.21
4	4	2402	53.22	4513	3394	0.49	4437	0	0	0.00	0.77	46.17	6.47
4	12	2891	63.90	4524	3394	0.51	4264	0	0	0.00	0.70	35.54
5	5	2151	47.43	4535	3394	0.50	3899	0	0	0.00	0.56	52.14	6.50
5	13	3398	74.89	4537	3394	0.50	4838	0	0	0.01	1.32	23.95
6	6	2417	53.61	4507	3394	0.50	3990	0	0	0.01	1.10	45.43	6.38
6	14	2936	64.82	4529	3394	0.53	4900	0	0	0.00	1.74	33.60
7	7	3711	81.88	4532	3394	0.68	3863	0	0	0.00	1.22	17.02	6.73
7	15	1891	41.74	4530	3394	0.47	3961	0	0	0.01	2.00	56.43
Core	CPU	Avg_MHz	Busy%	Bzy_MHz	TSC_MHz	IPC	IRQ	NMI	SMI	POLL%	C1%	C2%	CorWatt	PkgWatt
-	-	2880	63.78	4516	3396	0.51	80786	2	0	0.01	1.53	34.89	54.00	72.71
0	0	3574	78.87	4532	3394	0.52	4328	0	0	0.01	1.66	19.58	6.68	72.58
0	8	2124	47.06	4515	3394	0.46	6419	0	0	0.01	1.15	52.05
1	1	3391	74.48	4553	3394	0.50	4912	0	0	0.00	1.14	24.53	7.74
1	9	4552	99.99	4552	3394	0.61	2185	1	0	0.00	0.02	0.00
2	2	2286	51.62	4428	3394	0.49	6517	0	0	0.01	2.17	46.43	6.16
2	10	2127	48.13	4420	3394	0.49	5409	0	0	0.01	1.26	50.80
3	3	2290	51.17	4476	3394	0.48	5743	0	0	0.01	1.83	47.21	6.61
3	11	3075	68.28	4503	3394	0.54	4953	0	0	0.00	2.45	29.44
4	4	2456	54.33	4520	3394	0.48	5389	0	0	0.01	1.21	44.66	6.76
4	12	3175	70.07	4531	3394	0.51	5524	0	0	0.00	2.40	27.71
5	5	2402	52.98	4533	3394	0.47	5788	0	0	0.01	1.16	46.09	6.93
5	13	3511	77.35	4539	3394	0.52	3974	0	0	0.01	2.12	20.66
6	6	3013	66.72	4517	3394	0.52	3847	0	0	0.00	0.58	32.81	6.45
6	14	2372	52.79	4493	3394	0.48	4612	1	0	0.00	0.96	46.41
7	7	2754	61.15	4504	3394	0.49	5823	0	0	0.02	2.22	36.85	6.63
7	15	2948	65.47	4502	3394	0.49	5363	0	0	0.00	2.13	32.60
Core	CPU	Avg_MHz	Busy%	Bzy_MHz	TSC_MHz	IPC	IRQ	NMI	SMI	POLL%	C1%	C2%	CorWatt	PkgWatt
-	-	2860	63.40	4512	3392	0.52	79669	5	0	0.01	1.41	35.35	54.14	73.06
0	0	3054	67.41	4531	3394	0.51	5567	0	0	0.00	1.48	31.30	6.80	73.14
0	8	2971	65.61	4528	3394	0.51	5170	1	0	0.01	1.25	33.31
1	1	3748	82.30	4554	3394	0.52	2822	0	0	0.00	0.24	17.51	7.89
1	9	4553	99.99	4553	3394	0.61	2176	0	0	0.00	0.02	0.00
2	2	2694	60.83	4430	3394	0.57	6016	0	0	0.00	2.15	37.23	6.44
2	10	1979	44.72	4426	3394	0.47	6091	0	0	0.00	2.34	53.20
3	3	2616	58.81	4448	3394	0.51	5458	0	0	0.01	1.98	39.39	6.30
3	11	2071	46.47	4456	3394	0.48	5872	0	0	0.02	1.89	51.87
4	4	2144	47.55	4509	3394	0.48	5812	0	0	0.01	1.75	50.92	6.64
4	12	3155	69.72	4525	3394	0.52	4425	0	0	0.01	1.61	28.80
5	5	2770	61.13	4532	3394	0.50	4895	0	0	0.01	1.94	37.10	6.67
5	13	2696	59.55	4526	3394	0.50	4844	1	0	0.00	1.30	39.32
6	6	2851	62.76	4543	3394	0.49	5239	1	0	0.00	1.11	36.32	6.89
6	14	3159	69.43	4550	3394	0.51	4780	0	0	0.01	0.94	29.78
7	7	2867	63.57	4509	3394	0.55	4749	1	0	0.00	1.35	35.24	6.54
7	15	2457	54.58	4501	3394	0.47	5753	1	0	0.01	1.23	44.42
Core	CPU	Avg_MHz	Busy%	Bzy_MHz	TSC_MHz	IPC	IRQ	NMI	SMI	POLL%	C1%	C2%	CorWatt	PkgWatt
-	-	2855	63.17	4519	3394	0.51	81560	1	0	0.01	1.34	35.67	53.99	72.75
0	0	2934	64.96	4517	3394	0.51	5048	0	0	0.00	1.14	34.06	6.64	72.70
0	8	2752	60.96	4514	3394	0.49	5477	0	0	0.01	1.38	37.86
1	1	3552	78.01	4554	3394	0.50	4357	0	0	0.01	0.55	21.57	7.85
1	9	4551	99.99	4552	3394	0.61	2180	0	0	0.00	0.02	0.00
2	2	2021	46.29	4367	3394	0.47	6790	0	0	0.01	1.57	52.39	6.09
2	10	2209	49.80	4435	3394	0.51	5264	0	0	0.00	2.13	48.24
3	3	2997	66.23	4525	3394	0.51	5222	0	0	0.01	1.28	32.65	6.83
3	11	2656	58.69	4525	3394	0.50	6089	0	0	0.01	0.84	40.69
4	4	3103	68.49	4530	3394	0.51	4537	0	0	0.01	1.30	30.35	6.73
4	12	2297	50.82	4519	3394	0.47	6585	1	0	0.01	1.93	47.50
5	5	2346	51.88	4522	3394	0.49	5162	0	0	0.00	1.73	46.59	6.59
5	13	2988	66.23	4512	3394	0.51	5154	0	0	0.01	1.83	32.12
6	6	3126	69.04	4528	3394	0.52	4515	0	0	0.00	1.39	29.71	6.72
6	14	2672	59.05	4525	3394	0.48	6024	0	0	0.01	1.64	39.54
7	7	2719	59.98	4534	3394	0.51	4411	0	0	0.01	1.47	38.71	6.54
7	15	2739	60.31	4542	3394	0.50	4745	0	0	0.01	1.26	38.61
Core	CPU	Avg_MHz	Busy%	Bzy_MHz	TSC_MHz	IPC	IRQ	NMI	SMI	POLL%	C1%	C2%	CorWatt	PkgWatt
-	-	2936	64.92	4522	3394	0.51	78638	1	0	0.01	1.44	33.82	54.00	72.88
0	0	2882	63.52	4538	3394	0.49	4664	0	0	0.00	0.53	36.09	6.58	72.85
0	8	2830	62.49	4529	3394	0.49	5083	0	0	0.01	1.20	36.49
1	1	3751	82.52	4546	3394	0.50	3879	0	0	0.00	0.58	16.99	7.81
1	9	4546	99.99	4546	3394	0.61	2177	1	0	0.00	0.01	0.00
2	2	2471	55.56	4447	3394	0.50	5630	0	0	0.01	2.29	42.34	6.36
2	10	2445	54.59	4479	3394	0.47	5377	0	0	0.01	2.79	42.84
3	3	2407	53.44	4504	3394	0.49	5659	0	0	0.01	2.03	44.72	6.42
3	11	2813	62.43	4505	3394	0.50	4299	0	0	0.01	1.44	36.27
4	4	3055	67.66	4515	3394	0.54	4908	0	0	0.01	2.28	30.22	6.75
4	12	2470	54.69	4517	3394	0.47	5937	0	0	0.01	1.12	44.42
5	5	2633	58.28	4518	3394	0.50	4384	0	0	0.01	1.04	40.82	6.67
5	13	2904	64.23	4521	3394	0.53	5317	0	0	0.01	1.81	34.14
6	6	3137	69.21	4533	3394	0.47	5651	0	0	0.01	1.44	29.54	6.76
6	14	2797	61.72	4532	3394	0.48	5617	0	0	0.01	1.86	36.64
7	7	3356	74.01	4535	3394	0.50	4314	0	0	0.01	1.05	25.08	6.63
7	15	2465	54.30	4540	3394	0.47	5742	0	0	0.01	1.49	44.41
Core	CPU	Avg_MHz	Busy%	Bzy_MHz	TSC_MHz	IPC	IRQ	NMI	SMI	POLL%	C1%	C2%	CorWatt	PkgWatt
-	-	2882	63.80	4517	3394	0.51	80385	5	0	0.01	1.36	35.00	54.16	73.05
0	0	3006	66.15	4544	3394	0.49	5952	0	0	0.01	1.73	32.32	6.81	73.04
0	8	2965	65.27	4543	3394	0.48	5533	0	0	0.01	1.74	33.20
1	1	3949	86.72	4553	3394	0.50	3118	1	0	0.00	0.43	12.92	7.97
1	9	4551	99.99	4552	3394	0.61	2173	0	0	0.00	0.02	0.00
2	2	2136	49.59	4308	3394	0.49	6517	1	0	0.03	2.47	48.17	5.97
2	10	1706	39.64	4302	3394	0.47	7334	1	0	0.01	3.57	57.10
3	3	1814	40.04	4532	3394	0.44	5555	0	0	0.01	0.78	59.38	6.69
3	11	3673	80.85	4543	3394	0.53	3156	0	0	0.00	0.50	18.70
4	4	2892	63.82	4533	3394	0.50	5222	1	0	0.01	1.17	35.19	6.80
4	12	2836	62.61	4530	3394	0.50	5443	0	0	0.01	1.21	36.36
5	5	2789	61.73	4517	3394	0.49	5121	1	0	0.00	1.42	37.03	6.62
5	13	2519	55.53	4536	3394	0.48	5579	0	0	0.01	2.08	42.61
6	6	2822	62.41	4522	3394	0.50	4980	0	0	0.01	1.15	36.61	6.68
6	14	2750	60.67	4532	3394	0.50	4940	0	0	0.00	0.99	38.51
7	7	3356	74.02	4534	3394	0.53	4219	0	0	0.01	1.64	24.47	6.62
7	15	2345	51.82	4526	3394	0.47	5543	0	0	0.00	0.92	47.46
Core	CPU	Avg_MHz	Busy%	Bzy_MHz	TSC_MHz	IPC	IRQ	NMI	SMI	POLL%	C1%	C2%	CorWatt	PkgWatt
-	-	2871	63.53	4518	3394	0.52	79252	2	0	0.01	1.35	35.28	54.18	73.13
0	0	3089	68.03	4541	3394	0.51	4987	1	0	0.00	1.01	31.12	6.68	73.14
0	8	2565	56.48	4541	3394	0.48	6226	0	0	0.00	1.05	42.71
1	1	4210	92.50	4551	3394	0.51	2743	0	0	0.00	0.12	7.42	8.09
1	9	4550	99.99	4550	3394	0.61	2181	0	0	0.00	0.02	0.00
2	2	2352	53.71	4379	3394	0.49	7047	0	0	0.02	3.98	42.56	6.04
2	10	1760	40.09	4389	3394	0.47	6297	0	0	0.02	2.44	57.72
3	3	2599	57.37	4531	3394	0.49	5568	0	0	0.01	1.75	41.07	6.89
3	11	3264	71.83	4543	3394	0.51	5198	1	0	0.01	1.62	26.72
4	4	2736	60.48	4523	3394	0.50	4733	0	0	0.00	0.73	38.93	6.78
4	12	2904	64.06	4534	3394	0.52	5317	0	0	0.01	1.48	34.64
5	5	2817	62.45	4510	3394	0.51	4726	0	0	0.00	2.00	35.72	6.61
5	13	2346	52.06	4506	3394	0.50	5443	0	0	0.01	1.42	46.72
6	6	2368	52.38	4521	3394	0.49	5161	0	0	0.00	0.82	46.98	6.54
6	14	3110	68.46	4543	3394	0.51	3962	0	0	0.01	0.61	31.04
7	7	2734	60.52	4517	3394	0.50	4444	0	0	0.00	1.69	37.96	6.55
7	15	2528	56.12	4505	3394	0.60	5219	0	0	0.00	0.89	43.18
Core	CPU	Avg_MHz	Busy%	Bzy_MHz	TSC_MHz	IPC	IRQ	NMI	SMI	POLL%	C1%	C2%	CorWatt	PkgWatt
-	-	2881	63.81	4515	3392	0.51	80474	3	0	0.01	1.23	35.12	54.31	73.14
0	0	3237	71.29	4541	3394	0.51	4298	0	0	0.00	0.58	28.25	6.84	73.19
0	8	2725	60.13	4531	3394	0.48	6807	0	0	0.01	1.54	38.59
1	1	4035	88.67	4551	3394	0.51	3082	0	0	0.00	0.59	10.80	8.02
1	9	4550	99.99	4551	3394	0.60	2167	0	0	0.00	0.02	0.00
2	2	2033	46.43	4378	3394	0.48	6922	0	0	0.01	1.68	52.12	6.15
2	10	2140	48.53	4409	3394	0.51	5938	0	0	0.01	1.15	50.52
3	3	2252	49.91	4513	3394	0.48	5394	1	0	0.00	1.06	49.22	6.75
3	11	3345	73.88	4528	3394	0.52	3249	0	0	0.01	0.82	25.38
4	4	3288	72.71	4522	3394	0.51	3639	0	0	0.00	0.90	26.48	6.59
4	12	2014	44.70	4507	3394	0.45	5850	0	0	0.01	1.47	54.06
5	5	2290	50.59	4527	3394	0.47	6226	0	0	0.01	1.55	48.11	6.79
5	13	3336	73.54	4536	3394	0.51	4018	0	0	0.01	1.10	25.47
6	6	2698	59.83	4509	3394	0.50	5461	0	0	0.00	1.23	39.14	6.56
6	14	2568	56.97	4507	3394	0.49	6266	1	0	0.01	2.98	40.30
7	7	2914	64.39	4526	3394	0.50	4584	1	0	0.00	1.07	34.69	6.64
7	15	2687	59.46	4519	3394	0.48	6573	0	0	0.01	1.90	38.89
Core	CPU	Avg_MHz	Busy%	Bzy_MHz	TSC_MHz	IPC	IRQ	NMI	SMI	POLL%	C1%	C2%	CorWatt	PkgWatt
-	-	2898	64.09	4522	3395	0.52	67152	4	0	0.01	1.13	34.92	53.70	72.78
0	0	3424	75.53	4534	3394	0.51	4066	0	0	0.00	1.30	23.28	6.56	72.73
0	8	2261	49.97	4524	3394	0.47	5265	1	0	0.01	2.10	48.14
1	1	3807	83.70	4548	3394	0.50	3330	0	0	0.00	0.37	16.00	7.82
1	9	4547	99.99	4548	3394	0.60	2176	1	0	0.00	0.02	0.00
2	2	2115	47.97	4409	3394	0.47	5700	0	0	0.01	1.38	50.83	6.23
2	10	2637	59.00	4469	3394	0.49	4895	0	0	0.00	2.75	38.43
3	3	2562	56.66	4522	3394	0.50	4118	0	0	0.00	0.87	42.59	6.64
3	11	3030	66.77	4538	3394	0.51	3445	0	0	0.00	0.54	32.79
4	4	2788	61.80	4511	3394	0.50	4960	0	0	0.01	1.65	36.72	6.59
4	12	2660	58.74	4529	3394	0.50	3887	0	0	0.00	0.94	40.44
5	5	3168	70.12	4517	3394	0.52	4438	0	0	0.00	1.96	28.06	6.64
5	13	2338	51.77	4517	3394	0.48	4281	1	0	0.01	0.95	47.44
6	6	2658	58.78	4522	3394	0.50	4095	1	0	0.00	1.14	40.21	6.56
6	14	3036	66.97	4533	3394	0.50	4546	0	0	0.01	1.36	31.81
7	7	3336	73.80	4521	3394	0.71	3427	0	0	0.01	0.42	25.88	6.64
7	15	1981	43.80	4523	3394	0.48	4523	0	0	0.01	0.40	55.97
Core	CPU	Avg_MHz	Busy%	Bzy_MHz	TSC_MHz	IPC	IRQ	NMI	SMI	POLL%	C1%	C2%	CorWatt	PkgWatt
-	-	2886	63.95	4512	3393	0.51	81216	3	0	0.01	1.59	34.63	54.25	72.98
0	0	3369	74.20	4541	3394	0.53	3793	0	0	0.00	0.65	25.26	6.83	73.00
0	8	2523	55.54	4543	3394	0.47	5964	0	0	0.01	1.89	42.81
1	1	3706	81.47	4548	3394	0.50	4272	1	0	0.00	1.19	17.47	7.88
1	9	4546	99.99	4546	3394	0.61	2161	0	0	0.00	0.02	0.00
2	2	2652	60.12	4412	3394	0.52	5918	0	0	0.00	1.90	38.16	6.38
2	10	2094	47.72	4389	3394	0.46	7037	0	0	0.01	3.28	49.29
3	3	2687	59.73	4498	3394	0.49	6163	0	0	0.01	1.63	38.85	6.75
3	11	2871	63.44	4526	3394	0.50	5437	0	0	0.01	2.07	34.70
4	4	2325	51.79	4489	3394	0.49	5740	0	0	0.00	1.57	46.84	6.57
4	12	2833	62.90	4504	3394	0.50	5401	1	0	0.01	1.77	35.53
5	5	2555	56.56	4518	3394	0.50	5710	0	0	0.01	1.64	42.01	6.60
5	13	2776	61.33	4526	3394	0.49	5532	0	0	0.01	1.65	37.23
6	6	3102	68.58	4523	3394	0.50	4396	0	0	0.00	0.78	30.78	6.83
6	14	2856	63.13	4524	3394	0.49	5368	0	0	0.01	2.60	34.49
7	7	2712	59.93	4525	3394	0.49	4160	0	0	0.00	1.71	38.52	6.42
7	15	2572	56.80	4528	3394	0.50	4164	1	0	0.00	1.05	42.28
Core	CPU	Avg_MHz	Busy%	Bzy_MHz	TSC_MHz	IPC	IRQ	NMI	SMI	POLL%	C1%	C2%	CorWatt	PkgWatt
-	-	2876	63.74	4512	3390	0.52	78489	0	0	0.01	1.58	34.81	54.05	72.90
0	0	3287	72.49	4535	3394	0.54	3841	0	0	0.01	0.64	26.97	6.67	73.01
0	8	2373	52.38	4531	3394	0.48	4978	0	0	0.01	0.44	47.36
1	1	3928	86.42	4545	3394	0.51	3446	0	0	0.00	0.51	13.15	7.94
1	9	4544	99.99	4545	3394	0.60	2164	0	0	0.00	0.02	0.00
2	2	2456	55.95	4390	3394	0.48	6548	0	0	0.01	2.94	41.33	6.29
2	10	2116	47.70	4435	3394	0.48	5543	0	0	0.01	4.11	48.42
3	3	2220	49.58	4478	3394	0.47	5446	0	0	0.01	1.75	48.87	6.64
3	11	3132	69.45	4510	3394	0.55	4402	0	0	0.01	2.20	28.50
4	4	2792	61.76	4521	3394	0.49	5316	0	0	0.01	1.35	37.07	6.68
4	12	2619	57.92	4522	3394	0.48	5924	0	0	0.01	2.75	39.55
5	5	2719	59.88	4540	3394	0.50	4529	0	0	0.00	0.78	39.49	6.63
5	13	2812	61.93	4541	3394	0.50	4887	0	0	0.00	0.93	37.32
6	6	2960	65.50	4519	3394	0.59	5042	0	0	0.00	1.52	33.16	6.69
6	14	2554	56.56	4515	3394	0.49	4774	0	0	0.01	0.66	42.95
7	7	2730	60.22	4534	3394	0.49	5062	0	0	0.00	1.74	38.22	6.56
7	15	2815	62.10	4533	3394	0.49	6587	0	0	0.01	3.04	35.11
Core	CPU	Avg_MHz	Busy%	Bzy_MHz	TSC_MHz	IPC	IRQ	NMI	SMI	POLL%	C1%	C2%	CorWatt	PkgWatt
-	-	2890	63.86	4525	3397	0.51	81906	4	0	0.01	1.69	34.66	54.48	73.14
0	0	3248	71.59	4537	3394	0.51	4891	1	0	0.01	0.90	27.65	6.68	73.04
0	8	2425	53.43	4538	3394	0.47	6967	0	0	0.01	2.26	44.60
1	1	3989	87.71	4549	3394	0.51	3460	0	0	0.00	0.46	11.90	8.00
1	9	4548	99.99	4548	3394	0.60	2183	0	0	0.00	0.02	0.00
2	2	2554	57.81	4418	3394	0.50	6000	0	0	0.00	2.89	39.51	6.10
2	10	1638	37.52	4364	3394	0.43	6407	0	0	0.01	3.13	59.62
3	3	2851	63.25	4508	3394	0.51	5086	0	0	0.01	1.59	35.32	6.82
3	11	2720	60.09	4526	3394	0.49	5768	1	0	0.01	1.81	38.30
4	4	3005	66.44	4523	3394	0.51	4879	1	0	0.01	1.91	31.81	6.82
4	12	2490	55.00	4528	3394	0.53	6030	0	0	0.01	1.73	43.50
5	5	2949	65.02	4536	3394	0.51	4749	1	0	0.00	1.96	33.19	6.80
5	13	2757	60.87	4530	3394	0.48	5870	0	0	0.01	3.03	36.36
6	6	2203	48.66	4528	3394	0.47	5699	0	0	0.02	1.84	49.74	6.69
6	14	3394	74.97	4528	3394	0.52	4601	0	0	0.01	1.44	23.74
7	7	2111	46.53	4538	3394	0.47	4732	0	0	0.00	0.78	52.87	6.51
7	15	3307	72.89	4538	3394	0.52	4584	0	0	0.01	1.25	26.01
Core	CPU	Avg_MHz	Busy%	Bzy_MHz	TSC_MHz	IPC	IRQ	NMI	SMI	POLL%	C1%	C2%	CorWatt	PkgWatt
-	-	2929	64.95	4509	3391	0.51	79035	2	0	0.00	1.44	33.75	54.31	73.31
0	0	3097	68.39	4529	3394	0.51	4329	0	0	0.00	0.80	30.94	6.83	73.43
0	8	2898	63.97	4530	3394	0.48	5872	0	0	0.01	1.91	34.34
1	1	3844	84.50	4549	3394	0.51	3770	0	0	0.00	0.45	15.14	7.95
1	9	4547	99.99	4547	3394	0.60	2171	1	0	0.00	0.01	0.00
2	2	2566	58.45	4390	3394	0.54	5785	1	0	0.00	0.84	40.88	6.30
2	10	2122	48.22	4401	3394	0.49	5614	0	0	0.00	1.92	50.07
3	3	2427	53.81	4511	3394	0.46	6346	0	0	0.01	2.85	43.57	6.62
3	11	3045	67.49	4512	3394	0.49	4861	0	0	0.00	1.08	31.58
4	4	2605	57.56	4526	3394	0.48	5765	0	0	0.01	1.70	40.95	6.94
4	12	3220	71.16	4525	3394	0.51	4738	0	0	0.00	1.75	27.24
5	5	2562	56.87	4505	3394	0.48	4281	0	0	0.01	1.80	41.48	6.61
5	13	2822	62.47	4517	3394	0.48	5911	0	0	0.01	2.18	35.57
6	6	2419	53.69	4506	3394	0.48	5102	0	0	0.00	1.46	45.04	6.53
6	14	3008	66.69	4510	3394	0.50	5746	0	0	0.01	2.07	31.45
7	7	2924	64.67	4522	3394	0.50	4315	0	0	0.00	1.27	34.20	6.58
7	15	2783	61.41	4532	3394	0.49	4429	0	0	0.00	0.88	37.86
Core	CPU	Avg_MHz	Busy%	Bzy_MHz	TSC_MHz	IPC	IRQ	NMI	SMI	POLL%	C1%	C2%	CorWatt	PkgWatt
-	-	2852	63.13	4518	3395	0.52	79787	4	0	0.01	1.43	35.63	54.29	72.90
0	0	2870	63.29	4535	3394	0.49	6348	0	0	0.01	1.50	35.45	6.82	72.80
0	8	3033	66.83	4538	3394	0.50	5811	0	0	0.01	2.22	31.16
1	1	3804	83.67	4546	3394	0.51	3431	1	0	0.00	0.77	15.64	7.92
1	9	4544	99.99	4545	3394	0.61	2173	0	0	0.00	0.01	0.00
2	2	2331	52.69	4425	3394	0.61	6240	0	0	0.00	1.33	46.18	6.39
2	10	2156	48.39	4455	3394	0.50	5322	1	0	0.01	1.28	50.54
3	3	2724	60.61	4495	3394	0.50	4985	0	0	0.00	1.58	37.97	6.58
3	11	2445	54.37	4497	3394	0.53	5914	0	0	0.01	2.14	43.72
4	4	2516	55.83	4506	3394	0.58	3785	0	0	0.00	0.45	43.84	6.66
4	12	2690	59.65	4510	3394	0.50	5410	0	0	0.01	1.88	38.66
5	5	2820	62.25	4529	3394	0.51	3894	0	0	0.01	1.63	36.26	6.64
5	13	2635	58.16	4531	3394	0.48	5068	0	0	0.01	1.42	40.61
6	6	2215	49.03	4518	3394	0.49	5594	0	0	0.00	1.06	50.12	6.66
6	14	3332	73.55	4530	3394	0.51	4476	1	0	0.00	0.97	25.61
7	7	2849	63.14	4512	3394	0.50	5169	1	0	0.00	2.14	34.90	6.58
7	15	2643	58.56	4514	3394	0.49	6167	0	0	0.01	2.44	39.24
Core	CPU	Avg_MHz	Busy%	Bzy_MHz	TSC_MHz	IPC	IRQ	NMI	SMI	POLL%	C1%	C2%	CorWatt	PkgWatt
-	-	2888	63.88	4522	3394	0.51	83320	2	0	0.01	1.64	34.67	54.56	73.13
0	0	3384	74.72	4528	3394	0.52	5317	0	0	0.01	1.31	24.14	6.81	73.13
0	8	2404	53.11	4527	3394	0.47	6230	0	0	0.01	2.00	45.13
1	1	3913	86.10	4545	3394	0.51	3551	0	0	0.00	0.39	13.59	7.98
1	9	4544	99.99	4544	3394	0.60	2171	0	0	0.00	0.02	0.00
2	2	2741	61.79	4436	3394	0.53	6426	0	0	0.01	2.64	35.78	6.26
2	10	1562	35.29	4428	3394	0.45	5135	0	0	0.00	1.21	63.72
3	3	2554	56.60	4512	3394	0.47	7005	1	0	0.01	2.94	40.73	6.70
3	11	2837	62.90	4511	3394	0.50	5723	0	0	0.01	2.03	35.29
4	4	2941	64.91	4531	3394	0.50	5508	0	0	0.01	2.26	33.05	6.95
4	12	2898	63.86	4538	3394	0.49	5065	0	0	0.01	1.10	35.22
5	5	2802	61.84	4531	3394	0.49	4856	0	0	0.00	1.55	36.78	6.65
5	13	2655	58.67	4525	3394	0.50	5396	1	0	0.01	3.01	38.54
6	6	2219	48.90	4538	3394	0.47	6267	0	0	0.01	1.26	50.08	6.67
6	14	3348	73.80	4537	3394	0.52	4448	0	0	0.01	1.11	25.23
7	7	2828	62.57	4520	3394	0.50	4431	0	0	0.00	1.06	36.52	6.53
7	15	2579	57.03	4523	3394	0.48	5791	0	0	0.01	2.30	40.91
Core	CPU	Avg_MHz	Busy%	Bzy_MHz	TSC_MHz	IPC	IRQ	NMI	SMI	POLL%	C1%	C2%	CorWatt	PkgWatt
-	-	2888	64.01	4512	3394	0.51	83663	3	0	0.01	1.92	34.26	54.91	73.67
0	0	2971	65.46	4539	3394	0.50	7162	0	0	0.02	2.80	32.00	6.84	73.65
0	8	2832	62.40	4538	3394	0.49	5745	1	0	0.01	1.84	35.97
1	1	4271	93.91	4548	3394	0.52	2391	0	0	0.00	0.24	5.87	8.14
1	9	4547	99.99	4548	3394	0.60	2186	0	0	0.00	0.02	0.00
2	2	2602	59.04	4406	3394	0.59	6805	0	0	0.01	1.59	39.59	6.52
2	10	1985	45.04	4408	3394	0.47	7349	0	0	0.01	4.58	50.69
3	3	2916	64.80	4499	3394	0.51	5494	0	0	0.02	1.79	33.58	6.65
3	11	2395	52.99	4520	3394	0.48	4841	0	0	0.00	0.69	46.50
4	4	3340	73.56	4541	3394	0.52	4319	0	0	0.01	0.82	25.74	6.83
4	12	2329	51.27	4543	3394	0.48	4706	0	0	0.00	1.42	47.48
5	5	3059	68.01	4499	3394	0.53	4687	0	0	0.00	3.35	28.82	6.65
5	13	2077	46.28	4488	3394	0.47	6247	0	0	0.01	3.03	50.96
6	6	2575	57.28	4495	3394	0.49	5633	1	0	0.01	0.82	42.09	6.65
6	14	2864	63.51	4510	3394	0.50	5316	0	0	0.00	2.16	34.53
7	7	2550	56.67	4500	3394	0.47	4890	0	0	0.01	2.22	41.30	6.63
7	15	2895	64.00	4523	3394	0.49	5892	1	0	0.01	3.29	32.96
Core	CPU	Avg_MHz	Busy%	Bzy_MHz	TSC_MHz	IPC	IRQ	NMI	SMI	POLL%	C1%	C2%	CorWatt	PkgWatt
-	-	2870	63.57	4515	3394	0.51	79806	3	0	0.01	1.47	35.14	54.12	73.03
0	0	3432	75.78	4529	3394	0.51	4545	1	0	0.01	0.94	23.42	6.75	73.03
0	8	2436	53.78	4529	3394	0.47	5315	0	0	0.01	0.94	45.49
1	1	3610	79.40	4546	3394	0.50	3794	0	0	0.01	0.66	20.04	7.82
1	9	4545	99.99	4545	3394	0.61	2170	1	0	0.00	0.02	0.00
2	2	2531	57.34	4414	3394	0.51	6024	0	0	0.01	2.84	40.01	6.10
2	10	1683	38.40	4383	3394	0.45	7142	0	0	0.01	3.34	58.56
3	3	2512	55.67	4512	3394	0.50	5113	0	0	0.01	1.44	43.06	6.60
3	11	2703	60.08	4499	3394	0.49	5467	0	0	0.01	1.58	38.55
4	4	3205	70.69	4534	3394	0.52	4555	0	0	0.00	0.95	28.50	6.73
4	12	2239	49.46	4527	3394	0.48	5295	1	0	0.01	1.18	49.56
5	5	3284	72.69	4517	3394	0.51	4164	0	0	0.01	0.94	26.49	6.75
5	13	2425	53.67	4519	3394	0.46	6251	0	0	0.01	2.47	44.13
6	6	2641	58.40	4523	3394	0.50	4381	0	0	0.00	1.10	40.64	6.62
6	14	2928	64.64	4529	3394	0.50	4394	0	0	0.01	0.97	34.54
7	7	3327	73.49	4528	3394	0.51	4239	0	0	0.01	2.31	24.36	6.75
7	15	2423	53.61	4519	3394	0.46	6957	0	0	0.00	1.78	44.89
Core	CPU	Avg_MHz	Busy%	Bzy_MHz	TSC_MHz	IPC	IRQ	NMI	SMI	POLL%	C1%	C2%	CorWatt	PkgWatt
-	-	2872	63.77	4504	3394	0.51	81180	4	0	0.01	1.54	34.86	54.62	73.49
0	0	3126	69.29	4511	3394	0.49	5388	0	0	0.01	1.59	29.30	7.04	73.49
0	8	2900	64.21	4517	3394	0.58	6240	0	0	0.01	1.97	34.05
1	1	4187	92.02	4550	3394	0.51	2607	1	0	0.00	0.02	7.98	8.12
1	9	4549	99.99	4550	3394	0.60	2166	0	0	0.00	0.01	0.00
2	2	2261	52.15	4337	3394	0.52	5478	0	0	0.00	0.64	47.35	5.91
2	10	1601	37.25	4298	3394	0.52	6071	0	0	0.00	3.06	59.93
3	3	2214	49.49	4473	3394	0.49	5488	0	0	0.01	2.04	48.65	6.53
3	11	2829	62.80	4504	3394	0.51	5000	1	0	0.01	1.59	35.79
4	4	3334	73.65	4527	3394	0.51	4108	1	0	0.00	1.57	24.91	6.86
4	12	2326	51.34	4531	3394	0.47	5019	0	0	0.01	0.91	47.93
5	5	2706	60.12	4500	3394	0.50	4989	1	0	0.01	1.64	38.42	6.74
5	13	2870	63.77	4501	3394	0.50	4865	0	0	0.00	2.26	34.15
6	6	2766	61.27	4515	3394	0.49	6448	0	0	0.01	2.79	36.19	6.69
6	14	2653	58.69	4520	3394	0.49	6262	0	0	0.01	1.91	39.64
7	7	3019	66.65	4531	3394	0.51	4603	0	0	0.01	1.08	32.43	6.72
7	15	2615	57.63	4538	3394	0.48	6448	0	0	0.01	1.55	41.07
Core	CPU	Avg_MHz	Busy%	Bzy_MHz	TSC_MHz	IPC	IRQ	NMI	SMI	POLL%	C1%	C2%	CorWatt	PkgWatt
-	-	2872	63.60	4516	3393	0.51	81043	1	0	0.01	1.50	35.06	54.65	73.47
0	0	3086	68.23	4522	3394	0.52	5037	0	0	0.01	1.06	30.87	6.63	73.51
0	8	2422	53.63	4515	3394	0.48	5352	0	0	0.01	1.25	45.33
1	1	3966	87.23	4546	3394	0.51	3034	0	0	0.00	0.69	12.14	8.02
1	9	4545	99.99	4546	3394	0.60	2172	0	0	0.00	0.02	0.00
2	2	2732	61.61	4434	3394	0.50	5788	0	0	0.01	2.70	35.89	6.38
2	10	1784	40.28	4428	3394	0.55	7161	0	0	0.01	2.93	57.08
3	3	2711	60.46	4484	3394	0.49	5401	0	0	0.02	1.95	37.76	6.66
3	11	2485	55.47	4480	3394	0.49	6849	0	0	0.01	2.38	42.43
4	4	2414	53.17	4540	3394	0.48	5230	0	0	0.00	1.25	45.78	6.79
4	12	3112	68.54	4540	3394	0.52	3972	0	0	0.00	1.39	30.20
5	5	2517	55.71	4518	3394	0.50	4981	0	0	0.01	1.86	42.62	6.79
5	13	2920	64.61	4520	3394	0.49	5233	0	0	0.01	2.31	33.28
6	6	3242	71.40	4541	3394	0.50	4981	0	0	0.00	1.05	27.71	6.69
6	14	2396	52.80	4537	3394	0.47	6305	1	0	0.01	1.45	46.00
7	7	3210	70.86	4530	3394	0.52	4212	0	0	0.00	1.18	28.10	6.70
7	15	2430	53.60	4533	3394	0.47	5335	0	0	0.01	0.62	45.97
Core	CPU	Avg_MHz	Busy%	Bzy_MHz	TSC_MHz	IPC	IRQ	NMI	SMI	POLL%	C1%	C2%	CorWatt	PkgWatt
-	-	2928	64.83	4516	3395	0.52	75291	3	0	0.00	1.53	33.81	54.52	73.39
0	0	2898	64.05	4525	3394	0.50	5914	0	0	0.00	1.83	34.33	6.68	73.33
0	8	2920	64.55	4523	3394	0.47	5321	0	0	0.01	1.13	34.50
1	1	3801	83.68	4542	3394	0.51	3872	0	0	0.01	1.03	15.39	7.89
1	9	4540	99.99	4541	3394	0.59	2164	1	0	0.00	0.01	0.00
2	2	2449	55.37	4423	3394	0.53	5940	1	0	0.01	1.73	43.10	6.55
2	10	2550	56.90	4482	3394	0.57	3693	0	0	0.00	2.80	40.46
3	3	2302	51.61	4461	3394	0.49	5134	0	0	0.00	1.34	47.20	6.34
3	11	2577	57.59	4475	3394	0.48	5458	0	0	0.01	2.36	40.25
4	4	3208	70.85	4527	3394	0.50	4176	0	0	0.01	0.67	28.60	6.82
4	12	2606	57.53	4530	3394	0.49	5098	0	0	0.00	1.59	41.06
5	5	2601	57.53	4521	3394	0.49	6299	0	0	0.01	2.39	40.32	6.84
5	13	3179	70.15	4531	3394	0.50	4448	0	0	0.00	1.43	28.56
6	6	3392	74.95	4525	3394	0.61	3565	0	0	0.00	1.09	24.04	6.82
6	14	2207	48.79	4524	3394	0.46	5526	0	0	0.01	1.97	49.47
7	7	2540	56.08	4529	3394	0.50	3909	1	0	0.01	1.09	42.94	6.55
7	15	3062	67.63	4528	3394	0.50	4774	0	0	0.01	1.97	30.56
Core	CPU	Avg_MHz	Busy%	Bzy_MHz	TSC_MHz	IPC	IRQ	NMI	SMI	POLL%	C1%	C2%	CorWatt	PkgWatt
-	-	2879	63.87	4508	3394	0.50	82776	2	0	0.01	1.63	34.68	54.65	73.25
0	0	3121	69.06	4519	3394	0.50	5855	0	0	0.01	1.50	29.64	6.77	73.25
0	8	2604	57.54	4526	3394	0.49	5805	0	0	0.02	1.44	41.25
1	1	3675	80.88	4543	3394	0.50	3304	0	0	0.00	0.30	18.89	7.91
1	9	4542	99.99	4543	3394	0.60	2169	0	0	0.00	0.01	0.00
2	2	3073	69.72	4407	3394	0.53	5350	0	0	0.04	2.51	27.93	6.48
2	10	1805	40.74	4431	3394	0.45	5938	0	0	0.01	2.01	57.49
3	3	2575	57.23	4499	3394	0.50	4365	1	0	0.01	1.31	41.60	6.60
3	11	2544	56.86	4475	3394	0.49	6296	0	0	0.01	1.94	41.44
4	4	2485	55.04	4515	3394	0.50	4527	0	0	0.00	0.66	44.45	6.76
4	12	2925	64.87	4509	3394	0.50	6257	0	0	0.01	1.83	33.53
5	5	3059	67.66	4521	3394	0.51	5516	0	0	0.00	2.18	30.36	6.76
5	13	2544	56.21	4527	3394	0.48	5028	1	0	0.00	1.80	42.18
6	6	3039	67.33	4513	3394	0.52	4179	0	0	0.01	1.82	30.99	6.68
6	14	2464	54.59	4513	3394	0.47	5819	0	0	0.01	1.11	44.52
7	7	3272	72.50	4513	3394	0.49	5036	0	0	0.01	2.11	25.55	6.68
7	15	2335	51.65	4520	3394	0.46	7332	0	0	0.02	3.57	45.09
Core	CPU	Avg_MHz	Busy%	Bzy_MHz	TSC_MHz	IPC	IRQ	NMI	SMI	POLL%	C1%	C2%	CorWatt	PkgWatt
-	-	2876	63.73	4513	3393	0.51	82427	2	0	0.01	1.53	34.91	54.93	73.65
0	0	2957	65.23	4533	3394	0.49	5697	0	0	0.01	1.84	33.13	6.74	73.66
0	8	2740	60.38	4538	3394	0.48	6476	1	0	0.01	3.26	36.61
1	1	4131	90.84	4548	3394	0.51	3080	0	0	0.00	0.63	8.58	8.15
1	9	4546	99.99	4547	3394	0.60	2171	0	0	0.00	0.02	0.00
2	2	2693	61.21	4400	3394	0.52	5573	0	0	0.01	1.33	37.62	6.08
2	10	1491	34.15	4364	3394	0.46	5000	0	0	0.01	1.07	64.97
3	3	3045	67.74	4495	3394	0.51	4460	0	0	0.01	0.74	31.61	6.58
3	11	1952	43.65	4473	3394	0.46	6234	0	0	0.01	0.86	55.74
4	4	3427	75.57	4536	3394	0.51	3652	0	0	0.00	0.96	23.57	7.08
4	12	2646	58.36	4534	3394	0.50	6475	0	0	0.01	1.36	40.52
5	5	2964	65.42	4531	3394	0.50	4817	0	0	0.01	1.79	32.95	6.81
5	13	2543	56.30	4517	3394	0.48	6108	0	0	0.00	2.20	41.74
6	6	2691	59.79	4502	3394	0.50	4941	1	0	0.00	1.53	38.86	6.61
6	14	2563	56.92	4503	3394	0.47	6577	0	0	0.01	2.85	40.50
7	7	2934	64.73	4532	3394	0.59	4824	0	0	0.01	1.67	33.77	6.88
7	15	2694	59.39	4536	3394	0.48	6342	0	0	0.01	2.44	38.42
Core	CPU	Avg_MHz	Busy%	Bzy_MHz	TSC_MHz	IPC	IRQ	NMI	SMI	POLL%	C1%	C2%	CorWatt	PkgWatt
-	-	2872	63.67	4511	3394	0.51	81288	4	0	0.01	1.51	35.00	54.67	73.47
0	0	3423	75.52	4533	3394	0.53	4179	1	0	0.00	0.65	23.95	6.71	73.47
0	8	2024	44.70	4528	3394	0.46	6072	0	0	0.01	1.85	53.69
1	1	4332	95.29	4546	3394	0.51	2672	1	0	0.00	0.54	4.21	8.21
1	9	4546	99.99	4546	3394	0.60	2164	0	0	0.00	0.01	0.00
2	2	2992	67.34	4444	3394	0.52	4576	0	0	0.01	1.67	31.11	6.36
2	10	1823	41.62	4380	3394	0.43	6996	0	0	0.01	1.54	57.14
3	3	2437	54.65	4459	3394	0.50	5874	0	0	0.01	2.07	43.46	6.48
3	11	2449	54.76	4472	3394	0.47	5517	0	0	0.01	1.05	44.39
4	4	2762	60.94	4533	3394	0.55	5667	0	0	0.02	1.61	37.64	6.92
4	12	2826	62.25	4539	3394	0.49	5475	1	0	0.01	1.14	36.80
5	5	3124	68.98	4529	3394	0.51	4486	0	0	0.00	0.77	30.39	6.69
5	13	2432	53.81	4520	3394	0.48	5184	0	0	0.01	1.46	44.93
6	6	2429	53.94	4503	3394	0.49	5080	0	0	0.02	1.54	44.71	6.53
6	14	2768	61.23	4521	3394	0.50	5705	0	0	0.01	2.35	36.63
7	7	3023	66.89	4519	3394	0.50	4970	0	0	0.01	2.63	30.67	6.77
7	15	2561	56.82	4508	3394	0.48	6671	1	0	0.01	3.24	40.21
Core	CPU	Avg_MHz	Busy%	Bzy_MHz	TSC_MHz	IPC	IRQ	NMI	SMI	POLL%	C1%	C2%	CorWatt	PkgWatt
-	-	2851	63.25	4508	3391	0.51	82872	4	0	0.01	1.59	35.31	54.66	73.59
0	0	2297	50.65	4535	3394	0.47	6511	0	0	0.01	1.43	48.16	6.80	73.69
0	8	3307	72.94	4534	3394	0.51	5121	0	0	0.01	1.05	26.18
1	1	3401	74.81	4546	3394	0.50	3820	0	0	0.00	0.63	24.66	7.84
1	9	4542	99.99	4543	3394	0.61	2174	1	0	0.00	0.02	0.00
2	2	2973	66.65	4461	3394	0.50	5305	0	0	0.00	1.39	32.13	6.76
2	10	2525	56.61	4459	3394	0.49	4673	1	0	0.01	1.78	41.77
3	3	2732	61.09	4471	3394	0.51	5119	0	0	0.00	1.85	37.22	6.47
3	11	2160	48.14	4488	3394	0.48	6644	0	0	0.01	2.70	49.43
4	4	2252	49.79	4522	3394	0.48	5156	1	0	0.01	1.43	48.98	6.78
4	12	3169	70.10	4521	3394	0.52	4502	0	0	0.00	1.44	28.60
5	5	2602	57.60	4518	3394	0.49	5001	1	0	0.00	1.23	41.35	6.73
5	13	2909	64.17	4533	3394	0.52	5345	0	0	0.01	2.56	33.49
6	6	2705	60.12	4498	3394	0.50	4419	0	0	0.00	0.52	39.50	6.52
6	14	2355	52.63	4475	3394	0.49	7327	0	0	0.01	2.42	45.23
7	7	2614	57.88	4516	3394	0.48	5882	0	0	0.01	2.21	40.15	6.80
7	15	3110	68.89	4515	3394	0.50	5873	0	0	0.00	2.87	28.47
Core	CPU	Avg_MHz	Busy%	Bzy_MHz	TSC_MHz	IPC	IRQ	NMI	SMI	POLL%	C1%	C2%	CorWatt	PkgWatt
-	-	2868	63.59	4510	3394	0.51	80982	0	0	0.01	1.18	35.41	54.46	73.25
0	0	2486	55.08	4514	3394	0.49	6120	0	0	0.00	2.42	42.74	6.68	73.33
0	8	3009	66.51	4524	3394	0.50	5652	0	0	0.00	0.86	32.82
1	1	3340	73.54	4542	3394	0.49	3952	0	0	0.01	0.39	26.18	7.74
1	9	4539	99.99	4540	3394	0.60	2171	0	0	0.00	0.02	0.00
2	2	2441	55.47	4400	3394	0.53	5138	0	0	0.01	0.74	43.96	6.55
2	10	2516	56.85	4425	3394	0.49	5381	0	0	0.00	1.22	42.13
3	3	2463	55.06	4473	3394	0.50	4689	0	0	0.01	1.29	43.79	6.45
3	11	2607	58.12	4485	3394	0.50	3885	0	0	0.01	0.53	41.48
4	4	2403	53.19	4518	3394	0.49	5583	0	0	0.00	0.96	46.05	6.69
4	12	2960	65.41	4525	3394	0.51	4299	0	0	0.00	1.19	33.53
5	5	3046	67.39	4520	3394	0.50	4289	0	0	0.01	0.81	31.93	6.78
5	13	2485	54.95	4523	3394	0.49	6809	0	0	0.02	2.11	43.21
6	6	3186	70.38	4528	3394	0.51	4692	0	0	0.00	0.93	28.84	6.77
6	14	2559	56.54	4526	3394	0.48	7199	0	0	0.01	2.65	41.07
7	7	2570	56.94	4514	3394	0.47	6117	0	0	0.00	1.38	41.92	6.77
7	15	3266	72.09	4530	3394	0.51	5006	0	0	0.01	1.33	26.74
Core	CPU	Avg_MHz	Busy%	Bzy_MHz	TSC_MHz	IPC	IRQ	NMI	SMI	POLL%	C1%	C2%	CorWatt	PkgWatt
-	-	2872	63.68	4511	3396	0.51	80162	4	0	0.01	1.29	35.23	54.72	73.39
0	0	2303	51.14	4504	3394	0.47	6603	0	0	0.01	1.33	47.77	6.71	73.18
0	8	3317	73.33	4523	3394	0.51	4594	0	0	0.00	0.96	25.86
1	1	3938	86.73	4541	3394	0.51	2389	0	0	0.00	0.08	13.22	7.98
1	9	4539	99.99	4539	3394	0.59	2172	0	0	0.00	0.01	0.00
2	2	2856	64.42	4433	3394	0.61	5845	1	0	0.00	0.79	34.97	6.70
2	10	2060	46.27	4451	3394	0.46	5929	0	0	0.01	2.58	51.38
3	3	2339	52.21	4480	3394	0.49	4890	0	0	0.00	1.19	46.75	6.43
3	11	2508	56.19	4464	3394	0.52	5307	1	0	0.00	1.83	42.18
4	4	2577	57.32	4496	3394	0.49	4794	0	0	0.01	1.43	41.42	6.66
4	12	2762	61.13	4518	3394	0.49	4372	0	0	0.00	1.04	37.98
5	5	2852	62.93	4532	3394	0.49	5088	0	0	0.01	1.62	35.64	6.87
5	13	2900	64.02	4529	3394	0.49	6232	0	0	0.01	2.00	34.21
6	6	3125	69.20	4517	3394	0.50	4837	0	0	0.01	0.64	30.32	6.80
6	14	2508	55.54	4515	3394	0.48	6348	1	0	0.02	1.84	42.86
7	7	2740	60.75	4510	3394	0.48	5890	1	0	0.01	1.73	37.74	6.52
7	15	2601	57.63	4513	3394	0.49	4872	0	0	0.01	1.53	41.00
Core	CPU	Avg_MHz	Busy%	Bzy_MHz	TSC_MHz	IPC	IRQ	NMI	SMI	POLL%	C1%	C2%	CorWatt	PkgWatt
-	-	2867	63.60	4508	3392	0.51	80593	1	0	0.01	1.29	35.27	54.68	73.44
0	0	2405	53.11	4527	3394	0.47	7255	0	0	0.01	1.58	45.59	6.87	73.49
0	8	3433	75.76	4532	3394	0.51	5087	0	0	0.01	2.04	22.36
1	1	3137	69.13	4538	3394	0.51	4276	1	0	0.00	0.24	30.75	7.48
1	9	4170	91.87	4539	3394	0.58	2710	0	0	0.00	0.14	8.03
2	2	3353	74.25	4515	3394	0.51	5042	0	0	0.01	1.26	24.64	7.02
2	10	2523	55.88	4515	3394	0.49	4633	0	0	0.00	1.02	43.27
3	3	2151	48.61	4426	3394	0.49	6283	0	0	0.01	2.15	49.47	6.35
3	11	2484	56.08	4430	3394	0.50	6271	0	0	0.01	1.79	42.36
4	4	2257	50.39	4479	3394	0.47	5992	0	0	0.01	1.94	47.90	6.77
4	12	3074	68.28	4502	3394	0.57	4163	0	0	0.00	1.29	30.55
5	5	2498	55.15	4530	3394	0.49	4687	0	0	0.01	1.01	44.02	6.76
5	13	3181	70.28	4526	3394	0.51	4133	0	0	0.00	1.27	28.59
6	6	3022	67.11	4503	3394	0.51	4415	0	0	0.00	0.75	32.27	6.67
6	14	2495	55.37	4506	3394	0.50	4773	0	0	0.01	0.88	43.92
7	7	2855	63.20	4517	3394	0.49	5076	0	0	0.01	1.72	35.25	6.78
7	15	2857	63.17	4523	3394	0.49	5797	0	0	0.01	1.52	35.52
Core	CPU	Avg_MHz	Busy%	Bzy_MHz	TSC_MHz	IPC	IRQ	NMI	SMI	POLL%	C1%	C2%	CorWatt	PkgWatt
-	-	2886	63.91	4515	3394	0.52	69341	5	0	0.00	1.17	35.07	53.79	72.77
0	0	2894	63.94	4526	3394	0.55	4691	0	0	0.01	0.54	35.67	6.68	72.75
0	8	2927	64.69	4525	3394	0.50	4155	1	0	0.00	0.98	34.47
1	1	3127	69.04	4529	3394	0.64	4697	0	0	0.00	1.57	29.55	6.87
1	9	2959	65.35	4528	3394	0.50	3181	1	0	0.00	0.65	34.09
2	2	3494	77.36	4517	3394	0.53	3568	0	0	0.00	2.33	20.41	6.69
2	10	1955	43.29	4517	3394	0.48	4582	0	0	0.01	1.06	55.83
3	3	2109	47.10	4478	3394	0.50	4672	1	0	0.00	0.97	52.08	6.60
3	11	3244	71.98	4508	3394	0.57	4257	0	0	0.00	0.85	27.31
4	4	2687	59.74	4498	3394	0.51	3590	0	0	0.00	0.38	39.99	6.44
4	12	2404	53.40	4501	3394	0.53	3976	0	0	0.00	1.78	44.96
5	5	2491	55.21	4512	3394	0.50	4400	0	0	0.00	0.49	44.45	6.52
5	13	2924	64.81	4511	3394	0.51	4129	1	0	0.01	0.97	34.36
6	6	3402	75.35	4515	3394	0.51	4187	1	0	0.01	0.87	23.91	6.85
6	14	2795	61.86	4519	3394	0.48	5192	0	0	0.01	1.33	37.00
7	7	3831	84.80	4517	3394	0.55	3903	0	0	0.00	1.79	13.53	7.13
7	15	2927	64.72	4522	3394	0.48	6161	0	0	0.01	2.08	33.43
Core	CPU	Avg_MHz	Busy%	Bzy_MHz	TSC_MHz	IPC	IRQ	NMI	SMI	POLL%	C1%	C2%	CorWatt	PkgWatt
-	-	2873	63.74	4507	3393	0.51	80637	3	0	0.01	1.48	34.96	54.38	73.04
0	0	2152	48.19	4466	3394	0.47	7818	1	0	0.00	2.73	49.35	6.67	73.07
0	8	3346	74.45	4495	3394	0.51	4669	0	0	0.00	1.23	24.47
1	1	3761	83.01	4531	3394	0.55	4182	0	0	0.01	1.10	16.01	7.28
1	9	3217	70.94	4534	3394	0.49	4974	0	0	0.01	0.99	28.24
2	2	3882	85.96	4516	3394	0.59	3758	0	0	0.01	1.53	12.60	7.02
2	10	1975	43.86	4502	3394	0.45	6026	0	0	0.01	1.31	55.06
3	3	1985	44.59	4451	3394	0.49	5885	0	0	0.01	2.11	53.51	6.40
3	11	2976	66.60	4469	3394	0.50	4538	0	0	0.00	1.63	31.93
4	4	2487	55.03	4519	3394	0.49	5274	0	0	0.01	1.32	43.85	6.91
4	12	3290	72.75	4522	3394	0.51	4571	1	0	0.01	1.07	26.32
5	5	2876	63.52	4527	3394	0.50	4645	0	0	0.00	0.33	36.31	6.75
5	13	2896	64.03	4523	3394	0.51	3795	0	0	0.00	0.72	35.37
6	6	2916	64.88	4495	3394	0.52	5323	0	0	0.01	1.80	33.51	6.72
6	14	2628	58.31	4507	3394	0.47	5236	0	0	0.01	2.15	39.76
7	7	2945	65.25	4514	3394	0.54	4739	0	0	0.00	1.64	33.27	6.65
7	15	2638	58.43	4514	3394	0.47	5204	1	0	0.01	1.99	39.77
Core	CPU	Avg_MHz	Busy%	Bzy_MHz	TSC_MHz	IPC	IRQ	NMI	SMI	POLL%	C1%	C2%	CorWatt	PkgWatt
-	-	2469	55.10	4480	3395	0.52	87243	1	0	0.01	2.79	42.33	51.71	69.43
0	0	1776	40.04	4436	3394	0.47	6439	0	0	0.01	1.12	59.08	6.11	69.37
0	8	2605	58.10	4484	3394	0.53	4617	0	0	0.00	1.74	40.32
1	1	3762	83.17	4523	3394	0.60	2739	0	0	0.00	0.53	16.34	7.61
1	9	3498	78.06	4482	3394	0.53	5831	0	0	0.01	7.98	14.26
2	2	2828	63.00	4488	3394	0.52	4817	0	0	0.02	1.67	35.48	6.61
2	10	2208	49.50	4461	3394	0.49	7173	0	0	0.01	5.10	45.70
3	3	1673	38.25	4375	3394	0.51	5243	0	0	0.04	2.31	59.63	5.76
3	11	2125	47.90	4437	3394	0.51	4940	0	0	0.00	1.54	50.72
4	4	1990	45.19	4404	3394	0.53	6523	0	0	0.01	3.58	51.46	6.02
4	12	2060	46.08	4470	3394	0.50	4319	0	0	0.01	1.42	52.65
5	5	2504	55.87	4482	3394	0.55	4868	1	0	0.01	3.96	40.38	6.49
5	13	2360	52.13	4528	3394	0.49	4602	0	0	0.01	1.16	46.88
6	6	2293	51.21	4477	3394	0.51	5981	0	0	0.01	2.24	46.76	6.22
6	14	2356	52.08	4524	3394	0.49	4943	0	0	0.01	2.11	46.01
7	7	3061	68.08	4496	3394	0.57	5213	0	0	0.01	4.58	27.56	6.87
7	15	2384	52.91	4506	3394	0.47	8995	0	0	0.02	3.54	43.93
