turbostat version 2025.09.09 - Len Brown <lenb@kernel.org>
Kernel command line: BOOT_IMAGE=/boot/vmlinuz-6.17.0-35-generic root=UUID=37e0ef02-2557-4d29-8187-72bb5e6547ba ro quiet splash vt.handoff=7
CPUID(0): AuthenticAMD 0x10 CPUID levels
CPUID(1): family:model:stepping 0x19:21:2 (25:33:2) microcode 0x0
CPUID(0x80000000): max_extended_levels: 0x80000023
CPUID(1): SSE3 MONITOR - - - TSC MSR - HT -
CPUID(6): APERF, No-TURBO, No-DTS, No-PTM, No-HWP, No-HWPnotify, No-HWPwindow, No-HWPepp, No-HWPpkg, No-EPB
CPUID(7): No-SGX No-Hybrid
cpu0: cpufreq driver: amd-pstate-epp
cpu0: cpufreq governor: powersave
cpufreq boost: 1
/dev/cpu_dma_latency: 2000000000 usec (default)
current_driver: acpi_idle
current_governor: menu
current_governor_ro: menu
cpu0: POLL: CPUIDLE CORE POLL IDLE
cpu0: C1: ACPI FFH MWAIT 0x0
cpu0: C2: ACPI IOPORT 0x414
RAPL: 234 sec. Joule Counter Range, at 280 Watts
intel-rapl:0: package-0 disabled
intel-rapl:0/intel-rapl:0:0: core disabled
cpu0: MSR_RAPL_PWR_UNIT: 0x000a1003 (0.125000 Watts, 0.000015 Joules, 0.000977 sec.)
Core	CPU	Avg_MHz	Busy%	Bzy_MHz	TSC_MHz	IPC	IRQ	NMI	SMI	POLL%	C1%	C2%	CorWatt	PkgWatt
-	-	127	3.47	3674	3394	0.30	42725	0	0	0.01	0.36	96.26	7.36	25.97
0	0	99	2.78	3576	3394	0.20	2338	0	0	0.01	0.48	96.83	0.84	25.97
0	8	77	2.15	3567	3394	0.17	2221	0	0	0.00	0.08	97.81
1	1	248	6.34	3905	3394	0.53	2602	0	0	0.00	0.11	93.63	1.16
1	9	178	4.54	3928	3394	0.39	3381	0	0	0.00	0.10	95.47
2	2	89	2.52	3535	3394	0.12	3062	0	0	0.00	1.84	95.74	0.83
2	10	93	2.62	3546	3394	0.15	2845	0	0	0.00	0.00	97.47
3	3	116	3.25	3575	3394	0.22	3045	0	0	0.13	0.70	96.14	0.83
3	11	67	1.90	3548	3394	0.11	2307	0	0	0.00	0.10	98.08
4	4	166	4.64	3571	3394	0.27	3152	0	0	0.00	0.42	95.05	0.90
4	12	74	2.08	3576	3394	0.12	2267	0	0	0.00	0.18	97.83
5	5	133	3.64	3644	3394	0.22	2758	0	0	0.00	0.31	96.15	0.92
5	13	147	3.98	3680	3394	0.23	2438	0	0	0.00	0.15	95.95
6	6	115	3.24	3562	3394	0.20	2683	0	0	0.00	0.58	96.27	0.83
6	14	59	1.66	3553	3394	0.07	2085	0	0	0.00	0.12	98.29
7	7	144	3.93	3654	3394	0.28	3006	0	0	0.00	0.48	95.68	1.05
7	15	233	6.19	3764	3394	0.56	2535	0	0	0.00	0.12	93.74
Core	CPU	Avg_MHz	Busy%	Bzy_MHz	TSC_MHz	IPC	IRQ	NMI	SMI	POLL%	C1%	C2%	CorWatt	PkgWatt
-	-	1390	30.69	4529	3393	0.33	38768	1	0	0.00	0.39	68.97	32.55	52.51
0	0	860	19.36	4442	3394	0.36	2367	0	0	0.00	0.35	80.37	3.81	52.53
0	8	1809	39.65	4562	3394	0.24	2402	0	0	0.00	0.31	60.09
1	1	1983	43.70	4537	3394	0.52	2535	0	0	0.00	0.21	56.14	5.06
1	9	1348	29.48	4573	3394	0.53	2555	0	0	0.00	0.41	70.18
2	2	2213	48.84	4532	3394	0.29	2407	1	0	0.00	0.30	50.91	3.84
2	10	310	7.06	4382	3394	0.23	2262	0	0	0.00	0.54	92.49
3	3	1826	40.23	4538	3394	0.29	2864	0	0	0.03	0.67	59.16	3.88
3	11	872	19.23	4537	3394	0.23	2248	0	0	0.00	0.32	80.53
4	4	1547	34.02	4546	3394	0.26	2475	0	0	0.00	0.50	65.53	4.09
4	12	1273	28.16	4522	3394	0.38	2367	0	0	0.00	0.61	71.30
5	5	1118	24.69	4527	3394	0.32	2425	0	0	0.00	0.46	74.90	3.95
5	13	1592	35.03	4545	3394	0.29	2331	0	0	0.00	0.71	64.32
6	6	1532	33.92	4515	3394	0.25	2527	0	0	0.00	0.41	65.71	3.74
6	14	1077	23.85	4514	3394	0.30	2239	0	0	0.00	0.13	76.09
7	7	2335	51.57	4528	3394	0.36	2469	0	0	0.00	0.20	48.28	4.20
7	15	550	12.31	4465	3394	0.23	2295	0	0	0.00	0.06	87.70
Core	CPU	Avg_MHz	Busy%	Bzy_MHz	TSC_MHz	IPC	IRQ	NMI	SMI	POLL%	C1%	C2%	CorWatt	PkgWatt
-	-	2373	51.93	4570	3394	0.24	37625	1	0	0.00	0.12	48.01	46.16	67.25
0	0	697	15.33	4549	3394	0.18	2323	0	0	0.00	0.06	84.70	5.70	67.26
0	8	4069	88.88	4578	3394	0.24	2407	1	0	0.00	0.19	10.94
1	1	1758	38.74	4537	3394	0.24	2350	0	0	0.00	0.06	61.26	5.62
1	9	2856	62.40	4577	3394	0.24	2316	0	0	0.00	0.19	37.46
2	2	3080	67.84	4541	3394	0.26	2466	0	0	0.00	0.22	31.98	5.74
2	10	1436	31.40	4572	3394	0.23	2251	0	0	0.00	0.11	68.57
3	3	2763	60.37	4577	3394	0.26	2671	0	0	0.00	0.25	39.44	5.95
3	11	2191	47.79	4584	3394	0.23	2245	0	0	0.00	0.06	52.21
4	4	2799	61.46	4554	3394	0.24	2314	0	0	0.00	0.09	38.50	5.79
4	12	1883	41.13	4578	3394	0.24	2410	0	0	0.00	0.07	58.87
5	5	2624	57.32	4578	3394	0.25	2368	0	0	0.00	0.15	42.58	5.92
5	13	2293	50.00	4585	3394	0.24	2235	0	0	0.00	0.09	49.96
6	6	2236	49.27	4539	3394	0.24	2404	0	0	0.00	0.10	50.69	5.63
6	14	2361	51.52	4583	3394	0.24	2330	0	0	0.00	0.06	48.48
7	7	1491	32.54	4582	3394	0.25	2251	0	0	0.00	0.13	67.39	5.82
7	15	3434	74.92	4583	3394	0.24	2284	0	0	0.00	0.04	25.07
Core	CPU	Avg_MHz	Busy%	Bzy_MHz	TSC_MHz	IPC	IRQ	NMI	SMI	POLL%	C1%	C2%	CorWatt	PkgWatt
-	-	2343	51.30	4568	3394	0.24	36911	2	0	0.00	0.08	48.68	46.37	67.40
0	0	2085	46.24	4508	3394	0.24	2245	1	0	0.00	0.05	53.76	5.49	67.42
0	8	2239	49.04	4564	3394	0.24	2358	0	0	0.00	0.09	50.92
1	1	2538	55.46	4577	3394	0.25	2338	0	0	0.00	0.10	44.49	5.88
1	9	2430	53.03	4582	3394	0.24	2281	0	0	0.00	0.02	47.00
2	2	3209	70.87	4528	3394	0.27	2449	0	0	0.00	0.13	29.04	5.45
2	10	773	17.17	4504	3394	0.22	2217	0	0	0.00	0.00	82.92
3	3	1506	32.95	4572	3394	0.22	2825	0	0	0.00	0.15	66.99	5.93
3	11	3390	74.05	4578	3394	0.24	2279	0	0	0.00	0.06	25.92
4	4	1943	42.43	4579	3394	0.25	2224	0	0	0.00	0.13	57.51	6.02
4	12	2959	64.55	4584	3394	0.24	2319	0	0	0.00	0.42	35.07
5	5	1645	35.93	4580	3394	0.24	2257	0	0	0.00	0.01	64.13	5.93
5	13	3193	69.74	4579	3394	0.24	2235	0	0	0.00	0.05	30.25
6	6	1740	38.01	4577	3394	0.24	2183	1	0	0.00	0.01	62.05	5.81
6	14	2963	64.74	4576	3394	0.24	2272	0	0	0.00	0.09	35.22
7	7	938	20.49	4576	3394	0.23	2150	0	0	0.00	0.00	79.59	5.85
7	15	3941	86.05	4580	3394	0.24	2279	0	0	0.00	0.00	13.96
Core	CPU	Avg_MHz	Busy%	Bzy_MHz	TSC_MHz	IPC	IRQ	NMI	SMI	POLL%	C1%	C2%	CorWatt	PkgWatt
-	-	2341	51.24	4568	3393	0.24	36332	2	0	0.00	0.07	48.74	46.15	67.27
0	0	1079	23.58	4574	3394	0.22	2175	0	0	0.00	0.02	76.48	5.79	67.27
0	8	3768	82.32	4577	3394	0.24	2311	0	0	0.00	0.17	17.53
1	1	1761	38.45	4578	3394	0.25	2143	0	0	0.00	0.02	61.59	5.74
1	9	2930	64.04	4576	3394	0.24	2291	1	0	0.00	0.09	35.91
2	2	3373	74.68	4517	3394	0.27	2456	0	0	0.00	0.26	25.09	5.19
2	10	294	6.85	4290	3394	0.10	2330	0	0	0.00	0.02	93.24
3	3	2039	44.56	4576	3394	0.25	2714	0	0	0.00	0.12	55.40	5.96
3	11	2910	63.55	4578	3394	0.24	2252	1	0	0.00	0.04	36.45
4	4	1093	23.90	4574	3394	0.24	2170	0	0	0.00	0.00	76.18	5.88
4	12	3619	79.10	4576	3394	0.24	2268	0	0	0.00	0.10	20.83
5	5	611	13.35	4580	3394	0.24	2133	0	0	0.00	0.02	86.73	5.86
5	13	4129	90.25	4575	3394	0.25	2258	0	0	0.00	0.06	9.71
6	6	971	21.22	4576	3394	0.22	2172	0	0	0.00	0.01	78.87	5.88
6	14	3939	86.09	4575	3394	0.25	2258	0	0	0.00	0.09	13.83
7	7	1552	33.88	4580	3394	0.25	2171	0	0	0.00	0.04	66.16	5.86
7	15	3388	74.00	4578	3394	0.24	2230	0	0	0.00	0.08	25.95
Core	CPU	Avg_MHz	Busy%	Bzy_MHz	TSC_MHz	IPC	IRQ	NMI	SMI	POLL%	C1%	C2%	CorWatt	PkgWatt
-	-	2346	51.38	4566	3394	0.24	36687	2	0	0.00	0.09	48.59	46.26	67.16
0	0	1983	43.48	4561	3394	0.24	2192	0	0	0.00	0.06	56.52	5.69	67.15
0	8	2634	57.67	4568	3394	0.24	2294	0	0	0.00	0.16	42.22
1	1	2415	52.87	4567	3394	0.26	2187	0	0	0.00	0.04	47.14	5.82
1	9	2452	53.63	4572	3394	0.24	2267	0	0	0.00	0.12	46.30
2	2	1647	36.31	4536	3394	0.24	2400	0	0	0.00	0.08	63.69	5.77
2	10	2873	63.00	4561	3394	0.24	2354	0	0	0.00	0.16	36.88
3	3	1884	41.43	4547	3394	0.23	2752	0	0	0.01	0.11	58.54	5.67
3	11	2613	57.25	4563	3394	0.24	2265	0	0	0.00	0.04	42.75
4	4	1832	40.07	4572	3394	0.24	2316	0	0	0.00	0.13	59.88	5.93
4	12	2967	64.90	4571	3394	0.24	2237	0	0	0.00	0.13	35.01
5	5	1144	25.03	4571	3394	0.24	2262	0	0	0.00	0.02	75.04	5.86
5	13	3695	80.84	4571	3394	0.24	2284	1	0	0.00	0.10	19.08
6	6	3430	74.98	4574	3394	0.25	2240	0	0	0.00	0.15	24.90	5.83
6	14	1262	27.63	4569	3394	0.23	2156	0	0	0.00	0.09	72.36
7	7	1566	34.46	4544	3394	0.23	2249	1	0	0.00	0.06	65.56	5.68
7	15	3130	68.47	4572	3394	0.24	2232	0	0	0.00	0.01	31.56
Core	CPU	Avg_MHz	Busy%	Bzy_MHz	TSC_MHz	IPC	IRQ	NMI	SMI	POLL%	C1%	C2%	CorWatt	PkgWatt
-	-	2335	51.21	4560	3394	0.24	36642	3	0	0.00	0.13	48.72	46.27	67.19
0	0	992	21.74	4563	3394	0.24	2095	0	0	0.00	0.01	78.33	5.73	67.19
0	8	3623	79.39	4563	3394	0.24	2239	0	0	0.00	0.00	20.62
1	1	501	10.99	4560	3394	0.20	2219	0	0	0.00	0.00	89.10	5.67
1	9	4122	90.30	4566	3394	0.25	2347	0	0	0.00	0.43	9.29
2	2	3682	80.96	4547	3394	0.27	2402	0	0	0.00	0.21	18.85	5.87
2	10	831	18.27	4549	3394	0.20	2216	0	0	0.00	0.01	81.81
3	3	2306	50.98	4524	3394	0.24	2843	0	0	0.00	0.25	48.83	5.58
3	11	2092	45.90	4558	3394	0.24	2312	0	0	0.00	0.17	53.99
4	4	692	15.14	4567	3394	0.22	2254	0	0	0.00	0.02	84.93	5.95
4	12	4122	90.27	4567	3394	0.24	2291	1	0	0.00	0.18	9.56
5	5	1992	43.68	4562	3394	0.23	2251	0	0	0.00	0.05	56.34	5.87
5	13	2890	63.32	4564	3394	0.24	2304	0	0	0.00	0.15	36.58
6	6	1012	22.15	4566	3394	0.23	2232	0	0	0.00	0.06	77.88	5.77
6	14	3614	79.19	4564	3394	0.25	2270	1	0	0.00	0.36	20.47
7	7	1456	31.92	4562	3394	0.24	2146	0	0	0.00	0.05	68.11	5.84
7	15	3430	75.10	4567	3394	0.24	2221	1	0	0.00	0.10	24.83
Core	CPU	Avg_MHz	Busy%	Bzy_MHz	TSC_MHz	IPC	IRQ	NMI	SMI	POLL%	C1%	C2%	CorWatt	PkgWatt
-	-	2327	51.08	4556	3391	0.24	36680	4	0	0.00	0.11	48.83	46.26	67.36
0	0	2425	53.44	4538	3394	0.24	2251	0	0	0.00	0.10	46.51	5.52	67.49
0	8	1882	41.41	4546	3394	0.24	2199	1	0	0.00	0.00	58.64
1	1	896	19.58	4574	3394	0.24	2320	1	0	0.00	0.01	80.50	5.83
1	9	3964	86.73	4571	3394	0.24	2361	0	0	0.00	0.35	12.95
2	2	2805	62.08	4518	3394	0.26	2449	1	0	0.00	0.13	37.83	5.50
2	10	1248	27.56	4530	3394	0.23	2290	0	0	0.00	0.01	72.52
3	3	1232	26.93	4574	3394	0.22	2730	0	0	0.00	0.08	73.09	5.98
3	11	3745	81.97	4568	3394	0.24	2282	0	0	0.00	0.27	17.79
4	4	2556	55.91	4570	3394	0.25	2214	0	0	0.00	0.19	43.94	5.90
4	12	2067	45.21	4571	3394	0.24	2240	0	0	0.00	0.16	54.68
5	5	2457	53.73	4572	3394	0.25	2194	1	0	0.00	0.26	46.05	5.89
5	13	2235	48.93	4569	3394	0.24	2217	0	0	0.00	0.10	51.03
6	6	1546	34.19	4522	3394	0.23	2242	0	0	0.00	0.00	65.88	5.75
6	14	3146	68.87	4568	3394	0.24	2273	0	0	0.00	0.10	31.06
7	7	1162	25.58	4543	3394	0.26	2155	0	0	0.00	0.00	74.50	5.92
7	15	3894	85.19	4571	3394	0.24	2263	0	0	0.00	0.00	14.82
Core	CPU	Avg_MHz	Busy%	Bzy_MHz	TSC_MHz	IPC	IRQ	NMI	SMI	POLL%	C1%	C2%	CorWatt	PkgWatt
-	-	2334	51.09	4567	3396	0.25	36633	1	0	0.00	0.09	48.91	46.78	67.79
0	0	2774	61.11	4539	3394	0.26	2274	0	0	0.00	0.15	38.78	5.55	67.64
0	8	1507	33.09	4555	3394	0.24	2264	0	0	0.00	0.05	66.93
1	1	1422	31.06	4579	3394	0.26	2219	0	0	0.00	0.03	68.98	6.07
1	9	3783	82.59	4581	3394	0.25	2347	0	0	0.00	0.19	17.24
2	2	2421	53.36	4537	3394	0.27	2434	0	0	0.00	0.10	46.59	5.80
2	10	2002	43.96	4555	3394	0.24	2240	0	0	0.00	0.10	56.00
3	3	1966	43.06	4566	3394	0.23	2710	1	0	0.00	0.11	56.91	5.97
3	11	2937	64.23	4573	3394	0.24	2295	0	0	0.00	0.28	35.53
4	4	1855	40.66	4563	3394	0.25	2278	0	0	0.00	0.05	59.36	5.99
4	12	2898	63.34	4575	3394	0.24	2269	0	0	0.00	0.14	36.55
5	5	1345	29.42	4571	3394	0.25	2155	0	0	0.00	0.05	70.61	5.94
5	13	3386	73.99	4576	3394	0.25	2252	0	0	0.00	0.00	26.04
6	6	516	11.27	4573	3394	0.21	2094	0	0	0.00	0.01	88.81	5.89
6	14	4182	91.44	4574	3394	0.25	2301	0	0	0.00	0.05	8.52
7	7	1979	43.76	4524	3394	0.24	2254	0	0	0.00	0.00	56.30	5.53
7	15	2338	51.18	4568	3394	0.24	2247	0	0	0.00	0.06	48.81
Core	CPU	Avg_MHz	Busy%	Bzy_MHz	TSC_MHz	IPC	IRQ	NMI	SMI	POLL%	C1%	C2%	CorWatt	PkgWatt
-	-	2330	51.12	4558	3394	0.25	36511	2	0	0.00	0.06	48.88	46.35	67.31
0	0	1957	42.91	4561	3394	0.24	2153	0	0	0.00	0.01	57.14	5.76	67.30
0	8	2709	59.34	4566	3394	0.25	2190	0	0	0.00	0.00	40.71
1	1	2847	62.30	4570	3394	0.27	2184	0	0	0.00	0.00	37.73	5.81
1	9	1858	40.77	4558	3394	0.24	2235	1	0	0.00	0.01	59.28
2	2	2728	60.01	4545	3394	0.26	2434	0	0	0.00	0.08	39.96	5.86
2	10	1871	41.07	4557	3394	0.24	2281	0	0	0.00	0.02	58.98
3	3	3297	72.28	4561	3394	0.25	2753	0	0	0.00	0.14	27.62	5.91
3	11	1558	34.18	4557	3394	0.23	2160	0	0	0.00	0.00	65.89
4	4	2297	50.57	4542	3394	0.24	2336	1	0	0.00	0.04	49.44	5.74
4	12	2173	47.65	4561	3394	0.25	2261	0	0	0.00	0.13	52.29
5	5	1283	28.11	4566	3394	0.25	2229	0	0	0.00	0.03	71.95	5.85
5	13	3406	74.65	4563	3394	0.24	2293	0	0	0.00	0.17	25.21
6	6	1560	34.31	4548	3394	0.23	2262	0	0	0.00	0.05	65.72	5.67
6	14	2986	65.56	4554	3394	0.25	2272	0	0	0.00	0.18	34.30
7	7	1839	40.31	4561	3394	0.25	2240	0	0	0.00	0.03	59.72	5.76
7	15	2912	63.86	4560	3394	0.24	2228	0	0	0.00	0.09	36.09
Core	CPU	Avg_MHz	Busy%	Bzy_MHz	TSC_MHz	IPC	IRQ	NMI	SMI	POLL%	C1%	C2%	CorWatt	PkgWatt
-	-	2326	51.04	4557	3393	0.25	36401	1	0	0.00	0.05	48.95	46.34	67.43
0	0	2828	62.21	4545	3394	0.25	2258	0	0	0.00	0.00	37.82	5.55	67.47
0	8	1584	34.79	4552	3394	0.24	2174	0	0	0.00	0.01	65.27
1	1	3083	67.49	4568	3394	0.27	2225	0	0	0.00	0.04	32.51	6.06
1	9	2179	47.69	4570	3394	0.24	2235	0	0	0.00	0.00	52.37
2	2	3022	66.85	4520	3394	0.26	2474	0	0	0.00	0.19	32.99	5.58
2	10	1094	24.05	4549	3394	0.24	2248	0	0	0.00	0.01	76.03
3	3	1953	42.79	4564	3394	0.24	2710	0	0	0.00	0.11	57.18	5.92
3	11	2823	61.78	4570	3394	0.25	2247	0	0	0.00	0.07	38.20
4	4	3618	79.13	4573	3394	0.26	2262	0	0	0.00	0.10	20.80	6.04
4	12	1240	27.11	4572	3394	0.23	2153	0	0	0.00	0.00	72.97
5	5	1999	43.74	4571	3394	0.24	2298	0	0	0.00	0.01	56.31	5.83
5	13	2621	57.40	4566	3394	0.25	2182	0	0	0.00	0.04	42.60
6	6	1462	32.07	4557	3394	0.24	2141	0	0	0.00	0.03	67.98	5.83
6	14	3240	70.94	4568	3394	0.25	2233	1	0	0.00	0.00	29.09
7	7	2070	45.69	4530	3394	0.24	2285	0	0	0.00	0.03	54.34	5.55
7	15	2414	52.96	4557	3394	0.24	2276	0	0	0.00	0.17	46.92
Core	CPU	Avg_MHz	Busy%	Bzy_MHz	TSC_MHz	IPC	IRQ	NMI	SMI	POLL%	C1%	C2%	CorWatt	PkgWatt
-	-	2337	51.24	4560	3395	0.25	36785	2	0	0.00	0.09	48.74	46.44	67.32
0	0	2572	56.36	4563	3394	0.25	2224	0	0	0.00	0.17	43.52	5.77	67.28
0	8	2067	45.29	4565	3394	0.24	2273	0	0	0.00	0.01	54.77
1	1	1974	43.23	4565	3394	0.25	2283	0	0	0.00	0.01	56.83	5.78
1	9	2845	62.34	4564	3394	0.24	2295	0	0	0.00	0.22	37.49
2	2	3092	68.15	4537	3394	0.26	2496	0	0	0.00	0.28	31.61	5.75
2	10	1325	29.09	4554	3394	0.23	2252	0	0	0.00	0.05	70.94
3	3	2469	54.43	4535	3394	0.25	2740	0	0	0.00	0.19	45.44	5.60
3	11	1886	41.50	4545	3394	0.23	2264	1	0	0.00	0.01	58.56
4	4	2315	50.74	4562	3394	0.25	2332	0	0	0.00	0.10	49.22	5.98
4	12	2566	56.20	4565	3394	0.25	2296	0	0	0.00	0.11	43.74
5	5	1806	39.53	4569	3394	0.25	2238	0	0	0.00	0.16	60.37	5.91
5	13	2996	65.67	4562	3394	0.25	2269	1	0	0.00	0.02	34.35
6	6	2388	52.44	4553	3394	0.25	2228	0	0	0.00	0.07	47.55	5.75
6	14	2230	48.87	4562	3394	0.24	2186	0	0	0.00	0.04	51.14
7	7	1648	36.03	4573	3394	0.27	2133	0	0	0.00	0.02	64.01	5.88
7	15	3197	70.02	4566	3394	0.24	2276	0	0	0.00	0.00	30.02
Core	CPU	Avg_MHz	Busy%	Bzy_MHz	TSC_MHz	IPC	IRQ	NMI	SMI	POLL%	C1%	C2%	CorWatt	PkgWatt
-	-	2336	51.31	4552	3393	0.25	36627	3	0	0.00	0.10	48.63	46.37	67.47
0	0	713	15.64	4560	3394	0.23	2099	1	0	0.00	0.03	84.42	5.86	67.51
0	8	4113	90.13	4564	3394	0.25	2271	0	0	0.00	0.04	9.84
1	1	2043	44.73	4566	3394	0.26	2164	0	0	0.00	0.04	55.29	5.85
1	9	2821	61.78	4566	3394	0.25	2247	0	0	0.00	0.05	38.21
2	2	3973	87.67	4532	3394	0.27	2443	0	0	0.00	0.47	11.88	5.76
2	10	347	7.68	4518	3394	0.16	2311	1	0	0.00	0.01	92.41
3	3	3096	68.35	4530	3394	0.26	2765	0	0	0.00	0.18	31.51	5.71
3	11	1435	31.58	4545	3394	0.22	2324	0	0	0.00	0.12	68.38
4	4	2619	57.77	4533	3394	0.26	2311	0	0	0.00	0.05	42.23	5.74
4	12	1865	41.01	4549	3394	0.24	2216	0	0	0.00	0.06	59.00
5	5	1963	43.03	4562	3394	0.24	2206	0	0	0.00	0.05	56.98	5.91
5	13	2899	63.50	4566	3394	0.24	2280	0	0	0.00	0.10	36.45
6	6	2689	59.01	4556	3394	0.25	2272	0	0	0.00	0.13	40.90	5.85
6	14	2177	47.75	4560	3394	0.24	2253	0	0	0.00	0.10	52.22
7	7	1387	30.44	4557	3394	0.24	2201	0	0	0.00	0.05	69.59	5.72
7	15	3236	70.90	4564	3394	0.25	2264	1	0	0.00	0.16	28.98
Core	CPU	Avg_MHz	Busy%	Bzy_MHz	TSC_MHz	IPC	IRQ	NMI	SMI	POLL%	C1%	C2%	CorWatt	PkgWatt
-	-	2322	50.97	4555	3394	0.25	36502	3	0	0.00	0.07	49.01	46.29	67.28
0	0	100	2.20	4530	3394	0.04	2143	0	0	0.00	0.01	97.89	5.73	67.27
0	8	4478	98.26	4558	3394	0.25	2309	0	0	0.00	0.06	1.69
1	1	1829	40.04	4568	3394	0.26	2146	0	0	0.00	0.03	60.00	5.84
1	9	3029	66.39	4562	3394	0.24	2291	0	0	0.00	0.01	33.65
2	2	3928	86.57	4538	3394	0.27	2444	1	0	0.00	0.17	13.28	5.72
2	10	397	8.89	4464	3394	0.16	2187	0	0	0.00	0.01	91.20
3	3	1693	37.20	4551	3394	0.24	2718	0	0	0.01	0.27	62.61	5.80
3	11	3013	66.13	4557	3394	0.25	2283	0	0	0.00	0.05	33.86
4	4	1741	38.34	4539	3394	0.24	2425	0	0	0.00	0.08	61.66	5.78
4	12	2798	61.47	4552	3394	0.25	2285	1	0	0.00	0.04	38.53
5	5	1482	32.54	4554	3394	0.24	2253	0	0	0.00	0.02	67.52	5.77
5	13	3131	68.72	4557	3394	0.25	2275	0	0	0.00	0.08	31.24
6	6	2329	51.05	4563	3394	0.25	2169	1	0	0.00	0.20	48.81	5.83
6	14	2360	51.78	4559	3394	0.25	2202	0	0	0.00	0.01	48.27
7	7	768	16.83	4564	3394	0.25	2090	0	0	0.00	0.01	83.25	5.82
7	15	4068	89.19	4561	3394	0.25	2282	0	0	0.00	0.14	10.69
Core	CPU	Avg_MHz	Busy%	Bzy_MHz	TSC_MHz	IPC	IRQ	NMI	SMI	POLL%	C1%	C2%	CorWatt	PkgWatt
-	-	2344	51.44	4557	3394	0.25	36953	1	0	0.00	0.06	48.55	46.63	67.63
0	0	2992	65.54	4565	3394	0.26	2291	0	0	0.00	0.13	34.36	5.88	67.61
0	8	1783	39.11	4560	3394	0.24	2169	1	0	0.00	0.00	60.96
1	1	1304	28.53	4569	3394	0.24	2217	0	0	0.00	0.01	71.52	5.79
1	9	3453	75.71	4560	3394	0.25	2309	0	0	0.00	0.01	24.31
2	2	3897	85.92	4535	3394	0.27	2437	0	0	0.00	0.16	13.94	5.63
2	10	286	6.58	4345	3394	0.09	2243	0	0	0.00	0.09	93.44
3	3	2140	47.07	4546	3394	0.24	2785	0	0	0.00	0.18	52.82	5.76
3	11	2438	53.42	4564	3394	0.24	2304	0	0	0.00	0.02	46.62
4	4	1814	39.77	4561	3394	0.23	2342	0	0	0.00	0.01	60.30	5.97
4	12	2995	65.65	4563	3394	0.25	2355	0	0	0.00	0.11	34.28
5	5	1118	24.60	4546	3394	0.23	2338	0	0	0.00	0.08	75.42	5.78
5	13	3563	78.15	4559	3394	0.25	2299	0	0	0.00	0.04	21.83
6	6	2929	64.18	4563	3394	0.25	2237	0	0	0.00	0.02	35.84	6.05
6	14	2109	46.16	4568	3394	0.24	2210	0	0	0.00	0.03	53.86
7	7	574	12.57	4569	3394	0.22	2127	0	0	0.00	0.01	87.51	5.76
7	15	4112	90.16	4561	3394	0.25	2290	0	0	0.00	0.10	9.75
Core	CPU	Avg_MHz	Busy%	Bzy_MHz	TSC_MHz	IPC	IRQ	NMI	SMI	POLL%	C1%	C2%	CorWatt	PkgWatt
-	-	2419	53.11	4555	3393	0.24	39074	3	0	0.00	0.17	46.76	47.23	68.13
0	0	2253	49.45	4555	3394	0.24	2432	0	0	0.00	0.09	50.52	5.86	68.14
0	8	2603	57.12	4558	3394	0.24	2242	0	0	0.00	0.01	42.92
1	1	2965	65.03	4560	3394	0.25	2291	1	0	0.00	0.25	34.76	5.99
1	9	2041	44.89	4547	3394	0.25	2436	1	0	0.00	0.09	55.10
2	2	3477	76.41	4550	3394	0.25	2620	0	0	0.00	0.17	23.45	5.94
2	10	1310	28.81	4546	3394	0.22	2376	0	0	0.00	0.18	71.09
3	3	3242	71.25	4550	3394	0.25	3031	1	0	0.00	0.31	28.47	5.94
3	11	1701	37.30	4560	3394	0.23	2327	0	0	0.00	0.14	62.63
4	4	3202	70.31	4554	3394	0.25	2501	0	0	0.00	0.28	29.45	5.97
4	12	1623	35.57	4562	3394	0.23	2440	0	0	0.00	0.21	64.30
5	5	1748	38.39	4553	3394	0.23	2330	0	0	0.00	0.06	61.61	5.86
5	13	3064	67.24	4556	3394	0.24	2529	0	0	0.00	0.41	32.40
6	6	3365	73.97	4549	3394	0.25	2405	0	0	0.00	0.14	25.93	5.71
6	14	1212	26.68	4542	3394	0.22	2299	0	0	0.00	0.12	73.29
7	7	3223	70.56	4568	3394	0.27	2460	0	0	0.00	0.15	29.16	5.97
7	15	1681	36.86	4561	3394	0.23	2355	0	0	0.00	0.10	63.11
Core	CPU	Avg_MHz	Busy%	Bzy_MHz	TSC_MHz	IPC	IRQ	NMI	SMI	POLL%	C1%	C2%	CorWatt	PkgWatt
-	-	2328	51.11	4554	3394	0.25	36401	3	0	0.00	0.09	48.86	46.66	67.29
0	0	4449	97.68	4554	3394	0.26	2300	0	0	0.00	0.16	2.17	5.78	67.28
0	8	135	2.98	4535	3394	0.05	2129	0	0	0.00	0.01	97.12
1	1	3239	71.05	4559	3394	0.25	2241	0	0	0.00	0.11	28.87	5.76
1	9	1441	31.63	4557	3394	0.24	2235	0	0	0.00	0.01	68.44
2	2	2729	60.01	4548	3394	0.25	2379	0	0	0.00	0.07	39.97	5.98
2	10	1972	43.34	4550	3394	0.24	2255	0	0	0.00	0.02	56.71
3	3	983	21.65	4539	3394	0.23	2656	0	0	0.00	0.05	78.39	5.77
3	11	3570	78.40	4554	3394	0.25	2272	0	0	0.00	0.21	21.41
4	4	3224	70.72	4559	3394	0.25	2317	1	0	0.00	0.05	29.26	5.95
4	12	1442	31.64	4556	3394	0.24	2200	0	0	0.00	0.16	68.28
5	5	2980	65.62	4542	3394	0.25	2296	1	0	0.00	0.15	34.26	5.71
5	13	1557	34.40	4527	3394	0.23	2204	0	0	0.00	0.16	65.52
6	6	2605	57.18	4556	3394	0.24	2275	0	0	0.00	0.02	42.86	5.88
6	14	2242	49.17	4559	3394	0.24	2266	0	0	0.00	0.08	50.81
7	7	2484	54.42	4565	3394	0.28	2169	1	0	0.00	0.06	45.56	5.84
7	15	2185	47.93	4559	3394	0.24	2207	0	0	0.00	0.09	52.03
Core	CPU	Avg_MHz	Busy%	Bzy_MHz	TSC_MHz	IPC	IRQ	NMI	SMI	POLL%	C1%	C2%	CorWatt	PkgWatt
-	-	2344	51.51	4552	3393	0.25	37095	2	0	0.00	0.08	48.47	46.73	67.62
0	0	1794	39.84	4504	3394	0.25	2250	0	0	0.00	0.02	60.19	5.61	67.61
0	8	2643	58.08	4551	3394	0.25	2305	0	0	0.00	0.01	41.96
1	1	3545	77.78	4558	3394	0.26	2372	0	0	0.00	0.12	22.12	5.85
1	9	1281	28.10	4557	3394	0.23	2233	0	0	0.00	0.07	71.91
2	2	3717	81.97	4534	3394	0.26	2435	1	0	0.00	0.28	17.78	5.80
2	10	691	15.21	4542	3394	0.22	2289	0	0	0.00	0.04	84.84
3	3	624	13.71	4550	3394	0.17	2763	0	0	0.01	0.15	86.26	5.87
3	11	4082	89.52	4560	3394	0.25	2297	0	0	0.00	0.25	10.25
4	4	3079	67.58	4556	3394	0.25	2303	0	0	0.00	0.06	32.41	5.94
4	12	1627	35.70	4558	3394	0.24	2238	0	0	0.00	0.01	64.36
5	5	2509	55.23	4544	3394	0.25	2297	0	0	0.00	0.07	44.76	5.82
5	13	2149	47.24	4549	3394	0.24	2227	0	0	0.00	0.01	52.81
6	6	3391	74.31	4563	3394	0.25	2339	0	0	0.00	0.06	25.66	5.93
6	14	1490	32.67	4561	3394	0.23	2244	0	0	0.00	0.01	67.40
7	7	1489	32.59	4568	3394	0.27	2226	0	0	0.00	0.04	67.45	5.93
7	15	3401	74.56	4561	3394	0.25	2277	1	0	0.00	0.05	25.42
Core	CPU	Avg_MHz	Busy%	Bzy_MHz	TSC_MHz	IPC	IRQ	NMI	SMI	POLL%	C1%	C2%	CorWatt	PkgWatt
-	-	2323	51.07	4549	3394	0.25	36541	3	0	0.00	0.09	48.90	46.51	67.44
0	0	2504	55.03	4549	3394	0.25	2256	0	0	0.00	0.11	44.91	5.83	67.45
0	8	2252	49.41	4559	3394	0.24	2192	0	0	0.00	0.11	50.53
1	1	2938	64.49	4556	3394	0.26	2308	0	0	0.00	0.17	35.37	5.79
1	9	1827	40.09	4557	3394	0.24	2253	0	0	0.00	0.01	59.97
2	2	3018	66.80	4519	3394	0.26	2429	0	0	0.00	0.07	33.17	5.74
2	10	1296	28.48	4550	3394	0.24	2303	0	0	0.00	0.23	71.37
3	3	1979	43.62	4536	3394	0.25	2715	0	0	0.00	0.14	56.31	5.77
3	11	2583	56.74	4553	3394	0.24	2274	1	0	0.00	0.05	43.26
4	4	2743	60.16	4560	3394	0.26	2238	0	0	0.00	0.09	39.80	6.15
4	12	2313	50.66	4565	3394	0.24	2254	0	0	0.00	0.02	49.38
5	5	1903	41.99	4531	3394	0.24	2172	0	0	0.00	0.02	58.05	5.77
5	13	2666	58.52	4556	3394	0.25	2239	1	0	0.00	0.02	41.51
6	6	2871	63.03	4555	3394	0.26	2278	1	0	0.00	0.21	36.81	5.86
6	14	1781	39.14	4551	3394	0.24	2223	0	0	0.00	0.09	60.84
7	7	1589	35.07	4530	3394	0.24	2149	0	0	0.00	0.01	64.98	5.60
7	15	2909	63.93	4550	3394	0.25	2258	0	0	0.00	0.01	36.10
Core	CPU	Avg_MHz	Busy%	Bzy_MHz	TSC_MHz	IPC	IRQ	NMI	SMI	POLL%	C1%	C2%	CorWatt	PkgWatt
-	-	2327	51.11	4553	3393	0.25	36085	1	0	0.00	0.09	48.84	46.65	67.41
0	0	2239	49.17	4553	3394	0.25	2172	0	0	0.00	0.08	50.80	5.78	67.44
0	8	2467	54.15	4555	3394	0.24	2217	0	0	0.00	0.06	45.84
1	1	4484	98.45	4554	3394	0.25	2307	0	0	0.00	0.16	1.39	5.71
1	9	135	2.97	4527	3394	0.05	2120	0	0	0.00	0.00	97.14
2	2	2174	47.86	4542	3394	0.25	2343	0	0	0.00	0.13	52.07	5.83
2	10	2362	51.87	4553	3394	0.24	2193	0	0	0.00	0.23	47.96
3	3	3098	68.01	4555	3394	0.24	2769	0	0	0.00	0.20	31.83	5.85
3	11	1681	36.90	4554	3394	0.23	2268	0	0	0.00	0.15	63.02
4	4	2926	64.27	4553	3394	0.25	2268	0	0	0.00	0.21	35.55	5.88
4	12	1727	37.92	4554	3394	0.24	2299	0	0	0.00	0.00	62.15
5	5	3574	78.50	4553	3394	0.25	2268	0	0	0.00	0.00	21.52	5.82
5	13	1034	22.72	4551	3394	0.23	2093	0	0	0.00	0.00	77.36
6	6	2719	59.72	4553	3394	0.25	2202	0	0	0.00	0.05	40.28	5.78
6	14	1867	40.98	4555	3394	0.24	2161	1	0	0.00	0.02	59.07
7	7	4486	98.26	4566	3394	0.29	2205	0	0	0.00	0.11	1.64	6.02
7	15	274	6.03	4541	3394	0.10	2200	0	0	0.00	0.00	94.08
Core	CPU	Avg_MHz	Busy%	Bzy_MHz	TSC_MHz	IPC	IRQ	NMI	SMI	POLL%	C1%	C2%	CorWatt	PkgWatt
-	-	2331	51.16	4556	3394	0.25	36337	2	0	0.00	0.07	48.83	46.75	67.53
0	0	1999	43.89	4553	3394	0.25	2208	1	0	0.00	0.01	56.16	5.78	67.50
0	8	2575	56.58	4551	3394	0.25	2207	0	0	0.00	0.01	43.46
1	1	4476	98.31	4553	3394	0.25	2321	1	0	0.00	0.03	1.66	5.70
1	9	174	3.83	4547	3394	0.05	2114	0	0	0.00	0.00	96.27
2	2	570	12.54	4544	3394	0.21	2254	0	0	0.00	0.05	87.50	5.84
2	10	4045	88.83	4554	3394	0.25	2293	0	0	0.00	0.44	10.75
3	3	4065	89.26	4554	3394	0.25	2790	0	0	0.00	0.17	10.58	5.84
3	11	515	11.33	4544	3394	0.22	2154	0	0	0.00	0.06	88.72
4	4	3361	73.83	4552	3394	0.25	2338	0	0	0.00	0.01	26.20	5.87
4	12	1255	27.54	4556	3394	0.23	2295	0	0	0.00	0.02	72.53
5	5	325	7.12	4564	3394	0.05	2208	0	0	0.00	0.01	92.98	5.82
5	13	4468	98.13	4553	3394	0.25	2358	0	0	0.00	0.23	1.65
6	6	2363	51.90	4553	3394	0.25	2177	0	0	0.00	0.06	48.10	5.80
6	14	2230	48.98	4553	3394	0.25	2162	0	0	0.00	0.00	51.08
7	7	4569	99.93	4572	3394	0.29	2201	0	0	0.00	0.07	0.00	6.11
7	15	303	6.61	4585	3394	0.09	2257	0	0	0.00	0.01	93.50
Core	CPU	Avg_MHz	Busy%	Bzy_MHz	TSC_MHz	IPC	IRQ	NMI	SMI	POLL%	C1%	C2%	CorWatt	PkgWatt
-	-	2326	51.08	4553	3394	0.25	36228	0	0	0.00	0.09	48.90	46.67	67.40
0	0	3050	66.99	4552	3394	0.25	2275	0	0	0.00	0.04	33.01	5.79	67.38
0	8	1568	34.42	4556	3394	0.24	2171	0	0	0.00	0.06	65.59
1	1	4180	91.77	4555	3394	0.25	2297	0	0	0.00	0.12	8.11	5.75
1	9	517	11.34	4560	3394	0.19	2129	0	0	0.00	0.00	88.76
2	2	1798	39.44	4558	3394	0.25	2337	0	0	0.00	0.12	60.51	5.94
2	10	2880	63.27	4551	3394	0.25	2263	0	0	0.00	0.20	36.57
3	3	1753	38.53	4550	3394	0.24	2635	0	0	0.00	0.06	61.48	5.82
3	11	2895	63.57	4554	3394	0.25	2227	0	0	0.00	0.13	36.33
4	4	2632	57.82	4552	3394	0.25	2250	0	0	0.00	0.09	42.14	5.91
4	12	2030	44.56	4555	3394	0.24	2241	0	0	0.00	0.01	55.49
5	5	3872	85.39	4535	3394	0.25	2347	0	0	0.00	0.43	14.20	5.67
5	13	649	14.29	4541	3394	0.17	2276	0	0	0.00	0.02	85.80
6	6	2539	55.80	4550	3394	0.25	2191	0	0	0.00	0.04	44.20	5.76
6	14	2002	44.00	4550	3394	0.25	2191	0	0	0.00	0.09	55.97
7	7	3203	70.07	4571	3394	0.29	2140	0	0	0.00	0.03	29.94	6.02
7	15	1640	35.96	4559	3394	0.24	2258	0	0	0.00	0.02	64.10
Core	CPU	Avg_MHz	Busy%	Bzy_MHz	TSC_MHz	IPC	IRQ	NMI	SMI	POLL%	C1%	C2%	CorWatt	PkgWatt
-	-	2328	51.19	4548	3393	0.25	36616	4	0	0.00	0.10	48.77	46.56	67.64
0	0	2920	64.46	4530	3394	0.26	2260	0	0	0.00	0.04	35.54	5.65	67.65
0	8	1572	34.61	4542	3394	0.23	2261	0	0	0.00	0.07	65.39
1	1	3238	71.17	4551	3394	0.25	2277	0	0	0.00	0.12	28.75	5.77
1	9	1504	33.03	4554	3394	0.24	2222	0	0	0.00	0.08	66.97
2	2	2035	44.73	4550	3394	0.26	2387	0	0	0.00	0.10	55.24	6.07
2	10	2713	59.53	4558	3394	0.26	2283	1	0	0.00	0.26	40.26
3	3	2719	59.78	4549	3394	0.25	2743	0	0	0.00	0.18	40.10	5.86
3	11	1944	42.67	4556	3394	0.24	2169	0	0	0.00	0.09	57.30
4	4	1955	42.99	4548	3394	0.25	2205	1	0	0.00	0.15	56.93	5.96
4	12	2754	60.47	4554	3394	0.25	2233	1	0	0.00	0.01	39.57
5	5	2206	48.58	4542	3394	0.25	2286	0	0	0.00	0.05	51.43	5.79
5	13	2412	52.99	4551	3394	0.24	2212	0	0	0.00	0.06	47.00
6	6	2810	61.92	4538	3394	0.25	2302	0	0	0.00	0.09	38.04	5.70
6	14	1706	37.52	4546	3394	0.23	2270	0	0	0.00	0.01	62.54
7	7	1588	34.97	4541	3394	0.24	2236	1	0	0.00	0.11	65.00	5.76
7	15	3172	69.64	4554	3394	0.25	2270	0	0	0.00	0.12	30.28
Core	CPU	Avg_MHz	Busy%	Bzy_MHz	TSC_MHz	IPC	IRQ	NMI	SMI	POLL%	C1%	C2%	CorWatt	PkgWatt
-	-	2330	51.19	4552	3394	0.25	36202	3	0	0.00	0.13	48.73	46.78	67.54
0	0	2409	52.89	4554	3394	0.25	2215	0	0	0.00	0.20	46.96	5.81	67.53
0	8	2242	49.25	4553	3394	0.24	2338	1	0	0.00	0.11	50.70
1	1	2138	46.89	4559	3394	0.25	2217	0	0	0.00	0.03	53.15	5.87
1	9	2769	60.77	4556	3394	0.25	2287	0	0	0.00	0.08	39.20
2	2	1576	34.62	4551	3394	0.23	2343	0	0	0.00	0.06	65.39	5.97
2	10	3079	67.60	4555	3394	0.26	2256	0	0	0.00	0.31	32.13
3	3	2048	44.98	4552	3394	0.25	2609	1	0	0.00	0.12	54.97	5.87
3	11	2595	56.99	4554	3394	0.25	2189	0	0	0.00	0.10	42.96
4	4	3866	84.89	4554	3394	0.25	2288	0	0	0.00	0.33	14.79	5.94
4	12	799	17.54	4557	3394	0.23	2081	0	0	0.00	0.03	82.52
5	5	3854	84.48	4561	3394	0.27	2235	1	0	0.00	0.27	15.27	5.94
5	13	805	17.72	4543	3394	0.21	2132	0	0	0.00	0.01	82.37
6	6	3000	66.14	4537	3394	0.24	2272	0	0	0.00	0.13	33.77	5.67
6	14	1536	33.80	4546	3394	0.23	2213	0	0	0.00	0.14	66.13
7	7	1210	26.68	4535	3394	0.24	2252	0	0	0.00	0.01	73.40	5.70
7	15	3359	73.81	4551	3394	0.25	2275	0	0	0.00	0.22	26.00
Core	CPU	Avg_MHz	Busy%	Bzy_MHz	TSC_MHz	IPC	IRQ	NMI	SMI	POLL%	C1%	C2%	CorWatt	PkgWatt
-	-	2326	51.14	4548	3393	0.25	36238	0	0	0.00	0.11	48.79	46.67	67.36
0	0	924	20.33	4548	3394	0.24	2122	0	0	0.00	0.05	79.71	5.80	67.38
0	8	3703	81.31	4554	3394	0.25	2247	0	0	0.00	0.07	18.64
1	1	2247	49.31	4556	3394	0.25	2193	0	0	0.00	0.11	50.64	5.81
1	9	2596	57.00	4555	3394	0.24	2236	0	0	0.00	0.01	43.05
2	2	3096	68.20	4540	3394	0.26	2401	0	0	0.00	0.34	31.50	5.92
2	10	1487	32.72	4547	3394	0.24	2244	0	0	0.00	0.06	67.30
3	3	2304	50.60	4554	3394	0.25	2645	0	0	0.00	0.18	49.28	5.88
3	11	2431	53.39	4554	3394	0.24	2286	0	0	0.00	0.06	46.61
4	4	3139	68.96	4552	3394	0.25	2266	0	0	0.00	0.05	31.03	5.92
4	12	1515	33.26	4554	3394	0.23	2190	0	0	0.00	0.02	66.80
5	5	3965	87.46	4534	3394	0.27	2299	0	0	0.00	0.43	12.13	5.60
5	13	257	5.88	4363	3394	0.12	2151	0	0	0.00	0.00	94.22
6	6	3355	73.69	4553	3394	0.25	2273	0	0	0.00	0.19	26.16	5.84
6	14	1283	28.16	4554	3394	0.23	2271	0	0	0.00	0.01	71.91
7	7	2699	59.23	4558	3394	0.26	2203	0	0	0.00	0.14	40.68	5.91
7	15	2224	48.81	4557	3394	0.24	2211	0	0	0.00	0.07	51.18
Core	CPU	Avg_MHz	Busy%	Bzy_MHz	TSC_MHz	IPC	IRQ	NMI	SMI	POLL%	C1%	C2%	CorWatt	PkgWatt
-	-	2327	51.17	4548	3394	0.25	36342	2	0	0.00	0.08	48.81	46.68	67.39
0	0	1434	31.52	4550	3394	0.24	2217	0	0	0.00	0.01	68.55	5.86	67.40
0	8	3335	73.22	4555	3394	0.25	2233	0	0	0.00	0.01	26.80
1	1	2446	53.71	4554	3394	0.25	2203	0	0	0.00	0.09	46.24	5.83
1	9	2406	52.78	4559	3394	0.24	2222	0	0	0.00	0.01	47.26
2	2	2227	49.16	4530	3394	0.26	2353	0	0	0.00	0.11	50.79	5.92
2	10	2244	49.31	4551	3394	0.26	2206	0	0	0.00	0.19	50.56
3	3	2330	51.17	4553	3394	0.25	2675	0	0	0.00	0.17	48.73	5.92
3	11	2423	53.19	4555	3394	0.25	2183	0	0	0.00	0.04	46.82
4	4	3295	72.31	4557	3394	0.25	2284	0	0	0.00	0.15	27.57	6.00
4	12	1444	31.71	4555	3394	0.24	2213	0	0	0.00	0.01	68.35
5	5	2724	60.22	4523	3394	0.26	2274	0	0	0.00	0.06	39.77	5.65
5	13	1638	36.07	4540	3394	0.24	2226	0	0	0.00	0.12	63.88
6	6	2473	54.55	4533	3394	0.24	2299	1	0	0.00	0.06	45.44	5.70
6	14	2082	45.76	4551	3394	0.24	2259	0	0	0.00	0.07	54.23
7	7	1710	37.61	4547	3394	0.26	2217	0	0	0.00	0.01	62.45	5.81
7	15	3026	66.48	4552	3394	0.24	2278	1	0	0.00	0.14	33.42
Core	CPU	Avg_MHz	Busy%	Bzy_MHz	TSC_MHz	IPC	IRQ	NMI	SMI	POLL%	C1%	C2%	CorWatt	PkgWatt
-	-	2321	51.12	4541	3389	0.25	36373	4	0	0.00	0.09	48.78	46.66	67.44
0	0	1669	36.69	4548	3394	0.25	2166	0	0	0.00	0.00	63.37	5.81	67.54
0	8	2963	65.08	4552	3394	0.25	2215	0	0	0.00	0.01	34.95
1	1	2643	58.09	4550	3394	0.25	2225	1	0	0.00	0.03	41.93	5.86
1	9	2258	49.56	4556	3394	0.24	2228	1	0	0.00	0.00	50.50
2	2	2407	53.06	4537	3394	0.25	2368	1	0	0.00	0.17	46.83	5.94
2	10	2153	47.33	4549	3394	0.26	2216	0	0	0.00	0.16	52.57
3	3	1920	42.24	4545	3394	0.24	2729	0	0	0.00	0.06	57.77	5.87
3	11	2743	60.24	4553	3394	0.25	2195	1	0	0.00	0.09	39.71
4	4	3192	70.28	4542	3394	0.26	2287	0	0	0.00	0.17	29.58	5.91
4	12	1464	32.16	4551	3394	0.24	2157	0	0	0.00	0.01	67.91
5	5	2167	47.59	4552	3394	0.25	2270	0	0	0.00	0.03	52.43	5.91
5	13	2587	56.79	4555	3394	0.24	2256	0	0	0.00	0.05	43.21
6	6	2920	64.39	4535	3394	0.25	2299	0	0	0.00	0.25	35.40	5.65
6	14	1457	32.12	4537	3394	0.24	2290	0	0	0.00	0.11	67.85
7	7	2589	56.93	4548	3394	0.26	2228	0	0	0.00	0.15	42.97	5.77
7	15	2063	45.34	4550	3394	0.24	2244	0	0	0.00	0.14	54.58
Core	CPU	Avg_MHz	Busy%	Bzy_MHz	TSC_MHz	IPC	IRQ	NMI	SMI	POLL%	C1%	C2%	CorWatt	PkgWatt
-	-	2333	51.25	4553	3397	0.25	36585	2	0	0.00	0.12	48.74	46.94	67.73
0	0	2343	51.53	4547	3394	0.24	2205	0	0	0.00	0.15	48.37	5.76	67.65
0	8	2266	49.88	4543	3394	0.24	2264	0	0	0.00	0.01	50.17
1	1	2453	53.82	4557	3394	0.26	2296	0	0	0.00	0.13	46.10	5.88
1	9	2389	52.44	4556	3394	0.24	2253	0	0	0.00	0.01	47.59
2	2	849	18.70	4540	3394	0.22	2298	0	0	0.00	0.01	81.39	6.10
2	10	3911	85.84	4557	3394	0.27	2279	0	0	0.00	0.53	13.66
3	3	2138	47.06	4542	3394	0.25	2749	0	0	0.00	0.24	52.77	5.93
3	11	2642	58.02	4553	3394	0.24	2227	0	0	0.00	0.07	41.95
4	4	2639	57.97	4553	3394	0.25	2278	1	0	0.00	0.06	42.01	5.99
4	12	2055	45.12	4554	3394	0.24	2271	0	0	0.00	0.06	54.88
5	5	1814	40.49	4480	3394	0.25	2284	0	0	0.00	0.02	59.56	5.43
5	13	2250	49.67	4530	3394	0.24	2306	1	0	0.00	0.23	50.16
6	6	2870	62.95	4559	3394	0.26	2237	0	0	0.00	0.19	36.90	6.03
6	14	2036	44.66	4559	3394	0.24	2235	0	0	0.00	0.15	55.25
7	7	1495	32.84	4554	3394	0.24	2173	0	0	0.00	0.01	67.23	5.77
7	15	3143	69.05	4552	3394	0.25	2230	0	0	0.00	0.06	30.93
Core	CPU	Avg_MHz	Busy%	Bzy_MHz	TSC_MHz	IPC	IRQ	NMI	SMI	POLL%	C1%	C2%	CorWatt	PkgWatt
-	-	2326	51.11	4551	3394	0.25	36421	2	0	0.00	0.11	48.84	46.96	67.79
0	0	2458	53.94	4557	3394	0.25	2212	1	0	0.00	0.05	46.06	5.88	67.77
0	8	2223	48.80	4556	3394	0.24	2179	0	0	0.00	0.00	51.25
1	1	2727	59.85	4557	3394	0.25	2270	0	0	0.00	0.12	40.08	5.83
1	9	2046	44.91	4556	3394	0.24	2241	0	0	0.00	0.04	55.12
2	2	1502	33.07	4541	3394	0.24	2316	0	0	0.00	0.05	66.96	6.01
2	10	3100	68.09	4553	3394	0.26	2277	0	0	0.00	0.40	31.55
3	3	1908	42.06	4536	3394	0.25	2735	0	0	0.00	0.06	57.95	5.77
3	11	2594	57.00	4551	3394	0.25	2230	0	0	0.00	0.10	42.95
4	4	2482	54.93	4518	3394	0.25	2345	0	0	0.00	0.07	45.05	5.81
4	12	2055	45.12	4554	3394	0.24	2334	0	0	0.00	0.27	54.68
5	5	2715	59.56	4557	3394	0.26	2248	0	0	0.00	0.15	40.33	6.05
5	13	2204	48.34	4559	3394	0.24	2198	0	0	0.00	0.05	51.67
6	6	1915	42.10	4549	3394	0.25	2162	0	0	0.00	0.11	57.86	5.89
6	14	2783	61.07	4556	3394	0.25	2217	1	0	0.00	0.11	38.86
7	7	2119	46.76	4531	3394	0.26	2233	0	0	0.00	0.04	53.26	5.71
7	15	2379	52.23	4555	3394	0.25	2224	0	0	0.00	0.07	47.75
Core	CPU	Avg_MHz	Busy%	Bzy_MHz	TSC_MHz	IPC	IRQ	NMI	SMI	POLL%	C1%	C2%	CorWatt	PkgWatt
-	-	2328	51.20	4547	3394	0.25	36607	3	0	0.00	0.09	48.77	46.84	67.71
0	0	2705	59.55	4542	3394	0.25	2236	0	0	0.00	0.03	40.46	5.77	67.69
0	8	1876	41.21	4553	3394	0.24	2210	1	0	0.00	0.01	58.84
1	1	2474	54.26	4560	3394	0.26	2191	0	0	0.00	0.04	45.75	5.91
1	9	2428	53.28	4556	3394	0.24	2257	0	0	0.00	0.00	46.77
2	2	2085	45.92	4539	3394	0.25	2362	0	0	0.00	0.12	54.02	6.03
2	10	2616	57.47	4552	3394	0.25	2226	1	0	0.00	0.20	42.38
3	3	2858	62.99	4538	3394	0.25	2799	0	0	0.00	0.44	36.62	5.72
3	11	1559	34.35	4538	3394	0.24	2258	0	0	0.00	0.07	65.66
4	4	2656	58.40	4547	3394	0.26	2309	0	0	0.00	0.03	41.61	5.95
4	12	2033	44.67	4552	3394	0.24	2281	0	0	0.00	0.01	55.39
5	5	2060	45.62	4514	3394	0.25	2272	1	0	0.00	0.08	54.36	5.76
5	13	2450	53.81	4553	3394	0.24	2224	0	0	0.00	0.07	46.17
6	6	2627	57.75	4549	3394	0.25	2267	0	0	0.00	0.05	42.25	5.82
6	14	2020	44.43	4548	3394	0.23	2262	0	0	0.00	0.07	55.56
7	7	1872	41.18	4545	3394	0.26	2209	0	0	0.00	0.01	58.88	5.88
7	15	2929	64.29	4556	3394	0.25	2244	0	0	0.00	0.19	35.56
Core	CPU	Avg_MHz	Busy%	Bzy_MHz	TSC_MHz	IPC	IRQ	NMI	SMI	POLL%	C1%	C2%	CorWatt	PkgWatt
-	-	2337	51.40	4546	3394	0.25	36852	1	0	0.00	0.11	48.56	47.00	67.73
0	0	2058	45.31	4543	3394	0.25	2188	0	0	0.00	0.04	54.70	5.89	67.72
0	8	2621	57.62	4549	3394	0.25	2231	0	0	0.00	0.02	42.41
1	1	2779	60.98	4557	3394	0.25	2224	0	0	0.00	0.04	39.03	5.86
1	9	2050	45.01	4554	3394	0.24	2294	0	0	0.00	0.01	55.04
2	2	2033	44.74	4545	3394	0.24	2425	0	0	0.00	0.07	55.26	6.06
2	10	2611	57.40	4548	3394	0.27	2288	0	0	0.00	0.29	42.36
3	3	2376	52.41	4534	3394	0.25	2763	0	0	0.00	0.24	47.41	5.86
3	11	2261	49.72	4547	3394	0.24	2314	0	0	0.00	0.31	50.03
4	4	2741	60.18	4554	3394	0.25	2259	0	0	0.00	0.20	39.66	6.13
4	12	2224	48.83	4555	3394	0.24	2259	0	0	0.00	0.01	51.22
5	5	1831	40.35	4538	3394	0.24	2333	0	0	0.00	0.01	59.71	5.84
5	13	2844	62.54	4548	3394	0.24	2306	0	0	0.00	0.10	37.40
6	6	1329	29.50	4503	3394	0.23	2271	0	0	0.00	0.12	70.45	5.72
6	14	3133	68.85	4551	3394	0.25	2255	0	0	0.00	0.14	31.05
7	7	2176	48.04	4530	3394	0.24	2242	1	0	0.00	0.13	51.89	5.65
7	15	2312	50.84	4548	3394	0.24	2200	0	0	0.00	0.01	49.20
Core	CPU	Avg_MHz	Busy%	Bzy_MHz	TSC_MHz	IPC	IRQ	NMI	SMI	POLL%	C1%	C2%	CorWatt	PkgWatt
-	-	2323	51.08	4548	3393	0.25	36484	3	0	0.00	0.10	48.88	47.03	67.90
0	0	1148	25.36	4528	3394	0.23	2172	0	0	0.00	0.04	74.68	5.86	67.92
0	8	3572	78.44	4554	3394	0.25	2269	0	0	0.00	0.17	21.42
1	1	2221	48.73	4557	3394	0.26	2213	0	0	0.00	0.09	51.24	5.87
1	9	2593	56.95	4553	3394	0.24	2248	0	0	0.00	0.01	43.09
2	2	3147	69.32	4539	3394	0.26	2452	0	0	0.00	0.23	30.49	5.94
2	10	1325	29.14	4547	3394	0.24	2269	0	0	0.00	0.05	70.89
3	3	2115	46.57	4541	3394	0.24	2758	1	0	0.00	0.24	53.26	5.79
3	11	2459	54.00	4554	3394	0.24	2265	0	0	0.00	0.10	45.95
4	4	1577	34.70	4545	3394	0.25	2269	0	0	0.00	0.11	65.27	6.04
4	12	3142	68.94	4557	3394	0.25	2300	1	0	0.00	0.05	31.04
5	5	1477	32.53	4539	3394	0.25	2165	0	0	0.00	0.09	67.45	5.92
5	13	3191	70.01	4558	3394	0.25	2229	0	0	0.00	0.03	29.99
6	6	1988	43.98	4519	3394	0.25	2246	0	0	0.00	0.14	55.94	5.67
6	14	2406	53.00	4539	3394	0.24	2247	0	0	0.00	0.07	46.98
7	7	1407	30.86	4561	3394	0.26	2121	0	0	0.00	0.03	69.19	5.96
7	15	3403	74.66	4557	3394	0.25	2261	1	0	0.00	0.12	25.25
Core	CPU	Avg_MHz	Busy%	Bzy_MHz	TSC_MHz	IPC	IRQ	NMI	SMI	POLL%	C1%	C2%	CorWatt	PkgWatt
-	-	2340	51.46	4548	3393	0.25	37189	1	0	0.00	0.10	48.49	47.35	67.98
0	0	3385	74.60	4538	3394	0.25	2253	0	0	0.00	0.25	25.18	5.80	67.98
0	8	1230	27.01	4555	3394	0.22	2286	0	0	0.00	0.01	73.06
1	1	2100	46.27	4539	3394	0.25	2284	0	0	0.00	0.05	53.74	5.81
1	9	2574	56.48	4558	3394	0.24	2354	0	0	0.00	0.04	43.53
2	2	2624	58.11	4515	3394	0.26	2440	0	0	0.00	0.13	41.80	5.73
2	10	1509	33.17	4548	3394	0.25	2315	0	0	0.00	0.24	66.66
3	3	3020	66.30	4555	3394	0.25	2771	0	0	0.01	0.17	33.57	6.05
3	11	1887	41.37	4561	3394	0.23	2239	0	0	0.00	0.07	58.62
4	4	2252	49.56	4544	3394	0.26	2352	0	0	0.00	0.12	50.38	5.99
4	12	2288	50.25	4553	3394	0.24	2353	0	0	0.00	0.05	49.76
5	5	2290	50.52	4532	3394	0.24	2286	0	0	0.00	0.01	49.53	5.85
5	13	2254	49.48	4556	3394	0.24	2228	0	0	0.00	0.01	50.56
6	6	2855	62.64	4559	3394	0.25	2293	1	0	0.00	0.25	37.16	6.12
6	14	2201	48.25	4561	3394	0.24	2193	0	0	0.00	0.05	51.76
7	7	2030	44.62	4550	3394	0.25	2297	0	0	0.00	0.00	55.43	6.02
7	15	2952	64.72	4561	3394	0.25	2245	0	0	0.00	0.14	35.18
Core	CPU	Avg_MHz	Busy%	Bzy_MHz	TSC_MHz	IPC	IRQ	NMI	SMI	POLL%	C1%	C2%	CorWatt	PkgWatt
-	-	2321	51.04	4547	3394	0.25	36450	2	0	0.00	0.08	48.93	47.05	67.79
0	0	2785	61.59	4522	3394	0.26	2300	0	0	0.00	0.12	38.33	5.48	67.80
0	8	1335	29.67	4500	3394	0.23	2241	0	0	0.00	0.01	70.40
1	1	2177	47.76	4558	3394	0.25	2221	1	0	0.00	0.01	52.29	5.97
1	9	2779	60.95	4559	3394	0.24	2264	0	0	0.00	0.01	39.08
2	2	2366	52.29	4524	3394	0.25	2417	0	0	0.00	0.16	47.61	5.87
2	10	1972	43.32	4552	3394	0.27	2300	0	0	0.00	0.25	56.49
3	3	1802	39.66	4543	3394	0.24	2720	0	0	0.00	0.18	60.24	5.87
3	11	2866	62.93	4554	3394	0.24	2230	1	0	0.00	0.05	37.06
4	4	1763	38.66	4561	3394	0.26	2188	0	0	0.00	0.04	61.37	6.18
4	12	3275	71.85	4558	3394	0.25	2243	0	0	0.00	0.17	28.01
5	5	2691	59.25	4542	3394	0.26	2234	0	0	0.00	0.10	40.70	5.92
5	13	1964	43.19	4548	3394	0.24	2209	0	0	0.00	0.05	56.82
6	6	2917	64.03	4556	3394	0.25	2259	0	0	0.00	0.04	35.97	5.93
6	14	1792	39.35	4554	3394	0.24	2207	0	0	0.00	0.01	60.70
7	7	923	20.26	4555	3394	0.22	2144	0	0	0.00	0.00	79.83	5.83
7	15	3731	81.93	4554	3394	0.25	2273	0	0	0.00	0.07	18.02
Core	CPU	Avg_MHz	Busy%	Bzy_MHz	TSC_MHz	IPC	IRQ	NMI	SMI	POLL%	C1%	C2%	CorWatt	PkgWatt
-	-	2320	51.02	4548	3394	0.25	36239	3	0	0.00	0.09	48.95	47.21	67.79
0	0	1810	40.16	4508	3394	0.25	2265	0	0	0.00	0.04	59.86	5.56	67.79
0	8	2433	53.72	4529	3394	0.25	2255	0	0	0.00	0.03	46.30
1	1	2359	51.94	4543	3394	0.26	2248	0	0	0.00	0.02	48.10	5.95
1	9	2569	56.35	4559	3394	0.24	2248	1	0	0.00	0.16	43.54
2	2	2773	61.11	4537	3394	0.27	2341	1	0	0.00	0.22	38.72	6.03
2	10	1774	38.97	4551	3394	0.26	2268	0	0	0.00	0.19	60.91
3	3	1217	26.90	4522	3394	0.23	2725	0	0	0.00	0.10	73.10	5.82
3	11	3373	74.07	4554	3394	0.24	2240	0	0	0.00	0.23	25.73
4	4	766	16.84	4550	3394	0.21	2249	0	0	0.00	0.00	83.25	6.01
4	12	3911	85.88	4554	3394	0.25	2276	0	0	0.00	0.05	14.09
5	5	1840	40.40	4554	3394	0.25	2144	0	0	0.00	0.00	59.66	5.94
5	13	2745	60.29	4554	3394	0.25	2212	1	0	0.00	0.01	39.74
6	6	2730	60.04	4548	3394	0.25	2240	0	0	0.00	0.17	39.84	5.93
6	14	1975	43.34	4556	3394	0.24	2171	0	0	0.00	0.04	56.68
7	7	1330	29.19	4558	3394	0.26	2123	0	0	0.00	0.03	70.86	5.96
7	15	3512	77.08	4556	3394	0.25	2234	0	0	0.00	0.21	22.73
Core	CPU	Avg_MHz	Busy%	Bzy_MHz	TSC_MHz	IPC	IRQ	NMI	SMI	POLL%	C1%	C2%	CorWatt	PkgWatt
-	-	2319	51.02	4545	3393	0.25	36504	0	0	0.00	0.10	48.92	47.10	67.94
0	0	1918	42.21	4545	3394	0.25	2157	0	0	0.00	0.01	57.84	5.93	67.94
0	8	2825	61.97	4558	3394	0.25	2217	0	0	0.00	0.02	38.06
1	1	2180	47.80	4560	3394	0.26	2219	0	0	0.00	0.02	52.24	5.97
1	9	2747	60.24	4560	3394	0.25	2274	0	0	0.00	0.16	39.65
2	2	2604	57.48	4531	3394	0.26	2382	0	0	0.00	0.22	42.35	6.00
2	10	1948	42.94	4536	3394	0.25	2213	0	0	0.00	0.28	56.85
3	3	2727	60.69	4494	3394	0.25	2868	0	0	0.00	0.17	39.20	5.51
3	11	1381	30.41	4541	3394	0.23	2306	0	0	0.00	0.02	69.65
4	4	2261	49.80	4540	3394	0.25	2278	0	0	0.00	0.12	50.15	5.91
4	12	2269	49.89	4548	3394	0.24	2305	0	0	0.00	0.09	50.08
5	5	561	12.31	4559	3394	0.20	2180	0	0	0.00	0.10	87.69	5.92
5	13	4094	89.93	4553	3394	0.25	2292	0	0	0.00	0.37	9.71
6	6	3033	66.66	4550	3394	0.26	2236	0	0	0.00	0.03	33.34	6.04
6	14	1872	41.08	4557	3394	0.24	2174	0	0	0.00	0.04	58.94
7	7	1556	34.25	4543	3394	0.25	2167	0	0	0.00	0.01	65.82	5.85
7	15	3129	68.71	4555	3394	0.25	2236	0	0	0.00	0.00	31.33
Core	CPU	Avg_MHz	Busy%	Bzy_MHz	TSC_MHz	IPC	IRQ	NMI	SMI	POLL%	C1%	C2%	CorWatt	PkgWatt
-	-	2319	51.01	4545	3394	0.25	36502	3	0	0.00	0.09	48.96	47.15	67.78
0	0	1581	34.69	4556	3394	0.25	2134	1	0	0.00	0.00	65.38	5.95	67.76
0	8	3207	70.40	4555	3394	0.25	2229	1	0	0.00	0.01	29.62
1	1	2000	44.00	4545	3394	0.26	2206	0	0	0.00	0.03	56.03	5.88
1	9	2735	60.05	4554	3394	0.24	2275	0	0	0.00	0.19	39.81
2	2	3180	70.34	4521	3394	0.26	2416	0	0	0.00	0.17	29.51	5.89
2	10	1205	26.59	4532	3394	0.25	2248	0	0	0.00	0.00	73.49
3	3	1955	42.99	4547	3394	0.24	2757	0	0	0.00	0.26	56.82	5.89
3	11	2696	59.25	4551	3394	0.25	2209	0	0	0.00	0.11	40.68
4	4	2355	51.99	4531	3394	0.25	2267	1	0	0.00	0.09	47.98	5.85
4	12	2112	46.51	4541	3394	0.24	2322	0	0	0.00	0.07	53.48
5	5	1455	31.99	4549	3394	0.24	2242	0	0	0.00	0.04	68.05	5.98
5	13	3322	72.92	4555	3394	0.25	2275	0	0	0.00	0.07	27.05
6	6	3593	79.00	4548	3394	0.26	2282	0	0	0.00	0.18	20.84	5.95
6	14	1154	25.36	4549	3394	0.23	2135	0	0	0.00	0.02	74.70
7	7	2174	48.05	4525	3394	0.25	2262	0	0	0.00	0.04	51.97	5.76
7	15	2369	52.02	4554	3394	0.24	2243	0	0	0.00	0.19	47.84
Core	CPU	Avg_MHz	Busy%	Bzy_MHz	TSC_MHz	IPC	IRQ	NMI	SMI	POLL%	C1%	C2%	CorWatt	PkgWatt
-	-	2321	51.08	4544	3393	0.25	36387	3	0	0.00	0.08	48.89	47.13	67.81
0	0	1501	32.99	4551	3394	0.24	2186	0	0	0.00	0.04	67.04	5.90	67.81
0	8	3214	70.60	4553	3394	0.25	2231	0	0	0.00	0.03	29.41
1	1	3015	66.18	4556	3394	0.25	2225	0	0	0.00	0.03	33.83	5.92
1	9	1889	41.46	4556	3394	0.24	2264	0	0	0.00	0.01	58.60
2	2	3188	70.33	4533	3394	0.27	2432	0	0	0.00	0.39	29.31	6.03
2	10	1395	30.68	4547	3394	0.25	2260	0	0	0.00	0.10	69.30
3	3	2866	63.98	4479	3394	0.26	2864	0	0	0.01	0.18	35.89	5.41
3	11	1042	23.03	4525	3394	0.23	2217	0	0	0.00	0.02	77.03
4	4	1769	38.92	4545	3394	0.24	2290	0	0	0.00	0.02	61.13	6.04
4	12	3007	66.04	4554	3394	0.25	2292	1	0	0.00	0.02	33.99
5	5	955	20.98	4549	3394	0.23	2113	0	0	0.00	0.01	79.09	5.93
5	13	3702	81.32	4552	3394	0.25	2245	0	0	0.00	0.22	18.48
6	6	2709	59.58	4546	3394	0.26	2223	0	0	0.00	0.07	40.39	6.04
6	14	2254	49.49	4555	3394	0.24	2207	1	0	0.00	0.00	50.56
7	7	2196	48.21	4555	3394	0.25	2160	0	0	0.00	0.12	51.73	5.85
7	15	2433	53.46	4552	3394	0.25	2178	1	0	0.00	0.00	46.59
Core	CPU	Avg_MHz	Busy%	Bzy_MHz	TSC_MHz	IPC	IRQ	NMI	SMI	POLL%	C1%	C2%	CorWatt	PkgWatt
-	-	2319	51.03	4545	3392	0.25	36332	2	0	0.00	0.09	48.92	47.19	68.14
0	0	2658	58.64	4532	3394	0.25	2248	0	0	0.00	0.04	41.36	5.80	68.19
0	8	1940	42.69	4543	3394	0.24	2192	0	0	0.00	0.01	57.36
1	1	3266	71.67	4557	3394	0.26	2251	0	0	0.00	0.12	28.24	6.01
1	9	1701	37.25	4566	3394	0.23	2195	0	0	0.00	0.01	62.82
2	2	3026	66.94	4521	3394	0.26	2437	0	0	0.00	0.17	32.93	5.78
2	10	1199	26.49	4526	3394	0.26	2226	1	0	0.00	0.21	73.38
3	3	1221	26.94	4531	3394	0.23	2735	0	0	0.00	0.11	73.05	5.95
3	11	3494	76.70	4555	3394	0.25	2275	0	0	0.00	0.29	23.04
4	4	3433	75.55	4544	3394	0.25	2273	0	0	0.00	0.24	24.24	5.95
4	12	1139	25.04	4551	3394	0.22	2323	0	0	0.00	0.01	75.04
5	5	2094	45.95	4557	3394	0.25	2172	0	0	0.00	0.00	54.10	5.94
5	13	2533	55.65	4552	3394	0.25	2208	0	0	0.00	0.01	44.39
6	6	3004	65.91	4558	3394	0.25	2248	1	0	0.00	0.12	34.00	6.03
6	14	1849	40.58	4556	3394	0.24	2154	0	0	0.00	0.03	59.46
7	7	2471	54.45	4538	3394	0.25	2222	0	0	0.00	0.08	45.53	5.75
7	15	2092	46.01	4547	3394	0.24	2173	0	0	0.00	0.00	54.05
Core	CPU	Avg_MHz	Busy%	Bzy_MHz	TSC_MHz	IPC	IRQ	NMI	SMI	POLL%	C1%	C2%	CorWatt	PkgWatt
-	-	2323	51.07	4548	3394	0.25	36463	5	0	0.00	0.12	48.88	47.46	68.07
0	0	1367	30.20	4525	3394	0.24	2157	0	0	0.00	0.03	69.83	5.87	68.05
0	8	3242	71.15	4557	3394	0.25	2240	0	0	0.00	0.04	28.84
1	1	2953	65.54	4506	3394	0.25	2324	1	0	0.00	0.06	34.44	5.39
1	9	1141	25.18	4529	3394	0.23	2380	0	0	0.00	0.01	74.88
2	2	2978	65.83	4524	3394	0.27	2406	1	0	0.00	0.36	33.85	5.92
2	10	1410	31.03	4542	3394	0.25	2294	0	0	0.00	0.31	68.74
3	3	2438	53.59	4549	3394	0.25	2795	1	0	0.00	0.29	46.18	6.08
3	11	2412	52.90	4559	3394	0.24	2195	0	0	0.00	0.00	47.14
4	4	2453	53.96	4545	3394	0.25	2230	0	0	0.00	0.13	45.96	6.06
4	12	2282	50.07	4558	3394	0.24	2215	0	0	0.00	0.05	49.94
5	5	2155	47.27	4560	3394	0.25	2168	1	0	0.00	0.12	52.67	6.07
5	13	2648	58.09	4559	3394	0.24	2282	1	0	0.00	0.07	41.89
6	6	2041	44.77	4558	3394	0.25	2145	0	0	0.00	0.23	55.06	5.99
6	14	2653	58.23	4557	3394	0.25	2224	0	0	0.00	0.04	41.77
7	7	1994	43.70	4563	3394	0.26	2156	0	0	0.00	0.02	56.34	6.07
7	15	2988	65.55	4559	3394	0.24	2252	0	0	0.00	0.12	34.37
Core	CPU	Avg_MHz	Busy%	Bzy_MHz	TSC_MHz	IPC	IRQ	NMI	SMI	POLL%	C1%	C2%	CorWatt	PkgWatt
-	-	2324	51.07	4550	3394	0.25	36373	2	0	0.00	0.12	48.86	47.62	68.41
0	0	2393	52.51	4558	3394	0.25	2181	0	0	0.00	0.17	47.38	6.05	68.42
0	8	2465	54.06	4560	3394	0.24	2186	0	0	0.00	0.04	45.94
1	1	1992	43.68	4560	3394	0.24	2238	0	0	0.00	0.03	56.35	5.98
1	9	2868	62.92	4559	3394	0.25	2267	0	0	0.00	0.09	37.04
2	2	2614	57.81	4522	3394	0.27	2410	0	0	0.00	0.29	41.95	5.75
2	10	1485	32.70	4542	3394	0.25	2185	0	0	0.00	0.12	67.26
3	3	1013	22.26	4552	3394	0.24	2751	0	0	0.01	0.13	77.70	6.06
3	11	3739	82.02	4559	3394	0.25	2262	1	0	0.00	0.15	17.85
4	4	2956	65.23	4532	3394	0.25	2292	0	0	0.00	0.16	34.65	5.89
4	12	1536	33.71	4557	3394	0.23	2251	0	0	0.00	0.14	66.22
5	5	2894	63.93	4527	3394	0.25	2274	0	0	0.00	0.13	35.98	5.78
5	13	1524	33.50	4550	3394	0.23	2280	0	0	0.00	0.05	66.53
6	6	2709	59.52	4552	3394	0.25	2251	0	0	0.00	0.20	40.33	6.04
6	14	2073	45.47	4560	3394	0.24	2202	0	0	0.00	0.13	54.46
7	7	1572	34.47	4559	3394	0.26	2127	1	0	0.00	0.05	65.55	6.06
7	15	3347	73.35	4562	3394	0.24	2216	0	0	0.00	0.04	26.63
Core	CPU	Avg_MHz	Busy%	Bzy_MHz	TSC_MHz	IPC	IRQ	NMI	SMI	POLL%	C1%	C2%	CorWatt	PkgWatt
-	-	2327	51.17	4547	3394	0.25	36523	0	0	0.00	0.12	48.77	47.13	67.76
0	0	3733	82.03	4551	3394	0.25	2303	0	0	0.00	0.25	17.74	5.87	67.72
0	8	880	19.32	4551	3394	0.23	2077	0	0	0.00	0.01	80.75
1	1	3728	81.90	4552	3394	0.26	2276	0	0	0.00	0.23	17.89	5.93
1	9	1174	25.75	4558	3394	0.21	2152	0	0	0.00	0.00	74.32
2	2	3216	70.98	4531	3394	0.26	2446	0	0	0.00	0.22	28.84	5.79
2	10	1080	23.99	4501	3394	0.24	2258	0	0	0.00	0.06	76.03
3	3	2721	59.91	4541	3394	0.24	2903	0	0	0.00	0.37	39.78	5.85
3	11	1924	42.30	4549	3394	0.23	2228	0	0	0.00	0.08	57.68
4	4	2242	49.26	4552	3394	0.25	2250	0	0	0.00	0.19	50.61	6.01
4	12	2475	54.37	4552	3394	0.24	2280	0	0	0.00	0.03	45.66
5	5	2406	52.96	4543	3394	0.24	2257	0	0	0.00	0.26	46.83	5.85
5	13	2160	47.55	4541	3394	0.24	2250	0	0	0.00	0.02	52.49
6	6	2810	61.72	4553	3394	0.25	2197	0	0	0.00	0.13	38.19	5.93
6	14	1892	41.58	4550	3394	0.24	2181	0	0	0.00	0.04	58.45
7	7	3274	71.95	4550	3394	0.25	2264	0	0	0.00	0.07	28.01	5.89
7	15	1506	33.09	4551	3394	0.23	2201	0	0	0.00	0.00	66.98
Core	CPU	Avg_MHz	Busy%	Bzy_MHz	TSC_MHz	IPC	IRQ	NMI	SMI	POLL%	C1%	C2%	CorWatt	PkgWatt
-	-	2341	51.49	4546	3390	0.25	36553	2	0	0.00	0.10	48.40	47.35	67.98
0	0	866	19.04	4546	3394	0.22	2340	0	0	0.00	0.08	80.97	5.87	68.09
0	8	3836	84.31	4550	3394	0.25	2290	0	0	0.00	0.26	15.46
1	1	3807	83.72	4547	3394	0.25	2256	0	0	0.00	0.27	16.03	5.80
1	9	810	17.80	4549	3394	0.22	2188	1	0	0.00	0.05	82.24
2	2	2470	54.36	4544	3394	0.24	2369	0	0	0.00	0.20	45.50	5.93
2	10	2177	47.92	4544	3394	0.24	2309	0	0	0.00	0.05	52.09
3	3	1877	41.26	4548	3394	0.24	2724	0	0	0.00	0.17	58.64	5.88
3	11	2872	63.11	4550	3394	0.24	2226	0	0	0.00	0.10	36.83
4	4	3320	72.98	4550	3394	0.25	2302	1	0	0.00	0.15	26.90	5.97
4	12	1351	29.70	4550	3394	0.23	2278	0	0	0.00	0.12	70.26
5	5	3350	73.64	4550	3394	0.25	2248	0	0	0.00	0.09	26.30	5.92
5	13	1278	28.09	4551	3394	0.24	2221	0	0	0.00	0.01	71.99
6	6	2623	57.64	4550	3394	0.25	2275	0	0	0.00	0.06	42.35	5.90
6	14	1996	43.87	4549	3394	0.24	2172	0	0	0.00	0.05	56.14
7	7	4565	99.98	4566	3394	0.28	2180	0	0	0.00	0.01	0.01	6.14
7	15	297	6.49	4574	3394	0.10	2175	0	0	0.00	0.01	93.61
Core	CPU	Avg_MHz	Busy%	Bzy_MHz	TSC_MHz	IPC	IRQ	NMI	SMI	POLL%	C1%	C2%	CorWatt	PkgWatt
-	-	2325	51.14	4546	3391	0.25	36263	1	0	0.00	0.09	48.80	47.30	67.85
0	0	826	18.16	4547	3394	0.21	2341	0	0	0.00	0.01	81.92	5.85	67.90
0	8	3825	84.08	4549	3394	0.25	2278	1	0	0.00	0.20	15.74
1	1	2753	60.45	4554	3394	0.26	2191	0	0	0.00	0.06	39.54	5.91
1	9	2033	44.68	4551	3394	0.24	2235	0	0	0.00	0.05	55.33
2	2	1891	41.71	4535	3394	0.25	2365	0	0	0.00	0.21	58.15	5.93
2	10	2586	56.87	4546	3394	0.25	2229	0	0	0.00	0.11	43.07
3	3	1582	34.80	4548	3394	0.24	2665	0	0	0.00	0.09	65.20	5.91
3	11	3046	66.96	4549	3394	0.25	2247	0	0	0.00	0.06	33.02
4	4	2156	47.39	4549	3394	0.24	2231	0	0	0.00	0.23	52.45	5.93
4	12	2479	54.47	4550	3394	0.24	2208	0	0	0.00	0.07	45.51
5	5	2550	56.09	4547	3394	0.26	2208	0	0	0.00	0.10	43.86	5.89
5	13	1999	44.00	4542	3394	0.24	2241	0	0	0.00	0.01	56.06
6	6	1916	42.09	4551	3394	0.24	2226	0	0	0.00	0.01	57.97	5.90
6	14	2718	59.76	4548	3394	0.25	2219	0	0	0.00	0.09	40.19
7	7	3283	71.98	4561	3394	0.28	2188	0	0	0.00	0.03	28.02	6.03
7	15	1585	34.80	4554	3394	0.23	2191	0	0	0.00	0.05	65.22
Core	CPU	Avg_MHz	Busy%	Bzy_MHz	TSC_MHz	IPC	IRQ	NMI	SMI	POLL%	C1%	C2%	CorWatt	PkgWatt
-	-	2325	51.02	4558	3399	0.25	36615	1	0	0.00	0.05	49.06	47.71	68.64
0	0	2247	49.37	4550	3394	0.25	2337	0	0	0.00	0.08	50.60	5.95	68.51
0	8	2324	50.93	4562	3394	0.25	2226	0	0	0.00	0.08	49.04
1	1	3300	72.43	4556	3394	0.25	2234	0	0	0.00	0.00	27.60	5.77
1	9	1128	24.80	4546	3394	0.24	2160	0	0	0.00	0.01	75.27
2	2	2281	50.73	4496	3394	0.23	2514	0	0	0.00	0.19	49.14	5.56
2	10	1764	38.95	4529	3394	0.24	2257	0	0	0.00	0.02	61.10
3	3	2835	62.42	4541	3394	0.24	2829	0	0	0.00	0.08	37.55	5.81
3	11	1553	34.20	4542	3394	0.24	2222	0	0	0.00	0.09	65.78
4	4	2134	47.23	4518	3394	0.24	2363	0	0	0.00	0.06	52.78	5.71
4	12	2116	46.53	4549	3394	0.23	2237	0	0	0.00	0.12	53.41
5	5	1594	35.09	4543	3394	0.24	2178	0	0	0.00	0.01	64.97	5.98
5	13	2908	63.83	4556	3394	0.25	2242	0	0	0.00	0.00	36.21
6	6	2304	50.48	4563	3394	0.24	2245	0	0	0.00	0.01	49.56	5.98
6	14	2300	50.50	4554	3394	0.25	2181	0	0	0.00	0.05	49.50
7	7	1785	38.94	4583	3394	0.23	2199	0	0	0.00	0.04	61.10	6.88
7	15	4576	99.99	4577	3394	0.28	2191	1	0	0.00	0.01	0.00
Core	CPU	Avg_MHz	Busy%	Bzy_MHz	TSC_MHz	IPC	IRQ	NMI	SMI	POLL%	C1%	C2%	CorWatt	PkgWatt
-	-	2327	51.16	4547	3394	0.25	36248	5	0	0.00	0.06	48.84	47.24	67.92
0	0	2120	46.66	4544	3394	0.24	2349	1	0	0.00	0.02	53.39	5.89	67.90
0	8	2556	56.21	4548	3394	0.25	2251	0	0	0.00	0.20	43.64
1	1	3914	86.06	4548	3394	0.25	2258	1	0	0.00	0.01	13.94	5.81
1	9	699	15.37	4550	3394	0.22	2130	0	0	0.00	0.00	84.72
2	2	2146	47.42	4525	3394	0.24	2338	0	0	0.00	0.08	52.57	5.85
2	10	2273	50.04	4543	3394	0.25	2181	0	0	0.00	0.03	49.98
3	3	1190	26.23	4538	3394	0.22	2726	0	0	0.00	0.22	73.66	5.79
3	11	3427	75.37	4547	3394	0.24	2264	0	0	0.00	0.10	24.55
4	4	909	19.98	4550	3394	0.23	2222	0	0	0.00	0.01	80.11	5.99
4	12	3724	81.88	4548	3394	0.25	2281	1	0	0.00	0.05	18.09
5	5	3163	69.64	4542	3394	0.25	2274	0	0	0.00	0.08	30.32	5.83
5	13	1320	29.10	4535	3394	0.24	2156	0	0	0.00	0.00	70.96
6	6	2156	47.43	4546	3394	0.25	2241	1	0	0.00	0.05	52.57	5.90
6	14	2461	54.16	4544	3394	0.24	2235	1	0	0.00	0.01	45.88
7	7	596	13.05	4567	3394	0.19	2169	0	0	0.00	0.01	87.05	6.18
7	15	4565	99.99	4566	3394	0.28	2173	0	0	0.00	0.02	0.00
Core	CPU	Avg_MHz	Busy%	Bzy_MHz	TSC_MHz	IPC	IRQ	NMI	SMI	POLL%	C1%	C2%	CorWatt	PkgWatt
-	-	2325	51.11	4548	3393	0.25	36535	2	0	0.00	0.09	48.85	47.43	68.39
0	0	913	20.04	4557	3394	0.23	2308	0	0	0.00	0.03	80.02	5.94	68.38
0	8	3697	81.11	4558	3394	0.25	2253	0	0	0.00	0.34	18.57
1	1	2138	46.88	4559	3394	0.25	2139	0	0	0.00	0.00	53.16	5.88
1	9	2490	54.67	4555	3394	0.25	2220	0	0	0.00	0.11	45.27
2	2	2892	63.91	4526	3394	0.24	2459	1	0	0.00	0.26	35.87	5.77
2	10	1401	30.91	4532	3394	0.24	2241	0	0	0.00	0.01	69.15
3	3	3176	70.20	4524	3394	0.25	2792	0	0	0.00	0.18	29.66	5.57
3	11	881	19.62	4492	3394	0.23	2201	0	0	0.00	0.01	80.45
4	4	2404	52.93	4542	3394	0.24	2341	0	0	0.00	0.08	47.06	5.87
4	12	2061	45.29	4551	3394	0.23	2291	0	0	0.00	0.03	54.74
5	5	2707	59.72	4533	3394	0.24	2323	1	0	0.00	0.02	40.31	5.78
5	13	1651	36.36	4542	3394	0.24	2220	0	0	0.00	0.06	63.66
6	6	2996	65.76	4555	3394	0.25	2222	0	0	0.00	0.17	34.11	5.94
6	14	1618	35.51	4556	3394	0.24	2141	0	0	0.00	0.07	64.49
7	7	1599	34.92	4578	3394	0.23	2210	0	0	0.00	0.00	65.16	6.69
7	15	4573	99.99	4573	3394	0.27	2174	0	0	0.00	0.02	0.00
Core	CPU	Avg_MHz	Busy%	Bzy_MHz	TSC_MHz	IPC	IRQ	NMI	SMI	POLL%	C1%	C2%	CorWatt	PkgWatt
-	-	2413	53.09	4546	3394	0.24	41998	3	0	0.00	0.07	46.90	48.01	68.72
0	0	1948	42.79	4553	3394	0.24	3009	0	0	0.00	0.05	57.22	6.01	68.74
0	8	2819	61.88	4555	3394	0.24	2288	0	0	0.00	0.11	38.05
1	1	2349	51.55	4557	3394	0.24	3175	0	0	0.00	0.05	48.46	5.94
1	9	2432	53.41	4554	3394	0.24	2214	0	0	0.00	0.01	46.63
2	2	2034	45.20	4499	3394	0.24	3329	0	0	0.00	0.07	54.79	5.72
2	10	2255	49.73	4535	3394	0.24	2416	0	0	0.00	0.03	50.30
3	3	3117	68.78	4531	3394	0.25	2942	1	0	0.00	0.25	31.01	5.72
3	11	1220	27.05	4510	3394	0.23	2998	1	0	0.00	0.00	73.03
4	4	2807	61.83	4540	3394	0.24	2410	0	0	0.00	0.03	38.19	6.01
4	12	1899	41.75	4549	3394	0.23	2352	0	0	0.00	0.08	58.23
5	5	1883	41.53	4536	3394	0.24	3079	0	0	0.00	0.01	58.53	6.02
5	13	2837	62.25	4557	3394	0.24	2309	0	0	0.00	0.12	37.68
6	6	3349	73.82	4537	3394	0.25	2712	0	0	0.00	0.20	26.00	5.83
6	14	1210	26.68	4537	3394	0.21	2326	0	0	0.00	0.06	73.34
7	7	1883	41.16	4575	3394	0.22	2262	1	0	0.00	0.00	58.92	6.76
7	15	4571	99.99	4572	3394	0.27	2177	0	0	0.00	0.02	0.00
Core	CPU	Avg_MHz	Busy%	Bzy_MHz	TSC_MHz	IPC	IRQ	NMI	SMI	POLL%	C1%	C2%	CorWatt	PkgWatt
-	-	2326	51.15	4548	3394	0.25	36356	4	0	0.00	0.07	48.84	47.53	68.31
0	0	1284	28.20	4552	3394	0.24	2258	0	0	0.00	0.01	71.87	5.93	68.28
0	8	3308	72.59	4557	3394	0.25	2226	1	0	0.00	0.22	27.22
1	1	1034	22.70	4554	3394	0.24	2085	0	0	0.00	0.10	77.29	5.88
1	9	3557	78.08	4556	3394	0.25	2281	0	0	0.00	0.00	21.94
2	2	2425	53.87	4501	3394	0.24	2455	0	0	0.00	0.09	46.09	5.57
2	10	1604	35.58	4509	3394	0.24	2254	1	0	0.00	0.03	64.45
3	3	2819	62.05	4543	3394	0.25	2740	0	0	0.00	0.12	37.88	5.85
3	11	1612	35.52	4538	3394	0.24	2187	0	0	0.00	0.10	64.45
4	4	983	21.62	4544	3394	0.21	2324	0	0	0.00	0.06	78.41	5.97
4	12	3619	79.52	4551	3394	0.25	2244	0	0	0.00	0.16	20.34
5	5	2865	63.21	4533	3394	0.25	2313	0	0	0.00	0.18	36.65	5.82
5	13	1553	34.18	4545	3394	0.23	2249	1	0	0.00	0.01	65.89
6	6	2757	60.54	4555	3394	0.25	2203	0	0	0.00	0.04	39.46	5.96
6	14	1847	40.56	4554	3394	0.24	2151	0	0	0.00	0.00	59.50
7	7	1382	30.18	4580	3394	0.23	2214	0	0	0.00	0.01	69.89	6.54
7	15	4571	99.99	4572	3394	0.27	2172	1	0	0.00	0.02	0.00
Core	CPU	Avg_MHz	Busy%	Bzy_MHz	TSC_MHz	IPC	IRQ	NMI	SMI	POLL%	C1%	C2%	CorWatt	PkgWatt
-	-	2326	51.15	4548	3394	0.25	36269	0	0	0.00	0.07	48.85	47.51	68.32
0	0	1874	41.19	4549	3394	0.25	2251	0	0	0.00	0.01	58.86	5.91	68.34
0	8	2721	59.76	4554	3394	0.25	2237	0	0	0.00	0.19	40.09
1	1	4493	98.68	4553	3394	0.25	2283	0	0	0.00	0.15	1.17	5.84
1	9	116	2.55	4530	3394	0.05	2075	0	0	0.00	0.01	97.55
2	2	2836	62.88	4510	3394	0.24	2433	0	0	0.00	0.14	37.02	5.55
2	10	1180	26.20	4504	3394	0.23	2186	0	0	0.00	0.00	73.88
3	3	3080	67.65	4553	3394	0.25	2723	0	0	0.00	0.08	32.31	6.00
3	11	1581	34.73	4551	3394	0.24	2247	0	0	0.00	0.05	65.29
4	4	3187	70.07	4547	3394	0.25	2255	0	0	0.00	0.06	29.90	5.99
4	12	1418	31.21	4543	3394	0.23	2181	0	0	0.00	0.08	68.80
5	5	2596	57.32	4529	3394	0.25	2275	0	0	0.00	0.10	42.63	5.90
5	13	1941	42.65	4551	3394	0.24	2209	0	0	0.00	0.01	57.40
6	6	2855	62.78	4548	3394	0.25	2264	0	0	0.00	0.11	37.15	5.95
6	14	1772	38.91	4554	3394	0.24	2312	0	0	0.00	0.02	61.14
7	7	1000	21.86	4578	3394	0.23	2169	0	0	0.00	0.00	78.23	6.37
7	15	4569	99.99	4570	3394	0.27	2169	0	0	0.00	0.02	0.00
Core	CPU	Avg_MHz	Busy%	Bzy_MHz	TSC_MHz	IPC	IRQ	NMI	SMI	POLL%	C1%	C2%	CorWatt	PkgWatt
-	-	2322	51.07	4547	3393	0.25	36471	1	0	0.00	0.07	48.90	47.49	68.31
0	0	1520	33.39	4552	3394	0.24	2246	0	0	0.00	0.01	66.67	5.93	68.31
0	8	3079	67.59	4555	3394	0.25	2231	0	0	0.00	0.19	32.26
1	1	2895	63.56	4556	3394	0.25	2242	0	0	0.00	0.15	36.33	5.86
1	9	1731	38.05	4548	3394	0.24	2189	0	0	0.00	0.01	62.00
2	2	3633	80.19	4530	3394	0.25	2453	0	0	0.00	0.25	19.58	5.77
2	10	624	13.79	4526	3394	0.22	2246	0	0	0.00	0.01	86.30
3	3	2723	59.76	4556	3394	0.25	2783	0	0	0.00	0.11	40.18	6.03
3	11	1904	41.88	4546	3394	0.25	2174	0	0	0.00	0.04	58.14
4	4	2080	46.13	4509	3394	0.24	2296	1	0	0.00	0.01	53.92	5.60
4	12	1995	43.98	4537	3394	0.24	2293	0	0	0.00	0.06	56.02
5	5	2158	47.53	4541	3394	0.24	2199	0	0	0.00	0.02	52.51	5.89
5	13	2278	50.08	4548	3394	0.25	2230	0	0	0.00	0.01	49.96
6	6	2818	62.12	4537	3394	0.25	2281	0	0	0.00	0.17	37.75	5.78
6	14	1587	34.84	4555	3394	0.23	2242	0	0	0.00	0.08	65.16
7	7	1570	34.29	4579	3394	0.23	2188	0	0	0.00	0.01	65.78	6.66
7	15	4571	99.99	4571	3394	0.27	2178	0	0	0.00	0.01	0.00
Core	CPU	Avg_MHz	Busy%	Bzy_MHz	TSC_MHz	IPC	IRQ	NMI	SMI	POLL%	C1%	C2%	CorWatt	PkgWatt
-	-	2327	51.21	4545	3394	0.25	36245	2	0	0.00	0.09	48.76	47.35	67.96
0	0	2168	47.73	4542	3394	0.24	2258	0	0	0.00	0.18	52.15	5.90	67.95
0	8	2506	55.23	4536	3394	0.25	2203	0	0	0.00	0.10	44.71
1	1	881	19.39	4544	3394	0.21	2175	0	0	0.00	0.07	80.63	5.82
1	9	3805	83.71	4545	3394	0.25	2326	1	0	0.00	0.30	16.00
2	2	2819	62.21	4531	3394	0.25	2369	0	0	0.00	0.21	37.63	5.91
2	10	1699	37.43	4539	3394	0.24	2246	0	0	0.00	0.04	62.60
3	3	2605	57.40	4539	3394	0.25	2826	0	0	0.01	0.12	42.53	5.88
3	11	1962	43.20	4542	3394	0.24	2226	0	0	0.00	0.06	56.80
4	4	2281	50.18	4546	3394	0.25	2241	0	0	0.00	0.03	49.84	5.99
4	12	2347	51.64	4544	3394	0.25	2248	0	0	0.00	0.11	48.31
5	5	1442	31.74	4545	3394	0.24	2134	0	0	0.00	0.00	68.34	5.93
5	13	3165	69.64	4545	3394	0.25	2216	0	0	0.00	0.01	30.39
6	6	2354	51.87	4539	3394	0.25	2229	1	0	0.00	0.01	48.18	5.84
6	14	2173	47.84	4543	3394	0.25	2233	0	0	0.00	0.13	52.09
7	7	466	10.20	4568	3394	0.20	2140	0	0	0.00	0.01	89.89	6.07
7	15	4562	99.99	4563	3394	0.27	2175	0	0	0.00	0.01	0.00
Core	CPU	Avg_MHz	Busy%	Bzy_MHz	TSC_MHz	IPC	IRQ	NMI	SMI	POLL%	C1%	C2%	CorWatt	PkgWatt
-	-	2415	53.13	4545	3394	0.24	38259	2	0	0.00	0.13	46.79	47.91	68.51
0	0	1719	38.21	4499	3394	0.23	2317	0	0	0.00	0.01	61.85	5.88	68.51
0	8	2989	65.73	4548	3394	0.25	2516	0	0	0.00	0.32	34.00
1	1	3943	86.70	4548	3394	0.25	2414	1	0	0.00	0.38	12.94	5.82
1	9	784	17.25	4544	3394	0.21	2237	0	0	0.00	0.02	82.82
2	2	2673	59.16	4518	3394	0.24	2535	0	0	0.00	0.11	40.78	5.77
2	10	1700	37.57	4524	3394	0.23	2419	0	0	0.00	0.17	62.33
3	3	2864	63.05	4542	3394	0.24	2913	0	0	0.00	0.24	36.76	6.00
3	11	1866	41.04	4547	3394	0.23	2494	0	0	0.00	0.16	58.88
4	4	2300	50.54	4550	3394	0.24	2453	0	0	0.00	0.21	49.31	6.06
4	12	2430	53.45	4546	3394	0.24	2226	0	0	0.00	0.15	46.45
5	5	3193	70.26	4545	3394	0.24	2345	0	0	0.00	0.20	29.58	5.98
5	13	1558	34.31	4541	3394	0.22	2411	0	0	0.00	0.12	65.66
6	6	2191	48.15	4549	3394	0.24	2290	0	0	0.00	0.02	51.89	6.10
6	14	2846	62.59	4548	3394	0.24	2226	0	0	0.00	0.00	37.46
7	7	1011	22.13	4567	3394	0.20	2272	0	0	0.00	0.02	77.95	6.29
7	15	4564	99.99	4565	3394	0.26	2191	1	0	0.00	0.02	0.00
Core	CPU	Avg_MHz	Busy%	Bzy_MHz	TSC_MHz	IPC	IRQ	NMI	SMI	POLL%	C1%	C2%	CorWatt	PkgWatt
-	-	2336	51.40	4544	3394	0.24	36570	4	0	0.00	0.08	48.57	47.37	68.09
0	0	3624	79.73	4545	3394	0.25	2282	0	0	0.00	0.12	20.18	5.92	68.09
0	8	978	21.60	4529	3394	0.22	2216	0	0	0.00	0.17	78.32
1	1	3273	71.92	4551	3394	0.25	2204	0	0	0.00	0.00	28.10	5.80
1	9	1351	29.74	4544	3394	0.23	2218	0	0	0.00	0.06	70.28
2	2	2898	63.91	4535	3394	0.24	2493	1	0	0.00	0.02	36.12	5.87
2	10	1596	35.15	4540	3394	0.24	2152	0	0	0.00	0.01	64.90
3	3	2972	65.33	4548	3394	0.25	2770	1	0	0.00	0.23	34.48	6.00
3	11	1709	37.59	4547	3394	0.24	2182	0	0	0.00	0.12	62.36
4	4	2510	55.23	4544	3394	0.24	2282	0	0	0.00	0.17	44.65	6.00
4	12	2111	46.40	4549	3394	0.24	2227	1	0	0.00	0.06	53.59
5	5	3692	81.16	4549	3394	0.25	2236	1	0	0.00	0.09	18.77	6.03
5	13	960	21.14	4542	3394	0.22	2215	0	0	0.00	0.01	78.95
6	6	3600	79.64	4520	3394	0.24	2440	0	0	0.00	0.17	20.21	5.43
6	14	445	10.20	4361	3394	0.16	2303	0	0	0.00	0.08	89.82
7	7	1085	23.75	4569	3394	0.21	2183	0	0	0.00	0.01	76.34	6.32
7	15	4566	99.99	4566	3394	0.27	2167	0	0	0.00	0.02	0.00
Core	CPU	Avg_MHz	Busy%	Bzy_MHz	TSC_MHz	IPC	IRQ	NMI	SMI	POLL%	C1%	C2%	CorWatt	PkgWatt
-	-	2323	51.13	4544	3394	0.24	36135	2	0	0.00	0.07	48.86	47.25	67.96
0	0	2050	45.07	4548	3394	0.25	2226	1	0	0.00	0.01	54.98	5.96	67.96
0	8	2607	57.28	4551	3394	0.24	2264	0	0	0.00	0.09	42.68
1	1	2639	57.96	4553	3394	0.25	2167	0	0	0.00	0.11	41.97	5.79
1	9	1978	43.53	4544	3394	0.24	2187	0	0	0.00	0.01	56.53
2	2	3122	69.04	4523	3394	0.24	2404	0	0	0.00	0.25	30.75	5.78
2	10	1207	26.62	4533	3394	0.23	2212	0	0	0.00	0.06	73.40
3	3	3169	69.75	4544	3394	0.24	2692	0	0	0.00	0.10	30.19	5.89
3	11	1441	31.66	4550	3394	0.23	2232	0	0	0.00	0.07	68.34
4	4	2493	54.81	4548	3394	0.25	2242	0	0	0.00	0.03	45.22	6.07
4	12	2128	46.77	4551	3394	0.24	2226	0	0	0.00	0.05	53.24
5	5	3461	76.36	4532	3394	0.25	2251	0	0	0.00	0.03	23.64	5.65
5	13	749	16.68	4494	3394	0.22	2155	0	0	0.00	0.00	83.41
6	6	2398	53.08	4518	3394	0.24	2246	0	0	0.00	0.07	46.90	5.72
6	14	1931	42.53	4541	3394	0.24	2213	1	0	0.00	0.01	57.53
7	7	1231	26.93	4572	3394	0.21	2252	0	0	0.00	0.20	72.96	6.38
7	15	4566	99.99	4567	3394	0.27	2166	0	0	0.00	0.02	0.00
Core	CPU	Avg_MHz	Busy%	Bzy_MHz	TSC_MHz	IPC	IRQ	NMI	SMI	POLL%	C1%	C2%	CorWatt	PkgWatt
-	-	2323	51.15	4542	3392	0.24	36101	0	0	0.00	0.10	48.78	47.26	68.06
0	0	3550	78.02	4550	3394	0.25	2245	0	0	0.00	0.12	21.88	5.94	68.15
0	8	1164	25.59	4549	3394	0.22	2202	0	0	0.00	0.01	74.47
1	1	3718	81.78	4546	3394	0.24	2286	0	0	0.00	0.25	17.98	5.79
1	9	877	19.28	4550	3394	0.23	2128	0	0	0.00	0.12	80.68
2	2	3379	74.63	4528	3394	0.24	2403	0	0	0.00	0.12	25.28	5.79
2	10	993	21.91	4531	3394	0.24	2112	0	0	0.00	0.00	78.17
3	3	2248	49.51	4540	3394	0.24	2686	0	0	0.00	0.14	50.41	5.89
3	11	2259	49.64	4550	3394	0.25	2206	0	0	0.00	0.09	50.32
4	4	2776	61.08	4546	3394	0.25	2247	0	0	0.00	0.11	38.86	5.96
4	12	1768	38.89	4547	3394	0.24	2284	0	0	0.00	0.09	61.09
5	5	1264	27.75	4553	3394	0.23	2179	0	0	0.00	0.07	72.26	5.96
5	13	3345	73.56	4547	3394	0.25	2240	0	0	0.00	0.05	26.43
6	6	3340	73.94	4517	3394	0.25	2283	0	0	0.00	0.12	25.97	5.60
6	14	810	18.09	4476	3394	0.21	2194	0	0	0.00	0.01	81.99
7	7	1129	24.71	4570	3394	0.21	2234	0	0	0.00	0.35	75.03	6.35
7	15	4567	99.99	4567	3394	0.27	2172	0	0	0.00	0.01	0.00
Core	CPU	Avg_MHz	Busy%	Bzy_MHz	TSC_MHz	IPC	IRQ	NMI	SMI	POLL%	C1%	C2%	CorWatt	PkgWatt
-	-	2325	51.12	4548	3395	0.24	36112	4	0	0.00	0.11	48.84	47.36	68.13
0	0	271	5.96	4548	3394	0.18	2054	0	0	0.00	0.01	94.13	5.93	68.03
0	8	4324	95.03	4550	3394	0.25	2269	1	0	0.00	0.14	4.83
1	1	2662	58.45	4554	3394	0.26	2187	0	0	0.00	0.09	41.51	6.00
1	9	2326	51.08	4555	3394	0.24	2203	0	0	0.00	0.01	48.97
2	2	3894	85.70	4544	3394	0.25	2418	0	0	0.00	0.37	13.95	6.07
2	10	837	18.39	4552	3394	0.19	2210	0	0	0.00	0.06	81.65
3	3	1801	39.71	4536	3394	0.23	2731	0	0	0.00	0.15	60.22	5.90
3	11	2752	60.50	4548	3394	0.24	2262	0	0	0.00	0.15	39.40
4	4	2882	63.41	4544	3394	0.25	2285	0	0	0.00	0.24	36.39	6.02
4	12	1714	37.68	4550	3394	0.23	2344	0	0	0.00	0.20	62.20
5	5	748	16.43	4552	3394	0.23	2145	0	0	0.00	0.01	83.65	6.00
5	13	4087	89.81	4551	3394	0.24	2255	1	0	0.00	0.06	10.15
6	6	3969	87.52	4535	3394	0.26	2266	1	0	0.00	0.20	12.28	5.61
6	14	240	5.53	4337	3394	0.10	2172	0	0	0.00	0.00	94.57
7	7	554	12.18	4551	3394	0.22	2052	0	0	0.00	0.03	87.88	5.80
7	15	4120	90.52	4552	3394	0.24	2259	1	0	0.00	0.12	9.37
Core	CPU	Avg_MHz	Busy%	Bzy_MHz	TSC_MHz	IPC	IRQ	NMI	SMI	POLL%	C1%	C2%	CorWatt	PkgWatt
-	-	2325	51.17	4544	3391	0.24	36168	4	0	0.00	0.09	48.76	47.17	67.89
0	0	1312	28.84	4548	3394	0.24	2176	0	0	0.00	0.01	71.22	5.92	67.94
0	8	3300	72.55	4548	3394	0.25	2226	0	0	0.00	0.06	27.42
1	1	2740	60.15	4556	3394	0.25	2190	1	0	0.00	0.04	39.85	5.93
1	9	2296	50.40	4556	3394	0.23	2199	0	0	0.00	0.01	49.65
2	2	4489	98.64	4550	3394	0.26	2436	1	0	0.00	0.24	1.12	6.03
2	10	139	3.07	4537	3394	0.05	2167	0	0	0.00	0.00	97.03
3	3	1891	41.64	4542	3394	0.24	2684	0	0	0.00	0.11	58.32	5.94
3	11	2711	59.60	4548	3394	0.25	2217	1	0	0.00	0.04	40.41
4	4	1346	29.60	4548	3394	0.24	2275	1	0	0.00	0.05	70.44	6.04
4	12	3294	72.41	4549	3394	0.25	2324	0	0	0.00	0.27	27.35
5	5	1424	31.29	4553	3394	0.25	2133	0	0	0.00	0.03	68.76	5.91
5	13	3292	72.34	4551	3394	0.24	2214	0	0	0.00	0.04	27.65
6	6	4037	89.03	4535	3394	0.26	2279	0	0	0.00	0.38	10.60	5.64
6	14	230	5.25	4380	3394	0.10	2167	0	0	0.00	0.01	94.84
7	7	2546	56.03	4543	3394	0.24	2228	0	0	0.00	0.04	43.98	5.78
7	15	2176	47.87	4546	3394	0.23	2253	0	0	0.00	0.09	52.10
Core	CPU	Avg_MHz	Busy%	Bzy_MHz	TSC_MHz	IPC	IRQ	NMI	SMI	POLL%	C1%	C2%	CorWatt	PkgWatt
-	-	2327	51.19	4545	3394	0.24	36268	0	0	0.00	0.10	48.77	47.26	67.85
0	0	1766	38.89	4540	3394	0.24	2172	0	0	0.00	0.08	61.09	5.95	67.84
0	8	2904	63.85	4549	3394	0.25	2253	0	0	0.00	0.03	36.15
1	1	2631	57.77	4554	3394	0.25	2181	0	0	0.00	0.09	42.18	5.94
1	9	2321	50.99	4553	3394	0.24	2220	0	0	0.00	0.11	48.96
2	2	3454	76.07	4541	3394	0.25	2442	0	0	0.00	0.21	23.75	5.97
2	10	1141	25.19	4531	3394	0.23	2219	0	0	0.00	0.09	74.80
3	3	3792	83.53	4540	3394	0.25	2780	0	0	0.01	0.20	16.29	5.90
3	11	806	17.75	4540	3394	0.20	2196	0	0	0.00	0.01	82.34
4	4	2331	51.23	4551	3394	0.24	2280	0	0	0.00	0.16	48.67	6.04
4	12	2341	51.52	4544	3394	0.24	2317	0	0	0.00	0.24	48.30
5	5	3250	71.48	4547	3394	0.25	2234	0	0	0.00	0.20	28.35	5.87
5	13	1348	29.61	4552	3394	0.22	2219	0	0	0.00	0.01	70.46
6	6	3037	67.02	4531	3394	0.25	2241	0	0	0.00	0.08	32.94	5.77
6	14	1350	29.79	4530	3394	0.24	2197	0	0	0.00	0.00	70.29
7	7	645	14.16	4556	3394	0.25	2064	0	0	0.00	0.00	85.93	5.82
7	15	4106	90.26	4549	3394	0.24	2253	0	0	0.00	0.11	9.64
Core	CPU	Avg_MHz	Busy%	Bzy_MHz	TSC_MHz	IPC	IRQ	NMI	SMI	POLL%	C1%	C2%	CorWatt	PkgWatt
-	-	2322	51.14	4542	3394	0.25	36257	1	0	0.00	0.12	48.81	47.17	67.83
0	0	763	16.80	4541	3394	0.21	2139	0	0	0.00	0.01	83.28	5.87	67.81
0	8	3922	86.32	4544	3394	0.25	2270	0	0	0.00	0.05	13.65
1	1	2523	55.42	4553	3394	0.25	2194	0	0	0.00	0.03	44.60	5.94
1	9	2486	54.65	4549	3394	0.24	2206	0	0	0.00	0.02	45.38
2	2	3617	79.73	4537	3394	0.25	2404	0	0	0.00	0.20	20.09	5.95
2	10	908	20.07	4524	3394	0.23	2208	0	0	0.00	0.03	79.99
3	3	3556	78.25	4545	3394	0.25	2819	1	0	0.00	0.40	21.38	5.96
3	11	1136	25.01	4542	3394	0.23	2162	0	0	0.00	0.01	75.06
4	4	1359	29.91	4544	3394	0.23	2174	0	0	0.00	0.05	70.11	6.00
4	12	3280	72.20	4542	3394	0.25	2288	0	0	0.00	0.26	27.57
5	5	2614	57.60	4539	3394	0.25	2218	0	0	0.00	0.37	42.08	5.90
5	13	1948	42.96	4534	3394	0.24	2227	0	0	0.00	0.01	57.10
6	6	3442	75.97	4531	3394	0.25	2295	0	0	0.00	0.20	23.87	5.74
6	14	974	21.54	4520	3394	0.22	2242	0	0	0.00	0.16	78.40
7	7	1104	24.30	4543	3394	0.23	2172	0	0	0.00	0.02	75.76	5.80
7	15	3520	77.48	4543	3394	0.25	2239	0	0	0.00	0.07	22.47
Core	CPU	Avg_MHz	Busy%	Bzy_MHz	TSC_MHz	IPC	IRQ	NMI	SMI	POLL%	C1%	C2%	CorWatt	PkgWatt
-	-	2321	51.11	4542	3394	0.24	36305	3	0	0.00	0.07	48.89	47.23	67.94
0	0	1596	35.09	4550	3394	0.24	2181	0	0	0.00	0.01	64.97	5.94	67.91
0	8	3105	68.28	4548	3394	0.25	2220	1	0	0.00	0.02	31.73
1	1	2609	57.27	4556	3394	0.26	2197	0	0	0.00	0.05	42.73	6.05
1	9	2512	55.17	4554	3394	0.24	2220	1	0	0.00	0.00	44.88
2	2	3025	67.07	4511	3394	0.25	2406	0	0	0.00	0.07	32.90	5.73
2	10	1224	27.09	4519	3394	0.23	2166	0	0	0.00	0.01	72.98
3	3	2402	52.82	4547	3394	0.24	2742	0	0	0.00	0.10	47.14	6.03
3	11	2343	51.53	4547	3394	0.24	2240	0	0	0.00	0.12	48.41
4	4	1482	32.60	4547	3394	0.24	2146	0	0	0.00	0.04	67.44	6.02
4	12	3162	69.55	4546	3394	0.24	2267	1	0	0.00	0.03	30.45
5	5	1823	40.19	4535	3394	0.24	2328	0	0	0.00	0.08	59.80	5.98
5	13	2857	62.79	4550	3394	0.25	2222	0	0	0.00	0.09	37.17
6	6	2016	44.74	4507	3394	0.24	2271	0	0	0.00	0.12	55.21	5.70
6	14	2364	52.04	4542	3394	0.24	2275	0	0	0.00	0.24	47.77
7	7	1965	43.42	4527	3394	0.25	2247	0	0	0.00	0.12	56.53	5.76
7	15	2645	58.16	4548	3394	0.24	2177	0	0	0.00	0.00	41.88
Core	CPU	Avg_MHz	Busy%	Bzy_MHz	TSC_MHz	IPC	IRQ	NMI	SMI	POLL%	C1%	C2%	CorWatt	PkgWatt
-	-	2327	51.25	4541	3393	0.24	36804	3	0	0.00	0.10	48.70	47.13	67.61
0	0	1420	31.25	4545	3394	0.24	2214	0	0	0.00	0.05	68.77	5.98	67.65
0	8	3443	75.68	4549	3394	0.24	2235	0	0	0.00	0.05	24.30
1	1	2164	47.51	4554	3394	0.26	2195	0	0	0.00	0.03	52.51	5.92
1	9	2732	60.03	4551	3394	0.24	2329	0	0	0.00	0.17	39.85
2	2	3239	71.66	4520	3394	0.25	2445	0	0	0.00	0.18	28.20	5.67
2	10	944	20.96	4505	3394	0.23	2192	0	0	0.00	0.02	79.11
3	3	2587	57.34	4512	3394	0.25	2864	0	0	0.00	0.25	42.47	5.77
3	11	1838	40.52	4537	3394	0.23	2317	0	0	0.00	0.02	59.53
4	4	3095	68.05	4548	3394	0.25	2250	0	0	0.00	0.32	31.67	6.04
4	12	1560	34.30	4548	3394	0.23	2277	0	0	0.00	0.02	65.76
5	5	2683	58.96	4550	3394	0.25	2282	1	0	0.00	0.12	40.97	6.00
5	13	2103	46.21	4551	3394	0.24	2230	0	0	0.00	0.14	53.71
6	6	2043	45.08	4532	3394	0.24	2260	0	0	0.00	0.07	54.91	5.83
6	14	2549	56.09	4544	3394	0.24	2226	0	0	0.00	0.00	43.96
7	7	2922	64.22	4550	3394	0.25	2279	1	0	0.00	0.05	35.78	5.94
7	15	1920	42.20	4549	3394	0.24	2209	1	0	0.00	0.03	57.83
Core	CPU	Avg_MHz	Busy%	Bzy_MHz	TSC_MHz	IPC	IRQ	NMI	SMI	POLL%	C1%	C2%	CorWatt	PkgWatt
-	-	2344	51.58	4544	3393	0.24	37100	1	0	0.00	0.09	48.38	47.51	68.25
0	0	990	21.86	4530	3394	0.23	2195	0	0	0.00	0.01	78.21	5.89	68.24
0	8	3641	79.95	4554	3394	0.25	2264	0	0	0.00	0.05	20.02
1	1	3170	69.62	4553	3394	0.25	2262	0	0	0.00	0.07	30.34	6.17
1	9	2117	46.42	4560	3394	0.24	2227	0	0	0.00	0.07	53.57
2	2	2764	61.40	4501	3394	0.25	2518	0	0	0.00	0.29	38.36	5.59
2	10	1242	27.54	4509	3394	0.23	2367	0	0	0.00	0.04	72.50
3	3	2765	61.22	4516	3394	0.24	2822	0	0	0.00	0.10	38.73	5.79
3	11	1577	34.74	4538	3394	0.24	2354	0	0	0.00	0.07	65.27
4	4	2642	58.03	4552	3394	0.24	2282	0	0	0.00	0.04	41.98	6.08
4	12	2046	44.96	4551	3394	0.24	2302	0	0	0.00	0.21	54.90
5	5	3005	65.95	4557	3394	0.24	2320	0	0	0.00	0.17	33.93	6.07
5	13	1906	41.84	4556	3394	0.24	2204	0	0	0.00	0.07	58.16
6	6	3264	71.75	4549	3394	0.25	2259	1	0	0.00	0.06	28.23	5.94
6	14	1398	30.82	4536	3394	0.23	2228	0	0	0.00	0.04	69.22
7	7	2500	54.86	4557	3394	0.25	2201	0	0	0.00	0.06	45.13	5.99
7	15	2477	54.35	4556	3394	0.24	2295	0	0	0.00	0.08	45.62
Core	CPU	Avg_MHz	Busy%	Bzy_MHz	TSC_MHz	IPC	IRQ	NMI	SMI	POLL%	C1%	C2%	CorWatt	PkgWatt
-	-	2321	51.10	4541	3393	0.24	36451	2	0	0.00	0.11	48.84	47.27	67.94
0	0	1150	25.31	4544	3394	0.23	2132	0	0	0.00	0.00	74.76	5.85	67.98
0	8	3524	77.45	4550	3394	0.24	2221	0	0	0.00	0.08	22.50
1	1	2383	52.38	4549	3394	0.25	2169	0	0	0.00	0.03	47.65	5.94
1	9	2468	54.20	4553	3394	0.24	2222	0	0	0.00	0.00	45.85
2	2	3508	77.63	4518	3394	0.25	2444	1	0	0.00	0.38	22.02	5.73
2	10	711	15.85	4487	3394	0.21	2376	0	0	0.00	0.04	84.21
3	3	2122	47.07	4509	3394	0.23	2866	0	0	0.00	0.22	52.79	5.71
3	11	2180	48.00	4541	3394	0.24	2273	0	0	0.00	0.11	51.95
4	4	2219	48.77	4549	3394	0.24	2275	0	0	0.00	0.08	51.22	6.07
4	12	2490	54.72	4550	3394	0.24	2283	0	0	0.00	0.27	45.06
5	5	2231	49.05	4549	3394	0.25	2203	0	0	0.00	0.04	50.97	6.10
5	13	2673	58.71	4553	3394	0.24	2232	1	0	0.00	0.01	41.33
6	6	3499	76.92	4549	3394	0.25	2244	0	0	0.00	0.38	22.72	5.98
6	14	1158	25.47	4547	3394	0.23	2172	0	0	0.00	0.00	74.61
7	7	1548	34.05	4547	3394	0.24	2137	0	0	0.00	0.06	65.96	5.91
7	15	3277	71.99	4552	3394	0.24	2202	0	0	0.00	0.00	28.04
Core	CPU	Avg_MHz	Busy%	Bzy_MHz	TSC_MHz	IPC	IRQ	NMI	SMI	POLL%	C1%	C2%	CorWatt	PkgWatt
-	-	2322	51.14	4540	3394	0.24	36337	2	0	0.00	0.09	48.83	47.20	67.81
0	0	1674	37.00	4524	3394	0.24	2187	0	0	0.00	0.07	62.99	5.86	67.88
0	8	2874	63.30	4541	3394	0.25	2200	0	0	0.00	0.06	36.68
1	1	1787	39.32	4544	3394	0.25	2135	1	0	0.00	0.01	60.74	5.81
1	9	2921	64.24	4547	3394	0.24	2271	0	0	0.00	0.05	35.76
2	2	2446	54.29	4506	3394	0.25	2403	0	0	0.00	0.21	45.56	5.74
2	10	1798	39.71	4528	3394	0.24	2341	1	0	0.00	0.08	60.29
3	3	2041	45.21	4515	3394	0.24	2864	0	0	0.00	0.28	54.58	5.88
3	11	2535	55.80	4543	3394	0.24	2264	0	0	0.00	0.15	44.10
4	4	1539	33.83	4549	3394	0.24	2179	0	0	0.00	0.04	66.21	6.11
4	12	3292	72.39	4548	3394	0.25	2223	0	0	0.00	0.07	27.56
5	5	3050	67.12	4544	3394	0.25	2254	0	0	0.00	0.12	32.80	5.88
5	13	1531	33.69	4544	3394	0.24	2160	0	0	0.00	0.05	66.33
6	6	3434	75.52	4547	3394	0.25	2269	0	0	0.00	0.09	24.42	6.01
6	14	1396	30.69	4551	3394	0.22	2209	0	0	0.00	0.00	69.39
7	7	2330	51.18	4553	3394	0.25	2186	0	0	0.00	0.10	48.78	5.93
7	15	2501	54.98	4549	3394	0.24	2192	0	0	0.00	0.01	45.06
Core	CPU	Avg_MHz	Busy%	Bzy_MHz	TSC_MHz	IPC	IRQ	NMI	SMI	POLL%	C1%	C2%	CorWatt	PkgWatt
-	-	2323	51.12	4544	3395	0.24	36176	3	0	0.00	0.11	48.84	47.35	67.91
0	0	395	8.88	4450	3394	0.17	2141	0	0	0.00	0.00	91.22	5.94	67.79
0	8	4223	93.00	4541	3394	0.25	2305	1	0	0.00	0.32	6.69
1	1	2725	59.77	4560	3394	0.26	2175	0	0	0.00	0.04	40.24	5.92
1	9	2060	45.28	4551	3394	0.24	2237	0	0	0.00	0.12	54.67
2	2	2224	49.18	4522	3394	0.24	2380	0	0	0.00	0.01	50.86	5.90
2	10	2223	48.96	4541	3394	0.25	2274	0	0	0.00	0.10	50.99
3	3	1884	41.55	4535	3394	0.24	2678	0	0	0.01	0.08	58.45	5.93
3	11	2751	60.55	4544	3394	0.24	2223	1	0	0.00	0.16	39.34
4	4	3263	71.79	4545	3394	0.24	2253	1	0	0.00	0.10	28.14	5.96
4	12	1343	29.56	4544	3394	0.23	2219	0	0	0.00	0.01	70.51
5	5	4022	88.57	4541	3394	0.25	2289	0	0	0.00	0.37	11.08	5.88
5	13	546	12.06	4529	3394	0.20	2147	0	0	0.00	0.01	88.03
6	6	1798	39.52	4549	3394	0.23	2168	0	0	0.00	0.15	60.40	5.88
6	14	2878	63.33	4544	3394	0.24	2249	0	0	0.00	0.03	36.69
7	7	1347	29.67	4541	3394	0.22	2203	0	0	0.00	0.07	70.34	5.90
7	15	3470	76.31	4547	3394	0.25	2235	0	0	0.00	0.24	23.48
Core	CPU	Avg_MHz	Busy%	Bzy_MHz	TSC_MHz	IPC	IRQ	NMI	SMI	POLL%	C1%	C2%	CorWatt	PkgWatt
-	-	2319	51.08	4541	3393	0.24	36386	2	0	0.00	0.10	48.88	47.28	68.00
0	0	2135	46.89	4553	3394	0.24	2186	1	0	0.00	0.05	53.12	5.93	68.02
0	8	2697	59.29	4549	3394	0.23	2213	0	0	0.00	0.11	40.65
1	1	1324	29.13	4546	3394	0.24	2101	0	0	0.00	0.01	70.93	5.91
1	9	3497	76.83	4551	3394	0.24	2279	0	0	0.00	0.01	23.19
2	2	3280	72.66	4514	3394	0.26	2402	0	0	0.00	0.33	27.04	5.75
2	10	886	19.61	4520	3394	0.23	2235	0	0	0.00	0.04	80.44
3	3	2280	50.54	4511	3394	0.24	2793	1	0	0.00	0.11	49.41	5.84
3	11	2219	48.85	4541	3394	0.24	2277	0	0	0.00	0.18	51.03
4	4	2591	57.07	4540	3394	0.25	2244	0	0	0.00	0.13	42.84	6.01
4	12	1993	43.83	4546	3394	0.24	2255	0	0	0.00	0.07	56.16
5	5	2239	49.16	4554	3394	0.25	2204	0	0	0.00	0.11	50.78	6.05
5	13	2624	57.66	4552	3394	0.24	2237	0	0	0.00	0.10	42.29
6	6	3210	70.73	4539	3394	0.25	2315	0	0	0.00	0.02	29.29	5.85
6	14	1223	26.98	4534	3394	0.23	2219	0	0	0.00	0.17	72.93
7	7	1642	36.09	4550	3394	0.24	2201	0	0	0.00	0.06	63.92	5.94
7	15	3273	71.92	4551	3394	0.24	2225	0	0	0.00	0.07	28.04
Core	CPU	Avg_MHz	Busy%	Bzy_MHz	TSC_MHz	IPC	IRQ	NMI	SMI	POLL%	C1%	C2%	CorWatt	PkgWatt
-	-	2239	49.33	4540	3394	0.24	36897	5	0	0.00	0.11	50.64	45.71	66.17
0	0	1486	32.69	4547	3394	0.23	2188	0	0	0.00	0.02	67.36	5.73	66.12
0	8	3067	67.45	4547	3394	0.24	2225	0	0	0.00	0.09	32.50
1	1	863	18.95	4553	3394	0.24	2128	0	0	0.00	0.02	81.11	5.73
1	9	3887	85.43	4550	3394	0.24	2307	1	0	0.00	0.06	14.53
2	2	2719	60.49	4495	3394	0.26	2474	0	0	0.00	0.13	39.42	5.46
2	10	1205	26.64	4523	3394	0.23	2339	0	0	0.00	0.05	73.39
3	3	1683	37.18	4527	3394	0.23	2791	0	0	0.01	0.09	62.82	5.71
3	11	2714	59.72	4545	3394	0.24	2319	0	0	0.00	0.26	40.06
4	4	2274	50.14	4535	3394	0.24	2280	0	0	0.00	0.21	49.71	5.82
4	12	2192	48.31	4538	3394	0.24	2301	1	0	0.00	0.03	51.72
5	5	2339	51.74	4521	3394	0.25	2245	1	0	0.00	0.10	48.21	5.73
5	13	2167	47.71	4541	3394	0.23	2294	0	0	0.00	0.10	52.24
6	6	2672	58.75	4548	3394	0.24	2305	0	0	0.00	0.33	40.97	5.81
6	14	1955	43.01	4547	3394	0.24	2204	1	0	0.00	0.07	56.99
7	7	1922	42.31	4543	3394	0.23	2246	0	0	0.00	0.02	57.73	5.70
7	15	2673	58.71	4552	3394	0.24	2251	1	0	0.00	0.10	41.23
Core	CPU	Avg_MHz	Busy%	Bzy_MHz	TSC_MHz	IPC	IRQ	NMI	SMI	POLL%	C1%	C2%	CorWatt	PkgWatt
-	-	88	2.41	3632	3394	0.22	38867	0	0	0.00	0.29	97.38	6.76	25.00
0	0	55	1.56	3556	3394	0.08	2038	0	0	0.00	0.00	98.51	0.79	25.00
0	8	58	1.63	3552	3394	0.13	2072	0	0	0.00	0.12	98.33
1	1	241	6.30	3822	3394	0.52	2582	0	0	0.00	0.16	93.61	1.00
1	9	86	2.35	3650	3394	0.13	2819	0	0	0.00	0.34	97.40
2	2	68	1.91	3557	3394	0.08	2517	0	0	0.00	1.09	97.08	0.82
2	10	87	2.44	3556	3394	0.10	2894	0	0	0.00	0.38	97.28
3	3	80	2.25	3556	3394	0.13	2956	0	0	0.04	1.09	96.75	0.82
3	11	79	2.19	3587	3394	0.15	2564	0	0	0.00	0.07	97.82
4	4	67	1.86	3583	3394	0.15	2083	0	0	0.00	0.13	98.08	0.80
4	12	54	1.53	3559	3394	0.07	2046	0	0	0.00	0.02	98.53
5	5	70	1.95	3579	3394	0.15	2066	0	0	0.00	0.07	98.06	0.84
5	13	99	2.71	3640	3394	0.29	2291	0	0	0.00	0.07	97.29
6	6	96	2.65	3635	3394	0.15	2725	0	0	0.00	0.00	97.43	0.83
6	14	68	1.92	3573	3394	0.12	2343	0	0	0.00	0.26	97.91
7	7	136	3.72	3644	3394	0.26	2829	0	0	0.00	0.86	95.51	0.86
7	15	59	1.64	3595	3394	0.14	2042	0	0	0.00	0.00	98.44
