turbostat version 2025.09.09 - Len Brown <lenb@kernel.org>
Kernel command line: BOOT_IMAGE=/boot/vmlinuz-6.17.0-35-generic root=UUID=37e0ef02-2557-4d29-8187-72bb5e6547ba ro quiet splash vt.handoff=7
CPUID(0): AuthenticAMD 0x10 CPUID levels
CPUID(1): family:model:stepping 0x19:21:2 (25:33:2) microcode 0x0
CPUID(0x80000000): max_extended_levels: 0x80000023
CPUID(1): SSE3 MONITOR - - - TSC MSR - HT -
CPUID(6): APERF, No-TURBO, No-DTS, No-PTM, No-HWP, No-HWPnotify, No-HWPwindow, No-HWPepp, No-HWPpkg, No-EPB
CPUID(7): No-SGX No-Hybrid
cpu0: cpufreq driver: amd-pstate-epp
cpu0: cpufreq governor: powersave
cpufreq boost: 1
/dev/cpu_dma_latency: 2000000000 usec (default)
current_driver: acpi_idle
current_governor: menu
current_governor_ro: menu
cpu0: POLL: CPUIDLE CORE POLL IDLE
cpu0: C1: ACPI FFH MWAIT 0x0
cpu0: C2: ACPI IOPORT 0x414
RAPL: 234 sec. Joule Counter Range, at 280 Watts
intel-rapl:0: package-0 disabled
intel-rapl:0/intel-rapl:0:0: core disabled
cpu0: MSR_RAPL_PWR_UNIT: 0x000a1003 (0.125000 Watts, 0.000015 Joules, 0.000977 sec.)
Core	CPU	Avg_MHz	Busy%	Bzy_MHz	TSC_MHz	IPC	IRQ	NMI	SMI	POLL%	C1%	C2%	CorWatt	PkgWatt
-	-	104	2.86	3625	3394	0.24	41459	0	0	0.02	0.19	97.03	6.62	25.43
0	0	70	1.95	3591	3394	0.22	2103	0	0	0.01	0.07	98.05	0.76	25.43
0	8	60	1.69	3561	3394	0.09	2113	0	0	0.00	0.04	98.29
1	1	207	5.63	3669	3394	0.38	3008	0	0	0.00	0.13	94.32	0.91
1	9	102	2.85	3591	3394	0.13	3405	0	0	0.00	0.20	97.06
2	2	128	3.55	3608	3394	0.26	3125	0	0	0.00	0.85	95.70	0.83
2	10	100	2.80	3585	3394	0.09	3371	0	0	0.00	0.04	97.27
3	3	100	2.79	3567	3394	0.12	2828	0	0	0.35	0.55	96.74	0.77
3	11	54	1.52	3552	3394	0.06	2015	0	0	0.00	0.00	98.55
4	4	97	2.70	3582	3394	0.21	2308	0	0	0.00	0.29	97.10	0.81
4	12	92	2.57	3564	3394	0.19	2968	0	0	0.00	0.07	97.45
5	5	202	5.35	3781	3394	0.33	3083	0	0	0.00	0.36	94.33	0.90
5	13	67	1.84	3633	3394	0.13	2071	0	0	0.00	0.10	98.14
6	6	94	2.60	3593	3394	0.22	2668	0	0	0.00	0.11	97.37	0.78
6	14	63	1.77	3552	3394	0.11	2072	0	0	0.00	0.00	98.31
7	7	157	4.30	3658	3394	0.51	2231	0	0	0.00	0.05	95.71	0.86
7	15	68	1.89	3613	3394	0.10	2090	0	0	0.00	0.21	97.97
Core	CPU	Avg_MHz	Busy%	Bzy_MHz	TSC_MHz	IPC	IRQ	NMI	SMI	POLL%	C1%	C2%	CorWatt	PkgWatt
-	-	1334	29.50	4524	3393	0.31	38708	0	0	0.01	0.32	70.23	31.95	51.58
0	0	109	2.64	4124	3394	0.51	2137	0	0	0.00	0.16	97.28	3.82	51.61
0	8	2413	53.04	4549	3394	0.29	2461	0	0	0.00	0.27	46.73
1	1	2162	47.33	4569	3394	0.55	2720	0	0	0.00	0.57	52.15	5.56
1	9	1912	41.65	4590	3394	0.28	2450	0	0	0.00	0.51	57.89
2	2	1479	32.92	4494	3394	0.29	2423	0	0	0.00	0.56	66.58	3.66
2	10	865	19.20	4507	3394	0.22	2392	0	0	0.00	0.48	80.40
3	3	1514	33.81	4478	3394	0.28	2915	0	0	0.11	0.44	65.81	3.51
3	11	635	14.25	4456	3394	0.26	2487	0	0	0.00	0.01	85.81
4	4	1448	32.52	4453	3394	0.29	2439	0	0	0.00	0.35	67.18	3.72
4	12	879	19.42	4525	3394	0.30	2261	0	0	0.00	0.28	80.38
5	5	1140	25.28	4510	3394	0.32	2338	0	0	0.00	0.23	74.55	3.87
5	13	1443	31.74	4547	3394	0.23	2355	0	0	0.00	0.19	68.13
6	6	741	16.63	4454	3394	0.37	2431	0	0	0.00	0.34	83.11	3.82
6	14	1862	40.78	4565	3394	0.23	2278	0	0	0.00	0.08	59.18
7	7	1269	27.97	4537	3394	0.27	2331	0	0	0.00	0.24	71.86	4.00
7	15	1484	32.80	4523	3394	0.32	2290	0	0	0.00	0.48	66.78
Core	CPU	Avg_MHz	Busy%	Bzy_MHz	TSC_MHz	IPC	IRQ	NMI	SMI	POLL%	C1%	C2%	CorWatt	PkgWatt
-	-	2332	51.11	4562	3394	0.22	36668	3	0	0.00	0.10	48.84	46.19	66.97
0	0	3029	66.33	4566	3394	0.23	2257	0	0	0.00	0.24	33.47	5.78	66.96
0	8	1703	37.23	4574	3394	0.22	2142	0	0	0.00	0.02	62.82
1	1	3446	75.37	4572	3394	0.23	2282	0	0	0.00	0.14	24.52	5.89
1	9	1487	32.56	4566	3394	0.21	2184	0	0	0.00	0.01	67.51
2	2	3041	66.99	4540	3394	0.24	2443	1	0	0.00	0.29	32.75	5.69
2	10	1276	28.07	4547	3394	0.21	2202	0	0	0.00	0.04	71.97
3	3	1994	43.66	4567	3394	0.22	2740	0	0	0.00	0.11	56.31	5.91
3	11	2836	62.09	4568	3394	0.22	2268	0	0	0.00	0.05	37.91
4	4	3095	68.16	4541	3394	0.22	2304	0	0	0.00	0.22	31.66	5.58
4	12	1213	26.65	4549	3394	0.21	2326	0	0	0.00	0.04	73.39
5	5	2608	57.23	4557	3394	0.23	2244	0	0	0.00	0.13	42.69	5.76
5	13	2016	44.18	4564	3394	0.22	2213	0	0	0.00	0.05	55.82
6	6	1951	42.74	4566	3394	0.22	2229	1	0	0.00	0.11	57.22	5.85
6	14	2908	63.57	4574	3394	0.22	2364	0	0	0.00	0.10	36.37
7	7	1493	32.63	4574	3394	0.22	2197	1	0	0.00	0.05	67.39	5.74
7	15	3212	70.34	4566	3394	0.22	2273	0	0	0.00	0.02	29.67
Core	CPU	Avg_MHz	Busy%	Bzy_MHz	TSC_MHz	IPC	IRQ	NMI	SMI	POLL%	C1%	C2%	CorWatt	PkgWatt
-	-	2331	51.15	4556	3392	0.22	36358	0	0	0.00	0.10	48.79	46.14	66.89
0	0	1215	26.68	4553	3394	0.21	2199	0	0	0.00	0.04	73.36	5.69	66.93
0	8	3393	74.38	4561	3394	0.22	2269	0	0	0.00	0.10	25.54
1	1	1587	34.68	4575	3394	0.24	2165	0	0	0.00	0.02	65.37	5.87
1	9	3386	74.12	4568	3394	0.22	2287	0	0	0.00	0.09	25.82
2	2	3249	71.70	4531	3394	0.23	2469	0	0	0.00	0.19	28.14	5.66
2	10	1102	24.22	4549	3394	0.20	2251	0	0	0.00	0.15	75.72
3	3	2249	49.30	4562	3394	0.22	2684	0	0	0.00	0.08	50.69	5.83
3	11	2446	53.59	4564	3394	0.22	2173	0	0	0.00	0.01	46.45
4	4	2835	62.12	4565	3394	0.22	2245	0	0	0.00	0.07	37.86	5.92
4	12	1977	43.28	4568	3394	0.22	2263	0	0	0.00	0.15	56.64
5	5	3421	75.15	4552	3394	0.24	2261	0	0	0.00	0.24	24.63	5.74
5	13	1127	24.81	4542	3394	0.20	2199	0	0	0.00	0.00	75.28
6	6	1309	28.76	4552	3394	0.21	2201	0	0	0.00	0.01	71.30	5.70
6	14	3267	71.65	4559	3394	0.22	2298	0	0	0.00	0.37	28.01
7	7	2223	48.79	4557	3394	0.23	2189	0	0	0.00	0.07	51.19	5.74
7	15	2517	55.18	4561	3394	0.22	2205	0	0	0.00	0.05	44.81
Core	CPU	Avg_MHz	Busy%	Bzy_MHz	TSC_MHz	IPC	IRQ	NMI	SMI	POLL%	C1%	C2%	CorWatt	PkgWatt
-	-	2333	51.13	4563	3395	0.22	36833	2	0	0.00	0.06	48.88	47.31	68.05
0	0	2275	49.92	4557	3394	0.23	2320	0	0	0.00	0.06	50.07	5.98	68.01
0	8	2604	56.87	4579	3394	0.22	2313	1	0	0.00	0.00	43.17
1	1	1255	27.42	4577	3394	0.22	2169	1	0	0.00	0.00	72.66	5.95
1	9	3567	77.93	4577	3394	0.22	2305	0	0	0.00	0.00	22.09
2	2	3006	66.52	4519	3394	0.24	2485	0	0	0.00	0.23	33.29	5.83
2	10	1417	31.11	4553	3394	0.22	2352	0	0	0.00	0.01	68.95
3	3	2326	50.97	4564	3394	0.23	2721	0	0	0.00	0.16	48.93	6.01
3	11	2413	52.70	4579	3394	0.22	2244	0	0	0.00	0.20	47.15
4	4	2097	45.81	4577	3394	0.23	2263	0	0	0.00	0.10	54.15	6.27
4	12	2974	64.90	4582	3394	0.22	2210	0	0	0.00	0.01	35.13
5	5	683	14.95	4568	3394	0.20	2147	0	0	0.00	0.00	85.14	6.04
5	13	4133	90.28	4578	3394	0.23	2297	0	0	0.00	0.08	9.65
6	6	1683	36.75	4580	3394	0.22	2202	0	0	0.00	0.04	63.28	6.07
6	14	3192	69.76	4576	3394	0.22	2248	0	0	0.00	0.00	30.27
7	7	3222	71.45	4510	3394	0.23	2380	0	0	0.00	0.01	28.58	5.15
7	15	475	10.76	4415	3394	0.17	2177	0	0	0.00	0.01	89.32
Core	CPU	Avg_MHz	Busy%	Bzy_MHz	TSC_MHz	IPC	IRQ	NMI	SMI	POLL%	C1%	C2%	CorWatt	PkgWatt
-	-	2341	51.39	4556	3392	0.22	36232	3	0	0.00	0.06	48.58	46.70	67.36
0	0	851	18.71	4550	3394	0.21	2203	0	0	0.00	0.02	81.36	5.77	67.42
0	8	3762	82.50	4560	3394	0.22	2295	0	0	0.00	0.05	17.47
1	1	3329	72.98	4561	3394	0.22	2231	0	0	0.00	0.01	27.04	5.75
1	9	1377	30.20	4560	3394	0.21	2183	0	0	0.00	0.01	69.87
2	2	1436	31.63	4539	3394	0.22	2365	0	0	0.00	0.16	68.29	5.82
2	10	3077	67.56	4555	3394	0.22	2254	0	0	0.00	0.14	32.34
3	3	1437	31.53	4557	3394	0.22	2669	0	0	0.00	0.06	68.49	5.92
3	11	3321	72.85	4559	3394	0.23	2225	1	0	0.00	0.15	27.04
4	4	1947	42.70	4561	3394	0.22	2218	1	0	0.00	0.01	57.36	5.97
4	12	2819	61.81	4561	3394	0.22	2200	0	0	0.00	0.01	38.22
5	5	591	12.97	4557	3394	0.16	2191	0	0	0.00	0.01	87.12	5.85
5	13	4122	90.40	4560	3394	0.22	2298	1	0	0.00	0.13	9.49
6	6	3219	70.61	4558	3394	0.22	2257	0	0	0.00	0.11	29.32	5.87
6	14	1634	35.80	4566	3394	0.20	2240	0	0	0.00	0.01	64.27
7	7	3965	86.93	4561	3394	0.26	2223	0	0	0.00	0.02	13.06	5.78
7	15	592	13.03	4545	3394	0.16	2180	0	0	0.00	0.08	86.99
Core	CPU	Avg_MHz	Busy%	Bzy_MHz	TSC_MHz	IPC	IRQ	NMI	SMI	POLL%	C1%	C2%	CorWatt	PkgWatt
-	-	2336	51.22	4560	3395	0.22	36406	1	0	0.00	0.07	48.79	46.69	67.25
0	0	3283	72.02	4558	3394	0.22	2254	0	0	0.00	0.07	27.94	5.77	67.19
0	8	1437	31.54	4555	3394	0.20	2198	0	0	0.00	0.02	68.51
1	1	1309	28.74	4556	3394	0.21	2137	0	0	0.00	0.01	71.33	5.68
1	9	3273	71.86	4555	3394	0.22	2285	1	0	0.00	0.03	28.14
2	2	1996	43.81	4555	3394	0.22	2379	0	0	0.00	0.38	55.88	5.89
2	10	2607	57.23	4555	3394	0.22	2196	0	0	0.00	0.06	42.75
3	3	2246	49.32	4555	3394	0.22	2671	0	0	0.00	0.08	50.67	5.80
3	11	2365	51.92	4556	3394	0.22	2205	0	0	0.00	0.01	48.13
4	4	357	7.84	4551	3394	0.14	2350	0	0	0.00	0.02	92.26	5.89
4	12	4292	94.20	4556	3394	0.22	2303	0	0	0.00	0.22	5.58
5	5	390	8.57	4550	3394	0.13	2388	0	0	0.00	0.01	91.53	5.82
5	13	4296	94.30	4556	3394	0.22	2311	0	0	0.00	0.23	5.49
6	6	4132	90.70	4555	3394	0.22	2305	0	0	0.00	0.01	9.30	5.77
6	14	477	10.48	4557	3394	0.19	2068	0	0	0.00	0.00	89.62
7	7	4573	99.99	4574	3394	0.26	2187	0	0	0.00	0.02	0.00	6.06
7	15	322	7.01	4586	3394	0.08	2169	0	0	0.00	0.01	93.09
Core	CPU	Avg_MHz	Busy%	Bzy_MHz	TSC_MHz	IPC	IRQ	NMI	SMI	POLL%	C1%	C2%	CorWatt	PkgWatt
-	-	2342	51.45	4551	3393	0.22	37458	4	0	0.00	0.08	48.51	46.69	67.37
0	0	1633	35.94	4545	3394	0.22	2196	0	0	0.00	0.02	64.11	5.78	67.38
0	8	3028	66.48	4555	3394	0.22	2352	0	0	0.00	0.12	33.44
1	1	2149	47.20	4553	3394	0.23	2255	0	0	0.00	0.07	52.79	5.87
1	9	2745	60.22	4557	3394	0.22	2297	0	0	0.00	0.03	39.79
2	2	2020	44.86	4503	3394	0.24	2538	0	0	0.00	0.03	55.18	5.65
2	10	2184	48.01	4548	3394	0.22	2313	1	0	0.00	0.14	51.91
3	3	3683	80.93	4551	3394	0.23	2795	1	0	0.00	0.14	18.96	5.92
3	11	1050	23.08	4549	3394	0.21	2247	0	0	0.00	0.01	77.00
4	4	2155	47.29	4556	3394	0.22	2317	0	0	0.00	0.02	52.75	5.95
4	12	2609	57.21	4561	3394	0.22	2204	1	0	0.00	0.12	42.72
5	5	1671	36.63	4562	3394	0.21	2408	0	0	0.00	0.01	63.44	5.95
5	13	3223	70.68	4560	3394	0.22	2312	0	0	0.00	0.11	29.24
6	6	2521	55.43	4549	3394	0.22	2308	0	0	0.00	0.22	44.41	5.75
6	14	2082	45.67	4559	3394	0.21	2296	1	0	0.00	0.05	54.34
7	7	2711	59.45	4560	3394	0.23	2388	0	0	0.00	0.21	40.39	5.83
7	15	2012	44.17	4556	3394	0.22	2232	0	0	0.00	0.06	55.84
Core	CPU	Avg_MHz	Busy%	Bzy_MHz	TSC_MHz	IPC	IRQ	NMI	SMI	POLL%	C1%	C2%	CorWatt	PkgWatt
-	-	2333	51.26	4551	3394	0.23	37281	3	0	0.00	0.09	48.72	46.64	67.51
0	0	1879	41.18	4562	3394	0.23	2198	1	0	0.00	0.00	58.88	5.92	67.51
0	8	2999	65.73	4563	3394	0.23	2249	0	0	0.00	0.22	34.08
1	1	700	15.31	4568	3394	0.23	2153	0	0	0.00	0.01	84.75	5.83
1	9	4083	89.52	4560	3394	0.22	2344	0	0	0.00	0.05	10.44
2	2	2598	57.55	4515	3394	0.24	2435	0	0	0.00	0.07	42.43	5.72
2	10	1723	37.92	4542	3394	0.22	2349	0	0	0.00	0.04	62.11
3	3	2477	54.31	4560	3394	0.23	2735	0	0	0.00	0.15	45.60	5.94
3	11	2284	50.12	4557	3394	0.22	2241	0	0	0.00	0.01	49.92
4	4	1983	43.48	4561	3394	0.23	2301	0	0	0.00	0.01	56.57	6.00
4	12	2780	60.93	4562	3394	0.22	2283	0	0	0.00	0.11	39.01
5	5	1214	26.61	4564	3394	0.20	2375	0	0	0.00	0.10	73.38	5.97
5	13	3719	81.52	4562	3394	0.23	2296	0	0	0.00	0.25	18.25
6	6	3315	73.33	4521	3394	0.23	2438	1	0	0.00	0.12	26.58	5.47
6	14	834	18.56	4496	3394	0.20	2314	0	0	0.00	0.17	81.37
7	7	1911	42.02	4549	3394	0.22	2320	1	0	0.00	0.06	57.99	5.79
7	15	2825	62.00	4557	3394	0.22	2250	0	0	0.00	0.00	38.04
Core	CPU	Avg_MHz	Busy%	Bzy_MHz	TSC_MHz	IPC	IRQ	NMI	SMI	POLL%	C1%	C2%	CorWatt	PkgWatt
-	-	2326	51.09	4552	3393	0.23	36508	3	0	0.00	0.11	48.84	46.47	67.16
0	0	1453	31.85	4561	3394	0.22	2156	0	0	0.00	0.08	68.14	5.76	67.18
0	8	3184	69.87	4557	3394	0.23	2234	0	0	0.00	0.21	29.96
1	1	1372	30.24	4537	3394	0.22	2158	0	0	0.00	0.02	69.81	5.68
1	9	3236	71.06	4554	3394	0.23	2295	0	0	0.00	0.10	28.87
2	2	3639	80.46	4523	3394	0.24	2474	1	0	0.00	0.26	19.30	5.55
2	10	474	10.59	4476	3394	0.18	2224	0	0	0.00	0.01	89.50
3	3	3141	68.95	4556	3394	0.24	2791	0	0	0.00	0.19	30.91	5.96
3	11	1737	38.09	4561	3394	0.22	2162	0	0	0.00	0.00	61.98
4	4	2255	49.45	4560	3394	0.23	2273	0	0	0.00	0.13	50.49	6.00
4	12	2546	55.85	4559	3394	0.22	2321	0	0	0.00	0.22	43.99
5	5	1596	35.11	4546	3394	0.23	2288	0	0	0.00	0.09	64.87	5.82
5	13	3057	67.08	4557	3394	0.22	2272	1	0	0.00	0.30	32.66
6	6	2206	48.40	4559	3394	0.23	2225	0	0	0.00	0.01	51.65	5.87
6	14	2544	55.80	4559	3394	0.22	2242	0	0	0.00	0.12	44.13
7	7	1557	34.14	4562	3394	0.24	2146	0	0	0.00	0.02	65.91	5.83
7	15	3220	70.58	4562	3394	0.23	2247	1	0	0.00	0.09	29.37
Core	CPU	Avg_MHz	Busy%	Bzy_MHz	TSC_MHz	IPC	IRQ	NMI	SMI	POLL%	C1%	C2%	CorWatt	PkgWatt
-	-	2321	51.02	4549	3394	0.23	36642	1	0	0.00	0.12	48.93	46.38	67.19
0	0	1067	23.50	4540	3394	0.22	2177	0	0	0.00	0.04	76.54	5.80	67.16
0	8	3685	80.84	4559	3394	0.22	2277	1	0	0.00	0.19	18.99
1	1	1689	37.08	4556	3394	0.22	2204	0	0	0.00	0.01	62.97	5.76
1	9	3088	67.74	4559	3394	0.23	2301	0	0	0.00	0.21	32.08
2	2	3235	71.57	4520	3394	0.25	2413	0	0	0.00	0.15	28.31	5.66
2	10	975	21.53	4529	3394	0.21	2198	0	0	0.00	0.00	78.55
3	3	1785	39.49	4521	3394	0.22	2709	0	0	0.00	0.13	60.46	5.78
3	11	2797	61.43	4554	3394	0.23	2239	0	0	0.00	0.10	38.52
4	4	1711	37.50	4562	3394	0.23	2243	0	0	0.00	0.03	62.55	6.01
4	12	3146	69.05	4557	3394	0.23	2247	0	0	0.00	0.09	30.90
5	5	859	18.84	4560	3394	0.22	2247	0	0	0.00	0.05	81.19	5.85
5	13	3841	84.30	4556	3394	0.23	2292	0	0	0.00	0.31	15.41
6	6	3432	75.37	4553	3394	0.24	2321	0	0	0.00	0.26	24.40	5.83
6	14	1206	26.55	4542	3394	0.20	2269	0	0	0.00	0.09	73.45
7	7	2056	45.28	4541	3394	0.22	2249	0	0	0.00	0.06	54.72	5.68
7	15	2562	56.33	4547	3394	0.23	2256	0	0	0.00	0.13	43.59
Core	CPU	Avg_MHz	Busy%	Bzy_MHz	TSC_MHz	IPC	IRQ	NMI	SMI	POLL%	C1%	C2%	CorWatt	PkgWatt
-	-	2346	51.57	4549	3393	0.23	37133	2	0	0.00	0.09	48.38	46.60	67.41
0	0	1996	44.03	4533	3394	0.22	2230	0	0	0.00	0.06	55.97	5.75	67.45
0	8	2704	59.37	4554	3394	0.23	2282	0	0	0.00	0.06	40.61
1	1	2150	47.10	4565	3394	0.24	2148	0	0	0.00	0.02	52.93	5.87
1	9	2717	59.62	4558	3394	0.23	2321	1	0	0.00	0.26	40.17
2	2	3706	81.73	4534	3394	0.23	2452	0	0	0.00	0.05	18.24	5.72
2	10	680	15.04	4518	3394	0.18	2374	0	0	0.00	0.05	85.01
3	3	1577	34.68	4549	3394	0.22	2806	0	0	0.00	0.09	65.33	5.80
3	11	3065	67.33	4551	3394	0.23	2321	0	0	0.00	0.13	32.58
4	4	2313	50.92	4543	3394	0.23	2306	0	0	0.00	0.03	49.11	5.87
4	12	2337	51.29	4555	3394	0.22	2288	0	0	0.00	0.01	48.75
5	5	1515	33.23	4560	3394	0.23	2334	1	0	0.00	0.18	66.66	5.91
5	13	3257	71.48	4556	3394	0.23	2247	0	0	0.00	0.15	28.41
6	6	3241	71.13	4556	3394	0.23	2241	0	0	0.00	0.25	28.65	5.91
6	14	1557	34.18	4556	3394	0.21	2218	0	0	0.00	0.01	65.88
7	7	1978	43.41	4556	3394	0.23	2211	0	0	0.00	0.03	56.62	5.78
7	15	2756	60.58	4550	3394	0.22	2354	0	0	0.00	0.13	39.34
Core	CPU	Avg_MHz	Busy%	Bzy_MHz	TSC_MHz	IPC	IRQ	NMI	SMI	POLL%	C1%	C2%	CorWatt	PkgWatt
-	-	2322	51.00	4552	3395	0.23	36655	0	0	0.00	0.10	48.96	46.85	67.74
0	0	1395	30.64	4554	3394	0.22	2201	0	0	0.00	0.12	69.31	5.82	67.72
0	8	3184	69.86	4558	3394	0.23	2247	0	0	0.00	0.28	29.89
1	1	1112	24.41	4556	3394	0.23	2094	0	0	0.00	0.00	75.67	5.85
1	9	3691	80.95	4560	3394	0.23	2316	0	0	0.00	0.10	18.97
2	2	2789	61.58	4530	3394	0.25	2445	0	0	0.00	0.16	38.30	5.89
2	10	1655	36.34	4555	3394	0.22	2187	0	0	0.00	0.05	63.68
3	3	2938	64.87	4528	3394	0.24	2846	0	0	0.01	0.48	34.69	5.63
3	11	1349	29.81	4527	3394	0.21	2298	0	0	0.00	0.06	70.21
4	4	1997	43.92	4546	3394	0.23	2243	0	0	0.00	0.08	56.05	5.92
4	12	2613	57.34	4557	3394	0.22	2264	0	0	0.00	0.10	42.61
5	5	1612	35.36	4559	3394	0.22	2290	0	0	0.00	0.02	64.70	6.04
5	13	3393	74.39	4562	3394	0.22	2282	0	0	0.00	0.10	25.54
6	6	2451	53.97	4541	3394	0.23	2228	0	0	0.00	0.08	46.01	5.77
6	14	2072	45.51	4554	3394	0.22	2225	0	0	0.00	0.01	54.54
7	7	1324	29.02	4564	3394	0.22	2223	0	0	0.00	0.01	71.05	5.92
7	15	3561	78.08	4560	3394	0.23	2266	0	0	0.00	0.01	21.94
Core	CPU	Avg_MHz	Busy%	Bzy_MHz	TSC_MHz	IPC	IRQ	NMI	SMI	POLL%	C1%	C2%	CorWatt	PkgWatt
-	-	2324	51.09	4549	3393	0.23	36339	0	0	0.00	0.06	48.90	46.75	67.65
0	0	1459	32.03	4555	3394	0.22	2161	0	0	0.00	0.00	68.04	5.83	67.66
0	8	3208	70.38	4558	3394	0.23	2254	0	0	0.00	0.12	29.53
1	1	1408	30.81	4569	3394	0.25	2117	0	0	0.00	0.02	69.24	5.90
1	9	3445	75.58	4558	3394	0.23	2273	0	0	0.00	0.07	24.38
2	2	2878	63.60	4525	3394	0.24	2418	0	0	0.00	0.06	36.38	5.84
2	10	1566	34.47	4543	3394	0.22	2183	0	0	0.00	0.06	65.55
3	3	3165	69.66	4544	3394	0.23	2763	0	0	0.00	0.05	30.33	5.74
3	11	1293	28.43	4548	3394	0.22	2156	0	0	0.00	0.00	71.64
4	4	3199	70.68	4527	3394	0.24	2361	0	0	0.00	0.15	29.21	5.69
4	12	1083	23.95	4523	3394	0.20	2373	0	0	0.00	0.11	76.03
5	5	1070	23.43	4564	3394	0.23	2160	0	0	0.00	0.01	76.64	5.98
5	13	3769	82.70	4557	3394	0.23	2286	0	0	0.00	0.23	17.09
6	6	2094	46.02	4551	3394	0.22	2223	0	0	0.00	0.11	53.93	5.90
6	14	2713	59.56	4556	3394	0.23	2213	0	0	0.00	0.00	40.48
7	7	1269	27.86	4557	3394	0.22	2158	0	0	0.00	0.00	72.21	5.87
7	15	3566	78.22	4559	3394	0.23	2240	0	0	0.00	0.00	21.80
Core	CPU	Avg_MHz	Busy%	Bzy_MHz	TSC_MHz	IPC	IRQ	NMI	SMI	POLL%	C1%	C2%	CorWatt	PkgWatt
-	-	2324	51.06	4551	3394	0.23	36706	6	0	0.00	0.11	48.90	46.90	67.59
0	0	1188	26.17	4539	3394	0.21	2169	0	0	0.00	0.08	73.83	5.78	67.56
0	8	3371	74.01	4555	3394	0.23	2279	0	0	0.00	0.24	25.78
1	1	1230	27.07	4544	3394	0.21	2194	0	0	0.00	0.00	73.01	5.80
1	9	3555	78.08	4553	3394	0.23	2328	0	0	0.00	0.36	21.59
2	2	3430	75.65	4534	3394	0.24	2488	1	0	0.00	0.18	24.20	5.84
2	10	964	21.20	4549	3394	0.21	2142	0	0	0.00	0.01	78.88
3	3	3805	83.64	4550	3394	0.23	2925	1	0	0.00	0.12	16.26	5.91
3	11	872	19.17	4550	3394	0.21	2238	1	0	0.00	0.02	80.90
4	4	3361	73.85	4551	3394	0.25	2279	1	0	0.00	0.25	25.93	6.02
4	12	1305	28.65	4555	3394	0.21	2231	0	0	0.00	0.06	71.37
5	5	1169	25.70	4549	3394	0.21	2258	0	0	0.00	0.07	74.31	5.90
5	13	3583	78.68	4553	3394	0.23	2343	1	0	0.00	0.26	21.08
6	6	1698	37.26	4556	3394	0.23	2206	0	0	0.00	0.05	62.76	5.88
6	14	2985	65.55	4554	3394	0.23	2220	0	0	0.00	0.00	34.48
7	7	909	20.05	4535	3394	0.22	2126	0	0	0.00	0.00	80.02	5.76
7	15	3746	82.25	4555	3394	0.23	2280	1	0	0.00	0.01	17.76
Core	CPU	Avg_MHz	Busy%	Bzy_MHz	TSC_MHz	IPC	IRQ	NMI	SMI	POLL%	C1%	C2%	CorWatt	PkgWatt
-	-	2319	51.07	4542	3391	0.23	36599	3	0	0.00	0.07	48.88	46.63	67.30
0	0	1727	38.03	4540	3394	0.22	2183	0	0	0.00	0.07	61.96	5.75	67.39
0	8	2839	62.36	4552	3394	0.23	2211	0	0	0.00	0.07	37.61
1	1	890	19.59	4545	3394	0.22	2100	1	0	0.00	0.00	80.49	5.77
1	9	3791	83.25	4554	3394	0.23	2320	0	0	0.00	0.10	16.68
2	2	2837	62.66	4527	3394	0.24	2431	0	0	0.00	0.08	37.30	5.84
2	10	1622	35.68	4546	3394	0.22	2196	0	0	0.00	0.00	64.39
3	3	3165	69.57	4550	3394	0.24	2944	0	0	0.00	0.17	30.31	5.93
3	11	1594	35.04	4548	3394	0.22	2183	0	0	0.00	0.06	64.97
4	4	2500	55.33	4519	3394	0.23	2336	0	0	0.00	0.12	44.61	5.83
4	12	2013	44.37	4538	3394	0.22	2289	1	0	0.00	0.11	55.59
5	5	1964	43.34	4532	3394	0.22	2286	0	0	0.00	0.00	56.73	5.82
5	13	2659	58.41	4552	3394	0.23	2238	0	0	0.00	0.15	41.49
6	6	2163	47.50	4554	3394	0.24	2270	1	0	0.00	0.15	52.42	5.87
6	14	2517	55.28	4552	3394	0.22	2254	0	0	0.00	0.00	44.77
7	7	1111	24.40	4554	3394	0.23	2104	0	0	0.00	0.00	75.68	5.88
7	15	3748	82.31	4554	3394	0.23	2254	0	0	0.00	0.05	17.66
Core	CPU	Avg_MHz	Busy%	Bzy_MHz	TSC_MHz	IPC	IRQ	NMI	SMI	POLL%	C1%	C2%	CorWatt	PkgWatt
-	-	2327	51.08	4555	3397	0.23	36640	3	0	0.00	0.10	48.92	47.00	67.85
0	0	2001	44.00	4548	3394	0.23	2259	0	0	0.00	0.06	56.00	5.76	67.77
0	8	2571	56.48	4552	3394	0.22	2221	1	0	0.00	0.13	43.44
1	1	731	16.03	4559	3394	0.20	2234	0	0	0.00	0.04	84.03	5.84
1	9	4059	89.12	4555	3394	0.23	2348	1	0	0.00	0.10	10.80
2	2	2769	61.25	4520	3394	0.25	2396	0	0	0.00	0.17	38.62	5.62
2	10	1337	29.61	4517	3394	0.21	2199	0	0	0.00	0.06	70.41
3	3	1612	35.31	4564	3394	0.22	2831	0	0	0.01	0.17	64.61	5.96
3	11	3178	69.84	4551	3394	0.23	2296	0	0	0.00	0.12	30.07
4	4	2517	55.22	4558	3394	0.23	2285	0	0	0.00	0.02	44.81	6.09
4	12	2352	51.59	4560	3394	0.23	2187	0	0	0.00	0.00	48.46
5	5	1680	36.99	4543	3394	0.23	2190	0	0	0.00	0.04	63.04	5.89
5	13	2975	65.28	4557	3394	0.23	2269	0	0	0.00	0.07	34.69
6	6	3470	76.22	4552	3394	0.23	2276	0	0	0.00	0.29	23.52	5.92
6	14	1231	27.02	4558	3394	0.22	2182	1	0	0.00	0.01	73.05
7	7	2069	45.40	4557	3394	0.25	2232	0	0	0.00	0.02	54.64	5.87
7	15	2641	57.98	4555	3394	0.23	2235	0	0	0.00	0.24	41.83
Core	CPU	Avg_MHz	Busy%	Bzy_MHz	TSC_MHz	IPC	IRQ	NMI	SMI	POLL%	C1%	C2%	CorWatt	PkgWatt
-	-	2401	52.81	4546	3393	0.22	38471	0	0	0.00	0.11	47.13	47.54	68.18
0	0	2044	44.90	4552	3394	0.21	2452	0	0	0.00	0.24	54.93	5.93	68.20
0	8	2831	62.10	4558	3394	0.22	2412	0	0	0.00	0.09	37.86
1	1	2303	50.77	4536	3394	0.24	2282	0	0	0.00	0.11	49.18	5.85
1	9	2498	54.85	4554	3394	0.22	2436	0	0	0.00	0.06	45.15
2	2	1972	43.87	4494	3394	0.22	2680	0	0	0.00	0.35	55.86	5.75
2	10	2370	52.21	4539	3394	0.22	2437	0	0	0.00	0.07	47.78
3	3	2826	62.06	4554	3394	0.22	2867	0	0	0.00	0.04	37.96	6.04
3	11	2094	45.96	4557	3394	0.22	2237	0	0	0.00	0.02	54.08
4	4	1942	42.73	4545	3394	0.23	2417	0	0	0.00	0.19	57.15	6.05
4	12	2832	62.17	4555	3394	0.22	2368	0	0	0.00	0.05	37.83
5	5	2921	64.35	4539	3394	0.23	2263	0	0	0.00	0.14	35.55	5.82
5	13	1642	36.28	4526	3394	0.21	2483	0	0	0.00	0.07	63.73
6	6	3093	68.11	4542	3394	0.23	2364	0	0	0.00	0.14	31.79	5.93
6	14	1758	38.64	4550	3394	0.21	2310	0	0	0.00	0.08	61.34
7	7	2378	52.05	4568	3394	0.25	2168	0	0	0.00	0.03	47.98	6.18
7	15	2914	63.90	4561	3394	0.22	2295	0	0	0.00	0.01	36.14
Core	CPU	Avg_MHz	Busy%	Bzy_MHz	TSC_MHz	IPC	IRQ	NMI	SMI	POLL%	C1%	C2%	CorWatt	PkgWatt
-	-	2321	51.03	4550	3394	0.23	36568	1	0	0.00	0.06	48.98	47.21	67.90
0	0	1644	36.04	4561	3394	0.23	2188	0	0	0.00	0.05	63.98	5.96	67.89
0	8	3118	68.40	4559	3394	0.23	2246	0	0	0.00	0.01	31.62
1	1	1814	39.79	4559	3394	0.23	2160	0	0	0.00	0.08	60.20	5.92
1	9	2987	65.56	4556	3394	0.23	2287	0	0	0.00	0.10	34.38
2	2	2417	53.62	4508	3394	0.24	2505	0	0	0.00	0.08	46.35	5.83
2	10	1984	43.63	4546	3394	0.22	2277	0	0	0.00	0.04	56.39
3	3	1980	43.77	4524	3394	0.23	2767	0	0	0.00	0.10	56.21	5.75
3	11	2431	53.45	4547	3394	0.22	2276	0	0	0.00	0.14	46.46
4	4	2376	52.40	4534	3394	0.23	2279	0	0	0.00	0.11	47.55	5.93
4	12	2236	49.15	4549	3394	0.22	2258	0	0	0.00	0.04	50.87
5	5	1416	31.06	4558	3394	0.22	2199	0	0	0.00	0.01	69.00	5.98
5	13	3352	73.58	4555	3394	0.23	2249	0	0	0.00	0.02	26.43
6	6	1996	43.85	4551	3394	0.23	2260	0	0	0.00	0.02	56.20	5.97
6	14	2757	60.50	4558	3394	0.23	2269	0	0	0.00	0.07	39.48
7	7	1276	28.04	4551	3394	0.23	2124	1	0	0.00	0.10	71.93	5.87
7	15	3355	73.58	4560	3394	0.23	2224	0	0	0.00	0.00	26.45
Core	CPU	Avg_MHz	Busy%	Bzy_MHz	TSC_MHz	IPC	IRQ	NMI	SMI	POLL%	C1%	C2%	CorWatt	PkgWatt
-	-	2319	51.01	4546	3393	0.23	36454	2	0	0.00	0.10	48.95	46.92	67.63
0	0	1685	36.99	4554	3394	0.23	2190	1	0	0.00	0.00	63.07	5.87	67.65
0	8	3035	66.68	4552	3394	0.23	2231	0	0	0.00	0.00	33.36
1	1	422	9.27	4547	3394	0.19	2057	0	0	0.00	0.00	90.82	5.84
1	9	4290	94.25	4552	3394	0.23	2345	0	0	0.00	0.15	5.61
2	2	2842	62.95	4515	3394	0.25	2450	0	0	0.00	0.19	36.90	5.68
2	10	1244	27.42	4537	3394	0.22	2281	1	0	0.00	0.08	72.59
3	3	2107	46.62	4520	3394	0.23	2811	0	0	0.00	0.23	53.22	5.70
3	11	2333	51.28	4550	3394	0.22	2254	0	0	0.00	0.18	48.60
4	4	1426	31.37	4544	3394	0.23	2217	0	0	0.00	0.02	68.69	6.09
4	12	3543	77.76	4556	3394	0.22	2302	0	0	0.00	0.31	21.96
5	5	1759	38.72	4543	3394	0.23	2168	0	0	0.00	0.00	61.35	5.90
5	13	2900	63.71	4551	3394	0.23	2241	0	0	0.00	0.07	36.25
6	6	2573	56.62	4544	3394	0.23	2263	0	0	0.00	0.13	43.30	5.94
6	14	2187	48.02	4556	3394	0.22	2224	0	0	0.00	0.14	51.90
7	7	2102	46.14	4557	3394	0.23	2202	0	0	0.00	0.02	53.90	5.89
7	15	2656	58.34	4553	3394	0.23	2218	0	0	0.00	0.06	41.65
Core	CPU	Avg_MHz	Busy%	Bzy_MHz	TSC_MHz	IPC	IRQ	NMI	SMI	POLL%	C1%	C2%	CorWatt	PkgWatt
-	-	2333	51.32	4546	3393	0.23	36884	3	0	0.00	0.08	48.65	46.95	67.49
0	0	1174	25.79	4552	3394	0.23	2144	0	0	0.00	0.02	74.26	5.93	67.48
0	8	3600	79.06	4554	3394	0.23	2235	0	0	0.00	0.02	20.94
1	1	118	2.59	4533	3394	0.04	2135	0	0	0.00	0.03	97.48	5.78
1	9	4483	98.48	4552	3394	0.23	2358	0	0	0.00	0.20	1.33
2	2	3003	66.63	4507	3394	0.25	2481	1	0	0.00	0.32	33.09	5.59
2	10	1005	22.20	4529	3394	0.20	2356	0	0	0.00	0.01	77.88
3	3	1781	39.36	4526	3394	0.23	2796	0	0	0.00	0.09	60.63	5.82
3	11	2797	61.47	4550	3394	0.22	2272	0	0	0.00	0.10	38.47
4	4	2620	57.52	4555	3394	0.23	2261	0	0	0.00	0.11	42.42	6.01
4	12	2121	46.56	4555	3394	0.22	2270	0	0	0.00	0.13	53.37
5	5	1742	38.39	4538	3394	0.23	2289	0	0	0.00	0.09	61.59	6.05
5	13	3265	71.69	4555	3394	0.23	2233	1	0	0.00	0.05	28.30
6	6	1827	40.29	4534	3394	0.21	2340	0	0	0.00	0.01	59.77	5.77
6	14	2813	61.82	4550	3394	0.22	2303	0	0	0.00	0.07	38.16
7	7	1057	23.19	4557	3394	0.23	2151	0	0	0.00	0.04	76.86	6.00
7	15	3922	86.11	4555	3394	0.23	2260	1	0	0.00	0.03	13.87
Core	CPU	Avg_MHz	Busy%	Bzy_MHz	TSC_MHz	IPC	IRQ	NMI	SMI	POLL%	C1%	C2%	CorWatt	PkgWatt
-	-	2320	51.07	4543	3393	0.23	36409	5	0	0.00	0.09	48.89	46.87	67.40
0	0	3978	87.61	4540	3394	0.25	2287	0	0	0.00	0.15	12.26	5.74	67.42
0	8	425	9.55	4448	3394	0.16	2212	0	0	0.00	0.01	90.54
1	1	708	15.56	4551	3394	0.19	2190	0	0	0.00	0.01	84.53	5.83
1	9	4100	90.07	4552	3394	0.23	2338	1	0	0.00	0.30	9.65
2	2	3024	66.89	4522	3394	0.24	2422	0	0	0.00	0.43	32.72	5.81
2	10	1332	29.34	4539	3394	0.22	2297	0	0	0.00	0.02	70.72
3	3	1826	40.19	4544	3394	0.23	2800	1	0	0.00	0.11	59.78	5.94
3	11	2963	65.11	4551	3394	0.23	2268	1	0	0.00	0.11	34.82
4	4	1088	23.90	4550	3394	0.22	2139	0	0	0.00	0.07	76.11	6.02
4	12	3660	80.44	4550	3394	0.23	2243	1	0	0.00	0.00	19.59
5	5	617	13.56	4550	3394	0.22	2057	1	0	0.00	0.00	86.53	5.96
5	13	4128	90.71	4551	3394	0.23	2278	0	0	0.00	0.00	9.29
6	6	1826	40.19	4544	3394	0.23	2164	0	0	0.00	0.01	59.86	5.84
6	14	2748	60.39	4551	3394	0.23	2214	0	0	0.00	0.05	39.61
7	7	971	21.58	4502	3394	0.20	2204	0	0	0.00	0.01	78.51	5.74
7	15	3734	82.07	4549	3394	0.23	2296	0	0	0.00	0.11	17.84
Core	CPU	Avg_MHz	Busy%	Bzy_MHz	TSC_MHz	IPC	IRQ	NMI	SMI	POLL%	C1%	C2%	CorWatt	PkgWatt
-	-	2345	51.66	4539	3390	0.23	37543	2	0	0.00	0.09	48.26	47.08	67.74
0	0	3072	67.77	4532	3394	0.23	2364	0	0	0.00	0.15	32.12	5.71	67.94
0	8	1455	32.12	4529	3394	0.21	2383	0	0	0.00	0.19	67.78
1	1	1379	30.38	4539	3394	0.21	2280	0	0	0.00	0.01	69.69	5.82
1	9	3401	74.70	4553	3394	0.23	2348	0	0	0.00	0.07	25.27
2	2	2461	54.76	4495	3394	0.24	2559	0	0	0.00	0.18	45.13	5.62
2	10	1646	36.28	4538	3394	0.22	2327	0	0	0.00	0.06	63.74
3	3	2523	55.50	4545	3394	0.23	3033	0	0	0.01	0.21	44.36	6.04
3	11	2429	53.31	4555	3394	0.22	2217	0	0	0.00	0.03	46.72
4	4	3001	65.97	4549	3394	0.24	2256	1	0	0.00	0.10	33.97	6.05
4	12	1749	38.48	4545	3394	0.21	2260	0	0	0.00	0.01	61.58
5	5	1232	27.09	4547	3394	0.23	2219	0	0	0.00	0.11	72.89	6.00
5	13	3563	78.24	4554	3394	0.23	2327	0	0	0.00	0.10	21.69
6	6	2210	48.53	4554	3394	0.23	2253	1	0	0.00	0.02	51.50	5.97
6	14	2578	56.67	4550	3394	0.22	2265	0	0	0.00	0.06	43.32
7	7	380	8.35	4549	3394	0.19	2156	0	0	0.00	0.08	91.68	5.92
7	15	4475	98.31	4552	3394	0.23	2296	0	0	0.00	0.06	1.63
Core	CPU	Avg_MHz	Busy%	Bzy_MHz	TSC_MHz	IPC	IRQ	NMI	SMI	POLL%	C1%	C2%	CorWatt	PkgWatt
-	-	2331	51.20	4553	3398	0.23	36651	1	0	0.00	0.11	48.82	47.26	67.83
0	0	3326	73.04	4554	3394	0.23	2271	0	0	0.00	0.16	26.84	5.95	67.60
0	8	1593	34.96	4556	3394	0.20	2232	1	0	0.00	0.20	64.91
1	1	1610	35.34	4557	3394	0.22	2182	0	0	0.00	0.01	64.73	5.96
1	9	3328	73.08	4555	3394	0.23	2308	0	0	0.00	0.11	26.85
2	2	1870	41.50	4506	3394	0.24	2405	0	0	0.00	0.10	58.47	5.68
2	10	2313	50.93	4542	3394	0.23	2339	0	0	0.00	0.12	49.01
3	3	3404	74.80	4550	3394	0.23	2824	0	0	0.00	0.25	24.98	6.00
3	11	1291	28.32	4557	3394	0.21	2239	0	0	0.00	0.04	71.71
4	4	2973	65.33	4551	3394	0.23	2282	0	0	0.00	0.18	34.54	5.98
4	12	1625	35.72	4549	3394	0.22	2187	0	0	0.00	0.00	64.35
5	5	2711	59.54	4554	3394	0.24	2232	0	0	0.00	0.15	40.35	6.00
5	13	2020	44.35	4555	3394	0.22	2221	0	0	0.00	0.07	55.65
6	6	3464	76.40	4535	3394	0.23	2302	0	0	0.00	0.26	23.37	5.72
6	14	961	21.36	4502	3394	0.20	2167	0	0	0.00	0.02	78.71
7	7	1047	23.01	4550	3394	0.22	2189	0	0	0.00	0.00	77.07	5.90
7	15	3711	81.51	4553	3394	0.23	2271	0	0	0.00	0.01	18.50
Core	CPU	Avg_MHz	Busy%	Bzy_MHz	TSC_MHz	IPC	IRQ	NMI	SMI	POLL%	C1%	C2%	CorWatt	PkgWatt
-	-	2318	51.05	4541	3392	0.23	36619	2	0	0.00	0.06	48.92	47.04	67.64
0	0	1941	42.64	4552	3394	0.23	2164	0	0	0.00	0.01	57.42	5.99	67.67
0	8	3007	66.04	4553	3394	0.22	2253	0	0	0.00	0.00	34.00
1	1	1611	35.54	4532	3394	0.21	2229	0	0	0.00	0.01	64.52	5.75
1	9	2998	65.94	4546	3394	0.23	2315	0	0	0.00	0.03	34.07
2	2	1904	42.46	4485	3394	0.25	2450	0	0	0.00	0.10	57.51	5.66
2	10	2236	49.28	4537	3394	0.22	2315	0	0	0.00	0.06	50.73
3	3	2301	50.53	4555	3394	0.23	2690	0	0	0.01	0.29	49.25	5.99
3	11	2429	53.41	4549	3394	0.22	2234	0	0	0.00	0.06	46.58
4	4	1838	40.49	4540	3394	0.23	2310	0	0	0.00	0.07	59.51	5.94
4	12	2795	61.46	4547	3394	0.22	2252	0	0	0.00	0.07	38.52
5	5	838	18.38	4557	3394	0.24	2078	0	0	0.00	0.01	81.70	6.01
5	13	3911	85.93	4551	3394	0.23	2284	0	0	0.00	0.08	14.01
6	6	3796	83.58	4541	3394	0.24	2317	0	0	0.00	0.17	16.27	5.85
6	14	764	16.96	4504	3394	0.20	2204	1	0	0.00	0.01	83.12
7	7	1554	34.16	4547	3394	0.22	2241	0	0	0.00	0.09	65.82	5.87
7	15	3186	70.01	4550	3394	0.23	2283	1	0	0.00	0.01	30.01
Core	CPU	Avg_MHz	Busy%	Bzy_MHz	TSC_MHz	IPC	IRQ	NMI	SMI	POLL%	C1%	C2%	CorWatt	PkgWatt
-	-	2322	51.12	4542	3394	0.23	36506	2	0	0.00	0.09	48.85	46.91	67.26
0	0	2078	45.68	4550	3394	0.24	2178	0	0	0.00	0.08	54.30	5.96	67.23
0	8	2770	60.85	4552	3394	0.23	2197	0	0	0.00	0.00	39.19
1	1	879	19.29	4555	3394	0.24	2075	0	0	0.00	0.02	80.78	5.88
1	9	3942	86.62	4551	3394	0.23	2338	1	0	0.00	0.01	13.39
2	2	2811	62.54	4495	3394	0.25	2475	0	0	0.00	0.14	37.37	5.70
2	10	1403	30.89	4543	3394	0.21	2289	0	0	0.00	0.08	69.11
3	3	2152	47.59	4522	3394	0.23	2750	0	0	0.00	0.19	52.29	5.87
3	11	2445	53.78	4545	3394	0.22	2307	0	0	0.00	0.10	46.17
4	4	2661	58.68	4535	3394	0.22	2364	0	0	0.00	0.07	41.30	5.85
4	12	1882	41.46	4540	3394	0.22	2310	0	0	0.00	0.24	58.37
5	5	1592	35.02	4546	3394	0.22	2166	0	0	0.00	0.07	64.98	5.92
5	13	3136	68.95	4549	3394	0.23	2231	1	0	0.00	0.06	31.03
6	6	2254	49.58	4546	3394	0.23	2167	0	0	0.00	0.16	50.32	5.89
6	14	2396	52.71	4546	3394	0.23	2272	0	0	0.00	0.10	47.24
7	7	1576	34.71	4541	3394	0.22	2156	0	0	0.00	0.11	65.26	5.83
7	15	3163	69.59	4545	3394	0.23	2231	0	0	0.00	0.00	30.44
Core	CPU	Avg_MHz	Busy%	Bzy_MHz	TSC_MHz	IPC	IRQ	NMI	SMI	POLL%	C1%	C2%	CorWatt	PkgWatt
-	-	2358	51.95	4539	3388	0.23	37408	1	0	0.00	0.13	47.90	47.34	67.72
0	0	3842	84.51	4546	3394	0.23	2291	1	0	0.00	0.10	15.40	5.85	67.88
0	8	806	17.82	4522	3394	0.19	2303	0	0	0.00	0.05	82.23
1	1	2800	61.39	4562	3394	0.25	2192	0	0	0.00	0.01	38.63	6.09
1	9	2295	50.38	4555	3394	0.22	2335	0	0	0.00	0.13	49.55
2	2	2600	57.44	4527	3394	0.23	2518	0	0	0.00	0.23	42.39	5.84
2	10	1892	41.71	4535	3394	0.22	2331	0	0	0.00	0.01	58.35
3	3	2010	44.22	4546	3394	0.22	3007	0	0	0.00	0.21	55.65	5.99
3	11	2777	60.98	4554	3394	0.23	2213	0	0	0.00	0.22	38.84
4	4	1184	26.12	4533	3394	0.20	2300	0	0	0.00	0.03	73.94	5.96
4	12	3538	77.75	4550	3394	0.23	2278	0	0	0.00	0.35	21.92
5	5	2517	55.27	4553	3394	0.22	2309	0	0	0.00	0.09	44.69	5.94
5	13	2225	48.92	4549	3394	0.22	2273	0	0	0.00	0.10	51.04
6	6	3546	77.84	4556	3394	0.23	2257	0	0	0.00	0.22	21.96	5.94
6	14	1122	24.69	4545	3394	0.21	2239	0	0	0.00	0.01	75.39
7	7	1590	35.03	4539	3394	0.24	2234	0	0	0.00	0.14	64.91	5.81
7	15	3052	67.13	4547	3394	0.22	2328	0	0	0.00	0.16	32.75
Core	CPU	Avg_MHz	Busy%	Bzy_MHz	TSC_MHz	IPC	IRQ	NMI	SMI	POLL%	C1%	C2%	CorWatt	PkgWatt
-	-	2332	51.30	4545	3394	0.23	36656	2	0	0.00	0.12	48.65	47.17	67.51
0	0	3854	84.93	4538	3394	0.23	2298	0	0	0.00	0.18	14.90	5.71	67.55
0	8	618	13.84	4468	3394	0.17	2228	0	0	0.00	0.00	86.25
1	1	3414	74.95	4555	3394	0.25	2213	1	0	0.00	0.15	24.94	5.90
1	9	1294	28.46	4545	3394	0.21	2261	0	0	0.00	0.03	71.60
2	2	1735	38.33	4528	3394	0.23	2326	0	0	0.00	0.17	61.58	5.98
2	10	2938	64.65	4544	3394	0.23	2290	0	0	0.00	0.21	35.19
3	3	2036	44.85	4539	3394	0.22	2802	0	0	0.00	0.17	55.06	5.86
3	11	2603	57.32	4542	3394	0.22	2302	0	0	0.00	0.19	42.55
4	4	1763	38.74	4552	3394	0.22	2271	0	0	0.00	0.07	61.27	6.00
4	12	2964	65.21	4545	3394	0.23	2261	0	0	0.00	0.17	34.66
5	5	2445	53.78	4546	3394	0.23	2276	0	0	0.00	0.14	46.13	5.92
5	13	2280	50.12	4549	3394	0.22	2250	0	0	0.00	0.00	49.94
6	6	3914	86.00	4551	3394	0.23	2287	1	0	0.00	0.27	13.75	5.92
6	14	731	16.13	4531	3394	0.20	2188	0	0	0.00	0.01	83.96
7	7	1738	38.17	4552	3394	0.23	2134	0	0	0.00	0.01	61.88	5.86
7	15	2972	65.37	4547	3394	0.23	2269	0	0	0.00	0.10	34.57
Core	CPU	Avg_MHz	Busy%	Bzy_MHz	TSC_MHz	IPC	IRQ	NMI	SMI	POLL%	C1%	C2%	CorWatt	PkgWatt
-	-	2321	51.03	4549	3399	0.23	36557	3	0	0.00	0.09	49.01	47.18	67.67
0	0	2798	61.59	4543	3394	0.24	2251	0	0	0.00	0.14	38.32	5.89	67.48
0	8	1838	40.44	4544	3394	0.22	2289	0	0	0.00	0.01	59.62
1	1	1291	28.37	4550	3394	0.23	2235	0	0	0.00	0.02	71.68	5.91
1	9	3555	78.12	4550	3394	0.23	2320	0	0	0.00	0.21	21.70
2	2	3495	77.18	4528	3394	0.24	2422	1	0	0.00	0.20	22.65	5.89
2	10	911	20.10	4531	3394	0.21	2130	0	0	0.00	0.00	79.98
3	3	2711	59.63	4546	3394	0.23	2784	1	0	0.00	0.16	40.26	5.96
3	11	2024	44.53	4545	3394	0.22	2236	0	0	0.00	0.12	55.42
4	4	1606	35.30	4549	3394	0.21	2258	0	0	0.00	0.07	64.71	6.03
4	12	3156	69.34	4550	3394	0.23	2268	1	0	0.00	0.13	30.56
5	5	1783	39.35	4530	3394	0.23	2187	0	0	0.00	0.08	60.64	5.86
5	13	2819	61.95	4551	3394	0.23	2253	0	0	0.00	0.12	37.97
6	6	2719	59.72	4552	3394	0.23	2252	0	0	0.00	0.03	40.29	5.97
6	14	2018	44.36	4550	3394	0.22	2191	0	0	0.00	0.06	55.64
7	7	2060	45.73	4505	3394	0.23	2283	0	0	0.00	0.08	54.24	5.59
7	15	2303	50.69	4544	3394	0.23	2198	0	0	0.00	0.03	49.33
Core	CPU	Avg_MHz	Busy%	Bzy_MHz	TSC_MHz	IPC	IRQ	NMI	SMI	POLL%	C1%	C2%	CorWatt	PkgWatt
-	-	2314	50.96	4541	3394	0.23	36513	3	0	0.00	0.07	49.03	47.28	67.77
0	0	2749	60.49	4544	3394	0.23	2215	0	0	0.00	0.09	39.47	5.95	67.75
0	8	2043	44.88	4551	3394	0.22	2199	0	0	0.00	0.00	55.17
1	1	2883	63.28	4555	3394	0.23	2238	0	0	0.00	0.04	36.72	6.09
1	9	2223	48.77	4559	3394	0.22	2241	0	0	0.00	0.02	51.26
2	2	3009	66.72	4510	3394	0.25	2432	0	0	0.00	0.22	33.10	5.69
2	10	1041	23.03	4520	3394	0.21	2203	1	0	0.00	0.00	77.06
3	3	1572	34.66	4537	3394	0.22	2758	0	0	0.00	0.13	65.30	5.99
3	11	3139	68.98	4550	3394	0.23	2290	1	0	0.00	0.09	30.96
4	4	2722	60.59	4492	3394	0.23	2328	1	0	0.00	0.05	39.40	5.69
4	12	1508	33.26	4533	3394	0.21	2271	0	0	0.00	0.01	66.80
5	5	1338	29.41	4551	3394	0.24	2194	0	0	0.00	0.13	70.54	6.09
5	13	3524	77.35	4556	3394	0.23	2259	0	0	0.00	0.07	22.61
6	6	1726	38.00	4543	3394	0.22	2209	0	0	0.00	0.17	61.91	5.94
6	14	2937	64.56	4549	3394	0.23	2264	0	0	0.00	0.16	35.32
7	7	1278	28.21	4532	3394	0.23	2169	0	0	0.00	0.00	71.87	5.83
7	15	3330	73.20	4549	3394	0.23	2243	0	0	0.00	0.00	26.83
Core	CPU	Avg_MHz	Busy%	Bzy_MHz	TSC_MHz	IPC	IRQ	NMI	SMI	POLL%	C1%	C2%	CorWatt	PkgWatt
-	-	2328	51.23	4544	3393	0.23	36393	1	0	0.00	0.07	48.75	47.24	67.72
0	0	3790	83.38	4545	3394	0.23	2284	0	0	0.00	0.06	16.58	5.88	67.79
0	8	885	19.43	4554	3394	0.21	2138	0	0	0.00	0.00	80.65
1	1	3604	79.29	4546	3394	0.23	2269	0	0	0.00	0.20	20.53	5.85
1	9	1189	26.13	4552	3394	0.20	2197	0	0	0.00	0.00	73.94
2	2	1172	25.94	4517	3394	0.22	2315	0	0	0.00	0.06	74.09	5.90
2	10	3287	72.40	4540	3394	0.23	2266	0	0	0.00	0.10	27.53
3	3	2121	46.67	4544	3394	0.22	2835	0	0	0.00	0.08	53.33	5.92
3	11	2562	56.34	4547	3394	0.22	2228	0	0	0.00	0.07	43.64
4	4	1730	38.11	4538	3394	0.22	2285	0	0	0.00	0.14	61.83	5.98
4	12	2993	65.84	4546	3394	0.22	2273	0	0	0.00	0.13	34.07
5	5	2216	48.79	4543	3394	0.22	2209	0	0	0.00	0.07	51.20	5.90
5	13	2385	52.45	4548	3394	0.23	2230	0	0	0.00	0.04	47.56
6	6	1287	28.54	4508	3394	0.22	2224	0	0	0.00	0.01	71.53	5.70
6	14	3147	69.28	4543	3394	0.22	2284	0	0	0.00	0.16	30.60
7	7	3556	78.04	4557	3394	0.26	2182	1	0	0.00	0.02	21.96	6.09
7	15	1324	29.06	4555	3394	0.20	2174	0	0	0.00	0.01	71.02
Core	CPU	Avg_MHz	Busy%	Bzy_MHz	TSC_MHz	IPC	IRQ	NMI	SMI	POLL%	C1%	C2%	CorWatt	PkgWatt
-	-	2324	51.16	4543	3394	0.23	36243	3	0	0.00	0.06	48.84	47.22	67.73
0	0	1808	39.93	4527	3394	0.22	2246	1	0	0.00	0.01	60.13	5.76	67.66
0	8	2700	59.40	4545	3394	0.23	2228	0	0	0.00	0.02	40.62
1	1	3946	86.84	4543	3394	0.23	2309	0	0	0.00	0.23	12.95	5.84
1	9	891	19.60	4549	3394	0.18	2209	0	0	0.00	0.02	80.48
2	2	1068	23.60	4523	3394	0.24	2293	0	0	0.00	0.05	76.44	5.98
2	10	3458	76.12	4542	3394	0.23	2255	0	0	0.00	0.00	23.90
3	3	1931	42.50	4544	3394	0.21	2746	0	0	0.00	0.15	57.42	5.85
3	11	2716	59.79	4542	3394	0.22	2302	0	0	0.00	0.11	40.15
4	4	2384	52.46	4545	3394	0.23	2280	0	0	0.00	0.13	47.47	5.99
4	12	2278	50.15	4543	3394	0.23	2195	0	0	0.00	0.08	49.83
5	5	1139	25.06	4543	3394	0.22	2141	1	0	0.00	0.02	75.00	5.94
5	13	3526	77.58	4544	3394	0.23	2263	1	0	0.00	0.03	22.40
6	6	2207	48.71	4531	3394	0.23	2211	0	0	0.00	0.00	51.35	5.75
6	14	2301	50.67	4541	3394	0.22	2195	0	0	0.00	0.05	49.34
7	7	4199	92.13	4557	3394	0.26	2206	0	0	0.00	0.04	7.84	6.10
7	15	639	14.03	4552	3394	0.19	2164	0	0	0.00	0.01	86.06
Core	CPU	Avg_MHz	Busy%	Bzy_MHz	TSC_MHz	IPC	IRQ	NMI	SMI	POLL%	C1%	C2%	CorWatt	PkgWatt
-	-	2327	51.23	4542	3394	0.23	36687	3	0	0.00	0.12	48.71	47.35	67.86
0	0	1777	39.61	4487	3394	0.23	2210	0	0	0.00	0.01	60.45	5.70	67.85
0	8	2615	57.56	4543	3394	0.23	2283	1	0	0.00	0.06	42.43
1	1	1736	38.21	4544	3394	0.22	2349	0	0	0.00	0.02	61.84	5.80
1	9	2953	64.89	4551	3394	0.22	2312	0	0	0.00	0.32	34.84
2	2	2161	47.70	4529	3394	0.24	2432	0	0	0.00	0.35	52.01	6.04
2	10	2510	55.26	4543	3394	0.23	2255	0	0	0.00	0.00	44.79
3	3	2408	52.95	4546	3394	0.23	2722	0	0	0.00	0.15	46.96	5.97
3	11	2246	49.40	4546	3394	0.22	2215	0	0	0.00	0.21	50.45
4	4	2372	52.17	4547	3394	0.24	2231	0	0	0.00	0.19	47.70	6.01
4	12	2226	49.00	4543	3394	0.23	2251	0	0	0.00	0.17	50.89
5	5	1653	36.40	4540	3394	0.22	2231	0	0	0.00	0.12	63.55	5.91
5	13	2981	65.58	4546	3394	0.22	2278	0	0	0.00	0.00	34.46
6	6	2161	47.62	4538	3394	0.22	2268	0	0	0.00	0.16	52.28	5.84
6	14	2498	54.98	4543	3394	0.22	2257	1	0	0.00	0.01	45.07
7	7	1928	42.32	4557	3394	0.25	2161	0	0	0.00	0.03	57.71	6.07
7	15	3002	65.98	4550	3394	0.23	2232	1	0	0.00	0.05	34.01
Core	CPU	Avg_MHz	Busy%	Bzy_MHz	TSC_MHz	IPC	IRQ	NMI	SMI	POLL%	C1%	C2%	CorWatt	PkgWatt
-	-	2315	51.05	4535	3390	0.23	36220	0	0	0.00	0.09	48.86	47.11	67.84
0	0	1332	29.31	4546	3394	0.22	2155	0	0	0.00	0.02	70.74	5.97	67.95
0	8	3523	77.47	4548	3394	0.23	2233	0	0	0.00	0.03	22.53
1	1	2701	59.38	4549	3394	0.23	2287	0	0	0.00	0.07	40.59	5.81
1	9	2001	44.01	4547	3394	0.22	2251	0	0	0.00	0.13	55.92
2	2	3377	74.75	4518	3394	0.25	2416	0	0	0.00	0.22	25.06	5.85
2	10	917	20.22	4532	3394	0.21	2173	0	0	0.00	0.01	79.86
3	3	2394	52.77	4537	3394	0.23	2690	0	0	0.00	0.12	47.17	5.99
3	11	2368	52.07	4547	3394	0.22	2236	0	0	0.00	0.13	47.85
4	4	2094	46.13	4539	3394	0.23	2211	0	0	0.00	0.10	53.83	5.95
4	12	2471	54.39	4543	3394	0.22	2249	0	0	0.00	0.21	45.46
5	5	1893	41.79	4530	3394	0.23	2229	0	0	0.00	0.08	58.20	5.93
5	13	2800	61.54	4551	3394	0.23	2213	0	0	0.00	0.09	38.41
6	6	3572	78.98	4522	3394	0.23	2291	0	0	0.00	0.17	20.88	5.64
6	14	736	16.33	4510	3394	0.19	2161	0	0	0.00	0.01	83.76
7	7	1920	42.18	4553	3394	0.25	2185	0	0	0.00	0.04	57.84	6.03
7	15	2985	65.61	4550	3394	0.22	2240	0	0	0.00	0.04	34.38
Core	CPU	Avg_MHz	Busy%	Bzy_MHz	TSC_MHz	IPC	IRQ	NMI	SMI	POLL%	C1%	C2%	CorWatt	PkgWatt
-	-	2320	51.07	4543	3397	0.23	36468	3	0	0.00	0.09	48.95	47.22	68.04
0	0	3702	81.37	4549	3394	0.24	2285	0	0	0.00	0.14	18.52	6.02	67.94
0	8	1140	25.04	4552	3394	0.21	2141	0	0	0.00	0.06	74.98
1	1	2589	56.91	4549	3394	0.23	2266	1	0	0.00	0.03	43.11	6.06
1	9	2561	56.24	4554	3394	0.22	2271	1	0	0.00	0.16	43.65
2	2	3608	79.73	4525	3394	0.24	2433	1	0	0.00	0.36	19.93	5.86
2	10	704	15.54	4530	3394	0.20	2127	0	0	0.00	0.01	84.55
3	3	2749	60.44	4548	3394	0.23	2774	0	0	0.00	0.13	39.48	5.97
3	11	1907	41.96	4546	3394	0.22	2213	0	0	0.00	0.01	58.10
4	4	1896	41.75	4541	3394	0.24	2236	0	0	0.00	0.13	58.19	6.07
4	12	2880	63.36	4546	3394	0.23	2234	0	0	0.00	0.11	36.57
5	5	1705	38.10	4475	3394	0.22	2253	0	0	0.00	0.01	61.96	5.70
5	13	2612	57.48	4543	3394	0.23	2249	0	0	0.00	0.09	42.48
6	6	1467	32.61	4500	3394	0.22	2250	0	0	0.00	0.01	67.46	5.64
6	14	2814	62.03	4537	3394	0.23	2265	0	0	0.00	0.08	37.93
7	7	1311	28.83	4548	3394	0.21	2206	0	0	0.00	0.02	71.23	5.86
7	15	3438	75.65	4545	3394	0.23	2265	0	0	0.00	0.18	24.20
Core	CPU	Avg_MHz	Busy%	Bzy_MHz	TSC_MHz	IPC	IRQ	NMI	SMI	POLL%	C1%	C2%	CorWatt	PkgWatt
-	-	2323	51.13	4543	3393	0.23	36334	2	0	0.00	0.09	48.83	47.48	68.22
0	0	2201	48.41	4548	3394	0.23	2252	0	0	0.00	0.03	51.62	5.97	68.25
0	8	2576	56.56	4555	3394	0.22	2246	0	0	0.00	0.01	43.48
1	1	2375	52.15	4554	3394	0.23	2252	0	0	0.00	0.09	47.81	5.91
1	9	2376	52.23	4549	3394	0.22	2258	0	0	0.00	0.13	47.69
2	2	2493	55.49	4493	3394	0.24	2418	0	0	0.00	0.10	44.47	5.57
2	10	1482	32.85	4510	3394	0.22	2244	0	0	0.00	0.07	67.15
3	3	2064	45.38	4549	3394	0.23	2662	0	0	0.00	0.25	54.44	6.02
3	11	2649	58.25	4548	3394	0.22	2199	0	0	0.00	0.16	41.64
4	4	2569	56.79	4523	3394	0.23	2259	0	0	0.00	0.07	43.19	5.85
4	12	1838	40.53	4535	3394	0.22	2280	1	0	0.00	0.05	59.49
5	5	2789	61.19	4558	3394	0.24	2208	0	0	0.00	0.04	38.81	6.25
5	13	2247	49.32	4555	3394	0.22	2195	0	0	0.00	0.00	50.73
6	6	2090	45.98	4545	3394	0.23	2213	1	0	0.00	0.12	53.96	5.99
6	14	2619	57.53	4553	3394	0.22	2198	0	0	0.00	0.00	42.52
7	7	1201	26.35	4557	3394	0.21	2182	0	0	0.00	0.01	73.72	5.92
7	15	3602	79.15	4550	3394	0.23	2268	0	0	0.00	0.25	20.63
Core	CPU	Avg_MHz	Busy%	Bzy_MHz	TSC_MHz	IPC	IRQ	NMI	SMI	POLL%	C1%	C2%	CorWatt	PkgWatt
-	-	2323	51.14	4543	3395	0.23	36444	2	0	0.00	0.09	48.84	47.25	67.65
0	0	3030	66.65	4546	3394	0.23	2287	0	0	0.00	0.00	33.38	5.98	67.61
0	8	1874	41.20	4548	3394	0.21	2266	0	0	0.00	0.03	58.83
1	1	2191	48.24	4543	3394	0.25	2205	0	0	0.00	0.06	51.76	5.99
1	9	2749	60.42	4551	3394	0.22	2274	0	0	0.00	0.11	39.52
2	2	3306	73.22	4515	3394	0.25	2412	0	0	0.00	0.31	26.50	5.74
2	10	888	19.65	4521	3394	0.21	2195	0	0	0.00	0.02	80.42
3	3	2019	44.39	4547	3394	0.22	2707	1	0	0.00	0.08	55.60	5.94
3	11	2625	57.74	4546	3394	0.23	2243	1	0	0.00	0.11	42.19
4	4	572	12.59	4543	3394	0.19	2314	0	0	0.00	0.02	87.50	6.00
4	12	4092	90.01	4546	3394	0.23	2310	0	0	0.00	0.24	9.76
5	5	555	12.21	4548	3394	0.22	2083	0	0	0.00	0.01	87.88	5.95
5	13	4093	90.01	4547	3394	0.23	2273	0	0	0.00	0.03	9.97
6	6	2957	65.23	4534	3394	0.24	2221	0	0	0.00	0.22	34.59	5.80
6	14	1546	34.11	4531	3394	0.22	2191	0	0	0.00	0.01	65.96
7	7	1844	40.64	4538	3394	0.22	2257	0	0	0.00	0.07	59.36	5.84
7	15	2816	61.93	4547	3394	0.23	2206	0	0	0.00	0.15	37.96
Core	CPU	Avg_MHz	Busy%	Bzy_MHz	TSC_MHz	IPC	IRQ	NMI	SMI	POLL%	C1%	C2%	CorWatt	PkgWatt
-	-	2330	51.34	4539	3393	0.23	36703	2	0	0.00	0.07	48.64	47.36	67.95
0	0	2985	65.61	4551	3394	0.23	2232	0	0	0.00	0.06	34.37	6.06	67.96
0	8	1950	42.82	4555	3394	0.22	2201	0	0	0.00	0.06	57.19
1	1	2599	57.04	4557	3394	0.24	2248	0	0	0.00	0.03	42.98	6.03
1	9	2368	51.98	4555	3394	0.22	2257	0	0	0.00	0.03	48.04
2	2	2417	53.83	4490	3394	0.25	2439	0	0	0.00	0.02	46.20	5.72
2	10	1753	38.74	4526	3394	0.22	2280	0	0	0.00	0.00	61.33
3	3	2598	57.39	4527	3394	0.23	2808	0	0	0.00	0.09	42.58	5.84
3	11	1924	42.38	4540	3394	0.22	2237	0	0	0.00	0.08	57.61
4	4	2274	50.01	4548	3394	0.22	2303	0	0	0.00	0.12	49.93	6.11
4	12	2603	57.24	4547	3394	0.22	2288	0	0	0.00	0.19	42.63
5	5	1897	42.19	4495	3394	0.22	2238	0	0	0.00	0.04	57.83	5.79
5	13	2571	56.64	4540	3394	0.22	2345	1	0	0.00	0.01	43.41
6	6	2051	45.04	4554	3394	0.23	2227	0	0	0.00	0.17	54.85	5.99
6	14	2673	58.78	4547	3394	0.22	2253	0	0	0.00	0.11	41.15
7	7	216	4.77	4535	3394	0.12	2061	0	0	0.00	0.00	95.33	5.84
7	15	4407	96.91	4547	3394	0.23	2286	1	0	0.00	0.03	3.06
Core	CPU	Avg_MHz	Busy%	Bzy_MHz	TSC_MHz	IPC	IRQ	NMI	SMI	POLL%	C1%	C2%	CorWatt	PkgWatt
-	-	2322	51.12	4542	3394	0.23	36234	2	0	0.00	0.08	48.86	47.33	67.93
0	0	4122	90.56	4551	3394	0.24	2266	1	0	0.00	0.25	9.20	6.00	67.93
0	8	637	14.00	4548	3394	0.19	2149	0	0	0.00	0.01	86.07
1	1	958	21.08	4545	3394	0.21	2101	0	0	0.00	0.01	79.00	5.84
1	9	3708	81.52	4548	3394	0.23	2296	0	0	0.00	0.13	18.37
2	2	3511	77.47	4532	3394	0.24	2426	0	0	0.00	0.10	22.46	5.87
2	10	820	18.12	4527	3394	0.20	2209	0	0	0.00	0.00	81.97
3	3	2846	62.94	4522	3394	0.24	2725	0	0	0.00	0.18	36.93	5.63
3	11	1389	30.76	4516	3394	0.21	2214	0	0	0.00	0.01	69.30
4	4	2005	44.40	4515	3394	0.23	2306	1	0	0.00	0.08	55.58	5.97
4	12	2640	58.04	4549	3394	0.22	2242	0	0	0.00	0.13	41.87
5	5	1220	26.81	4548	3394	0.21	2230	0	0	0.00	0.01	73.26	6.09
5	13	3809	83.72	4550	3394	0.23	2277	0	0	0.00	0.08	16.22
6	6	2400	52.74	4550	3394	0.23	2213	0	0	0.00	0.11	47.20	5.99
6	14	2345	51.56	4548	3394	0.23	2179	0	0	0.00	0.09	48.40
7	7	1028	22.59	4552	3394	0.22	2178	0	0	0.00	0.07	77.42	5.93
7	15	3712	81.62	4548	3394	0.23	2223	0	0	0.00	0.00	18.40
Core	CPU	Avg_MHz	Busy%	Bzy_MHz	TSC_MHz	IPC	IRQ	NMI	SMI	POLL%	C1%	C2%	CorWatt	PkgWatt
-	-	2325	51.18	4543	3393	0.23	36356	1	0	0.00	0.10	48.77	47.65	68.45
0	0	2998	65.86	4553	3394	0.23	2231	0	0	0.00	0.06	34.12	6.03	68.47
0	8	1800	39.56	4551	3394	0.22	2169	0	0	0.00	0.05	60.45
1	1	2297	50.48	4549	3394	0.23	2166	0	0	0.00	0.08	49.49	5.98
1	9	2560	56.23	4553	3394	0.22	2249	0	0	0.00	0.03	43.79
2	2	3086	68.24	4523	3394	0.24	2378	0	0	0.00	0.12	31.68	5.93
2	10	1355	29.85	4538	3394	0.21	2232	1	0	0.00	0.01	70.22
3	3	2034	44.94	4525	3394	0.23	2755	0	0	0.01	0.32	54.82	5.79
3	11	2307	50.82	4539	3394	0.22	2266	0	0	0.00	0.08	49.16
4	4	1881	41.57	4525	3394	0.23	2287	0	0	0.00	0.08	58.41	5.97
4	12	2686	59.08	4547	3394	0.22	2261	0	0	0.00	0.20	40.76
5	5	1524	33.64	4531	3394	0.21	2257	0	0	0.00	0.09	66.34	5.88
5	13	3058	67.21	4549	3394	0.22	2279	0	0	0.00	0.11	32.71
6	6	771	16.94	4551	3394	0.21	2157	0	0	0.00	0.03	83.13	6.07
6	14	4028	88.47	4553	3394	0.23	2273	0	0	0.00	0.26	11.29
7	7	1303	28.67	4543	3394	0.23	2172	0	0	0.00	0.06	71.35	6.00
7	15	3516	77.25	4552	3394	0.23	2224	0	0	0.00	0.01	22.77
Core	CPU	Avg_MHz	Busy%	Bzy_MHz	TSC_MHz	IPC	IRQ	NMI	SMI	POLL%	C1%	C2%	CorWatt	PkgWatt
-	-	2319	51.10	4538	3394	0.23	36428	4	0	0.00	0.10	48.87	47.30	68.07
0	0	3380	74.34	4547	3394	0.23	2234	0	0	0.00	0.22	25.47	5.92	68.05
0	8	1297	28.56	4540	3394	0.21	2112	0	0	0.00	0.00	71.51
1	1	1231	27.00	4558	3394	0.26	2078	0	0	0.00	0.02	73.06	5.93
1	9	3506	77.13	4545	3394	0.23	2288	1	0	0.00	0.07	22.83
2	2	3306	73.29	4511	3394	0.24	2436	1	0	0.00	0.11	26.62	5.78
2	10	1007	22.36	4505	3394	0.20	2228	0	0	0.00	0.01	77.72
3	3	1898	41.87	4534	3394	0.22	2751	0	0	0.01	0.12	58.09	5.95
3	11	2785	61.33	4541	3394	0.23	2278	0	0	0.00	0.13	38.59
4	4	1762	38.89	4531	3394	0.24	2270	0	0	0.00	0.03	61.15	6.04
4	12	2942	64.80	4541	3394	0.23	2277	0	0	0.00	0.16	35.09
5	5	2074	46.05	4503	3394	0.22	2296	0	0	0.00	0.10	53.91	5.70
5	13	2262	49.80	4541	3394	0.23	2301	0	0	0.00	0.11	50.14
6	6	2545	55.97	4547	3394	0.23	2304	0	0	0.00	0.08	44.00	6.05
6	14	2347	51.63	4546	3394	0.22	2210	1	0	0.00	0.26	48.16
7	7	1534	33.78	4542	3394	0.22	2144	1	0	0.00	0.00	66.29	5.91
7	15	3220	70.84	4546	3394	0.23	2221	0	0	0.00	0.13	29.06
Core	CPU	Avg_MHz	Busy%	Bzy_MHz	TSC_MHz	IPC	IRQ	NMI	SMI	POLL%	C1%	C2%	CorWatt	PkgWatt
-	-	2342	51.57	4542	3394	0.23	37087	2	0	0.00	0.10	48.39	47.49	67.98
0	0	3063	67.40	4544	3394	0.23	2231	0	0	0.00	0.03	32.61	5.97	67.96
0	8	1787	39.36	4541	3394	0.21	2278	1	0	0.00	0.07	60.64
1	1	2168	47.65	4551	3394	0.24	2167	0	0	0.00	0.06	52.34	5.95
1	9	2613	57.44	4549	3394	0.23	2277	0	0	0.00	0.01	42.60
2	2	3645	80.49	4529	3394	0.24	2422	0	0	0.00	0.20	19.33	5.89
2	10	773	17.13	4511	3394	0.20	2215	0	0	0.00	0.01	82.95
3	3	3180	70.05	4540	3394	0.23	2825	0	0	0.00	0.22	29.77	5.93
3	11	1482	32.62	4545	3394	0.21	2231	0	0	0.00	0.00	67.46
4	4	2950	64.99	4540	3394	0.24	2302	0	0	0.00	0.31	34.74	5.97
4	12	1590	35.09	4531	3394	0.21	2268	0	0	0.00	0.01	64.98
5	5	2223	48.95	4542	3394	0.22	2429	1	0	0.00	0.19	50.93	5.97
5	13	2499	54.97	4545	3394	0.22	2271	0	0	0.00	0.08	45.00
6	6	1540	33.86	4547	3394	0.22	2342	0	0	0.00	0.06	66.16	5.98
6	14	3190	70.16	4547	3394	0.23	2239	0	0	0.00	0.09	29.79
7	7	1371	30.19	4539	3394	0.21	2316	0	0	0.00	0.06	69.82	5.83
7	15	3399	74.81	4543	3394	0.22	2274	0	0	0.00	0.15	25.07
Core	CPU	Avg_MHz	Busy%	Bzy_MHz	TSC_MHz	IPC	IRQ	NMI	SMI	POLL%	C1%	C2%	CorWatt	PkgWatt
-	-	2330	51.36	4536	3391	0.23	36741	3	0	0.00	0.10	48.55	47.50	68.30
0	0	2459	54.37	4523	3394	0.23	2316	0	0	0.00	0.06	45.62	5.79	68.44
0	8	2111	46.50	4540	3394	0.22	2277	0	0	0.00	0.22	53.34
1	1	1430	31.39	4554	3394	0.23	2138	1	0	0.00	0.07	68.61	6.08
1	9	3627	79.74	4548	3394	0.23	2291	0	0	0.00	0.00	20.28
2	2	3792	83.65	4533	3394	0.24	2420	0	0	0.00	0.19	16.18	6.04
2	10	745	16.42	4539	3394	0.19	2220	0	0	0.00	0.04	83.64
3	3	2856	63.18	4521	3394	0.23	2786	0	0	0.00	0.23	36.63	5.82
3	11	1613	35.56	4538	3394	0.21	2292	0	0	0.00	0.01	64.51
4	4	1976	43.64	4528	3394	0.22	2367	0	0	0.00	0.15	56.27	5.89
4	12	2476	54.58	4536	3394	0.22	2305	1	0	0.00	0.12	45.35
5	5	1642	36.15	4542	3394	0.22	2233	0	0	0.00	0.15	63.77	5.95
5	13	3087	67.91	4546	3394	0.22	2285	0	0	0.00	0.13	32.00
6	6	2406	52.83	4554	3394	0.24	2173	0	0	0.00	0.10	47.12	6.09
6	14	2466	54.17	4552	3394	0.22	2252	0	0	0.00	0.04	45.85
7	7	1324	29.08	4553	3394	0.21	2152	0	0	0.00	0.03	70.98	5.89
7	15	3302	72.68	4543	3394	0.23	2234	1	0	0.00	0.03	27.32
Core	CPU	Avg_MHz	Busy%	Bzy_MHz	TSC_MHz	IPC	IRQ	NMI	SMI	POLL%	C1%	C2%	CorWatt	PkgWatt
-	-	2319	51.08	4540	3395	0.23	36571	3	0	0.00	0.11	48.89	47.47	68.14
0	0	1742	38.28	4549	3394	0.22	2217	0	0	0.00	0.02	61.76	6.01	68.10
0	8	3105	68.27	4549	3394	0.22	2264	0	0	0.00	0.13	31.64
1	1	1101	24.19	4553	3394	0.22	2178	0	0	0.00	0.01	75.88	5.94
1	9	3694	81.24	4547	3394	0.23	2335	0	0	0.00	0.11	18.67
2	2	3535	78.49	4505	3394	0.25	2433	0	0	0.00	0.16	21.38	5.69
2	10	541	12.01	4506	3394	0.18	2202	0	0	0.00	0.02	88.06
3	3	1961	43.14	4546	3394	0.22	2731	1	0	0.00	0.15	56.79	6.05
3	11	2818	61.95	4548	3394	0.22	2251	0	0	0.00	0.37	37.72
4	4	962	21.11	4555	3394	0.22	2262	0	0	0.00	0.08	78.90	6.06
4	12	3697	81.31	4547	3394	0.23	2284	0	0	0.00	0.41	18.31
5	5	846	18.59	4552	3394	0.23	2173	0	0	0.00	0.01	81.49	6.13
5	13	4071	89.52	4547	3394	0.23	2274	1	0	0.00	0.16	10.33
6	6	3095	68.42	4524	3394	0.23	2306	1	0	0.00	0.12	31.50	5.82
6	14	1362	30.00	4541	3394	0.21	2184	0	0	0.00	0.01	70.07
7	7	2248	49.96	4500	3394	0.23	2248	0	0	0.00	0.04	50.06	5.76
7	15	2312	50.86	4547	3394	0.22	2229	0	0	0.00	0.01	49.19
Core	CPU	Avg_MHz	Busy%	Bzy_MHz	TSC_MHz	IPC	IRQ	NMI	SMI	POLL%	C1%	C2%	CorWatt	PkgWatt
-	-	2319	51.08	4539	3394	0.23	36318	2	0	0.00	0.09	48.89	47.30	67.84
0	0	2594	57.08	4543	3394	0.23	2195	1	0	0.00	0.13	42.83	5.91	67.85
0	8	2065	45.45	4543	3394	0.22	2147	0	0	0.00	0.01	54.60
1	1	1879	41.28	4552	3394	0.24	2154	0	0	0.00	0.03	58.76	5.92
1	9	2901	63.87	4542	3394	0.22	2270	0	0	0.00	0.13	36.04
2	2	1775	39.40	4505	3394	0.23	2356	0	0	0.00	0.06	60.60	5.78
2	10	2549	56.37	4523	3394	0.22	2318	0	0	0.00	0.03	43.65
3	3	2185	48.18	4534	3394	0.21	2782	0	0	0.00	0.18	51.71	5.90
3	11	2433	53.56	4543	3394	0.23	2261	1	0	0.00	0.18	46.31
4	4	2432	53.61	4537	3394	0.23	2240	0	0	0.00	0.06	46.38	6.05
4	12	2338	51.46	4544	3394	0.22	2284	0	0	0.00	0.02	48.59
5	5	3123	68.72	4544	3394	0.24	2192	0	0	0.00	0.25	31.06	5.92
5	13	1406	31.01	4532	3394	0.21	2184	0	0	0.00	0.01	69.05
6	6	755	16.73	4509	3394	0.19	2265	0	0	0.00	0.01	83.36	5.86
6	14	3800	83.65	4542	3394	0.23	2305	0	0	0.00	0.17	16.20
7	7	2112	46.49	4543	3394	0.23	2175	0	0	0.00	0.06	53.51	5.96
7	15	2750	60.48	4547	3394	0.22	2190	0	0	0.00	0.12	39.44
Core	CPU	Avg_MHz	Busy%	Bzy_MHz	TSC_MHz	IPC	IRQ	NMI	SMI	POLL%	C1%	C2%	CorWatt	PkgWatt
-	-	2316	51.04	4537	3391	0.23	36422	2	0	0.00	0.09	48.88	47.45	68.18
0	0	2972	65.31	4551	3394	0.23	2241	0	0	0.00	0.15	34.58	6.02	68.20
0	8	1834	40.29	4552	3394	0.22	2153	0	0	0.00	0.04	59.73
1	1	1757	38.62	4548	3394	0.22	2147	0	0	0.00	0.01	61.44	5.91
1	9	2968	65.23	4551	3394	0.23	2264	1	0	0.00	0.08	34.73
2	2	3299	72.93	4524	3394	0.24	2419	1	0	0.00	0.36	26.74	5.81
2	10	983	21.76	4520	3394	0.20	2265	0	0	0.00	0.01	78.32
3	3	2925	64.80	4514	3394	0.23	2851	0	0	0.00	0.17	35.08	5.79
3	11	1492	32.94	4528	3394	0.21	2263	0	0	0.00	0.00	67.13
4	4	1358	29.94	4534	3394	0.22	2197	0	0	0.00	0.01	70.13	6.02
4	12	3318	73.04	4543	3394	0.22	2274	0	0	0.00	0.14	26.85
5	5	1654	36.37	4548	3394	0.23	2196	0	0	0.00	0.07	63.64	6.00
5	13	2968	65.25	4548	3394	0.23	2243	0	0	0.00	0.20	34.59
6	6	3106	68.42	4539	3394	0.23	2260	0	0	0.00	0.09	31.53	5.95
6	14	1569	34.55	4540	3394	0.21	2197	0	0	0.00	0.02	65.50
7	7	2368	52.04	4550	3394	0.23	2278	0	0	0.00	0.06	47.96	5.99
7	15	2510	55.16	4550	3394	0.22	2174	0	0	0.00	0.05	44.84
Core	CPU	Avg_MHz	Busy%	Bzy_MHz	TSC_MHz	IPC	IRQ	NMI	SMI	POLL%	C1%	C2%	CorWatt	PkgWatt
-	-	2320	51.08	4542	3396	0.23	36471	1	0	0.00	0.10	48.92	47.29	67.74
0	0	2335	51.39	4544	3394	0.23	2253	0	0	0.00	0.14	48.52	5.93	67.67
0	8	2323	51.09	4546	3394	0.22	2220	0	0	0.00	0.05	48.91
1	1	1483	32.61	4548	3394	0.24	2116	0	0	0.00	0.05	67.41	5.99
1	9	3436	75.57	4547	3394	0.23	2285	0	0	0.00	0.09	24.37
2	2	3051	67.52	4519	3394	0.24	2392	0	0	0.00	0.22	32.31	5.84
2	10	1326	29.24	4535	3394	0.22	2235	0	0	0.00	0.01	70.83
3	3	1411	31.09	4538	3394	0.22	2758	0	0	0.00	0.13	68.87	6.00
3	11	3325	73.23	4541	3394	0.23	2273	0	0	0.00	0.19	26.61
4	4	3031	67.12	4515	3394	0.23	2293	1	0	0.00	0.22	32.69	5.71
4	12	1233	27.28	4520	3394	0.21	2280	0	0	0.00	0.03	72.78
5	5	1826	40.19	4545	3394	0.23	2214	0	0	0.00	0.08	59.80	5.99
5	13	2872	63.24	4542	3394	0.22	2238	0	0	0.00	0.02	36.78
6	6	1940	42.74	4539	3394	0.21	2243	0	0	0.00	0.06	57.27	5.85
6	14	2717	59.90	4536	3394	0.22	2263	0	0	0.00	0.14	40.01
7	7	1881	41.39	4546	3394	0.23	2205	0	0	0.00	0.06	58.62	5.94
7	15	2901	63.80	4547	3394	0.23	2203	0	0	0.00	0.04	36.19
Core	CPU	Avg_MHz	Busy%	Bzy_MHz	TSC_MHz	IPC	IRQ	NMI	SMI	POLL%	C1%	C2%	CorWatt	PkgWatt
-	-	2322	51.10	4543	3395	0.23	36394	1	0	0.00	0.06	48.92	47.44	68.01
0	0	2691	59.26	4541	3394	0.23	2292	0	0	0.00	0.04	40.74	5.89	67.96
0	8	1922	42.32	4542	3394	0.22	2191	0	0	0.00	0.12	57.62
1	1	1363	29.99	4547	3394	0.22	2110	0	0	0.00	0.00	70.09	5.86
1	9	3305	72.78	4541	3394	0.23	2299	0	0	0.00	0.08	27.17
2	2	2040	44.98	4536	3394	0.23	2346	0	0	0.00	0.06	55.03	5.97
2	10	2507	55.23	4539	3394	0.23	2290	0	0	0.00	0.07	44.75
3	3	2418	53.26	4541	3394	0.23	2732	0	0	0.00	0.13	46.68	5.97
3	11	2257	49.70	4542	3394	0.22	2157	0	0	0.00	0.00	50.35
4	4	1938	42.69	4541	3394	0.22	2282	0	0	0.00	0.03	57.34	6.00
4	12	2737	60.28	4541	3394	0.23	2260	0	0	0.00	0.13	39.64
5	5	1027	22.60	4543	3394	0.20	2379	0	0	0.00	0.03	77.46	5.95
5	13	3674	80.92	4541	3394	0.23	2300	0	0	0.00	0.20	18.90
6	6	2936	64.77	4532	3394	0.23	2258	0	0	0.00	0.00	35.26	5.82
6	14	1548	34.12	4537	3394	0.22	2170	1	0	0.00	0.01	65.95
7	7	3731	81.88	4556	3394	0.25	2169	0	0	0.00	0.01	18.13	5.97
7	15	1035	22.76	4546	3394	0.20	2159	0	0	0.00	0.01	77.32
Core	CPU	Avg_MHz	Busy%	Bzy_MHz	TSC_MHz	IPC	IRQ	NMI	SMI	POLL%	C1%	C2%	CorWatt	PkgWatt
-	-	2312	50.99	4534	3393	0.23	36369	1	0	0.00	0.05	49.01	47.32	67.98
0	0	2800	61.60	4546	3394	0.23	2219	0	0	0.00	0.02	38.42	6.04	68.00
0	8	2086	45.84	4550	3394	0.22	2157	0	0	0.00	0.00	54.22
1	1	1141	25.08	4548	3394	0.22	2178	0	0	0.00	0.01	74.99	5.90
1	9	3534	77.76	4545	3394	0.23	2307	0	0	0.00	0.08	22.18
2	2	3083	68.36	4510	3394	0.24	2397	0	0	0.00	0.12	31.56	5.80
2	10	1285	28.42	4522	3394	0.21	2228	0	0	0.00	0.06	71.60
3	3	2283	50.36	4534	3394	0.23	2748	0	0	0.00	0.04	49.66	5.96
3	11	2340	51.50	4543	3394	0.22	2193	0	0	0.00	0.08	48.48
4	4	3357	74.32	4517	3394	0.23	2388	0	0	0.00	0.14	25.58	5.81
4	12	1042	23.12	4507	3394	0.20	2250	0	0	0.00	0.01	76.96
5	5	1217	26.78	4546	3394	0.22	2190	0	0	0.00	0.00	73.30	6.03
5	13	3490	76.79	4545	3394	0.23	2253	0	0	0.00	0.08	23.15
6	6	1976	43.95	4497	3394	0.23	2248	0	0	0.00	0.00	56.11	5.70
6	14	2307	50.79	4543	3394	0.22	2201	0	0	0.00	0.04	49.23
7	7	3096	68.10	4547	3394	0.24	2240	1	0	0.00	0.06	31.87	6.09
7	15	1959	43.02	4554	3394	0.22	2172	0	0	0.00	0.00	57.04
Core	CPU	Avg_MHz	Busy%	Bzy_MHz	TSC_MHz	IPC	IRQ	NMI	SMI	POLL%	C1%	C2%	CorWatt	PkgWatt
-	-	2320	51.10	4541	3394	0.23	36240	4	0	0.00	0.10	48.87	47.37	67.90
0	0	2864	63.03	4543	3394	0.23	2222	0	0	0.00	0.07	36.94	5.96	67.88
0	8	1903	41.89	4543	3394	0.22	2166	1	0	0.00	0.08	58.09
1	1	173	3.81	4544	3394	0.14	2026	0	0	0.00	0.00	96.29	5.86
1	9	4475	98.45	4546	3394	0.23	2325	0	0	0.00	0.01	1.54
2	2	3510	77.86	4508	3394	0.24	2465	0	0	0.00	0.14	22.02	5.54
2	10	459	10.27	4467	3394	0.17	2224	0	0	0.00	0.02	89.81
3	3	1838	40.46	4543	3394	0.22	2703	0	0	0.00	0.17	59.45	6.01
3	11	2886	63.50	4545	3394	0.23	2278	0	0	0.00	0.16	36.38
4	4	2752	60.48	4551	3394	0.24	2215	0	0	0.00	0.02	39.54	6.12
4	12	2050	45.05	4550	3394	0.22	2219	1	0	0.00	0.32	54.70
5	5	776	17.06	4550	3394	0.21	2172	0	0	0.00	0.02	83.02	5.99
5	13	3880	85.38	4545	3394	0.23	2259	1	0	0.00	0.06	14.57
6	6	1179	26.13	4510	3394	0.23	2140	0	0	0.00	0.04	73.91	5.94
6	14	3505	77.11	4546	3394	0.23	2266	0	0	0.00	0.19	22.73
7	7	787	17.30	4547	3394	0.19	2279	0	0	0.00	0.00	82.79	5.95
7	15	4080	89.75	4547	3394	0.23	2281	1	0	0.00	0.23	10.03
Core	CPU	Avg_MHz	Busy%	Bzy_MHz	TSC_MHz	IPC	IRQ	NMI	SMI	POLL%	C1%	C2%	CorWatt	PkgWatt
-	-	2316	51.04	4538	3394	0.23	36397	2	0	0.00	0.06	48.95	47.26	67.91
0	0	1814	40.00	4535	3394	0.24	2160	1	0	0.00	0.00	60.07	5.96	67.93
0	8	3019	66.44	4543	3394	0.22	2241	0	0	0.00	0.19	33.41
1	1	1115	24.58	4535	3394	0.22	2127	0	0	0.00	0.01	75.49	5.89
1	9	3595	79.10	4545	3394	0.23	2316	1	0	0.00	0.14	20.79
2	2	3084	68.82	4481	3394	0.24	2447	0	0	0.00	0.08	31.13	5.25
2	10	506	11.50	4404	3394	0.16	2340	0	0	0.00	0.01	88.59
3	3	2219	48.83	4543	3394	0.23	2706	0	0	0.00	0.13	51.10	6.09
3	11	2688	59.11	4547	3394	0.22	2232	0	0	0.00	0.01	40.93
4	4	1342	29.48	4552	3394	0.22	2168	0	0	0.00	0.01	70.59	6.16
4	12	3598	79.11	4547	3394	0.23	2245	0	0	0.00	0.03	20.88
5	5	2138	47.03	4546	3394	0.22	2197	0	0	0.00	0.02	53.01	6.02
5	13	2569	56.52	4545	3394	0.23	2207	0	0	0.00	0.07	43.45
6	6	1959	43.11	4544	3394	0.23	2175	0	0	0.00	0.00	56.95	5.98
6	14	2766	60.83	4547	3394	0.23	2222	0	0	0.00	0.01	39.20
7	7	364	8.01	4538	3394	0.16	2321	0	0	0.00	0.01	92.08	5.91
7	15	4284	94.18	4548	3394	0.23	2293	0	0	0.00	0.22	5.60
Core	CPU	Avg_MHz	Busy%	Bzy_MHz	TSC_MHz	IPC	IRQ	NMI	SMI	POLL%	C1%	C2%	CorWatt	PkgWatt
-	-	2316	51.05	4537	3394	0.23	36360	3	0	0.00	0.09	48.91	47.36	68.01
0	0	2178	48.06	4533	3394	0.22	2197	0	0	0.00	0.13	51.86	5.92	68.00
0	8	2501	54.96	4550	3394	0.23	2185	0	0	0.00	0.08	45.01
1	1	1253	27.58	4544	3394	0.22	2094	0	0	0.00	0.03	72.47	5.89
1	9	3466	76.26	4545	3394	0.23	2282	0	0	0.00	0.01	23.76
2	2	3575	79.42	4501	3394	0.24	2427	1	0	0.00	0.24	20.36	5.48
2	10	326	7.43	4390	3394	0.13	2275	0	0	0.00	0.02	92.66
3	3	2650	58.59	4524	3394	0.23	2769	1	0	0.00	0.18	41.29	6.01
3	11	2119	46.66	4541	3394	0.22	2354	1	0	0.00	0.16	53.24
4	4	2777	61.23	4535	3394	0.23	2218	0	0	0.00	0.02	38.79	5.97
4	12	1784	39.28	4543	3394	0.22	2250	0	0	0.00	0.02	60.77
5	5	980	21.56	4546	3394	0.22	2169	0	0	0.00	0.02	78.51	6.07
5	13	3821	84.03	4547	3394	0.23	2246	0	0	0.00	0.07	15.92
6	6	1608	35.55	4525	3394	0.23	2148	0	0	0.00	0.12	64.41	5.98
6	14	3140	69.10	4544	3394	0.22	2260	0	0	0.00	0.06	30.87
7	7	1955	42.92	4555	3394	0.23	2258	0	0	0.00	0.04	57.10	6.04
7	15	2921	64.22	4549	3394	0.22	2228	0	0	0.00	0.24	35.58
Core	CPU	Avg_MHz	Busy%	Bzy_MHz	TSC_MHz	IPC	IRQ	NMI	SMI	POLL%	C1%	C2%	CorWatt	PkgWatt
-	-	1923	42.43	4531	3394	0.23	36116	1	0	0.00	0.08	57.56	40.23	60.44
0	0	1641	36.42	4506	3394	0.22	2192	0	0	0.00	0.12	63.52	4.96	60.41
0	8	2133	47.02	4536	3394	0.23	2220	0	0	0.00	0.02	53.00
1	1	1219	26.83	4542	3394	0.23	2161	0	0	0.00	0.01	73.24	5.08
1	9	2877	63.35	4541	3394	0.23	2238	0	0	0.00	0.01	36.67
2	2	2466	54.92	4490	3394	0.24	2398	0	0	0.00	0.20	44.93	4.74
2	10	847	18.81	4503	3394	0.21	2302	0	0	0.00	0.02	81.26
3	3	2584	57.02	4532	3394	0.23	2734	0	0	0.00	0.47	42.56	5.10
3	11	1332	29.35	4539	3394	0.21	2190	0	0	0.00	0.03	70.69
4	4	1457	32.14	4534	3394	0.22	2173	0	0	0.00	0.01	67.92	5.16
4	12	2473	54.49	4539	3394	0.23	2191	0	0	0.00	0.00	45.55
5	5	1153	25.43	4533	3394	0.22	2177	0	0	0.00	0.10	74.55	5.06
5	13	2719	59.89	4539	3394	0.23	2235	0	0	0.00	0.01	40.14
6	6	1333	29.57	4507	3394	0.22	2221	1	0	0.00	0.11	70.40	5.05
6	14	2514	55.43	4536	3394	0.23	2206	0	0	0.00	0.03	44.59
7	7	1466	32.30	4537	3394	0.22	2252	0	0	0.00	0.05	67.72	5.09
7	15	2542	55.96	4543	3394	0.23	2226	0	0	0.00	0.09	43.99
Core	CPU	Avg_MHz	Busy%	Bzy_MHz	TSC_MHz	IPC	IRQ	NMI	SMI	POLL%	C1%	C2%	CorWatt	PkgWatt
-	-	85	2.34	3634	3394	0.18	38763	0	0	0.00	0.15	97.59	6.70	25.08
0	0	54	1.53	3568	3394	0.07	2025	0	0	0.00	0.00	98.55	0.79	25.08
0	8	60	1.69	3560	3394	0.07	2138	0	0	0.00	0.01	98.36
1	1	162	4.12	3931	3394	0.47	2375	0	0	0.00	0.11	95.85	0.94
1	9	84	2.32	3633	3394	0.12	2981	0	0	0.00	0.16	97.62
2	2	98	2.71	3615	3394	0.15	2697	0	0	0.00	0.80	96.59	0.86
2	10	99	2.75	3576	3394	0.15	3011	0	0	0.00	0.00	97.34
3	3	147	4.04	3627	3394	0.24	3259	0	0	0.01	0.32	95.72	0.86
3	11	62	1.71	3593	3394	0.11	2142	0	0	0.00	0.19	98.17
4	4	66	1.85	3586	3394	0.12	2153	0	0	0.00	0.01	98.21	0.82
4	12	82	2.25	3622	3394	0.11	2397	0	0	0.00	0.01	97.82
5	5	91	2.53	3588	3394	0.17	2401	0	0	0.00	0.19	97.36	0.81
5	13	56	1.58	3573	3394	0.07	2130	0	0	0.00	0.32	98.18
6	6	95	2.64	3597	3394	0.17	2445	0	0	0.00	0.19	97.24	0.84
6	14	71	1.98	3575	3394	0.13	2387	0	0	0.00	0.00	98.10
7	7	78	2.15	3613	3394	0.13	2162	0	0	0.00	0.15	97.77	0.80
7	15	54	1.51	3571	3394	0.07	2060	0	0	0.00	0.00	98.56
Core	CPU	Avg_MHz	Busy%	Bzy_MHz	TSC_MHz	IPC	IRQ	NMI	SMI	POLL%	C1%	C2%	CorWatt	PkgWatt
-	-	100	2.78	3602	3394	0.19	41977	1	0	0.00	1.97	95.33	6.76	25.29
0	0	56	1.56	3562	3394	0.06	2043	0	0	0.00	0.10	98.42	0.79	25.29
0	8	71	1.99	3578	3394	0.15	2067	0	0	0.00	0.13	97.94
1	1	205	5.62	3647	3394	0.31	3123	0	0	0.00	0.57	93.91	0.95
1	9	101	2.82	3584	3394	0.13	3500	0	0	0.00	0.73	96.57
2	2	83	2.32	3572	3394	0.09	2625	0	0	0.00	2.01	95.75	0.83
2	10	95	2.66	3576	3394	0.17	3464	0	0	0.01	2.13	95.31
3	3	72	2.03	3550	3394	0.16	2628	0	0	0.02	0.37	97.70	0.80
3	11	83	2.34	3559	3394	0.15	2994	0	0	0.00	1.66	96.10
4	4	81	2.25	3572	3394	0.14	2240	0	0	0.00	0.19	97.63	0.81
4	12	79	2.20	3568	3394	0.13	2307	0	0	0.00	0.35	97.53
5	5	200	5.50	3633	3394	0.29	3281	1	0	0.00	10.32	84.28	0.90
5	13	83	2.32	3597	3394	0.09	2406	0	0	0.00	0.89	96.87
6	6	139	3.87	3591	3394	0.21	2756	0	0	0.00	11.67	84.56	0.85
6	14	88	2.43	3600	3394	0.10	2315	0	0	0.00	0.25	97.40
7	7	116	3.14	3701	3394	0.36	2175	0	0	0.00	0.09	96.82	0.82
7	15	54	1.50	3573	3394	0.07	2053	0	0	0.00	0.00	98.57
