turbostat version 2025.09.09 - Len Brown <lenb@kernel.org>
Kernel command line: BOOT_IMAGE=/boot/vmlinuz-6.17.0-35-generic root=UUID=37e0ef02-2557-4d29-8187-72bb5e6547ba ro quiet splash vt.handoff=7
CPUID(0): AuthenticAMD 0x10 CPUID levels
CPUID(1): family:model:stepping 0x19:21:2 (25:33:2) microcode 0x0
CPUID(0x80000000): max_extended_levels: 0x80000023
CPUID(1): SSE3 MONITOR - - - TSC MSR - HT -
CPUID(6): APERF, No-TURBO, No-DTS, No-PTM, No-HWP, No-HWPnotify, No-HWPwindow, No-HWPepp, No-HWPpkg, No-EPB
CPUID(7): No-SGX No-Hybrid
cpu0: cpufreq driver: amd-pstate-epp
cpu0: cpufreq governor: powersave
cpufreq boost: 1
/dev/cpu_dma_latency: 2000000000 usec (default)
current_driver: acpi_idle
current_governor: menu
current_governor_ro: menu
cpu0: POLL: CPUIDLE CORE POLL IDLE
cpu0: C1: ACPI FFH MWAIT 0x0
cpu0: C2: ACPI IOPORT 0x414
RAPL: 234 sec. Joule Counter Range, at 280 Watts
intel-rapl:0: package-0 disabled
intel-rapl:0/intel-rapl:0:0: core disabled
cpu0: MSR_RAPL_PWR_UNIT: 0x000a1003 (0.125000 Watts, 0.000015 Joules, 0.000977 sec.)
Core	CPU	Avg_MHz	Busy%	Bzy_MHz	TSC_MHz	IPC	IRQ	NMI	SMI	POLL%	C1%	C2%	CorWatt	PkgWatt
-	-	137	3.71	3683	3394	0.33	45602	0	0	0.00	0.45	95.94	6.76	24.96
0	0	107	2.96	3626	3394	0.26	2562	0	0	0.00	0.06	97.06	0.77	24.95
0	8	104	2.91	3559	3394	0.19	2641	0	0	0.00	0.09	97.08
1	1	183	4.89	3750	3394	0.54	2449	0	0	0.00	0.14	95.05	0.93
1	9	162	4.41	3677	3394	0.34	3830	0	0	0.00	0.36	95.33
2	2	132	3.67	3605	3394	0.23	3338	0	0	0.00	1.91	94.53	0.82
2	10	134	3.73	3605	3394	0.22	3674	0	0	0.00	0.44	95.94
3	3	92	2.57	3591	3394	0.14	2798	0	0	0.04	0.96	96.57	0.76
3	11	104	2.91	3559	3394	0.21	3050	0	0	0.00	0.31	96.88
4	4	107	2.94	3652	3394	0.25	2444	0	0	0.00	0.76	96.39	0.87
4	12	189	5.07	3735	3394	0.39	3308	0	0	0.00	0.30	94.72
5	5	177	4.62	3821	3394	0.51	2467	0	0	0.00	0.50	94.96	0.92
5	13	155	4.24	3661	3394	0.29	2799	0	0	0.00	0.30	95.51
6	6	68	1.93	3541	3394	0.11	2347	0	0	0.00	0.21	97.95	0.72
6	14	86	2.43	3543	3394	0.23	2394	0	0	0.00	0.44	97.21
7	7	260	6.93	3746	3394	0.46	3359	0	0	0.00	0.21	92.96	0.97
7	15	123	3.12	3946	3394	0.41	2142	0	0	0.00	0.19	96.76
Core	CPU	Avg_MHz	Busy%	Bzy_MHz	TSC_MHz	IPC	IRQ	NMI	SMI	POLL%	C1%	C2%	CorWatt	PkgWatt
-	-	261	6.37	4093	3393	0.96	44049	0	0	0.00	0.57	93.11	13.52	32.03
0	0	119	3.17	3747	3394	0.37	2664	0	0	0.00	0.64	96.25	1.23	32.08
0	8	169	4.64	3649	3394	0.38	2958	0	0	0.00	0.48	94.95
1	1	1498	33.25	4507	3394	1.41	3055	0	0	0.00	0.81	66.00	3.67
1	9	161	3.88	4151	3394	0.53	2968	0	0	0.00	0.34	95.86
2	2	122	3.36	3648	3394	0.46	2997	0	0	0.00	0.64	96.09	1.23
2	10	140	3.80	3686	3394	0.64	2724	0	0	0.00	0.56	95.74
3	3	185	4.82	3838	3394	0.64	3216	0	0	0.04	0.50	94.77	1.32
3	11	82	2.27	3618	3394	0.42	2476	0	0	0.00	0.41	97.41
4	4	160	4.29	3730	3394	0.47	2872	0	0	0.00	0.81	94.99	1.41
4	12	207	5.26	3923	3394	0.88	2699	0	0	0.00	0.46	94.35
5	5	336	7.99	4202	3394	1.19	2470	0	0	0.00	0.77	91.31	1.67
5	13	172	4.44	3872	3394	0.40	2446	0	0	0.00	0.09	95.53
6	6	111	2.98	3731	3394	0.37	2335	0	0	0.00	0.32	96.77	1.25
6	14	143	3.75	3800	3394	0.78	2751	0	0	0.01	0.91	95.42
7	7	326	8.08	4036	3394	0.95	2890	0	0	0.01	0.40	91.55	1.75
7	15	243	5.98	4073	3394	0.90	2528	0	0	0.00	0.96	93.14
Core	CPU	Avg_MHz	Busy%	Bzy_MHz	TSC_MHz	IPC	IRQ	NMI	SMI	POLL%	C1%	C2%	CorWatt	PkgWatt
-	-	371	8.41	4416	3395	0.80	37473	0	0	0.01	0.13	91.56	18.52	38.30
0	0	80	2.17	3704	3394	0.14	2251	0	0	0.00	0.01	97.90	1.41	38.23
0	8	58	1.57	3701	3394	0.09	2123	0	0	0.00	0.11	98.40
1	1	302	6.50	4638	3394	0.78	2079	0	0	0.00	0.03	93.52	8.15
1	9	4412	95.07	4641	3394	0.98	2439	0	0	0.00	0.00	4.93
2	2	86	2.33	3705	3394	0.15	2585	0	0	0.00	0.20	97.56	1.44
2	10	64	1.72	3702	3394	0.09	2390	0	0	0.00	0.02	98.34
3	3	90	2.43	3705	3394	0.12	2761	0	0	0.20	0.13	97.53	1.53
3	11	72	1.96	3703	3394	0.13	2469	0	0	0.00	0.69	97.44
4	4	61	1.65	3711	3394	0.09	2121	0	0	0.00	0.01	98.41	1.51
4	12	136	3.54	3848	3394	0.36	2329	0	0	0.00	0.20	96.30
5	5	85	2.30	3705	3394	0.09	2155	0	0	0.00	0.05	97.73	1.51
5	13	106	2.87	3706	3394	0.22	2429	0	0	0.00	0.08	97.13
6	6	81	2.18	3704	3394	0.13	2225	0	0	0.00	0.00	97.89	1.43
6	14	73	1.96	3703	3394	0.12	2283	0	0	0.00	0.49	97.61
7	7	127	3.44	3707	3394	0.17	2531	0	0	0.00	0.05	96.59	1.53
7	15	108	2.93	3707	3394	0.25	2303	0	0	0.00	0.01	97.14
Core	CPU	Avg_MHz	Busy%	Bzy_MHz	TSC_MHz	IPC	IRQ	NMI	SMI	POLL%	C1%	C2%	CorWatt	PkgWatt
-	-	1470	35.08	4190	3392	1.15	38089	2	0	0.00	0.21	64.74	44.14	60.59
0	0	289	6.80	4259	3394	0.19	2297	0	0	0.00	0.05	93.25	5.19	60.66
0	8	2413	58.31	4137	3394	1.32	2207	0	0	0.00	0.32	41.40
1	1	339	7.75	4373	3394	0.62	2279	0	0	0.00	0.04	92.30	7.16
1	9	4044	93.11	4343	3394	1.00	2318	0	0	0.00	0.22	6.68
2	2	2429	58.70	4137	3394	1.32	2410	1	0	0.00	0.05	41.28	5.30
2	10	269	6.19	4353	3394	0.21	2382	0	0	0.00	0.12	93.79
3	3	335	7.85	4266	3394	0.47	2852	0	0	0.02	0.18	92.08	5.31
3	11	2380	57.40	4147	3394	1.30	2255	0	0	0.00	0.80	41.84
4	4	505	11.51	4388	3394	0.30	2581	0	0	0.00	0.20	88.39	5.32
4	12	2244	54.68	4105	3394	1.38	2396	1	0	0.00	0.08	45.28
5	5	1882	46.62	4037	3394	1.53	2325	0	0	0.00	0.14	53.30	5.36
5	13	871	19.53	4460	3394	0.49	2242	0	0	0.00	0.23	80.31
6	6	339	7.88	4297	3394	0.23	2526	0	0	0.00	0.21	92.01	5.26
6	14	2410	58.21	4140	3394	1.32	2205	0	0	0.00	0.64	41.19
7	7	529	12.03	4401	3394	0.30	2468	0	0	0.00	0.08	87.99	5.26
7	15	2249	54.74	4108	3394	1.38	2346	0	0	0.00	0.08	45.22
Core	CPU	Avg_MHz	Busy%	Bzy_MHz	TSC_MHz	IPC	IRQ	NMI	SMI	POLL%	C1%	C2%	CorWatt	PkgWatt
-	-	2427	52.70	4606	3394	0.26	39134	3	0	0.00	0.10	47.27	45.17	66.64
0	0	2424	52.57	4612	3394	0.26	2420	0	0	0.00	0.06	47.42	5.59	66.62
0	8	2320	50.32	4610	3394	0.26	2337	0	0	0.00	0.03	49.71
1	1	1385	30.06	4609	3394	0.25	2362	0	0	0.00	0.06	69.93	6.12
1	9	4197	90.67	4628	3394	0.30	2445	1	0	0.00	0.06	9.28
2	2	2119	46.21	4585	3394	0.26	2605	0	0	0.00	0.18	53.68	5.70
2	10	2712	59.02	4596	3394	0.26	2388	1	0	0.00	0.20	40.83
3	3	2935	63.97	4588	3394	0.26	2771	0	0	0.00	0.10	35.97	5.52
3	11	1698	36.93	4598	3394	0.24	2511	0	0	0.00	0.08	63.07
4	4	705	15.33	4597	3394	0.20	2481	0	0	0.00	0.07	84.70	5.74
4	12	4148	89.91	4614	3394	0.27	2364	0	0	0.00	0.14	9.96
5	5	2524	55.18	4575	3394	0.25	2523	1	0	0.00	0.14	44.74	5.30
5	13	1849	40.21	4599	3394	0.24	2396	0	0	0.00	0.10	59.76
6	6	3339	72.49	4607	3394	0.26	2346	0	0	0.00	0.10	27.45	5.57
6	14	1490	32.33	4609	3394	0.23	2371	0	0	0.00	0.05	67.70
7	7	3195	69.31	4610	3394	0.26	2407	0	0	0.00	0.14	30.59	5.62
7	15	1784	38.65	4616	3394	0.23	2407	0	0	0.00	0.06	61.36
Core	CPU	Avg_MHz	Busy%	Bzy_MHz	TSC_MHz	IPC	IRQ	NMI	SMI	POLL%	C1%	C2%	CorWatt	PkgWatt
-	-	2444	53.14	4600	3393	0.26	41020	2	0	0.00	0.13	46.78	45.43	66.78
0	0	3327	72.27	4604	3394	0.26	2472	1	0	0.00	0.06	27.70	5.64	66.80
0	8	1595	34.64	4603	3394	0.23	2714	0	0	0.00	0.03	65.42
1	1	1581	34.39	4597	3394	0.27	2513	0	0	0.00	0.07	65.62	5.70
1	9	3405	73.84	4611	3394	0.27	2883	0	0	0.00	0.17	26.03
2	2	928	20.35	4560	3394	0.20	2932	0	0	0.00	0.08	79.69	5.82
2	10	3989	86.59	4607	3394	0.28	2703	0	0	0.01	0.60	12.83
3	3	2066	45.24	4567	3394	0.25	3055	0	0	0.00	0.17	54.67	5.49
3	11	2539	55.22	4598	3394	0.26	2473	0	0	0.00	0.03	44.81
4	4	2673	58.07	4604	3394	0.26	2352	0	0	0.00	0.13	41.86	5.85
4	12	2381	51.62	4613	3394	0.26	2391	0	0	0.00	0.18	48.27
5	5	1307	28.44	4595	3394	0.24	2566	0	0	0.00	0.10	71.56	5.61
5	13	3442	74.75	4605	3394	0.26	2394	0	0	0.00	0.14	25.15
6	6	1456	31.77	4582	3394	0.23	2518	0	0	0.00	0.03	68.30	5.64
6	14	3492	75.82	4606	3394	0.26	2466	1	0	0.00	0.14	24.08
7	7	2203	47.83	4606	3394	0.28	2276	0	0	0.00	0.03	52.20	5.68
7	15	2738	59.40	4609	3394	0.26	2312	0	0	0.00	0.13	40.52
Core	CPU	Avg_MHz	Busy%	Bzy_MHz	TSC_MHz	IPC	IRQ	NMI	SMI	POLL%	C1%	C2%	CorWatt	PkgWatt
-	-	2507	54.51	4599	3395	0.26	42244	3	0	0.00	0.16	45.41	45.91	67.17
0	0	1375	30.06	4574	3394	0.23	2840	0	0	0.00	0.12	69.91	5.54	67.13
0	8	3414	74.22	4600	3394	0.26	2469	1	0	0.00	0.10	25.71
1	1	2278	49.61	4592	3394	0.26	2392	0	0	0.00	0.07	50.38	5.71
1	9	2845	61.86	4600	3394	0.25	2732	0	0	0.00	0.36	37.83
2	2	2332	50.73	4597	3394	0.26	3048	0	0	0.00	0.05	49.29	5.99
2	10	2891	62.85	4601	3394	0.27	2461	0	0	0.00	0.42	36.77
3	3	2296	50.19	4574	3394	0.26	3362	0	0	0.00	0.24	49.64	5.63
3	11	2411	52.57	4586	3394	0.25	2543	0	0	0.00	0.22	47.28
4	4	1832	39.78	4606	3394	0.25	3022	0	0	0.00	0.13	60.16	5.84
4	12	3199	69.43	4608	3394	0.26	2383	0	0	0.00	0.02	30.58
5	5	1141	24.79	4603	3394	0.23	2433	0	0	0.00	0.01	75.29	5.83
5	13	4008	86.96	4609	3394	0.26	2451	1	0	0.00	0.21	12.84
6	6	2018	44.25	4562	3394	0.24	2535	0	0	0.00	0.08	55.75	5.59
6	14	2905	63.19	4597	3394	0.25	2455	0	0	0.00	0.18	36.68
7	7	2016	43.72	4611	3394	0.26	2626	0	0	0.00	0.16	56.18	5.76
7	15	3128	67.89	4607	3394	0.25	2492	1	0	0.00	0.12	32.03
Core	CPU	Avg_MHz	Busy%	Bzy_MHz	TSC_MHz	IPC	IRQ	NMI	SMI	POLL%	C1%	C2%	CorWatt	PkgWatt
-	-	2375	51.68	4596	3393	0.26	37582	2	0	0.00	0.10	48.27	45.16	66.57
0	0	588	12.78	4604	3394	0.23	2262	0	0	0.00	0.01	87.30	5.65	66.58
0	8	4200	91.26	4602	3394	0.27	2335	0	0	0.00	0.24	8.51
1	1	1879	40.86	4599	3394	0.27	2180	0	0	0.00	0.00	59.20	5.61
1	9	2908	63.19	4602	3394	0.26	2392	0	0	0.00	0.01	36.84
2	2	1121	24.68	4541	3394	0.26	2460	0	0	0.00	0.01	75.40	5.75
2	10	3614	78.48	4605	3394	0.28	2311	0	0	0.00	0.29	21.25
3	3	2086	46.13	4522	3394	0.25	3003	0	0	0.00	0.12	53.83	5.37
3	11	2267	49.32	4596	3394	0.26	2304	0	0	0.00	0.07	50.67
4	4	1607	34.89	4606	3394	0.25	2279	1	0	0.00	0.01	65.18	5.82
4	12	3304	71.72	4607	3394	0.27	2370	0	0	0.00	0.19	28.12
5	5	813	17.66	4603	3394	0.21	2284	0	0	0.00	0.01	82.42	5.66
5	13	3989	86.67	4603	3394	0.27	2317	0	0	0.00	0.19	13.16
6	6	2501	54.56	4583	3394	0.26	2310	0	0	0.00	0.23	45.26	5.58
6	14	2213	48.04	4607	3394	0.26	2262	0	0	0.00	0.09	51.93
7	7	2338	50.68	4612	3394	0.28	2233	1	0	0.00	0.10	49.27	5.72
7	15	2581	56.02	4608	3394	0.26	2280	0	0	0.00	0.05	43.97
Core	CPU	Avg_MHz	Busy%	Bzy_MHz	TSC_MHz	IPC	IRQ	NMI	SMI	POLL%	C1%	C2%	CorWatt	PkgWatt
-	-	2356	51.26	4595	3394	0.27	37009	1	0	0.00	0.12	48.68	45.16	66.50
0	0	2325	50.57	4598	3394	0.27	2287	0	0	0.00	0.08	49.40	5.67	66.48
0	8	2488	54.03	4605	3394	0.26	2312	0	0	0.00	0.14	45.88
1	1	1687	36.66	4601	3394	0.27	2186	0	0	0.00	0.01	63.39	5.60
1	9	3044	66.13	4603	3394	0.26	2355	0	0	0.00	0.07	33.84
2	2	3022	65.73	4597	3394	0.28	2454	0	0	0.00	0.30	34.02	5.83
2	10	1699	36.93	4600	3394	0.28	2152	0	0	0.00	0.21	62.93
3	3	3999	87.28	4582	3394	0.27	2884	0	0	0.00	0.58	12.16	5.47
3	11	433	9.56	4530	3394	0.17	2198	0	0	0.00	0.04	90.51
4	4	1478	32.09	4605	3394	0.26	2252	0	0	0.00	0.03	67.96	5.81
4	12	3427	74.46	4602	3394	0.26	2293	1	0	0.00	0.08	25.49
5	5	1555	33.82	4598	3394	0.26	2323	0	0	0.00	0.10	66.16	5.68
5	13	3214	69.87	4601	3394	0.27	2272	0	0	0.00	0.13	30.04
6	6	1609	35.34	4553	3394	0.26	2287	0	0	0.00	0.01	64.73	5.52
6	14	2968	64.55	4599	3394	0.26	2258	0	0	0.00	0.14	35.35
7	7	654	14.30	4573	3394	0.24	2208	0	0	0.00	0.00	85.80	5.58
7	15	4087	88.83	4600	3394	0.27	2288	0	0	0.00	0.00	11.18
Core	CPU	Avg_MHz	Busy%	Bzy_MHz	TSC_MHz	IPC	IRQ	NMI	SMI	POLL%	C1%	C2%	CorWatt	PkgWatt
-	-	2351	51.21	4591	3393	0.27	36728	5	0	0.00	0.09	48.75	45.21	66.47
0	0	1330	29.12	4569	3394	0.26	2182	0	0	0.00	0.00	70.95	5.67	66.49
0	8	3507	76.21	4601	3394	0.26	2270	0	0	0.00	0.03	23.78
1	1	2103	45.76	4596	3394	0.26	2188	1	0	0.00	0.04	54.27	5.63
1	9	2710	58.89	4601	3394	0.26	2354	1	0	0.00	0.06	41.09
2	2	2704	59.04	4579	3394	0.28	2381	0	0	0.00	0.18	40.83	5.80
2	10	1945	42.33	4596	3394	0.28	2220	0	0	0.00	0.17	57.57
3	3	2617	57.22	4574	3394	0.26	2861	1	0	0.00	0.33	42.52	5.50
3	11	1865	40.65	4588	3394	0.26	2263	1	0	0.00	0.02	59.40
4	4	617	13.41	4604	3394	0.24	2221	0	0	0.00	0.01	86.68	5.78
4	12	4164	90.53	4599	3394	0.27	2278	0	0	0.00	0.01	9.47
5	5	1347	29.43	4577	3394	0.26	2223	0	0	0.00	0.07	70.59	5.70
5	13	3405	74.00	4601	3394	0.26	2294	0	0	0.00	0.28	25.76
6	6	2439	53.32	4574	3394	0.26	2271	1	0	0.00	0.21	46.52	5.48
6	14	2062	44.96	4588	3394	0.25	2276	0	0	0.00	0.01	55.09
7	7	2060	44.89	4589	3394	0.27	2231	0	0	0.00	0.07	55.10	5.66
7	15	2746	59.66	4603	3394	0.26	2215	0	0	0.00	0.02	40.36
Core	CPU	Avg_MHz	Busy%	Bzy_MHz	TSC_MHz	IPC	IRQ	NMI	SMI	POLL%	C1%	C2%	CorWatt	PkgWatt
-	-	2339	50.97	4589	3393	0.27	36519	0	0	0.00	0.12	48.95	45.36	66.73
0	0	2230	48.47	4600	3394	0.26	2219	0	0	0.00	0.13	51.45	5.72	66.77
0	8	2621	56.96	4602	3394	0.26	2272	0	0	0.00	0.11	42.99
1	1	1442	31.35	4600	3394	0.27	2191	0	0	0.00	0.01	68.71	5.71
1	9	3413	74.13	4604	3394	0.27	2370	0	0	0.00	0.16	25.74
2	2	2704	59.14	4573	3394	0.28	2409	0	0	0.00	0.31	40.60	5.68
2	10	1735	37.84	4585	3394	0.27	2243	0	0	0.00	0.04	62.19
3	3	2270	49.34	4599	3394	0.27	2770	0	0	0.00	0.23	50.50	5.89
3	11	2739	59.47	4605	3394	0.27	2203	0	0	0.00	0.00	40.57
4	4	1446	31.47	4595	3394	0.26	2178	0	0	0.00	0.01	68.60	5.84
4	12	3398	73.79	4605	3394	0.27	2239	0	0	0.00	0.00	26.24
5	5	893	19.46	4591	3394	0.25	2136	0	0	0.00	0.00	80.62	5.71
5	13	3769	81.93	4601	3394	0.27	2269	0	0	0.00	0.49	17.61
6	6	3372	74.21	4544	3394	0.28	2333	0	0	0.00	0.34	25.47	5.07
6	14	448	10.20	4388	3394	0.19	2240	0	0	0.00	0.01	89.88
7	7	1647	35.86	4593	3394	0.27	2222	0	0	0.00	0.04	64.17	5.75
7	15	3310	71.92	4602	3394	0.27	2225	0	0	0.00	0.04	28.07
Core	CPU	Avg_MHz	Busy%	Bzy_MHz	TSC_MHz	IPC	IRQ	NMI	SMI	POLL%	C1%	C2%	CorWatt	PkgWatt
-	-	2343	51.01	4593	3395	0.27	36664	4	0	0.00	0.07	48.99	45.46	66.54
0	0	2630	57.23	4596	3394	0.27	2214	0	0	0.00	0.08	42.74	5.73	66.49
0	8	2190	47.56	4606	3394	0.26	2178	0	0	0.00	0.00	52.49
1	1	1542	33.46	4608	3394	0.27	2162	0	0	0.00	0.00	66.61	5.76
1	9	3444	74.88	4600	3394	0.27	2386	0	0	0.00	0.15	25.00
2	2	1075	23.72	4529	3394	0.27	2367	1	0	0.00	0.13	76.24	5.60
2	10	3249	70.82	4587	3394	0.29	2323	1	0	0.00	0.25	28.96
3	3	2248	48.99	4589	3394	0.27	2768	0	0	0.00	0.07	51.01	5.73
3	11	2492	54.25	4595	3394	0.27	2258	0	0	0.00	0.08	45.73
4	4	1159	25.23	4594	3394	0.27	2142	0	0	0.00	0.02	74.83	5.90
4	12	3784	82.22	4603	3394	0.27	2272	0	0	0.00	0.06	17.74
5	5	3316	72.56	4571	3394	0.29	2362	0	0	0.00	0.18	27.29	5.48
5	13	992	21.78	4553	3394	0.24	2238	0	0	0.00	0.06	78.24
6	6	1240	27.04	4584	3394	0.24	2236	0	0	0.00	0.01	73.03	5.62
6	14	3408	74.17	4595	3394	0.27	2313	1	0	0.00	0.05	25.81
7	7	366	7.97	4588	3394	0.23	2147	0	0	0.00	0.00	92.13	5.63
7	15	4335	94.23	4600	3394	0.27	2298	1	0	0.00	0.01	5.77
Core	CPU	Avg_MHz	Busy%	Bzy_MHz	TSC_MHz	IPC	IRQ	NMI	SMI	POLL%	C1%	C2%	CorWatt	PkgWatt
-	-	2343	51.08	4588	3393	0.27	36466	2	0	0.00	0.10	48.87	45.31	66.58
0	0	3514	76.54	4591	3394	0.27	2281	0	0	0.00	0.26	23.23	5.70	66.60
0	8	1365	29.69	4599	3394	0.24	2213	1	0	0.00	0.01	70.38
1	1	1316	28.65	4594	3394	0.28	2152	0	0	0.00	0.01	71.43	5.69
1	9	3596	78.28	4594	3394	0.27	2359	0	0	0.00	0.12	21.63
2	2	3375	73.70	4579	3394	0.28	2423	0	0	0.00	0.13	26.20	5.74
2	10	1195	26.03	4590	3394	0.26	2278	0	0	0.00	0.08	73.98
3	3	1215	26.75	4542	3394	0.26	2658	0	0	0.00	0.16	73.18	5.60
3	11	3370	73.40	4591	3394	0.27	2265	0	0	0.00	0.12	26.51
4	4	1373	29.91	4590	3394	0.26	2180	0	0	0.00	0.01	70.16	5.79
4	12	3395	73.94	4591	3394	0.27	2251	0	0	0.00	0.09	26.00
5	5	2637	57.61	4577	3394	0.30	2223	0	0	0.00	0.14	42.30	5.50
5	13	1714	37.47	4574	3394	0.26	2249	1	0	0.00	0.16	62.45
6	6	1421	30.94	4592	3394	0.26	2176	0	0	0.00	0.06	69.07	5.63
6	14	3215	70.01	4592	3394	0.27	2277	0	0	0.00	0.12	29.90
7	7	1404	30.54	4599	3394	0.27	2209	0	0	0.00	0.05	69.49	5.67
7	15	3392	73.85	4594	3394	0.27	2272	0	0	0.00	0.09	26.09
Core	CPU	Avg_MHz	Busy%	Bzy_MHz	TSC_MHz	IPC	IRQ	NMI	SMI	POLL%	C1%	C2%	CorWatt	PkgWatt
-	-	2348	51.18	4588	3394	0.27	36428	2	0	0.00	0.10	48.78	45.42	66.76
0	0	1731	37.71	4591	3394	0.27	2180	0	0	0.00	0.09	62.27	5.69	66.76
0	8	3090	67.28	4593	3394	0.27	2253	0	0	0.00	0.04	32.72
1	1	1462	31.84	4592	3394	0.27	2156	0	0	0.00	0.05	68.18	5.59
1	9	3226	70.22	4593	3394	0.27	2369	0	0	0.00	0.01	29.80
2	2	2859	62.40	4582	3394	0.28	2364	0	0	0.00	0.23	37.42	5.78
2	10	1777	38.73	4587	3394	0.27	2213	0	0	0.00	0.01	61.33
3	3	2640	57.57	4586	3394	0.27	2717	0	0	0.01	0.17	42.31	5.66
3	11	1988	43.30	4593	3394	0.27	2181	0	0	0.00	0.01	56.76
4	4	2403	52.46	4580	3394	0.27	2280	0	0	0.00	0.12	47.48	5.72
4	12	2258	49.16	4593	3394	0.27	2230	1	0	0.00	0.01	50.89
5	5	3694	80.65	4580	3394	0.29	2273	1	0	0.00	0.40	18.98	5.59
5	13	823	18.16	4533	3394	0.23	2221	0	0	0.00	0.01	81.93
6	6	1544	33.64	4589	3394	0.26	2276	0	0	0.00	0.03	66.41	5.68
6	14	3218	70.09	4591	3394	0.27	2279	0	0	0.00	0.18	29.77
7	7	1733	37.67	4600	3394	0.28	2193	0	0	0.00	0.04	62.36	5.71
7	15	3123	68.00	4593	3394	0.27	2243	0	0	0.00	0.19	31.85
Core	CPU	Avg_MHz	Busy%	Bzy_MHz	TSC_MHz	IPC	IRQ	NMI	SMI	POLL%	C1%	C2%	CorWatt	PkgWatt
-	-	2343	51.11	4585	3394	0.27	36787	1	0	0.00	0.09	48.86	45.55	66.86
0	0	2931	64.27	4560	3394	0.27	2340	1	0	0.00	0.09	35.68	5.51	66.87
0	8	1562	34.18	4569	3394	0.26	2284	0	0	0.00	0.08	65.81
1	1	2730	59.53	4586	3394	0.27	2248	0	0	0.00	0.10	40.42	5.68
1	9	2081	45.28	4595	3394	0.26	2385	0	0	0.00	0.02	54.76
2	2	2412	52.98	4553	3394	0.29	2426	0	0	0.00	0.37	46.70	5.54
2	10	1794	39.17	4580	3394	0.28	2245	0	0	0.00	0.07	60.84
3	3	2867	62.38	4596	3394	0.28	2745	0	0	0.00	0.19	37.49	5.87
3	11	2031	44.20	4595	3394	0.26	2330	0	0	0.00	0.03	55.83
4	4	1791	39.00	4593	3394	0.27	2180	0	0	0.00	0.12	60.94	5.84
4	12	2994	65.14	4597	3394	0.27	2228	0	0	0.00	0.06	34.84
5	5	1574	34.26	4595	3394	0.27	2172	0	0	0.00	0.07	65.75	5.83
5	13	3331	72.50	4594	3394	0.27	2244	0	0	0.00	0.08	27.45
6	6	1528	33.42	4573	3394	0.26	2226	0	0	0.00	0.04	66.61	5.58
6	14	3029	66.01	4589	3394	0.27	2264	0	0	0.00	0.03	34.00
7	7	1863	40.70	4577	3394	0.27	2229	0	0	0.00	0.05	59.32	5.69
7	15	2973	64.73	4593	3394	0.27	2241	0	0	0.00	0.01	35.31
Core	CPU	Avg_MHz	Busy%	Bzy_MHz	TSC_MHz	IPC	IRQ	NMI	SMI	POLL%	C1%	C2%	CorWatt	PkgWatt
-	-	2367	51.63	4585	3393	0.27	37053	1	0	0.00	0.10	48.33	45.87	67.21
0	0	2610	56.80	4595	3394	0.28	2233	0	0	0.00	0.20	43.05	5.80	67.21
0	8	2213	48.19	4591	3394	0.26	2280	0	0	0.00	0.00	51.86
1	1	2138	46.59	4589	3394	0.27	2210	0	0	0.00	0.04	53.43	5.64
1	9	2566	55.89	4592	3394	0.27	2436	1	0	0.00	0.15	44.01
2	2	2998	65.55	4573	3394	0.27	2434	0	0	0.00	0.13	34.36	5.86
2	10	1803	39.29	4589	3394	0.27	2193	0	0	0.00	0.11	60.67
3	3	3310	72.48	4566	3394	0.28	2870	0	0	0.00	0.50	27.05	5.40
3	11	908	19.98	4542	3394	0.24	2290	0	0	0.00	0.07	80.04
4	4	2003	43.59	4594	3394	0.28	2303	0	0	0.00	0.06	56.43	5.96
4	12	2952	64.33	4588	3394	0.27	2268	0	0	0.00	0.02	35.69
5	5	1597	34.78	4593	3394	0.27	2208	0	0	0.00	0.03	65.27	5.82
5	13	3228	70.32	4591	3394	0.27	2260	0	0	0.00	0.05	29.66
6	6	1733	37.77	4589	3394	0.26	2326	0	0	0.00	0.06	62.24	5.77
6	14	3106	67.64	4592	3394	0.27	2264	0	0	0.00	0.04	32.36
7	7	1498	32.72	4577	3394	0.25	2236	0	0	0.00	0.04	67.31	5.63
7	15	3217	70.08	4590	3394	0.27	2242	0	0	0.00	0.07	29.89
Core	CPU	Avg_MHz	Busy%	Bzy_MHz	TSC_MHz	IPC	IRQ	NMI	SMI	POLL%	C1%	C2%	CorWatt	PkgWatt
-	-	2353	51.39	4579	3390	0.27	36956	2	0	0.00	0.11	48.50	45.53	66.90
0	0	2473	54.02	4579	3394	0.28	2197	0	0	0.00	0.00	46.03	5.77	67.14
0	8	2477	54.01	4586	3394	0.26	2287	0	0	0.00	0.09	45.95
1	1	2388	51.99	4593	3394	0.27	2291	0	0	0.00	0.14	47.93	5.70
1	9	2474	53.89	4591	3394	0.27	2397	0	0	0.00	0.07	46.09
2	2	3052	67.02	4554	3394	0.29	2395	0	0	0.00	0.20	32.82	5.51
2	10	1174	25.78	4555	3394	0.26	2208	0	0	0.00	0.21	74.09
3	3	2317	50.63	4575	3394	0.26	2758	1	0	0.00	0.24	49.20	5.62
3	11	2293	49.99	4586	3394	0.26	2291	0	0	0.00	0.02	50.05
4	4	2191	47.72	4591	3394	0.28	2345	0	0	0.00	0.17	52.17	5.83
4	12	2585	56.27	4594	3394	0.27	2361	0	0	0.00	0.18	43.60
5	5	2056	44.77	4593	3394	0.27	2235	0	0	0.00	0.09	55.20	5.82
5	13	2820	61.38	4594	3394	0.27	2201	0	0	0.00	0.00	38.66
6	6	1543	33.67	4584	3394	0.26	2203	0	0	0.00	0.07	66.34	5.66
6	14	3115	67.88	4589	3394	0.27	2293	0	0	0.00	0.13	32.02
7	7	756	16.45	4596	3394	0.27	2212	0	0	0.00	0.06	83.58	5.68
7	15	3984	86.79	4590	3394	0.27	2282	1	0	0.00	0.11	13.12
Core	CPU	Avg_MHz	Busy%	Bzy_MHz	TSC_MHz	IPC	IRQ	NMI	SMI	POLL%	C1%	C2%	CorWatt	PkgWatt
-	-	2356	51.36	4587	3398	0.27	37067	4	0	0.00	0.07	48.70	45.76	66.91
0	0	1114	24.39	4568	3394	0.27	2153	0	0	0.00	0.01	75.67	5.74	66.66
0	8	3667	79.91	4588	3394	0.27	2258	0	0	0.00	0.08	20.04
1	1	1179	25.92	4549	3394	0.22	2333	0	0	0.00	0.08	74.09	5.46
1	9	3424	74.74	4582	3394	0.27	2471	0	0	0.00	0.10	25.19
2	2	2024	44.24	4575	3394	0.27	2392	1	0	0.00	0.05	55.77	5.89
2	10	2747	60.09	4572	3394	0.29	2293	0	0	0.00	0.09	39.87
3	3	2866	62.84	4561	3394	0.28	2840	0	0	0.00	0.22	36.98	5.50
3	11	1468	32.10	4572	3394	0.27	2227	1	0	0.00	0.01	67.97
4	4	1924	41.92	4589	3394	0.28	2304	1	0	0.00	0.06	58.09	5.94
4	12	2998	65.38	4585	3394	0.27	2302	0	0	0.00	0.22	34.44
5	5	1130	24.62	4591	3394	0.26	2274	0	0	0.00	0.00	75.46	5.75
5	13	3613	78.78	4586	3394	0.27	2284	0	0	0.00	0.13	21.11
6	6	1986	43.29	4589	3394	0.27	2200	0	0	0.00	0.01	56.77	5.74
6	14	2746	59.86	4587	3394	0.27	2224	1	0	0.00	0.01	40.18
7	7	983	21.44	4583	3394	0.26	2245	0	0	0.00	0.01	78.64	5.68
7	15	3773	82.25	4587	3394	0.27	2267	0	0	0.00	0.00	17.77
Core	CPU	Avg_MHz	Busy%	Bzy_MHz	TSC_MHz	IPC	IRQ	NMI	SMI	POLL%	C1%	C2%	CorWatt	PkgWatt
-	-	2344	51.21	4577	3391	0.27	36585	1	0	0.00	0.11	48.70	45.90	67.27
0	0	1186	25.87	4585	3394	0.27	2082	0	0	0.00	0.01	74.20	5.74	67.43
0	8	3499	76.22	4591	3394	0.27	2230	0	0	0.00	0.07	23.73
1	1	1554	33.73	4606	3394	0.27	2177	0	0	0.00	0.05	66.29	5.84
1	9	3452	75.21	4590	3394	0.27	2378	0	0	0.00	0.24	24.58
2	2	2596	57.14	4543	3394	0.28	2441	0	0	0.00	0.27	42.63	5.62
2	10	1749	38.19	4579	3394	0.27	2224	0	0	0.00	0.25	61.62
3	3	2214	48.29	4586	3394	0.26	2800	0	0	0.00	0.05	51.73	5.83
3	11	2601	56.70	4587	3394	0.27	2294	0	0	0.00	0.06	43.30
4	4	2885	62.80	4594	3394	0.28	2266	0	0	0.00	0.11	37.14	6.14
4	12	2283	49.61	4602	3394	0.28	2207	0	0	0.00	0.19	50.26
5	5	1898	41.51	4573	3394	0.27	2242	0	0	0.00	0.06	58.50	5.70
5	13	2687	58.64	4583	3394	0.27	2277	0	0	0.00	0.16	41.25
6	6	2732	60.08	4548	3394	0.27	2307	1	0	0.00	0.17	39.79	5.28
6	14	1336	29.44	4539	3394	0.26	2230	0	0	0.00	0.01	70.63
7	7	1083	23.60	4587	3394	0.26	2172	0	0	0.00	0.00	76.48	5.79
7	15	3776	82.24	4592	3394	0.27	2258	0	0	0.00	0.01	17.78
Core	CPU	Avg_MHz	Busy%	Bzy_MHz	TSC_MHz	IPC	IRQ	NMI	SMI	POLL%	C1%	C2%	CorWatt	PkgWatt
-	-	2362	51.58	4580	3395	0.27	37265	3	0	0.00	0.12	48.38	45.91	67.07
0	0	474	10.37	4570	3394	0.22	2169	0	0	0.00	0.01	89.72	5.72	66.99
0	8	4272	93.20	4584	3394	0.27	2320	1	0	0.00	0.00	6.81
1	1	392	8.57	4577	3394	0.19	2137	0	0	0.00	0.01	91.52	5.66
1	9	4331	94.48	4584	3394	0.27	2405	0	0	0.00	0.12	5.40
2	2	4079	89.03	4582	3394	0.28	2457	0	0	0.00	0.61	10.37	5.88
2	10	569	12.43	4577	3394	0.24	2256	0	0	0.00	0.04	87.62
3	3	1326	28.97	4577	3394	0.26	2796	0	0	0.01	0.10	71.02	5.81
3	11	3529	76.99	4584	3394	0.27	2338	0	0	0.00	0.24	22.80
4	4	2086	45.50	4585	3394	0.27	2265	0	0	0.00	0.05	54.51	5.83
4	12	2636	57.53	4582	3394	0.27	2246	1	0	0.00	0.15	42.37
5	5	3146	68.69	4580	3394	0.29	2272	0	0	0.00	0.09	31.26	5.95
5	13	1953	42.59	4585	3394	0.26	2219	1	0	0.00	0.04	57.44
6	6	2951	64.69	4561	3394	0.28	2292	0	0	0.00	0.17	35.18	5.59
6	14	1571	34.37	4571	3394	0.26	2306	0	0	0.00	0.14	65.57
7	7	1070	23.70	4516	3394	0.23	2396	0	0	0.00	0.15	76.24	5.43
7	15	3393	74.19	4574	3394	0.27	2391	0	0	0.00	0.05	25.80
Core	CPU	Avg_MHz	Busy%	Bzy_MHz	TSC_MHz	IPC	IRQ	NMI	SMI	POLL%	C1%	C2%	CorWatt	PkgWatt
-	-	2341	51.13	4579	3395	0.27	36433	3	0	0.00	0.10	48.84	45.77	67.05
0	0	3181	69.31	4590	3394	0.28	2207	0	0	0.00	0.20	30.53	5.82	66.97
0	8	1703	37.13	4587	3394	0.26	2203	0	0	0.00	0.01	62.93
1	1	2320	50.57	4588	3394	0.28	2216	1	0	0.00	0.15	49.33	5.81
1	9	2663	58.06	4587	3394	0.27	2357	1	0	0.00	0.03	41.95
2	2	3703	81.07	4567	3394	0.28	2427	0	0	0.00	0.41	18.54	5.74
2	10	783	17.14	4566	3394	0.25	2159	0	0	0.00	0.11	82.84
3	3	1555	33.99	4575	3394	0.27	2746	0	0	0.01	0.11	65.99	5.78
3	11	3149	68.72	4582	3394	0.27	2264	0	0	0.00	0.08	31.24
4	4	1816	39.60	4587	3394	0.27	2178	0	0	0.00	0.05	60.42	5.83
4	12	2873	62.67	4584	3394	0.27	2221	0	0	0.00	0.09	37.28
5	5	843	18.40	4581	3394	0.25	2147	0	0	0.00	0.00	81.69	5.80
5	13	3950	86.16	4585	3394	0.27	2263	0	0	0.00	0.06	13.80
6	6	2449	53.87	4546	3394	0.28	2284	0	0	0.00	0.15	46.03	5.49
6	14	1948	42.58	4574	3394	0.26	2213	0	0	0.00	0.01	57.48
7	7	1511	33.34	4532	3394	0.26	2278	1	0	0.00	0.04	66.69	5.49
7	15	2999	65.46	4582	3394	0.27	2270	0	0	0.00	0.14	34.44
Core	CPU	Avg_MHz	Busy%	Bzy_MHz	TSC_MHz	IPC	IRQ	NMI	SMI	POLL%	C1%	C2%	CorWatt	PkgWatt
-	-	2337	51.08	4575	3392	0.27	36540	1	0	0.00	0.10	48.85	45.83	67.14
0	0	2817	61.52	4579	3394	0.28	2248	0	0	0.00	0.17	38.36	5.79	67.21
0	8	2006	43.76	4584	3394	0.26	2158	0	0	0.00	0.04	56.26
1	1	1018	22.19	4588	3394	0.28	2113	0	0	0.00	0.01	77.88	5.72
1	9	3778	82.39	4585	3394	0.27	2342	0	0	0.00	0.18	17.46
2	2	3325	72.86	4563	3394	0.28	2414	0	0	0.00	0.22	26.95	5.64
2	10	958	21.14	4534	3394	0.26	2248	0	0	0.00	0.06	78.90
3	3	2131	46.55	4578	3394	0.28	2828	0	0	0.00	0.23	53.29	5.82
3	11	2646	57.74	4583	3394	0.27	2240	0	0	0.00	0.01	42.30
4	4	1296	28.21	4593	3394	0.27	2236	0	0	0.00	0.02	71.85	6.02
4	12	3723	81.14	4588	3394	0.27	2243	0	0	0.00	0.27	18.62
5	5	1447	31.64	4572	3394	0.26	2196	0	0	0.00	0.01	68.42	5.73
5	13	3198	69.77	4584	3394	0.27	2266	0	0	0.00	0.06	30.21
6	6	2364	51.86	4558	3394	0.27	2270	0	0	0.00	0.06	48.14	5.62
6	14	2209	48.27	4576	3394	0.27	2238	0	0	0.00	0.06	51.73
7	7	1687	36.97	4563	3394	0.26	2257	0	0	0.00	0.06	63.05	5.51
7	15	2809	61.34	4580	3394	0.27	2243	1	0	0.00	0.16	38.55
Core	CPU	Avg_MHz	Busy%	Bzy_MHz	TSC_MHz	IPC	IRQ	NMI	SMI	POLL%	C1%	C2%	CorWatt	PkgWatt
-	-	2347	51.28	4577	3394	0.27	36784	1	0	0.00	0.11	48.67	45.81	67.07
0	0	993	21.67	4585	3394	0.28	2149	0	0	0.00	0.02	78.39	5.75	67.05
0	8	3744	81.68	4584	3394	0.27	2262	0	0	0.00	0.01	18.34
1	1	2204	48.04	4588	3394	0.28	2201	0	0	0.00	0.14	51.87	5.72
1	9	2642	57.62	4585	3394	0.27	2353	0	0	0.00	0.01	42.42
2	2	3107	68.25	4553	3394	0.29	2407	0	0	0.00	0.21	31.58	5.60
2	10	1191	26.20	4543	3394	0.26	2235	1	0	0.00	0.07	73.81
3	3	1048	22.89	4578	3394	0.23	2832	0	0	0.00	0.05	77.16	5.73
3	11	3726	81.32	4582	3394	0.27	2348	0	0	0.00	0.27	18.44
4	4	2173	47.47	4577	3394	0.26	2285	0	0	0.00	0.27	52.32	5.83
4	12	2604	56.82	4582	3394	0.27	2278	0	0	0.00	0.21	43.01
5	5	1530	33.78	4530	3394	0.28	2216	0	0	0.00	0.08	66.21	5.66
5	13	3016	65.88	4579	3394	0.27	2293	0	0	0.00	0.09	34.08
6	6	1364	29.78	4579	3394	0.26	2190	0	0	0.00	0.01	70.30	5.73
6	14	3366	73.44	4584	3394	0.27	2306	0	0	0.00	0.21	26.39
7	7	2239	48.81	4588	3394	0.28	2212	0	0	0.00	0.11	51.14	5.78
7	15	2608	56.89	4583	3394	0.27	2217	0	0	0.00	0.00	43.16
Core	CPU	Avg_MHz	Busy%	Bzy_MHz	TSC_MHz	IPC	IRQ	NMI	SMI	POLL%	C1%	C2%	CorWatt	PkgWatt
-	-	2418	52.84	4576	3395	0.27	38850	4	0	0.00	0.15	47.10	46.48	67.61
0	0	2888	63.13	4575	3394	0.27	2371	1	0	0.00	0.12	36.78	5.61	67.55
0	8	1704	37.25	4574	3394	0.26	2454	0	0	0.00	0.14	62.69
1	1	2878	62.87	4577	3394	0.27	2251	0	0	0.00	0.14	37.03	5.81
1	9	2196	47.94	4581	3394	0.27	2687	0	0	0.00	0.20	51.91
2	2	2952	64.68	4564	3394	0.28	2549	1	0	0.00	0.24	35.12	5.97
2	10	1918	41.98	4570	3394	0.27	2544	0	0	0.00	0.20	57.90
3	3	2092	45.78	4569	3394	0.26	2893	0	0	0.00	0.09	54.20	5.76
3	11	2583	56.43	4578	3394	0.27	2357	1	0	0.00	0.04	43.58
4	4	2455	53.60	4580	3394	0.28	2372	0	0	0.00	0.17	46.29	5.93
4	12	2303	50.30	4577	3394	0.26	2410	0	0	0.00	0.34	49.42
5	5	3270	71.73	4559	3394	0.29	2313	1	0	0.00	0.17	28.13	5.61
5	13	1190	26.19	4544	3394	0.24	2505	0	0	0.00	0.17	73.72
6	6	2333	50.93	4580	3394	0.26	2334	0	0	0.00	0.15	48.98	5.91
6	14	2843	62.03	4583	3394	0.26	2261	0	0	0.00	0.09	37.92
7	7	1732	37.80	4582	3394	0.27	2249	0	0	0.00	0.08	62.19	5.85
7	15	3334	72.75	4583	3394	0.27	2300	0	0	0.00	0.00	27.28
Core	CPU	Avg_MHz	Busy%	Bzy_MHz	TSC_MHz	IPC	IRQ	NMI	SMI	POLL%	C1%	C2%	CorWatt	PkgWatt
-	-	2345	51.29	4572	3392	0.27	36565	3	0	0.00	0.10	48.65	45.94	67.21
0	0	2256	49.25	4581	3394	0.27	2222	0	0	0.00	0.07	50.74	5.76	67.30
0	8	2463	53.76	4582	3394	0.27	2202	0	0	0.00	0.01	46.28
1	1	1900	41.46	4583	3394	0.27	2156	0	0	0.00	0.11	58.49	5.69
1	9	2855	62.30	4582	3394	0.27	2359	0	0	0.00	0.09	37.65
2	2	2182	48.28	4519	3394	0.28	2445	0	0	0.00	0.23	51.55	5.52
2	10	1999	43.97	4546	3394	0.27	2336	0	0	0.00	0.06	56.04
3	3	3071	67.34	4561	3394	0.28	2709	1	0	0.00	0.33	32.37	5.68
3	11	1548	33.83	4577	3394	0.25	2234	0	0	0.00	0.01	66.24
4	4	1417	30.96	4576	3394	0.28	2256	0	0	0.00	0.08	69.04	5.98
4	12	3527	76.93	4584	3394	0.28	2267	0	0	0.00	0.23	22.86
5	5	664	14.49	4582	3394	0.25	2138	0	0	0.00	0.00	85.60	5.83
5	13	4139	90.29	4583	3394	0.27	2307	1	0	0.00	0.14	9.58
6	6	2029	44.26	4584	3394	0.27	2231	0	0	0.00	0.15	55.66	5.77
6	14	2696	58.86	4581	3394	0.27	2244	1	0	0.00	0.06	41.13
7	7	2311	50.52	4574	3394	0.28	2236	0	0	0.00	0.01	49.52	5.72
7	15	2477	54.07	4581	3394	0.27	2223	0	0	0.00	0.00	45.98
Core	CPU	Avg_MHz	Busy%	Bzy_MHz	TSC_MHz	IPC	IRQ	NMI	SMI	POLL%	C1%	C2%	CorWatt	PkgWatt
-	-	2337	51.08	4574	3395	0.27	36438	2	0	0.00	0.10	48.89	46.05	67.28
0	0	1768	38.63	4576	3394	0.28	2175	0	0	0.00	0.08	61.35	5.79	67.20
0	8	2997	65.43	4581	3394	0.27	2229	1	0	0.00	0.03	34.58
1	1	1885	41.11	4585	3394	0.28	2156	0	0	0.00	0.06	58.90	5.78
1	9	2967	64.81	4579	3394	0.27	2337	0	0	0.00	0.17	35.07
2	2	3310	72.88	4541	3394	0.29	2398	0	0	0.00	0.22	26.93	5.55
2	10	790	17.61	4484	3394	0.27	2342	0	0	0.00	0.01	82.47
3	3	1074	23.47	4575	3394	0.24	2659	0	0	0.00	0.10	76.54	5.79
3	11	3665	80.03	4579	3394	0.27	2282	0	0	0.00	0.05	19.95
4	4	1672	36.75	4551	3394	0.27	2214	0	0	0.00	0.08	63.24	5.86
4	12	3056	66.74	4579	3394	0.27	2264	1	0	0.00	0.11	33.19
5	5	1089	23.90	4557	3394	0.26	2224	0	0	0.00	0.05	76.12	5.73
5	13	3558	77.73	4577	3394	0.27	2262	0	0	0.00	0.06	22.24
6	6	1574	34.36	4583	3394	0.27	2220	0	0	0.00	0.02	65.69	5.79
6	14	3179	69.40	4581	3394	0.27	2241	0	0	0.00	0.24	30.40
7	7	1990	43.44	4580	3394	0.26	2220	0	0	0.00	0.11	56.51	5.73
7	15	2798	61.06	4582	3394	0.27	2215	0	0	0.00	0.15	38.83
Core	CPU	Avg_MHz	Busy%	Bzy_MHz	TSC_MHz	IPC	IRQ	NMI	SMI	POLL%	C1%	C2%	CorWatt	PkgWatt
-	-	2338	51.14	4572	3393	0.27	36354	3	0	0.00	0.08	48.83	46.02	67.21
0	0	1180	25.79	4573	3394	0.26	2143	0	0	0.00	0.07	74.22	5.69	67.22
0	8	3464	75.68	4577	3394	0.27	2251	0	0	0.00	0.10	24.24
1	1	2200	47.91	4592	3394	0.31	2115	0	0	0.00	0.03	52.12	5.80
1	9	2527	55.23	4576	3394	0.27	2357	1	0	0.00	0.10	44.72
2	2	3680	80.70	4560	3394	0.29	2435	0	0	0.00	0.21	19.11	5.69
2	10	755	16.81	4488	3394	0.24	2219	0	0	0.00	0.01	83.28
3	3	1679	36.72	4572	3394	0.27	2699	0	0	0.00	0.14	63.22	5.76
3	11	2964	64.78	4576	3394	0.27	2264	0	0	0.00	0.02	35.24
4	4	2504	54.74	4574	3394	0.27	2296	1	0	0.00	0.22	45.09	5.89
4	12	2314	50.52	4580	3394	0.27	2277	0	0	0.00	0.12	49.42
5	5	1554	33.97	4574	3394	0.27	2255	0	0	0.00	0.00	66.11	5.80
5	13	3176	69.40	4576	3394	0.27	2261	0	0	0.00	0.09	30.55
6	6	460	10.14	4538	3394	0.19	2132	1	0	0.00	0.01	89.96	5.70
6	14	4196	91.73	4575	3394	0.27	2308	0	0	0.00	0.09	8.19
7	7	2663	58.18	4577	3394	0.28	2197	0	0	0.00	0.07	41.80	5.71
7	15	2101	45.88	4580	3394	0.26	2145	0	0	0.00	0.03	54.15
Core	CPU	Avg_MHz	Busy%	Bzy_MHz	TSC_MHz	IPC	IRQ	NMI	SMI	POLL%	C1%	C2%	CorWatt	PkgWatt
-	-	2327	50.96	4566	3390	0.27	36376	1	0	0.00	0.10	48.95	46.18	67.27
0	0	1657	36.18	4579	3394	0.27	2197	0	0	0.00	0.16	63.73	5.78	67.36
0	8	2976	64.98	4580	3394	0.27	2220	0	0	0.00	0.02	35.04
1	1	367	8.00	4584	3394	0.25	2033	0	0	0.00	0.00	92.10	5.74
1	9	4323	94.38	4581	3394	0.27	2384	0	0	0.00	0.38	5.25
2	2	3750	82.31	4556	3394	0.29	2420	0	0	0.00	0.22	17.49	5.89
2	10	819	17.92	4569	3394	0.25	2087	0	0	0.00	0.00	82.16
3	3	2773	61.17	4534	3394	0.28	2778	0	0	0.00	0.17	38.71	5.32
3	11	1251	27.54	4542	3394	0.24	2342	0	0	0.00	0.14	72.40
4	4	1728	37.65	4589	3394	0.28	2188	0	0	0.00	0.03	62.39	6.04
4	12	3181	69.49	4578	3394	0.27	2263	0	0	0.00	0.11	30.44
5	5	1573	34.55	4554	3394	0.27	2270	0	0	0.00	0.12	65.41	5.73
5	13	2998	65.46	4580	3394	0.27	2262	0	0	0.00	0.07	34.51
6	6	1560	34.15	4569	3394	0.27	2226	0	0	0.00	0.00	65.92	5.87
6	14	3305	72.15	4581	3394	0.27	2262	0	0	0.00	0.12	27.77
7	7	2007	44.01	4560	3394	0.27	2203	0	0	0.00	0.01	56.05	5.85
7	15	2996	65.37	4583	3394	0.27	2241	1	0	0.00	0.00	34.66
Core	CPU	Avg_MHz	Busy%	Bzy_MHz	TSC_MHz	IPC	IRQ	NMI	SMI	POLL%	C1%	C2%	CorWatt	PkgWatt
-	-	2337	51.11	4573	3397	0.27	36531	1	0	0.00	0.09	48.90	46.20	67.28
0	0	1683	36.75	4580	3394	0.27	2166	0	0	0.00	0.01	63.30	5.85	67.20
0	8	3237	70.67	4580	3394	0.27	2234	0	0	0.00	0.15	29.21
1	1	1137	24.84	4576	3394	0.25	2171	0	0	0.00	0.01	75.24	5.78
1	9	3753	81.98	4578	3394	0.27	2353	0	0	0.00	0.13	17.92
2	2	2781	61.21	4544	3394	0.29	2408	1	0	0.00	0.30	38.54	5.80
2	10	1741	38.21	4557	3394	0.26	2308	0	0	0.00	0.00	61.86
3	3	3270	71.80	4554	3394	0.29	2793	0	0	0.00	0.34	27.89	5.55
3	11	978	21.61	4526	3394	0.24	2276	0	0	0.00	0.01	78.46
4	4	1148	25.05	4584	3394	0.27	2204	0	0	0.00	0.11	74.92	5.97
4	12	3689	80.59	4577	3394	0.27	2273	0	0	0.00	0.07	19.36
5	5	1021	22.67	4503	3394	0.26	2225	0	0	0.00	0.01	77.40	5.69
5	13	3563	77.87	4575	3394	0.27	2268	0	0	0.00	0.12	22.04
6	6	891	19.48	4574	3394	0.25	2213	0	0	0.00	0.04	80.57	5.76
6	14	3756	82.11	4575	3394	0.27	2295	0	0	0.00	0.09	17.82
7	7	1032	22.52	4584	3394	0.27	2111	0	0	0.00	0.01	77.56	5.76
7	15	3681	80.45	4576	3394	0.28	2233	0	0	0.00	0.01	19.56
Core	CPU	Avg_MHz	Busy%	Bzy_MHz	TSC_MHz	IPC	IRQ	NMI	SMI	POLL%	C1%	C2%	CorWatt	PkgWatt
-	-	2346	51.28	4575	3394	0.27	36923	3	0	0.00	0.09	48.69	46.55	67.72
0	0	1517	33.20	4570	3394	0.25	2278	0	0	0.00	0.02	66.86	5.79	67.71
0	8	3250	70.94	4582	3394	0.26	2310	0	0	0.00	0.08	29.01
1	1	1727	37.53	4602	3394	0.26	2250	0	0	0.00	0.01	62.54	6.53
1	9	4293	93.40	4597	3394	0.30	2277	0	0	0.00	0.09	6.52
2	2	3248	71.47	4545	3394	0.27	2486	0	0	0.00	0.10	28.47	5.53
2	10	890	19.59	4546	3394	0.25	2257	0	0	0.00	0.13	80.37
3	3	3238	71.26	4544	3394	0.28	2846	0	0	0.00	0.25	28.52	5.44
3	11	830	18.46	4497	3394	0.24	2256	0	0	0.00	0.03	81.61
4	4	2000	43.61	4585	3394	0.27	2211	0	0	0.00	0.00	56.45	5.92
4	12	2679	58.45	4583	3394	0.27	2288	0	0	0.00	0.00	41.59
5	5	905	19.76	4580	3394	0.25	2195	0	0	0.00	0.01	80.32	5.85
5	13	3740	81.59	4584	3394	0.27	2261	1	0	0.00	0.34	18.09
6	6	1601	35.18	4552	3394	0.26	2343	0	0	0.00	0.09	64.80	5.70
6	14	2902	63.29	4585	3394	0.27	2266	1	0	0.00	0.21	36.54
7	7	3659	79.84	4583	3394	0.27	2268	1	0	0.00	0.00	20.18	5.79
7	15	1049	22.88	4586	3394	0.25	2131	0	0	0.00	0.05	77.16
Core	CPU	Avg_MHz	Busy%	Bzy_MHz	TSC_MHz	IPC	IRQ	NMI	SMI	POLL%	C1%	C2%	CorWatt	PkgWatt
-	-	2338	51.19	4567	3391	0.27	36613	2	0	0.00	0.13	48.70	46.37	67.49
0	0	1538	33.56	4584	3394	0.26	2200	0	0	0.00	0.06	66.45	6.01	67.56
0	8	3521	76.84	4582	3394	0.28	2240	1	0	0.00	0.26	22.93
1	1	740	16.13	4589	3394	0.26	2126	1	0	0.00	0.01	83.96	5.75
1	9	3956	86.39	4579	3394	0.27	2352	0	0	0.00	0.40	13.22
2	2	3026	66.62	4542	3394	0.28	2427	0	0	0.00	0.14	33.28	5.56
2	10	1097	24.28	4518	3394	0.27	2281	0	0	0.00	0.09	75.72
3	3	2583	56.90	4540	3394	0.27	2814	0	0	0.00	0.30	42.85	5.53
3	11	1669	36.60	4560	3394	0.26	2318	0	0	0.00	0.22	63.26
4	4	1500	32.73	4583	3394	0.27	2247	0	0	0.00	0.04	67.30	6.09
4	12	3494	76.24	4583	3394	0.28	2255	0	0	0.00	0.07	23.73
5	5	1286	28.05	4586	3394	0.26	2224	0	0	0.00	0.09	71.94	5.95
5	13	3660	79.95	4578	3394	0.27	2275	0	0	0.00	0.17	19.91
6	6	1643	36.10	4552	3394	0.26	2223	0	0	0.00	0.01	63.96	5.76
6	14	2991	65.38	4576	3394	0.27	2241	0	0	0.00	0.23	34.43
7	7	1361	29.75	4576	3394	0.26	2135	0	0	0.00	0.02	70.31	5.77
7	15	3362	73.42	4579	3394	0.27	2255	0	0	0.00	0.05	26.55
Core	CPU	Avg_MHz	Busy%	Bzy_MHz	TSC_MHz	IPC	IRQ	NMI	SMI	POLL%	C1%	C2%	CorWatt	PkgWatt
-	-	2336	51.14	4569	3396	0.27	36709	3	0	0.00	0.10	48.86	46.45	67.49
0	0	1510	33.02	4573	3394	0.27	2157	0	0	0.00	0.05	66.99	5.79	67.41
0	8	3142	68.75	4571	3394	0.27	2253	0	0	0.00	0.10	31.19
1	1	492	10.78	4569	3394	0.23	2086	0	0	0.00	0.04	89.27	5.71
1	9	4122	90.08	4575	3394	0.27	2366	1	0	0.00	0.14	9.79
2	2	3430	75.50	4542	3394	0.29	2439	0	0	0.00	0.25	24.27	5.66
2	10	832	18.32	4542	3394	0.24	2283	0	0	0.00	0.03	81.75
3	3	2596	56.87	4565	3394	0.27	2794	1	0	0.00	0.11	43.08	5.95
3	11	2285	49.93	4575	3394	0.27	2271	0	0	0.00	0.10	50.02
4	4	2289	50.04	4573	3394	0.27	2244	0	0	0.00	0.12	49.89	6.08
4	12	2737	59.79	4578	3394	0.27	2252	1	0	0.00	0.06	40.19
5	5	1489	32.52	4579	3394	0.29	2144	0	0	0.00	0.13	67.42	5.95
5	13	3374	73.75	4575	3394	0.27	2285	0	0	0.00	0.12	26.17
6	6	2254	49.42	4561	3394	0.27	2258	0	0	0.00	0.15	50.48	5.83
6	14	2478	54.18	4574	3394	0.27	2247	0	0	0.00	0.08	45.79
7	7	2261	50.03	4519	3394	0.27	2329	0	0	0.00	0.01	50.02	5.43
7	15	2064	45.19	4567	3394	0.26	2301	0	0	0.00	0.09	54.79
Core	CPU	Avg_MHz	Busy%	Bzy_MHz	TSC_MHz	IPC	IRQ	NMI	SMI	POLL%	C1%	C2%	CorWatt	PkgWatt
-	-	2333	51.15	4561	3391	0.27	36416	1	0	0.00	0.10	48.78	46.17	67.15
0	0	1980	43.34	4569	3394	0.28	2147	0	0	0.00	0.01	56.71	5.77	67.29
0	8	2659	58.22	4567	3394	0.27	2176	0	0	0.00	0.00	41.82
1	1	581	12.70	4570	3394	0.25	2163	0	0	0.00	0.02	87.37	5.73
1	9	4120	90.19	4569	3394	0.28	2351	0	0	0.00	0.05	9.78
2	2	3745	82.24	4554	3394	0.29	2438	0	0	0.00	0.17	17.60	5.80
2	10	704	15.43	4560	3394	0.25	2139	0	0	0.00	0.06	84.60
3	3	3891	85.25	4564	3394	0.27	2767	0	0	0.00	0.31	14.46	5.80
3	11	918	20.07	4575	3394	0.22	2316	1	0	0.00	0.03	80.01
4	4	2971	65.38	4544	3394	0.29	2279	0	0	0.00	0.20	34.46	5.69
4	12	1348	29.61	4552	3394	0.28	2217	0	0	0.00	0.16	70.31
5	5	1388	30.42	4561	3394	0.26	2185	0	0	0.00	0.01	69.65	5.82
5	13	3353	73.40	4568	3394	0.27	2281	0	0	0.00	0.10	26.54
6	6	1065	23.32	4568	3394	0.25	2145	0	0	0.00	0.00	76.77	5.81
6	14	3744	81.95	4568	3394	0.27	2309	0	0	0.00	0.21	17.86
7	7	978	21.45	4557	3394	0.25	2223	0	0	0.00	0.05	78.59	5.78
7	15	3905	85.45	4570	3394	0.27	2280	0	0	0.00	0.15	14.42
Core	CPU	Avg_MHz	Busy%	Bzy_MHz	TSC_MHz	IPC	IRQ	NMI	SMI	POLL%	C1%	C2%	CorWatt	PkgWatt
-	-	2334	51.08	4568	3395	0.27	36473	1	0	0.00	0.07	48.92	46.37	67.51
0	0	1925	42.04	4578	3394	0.28	2160	1	0	0.00	0.03	57.99	5.80	67.42
0	8	2793	61.09	4572	3394	0.27	2205	0	0	0.00	0.07	38.89
1	1	1625	35.53	4574	3394	0.28	2121	0	0	0.00	0.01	64.52	5.85
1	9	3226	70.52	4575	3394	0.27	2351	0	0	0.00	0.26	29.25
2	2	2094	46.26	4527	3394	0.29	2381	0	0	0.00	0.19	53.61	5.66
2	10	2144	47.09	4553	3394	0.27	2261	0	0	0.00	0.02	52.95
3	3	3078	67.38	4568	3394	0.28	2745	0	0	0.00	0.04	32.62	5.84
3	11	1706	37.30	4574	3394	0.25	2239	0	0	0.00	0.01	62.76
4	4	3029	66.51	4553	3394	0.28	2296	0	0	0.00	0.21	33.31	5.66
4	12	1318	29.10	4529	3394	0.25	2316	0	0	0.00	0.01	70.98
5	5	2746	60.08	4570	3394	0.29	2253	0	0	0.00	0.05	39.91	5.91
5	13	2068	45.25	4570	3394	0.26	2182	0	0	0.00	0.01	54.81
6	6	2431	53.15	4573	3394	0.27	2252	0	0	0.00	0.01	46.89	5.78
6	14	2226	48.69	4572	3394	0.27	2247	0	0	0.00	0.08	51.28
7	7	2687	58.73	4575	3394	0.28	2273	0	0	0.00	0.12	41.20	5.85
7	15	2226	48.64	4577	3394	0.26	2191	0	0	0.00	0.02	51.40
Core	CPU	Avg_MHz	Busy%	Bzy_MHz	TSC_MHz	IPC	IRQ	NMI	SMI	POLL%	C1%	C2%	CorWatt	PkgWatt
-	-	2351	51.51	4564	3394	0.27	37146	4	0	0.00	0.17	48.39	46.38	67.49
0	0	1551	33.91	4574	3394	0.27	2267	0	0	0.00	0.19	65.97	5.78	67.45
0	8	3183	69.70	4566	3394	0.27	2247	0	0	0.00	0.00	30.33
1	1	2528	55.28	4573	3394	0.30	2189	0	0	0.00	0.18	44.59	5.88
1	9	2390	52.27	4572	3394	0.26	2336	0	0	0.00	0.22	47.56
2	2	2923	64.44	4536	3394	0.29	2421	1	0	0.00	0.28	35.32	5.71
2	10	1471	32.29	4556	3394	0.25	2257	0	0	0.00	0.03	67.76
3	3	1557	34.11	4565	3394	0.25	2651	0	0	0.00	0.13	65.84	5.76
3	11	3135	68.62	4569	3394	0.27	2373	0	0	0.00	0.36	31.06
4	4	2414	52.90	4564	3394	0.27	2344	1	0	0.00	0.24	46.92	5.91
4	12	2395	52.42	4569	3394	0.26	2396	0	0	0.00	0.11	47.52
5	5	2824	61.97	4557	3394	0.28	2331	1	0	0.00	0.36	37.72	5.83
5	13	1857	40.79	4553	3394	0.26	2216	0	0	0.00	0.16	59.13
6	6	3148	68.98	4564	3394	0.27	2281	0	0	0.00	0.26	30.79	5.75
6	14	1491	32.67	4564	3394	0.25	2296	0	0	0.00	0.05	67.36
7	7	1655	36.27	4562	3394	0.26	2228	0	0	0.00	0.04	63.76	5.75
7	15	3083	67.51	4567	3394	0.27	2313	1	0	0.00	0.03	32.50
Core	CPU	Avg_MHz	Busy%	Bzy_MHz	TSC_MHz	IPC	IRQ	NMI	SMI	POLL%	C1%	C2%	CorWatt	PkgWatt
-	-	2329	51.04	4562	3394	0.27	36520	1	0	0.00	0.13	48.89	46.22	67.10
0	0	2513	54.99	4570	3394	0.27	2280	0	0	0.00	0.02	45.04	5.80	67.10
0	8	2236	49.10	4554	3394	0.27	2175	0	0	0.00	0.03	50.92
1	1	1830	40.08	4565	3394	0.29	2177	0	0	0.00	0.03	59.96	5.81
1	9	2986	65.32	4571	3394	0.27	2374	0	0	0.00	0.17	34.54
2	2	2895	63.87	4533	3394	0.30	2386	0	0	0.00	0.22	35.96	5.72
2	10	1443	31.64	4560	3394	0.26	2301	0	0	0.00	0.11	68.33
3	3	2486	54.58	4555	3394	0.27	2760	0	0	0.00	0.29	45.19	5.76
3	11	2207	48.30	4570	3394	0.26	2249	0	0	0.00	0.14	51.62
4	4	1028	22.58	4552	3394	0.25	2210	0	0	0.00	0.02	77.49	5.86
4	12	3652	79.95	4568	3394	0.27	2309	0	0	0.00	0.26	19.82
5	5	1373	30.10	4563	3394	0.29	2160	0	0	0.00	0.04	69.94	5.85
5	13	3320	72.64	4571	3394	0.27	2262	1	0	0.00	0.24	27.15
6	6	1977	43.28	4569	3394	0.27	2198	0	0	0.00	0.11	56.68	5.84
6	14	2834	62.03	4568	3394	0.27	2253	0	0	0.00	0.12	37.90
7	7	676	15.02	4503	3394	0.23	2117	0	0	0.00	0.00	85.07	5.57
7	15	3800	83.16	4569	3394	0.27	2309	0	0	0.00	0.20	16.66
Core	CPU	Avg_MHz	Busy%	Bzy_MHz	TSC_MHz	IPC	IRQ	NMI	SMI	POLL%	C1%	C2%	CorWatt	PkgWatt
-	-	2332	51.13	4561	3392	0.27	36208	4	0	0.00	0.10	48.81	46.47	67.48
0	0	2455	53.76	4567	3394	0.27	2186	0	0	0.00	0.00	46.29	5.76	67.55
0	8	2190	47.98	4565	3394	0.27	2173	0	0	0.00	0.03	52.04
1	1	1539	33.65	4572	3394	0.26	2155	0	0	0.00	0.05	66.36	5.74
1	9	3175	69.50	4568	3394	0.27	2338	1	0	0.00	0.09	30.44
2	2	3342	73.33	4558	3394	0.29	2380	0	0	0.00	0.27	26.43	5.94
2	10	1253	27.47	4562	3394	0.26	2148	1	0	0.00	0.03	72.58
3	3	1449	31.79	4559	3394	0.26	2735	0	0	0.00	0.24	68.05	5.79
3	11	3227	70.66	4567	3394	0.27	2314	0	0	0.00	0.18	29.20
4	4	1874	41.04	4567	3394	0.27	2171	0	0	0.00	0.09	58.94	5.95
4	12	2824	61.83	4568	3394	0.27	2207	0	0	0.00	0.00	38.21
5	5	3153	69.31	4549	3394	0.29	2262	0	0	0.00	0.19	30.53	5.74
5	13	1332	29.33	4542	3394	0.26	2205	0	0	0.00	0.01	70.75
6	6	3071	67.34	4560	3394	0.28	2238	1	0	0.00	0.11	32.60	5.75
6	14	1533	33.64	4557	3394	0.25	2202	1	0	0.00	0.05	66.39
7	7	1308	28.59	4573	3394	0.26	2207	0	0	0.00	0.02	71.47	5.82
7	15	3599	78.79	4568	3394	0.27	2287	0	0	0.00	0.19	21.05
Core	CPU	Avg_MHz	Busy%	Bzy_MHz	TSC_MHz	IPC	IRQ	NMI	SMI	POLL%	C1%	C2%	CorWatt	PkgWatt
-	-	2330	51.05	4564	3393	0.27	36405	1	0	0.00	0.08	48.92	46.36	67.51
0	0	1436	31.41	4573	3394	0.26	2142	0	0	0.00	0.00	68.66	5.82	67.54
0	8	3338	72.99	4573	3394	0.27	2205	1	0	0.00	0.03	27.01
1	1	2160	47.23	4573	3394	0.28	2154	0	0	0.00	0.09	52.73	5.84
1	9	2674	58.44	4575	3394	0.27	2328	0	0	0.00	0.00	41.61
2	2	2874	63.70	4512	3394	0.30	2439	0	0	0.00	0.14	36.20	5.27
2	10	814	18.30	4449	3394	0.25	2285	0	0	0.00	0.06	81.74
3	3	1128	24.87	4537	3394	0.26	2744	0	0	0.00	0.08	75.15	5.82
3	11	3531	77.28	4569	3394	0.27	2288	0	0	0.00	0.28	22.46
4	4	3102	67.86	4572	3394	0.27	2305	0	0	0.00	0.12	32.06	5.96
4	12	1740	38.03	4575	3394	0.25	2279	0	0	0.00	0.05	61.99
5	5	2922	63.90	4572	3394	0.28	2228	0	0	0.00	0.14	36.00	5.94
5	13	1881	41.10	4578	3394	0.26	2266	0	0	0.00	0.07	58.90
6	6	2385	52.15	4574	3394	0.27	2203	0	0	0.00	0.09	47.81	5.87
6	14	2406	52.61	4573	3394	0.26	2185	0	0	0.00	0.05	47.39
7	7	797	17.43	4572	3394	0.27	2083	0	0	0.00	0.01	82.64	5.87
7	15	4097	89.60	4573	3394	0.27	2271	0	0	0.00	0.07	10.35
Core	CPU	Avg_MHz	Busy%	Bzy_MHz	TSC_MHz	IPC	IRQ	NMI	SMI	POLL%	C1%	C2%	CorWatt	PkgWatt
-	-	2404	52.78	4555	3390	0.27	38361	3	0	0.00	0.14	47.09	46.84	67.80
0	0	1031	22.60	4564	3394	0.25	2349	0	0	0.00	0.06	77.43	5.92	67.82
0	8	3938	86.16	4571	3394	0.27	2264	0	0	0.00	0.00	13.86
1	1	2527	55.29	4570	3394	0.27	2336	0	0	0.00	0.16	44.60	6.00
1	9	2730	59.71	4571	3394	0.26	2364	0	0	0.00	0.07	40.26
2	2	2931	65.03	4507	3394	0.29	2536	0	0	0.00	0.15	34.86	5.54
2	10	1071	23.89	4482	3394	0.27	2533	0	0	0.00	0.21	76.00
3	3	2547	55.84	4562	3394	0.27	2890	0	0	0.00	0.19	44.03	5.99
3	11	2508	54.88	4569	3394	0.26	2372	1	0	0.00	0.22	44.96
4	4	2456	53.73	4571	3394	0.27	2256	0	0	0.00	0.19	46.13	6.06
4	12	2578	56.41	4571	3394	0.26	2368	1	0	0.00	0.02	43.62
5	5	1370	30.03	4562	3394	0.25	2429	0	0	0.00	0.12	69.94	5.90
5	13	3457	75.65	4570	3394	0.27	2337	0	0	0.00	0.15	24.23
6	6	2290	50.29	4554	3394	0.27	2297	0	0	0.00	0.22	49.55	5.70
6	14	2261	49.59	4558	3394	0.26	2363	0	0	0.00	0.13	50.34
7	7	1064	23.33	4560	3394	0.24	2381	0	0	0.00	0.15	76.61	5.79
7	15	3746	82.02	4567	3394	0.27	2286	1	0	0.00	0.13	17.87
Core	CPU	Avg_MHz	Busy%	Bzy_MHz	TSC_MHz	IPC	IRQ	NMI	SMI	POLL%	C1%	C2%	CorWatt	PkgWatt
-	-	2355	51.57	4566	3399	0.27	37417	3	0	0.00	0.14	48.42	46.74	68.00
0	0	2667	58.40	4567	3394	0.27	2254	0	0	0.00	0.01	41.63	5.83	67.86
0	8	2098	45.97	4564	3394	0.26	2282	0	0	0.00	0.01	54.08
1	1	2137	46.82	4565	3394	0.27	2272	0	0	0.00	0.18	53.06	5.83
1	9	2697	58.98	4573	3394	0.27	2389	0	0	0.00	0.14	40.93
2	2	3785	83.17	4551	3394	0.29	2471	1	0	0.00	0.56	16.28	5.98
2	10	820	18.02	4550	3394	0.25	2192	0	0	0.00	0.06	82.00
3	3	2854	62.63	4556	3394	0.27	2900	1	0	0.01	0.12	37.30	5.88
3	11	1907	41.74	4569	3394	0.26	2232	0	0	0.00	0.07	58.25
4	4	2442	53.45	4568	3394	0.28	2302	0	0	0.00	0.10	46.51	6.06
4	12	2491	54.51	4570	3394	0.27	2318	0	0	0.00	0.17	45.38
5	5	864	18.89	4576	3394	0.21	2328	0	0	0.00	0.04	81.17	5.87
5	13	3918	85.85	4564	3394	0.27	2294	0	0	0.00	0.30	13.87
6	6	2998	66.26	4524	3394	0.28	2397	0	0	0.00	0.23	33.55	5.47
6	14	1255	27.68	4534	3394	0.25	2251	0	0	0.00	0.03	72.37
7	7	2387	52.43	4552	3394	0.28	2266	1	0	0.00	0.07	47.55	5.74
7	15	2298	50.35	4565	3394	0.26	2269	0	0	0.00	0.15	49.55
Core	CPU	Avg_MHz	Busy%	Bzy_MHz	TSC_MHz	IPC	IRQ	NMI	SMI	POLL%	C1%	C2%	CorWatt	PkgWatt
-	-	2331	51.11	4561	3393	0.27	36292	0	0	0.00	0.09	48.85	46.59	67.73
0	0	1527	33.49	4560	3394	0.26	2230	0	0	0.00	0.01	66.58	5.82	67.76
0	8	3254	71.23	4569	3394	0.27	2240	0	0	0.00	0.01	28.79
1	1	1395	30.50	4573	3394	0.28	2108	0	0	0.00	0.08	69.49	5.83
1	9	3427	75.03	4568	3394	0.27	2331	0	0	0.00	0.12	24.88
2	2	3871	85.31	4538	3394	0.30	2402	0	0	0.00	0.35	14.35	5.63
2	10	251	5.77	4350	3394	0.15	2164	0	0	0.00	0.01	94.32
3	3	3187	69.76	4568	3394	0.28	2773	0	0	0.00	0.19	30.09	5.89
3	11	1490	32.64	4566	3394	0.26	2178	0	0	0.00	0.00	67.43
4	4	1933	42.49	4549	3394	0.27	2231	0	0	0.00	0.01	57.57	5.94
4	12	2869	62.80	4569	3394	0.27	2253	0	0	0.00	0.10	37.15
5	5	421	9.22	4569	3394	0.23	2237	0	0	0.00	0.02	90.87	5.87
5	13	4308	94.35	4567	3394	0.27	2305	0	0	0.00	0.19	5.48
6	6	1566	34.33	4563	3394	0.26	2193	0	0	0.00	0.07	65.67	5.84
6	14	3145	68.87	4567	3394	0.27	2234	0	0	0.00	0.15	31.02
7	7	1246	27.27	4568	3394	0.27	2179	0	0	0.00	0.00	72.81	5.77
7	15	3413	74.75	4566	3394	0.27	2234	0	0	0.00	0.06	25.22
Core	CPU	Avg_MHz	Busy%	Bzy_MHz	TSC_MHz	IPC	IRQ	NMI	SMI	POLL%	C1%	C2%	CorWatt	PkgWatt
-	-	2329	51.08	4559	3394	0.27	36533	4	0	0.00	0.09	48.89	46.53	67.39
0	0	2171	47.58	4564	3394	0.27	2220	1	0	0.00	0.06	52.42	5.82	67.37
0	8	2548	55.81	4565	3394	0.27	2187	0	0	0.00	0.06	44.17
1	1	1662	36.39	4567	3394	0.28	2138	1	0	0.00	0.07	63.60	5.77
1	9	3040	66.61	4565	3394	0.27	2334	1	0	0.00	0.24	33.19
2	2	3601	79.35	4538	3394	0.31	2427	0	0	0.00	0.15	20.52	5.76
2	10	648	14.49	4473	3394	0.23	2341	0	0	0.00	0.01	85.60
3	3	1585	34.74	4562	3394	0.27	2752	0	0	0.00	0.10	65.25	5.91
3	11	3244	71.03	4567	3394	0.27	2258	0	0	0.00	0.00	29.00
4	4	2205	48.47	4549	3394	0.27	2292	0	0	0.00	0.06	51.53	5.89
4	12	2495	54.65	4565	3394	0.27	2314	0	0	0.00	0.13	45.27
5	5	495	10.89	4547	3394	0.23	2138	0	0	0.00	0.01	89.20	5.84
5	13	4205	92.14	4564	3394	0.27	2299	1	0	0.00	0.05	7.82
6	6	1771	38.80	4564	3394	0.27	2170	0	0	0.00	0.04	61.22	5.82
6	14	2943	64.48	4564	3394	0.27	2240	0	0	0.00	0.12	35.44
7	7	732	16.06	4560	3394	0.25	2140	0	0	0.00	0.00	84.03	5.73
7	15	3916	85.83	4563	3394	0.27	2283	0	0	0.00	0.28	13.92
Core	CPU	Avg_MHz	Busy%	Bzy_MHz	TSC_MHz	IPC	IRQ	NMI	SMI	POLL%	C1%	C2%	CorWatt	PkgWatt
-	-	2329	51.09	4559	3393	0.27	36251	2	0	0.00	0.10	48.86	46.58	67.63
0	0	606	13.29	4556	3394	0.22	2128	0	0	0.00	0.01	86.79	5.80	67.65
0	8	4108	89.99	4565	3394	0.28	2258	1	0	0.00	0.05	9.97
1	1	1161	25.39	4574	3394	0.27	2144	0	0	0.00	0.01	74.68	5.91
1	9	3834	83.91	4569	3394	0.27	2338	0	0	0.00	0.20	15.91
2	2	3633	80.11	4535	3394	0.30	2415	0	0	0.00	0.21	19.71	5.62
2	10	411	9.42	4364	3394	0.22	2222	0	0	0.00	0.01	90.68
3	3	1766	38.78	4553	3394	0.27	2694	0	0	0.00	0.09	61.21	5.92
3	11	3042	66.63	4566	3394	0.27	2221	0	0	0.00	0.03	33.38
4	4	2071	45.37	4564	3394	0.27	2315	1	0	0.00	0.18	54.52	5.94
4	12	2657	58.18	4567	3394	0.27	2262	0	0	0.00	0.21	41.66
5	5	1172	25.74	4554	3394	0.27	2214	0	0	0.00	0.02	74.33	5.82
5	13	3438	75.29	4566	3394	0.27	2250	0	0	0.00	0.12	24.62
6	6	765	16.77	4561	3394	0.24	2125	0	0	0.00	0.01	83.31	5.83
6	14	3934	86.11	4568	3394	0.27	2278	0	0	0.00	0.31	13.59
7	7	943	20.66	4564	3394	0.24	2127	0	0	0.00	0.01	79.42	5.75
7	15	3733	81.75	4566	3394	0.27	2260	0	0	0.00	0.12	18.15
Core	CPU	Avg_MHz	Busy%	Bzy_MHz	TSC_MHz	IPC	IRQ	NMI	SMI	POLL%	C1%	C2%	CorWatt	PkgWatt
-	-	2331	51.12	4560	3395	0.27	36305	2	0	0.00	0.11	48.84	46.68	67.49
0	0	958	20.94	4574	3394	0.27	2088	0	0	0.00	0.03	79.11	5.83	67.46
0	8	3717	81.45	4563	3394	0.28	2242	0	0	0.00	0.11	18.46
1	1	585	12.85	4556	3394	0.24	2122	0	0	0.00	0.01	87.24	5.72
1	9	4027	88.18	4567	3394	0.28	2357	0	0	0.00	0.39	11.45
2	2	3900	85.92	4539	3394	0.31	2392	0	0	0.00	0.33	13.77	5.70
2	10	272	6.18	4403	3394	0.08	2343	0	0	0.00	0.02	93.91
3	3	1500	33.03	4542	3394	0.26	2713	0	0	0.00	0.20	66.86	5.88
3	11	3259	71.38	4565	3394	0.27	2252	0	0	0.00	0.03	28.62
4	4	1642	35.97	4564	3394	0.26	2257	0	0	0.00	0.04	64.06	6.05
4	12	3332	72.95	4568	3394	0.27	2261	0	0	0.00	0.17	26.92
5	5	1448	31.74	4560	3394	0.25	2213	0	0	0.00	0.02	68.32	5.89
5	13	3326	72.85	4566	3394	0.27	2249	0	0	0.00	0.08	27.11
6	6	947	20.90	4532	3394	0.24	2190	0	0	0.00	0.01	79.17	5.81
6	14	3709	81.28	4563	3394	0.27	2265	1	0	0.00	0.17	18.57
7	7	563	12.34	4558	3394	0.24	2087	0	0	0.00	0.00	87.75	5.79
7	15	4107	90.00	4564	3394	0.28	2274	1	0	0.00	0.11	9.90
Core	CPU	Avg_MHz	Busy%	Bzy_MHz	TSC_MHz	IPC	IRQ	NMI	SMI	POLL%	C1%	C2%	CorWatt	PkgWatt
-	-	2328	51.12	4554	3390	0.27	36304	2	0	0.00	0.09	48.79	46.56	67.59
0	0	2852	62.48	4564	3394	0.27	2246	0	0	0.00	0.04	37.52	5.80	67.70
0	8	1924	42.15	4564	3394	0.26	2185	0	0	0.00	0.01	57.90
1	1	1279	28.05	4562	3394	0.25	2178	0	0	0.00	0.08	71.95	5.76
1	9	3421	74.97	4562	3394	0.27	2334	0	0	0.00	0.15	24.91
2	2	3631	79.81	4549	3394	0.30	2417	1	0	0.00	0.39	19.82	5.85
2	10	819	18.04	4538	3394	0.21	2307	0	0	0.00	0.02	82.03
3	3	3230	70.92	4554	3394	0.28	2702	0	0	0.00	0.11	29.01	5.85
3	11	1503	32.97	4558	3394	0.25	2165	0	0	0.00	0.00	67.10
4	4	1774	38.89	4561	3394	0.26	2194	0	0	0.00	0.12	61.06	5.95
4	12	2930	64.22	4563	3394	0.27	2238	1	0	0.00	0.02	35.80
5	5	2086	45.65	4569	3394	0.29	2164	0	0	0.00	0.03	54.38	5.90
5	13	2596	56.88	4564	3394	0.27	2281	0	0	0.00	0.07	43.10
6	6	1384	30.60	4522	3394	0.26	2184	0	0	0.00	0.05	69.44	5.75
6	14	3186	69.84	4562	3394	0.27	2270	0	0	0.00	0.12	30.07
7	7	2134	46.84	4556	3394	0.27	2225	0	0	0.00	0.10	53.11	5.74
7	15	2536	55.58	4562	3394	0.27	2214	0	0	0.00	0.14	44.33
Core	CPU	Avg_MHz	Busy%	Bzy_MHz	TSC_MHz	IPC	IRQ	NMI	SMI	POLL%	C1%	C2%	CorWatt	PkgWatt
-	-	2328	51.04	4561	3396	0.27	36542	1	0	0.00	0.09	48.96	46.56	67.54
0	0	1911	42.02	4548	3394	0.26	2221	0	0	0.00	0.02	58.02	5.72	67.51
0	8	2650	58.26	4549	3394	0.27	2230	0	0	0.00	0.01	41.78
1	1	2246	49.24	4563	3394	0.26	2234	0	0	0.00	0.09	50.74	5.76
1	9	2539	55.63	4565	3394	0.27	2324	0	0	0.00	0.09	44.33
2	2	3988	87.57	4554	3394	0.29	2453	0	0	0.00	0.51	11.94	5.89
2	10	565	12.44	4540	3394	0.20	2279	0	0	0.00	0.02	87.64
3	3	2607	57.23	4555	3394	0.28	2712	0	0	0.01	0.28	42.55	5.88
3	11	2106	46.19	4559	3394	0.26	2269	0	0	0.00	0.01	53.86
4	4	2344	51.48	4554	3394	0.28	2253	0	0	0.00	0.11	48.46	5.84
4	12	2170	47.60	4559	3394	0.27	2243	0	0	0.00	0.06	52.40
5	5	1009	22.10	4564	3394	0.27	2233	0	0	0.00	0.03	77.95	5.88
5	13	3703	81.14	4563	3394	0.27	2256	0	0	0.00	0.01	18.87
6	6	2489	54.72	4548	3394	0.28	2248	1	0	0.00	0.07	45.27	5.75
6	14	2107	46.19	4561	3394	0.26	2193	0	0	0.00	0.05	53.82
7	7	1079	23.70	4554	3394	0.27	2157	0	0	0.00	0.02	76.36	5.80
7	15	3701	81.11	4563	3394	0.27	2237	0	0	0.00	0.11	18.81
Core	CPU	Avg_MHz	Busy%	Bzy_MHz	TSC_MHz	IPC	IRQ	NMI	SMI	POLL%	C1%	C2%	CorWatt	PkgWatt
-	-	2329	51.09	4558	3395	0.27	36375	4	0	0.00	0.08	48.90	46.60	67.57
0	0	1803	39.54	4560	3394	0.27	2164	0	0	0.00	0.11	60.41	5.84	67.49
0	8	2889	63.33	4562	3394	0.28	2194	0	0	0.00	0.07	36.65
1	1	1974	43.25	4565	3394	0.28	2174	0	0	0.00	0.07	56.74	5.75
1	9	2731	59.84	4563	3394	0.27	2316	0	0	0.00	0.02	40.18
2	2	3793	83.46	4545	3394	0.29	2437	0	0	0.00	0.19	16.37	5.85
2	10	680	15.03	4526	3394	0.21	2338	0	0	0.00	0.01	85.06
3	3	2340	51.50	4543	3394	0.27	2763	1	0	0.00	0.17	48.39	5.73
3	11	2196	48.24	4553	3394	0.27	2256	1	0	0.00	0.09	51.73
4	4	2295	50.42	4553	3394	0.28	2197	0	0	0.00	0.06	49.58	5.99
4	12	2484	54.45	4561	3394	0.27	2246	0	0	0.00	0.20	45.40
5	5	2035	44.70	4552	3394	0.27	2270	1	0	0.00	0.01	55.36	5.83
5	13	2676	58.64	4563	3394	0.27	2239	1	0	0.00	0.11	41.29
6	6	1762	38.64	4560	3394	0.27	2194	0	0	0.00	0.07	61.35	5.81
6	14	2867	62.88	4560	3394	0.27	2219	0	0	0.00	0.01	37.16
7	7	902	19.80	4557	3394	0.25	2130	0	0	0.00	0.00	80.28	5.78
7	15	3820	83.75	4562	3394	0.28	2238	0	0	0.00	0.06	16.22
Core	CPU	Avg_MHz	Busy%	Bzy_MHz	TSC_MHz	IPC	IRQ	NMI	SMI	POLL%	C1%	C2%	CorWatt	PkgWatt
-	-	2327	51.14	4550	3390	0.27	36350	1	0	0.00	0.10	48.77	46.57	67.58
0	0	719	15.76	4561	3394	0.25	2135	0	0	0.00	0.03	84.30	5.85	67.71
0	8	3987	87.47	4558	3394	0.28	2254	0	0	0.00	0.06	12.49
1	1	1082	23.71	4565	3394	0.27	2139	0	0	0.00	0.02	76.35	5.80
1	9	3623	79.45	4560	3394	0.28	2339	1	0	0.00	0.12	20.45
2	2	3502	77.20	4536	3394	0.30	2408	0	0	0.00	0.24	22.59	5.78
2	10	852	18.93	4503	3394	0.23	2294	0	0	0.00	0.01	81.15
3	3	2389	52.47	4552	3394	0.27	2800	0	0	0.00	0.26	47.33	5.80
3	11	2244	49.21	4561	3394	0.26	2315	0	0	0.00	0.18	50.67
4	4	2452	53.93	4547	3394	0.27	2241	0	0	0.00	0.06	46.06	5.87
4	12	2140	47.01	4552	3394	0.26	2190	0	0	0.00	0.01	53.03
5	5	1135	24.86	4565	3394	0.26	2141	0	0	0.00	0.03	75.19	5.88
5	13	3591	78.72	4562	3394	0.27	2218	0	0	0.00	0.06	21.24
6	6	2342	51.35	4561	3394	0.27	2205	0	0	0.00	0.11	48.60	5.89
6	14	2414	52.91	4562	3394	0.27	2196	0	0	0.00	0.04	47.10
7	7	2688	58.96	4559	3394	0.27	2249	0	0	0.00	0.19	40.90	5.76
7	15	2108	46.21	4562	3394	0.26	2226	0	0	0.00	0.20	53.65
Core	CPU	Avg_MHz	Busy%	Bzy_MHz	TSC_MHz	IPC	IRQ	NMI	SMI	POLL%	C1%	C2%	CorWatt	PkgWatt
-	-	2334	51.16	4563	3398	0.27	36511	2	0	0.00	0.13	48.83	46.71	67.52
0	0	1256	27.57	4558	3394	0.27	2128	0	0	0.00	0.00	72.51	5.87	67.38
0	8	3528	77.34	4562	3394	0.27	2236	1	0	0.00	0.18	22.51
1	1	2201	48.28	4559	3394	0.28	2169	0	0	0.00	0.04	51.73	5.71
1	9	2378	52.14	4561	3394	0.27	2325	0	0	0.00	0.03	47.88
2	2	3833	84.36	4543	3394	0.29	2403	1	0	0.00	0.44	15.22	5.73
2	10	490	10.94	4481	3394	0.18	2212	0	0	0.00	0.00	89.16
3	3	3353	73.53	4560	3394	0.28	2796	0	0	0.00	0.49	26.01	5.88
3	11	1291	28.30	4561	3394	0.26	2192	0	0	0.00	0.01	71.77
4	4	2117	46.54	4549	3394	0.26	2331	0	0	0.00	0.02	53.51	5.89
4	12	2562	56.19	4559	3394	0.26	2293	0	0	0.00	0.22	43.64
5	5	1726	37.86	4559	3394	0.26	2238	0	0	0.00	0.09	62.12	5.87
5	13	2961	64.94	4560	3394	0.27	2256	0	0	0.00	0.12	34.98
6	6	2367	51.88	4562	3394	0.27	2205	0	0	0.00	0.14	48.04	5.85
6	14	2383	52.22	4562	3394	0.26	2270	0	0	0.00	0.11	47.72
7	7	2149	47.17	4556	3394	0.28	2181	0	0	0.00	0.01	52.89	5.86
7	15	2708	59.34	4564	3394	0.27	2276	0	0	0.00	0.16	40.56
Core	CPU	Avg_MHz	Busy%	Bzy_MHz	TSC_MHz	IPC	IRQ	NMI	SMI	POLL%	C1%	C2%	CorWatt	PkgWatt
-	-	2349	51.54	4557	3393	0.27	37162	2	0	0.00	0.12	48.39	46.96	67.95
0	0	2297	50.35	4563	3394	0.27	2265	0	0	0.00	0.06	49.65	5.93	67.96
0	8	2552	55.90	4565	3394	0.27	2243	0	0	0.00	0.06	44.09
1	1	940	20.66	4549	3394	0.25	2256	0	0	0.00	0.14	79.29	5.79
1	9	3723	81.61	4562	3394	0.27	2358	0	0	0.00	0.18	18.22
2	2	3865	84.91	4552	3394	0.28	2431	0	0	0.00	0.40	14.71	5.89
2	10	625	13.90	4495	3394	0.20	2344	0	0	0.00	0.04	86.17
3	3	3205	70.33	4558	3394	0.27	2792	0	0	0.00	0.24	29.47	6.02
3	11	1779	38.96	4565	3394	0.25	2329	0	0	0.00	0.03	61.08
4	4	2588	56.77	4558	3394	0.27	2292	0	0	0.00	0.11	43.16	5.96
4	12	2139	46.94	4557	3394	0.26	2290	0	0	0.00	0.10	53.02
5	5	1838	40.47	4542	3394	0.27	2230	0	0	0.00	0.07	59.53	5.66
5	13	2529	55.52	4556	3394	0.27	2237	0	0	0.00	0.01	44.52
6	6	2555	56.04	4560	3394	0.28	2231	0	0	0.00	0.23	43.78	5.86
6	14	2135	46.76	4566	3394	0.27	2331	1	0	0.00	0.02	53.29
7	7	2290	50.27	4555	3394	0.27	2290	0	0	0.00	0.02	49.77	5.86
7	15	2521	55.21	4565	3394	0.27	2243	1	0	0.00	0.20	44.64
Core	CPU	Avg_MHz	Busy%	Bzy_MHz	TSC_MHz	IPC	IRQ	NMI	SMI	POLL%	C1%	C2%	CorWatt	PkgWatt
-	-	2329	51.13	4555	3393	0.27	36377	2	0	0.00	0.08	48.84	46.71	67.69
0	0	1641	35.99	4559	3394	0.27	2169	0	0	0.00	0.03	64.05	5.89	67.70
0	8	3107	68.08	4563	3394	0.28	2212	0	0	0.00	0.13	31.82
1	1	749	16.43	4560	3394	0.25	2112	0	0	0.00	0.01	83.65	5.79
1	9	3936	86.29	4562	3394	0.28	2350	0	0	0.00	0.16	13.57
2	2	3870	85.14	4545	3394	0.29	2410	0	0	0.00	0.40	14.48	5.87
2	10	652	14.34	4547	3394	0.23	2295	0	0	0.00	0.01	85.75
3	3	3537	77.90	4541	3394	0.28	2817	0	0	0.00	0.16	21.97	5.69
3	11	890	19.61	4539	3394	0.23	2233	0	0	0.00	0.01	80.47
4	4	2192	48.12	4556	3394	0.27	2218	1	0	0.00	0.03	51.91	5.86
4	12	2349	51.64	4550	3394	0.27	2251	0	0	0.00	0.05	48.37
5	5	1731	37.96	4561	3394	0.27	2165	0	0	0.00	0.00	62.11	5.97
5	13	3063	67.16	4561	3394	0.27	2231	0	0	0.00	0.01	32.86
6	6	2805	61.68	4547	3394	0.27	2261	0	0	0.00	0.17	38.20	5.65
6	14	1632	35.85	4551	3394	0.25	2240	0	0	0.00	0.01	64.21
7	7	2756	60.36	4567	3394	0.28	2217	1	0	0.00	0.04	39.65	5.99
7	15	2355	51.56	4567	3394	0.27	2196	0	0	0.00	0.12	48.38
Core	CPU	Avg_MHz	Busy%	Bzy_MHz	TSC_MHz	IPC	IRQ	NMI	SMI	POLL%	C1%	C2%	CorWatt	PkgWatt
-	-	2326	51.07	4554	3393	0.27	36242	1	0	0.00	0.11	48.88	46.74	67.86
0	0	3647	80.00	4559	3394	0.28	2278	1	0	0.00	0.16	19.86	5.85	67.87
0	8	1109	24.29	4565	3394	0.23	2190	0	0	0.00	0.06	75.74
1	1	1199	26.25	4568	3394	0.28	2131	0	0	0.00	0.03	73.80	5.86
1	9	3606	79.06	4561	3394	0.27	2335	0	0	0.00	0.16	20.80
2	2	1917	42.26	4536	3394	0.28	2376	0	0	0.00	0.21	57.60	5.83
2	10	2538	55.73	4553	3394	0.27	2222	0	0	0.00	0.05	44.26
3	3	1801	39.58	4551	3394	0.27	2737	0	0	0.00	0.17	60.33	5.93
3	11	2954	64.77	4561	3394	0.27	2246	0	0	0.00	0.13	35.14
4	4	2899	63.60	4559	3394	0.27	2228	0	0	0.00	0.10	36.35	5.99
4	12	1830	40.16	4556	3394	0.26	2171	0	0	0.00	0.02	59.88
5	5	1109	24.31	4561	3394	0.27	2162	0	0	0.00	0.03	75.74	5.94
5	13	3656	80.16	4561	3394	0.27	2236	0	0	0.00	0.10	19.76
6	6	3483	76.71	4541	3394	0.28	2273	0	0	0.00	0.32	23.00	5.53
6	14	733	16.26	4506	3394	0.26	2205	0	0	0.00	0.01	83.83
7	7	1811	39.82	4548	3394	0.26	2215	0	0	0.00	0.05	60.20	5.81
7	15	2921	64.09	4557	3394	0.27	2237	0	0	0.00	0.13	35.82
Core	CPU	Avg_MHz	Busy%	Bzy_MHz	TSC_MHz	IPC	IRQ	NMI	SMI	POLL%	C1%	C2%	CorWatt	PkgWatt
-	-	2326	51.09	4553	3393	0.27	36300	5	0	0.00	0.10	48.85	46.77	67.88
0	0	1247	27.60	4517	3394	0.26	2183	0	0	0.00	0.01	72.47	5.69	67.90
0	8	3224	70.85	4550	3394	0.27	2249	0	0	0.00	0.13	29.05
1	1	1183	26.13	4528	3394	0.26	2256	0	0	0.00	0.02	73.94	5.75
1	9	3480	76.25	4563	3394	0.27	2365	1	0	0.00	0.29	23.49
2	2	3403	75.00	4537	3394	0.29	2415	0	0	0.00	0.31	24.72	5.81
2	10	1082	23.79	4548	3394	0.24	2228	0	0	0.00	0.06	76.24
3	3	2782	61.09	4554	3394	0.28	2722	1	0	0.00	0.14	38.83	5.86
3	11	1795	39.36	4561	3394	0.26	2212	0	0	0.00	0.23	60.48
4	4	1537	33.72	4558	3394	0.26	2203	0	0	0.00	0.05	66.31	6.02
4	12	3306	72.44	4563	3394	0.27	2280	1	0	0.00	0.08	27.51
5	5	1612	35.30	4566	3394	0.28	2124	0	0	0.00	0.03	64.75	6.01
5	13	3261	71.42	4565	3394	0.27	2215	1	0	0.00	0.03	28.58
6	6	3030	66.59	4550	3394	0.28	2282	1	0	0.00	0.23	33.22	5.76
6	14	1494	32.88	4543	3394	0.26	2165	0	0	0.00	0.01	67.19
7	7	2050	44.95	4561	3394	0.27	2190	0	0	0.00	0.01	55.11	5.88
7	15	2743	60.09	4566	3394	0.27	2211	0	0	0.00	0.01	39.95
Core	CPU	Avg_MHz	Busy%	Bzy_MHz	TSC_MHz	IPC	IRQ	NMI	SMI	POLL%	C1%	C2%	CorWatt	PkgWatt
-	-	2335	51.26	4556	3395	0.27	36516	1	0	0.00	0.09	48.72	46.94	67.87
0	0	1403	30.78	4557	3394	0.27	2232	0	0	0.00	0.02	69.28	5.88	67.83
0	8	3330	72.95	4564	3394	0.27	2275	0	0	0.00	0.27	26.80
1	1	2105	46.09	4567	3394	0.27	2226	1	0	0.00	0.08	53.90	5.86
1	9	2688	58.95	4560	3394	0.27	2266	0	0	0.00	0.04	41.06
2	2	1506	33.55	4490	3394	0.28	2371	0	0	0.00	0.02	66.51	5.75
2	10	2824	62.01	4555	3394	0.27	2333	0	0	0.00	0.18	37.86
3	3	2959	64.91	4558	3394	0.27	2704	0	0	0.00	0.10	35.03	6.00
3	11	1913	41.91	4563	3394	0.26	2174	0	0	0.00	0.08	58.07
4	4	1873	41.15	4551	3394	0.26	2267	0	0	0.00	0.03	58.90	6.02
4	12	2926	64.14	4562	3394	0.27	2279	0	0	0.00	0.17	35.73
5	5	1492	32.63	4572	3394	0.27	2181	0	0	0.00	0.01	67.44	5.96
5	13	3267	71.64	4561	3394	0.27	2255	0	0	0.00	0.01	28.39
6	6	1831	40.16	4560	3394	0.27	2161	0	0	0.00	0.17	59.73	5.93
6	14	2924	64.07	4563	3394	0.27	2212	0	0	0.00	0.00	35.97
7	7	3863	85.13	4538	3394	0.28	2343	0	0	0.00	0.28	14.61	5.53
7	15	447	10.07	4437	3394	0.20	2237	0	0	0.00	0.02	90.02
Core	CPU	Avg_MHz	Busy%	Bzy_MHz	TSC_MHz	IPC	IRQ	NMI	SMI	POLL%	C1%	C2%	CorWatt	PkgWatt
-	-	2355	51.65	4558	3394	0.27	36622	2	0	0.00	0.08	48.32	47.07	67.90
0	0	2005	43.98	4559	3394	0.27	2210	0	0	0.00	0.01	56.08	5.87	67.88
0	8	2689	58.96	4561	3394	0.27	2237	1	0	0.00	0.11	40.98
1	1	3014	66.13	4558	3394	0.28	2254	0	0	0.00	0.21	33.70	5.81
1	9	1745	38.24	4563	3394	0.26	2230	0	0	0.00	0.10	61.73
2	2	1182	26.15	4521	3394	0.26	2361	0	0	0.00	0.08	73.85	5.83
2	10	3298	72.44	4553	3394	0.27	2311	1	0	0.00	0.11	27.47
3	3	2320	50.93	4556	3394	0.26	2717	0	0	0.00	0.13	49.01	5.93
3	11	2442	53.56	4559	3394	0.26	2414	0	0	0.00	0.17	46.34
4	4	2680	58.79	4559	3394	0.27	2239	0	0	0.00	0.05	41.21	6.03
4	12	2162	47.41	4561	3394	0.26	2249	0	0	0.00	0.04	52.61
5	5	2005	43.95	4561	3394	0.28	2168	0	0	0.00	0.11	56.00	5.93
5	13	2750	60.32	4560	3394	0.26	2306	0	0	0.00	0.09	39.64
6	6	1042	22.98	4534	3394	0.25	2218	0	0	0.00	0.00	77.10	5.78
6	14	3527	77.41	4557	3394	0.27	2286	0	0	0.00	0.06	22.56
7	7	3778	82.69	4569	3394	0.30	2194	0	0	0.00	0.01	17.32	5.88
7	15	1031	22.53	4574	3394	0.25	2228	0	0	0.00	0.01	77.55
Core	CPU	Avg_MHz	Busy%	Bzy_MHz	TSC_MHz	IPC	IRQ	NMI	SMI	POLL%	C1%	C2%	CorWatt	PkgWatt
-	-	2328	51.14	4553	3394	0.27	36242	2	0	0.00	0.10	48.82	46.75	67.66
0	0	2743	60.17	4558	3394	0.27	2248	0	0	0.00	0.20	39.67	5.83	67.67
0	8	1977	43.38	4557	3394	0.26	2238	0	0	0.00	0.01	56.67
1	1	1743	38.23	4559	3394	0.28	2130	0	0	0.00	0.02	61.82	5.78
1	9	2982	65.42	4559	3394	0.27	2277	0	0	0.00	0.01	34.61
2	2	1778	39.20	4537	3394	0.27	2385	1	0	0.00	0.17	60.70	5.91
2	10	2838	62.33	4553	3394	0.27	2312	0	0	0.00	0.13	37.58
3	3	1818	39.96	4550	3394	0.27	2669	0	0	0.00	0.09	60.03	5.84
3	11	2882	63.25	4556	3394	0.26	2223	1	0	0.00	0.15	36.64
4	4	2260	49.75	4543	3394	0.27	2235	0	0	0.00	0.05	50.26	5.88
4	12	2318	50.93	4552	3394	0.27	2205	0	0	0.00	0.14	48.99
5	5	2438	53.47	4559	3394	0.27	2247	0	0	0.00	0.22	46.37	5.89
5	13	2177	47.80	4556	3394	0.27	2218	0	0	0.00	0.00	52.26
6	6	2483	54.66	4544	3394	0.27	2224	0	0	0.00	0.10	45.30	5.88
6	14	2222	48.76	4558	3394	0.27	2213	0	0	0.00	0.27	51.03
7	7	4188	92.04	4550	3394	0.29	2271	0	0	0.00	0.06	7.91	5.72
7	15	399	8.83	4522	3394	0.19	2147	0	0	0.00	0.01	91.27
Core	CPU	Avg_MHz	Busy%	Bzy_MHz	TSC_MHz	IPC	IRQ	NMI	SMI	POLL%	C1%	C2%	CorWatt	PkgWatt
-	-	2330	51.15	4555	3393	0.27	36009	2	0	0.00	0.06	48.84	46.89	67.93
0	0	2312	50.74	4556	3394	0.27	2176	0	0	0.00	0.01	49.30	5.86	67.94
0	8	2323	51.02	4553	3394	0.27	2224	0	0	0.00	0.01	49.03
1	1	3070	67.41	4554	3394	0.27	2188	0	0	0.00	0.03	32.59	5.70
1	9	1533	33.66	4552	3394	0.26	2165	0	0	0.00	0.01	66.41
2	2	2602	57.12	4555	3394	0.27	2347	0	0	0.00	0.04	42.89	6.00
2	10	2022	44.41	4553	3394	0.27	2195	0	0	0.00	0.06	55.60
3	3	1947	42.76	4554	3394	0.26	2845	0	0	0.00	0.16	57.15	5.82
3	11	2694	59.17	4553	3394	0.26	2212	0	0	0.00	0.25	40.62
4	4	2896	63.59	4554	3394	0.27	2277	0	0	0.00	0.02	36.44	5.91
4	12	1777	39.03	4554	3394	0.25	2257	0	0	0.00	0.02	61.03
5	5	1660	36.44	4554	3394	0.25	2213	1	0	0.00	0.03	63.61	5.87
5	13	3013	66.15	4554	3394	0.27	2237	0	0	0.00	0.19	33.69
6	6	2850	62.61	4552	3394	0.27	2212	0	0	0.00	0.01	37.43	5.86
6	14	1773	38.95	4553	3394	0.26	2144	0	0	0.00	0.00	61.12
7	7	4570	99.96	4571	3394	0.29	2175	1	0	0.00	0.04	0.00	5.88
7	15	249	5.44	4577	3394	0.10	2142	0	0	0.00	0.01	94.67
Core	CPU	Avg_MHz	Busy%	Bzy_MHz	TSC_MHz	IPC	IRQ	NMI	SMI	POLL%	C1%	C2%	CorWatt	PkgWatt
-	-	2327	51.08	4555	3394	0.27	36005	1	0	0.00	0.08	48.90	46.87	67.94
0	0	3329	73.08	4555	3394	0.27	2266	0	0	0.00	0.29	26.67	5.85	67.93
0	8	1483	32.60	4551	3394	0.24	2234	0	0	0.00	0.01	67.46
1	1	740	16.29	4541	3394	0.23	2161	0	0	0.00	0.01	83.79	5.72
1	9	3892	85.41	4557	3394	0.27	2342	0	0	0.00	0.09	14.52
2	2	2988	65.70	4548	3394	0.27	2322	0	0	0.00	0.06	34.28	5.87
2	10	1553	34.14	4549	3394	0.26	2137	0	0	0.00	0.05	65.89
3	3	2835	62.22	4557	3394	0.28	2681	0	0	0.00	0.22	37.62	5.92
3	11	1780	39.08	4555	3394	0.27	2157	0	0	0.00	0.00	60.99
4	4	278	6.10	4555	3394	0.16	2316	0	0	0.00	0.01	94.01	5.90
4	12	4369	95.92	4555	3394	0.27	2305	0	0	0.00	0.39	3.70
5	5	3867	84.87	4557	3394	0.28	2243	0	0	0.00	0.12	15.03	5.90
5	13	768	16.88	4550	3394	0.25	2086	0	0	0.00	0.00	83.21
6	6	1089	24.04	4528	3394	0.25	2159	0	0	0.00	0.01	76.04	5.89
6	14	3488	76.58	4555	3394	0.28	2247	1	0	0.00	0.02	23.43
7	7	3679	80.52	4569	3394	0.29	2179	0	0	0.00	0.08	19.42	5.84
7	15	1088	23.82	4565	3394	0.25	2170	0	0	0.00	0.00	76.26
Core	CPU	Avg_MHz	Busy%	Bzy_MHz	TSC_MHz	IPC	IRQ	NMI	SMI	POLL%	C1%	C2%	CorWatt	PkgWatt
-	-	2326	51.09	4552	3393	0.27	36283	4	0	0.00	0.08	48.89	46.70	67.55
0	0	1732	38.01	4557	3394	0.27	2208	0	0	0.00	0.02	62.04	5.87	67.60
0	8	2907	63.78	4559	3394	0.27	2231	0	0	0.00	0.16	36.10
1	1	1200	26.34	4557	3394	0.24	2216	0	0	0.00	0.01	73.73	5.76
1	9	3497	76.73	4558	3394	0.27	2352	1	0	0.00	0.13	23.17
2	2	3773	83.49	4519	3394	0.29	2432	0	0	0.00	0.27	16.26	5.48
2	10	268	6.27	4279	3394	0.12	2289	0	0	0.00	0.01	93.83
3	3	1726	37.87	4557	3394	0.26	2704	0	0	0.00	0.19	62.02	5.95
3	11	3105	68.10	4560	3394	0.26	2261	0	0	0.00	0.03	31.91
4	4	2637	57.84	4559	3394	0.27	2275	1	0	0.00	0.15	42.06	5.99
4	12	2132	46.75	4561	3394	0.26	2227	1	0	0.00	0.06	53.25
5	5	1974	43.29	4560	3394	0.27	2138	0	0	0.00	0.00	56.77	5.92
5	13	2759	60.52	4558	3394	0.27	2179	1	0	0.00	0.07	39.45
6	6	1251	27.43	4562	3394	0.26	2163	0	0	0.00	0.06	72.59	5.90
6	14	3488	76.52	4558	3394	0.27	2224	0	0	0.00	0.00	23.50
7	7	2125	46.63	4556	3394	0.27	2192	0	0	0.00	0.05	53.38	5.85
7	15	2633	57.75	4559	3394	0.27	2192	0	0	0.00	0.08	42.22
Core	CPU	Avg_MHz	Busy%	Bzy_MHz	TSC_MHz	IPC	IRQ	NMI	SMI	POLL%	C1%	C2%	CorWatt	PkgWatt
-	-	2322	51.03	4551	3394	0.27	36377	2	0	0.00	0.10	48.93	46.77	67.80
0	0	1994	43.72	4559	3394	0.27	2192	0	0	0.00	0.05	56.29	5.96	67.74
0	8	2862	62.76	4560	3394	0.27	2204	0	0	0.00	0.24	37.05
1	1	610	13.38	4558	3394	0.24	2159	0	0	0.00	0.01	86.71	5.78
1	9	4098	89.89	4559	3394	0.27	2356	0	0	0.00	0.32	9.80
2	2	3370	74.42	4528	3394	0.28	2464	0	0	0.00	0.21	25.40	5.74
2	10	925	20.40	4537	3394	0.25	2180	0	0	0.00	0.00	79.69
3	3	2757	60.53	4555	3394	0.28	2737	1	0	0.00	0.18	39.34	5.91
3	11	1865	40.95	4555	3394	0.26	2214	0	0	0.00	0.01	59.11
4	4	3040	66.85	4547	3394	0.28	2280	0	0	0.00	0.14	33.05	5.94
4	12	1579	34.71	4549	3394	0.25	2246	0	0	0.00	0.01	65.36
5	5	2019	44.50	4537	3394	0.27	2251	0	0	0.00	0.01	55.55	5.78
5	13	2493	54.79	4550	3394	0.27	2245	0	0	0.00	0.19	45.06
6	6	2921	64.21	4549	3394	0.27	2241	0	0	0.00	0.03	35.81	5.83
6	14	1753	38.48	4554	3394	0.26	2182	0	0	0.00	0.09	61.49
7	7	2722	59.79	4553	3394	0.27	2257	0	0	0.00	0.08	40.17	5.84
7	15	2145	47.08	4557	3394	0.26	2169	1	0	0.00	0.05	52.94
Core	CPU	Avg_MHz	Busy%	Bzy_MHz	TSC_MHz	IPC	IRQ	NMI	SMI	POLL%	C1%	C2%	CorWatt	PkgWatt
-	-	2730	60.05	4546	3393	0.24	51193	4	0	0.00	0.24	39.78	49.07	69.95
0	0	2039	44.74	4557	3394	0.23	3407	1	0	0.00	0.25	55.11	6.17	69.96
0	8	3534	77.57	4555	3394	0.26	2689	1	0	0.00	0.34	22.14
1	1	1916	42.13	4549	3394	0.22	2946	0	0	0.01	0.23	57.74	5.99
1	9	3390	74.42	4554	3394	0.24	4224	0	0	0.00	0.09	25.54
2	2	3337	73.43	4545	3394	0.24	3262	1	0	0.00	0.33	26.30	6.19
2	10	2239	49.41	4531	3394	0.20	3948	0	0	0.00	0.11	50.58
3	3	3230	70.88	4557	3394	0.25	3785	0	0	0.00	0.23	28.94	6.26
3	11	2472	54.26	4555	3394	0.23	2639	0	0	0.00	0.12	45.69
4	4	2857	62.68	4559	3394	0.26	2783	0	0	0.00	0.22	37.17	6.47
4	12	3051	66.90	4560	3394	0.24	2691	0	0	0.00	0.34	32.82
5	5	3039	66.76	4553	3394	0.24	2964	0	0	0.00	0.24	33.07	6.17
5	13	2444	53.76	4546	3394	0.23	3016	0	0	0.01	0.24	46.09
6	6	2630	58.23	4516	3394	0.23	2975	1	0	0.00	0.32	41.52	5.87
6	14	2350	52.11	4510	3394	0.24	3133	0	0	0.00	0.15	47.82
7	7	2273	50.11	4536	3394	0.25	3623	0	0	0.00	0.41	49.58	5.95
7	15	2880	63.46	4539	3394	0.24	3108	0	0	0.00	0.22	36.38
Core	CPU	Avg_MHz	Busy%	Bzy_MHz	TSC_MHz	IPC	IRQ	NMI	SMI	POLL%	C1%	C2%	CorWatt	PkgWatt
-	-	2515	55.30	4549	3393	0.25	43557	0	0	0.00	0.17	44.59	47.78	68.70
0	0	1885	41.48	4544	3394	0.23	2807	0	0	0.00	0.15	58.46	5.84	68.71
0	8	2957	64.91	4555	3394	0.26	2403	0	0	0.00	0.21	34.93
1	1	2119	46.52	4555	3394	0.25	2827	0	0	0.00	0.12	53.45	5.89
1	9	2922	64.12	4556	3394	0.25	2943	0	0	0.00	0.22	35.72
2	2	2564	56.77	4517	3394	0.25	2955	0	0	0.00	0.20	43.09	5.90
2	10	2261	49.80	4539	3394	0.24	2991	0	0	0.01	0.14	50.12
3	3	3283	72.08	4555	3394	0.26	3072	0	0	0.00	0.12	27.85	6.09
3	11	1925	42.30	4552	3394	0.23	2895	0	0	0.00	0.23	57.52
4	4	1890	41.49	4555	3394	0.23	2645	0	0	0.00	0.13	58.47	6.07
4	12	3180	69.78	4558	3394	0.26	2561	0	0	0.00	0.22	30.06
5	5	2856	62.80	4548	3394	0.26	2588	0	0	0.00	0.27	36.98	6.06
5	13	2203	48.37	4555	3394	0.26	2831	0	0	0.00	0.19	51.51
6	6	1718	37.92	4530	3394	0.23	2641	0	0	0.00	0.12	62.05	5.78
6	14	2989	65.89	4536	3394	0.26	2445	0	0	0.00	0.25	33.91
7	7	2533	55.51	4563	3394	0.26	2342	0	0	0.00	0.07	44.47	6.16
7	15	2968	65.04	4563	3394	0.25	2611	0	0	0.00	0.05	34.96
Core	CPU	Avg_MHz	Busy%	Bzy_MHz	TSC_MHz	IPC	IRQ	NMI	SMI	POLL%	C1%	C2%	CorWatt	PkgWatt
-	-	2466	54.17	4552	3394	0.25	40113	2	0	0.00	0.24	45.65	47.28	68.21
0	0	1473	32.31	4560	3394	0.25	2477	0	0	0.00	0.10	67.68	6.03	68.17
0	8	3650	80.05	4560	3394	0.27	2371	0	0	0.00	0.28	19.69
1	1	1815	39.79	4562	3394	0.26	2349	0	0	0.00	0.07	60.20	5.87
1	9	3258	71.42	4562	3394	0.25	2531	0	0	0.00	0.40	28.23
2	2	2862	63.38	4516	3394	0.27	2743	0	0	0.00	0.53	36.14	5.70
2	10	1534	33.92	4523	3394	0.24	2658	0	0	0.00	0.37	65.79
3	3	3396	74.53	4556	3394	0.26	2851	0	0	0.00	0.28	25.23	5.99
3	11	1544	33.94	4549	3394	0.25	2888	1	0	0.01	0.49	65.67
4	4	1308	28.80	4542	3394	0.24	2515	0	0	0.00	0.14	71.15	6.03
4	12	3602	79.06	4556	3394	0.26	2297	0	0	0.00	0.17	20.80
5	5	1821	39.92	4561	3394	0.25	2386	0	0	0.00	0.02	60.13	6.01
5	13	3408	74.78	4558	3394	0.25	2319	0	0	0.00	0.01	25.25
6	6	2463	54.10	4552	3394	0.26	2389	0	0	0.00	0.10	45.86	5.85
6	14	2394	52.61	4551	3394	0.25	2322	0	0	0.00	0.10	47.35
7	7	1764	38.87	4538	3394	0.23	2501	1	0	0.00	0.28	60.94	5.79
7	15	3153	69.26	4552	3394	0.25	2516	0	0	0.00	0.56	30.23
Core	CPU	Avg_MHz	Busy%	Bzy_MHz	TSC_MHz	IPC	IRQ	NMI	SMI	POLL%	C1%	C2%	CorWatt	PkgWatt
-	-	2446	53.76	4550	3393	0.26	39279	4	0	0.00	0.10	46.19	47.37	68.41
0	0	1995	43.79	4555	3394	0.25	2349	0	0	0.00	0.07	56.21	5.95	68.44
0	8	3013	66.09	4559	3394	0.26	2304	0	0	0.00	0.06	33.89
1	1	1027	22.51	4562	3394	0.22	2448	1	0	0.00	0.03	77.55	5.81
1	9	3782	82.94	4560	3394	0.27	2440	1	0	0.00	0.10	16.98
2	2	3064	67.81	4519	3394	0.27	2650	0	0	0.00	0.20	32.01	5.78
2	10	1381	30.46	4535	3394	0.24	2553	0	0	0.00	0.12	69.51
3	3	3254	71.51	4549	3394	0.26	2800	0	0	0.00	0.10	28.43	5.98
3	11	1715	37.62	4557	3394	0.24	2440	0	0	0.01	0.08	62.38
4	4	2626	57.67	4554	3394	0.27	2409	0	0	0.00	0.27	42.11	6.13
4	12	2376	52.06	4564	3394	0.26	2392	0	0	0.00	0.10	47.91
5	5	3140	69.16	4540	3394	0.27	2403	1	0	0.00	0.26	30.62	5.91
5	13	1920	42.23	4547	3394	0.22	2386	0	0	0.00	0.04	57.80
6	6	1599	35.26	4535	3394	0.24	2470	0	0	0.00	0.02	64.81	5.89
6	14	3183	69.90	4554	3394	0.26	2552	1	0	0.00	0.10	30.05
7	7	2263	49.66	4558	3394	0.26	2397	0	0	0.00	0.09	50.31	5.91
7	15	2805	61.44	4565	3394	0.25	2286	0	0	0.00	0.03	38.58
Core	CPU	Avg_MHz	Busy%	Bzy_MHz	TSC_MHz	IPC	IRQ	NMI	SMI	POLL%	C1%	C2%	CorWatt	PkgWatt
-	-	2456	54.04	4544	3391	0.25	41793	2	0	0.00	0.13	45.86	47.49	68.52
0	0	2830	62.22	4548	3394	0.26	2654	0	0	0.00	0.15	37.68	5.88	68.63
0	8	1993	43.82	4548	3394	0.25	2427	0	0	0.00	0.07	56.18
1	1	1516	33.35	4545	3394	0.24	2591	0	0	0.00	0.06	66.68	5.93
1	9	3472	76.20	4556	3394	0.26	2873	0	0	0.00	0.02	23.82
2	2	3210	70.94	4525	3394	0.27	2701	0	0	0.00	0.28	28.82	5.84
2	10	1403	31.07	4517	3394	0.21	3043	1	0	0.00	0.26	68.79
3	3	2207	48.58	4543	3394	0.25	3106	0	0	0.00	0.15	51.37	6.03
3	11	2830	62.11	4556	3394	0.26	2442	0	0	0.00	0.03	37.92
4	4	2610	57.32	4553	3394	0.25	2750	0	0	0.00	0.27	42.48	6.14
4	12	2425	53.15	4563	3394	0.26	2304	1	0	0.00	0.01	46.89
5	5	2666	58.50	4557	3394	0.26	2380	0	0	0.00	0.05	41.50	6.06
5	13	2513	55.11	4560	3394	0.25	2374	0	0	0.00	0.06	44.89
6	6	3438	75.68	4543	3394	0.27	2394	0	0	0.00	0.20	24.15	5.84
6	14	1296	28.61	4531	3394	0.22	2768	0	0	0.00	0.13	71.36
7	7	1664	36.60	4546	3394	0.25	2393	0	0	0.00	0.20	63.28	5.80
7	15	3250	71.40	4552	3394	0.25	2593	0	0	0.00	0.13	28.52
Core	CPU	Avg_MHz	Busy%	Bzy_MHz	TSC_MHz	IPC	IRQ	NMI	SMI	POLL%	C1%	C2%	CorWatt	PkgWatt
-	-	2403	52.81	4549	3397	0.25	48479	4	0	0.00	0.15	47.17	46.07	67.17
0	0	2999	65.95	4547	3394	0.25	2469	0	0	0.00	0.24	33.84	5.74	67.01
0	8	1921	42.30	4542	3394	0.22	3330	0	0	0.00	0.11	57.71
1	1	2599	57.08	4553	3394	0.27	2566	0	0	0.00	0.21	42.77	5.78
1	9	2402	52.80	4550	3394	0.25	4079	0	0	0.00	0.11	47.20
2	2	3290	72.65	4528	3394	0.26	3353	0	0	0.00	0.30	27.10	5.79
2	10	1424	31.44	4530	3394	0.21	4057	0	0	0.00	0.23	68.49
3	3	2451	54.17	4524	3394	0.25	3496	1	0	0.01	0.24	45.69	5.61
3	11	2075	45.66	4545	3394	0.24	3111	0	0	0.00	0.09	54.35
4	4	1991	43.76	4551	3394	0.25	2933	1	0	0.00	0.23	56.10	5.97
4	12	2966	65.15	4553	3394	0.26	2834	0	0	0.00	0.17	34.75
5	5	1578	34.83	4531	3394	0.23	2738	0	0	0.00	0.06	65.21	5.71
5	13	3111	68.36	4551	3394	0.26	2625	1	0	0.00	0.08	31.61
6	6	1624	35.81	4535	3394	0.24	2515	0	0	0.00	0.04	64.24	5.70
6	14	3111	68.29	4555	3394	0.26	2589	0	0	0.00	0.05	31.71
7	7	2856	62.80	4547	3394	0.26	2716	0	0	0.00	0.14	37.12	5.71
7	15	2001	43.95	4553	3394	0.24	3068	1	0	0.00	0.16	56.00
Core	CPU	Avg_MHz	Busy%	Bzy_MHz	TSC_MHz	IPC	IRQ	NMI	SMI	POLL%	C1%	C2%	CorWatt	PkgWatt
-	-	140	3.79	3706	3394	0.30	50189	0	0	0.01	0.26	96.05	8.00	26.56
0	0	120	3.18	3761	3394	0.32	2292	0	0	0.00	0.11	96.79	0.97	26.56
0	8	120	3.27	3656	3394	0.33	3346	0	0	0.00	0.13	96.69
1	1	131	3.60	3633	3394	0.38	2531	0	0	0.00	0.05	96.45	1.04
1	9	186	4.81	3875	3394	0.35	4017	0	0	0.00	0.16	95.13
2	2	91	2.56	3565	3394	0.10	2870	0	0	0.00	1.41	96.12	0.98
2	10	170	4.72	3590	3394	0.25	4563	0	0	0.00	0.05	95.35
3	3	132	3.50	3764	3394	0.35	3613	0	0	0.06	0.27	96.32	1.02
3	11	169	4.74	3570	3394	0.22	3788	0	0	0.00	0.39	95.00
4	4	96	2.66	3606	3394	0.31	3196	0	0	0.00	0.20	97.22	0.97
4	12	129	3.42	3771	3394	0.37	3393	0	0	0.00	0.01	96.66
5	5	120	3.30	3626	3394	0.27	2535	0	0	0.00	0.45	96.34	0.99
5	13	157	4.08	3834	3394	0.32	2441	0	0	0.01	0.04	95.95
6	6	103	2.71	3790	3394	0.26	2187	0	0	0.00	0.07	97.29	0.95
6	14	126	3.32	3781	3394	0.30	2594	0	0	0.00	0.38	96.39
7	7	298	7.99	3731	3394	0.34	3591	0	0	0.00	0.36	91.72	1.09
7	15	100	2.72	3657	3394	0.22	3232	0	0	0.00	0.03	97.33
