1784083344
amdgpu-pci-0700
Adapter: PCI adapter
vddgfx:      401.00 mV 
fan1:           0 RPM  (min =    0 RPM, max = 3600 RPM)
edge:         +41.0°C  (crit = +110.0°C, hyst = -273.1°C)
                       (emerg = +115.0°C)
junction:     +41.0°C  (crit = +110.0°C, hyst = -273.1°C)
                       (emerg = +115.0°C)
mem:          +48.0°C  (crit = +105.0°C, hyst = -273.1°C)
                       (emerg = +110.0°C)
PPT:           6.00 W  (cap = 145.00 W)

nvme-pci-0100
Adapter: PCI adapter
Composite:    +31.9°C  (low  = -273.1°C, high = +89.8°C)
                       (crit = +94.8°C)
Sensor 1:     +31.9°C  (low  = -273.1°C, high = +65261.8°C)
Sensor 2:     +37.9°C  (low  = -273.1°C, high = +65261.8°C)

k10temp-pci-00c3
Adapter: PCI adapter
Tctl:         +47.8°C  
Tccd1:        +43.8°C  

1784083346
amdgpu-pci-0700
Adapter: PCI adapter
vddgfx:      343.00 mV 
fan1:           0 RPM  (min =    0 RPM, max = 3600 RPM)
edge:         +41.0°C  (crit = +110.0°C, hyst = -273.1°C)
                       (emerg = +115.0°C)
junction:     +42.0°C  (crit = +110.0°C, hyst = -273.1°C)
                       (emerg = +115.0°C)
mem:          +49.0°C  (crit = +105.0°C, hyst = -273.1°C)
                       (emerg = +110.0°C)
PPT:           7.00 W  (cap = 145.00 W)

nvme-pci-0100
Adapter: PCI adapter
Composite:    +30.9°C  (low  = -273.1°C, high = +89.8°C)
                       (crit = +94.8°C)
Sensor 1:     +30.9°C  (low  = -273.1°C, high = +65261.8°C)
Sensor 2:     +37.9°C  (low  = -273.1°C, high = +65261.8°C)

k10temp-pci-00c3
Adapter: PCI adapter
Tctl:         +47.9°C  
Tccd1:        +44.5°C  

1784083348
amdgpu-pci-0700
Adapter: PCI adapter
vddgfx:      431.00 mV 
fan1:           0 RPM  (min =    0 RPM, max = 3600 RPM)
edge:         +41.0°C  (crit = +110.0°C, hyst = -273.1°C)
                       (emerg = +115.0°C)
junction:     +42.0°C  (crit = +110.0°C, hyst = -273.1°C)
                       (emerg = +115.0°C)
mem:          +49.0°C  (crit = +105.0°C, hyst = -273.1°C)
                       (emerg = +110.0°C)
PPT:           7.00 W  (cap = 145.00 W)

nvme-pci-0100
Adapter: PCI adapter
Composite:    +30.9°C  (low  = -273.1°C, high = +89.8°C)
                       (crit = +94.8°C)
Sensor 1:     +29.9°C  (low  = -273.1°C, high = +65261.8°C)
Sensor 2:     +37.9°C  (low  = -273.1°C, high = +65261.8°C)

k10temp-pci-00c3
Adapter: PCI adapter
Tctl:         +49.1°C  
Tccd1:        +65.5°C  

1784083350
amdgpu-pci-0700
Adapter: PCI adapter
vddgfx:      397.00 mV 
fan1:           0 RPM  (min =    0 RPM, max = 3600 RPM)
edge:         +41.0°C  (crit = +110.0°C, hyst = -273.1°C)
                       (emerg = +115.0°C)
junction:     +41.0°C  (crit = +110.0°C, hyst = -273.1°C)
                       (emerg = +115.0°C)
mem:          +48.0°C  (crit = +105.0°C, hyst = -273.1°C)
                       (emerg = +110.0°C)
PPT:           5.00 W  (cap = 145.00 W)

nvme-pci-0100
Adapter: PCI adapter
Composite:    +30.9°C  (low  = -273.1°C, high = +89.8°C)
                       (crit = +94.8°C)
Sensor 1:     +30.9°C  (low  = -273.1°C, high = +65261.8°C)
Sensor 2:     +37.9°C  (low  = -273.1°C, high = +65261.8°C)

k10temp-pci-00c3
Adapter: PCI adapter
Tctl:         +59.0°C  
Tccd1:        +61.5°C  

1784083352
amdgpu-pci-0700
Adapter: PCI adapter
vddgfx:      420.00 mV 
fan1:           0 RPM  (min =    0 RPM, max = 3600 RPM)
edge:         +41.0°C  (crit = +110.0°C, hyst = -273.1°C)
                       (emerg = +115.0°C)
junction:     +41.0°C  (crit = +110.0°C, hyst = -273.1°C)
                       (emerg = +115.0°C)
mem:          +48.0°C  (crit = +105.0°C, hyst = -273.1°C)
                       (emerg = +110.0°C)
PPT:           5.00 W  (cap = 145.00 W)

nvme-pci-0100
Adapter: PCI adapter
Composite:    +29.9°C  (low  = -273.1°C, high = +89.8°C)
                       (crit = +94.8°C)
Sensor 1:     +30.9°C  (low  = -273.1°C, high = +65261.8°C)
Sensor 2:     +37.9°C  (low  = -273.1°C, high = +65261.8°C)

k10temp-pci-00c3
Adapter: PCI adapter
Tctl:         +61.5°C  
Tccd1:        +60.0°C  

1784083354
amdgpu-pci-0700
Adapter: PCI adapter
vddgfx:      436.00 mV 
fan1:           0 RPM  (min =    0 RPM, max = 3600 RPM)
edge:         +41.0°C  (crit = +110.0°C, hyst = -273.1°C)
                       (emerg = +115.0°C)
junction:     +41.0°C  (crit = +110.0°C, hyst = -273.1°C)
                       (emerg = +115.0°C)
mem:          +48.0°C  (crit = +105.0°C, hyst = -273.1°C)
                       (emerg = +110.0°C)
PPT:           5.00 W  (cap = 145.00 W)

nvme-pci-0100
Adapter: PCI adapter
Composite:    +29.9°C  (low  = -273.1°C, high = +89.8°C)
                       (crit = +94.8°C)
Sensor 1:     +30.9°C  (low  = -273.1°C, high = +65261.8°C)
Sensor 2:     +37.9°C  (low  = -273.1°C, high = +65261.8°C)

k10temp-pci-00c3
Adapter: PCI adapter
Tctl:         +62.1°C  
Tccd1:        +60.8°C  

1784083356
amdgpu-pci-0700
Adapter: PCI adapter
vddgfx:      422.00 mV 
fan1:           0 RPM  (min =    0 RPM, max = 3600 RPM)
edge:         +41.0°C  (crit = +110.0°C, hyst = -273.1°C)
                       (emerg = +115.0°C)
junction:     +41.0°C  (crit = +110.0°C, hyst = -273.1°C)
                       (emerg = +115.0°C)
mem:          +48.0°C  (crit = +105.0°C, hyst = -273.1°C)
                       (emerg = +110.0°C)
PPT:           5.00 W  (cap = 145.00 W)

nvme-pci-0100
Adapter: PCI adapter
Composite:    +31.9°C  (low  = -273.1°C, high = +89.8°C)
                       (crit = +94.8°C)
Sensor 1:     +32.9°C  (low  = -273.1°C, high = +65261.8°C)
Sensor 2:     +37.9°C  (low  = -273.1°C, high = +65261.8°C)

k10temp-pci-00c3
Adapter: PCI adapter
Tctl:         +62.2°C  
Tccd1:        +62.0°C  

1784083358
amdgpu-pci-0700
Adapter: PCI adapter
vddgfx:      425.00 mV 
fan1:           0 RPM  (min =    0 RPM, max = 3600 RPM)
edge:         +41.0°C  (crit = +110.0°C, hyst = -273.1°C)
                       (emerg = +115.0°C)
junction:     +41.0°C  (crit = +110.0°C, hyst = -273.1°C)
                       (emerg = +115.0°C)
mem:          +48.0°C  (crit = +105.0°C, hyst = -273.1°C)
                       (emerg = +110.0°C)
PPT:           5.00 W  (cap = 145.00 W)

nvme-pci-0100
Adapter: PCI adapter
Composite:    +29.9°C  (low  = -273.1°C, high = +89.8°C)
                       (crit = +94.8°C)
Sensor 1:     +30.9°C  (low  = -273.1°C, high = +65261.8°C)
Sensor 2:     +37.9°C  (low  = -273.1°C, high = +65261.8°C)

k10temp-pci-00c3
Adapter: PCI adapter
Tctl:         +62.4°C  
Tccd1:        +61.8°C  

1784083360
amdgpu-pci-0700
Adapter: PCI adapter
vddgfx:      402.00 mV 
fan1:           0 RPM  (min =    0 RPM, max = 3600 RPM)
edge:         +41.0°C  (crit = +110.0°C, hyst = -273.1°C)
                       (emerg = +115.0°C)
junction:     +41.0°C  (crit = +110.0°C, hyst = -273.1°C)
                       (emerg = +115.0°C)
mem:          +48.0°C  (crit = +105.0°C, hyst = -273.1°C)
                       (emerg = +110.0°C)
PPT:           5.00 W  (cap = 145.00 W)

nvme-pci-0100
Adapter: PCI adapter
Composite:    +29.9°C  (low  = -273.1°C, high = +89.8°C)
                       (crit = +94.8°C)
Sensor 1:     +29.9°C  (low  = -273.1°C, high = +65261.8°C)
Sensor 2:     +37.9°C  (low  = -273.1°C, high = +65261.8°C)

k10temp-pci-00c3
Adapter: PCI adapter
Tctl:         +62.6°C  
Tccd1:        +64.8°C  

1784083362
amdgpu-pci-0700
Adapter: PCI adapter
vddgfx:      376.00 mV 
fan1:           0 RPM  (min =    0 RPM, max = 3600 RPM)
edge:         +41.0°C  (crit = +110.0°C, hyst = -273.1°C)
                       (emerg = +115.0°C)
junction:     +41.0°C  (crit = +110.0°C, hyst = -273.1°C)
                       (emerg = +115.0°C)
mem:          +48.0°C  (crit = +105.0°C, hyst = -273.1°C)
                       (emerg = +110.0°C)
PPT:           5.00 W  (cap = 145.00 W)

nvme-pci-0100
Adapter: PCI adapter
Composite:    +31.9°C  (low  = -273.1°C, high = +89.8°C)
                       (crit = +94.8°C)
Sensor 1:     +32.9°C  (low  = -273.1°C, high = +65261.8°C)
Sensor 2:     +37.9°C  (low  = -273.1°C, high = +65261.8°C)

k10temp-pci-00c3
Adapter: PCI adapter
Tctl:         +63.2°C  
Tccd1:        +62.8°C  

1784083364
amdgpu-pci-0700
Adapter: PCI adapter
vddgfx:      429.00 mV 
fan1:           0 RPM  (min =    0 RPM, max = 3600 RPM)
edge:         +41.0°C  (crit = +110.0°C, hyst = -273.1°C)
                       (emerg = +115.0°C)
junction:     +41.0°C  (crit = +110.0°C, hyst = -273.1°C)
                       (emerg = +115.0°C)
mem:          +48.0°C  (crit = +105.0°C, hyst = -273.1°C)
                       (emerg = +110.0°C)
PPT:           5.00 W  (cap = 145.00 W)

nvme-pci-0100
Adapter: PCI adapter
Composite:    +30.9°C  (low  = -273.1°C, high = +89.8°C)
                       (crit = +94.8°C)
Sensor 1:     +30.9°C  (low  = -273.1°C, high = +65261.8°C)
Sensor 2:     +37.9°C  (low  = -273.1°C, high = +65261.8°C)

k10temp-pci-00c3
Adapter: PCI adapter
Tctl:         +63.4°C  
Tccd1:        +62.0°C  

1784083366
amdgpu-pci-0700
Adapter: PCI adapter
vddgfx:      437.00 mV 
fan1:           0 RPM  (min =    0 RPM, max = 3600 RPM)
edge:         +41.0°C  (crit = +110.0°C, hyst = -273.1°C)
                       (emerg = +115.0°C)
junction:     +41.0°C  (crit = +110.0°C, hyst = -273.1°C)
                       (emerg = +115.0°C)
mem:          +48.0°C  (crit = +105.0°C, hyst = -273.1°C)
                       (emerg = +110.0°C)
PPT:           5.00 W  (cap = 145.00 W)

nvme-pci-0100
Adapter: PCI adapter
Composite:    +29.9°C  (low  = -273.1°C, high = +89.8°C)
                       (crit = +94.8°C)
Sensor 1:     +29.9°C  (low  = -273.1°C, high = +65261.8°C)
Sensor 2:     +37.9°C  (low  = -273.1°C, high = +65261.8°C)

k10temp-pci-00c3
Adapter: PCI adapter
Tctl:         +63.2°C  
Tccd1:        +63.0°C  

1784083368
amdgpu-pci-0700
Adapter: PCI adapter
vddgfx:      445.00 mV 
fan1:           0 RPM  (min =    0 RPM, max = 3600 RPM)
edge:         +41.0°C  (crit = +110.0°C, hyst = -273.1°C)
                       (emerg = +115.0°C)
junction:     +41.0°C  (crit = +110.0°C, hyst = -273.1°C)
                       (emerg = +115.0°C)
mem:          +48.0°C  (crit = +105.0°C, hyst = -273.1°C)
                       (emerg = +110.0°C)
PPT:           5.00 W  (cap = 145.00 W)

nvme-pci-0100
Adapter: PCI adapter
Composite:    +30.9°C  (low  = -273.1°C, high = +89.8°C)
                       (crit = +94.8°C)
Sensor 1:     +31.9°C  (low  = -273.1°C, high = +65261.8°C)
Sensor 2:     +37.9°C  (low  = -273.1°C, high = +65261.8°C)

k10temp-pci-00c3
Adapter: PCI adapter
Tctl:         +63.4°C  
Tccd1:        +63.0°C  

1784083370
amdgpu-pci-0700
Adapter: PCI adapter
vddgfx:      426.00 mV 
fan1:           0 RPM  (min =    0 RPM, max = 3600 RPM)
edge:         +41.0°C  (crit = +110.0°C, hyst = -273.1°C)
                       (emerg = +115.0°C)
junction:     +41.0°C  (crit = +110.0°C, hyst = -273.1°C)
                       (emerg = +115.0°C)
mem:          +48.0°C  (crit = +105.0°C, hyst = -273.1°C)
                       (emerg = +110.0°C)
PPT:           5.00 W  (cap = 145.00 W)

nvme-pci-0100
Adapter: PCI adapter
Composite:    +30.9°C  (low  = -273.1°C, high = +89.8°C)
                       (crit = +94.8°C)
Sensor 1:     +30.9°C  (low  = -273.1°C, high = +65261.8°C)
Sensor 2:     +37.9°C  (low  = -273.1°C, high = +65261.8°C)

k10temp-pci-00c3
Adapter: PCI adapter
Tctl:         +63.5°C  
Tccd1:        +65.2°C  

1784083372
amdgpu-pci-0700
Adapter: PCI adapter
vddgfx:      394.00 mV 
fan1:           0 RPM  (min =    0 RPM, max = 3600 RPM)
edge:         +41.0°C  (crit = +110.0°C, hyst = -273.1°C)
                       (emerg = +115.0°C)
junction:     +41.0°C  (crit = +110.0°C, hyst = -273.1°C)
                       (emerg = +115.0°C)
mem:          +48.0°C  (crit = +105.0°C, hyst = -273.1°C)
                       (emerg = +110.0°C)
PPT:           5.00 W  (cap = 145.00 W)

nvme-pci-0100
Adapter: PCI adapter
Composite:    +30.9°C  (low  = -273.1°C, high = +89.8°C)
                       (crit = +94.8°C)
Sensor 1:     +30.9°C  (low  = -273.1°C, high = +65261.8°C)
Sensor 2:     +37.9°C  (low  = -273.1°C, high = +65261.8°C)

k10temp-pci-00c3
Adapter: PCI adapter
Tctl:         +63.5°C  
Tccd1:        +61.8°C  

1784083374
amdgpu-pci-0700
Adapter: PCI adapter
vddgfx:      419.00 mV 
fan1:           0 RPM  (min =    0 RPM, max = 3600 RPM)
edge:         +41.0°C  (crit = +110.0°C, hyst = -273.1°C)
                       (emerg = +115.0°C)
junction:     +41.0°C  (crit = +110.0°C, hyst = -273.1°C)
                       (emerg = +115.0°C)
mem:          +48.0°C  (crit = +105.0°C, hyst = -273.1°C)
                       (emerg = +110.0°C)
PPT:           5.00 W  (cap = 145.00 W)

nvme-pci-0100
Adapter: PCI adapter
Composite:    +30.9°C  (low  = -273.1°C, high = +89.8°C)
                       (crit = +94.8°C)
Sensor 1:     +30.9°C  (low  = -273.1°C, high = +65261.8°C)
Sensor 2:     +37.9°C  (low  = -273.1°C, high = +65261.8°C)

k10temp-pci-00c3
Adapter: PCI adapter
Tctl:         +63.4°C  
Tccd1:        +63.0°C  

1784083376
amdgpu-pci-0700
Adapter: PCI adapter
vddgfx:      433.00 mV 
fan1:           0 RPM  (min =    0 RPM, max = 3600 RPM)
edge:         +41.0°C  (crit = +110.0°C, hyst = -273.1°C)
                       (emerg = +115.0°C)
junction:     +41.0°C  (crit = +110.0°C, hyst = -273.1°C)
                       (emerg = +115.0°C)
mem:          +49.0°C  (crit = +105.0°C, hyst = -273.1°C)
                       (emerg = +110.0°C)
PPT:           6.00 W  (cap = 145.00 W)

nvme-pci-0100
Adapter: PCI adapter
Composite:    +30.9°C  (low  = -273.1°C, high = +89.8°C)
                       (crit = +94.8°C)
Sensor 1:     +30.9°C  (low  = -273.1°C, high = +65261.8°C)
Sensor 2:     +37.9°C  (low  = -273.1°C, high = +65261.8°C)

k10temp-pci-00c3
Adapter: PCI adapter
Tctl:         +64.1°C  
Tccd1:        +67.5°C  

1784083378
amdgpu-pci-0700
Adapter: PCI adapter
vddgfx:      413.00 mV 
fan1:           0 RPM  (min =    0 RPM, max = 3600 RPM)
edge:         +41.0°C  (crit = +110.0°C, hyst = -273.1°C)
                       (emerg = +115.0°C)
junction:     +41.0°C  (crit = +110.0°C, hyst = -273.1°C)
                       (emerg = +115.0°C)
mem:          +48.0°C  (crit = +105.0°C, hyst = -273.1°C)
                       (emerg = +110.0°C)
PPT:           5.00 W  (cap = 145.00 W)

nvme-pci-0100
Adapter: PCI adapter
Composite:    +30.9°C  (low  = -273.1°C, high = +89.8°C)
                       (crit = +94.8°C)
Sensor 1:     +30.9°C  (low  = -273.1°C, high = +65261.8°C)
Sensor 2:     +37.9°C  (low  = -273.1°C, high = +65261.8°C)

k10temp-pci-00c3
Adapter: PCI adapter
Tctl:         +64.1°C  
Tccd1:        +63.2°C  

1784083380
amdgpu-pci-0700
Adapter: PCI adapter
vddgfx:      396.00 mV 
fan1:           0 RPM  (min =    0 RPM, max = 3600 RPM)
edge:         +41.0°C  (crit = +110.0°C, hyst = -273.1°C)
                       (emerg = +115.0°C)
junction:     +41.0°C  (crit = +110.0°C, hyst = -273.1°C)
                       (emerg = +115.0°C)
mem:          +48.0°C  (crit = +105.0°C, hyst = -273.1°C)
                       (emerg = +110.0°C)
PPT:           5.00 W  (cap = 145.00 W)

nvme-pci-0100
Adapter: PCI adapter
Composite:    +30.9°C  (low  = -273.1°C, high = +89.8°C)
                       (crit = +94.8°C)
Sensor 1:     +30.9°C  (low  = -273.1°C, high = +65261.8°C)
Sensor 2:     +37.9°C  (low  = -273.1°C, high = +65261.8°C)

k10temp-pci-00c3
Adapter: PCI adapter
Tctl:         +63.9°C  
Tccd1:        +63.2°C  

1784083382
amdgpu-pci-0700
Adapter: PCI adapter
vddgfx:      393.00 mV 
fan1:           0 RPM  (min =    0 RPM, max = 3600 RPM)
edge:         +41.0°C  (crit = +110.0°C, hyst = -273.1°C)
                       (emerg = +115.0°C)
junction:     +41.0°C  (crit = +110.0°C, hyst = -273.1°C)
                       (emerg = +115.0°C)
mem:          +48.0°C  (crit = +105.0°C, hyst = -273.1°C)
                       (emerg = +110.0°C)
PPT:           5.00 W  (cap = 145.00 W)

nvme-pci-0100
Adapter: PCI adapter
Composite:    +30.9°C  (low  = -273.1°C, high = +89.8°C)
                       (crit = +94.8°C)
Sensor 1:     +30.9°C  (low  = -273.1°C, high = +65261.8°C)
Sensor 2:     +37.9°C  (low  = -273.1°C, high = +65261.8°C)

k10temp-pci-00c3
Adapter: PCI adapter
Tctl:         +64.1°C  
Tccd1:        +63.0°C  

1784083384
amdgpu-pci-0700
Adapter: PCI adapter
vddgfx:      405.00 mV 
fan1:           0 RPM  (min =    0 RPM, max = 3600 RPM)
edge:         +41.0°C  (crit = +110.0°C, hyst = -273.1°C)
                       (emerg = +115.0°C)
junction:     +41.0°C  (crit = +110.0°C, hyst = -273.1°C)
                       (emerg = +115.0°C)
mem:          +48.0°C  (crit = +105.0°C, hyst = -273.1°C)
                       (emerg = +110.0°C)
PPT:           5.00 W  (cap = 145.00 W)

nvme-pci-0100
Adapter: PCI adapter
Composite:    +30.9°C  (low  = -273.1°C, high = +89.8°C)
                       (crit = +94.8°C)
Sensor 1:     +30.9°C  (low  = -273.1°C, high = +65261.8°C)
Sensor 2:     +37.9°C  (low  = -273.1°C, high = +65261.8°C)

k10temp-pci-00c3
Adapter: PCI adapter
Tctl:         +64.0°C  
Tccd1:        +63.2°C  

1784083386
amdgpu-pci-0700
Adapter: PCI adapter
vddgfx:      431.00 mV 
fan1:           0 RPM  (min =    0 RPM, max = 3600 RPM)
edge:         +41.0°C  (crit = +110.0°C, hyst = -273.1°C)
                       (emerg = +115.0°C)
junction:     +41.0°C  (crit = +110.0°C, hyst = -273.1°C)
                       (emerg = +115.0°C)
mem:          +48.0°C  (crit = +105.0°C, hyst = -273.1°C)
                       (emerg = +110.0°C)
PPT:           5.00 W  (cap = 145.00 W)

nvme-pci-0100
Adapter: PCI adapter
Composite:    +30.9°C  (low  = -273.1°C, high = +89.8°C)
                       (crit = +94.8°C)
Sensor 1:     +32.9°C  (low  = -273.1°C, high = +65261.8°C)
Sensor 2:     +37.9°C  (low  = -273.1°C, high = +65261.8°C)

k10temp-pci-00c3
Adapter: PCI adapter
Tctl:         +63.9°C  
Tccd1:        +63.0°C  

1784083389
amdgpu-pci-0700
Adapter: PCI adapter
vddgfx:      415.00 mV 
fan1:           0 RPM  (min =    0 RPM, max = 3600 RPM)
edge:         +41.0°C  (crit = +110.0°C, hyst = -273.1°C)
                       (emerg = +115.0°C)
junction:     +41.0°C  (crit = +110.0°C, hyst = -273.1°C)
                       (emerg = +115.0°C)
mem:          +48.0°C  (crit = +105.0°C, hyst = -273.1°C)
                       (emerg = +110.0°C)
PPT:           5.00 W  (cap = 145.00 W)

nvme-pci-0100
Adapter: PCI adapter
Composite:    +29.9°C  (low  = -273.1°C, high = +89.8°C)
                       (crit = +94.8°C)
Sensor 1:     +30.9°C  (low  = -273.1°C, high = +65261.8°C)
Sensor 2:     +37.9°C  (low  = -273.1°C, high = +65261.8°C)

k10temp-pci-00c3
Adapter: PCI adapter
Tctl:         +63.6°C  
Tccd1:        +62.8°C  

1784083391
amdgpu-pci-0700
Adapter: PCI adapter
vddgfx:      424.00 mV 
fan1:           0 RPM  (min =    0 RPM, max = 3600 RPM)
edge:         +41.0°C  (crit = +110.0°C, hyst = -273.1°C)
                       (emerg = +115.0°C)
junction:     +41.0°C  (crit = +110.0°C, hyst = -273.1°C)
                       (emerg = +115.0°C)
mem:          +48.0°C  (crit = +105.0°C, hyst = -273.1°C)
                       (emerg = +110.0°C)
PPT:           5.00 W  (cap = 145.00 W)

nvme-pci-0100
Adapter: PCI adapter
Composite:    +32.9°C  (low  = -273.1°C, high = +89.8°C)
                       (crit = +94.8°C)
Sensor 1:     +32.9°C  (low  = -273.1°C, high = +65261.8°C)
Sensor 2:     +37.9°C  (low  = -273.1°C, high = +65261.8°C)

k10temp-pci-00c3
Adapter: PCI adapter
Tctl:         +63.9°C  
Tccd1:        +64.2°C  

1784083393
amdgpu-pci-0700
Adapter: PCI adapter
vddgfx:      397.00 mV 
fan1:           0 RPM  (min =    0 RPM, max = 3600 RPM)
edge:         +41.0°C  (crit = +110.0°C, hyst = -273.1°C)
                       (emerg = +115.0°C)
junction:     +41.0°C  (crit = +110.0°C, hyst = -273.1°C)
                       (emerg = +115.0°C)
mem:          +48.0°C  (crit = +105.0°C, hyst = -273.1°C)
                       (emerg = +110.0°C)
PPT:           5.00 W  (cap = 145.00 W)

nvme-pci-0100
Adapter: PCI adapter
Composite:    +30.9°C  (low  = -273.1°C, high = +89.8°C)
                       (crit = +94.8°C)
Sensor 1:     +30.9°C  (low  = -273.1°C, high = +65261.8°C)
Sensor 2:     +37.9°C  (low  = -273.1°C, high = +65261.8°C)

k10temp-pci-00c3
Adapter: PCI adapter
Tctl:         +63.8°C  
Tccd1:        +62.8°C  

1784083395
amdgpu-pci-0700
Adapter: PCI adapter
vddgfx:      398.00 mV 
fan1:           0 RPM  (min =    0 RPM, max = 3600 RPM)
edge:         +41.0°C  (crit = +110.0°C, hyst = -273.1°C)
                       (emerg = +115.0°C)
junction:     +41.0°C  (crit = +110.0°C, hyst = -273.1°C)
                       (emerg = +115.0°C)
mem:          +48.0°C  (crit = +105.0°C, hyst = -273.1°C)
                       (emerg = +110.0°C)
PPT:           5.00 W  (cap = 145.00 W)

nvme-pci-0100
Adapter: PCI adapter
Composite:    +30.9°C  (low  = -273.1°C, high = +89.8°C)
                       (crit = +94.8°C)
Sensor 1:     +31.9°C  (low  = -273.1°C, high = +65261.8°C)
Sensor 2:     +37.9°C  (low  = -273.1°C, high = +65261.8°C)

k10temp-pci-00c3
Adapter: PCI adapter
Tctl:         +63.8°C  
Tccd1:        +63.2°C  

1784083397
amdgpu-pci-0700
Adapter: PCI adapter
vddgfx:      429.00 mV 
fan1:           0 RPM  (min =    0 RPM, max = 3600 RPM)
edge:         +41.0°C  (crit = +110.0°C, hyst = -273.1°C)
                       (emerg = +115.0°C)
junction:     +41.0°C  (crit = +110.0°C, hyst = -273.1°C)
                       (emerg = +115.0°C)
mem:          +48.0°C  (crit = +105.0°C, hyst = -273.1°C)
                       (emerg = +110.0°C)
PPT:           5.00 W  (cap = 145.00 W)

nvme-pci-0100
Adapter: PCI adapter
Composite:    +31.9°C  (low  = -273.1°C, high = +89.8°C)
                       (crit = +94.8°C)
Sensor 1:     +31.9°C  (low  = -273.1°C, high = +65261.8°C)
Sensor 2:     +37.9°C  (low  = -273.1°C, high = +65261.8°C)

k10temp-pci-00c3
Adapter: PCI adapter
Tctl:         +63.9°C  
Tccd1:        +63.2°C  

1784083399
amdgpu-pci-0700
Adapter: PCI adapter
vddgfx:      412.00 mV 
fan1:           0 RPM  (min =    0 RPM, max = 3600 RPM)
edge:         +41.0°C  (crit = +110.0°C, hyst = -273.1°C)
                       (emerg = +115.0°C)
junction:     +41.0°C  (crit = +110.0°C, hyst = -273.1°C)
                       (emerg = +115.0°C)
mem:          +48.0°C  (crit = +105.0°C, hyst = -273.1°C)
                       (emerg = +110.0°C)
PPT:           5.00 W  (cap = 145.00 W)

nvme-pci-0100
Adapter: PCI adapter
Composite:    +31.9°C  (low  = -273.1°C, high = +89.8°C)
                       (crit = +94.8°C)
Sensor 1:     +31.9°C  (low  = -273.1°C, high = +65261.8°C)
Sensor 2:     +37.9°C  (low  = -273.1°C, high = +65261.8°C)

k10temp-pci-00c3
Adapter: PCI adapter
Tctl:         +64.0°C  
Tccd1:        +67.2°C  

1784083401
amdgpu-pci-0700
Adapter: PCI adapter
vddgfx:      403.00 mV 
fan1:           0 RPM  (min =    0 RPM, max = 3600 RPM)
edge:         +41.0°C  (crit = +110.0°C, hyst = -273.1°C)
                       (emerg = +115.0°C)
junction:     +41.0°C  (crit = +110.0°C, hyst = -273.1°C)
                       (emerg = +115.0°C)
mem:          +48.0°C  (crit = +105.0°C, hyst = -273.1°C)
                       (emerg = +110.0°C)
PPT:           5.00 W  (cap = 145.00 W)

nvme-pci-0100
Adapter: PCI adapter
Composite:    +29.9°C  (low  = -273.1°C, high = +89.8°C)
                       (crit = +94.8°C)
Sensor 1:     +30.9°C  (low  = -273.1°C, high = +65261.8°C)
Sensor 2:     +37.9°C  (low  = -273.1°C, high = +65261.8°C)

k10temp-pci-00c3
Adapter: PCI adapter
Tctl:         +64.4°C  
Tccd1:        +67.2°C  

1784083403
amdgpu-pci-0700
Adapter: PCI adapter
vddgfx:      419.00 mV 
fan1:           0 RPM  (min =    0 RPM, max = 3600 RPM)
edge:         +41.0°C  (crit = +110.0°C, hyst = -273.1°C)
                       (emerg = +115.0°C)
junction:     +41.0°C  (crit = +110.0°C, hyst = -273.1°C)
                       (emerg = +115.0°C)
mem:          +48.0°C  (crit = +105.0°C, hyst = -273.1°C)
                       (emerg = +110.0°C)
PPT:           5.00 W  (cap = 145.00 W)

nvme-pci-0100
Adapter: PCI adapter
Composite:    +30.9°C  (low  = -273.1°C, high = +89.8°C)
                       (crit = +94.8°C)
Sensor 1:     +30.9°C  (low  = -273.1°C, high = +65261.8°C)
Sensor 2:     +37.9°C  (low  = -273.1°C, high = +65261.8°C)

k10temp-pci-00c3
Adapter: PCI adapter
Tctl:         +64.6°C  
Tccd1:        +62.5°C  

1784083405
amdgpu-pci-0700
Adapter: PCI adapter
vddgfx:      408.00 mV 
fan1:           0 RPM  (min =    0 RPM, max = 3600 RPM)
edge:         +41.0°C  (crit = +110.0°C, hyst = -273.1°C)
                       (emerg = +115.0°C)
junction:     +42.0°C  (crit = +110.0°C, hyst = -273.1°C)
                       (emerg = +115.0°C)
mem:          +48.0°C  (crit = +105.0°C, hyst = -273.1°C)
                       (emerg = +110.0°C)
PPT:           5.00 W  (cap = 145.00 W)

nvme-pci-0100
Adapter: PCI adapter
Composite:    +29.9°C  (low  = -273.1°C, high = +89.8°C)
                       (crit = +94.8°C)
Sensor 1:     +30.9°C  (low  = -273.1°C, high = +65261.8°C)
Sensor 2:     +37.9°C  (low  = -273.1°C, high = +65261.8°C)

k10temp-pci-00c3
Adapter: PCI adapter
Tctl:         +64.8°C  
Tccd1:        +65.8°C  

1784083407
amdgpu-pci-0700
Adapter: PCI adapter
vddgfx:      399.00 mV 
fan1:           0 RPM  (min =    0 RPM, max = 3600 RPM)
edge:         +41.0°C  (crit = +110.0°C, hyst = -273.1°C)
                       (emerg = +115.0°C)
junction:     +41.0°C  (crit = +110.0°C, hyst = -273.1°C)
                       (emerg = +115.0°C)
mem:          +48.0°C  (crit = +105.0°C, hyst = -273.1°C)
                       (emerg = +110.0°C)
PPT:           5.00 W  (cap = 145.00 W)

nvme-pci-0100
Adapter: PCI adapter
Composite:    +30.9°C  (low  = -273.1°C, high = +89.8°C)
                       (crit = +94.8°C)
Sensor 1:     +31.9°C  (low  = -273.1°C, high = +65261.8°C)
Sensor 2:     +37.9°C  (low  = -273.1°C, high = +65261.8°C)

k10temp-pci-00c3
Adapter: PCI adapter
Tctl:         +64.9°C  
Tccd1:        +65.0°C  

1784083409
amdgpu-pci-0700
Adapter: PCI adapter
vddgfx:      415.00 mV 
fan1:           0 RPM  (min =    0 RPM, max = 3600 RPM)
edge:         +41.0°C  (crit = +110.0°C, hyst = -273.1°C)
                       (emerg = +115.0°C)
junction:     +41.0°C  (crit = +110.0°C, hyst = -273.1°C)
                       (emerg = +115.0°C)
mem:          +48.0°C  (crit = +105.0°C, hyst = -273.1°C)
                       (emerg = +110.0°C)
PPT:           5.00 W  (cap = 145.00 W)

nvme-pci-0100
Adapter: PCI adapter
Composite:    +30.9°C  (low  = -273.1°C, high = +89.8°C)
                       (crit = +94.8°C)
Sensor 1:     +30.9°C  (low  = -273.1°C, high = +65261.8°C)
Sensor 2:     +37.9°C  (low  = -273.1°C, high = +65261.8°C)

k10temp-pci-00c3
Adapter: PCI adapter
Tctl:         +64.8°C  
Tccd1:        +66.8°C  

1784083411
amdgpu-pci-0700
Adapter: PCI adapter
vddgfx:      394.00 mV 
fan1:           0 RPM  (min =    0 RPM, max = 3600 RPM)
edge:         +41.0°C  (crit = +110.0°C, hyst = -273.1°C)
                       (emerg = +115.0°C)
junction:     +42.0°C  (crit = +110.0°C, hyst = -273.1°C)
                       (emerg = +115.0°C)
mem:          +48.0°C  (crit = +105.0°C, hyst = -273.1°C)
                       (emerg = +110.0°C)
PPT:           5.00 W  (cap = 145.00 W)

nvme-pci-0100
Adapter: PCI adapter
Composite:    +30.9°C  (low  = -273.1°C, high = +89.8°C)
                       (crit = +94.8°C)
Sensor 1:     +30.9°C  (low  = -273.1°C, high = +65261.8°C)
Sensor 2:     +37.9°C  (low  = -273.1°C, high = +65261.8°C)

k10temp-pci-00c3
Adapter: PCI adapter
Tctl:         +65.0°C  
Tccd1:        +63.5°C  

1784083413
amdgpu-pci-0700
Adapter: PCI adapter
vddgfx:      405.00 mV 
fan1:           0 RPM  (min =    0 RPM, max = 3600 RPM)
edge:         +41.0°C  (crit = +110.0°C, hyst = -273.1°C)
                       (emerg = +115.0°C)
junction:     +42.0°C  (crit = +110.0°C, hyst = -273.1°C)
                       (emerg = +115.0°C)
mem:          +48.0°C  (crit = +105.0°C, hyst = -273.1°C)
                       (emerg = +110.0°C)
PPT:           5.00 W  (cap = 145.00 W)

nvme-pci-0100
Adapter: PCI adapter
Composite:    +31.9°C  (low  = -273.1°C, high = +89.8°C)
                       (crit = +94.8°C)
Sensor 1:     +31.9°C  (low  = -273.1°C, high = +65261.8°C)
Sensor 2:     +37.9°C  (low  = -273.1°C, high = +65261.8°C)

k10temp-pci-00c3
Adapter: PCI adapter
Tctl:         +65.2°C  
Tccd1:        +63.5°C  

1784083415
amdgpu-pci-0700
Adapter: PCI adapter
vddgfx:      407.00 mV 
fan1:           0 RPM  (min =    0 RPM, max = 3600 RPM)
edge:         +41.0°C  (crit = +110.0°C, hyst = -273.1°C)
                       (emerg = +115.0°C)
junction:     +42.0°C  (crit = +110.0°C, hyst = -273.1°C)
                       (emerg = +115.0°C)
mem:          +48.0°C  (crit = +105.0°C, hyst = -273.1°C)
                       (emerg = +110.0°C)
PPT:           5.00 W  (cap = 145.00 W)

nvme-pci-0100
Adapter: PCI adapter
Composite:    +29.9°C  (low  = -273.1°C, high = +89.8°C)
                       (crit = +94.8°C)
Sensor 1:     +30.9°C  (low  = -273.1°C, high = +65261.8°C)
Sensor 2:     +37.9°C  (low  = -273.1°C, high = +65261.8°C)

k10temp-pci-00c3
Adapter: PCI adapter
Tctl:         +65.2°C  
Tccd1:        +64.2°C  

1784083417
amdgpu-pci-0700
Adapter: PCI adapter
vddgfx:      386.00 mV 
fan1:           0 RPM  (min =    0 RPM, max = 3600 RPM)
edge:         +41.0°C  (crit = +110.0°C, hyst = -273.1°C)
                       (emerg = +115.0°C)
junction:     +42.0°C  (crit = +110.0°C, hyst = -273.1°C)
                       (emerg = +115.0°C)
mem:          +48.0°C  (crit = +105.0°C, hyst = -273.1°C)
                       (emerg = +110.0°C)
PPT:           5.00 W  (cap = 145.00 W)

nvme-pci-0100
Adapter: PCI adapter
Composite:    +33.9°C  (low  = -273.1°C, high = +89.8°C)
                       (crit = +94.8°C)
Sensor 1:     +33.9°C  (low  = -273.1°C, high = +65261.8°C)
Sensor 2:     +37.9°C  (low  = -273.1°C, high = +65261.8°C)

k10temp-pci-00c3
Adapter: PCI adapter
Tctl:         +65.2°C  
Tccd1:        +65.8°C  

1784083419
amdgpu-pci-0700
Adapter: PCI adapter
vddgfx:      400.00 mV 
fan1:           0 RPM  (min =    0 RPM, max = 3600 RPM)
edge:         +41.0°C  (crit = +110.0°C, hyst = -273.1°C)
                       (emerg = +115.0°C)
junction:     +42.0°C  (crit = +110.0°C, hyst = -273.1°C)
                       (emerg = +115.0°C)
mem:          +48.0°C  (crit = +105.0°C, hyst = -273.1°C)
                       (emerg = +110.0°C)
PPT:           5.00 W  (cap = 145.00 W)

nvme-pci-0100
Adapter: PCI adapter
Composite:    +29.9°C  (low  = -273.1°C, high = +89.8°C)
                       (crit = +94.8°C)
Sensor 1:     +30.9°C  (low  = -273.1°C, high = +65261.8°C)
Sensor 2:     +37.9°C  (low  = -273.1°C, high = +65261.8°C)

k10temp-pci-00c3
Adapter: PCI adapter
Tctl:         +65.2°C  
Tccd1:        +64.0°C  

1784083421
amdgpu-pci-0700
Adapter: PCI adapter
vddgfx:      389.00 mV 
fan1:           0 RPM  (min =    0 RPM, max = 3600 RPM)
edge:         +41.0°C  (crit = +110.0°C, hyst = -273.1°C)
                       (emerg = +115.0°C)
junction:     +42.0°C  (crit = +110.0°C, hyst = -273.1°C)
                       (emerg = +115.0°C)
mem:          +48.0°C  (crit = +105.0°C, hyst = -273.1°C)
                       (emerg = +110.0°C)
PPT:           5.00 W  (cap = 145.00 W)

nvme-pci-0100
Adapter: PCI adapter
Composite:    +30.9°C  (low  = -273.1°C, high = +89.8°C)
                       (crit = +94.8°C)
Sensor 1:     +30.9°C  (low  = -273.1°C, high = +65261.8°C)
Sensor 2:     +37.9°C  (low  = -273.1°C, high = +65261.8°C)

k10temp-pci-00c3
Adapter: PCI adapter
Tctl:         +65.4°C  
Tccd1:        +67.0°C  

1784083423
amdgpu-pci-0700
Adapter: PCI adapter
vddgfx:      405.00 mV 
fan1:           0 RPM  (min =    0 RPM, max = 3600 RPM)
edge:         +41.0°C  (crit = +110.0°C, hyst = -273.1°C)
                       (emerg = +115.0°C)
junction:     +42.0°C  (crit = +110.0°C, hyst = -273.1°C)
                       (emerg = +115.0°C)
mem:          +48.0°C  (crit = +105.0°C, hyst = -273.1°C)
                       (emerg = +110.0°C)
PPT:           5.00 W  (cap = 145.00 W)

nvme-pci-0100
Adapter: PCI adapter
Composite:    +30.9°C  (low  = -273.1°C, high = +89.8°C)
                       (crit = +94.8°C)
Sensor 1:     +30.9°C  (low  = -273.1°C, high = +65261.8°C)
Sensor 2:     +37.9°C  (low  = -273.1°C, high = +65261.8°C)

k10temp-pci-00c3
Adapter: PCI adapter
Tctl:         +65.2°C  
Tccd1:        +66.0°C  

1784083425
amdgpu-pci-0700
Adapter: PCI adapter
vddgfx:      400.00 mV 
fan1:           0 RPM  (min =    0 RPM, max = 3600 RPM)
edge:         +41.0°C  (crit = +110.0°C, hyst = -273.1°C)
                       (emerg = +115.0°C)
junction:     +42.0°C  (crit = +110.0°C, hyst = -273.1°C)
                       (emerg = +115.0°C)
mem:          +48.0°C  (crit = +105.0°C, hyst = -273.1°C)
                       (emerg = +110.0°C)
PPT:           5.00 W  (cap = 145.00 W)

nvme-pci-0100
Adapter: PCI adapter
Composite:    +30.9°C  (low  = -273.1°C, high = +89.8°C)
                       (crit = +94.8°C)
Sensor 1:     +31.9°C  (low  = -273.1°C, high = +65261.8°C)
Sensor 2:     +37.9°C  (low  = -273.1°C, high = +65261.8°C)

k10temp-pci-00c3
Adapter: PCI adapter
Tctl:         +65.5°C  
Tccd1:        +64.5°C  

1784083427
amdgpu-pci-0700
Adapter: PCI adapter
vddgfx:      399.00 mV 
fan1:           0 RPM  (min =    0 RPM, max = 3600 RPM)
edge:         +41.0°C  (crit = +110.0°C, hyst = -273.1°C)
                       (emerg = +115.0°C)
junction:     +42.0°C  (crit = +110.0°C, hyst = -273.1°C)
                       (emerg = +115.0°C)
mem:          +48.0°C  (crit = +105.0°C, hyst = -273.1°C)
                       (emerg = +110.0°C)
PPT:           5.00 W  (cap = 145.00 W)

nvme-pci-0100
Adapter: PCI adapter
Composite:    +30.9°C  (low  = -273.1°C, high = +89.8°C)
                       (crit = +94.8°C)
Sensor 1:     +31.9°C  (low  = -273.1°C, high = +65261.8°C)
Sensor 2:     +37.9°C  (low  = -273.1°C, high = +65261.8°C)

k10temp-pci-00c3
Adapter: PCI adapter
Tctl:         +65.6°C  
Tccd1:        +64.5°C  

1784083429
amdgpu-pci-0700
Adapter: PCI adapter
vddgfx:      413.00 mV 
fan1:           0 RPM  (min =    0 RPM, max = 3600 RPM)
edge:         +41.0°C  (crit = +110.0°C, hyst = -273.1°C)
                       (emerg = +115.0°C)
junction:     +42.0°C  (crit = +110.0°C, hyst = -273.1°C)
                       (emerg = +115.0°C)
mem:          +48.0°C  (crit = +105.0°C, hyst = -273.1°C)
                       (emerg = +110.0°C)
PPT:           5.00 W  (cap = 145.00 W)

nvme-pci-0100
Adapter: PCI adapter
Composite:    +31.9°C  (low  = -273.1°C, high = +89.8°C)
                       (crit = +94.8°C)
Sensor 1:     +31.9°C  (low  = -273.1°C, high = +65261.8°C)
Sensor 2:     +37.9°C  (low  = -273.1°C, high = +65261.8°C)

k10temp-pci-00c3
Adapter: PCI adapter
Tctl:         +65.4°C  
Tccd1:        +63.2°C  

1784083431
amdgpu-pci-0700
Adapter: PCI adapter
vddgfx:      388.00 mV 
fan1:           0 RPM  (min =    0 RPM, max = 3600 RPM)
edge:         +41.0°C  (crit = +110.0°C, hyst = -273.1°C)
                       (emerg = +115.0°C)
junction:     +42.0°C  (crit = +110.0°C, hyst = -273.1°C)
                       (emerg = +115.0°C)
mem:          +48.0°C  (crit = +105.0°C, hyst = -273.1°C)
                       (emerg = +110.0°C)
PPT:           5.00 W  (cap = 145.00 W)

nvme-pci-0100
Adapter: PCI adapter
Composite:    +30.9°C  (low  = -273.1°C, high = +89.8°C)
                       (crit = +94.8°C)
Sensor 1:     +31.9°C  (low  = -273.1°C, high = +65261.8°C)
Sensor 2:     +37.9°C  (low  = -273.1°C, high = +65261.8°C)

k10temp-pci-00c3
Adapter: PCI adapter
Tctl:         +65.1°C  
Tccd1:        +67.0°C  

1784083433
amdgpu-pci-0700
Adapter: PCI adapter
vddgfx:      400.00 mV 
fan1:           0 RPM  (min =    0 RPM, max = 3600 RPM)
edge:         +41.0°C  (crit = +110.0°C, hyst = -273.1°C)
                       (emerg = +115.0°C)
junction:     +42.0°C  (crit = +110.0°C, hyst = -273.1°C)
                       (emerg = +115.0°C)
mem:          +48.0°C  (crit = +105.0°C, hyst = -273.1°C)
                       (emerg = +110.0°C)
PPT:           5.00 W  (cap = 145.00 W)

nvme-pci-0100
Adapter: PCI adapter
Composite:    +30.9°C  (low  = -273.1°C, high = +89.8°C)
                       (crit = +94.8°C)
Sensor 1:     +30.9°C  (low  = -273.1°C, high = +65261.8°C)
Sensor 2:     +37.9°C  (low  = -273.1°C, high = +65261.8°C)

k10temp-pci-00c3
Adapter: PCI adapter
Tctl:         +64.9°C  
Tccd1:        +64.0°C  

1784083435
amdgpu-pci-0700
Adapter: PCI adapter
vddgfx:      395.00 mV 
fan1:           0 RPM  (min =    0 RPM, max = 3600 RPM)
edge:         +41.0°C  (crit = +110.0°C, hyst = -273.1°C)
                       (emerg = +115.0°C)
junction:     +42.0°C  (crit = +110.0°C, hyst = -273.1°C)
                       (emerg = +115.0°C)
mem:          +48.0°C  (crit = +105.0°C, hyst = -273.1°C)
                       (emerg = +110.0°C)
PPT:           5.00 W  (cap = 145.00 W)

nvme-pci-0100
Adapter: PCI adapter
Composite:    +31.9°C  (low  = -273.1°C, high = +89.8°C)
                       (crit = +94.8°C)
Sensor 1:     +31.9°C  (low  = -273.1°C, high = +65261.8°C)
Sensor 2:     +37.9°C  (low  = -273.1°C, high = +65261.8°C)

k10temp-pci-00c3
Adapter: PCI adapter
Tctl:         +65.1°C  
Tccd1:        +63.2°C  

1784083437
amdgpu-pci-0700
Adapter: PCI adapter
vddgfx:      388.00 mV 
fan1:           0 RPM  (min =    0 RPM, max = 3600 RPM)
edge:         +41.0°C  (crit = +110.0°C, hyst = -273.1°C)
                       (emerg = +115.0°C)
junction:     +42.0°C  (crit = +110.0°C, hyst = -273.1°C)
                       (emerg = +115.0°C)
mem:          +48.0°C  (crit = +105.0°C, hyst = -273.1°C)
                       (emerg = +110.0°C)
PPT:           5.00 W  (cap = 145.00 W)

nvme-pci-0100
Adapter: PCI adapter
Composite:    +30.9°C  (low  = -273.1°C, high = +89.8°C)
                       (crit = +94.8°C)
Sensor 1:     +31.9°C  (low  = -273.1°C, high = +65261.8°C)
Sensor 2:     +37.9°C  (low  = -273.1°C, high = +65261.8°C)

k10temp-pci-00c3
Adapter: PCI adapter
Tctl:         +65.0°C  
Tccd1:        +64.8°C  

1784083439
amdgpu-pci-0700
Adapter: PCI adapter
vddgfx:      394.00 mV 
fan1:           0 RPM  (min =    0 RPM, max = 3600 RPM)
edge:         +41.0°C  (crit = +110.0°C, hyst = -273.1°C)
                       (emerg = +115.0°C)
junction:     +42.0°C  (crit = +110.0°C, hyst = -273.1°C)
                       (emerg = +115.0°C)
mem:          +48.0°C  (crit = +105.0°C, hyst = -273.1°C)
                       (emerg = +110.0°C)
PPT:           5.00 W  (cap = 145.00 W)

nvme-pci-0100
Adapter: PCI adapter
Composite:    +30.9°C  (low  = -273.1°C, high = +89.8°C)
                       (crit = +94.8°C)
Sensor 1:     +31.9°C  (low  = -273.1°C, high = +65261.8°C)
Sensor 2:     +37.9°C  (low  = -273.1°C, high = +65261.8°C)

k10temp-pci-00c3
Adapter: PCI adapter
Tctl:         +65.0°C  
Tccd1:        +63.2°C  

1784083442
amdgpu-pci-0700
Adapter: PCI adapter
vddgfx:      382.00 mV 
fan1:           0 RPM  (min =    0 RPM, max = 3600 RPM)
edge:         +41.0°C  (crit = +110.0°C, hyst = -273.1°C)
                       (emerg = +115.0°C)
junction:     +42.0°C  (crit = +110.0°C, hyst = -273.1°C)
                       (emerg = +115.0°C)
mem:          +48.0°C  (crit = +105.0°C, hyst = -273.1°C)
                       (emerg = +110.0°C)
PPT:           5.00 W  (cap = 145.00 W)

nvme-pci-0100
Adapter: PCI adapter
Composite:    +31.9°C  (low  = -273.1°C, high = +89.8°C)
                       (crit = +94.8°C)
Sensor 1:     +32.9°C  (low  = -273.1°C, high = +65261.8°C)
Sensor 2:     +37.9°C  (low  = -273.1°C, high = +65261.8°C)

k10temp-pci-00c3
Adapter: PCI adapter
Tctl:         +65.4°C  
Tccd1:        +65.8°C  

1784083444
amdgpu-pci-0700
Adapter: PCI adapter
vddgfx:      391.00 mV 
fan1:           0 RPM  (min =    0 RPM, max = 3600 RPM)
edge:         +41.0°C  (crit = +110.0°C, hyst = -273.1°C)
                       (emerg = +115.0°C)
junction:     +42.0°C  (crit = +110.0°C, hyst = -273.1°C)
                       (emerg = +115.0°C)
mem:          +48.0°C  (crit = +105.0°C, hyst = -273.1°C)
                       (emerg = +110.0°C)
PPT:           5.00 W  (cap = 145.00 W)

nvme-pci-0100
Adapter: PCI adapter
Composite:    +30.9°C  (low  = -273.1°C, high = +89.8°C)
                       (crit = +94.8°C)
Sensor 1:     +30.9°C  (low  = -273.1°C, high = +65261.8°C)
Sensor 2:     +37.9°C  (low  = -273.1°C, high = +65261.8°C)

k10temp-pci-00c3
Adapter: PCI adapter
Tctl:         +65.4°C  
Tccd1:        +66.8°C  

1784083446
amdgpu-pci-0700
Adapter: PCI adapter
vddgfx:      399.00 mV 
fan1:           0 RPM  (min =    0 RPM, max = 3600 RPM)
edge:         +41.0°C  (crit = +110.0°C, hyst = -273.1°C)
                       (emerg = +115.0°C)
junction:     +42.0°C  (crit = +110.0°C, hyst = -273.1°C)
                       (emerg = +115.0°C)
mem:          +48.0°C  (crit = +105.0°C, hyst = -273.1°C)
                       (emerg = +110.0°C)
PPT:           5.00 W  (cap = 145.00 W)

nvme-pci-0100
Adapter: PCI adapter
Composite:    +36.9°C  (low  = -273.1°C, high = +89.8°C)
                       (crit = +94.8°C)
Sensor 1:     +37.9°C  (low  = -273.1°C, high = +65261.8°C)
Sensor 2:     +37.9°C  (low  = -273.1°C, high = +65261.8°C)

k10temp-pci-00c3
Adapter: PCI adapter
Tctl:         +65.1°C  
Tccd1:        +64.5°C  

1784083448
amdgpu-pci-0700
Adapter: PCI adapter
vddgfx:      398.00 mV 
fan1:           0 RPM  (min =    0 RPM, max = 3600 RPM)
edge:         +41.0°C  (crit = +110.0°C, hyst = -273.1°C)
                       (emerg = +115.0°C)
junction:     +42.0°C  (crit = +110.0°C, hyst = -273.1°C)
                       (emerg = +115.0°C)
mem:          +48.0°C  (crit = +105.0°C, hyst = -273.1°C)
                       (emerg = +110.0°C)
PPT:           5.00 W  (cap = 145.00 W)

nvme-pci-0100
Adapter: PCI adapter
Composite:    +31.9°C  (low  = -273.1°C, high = +89.8°C)
                       (crit = +94.8°C)
Sensor 1:     +31.9°C  (low  = -273.1°C, high = +65261.8°C)
Sensor 2:     +37.9°C  (low  = -273.1°C, high = +65261.8°C)

k10temp-pci-00c3
Adapter: PCI adapter
Tctl:         +65.4°C  
Tccd1:        +63.8°C  

1784083450
amdgpu-pci-0700
Adapter: PCI adapter
vddgfx:      408.00 mV 
fan1:           0 RPM  (min =    0 RPM, max = 3600 RPM)
edge:         +41.0°C  (crit = +110.0°C, hyst = -273.1°C)
                       (emerg = +115.0°C)
junction:     +42.0°C  (crit = +110.0°C, hyst = -273.1°C)
                       (emerg = +115.0°C)
mem:          +48.0°C  (crit = +105.0°C, hyst = -273.1°C)
                       (emerg = +110.0°C)
PPT:           5.00 W  (cap = 145.00 W)

nvme-pci-0100
Adapter: PCI adapter
Composite:    +30.9°C  (low  = -273.1°C, high = +89.8°C)
                       (crit = +94.8°C)
Sensor 1:     +31.9°C  (low  = -273.1°C, high = +65261.8°C)
Sensor 2:     +37.9°C  (low  = -273.1°C, high = +65261.8°C)

k10temp-pci-00c3
Adapter: PCI adapter
Tctl:         +65.1°C  
Tccd1:        +64.2°C  

1784083452
amdgpu-pci-0700
Adapter: PCI adapter
vddgfx:      414.00 mV 
fan1:           0 RPM  (min =    0 RPM, max = 3600 RPM)
edge:         +41.0°C  (crit = +110.0°C, hyst = -273.1°C)
                       (emerg = +115.0°C)
junction:     +42.0°C  (crit = +110.0°C, hyst = -273.1°C)
                       (emerg = +115.0°C)
mem:          +48.0°C  (crit = +105.0°C, hyst = -273.1°C)
                       (emerg = +110.0°C)
PPT:           5.00 W  (cap = 145.00 W)

nvme-pci-0100
Adapter: PCI adapter
Composite:    +31.9°C  (low  = -273.1°C, high = +89.8°C)
                       (crit = +94.8°C)
Sensor 1:     +31.9°C  (low  = -273.1°C, high = +65261.8°C)
Sensor 2:     +37.9°C  (low  = -273.1°C, high = +65261.8°C)

k10temp-pci-00c3
Adapter: PCI adapter
Tctl:         +65.6°C  
Tccd1:        +64.8°C  

1784083454
amdgpu-pci-0700
Adapter: PCI adapter
vddgfx:      394.00 mV 
fan1:           0 RPM  (min =    0 RPM, max = 3600 RPM)
edge:         +41.0°C  (crit = +110.0°C, hyst = -273.1°C)
                       (emerg = +115.0°C)
junction:     +42.0°C  (crit = +110.0°C, hyst = -273.1°C)
                       (emerg = +115.0°C)
mem:          +48.0°C  (crit = +105.0°C, hyst = -273.1°C)
                       (emerg = +110.0°C)
PPT:           5.00 W  (cap = 145.00 W)

nvme-pci-0100
Adapter: PCI adapter
Composite:    +30.9°C  (low  = -273.1°C, high = +89.8°C)
                       (crit = +94.8°C)
Sensor 1:     +30.9°C  (low  = -273.1°C, high = +65261.8°C)
Sensor 2:     +37.9°C  (low  = -273.1°C, high = +65261.8°C)

k10temp-pci-00c3
Adapter: PCI adapter
Tctl:         +65.4°C  
Tccd1:        +63.2°C  

1784083456
amdgpu-pci-0700
Adapter: PCI adapter
vddgfx:      382.00 mV 
fan1:           0 RPM  (min =    0 RPM, max = 3600 RPM)
edge:         +41.0°C  (crit = +110.0°C, hyst = -273.1°C)
                       (emerg = +115.0°C)
junction:     +42.0°C  (crit = +110.0°C, hyst = -273.1°C)
                       (emerg = +115.0°C)
mem:          +48.0°C  (crit = +105.0°C, hyst = -273.1°C)
                       (emerg = +110.0°C)
PPT:           5.00 W  (cap = 145.00 W)

nvme-pci-0100
Adapter: PCI adapter
Composite:    +30.9°C  (low  = -273.1°C, high = +89.8°C)
                       (crit = +94.8°C)
Sensor 1:     +31.9°C  (low  = -273.1°C, high = +65261.8°C)
Sensor 2:     +37.9°C  (low  = -273.1°C, high = +65261.8°C)

k10temp-pci-00c3
Adapter: PCI adapter
Tctl:         +65.2°C  
Tccd1:        +65.8°C  

1784083458
amdgpu-pci-0700
Adapter: PCI adapter
vddgfx:      392.00 mV 
fan1:           0 RPM  (min =    0 RPM, max = 3600 RPM)
edge:         +41.0°C  (crit = +110.0°C, hyst = -273.1°C)
                       (emerg = +115.0°C)
junction:     +42.0°C  (crit = +110.0°C, hyst = -273.1°C)
                       (emerg = +115.0°C)
mem:          +48.0°C  (crit = +105.0°C, hyst = -273.1°C)
                       (emerg = +110.0°C)
PPT:           5.00 W  (cap = 145.00 W)

nvme-pci-0100
Adapter: PCI adapter
Composite:    +30.9°C  (low  = -273.1°C, high = +89.8°C)
                       (crit = +94.8°C)
Sensor 1:     +30.9°C  (low  = -273.1°C, high = +65261.8°C)
Sensor 2:     +37.9°C  (low  = -273.1°C, high = +65261.8°C)

k10temp-pci-00c3
Adapter: PCI adapter
Tctl:         +65.1°C  
Tccd1:        +64.5°C  

1784083460
amdgpu-pci-0700
Adapter: PCI adapter
vddgfx:      383.00 mV 
fan1:           0 RPM  (min =    0 RPM, max = 3600 RPM)
edge:         +41.0°C  (crit = +110.0°C, hyst = -273.1°C)
                       (emerg = +115.0°C)
junction:     +42.0°C  (crit = +110.0°C, hyst = -273.1°C)
                       (emerg = +115.0°C)
mem:          +48.0°C  (crit = +105.0°C, hyst = -273.1°C)
                       (emerg = +110.0°C)
PPT:           5.00 W  (cap = 145.00 W)

nvme-pci-0100
Adapter: PCI adapter
Composite:    +31.9°C  (low  = -273.1°C, high = +89.8°C)
                       (crit = +94.8°C)
Sensor 1:     +32.9°C  (low  = -273.1°C, high = +65261.8°C)
Sensor 2:     +37.9°C  (low  = -273.1°C, high = +65261.8°C)

k10temp-pci-00c3
Adapter: PCI adapter
Tctl:         +65.2°C  
Tccd1:        +63.8°C  

1784083462
amdgpu-pci-0700
Adapter: PCI adapter
vddgfx:      381.00 mV 
fan1:           0 RPM  (min =    0 RPM, max = 3600 RPM)
edge:         +41.0°C  (crit = +110.0°C, hyst = -273.1°C)
                       (emerg = +115.0°C)
junction:     +42.0°C  (crit = +110.0°C, hyst = -273.1°C)
                       (emerg = +115.0°C)
mem:          +48.0°C  (crit = +105.0°C, hyst = -273.1°C)
                       (emerg = +110.0°C)
PPT:           5.00 W  (cap = 145.00 W)

nvme-pci-0100
Adapter: PCI adapter
Composite:    +30.9°C  (low  = -273.1°C, high = +89.8°C)
                       (crit = +94.8°C)
Sensor 1:     +31.9°C  (low  = -273.1°C, high = +65261.8°C)
Sensor 2:     +37.9°C  (low  = -273.1°C, high = +65261.8°C)

k10temp-pci-00c3
Adapter: PCI adapter
Tctl:         +65.1°C  
Tccd1:        +65.0°C  

1784083464
amdgpu-pci-0700
Adapter: PCI adapter
vddgfx:      430.00 mV 
fan1:           0 RPM  (min =    0 RPM, max = 3600 RPM)
edge:         +41.0°C  (crit = +110.0°C, hyst = -273.1°C)
                       (emerg = +115.0°C)
junction:     +42.0°C  (crit = +110.0°C, hyst = -273.1°C)
                       (emerg = +115.0°C)
mem:          +48.0°C  (crit = +105.0°C, hyst = -273.1°C)
                       (emerg = +110.0°C)
PPT:           5.00 W  (cap = 145.00 W)

nvme-pci-0100
Adapter: PCI adapter
Composite:    +30.9°C  (low  = -273.1°C, high = +89.8°C)
                       (crit = +94.8°C)
Sensor 1:     +30.9°C  (low  = -273.1°C, high = +65261.8°C)
Sensor 2:     +37.9°C  (low  = -273.1°C, high = +65261.8°C)

k10temp-pci-00c3
Adapter: PCI adapter
Tctl:         +65.0°C  
Tccd1:        +65.0°C  

1784083466
amdgpu-pci-0700
Adapter: PCI adapter
vddgfx:      377.00 mV 
fan1:           0 RPM  (min =    0 RPM, max = 3600 RPM)
edge:         +41.0°C  (crit = +110.0°C, hyst = -273.1°C)
                       (emerg = +115.0°C)
junction:     +42.0°C  (crit = +110.0°C, hyst = -273.1°C)
                       (emerg = +115.0°C)
mem:          +48.0°C  (crit = +105.0°C, hyst = -273.1°C)
                       (emerg = +110.0°C)
PPT:           5.00 W  (cap = 145.00 W)

nvme-pci-0100
Adapter: PCI adapter
Composite:    +31.9°C  (low  = -273.1°C, high = +89.8°C)
                       (crit = +94.8°C)
Sensor 1:     +32.9°C  (low  = -273.1°C, high = +65261.8°C)
Sensor 2:     +37.9°C  (low  = -273.1°C, high = +65261.8°C)

k10temp-pci-00c3
Adapter: PCI adapter
Tctl:         +65.0°C  
Tccd1:        +64.0°C  

1784083468
amdgpu-pci-0700
Adapter: PCI adapter
vddgfx:      388.00 mV 
fan1:           0 RPM  (min =    0 RPM, max = 3600 RPM)
edge:         +41.0°C  (crit = +110.0°C, hyst = -273.1°C)
                       (emerg = +115.0°C)
junction:     +42.0°C  (crit = +110.0°C, hyst = -273.1°C)
                       (emerg = +115.0°C)
mem:          +48.0°C  (crit = +105.0°C, hyst = -273.1°C)
                       (emerg = +110.0°C)
PPT:           5.00 W  (cap = 145.00 W)

nvme-pci-0100
Adapter: PCI adapter
Composite:    +30.9°C  (low  = -273.1°C, high = +89.8°C)
                       (crit = +94.8°C)
Sensor 1:     +32.9°C  (low  = -273.1°C, high = +65261.8°C)
Sensor 2:     +37.9°C  (low  = -273.1°C, high = +65261.8°C)

k10temp-pci-00c3
Adapter: PCI adapter
Tctl:         +65.0°C  
Tccd1:        +64.2°C  

1784083470
amdgpu-pci-0700
Adapter: PCI adapter
vddgfx:      406.00 mV 
fan1:           0 RPM  (min =    0 RPM, max = 3600 RPM)
edge:         +41.0°C  (crit = +110.0°C, hyst = -273.1°C)
                       (emerg = +115.0°C)
junction:     +42.0°C  (crit = +110.0°C, hyst = -273.1°C)
                       (emerg = +115.0°C)
mem:          +48.0°C  (crit = +105.0°C, hyst = -273.1°C)
                       (emerg = +110.0°C)
PPT:           5.00 W  (cap = 145.00 W)

nvme-pci-0100
Adapter: PCI adapter
Composite:    +30.9°C  (low  = -273.1°C, high = +89.8°C)
                       (crit = +94.8°C)
Sensor 1:     +31.9°C  (low  = -273.1°C, high = +65261.8°C)
Sensor 2:     +37.9°C  (low  = -273.1°C, high = +65261.8°C)

k10temp-pci-00c3
Adapter: PCI adapter
Tctl:         +65.1°C  
Tccd1:        +64.8°C  

1784083472
amdgpu-pci-0700
Adapter: PCI adapter
vddgfx:      380.00 mV 
fan1:           0 RPM  (min =    0 RPM, max = 3600 RPM)
edge:         +41.0°C  (crit = +110.0°C, hyst = -273.1°C)
                       (emerg = +115.0°C)
junction:     +42.0°C  (crit = +110.0°C, hyst = -273.1°C)
                       (emerg = +115.0°C)
mem:          +48.0°C  (crit = +105.0°C, hyst = -273.1°C)
                       (emerg = +110.0°C)
PPT:           5.00 W  (cap = 145.00 W)

nvme-pci-0100
Adapter: PCI adapter
Composite:    +31.9°C  (low  = -273.1°C, high = +89.8°C)
                       (crit = +94.8°C)
Sensor 1:     +32.9°C  (low  = -273.1°C, high = +65261.8°C)
Sensor 2:     +37.9°C  (low  = -273.1°C, high = +65261.8°C)

k10temp-pci-00c3
Adapter: PCI adapter
Tctl:         +65.2°C  
Tccd1:        +64.2°C  

1784083474
amdgpu-pci-0700
Adapter: PCI adapter
vddgfx:      403.00 mV 
fan1:           0 RPM  (min =    0 RPM, max = 3600 RPM)
edge:         +41.0°C  (crit = +110.0°C, hyst = -273.1°C)
                       (emerg = +115.0°C)
junction:     +42.0°C  (crit = +110.0°C, hyst = -273.1°C)
                       (emerg = +115.0°C)
mem:          +48.0°C  (crit = +105.0°C, hyst = -273.1°C)
                       (emerg = +110.0°C)
PPT:           5.00 W  (cap = 145.00 W)

nvme-pci-0100
Adapter: PCI adapter
Composite:    +31.9°C  (low  = -273.1°C, high = +89.8°C)
                       (crit = +94.8°C)
Sensor 1:     +31.9°C  (low  = -273.1°C, high = +65261.8°C)
Sensor 2:     +37.9°C  (low  = -273.1°C, high = +65261.8°C)

k10temp-pci-00c3
Adapter: PCI adapter
Tctl:         +65.5°C  
Tccd1:        +65.0°C  

1784083476
amdgpu-pci-0700
Adapter: PCI adapter
vddgfx:      373.00 mV 
fan1:           0 RPM  (min =    0 RPM, max = 3600 RPM)
edge:         +41.0°C  (crit = +110.0°C, hyst = -273.1°C)
                       (emerg = +115.0°C)
junction:     +42.0°C  (crit = +110.0°C, hyst = -273.1°C)
                       (emerg = +115.0°C)
mem:          +48.0°C  (crit = +105.0°C, hyst = -273.1°C)
                       (emerg = +110.0°C)
PPT:           5.00 W  (cap = 145.00 W)

nvme-pci-0100
Adapter: PCI adapter
Composite:    +31.9°C  (low  = -273.1°C, high = +89.8°C)
                       (crit = +94.8°C)
Sensor 1:     +31.9°C  (low  = -273.1°C, high = +65261.8°C)
Sensor 2:     +37.9°C  (low  = -273.1°C, high = +65261.8°C)

k10temp-pci-00c3
Adapter: PCI adapter
Tctl:         +65.5°C  
Tccd1:        +64.5°C  

1784083478
amdgpu-pci-0700
Adapter: PCI adapter
vddgfx:      400.00 mV 
fan1:           0 RPM  (min =    0 RPM, max = 3600 RPM)
edge:         +41.0°C  (crit = +110.0°C, hyst = -273.1°C)
                       (emerg = +115.0°C)
junction:     +42.0°C  (crit = +110.0°C, hyst = -273.1°C)
                       (emerg = +115.0°C)
mem:          +48.0°C  (crit = +105.0°C, hyst = -273.1°C)
                       (emerg = +110.0°C)
PPT:           5.00 W  (cap = 145.00 W)

nvme-pci-0100
Adapter: PCI adapter
Composite:    +31.9°C  (low  = -273.1°C, high = +89.8°C)
                       (crit = +94.8°C)
Sensor 1:     +32.9°C  (low  = -273.1°C, high = +65261.8°C)
Sensor 2:     +37.9°C  (low  = -273.1°C, high = +65261.8°C)

k10temp-pci-00c3
Adapter: PCI adapter
Tctl:         +65.5°C  
Tccd1:        +66.8°C  

1784083481
amdgpu-pci-0700
Adapter: PCI adapter
vddgfx:      380.00 mV 
fan1:           0 RPM  (min =    0 RPM, max = 3600 RPM)
edge:         +41.0°C  (crit = +110.0°C, hyst = -273.1°C)
                       (emerg = +115.0°C)
junction:     +42.0°C  (crit = +110.0°C, hyst = -273.1°C)
                       (emerg = +115.0°C)
mem:          +48.0°C  (crit = +105.0°C, hyst = -273.1°C)
                       (emerg = +110.0°C)
PPT:           5.00 W  (cap = 145.00 W)

nvme-pci-0100
Adapter: PCI adapter
Composite:    +31.9°C  (low  = -273.1°C, high = +89.8°C)
                       (crit = +94.8°C)
Sensor 1:     +31.9°C  (low  = -273.1°C, high = +65261.8°C)
Sensor 2:     +37.9°C  (low  = -273.1°C, high = +65261.8°C)

k10temp-pci-00c3
Adapter: PCI adapter
Tctl:         +65.6°C  
Tccd1:        +66.8°C  

1784083483
amdgpu-pci-0700
Adapter: PCI adapter
vddgfx:      242.00 mV 
fan1:           0 RPM  (min =    0 RPM, max = 3600 RPM)
edge:         +41.0°C  (crit = +110.0°C, hyst = -273.1°C)
                       (emerg = +115.0°C)
junction:     +42.0°C  (crit = +110.0°C, hyst = -273.1°C)
                       (emerg = +115.0°C)
mem:          +48.0°C  (crit = +105.0°C, hyst = -273.1°C)
                       (emerg = +110.0°C)
PPT:           4.00 W  (cap = 145.00 W)

nvme-pci-0100
Adapter: PCI adapter
Composite:    +30.9°C  (low  = -273.1°C, high = +89.8°C)
                       (crit = +94.8°C)
Sensor 1:     +31.9°C  (low  = -273.1°C, high = +65261.8°C)
Sensor 2:     +37.9°C  (low  = -273.1°C, high = +65261.8°C)

k10temp-pci-00c3
Adapter: PCI adapter
Tctl:         +64.2°C  
Tccd1:        +48.2°C  

1784083485
amdgpu-pci-0700
Adapter: PCI adapter
vddgfx:      345.00 mV 
fan1:           0 RPM  (min =    0 RPM, max = 3600 RPM)
edge:         +41.0°C  (crit = +110.0°C, hyst = -273.1°C)
                       (emerg = +115.0°C)
junction:     +42.0°C  (crit = +110.0°C, hyst = -273.1°C)
                       (emerg = +115.0°C)
mem:          +49.0°C  (crit = +105.0°C, hyst = -273.1°C)
                       (emerg = +110.0°C)
PPT:           5.00 W  (cap = 145.00 W)

nvme-pci-0100
Adapter: PCI adapter
Composite:    +30.9°C  (low  = -273.1°C, high = +89.8°C)
                       (crit = +94.8°C)
Sensor 1:     +32.9°C  (low  = -273.1°C, high = +65261.8°C)
Sensor 2:     +37.9°C  (low  = -273.1°C, high = +65261.8°C)

k10temp-pci-00c3
Adapter: PCI adapter
Tctl:         +61.2°C  
Tccd1:        +47.8°C  

