turbostat version 2025.09.09 - Len Brown <lenb@kernel.org>
Kernel command line: BOOT_IMAGE=/boot/vmlinuz-6.17.0-35-generic root=UUID=37e0ef02-2557-4d29-8187-72bb5e6547ba ro quiet splash vt.handoff=7
CPUID(0): AuthenticAMD 0x10 CPUID levels
CPUID(1): family:model:stepping 0x19:21:2 (25:33:2) microcode 0x0
CPUID(0x80000000): max_extended_levels: 0x80000023
CPUID(1): SSE3 MONITOR - - - TSC MSR - HT -
CPUID(6): APERF, No-TURBO, No-DTS, No-PTM, No-HWP, No-HWPnotify, No-HWPwindow, No-HWPepp, No-HWPpkg, No-EPB
CPUID(7): No-SGX No-Hybrid
cpu0: cpufreq driver: amd-pstate-epp
cpu0: cpufreq governor: powersave
cpufreq boost: 1
/dev/cpu_dma_latency: 2000000000 usec (default)
current_driver: acpi_idle
current_governor: menu
current_governor_ro: menu
cpu0: POLL: CPUIDLE CORE POLL IDLE
cpu0: C1: ACPI FFH MWAIT 0x0
cpu0: C2: ACPI IOPORT 0x414
RAPL: 234 sec. Joule Counter Range, at 280 Watts
intel-rapl:0: package-0 disabled
intel-rapl:0/intel-rapl:0:0: core disabled
cpu0: MSR_RAPL_PWR_UNIT: 0x000a1003 (0.125000 Watts, 0.000015 Joules, 0.000977 sec.)
Core	CPU	Avg_MHz	Busy%	Bzy_MHz	TSC_MHz	IPC	IRQ	NMI	SMI	POLL%	C1%	C2%	CorWatt	PkgWatt
-	-	665	16.72	3976	3394	0.97	114045	0	0	0.02	8.40	75.22	34.13	49.07
0	0	612	16.52	3707	3394	0.86	9549	0	0	0.01	8.87	74.97	3.96	49.06
0	8	544	14.69	3701	3394	0.88	8763	0	0	0.02	5.31	80.27
1	1	1330	32.57	4085	3394	1.04	9785	0	0	0.02	16.30	51.68	5.52
1	9	806	19.91	4051	3394	0.97	7878	0	0	0.02	3.27	77.10
2	2	380	10.28	3695	3394	0.80	9115	0	0	0.01	4.94	85.05	3.28
2	10	315	8.53	3690	3394	0.83	5258	0	0	0.00	2.90	88.69
3	3	306	8.30	3684	3394	0.87	5952	0	0	0.06	4.99	86.89	2.90
3	11	152	4.12	3680	3394	0.89	2444	0	0	0.00	1.10	94.85
4	4	653	17.54	3723	3394	0.96	9911	0	0	0.03	9.32	73.53	3.63
4	12	258	6.89	3738	3394	0.87	4118	0	0	0.00	4.90	88.37
5	5	990	25.60	3866	3394	0.98	10683	0	0	0.03	13.71	61.19	4.33
5	13	328	8.61	3814	3394	0.84	4787	0	0	0.00	4.19	87.36
6	6	693	18.62	3721	3394	1.04	8413	0	0	0.02	8.69	73.03	3.53
6	14	195	5.29	3686	3394	0.67	3792	0	0	0.00	1.52	93.32
7	7	1056	24.50	4309	3394	0.87	6656	0	0	0.01	21.48	54.80	6.98
7	15	2017	45.52	4431	3394	1.17	6941	0	0	0.04	22.94	32.24
Core	CPU	Avg_MHz	Busy%	Bzy_MHz	TSC_MHz	IPC	IRQ	NMI	SMI	POLL%	C1%	C2%	CorWatt	PkgWatt
-	-	851	21.29	3998	3394	1.31	119910	1	0	0.02	8.30	70.68	41.96	55.97
0	0	791	19.89	3974	3394	1.25	6811	0	0	0.01	7.72	72.43	4.95	55.97
0	8	754	19.39	3886	3394	0.99	9594	0	0	0.02	7.54	73.35
1	1	1267	31.93	3969	3394	1.23	11509	0	0	0.01	11.70	56.82	5.72
1	9	840	20.84	4029	3394	1.11	8632	0	0	0.01	9.03	70.50
2	2	582	15.42	3774	3394	0.96	7960	0	0	0.02	8.82	76.05	4.27
2	10	544	14.44	3769	3394	0.91	7104	0	0	0.02	7.24	78.60
3	3	609	16.16	3771	3394	1.18	8491	0	0	0.05	5.97	78.13	3.97
3	11	305	7.91	3856	3394	1.15	3349	0	0	0.00	3.16	89.07
4	4	1294	32.33	4003	3394	1.46	8157	1	0	0.02	12.31	55.72	5.47
4	12	441	11.13	3963	3394	1.24	4101	0	0	0.00	2.18	86.83
5	5	1196	29.60	4042	3394	1.37	9020	0	0	0.02	9.63	61.14	5.95
5	13	887	21.85	4060	3394	1.33	7661	0	0	0.00	9.89	68.62
6	6	685	18.16	3772	3394	1.05	8066	0	0	0.01	11.56	70.66	4.44
6	14	602	15.94	3779	3394	1.10	7018	0	0	0.01	8.10	76.25
7	7	1973	45.60	4327	3394	1.91	6710	0	0	0.01	12.16	42.48	7.21
7	15	845	20.01	4221	3394	1.29	5727	0	0	0.01	5.86	74.18
Core	CPU	Avg_MHz	Busy%	Bzy_MHz	TSC_MHz	IPC	IRQ	NMI	SMI	POLL%	C1%	C2%	CorWatt	PkgWatt
-	-	947	22.77	4160	3393	1.35	104889	0	0	0.02	6.97	70.58	45.46	60.04
0	0	726	18.82	3855	3394	0.85	9565	0	0	0.02	11.95	69.65	4.76	60.04
0	8	671	17.24	3892	3394	0.92	6509	0	0	0.01	6.31	76.69
1	1	1857	43.66	4253	3394	1.50	9266	0	0	0.03	13.23	43.59	7.57
1	9	1104	26.28	4203	3394	0.94	8818	0	0	0.02	19.29	55.82
2	2	516	13.69	3771	3394	0.93	8259	0	0	0.01	4.86	81.71	4.07
2	10	371	9.93	3738	3394	0.80	5900	0	0	0.01	5.39	84.89
3	3	498	13.07	3809	3394	0.99	6472	0	0	0.06	4.68	82.45	3.86
3	11	255	6.76	3779	3394	0.73	3702	0	0	0.00	3.41	89.95
4	4	678	17.83	3804	3394	0.94	7091	0	0	0.02	7.68	74.78	4.90
4	12	712	18.42	3865	3394	0.95	9530	0	0	0.02	5.29	76.64
5	5	1462	35.33	4138	3394	1.40	7002	0	0	0.02	13.31	51.78	6.25
5	13	602	14.31	4204	3394	0.84	5955	0	0	0.02	3.59	82.35
6	6	722	19.12	3778	3394	0.98	8184	0	0	0.02	7.80	73.39	4.19
6	14	316	8.35	3789	3394	0.89	4083	0	0	0.01	2.54	89.24
7	7	3202	69.73	4592	3394	1.98	2954	0	0	0.00	1.61	28.74	9.88
7	15	1466	31.81	4608	3394	1.86	1599	0	0	0.00	0.59	67.63
Core	CPU	Avg_MHz	Busy%	Bzy_MHz	TSC_MHz	IPC	IRQ	NMI	SMI	POLL%	C1%	C2%	CorWatt	PkgWatt
-	-	1436	34.71	4136	3393	1.48	105939	3	0	0.02	6.04	59.51	49.17	63.54
0	0	1612	39.89	4043	3394	1.82	8244	0	0	0.01	7.19	53.24	6.30	63.55
0	8	1338	32.53	4112	3394	0.97	9448	0	0	0.01	8.76	59.12
1	1	1951	47.41	4115	3394	1.70	8129	1	0	0.03	9.02	43.93	6.16
1	9	879	22.08	3979	3394	0.85	7933	0	0	0.01	6.91	71.35
2	2	1255	31.29	4013	3394	1.88	5686	0	0	0.01	1.58	67.30	5.26
2	10	1054	26.23	4018	3394	0.85	7809	0	0	0.01	7.15	66.94
3	3	525	13.18	3980	3394	0.57	7114	0	0	0.07	4.63	82.45	4.94
3	11	1548	38.21	4050	3394	1.91	4968	0	0	0.01	4.46	57.45
4	4	1162	27.54	4218	3394	0.89	7034	0	0	0.01	5.83	66.92	5.99
4	12	1579	39.31	4017	3394	1.82	7447	0	0	0.02	10.17	50.88
5	5	2141	51.73	4140	3394	1.77	6896	1	0	0.02	8.22	40.40	7.00
5	13	1016	24.20	4198	3394	0.96	5739	0	0	0.01	8.32	67.83
6	6	1314	32.67	4023	3394	2.08	5218	0	0	0.01	2.62	64.89	5.19
6	14	816	19.98	4083	3394	0.97	5869	0	0	0.01	5.01	75.23
7	7	1212	28.41	4267	3394	1.05	5324	0	0	0.01	4.57	67.20	8.34
7	15	3571	80.74	4423	3394	1.60	3081	1	0	0.00	2.20	17.15
Core	CPU	Avg_MHz	Busy%	Bzy_MHz	TSC_MHz	IPC	IRQ	NMI	SMI	POLL%	C1%	C2%	CorWatt	PkgWatt
-	-	2973	66.38	4478	3391	0.66	85008	4	0	0.01	1.84	31.94	53.94	72.59
0	0	2449	55.15	4441	3394	0.90	5998	0	0	0.01	1.13	43.93	6.66	72.69
0	8	3415	75.10	4547	3394	0.51	3881	0	0	0.00	1.06	23.94
1	1	3378	75.52	4472	3394	0.76	4722	0	0	0.01	2.21	22.42	6.53
1	9	2240	49.94	4484	3394	0.51	7600	0	0	0.02	2.84	47.52
2	2	2474	55.63	4447	3394	0.78	6236	1	0	0.01	2.10	42.50	6.84
2	10	3545	78.40	4522	3394	0.54	4487	0	0	0.01	1.46	20.25
3	3	2390	53.85	4439	3394	0.52	5993	0	0	0.01	2.15	44.21	6.37
3	11	2811	63.54	4423	3394	0.75	5187	1	0	0.00	2.26	34.39
4	4	2641	58.76	4494	3394	0.51	5551	0	0	0.01	2.81	38.66	6.62
4	12	2940	66.09	4448	3394	0.76	5294	1	0	0.01	1.91	32.18
5	5	3048	68.29	4464	3394	0.75	5470	0	0	0.00	1.69	30.21	6.78
5	13	2844	63.09	4507	3394	0.54	6382	0	0	0.01	2.41	34.73
6	6	2693	60.84	4427	3394	0.76	5373	0	0	0.01	1.55	37.81	6.53
6	14	2826	63.22	4471	3394	0.55	6173	0	0	0.01	2.85	34.15
7	7	3391	74.67	4541	3394	0.53	4488	1	0	0.01	1.04	24.43	7.65
7	15	4509	99.99	4509	3394	0.80	2173	0	0	0.00	0.01	0.00
Core	CPU	Avg_MHz	Busy%	Bzy_MHz	TSC_MHz	IPC	IRQ	NMI	SMI	POLL%	C1%	C2%	CorWatt	PkgWatt
-	-	2961	65.12	4547	3395	0.49	81640	2	0	0.01	1.62	33.44	52.29	71.80
0	0	2788	61.19	4557	3394	0.46	6375	0	0	0.01	1.41	37.64	6.57	71.72
0	8	3232	70.84	4563	3394	0.49	4794	0	0	0.01	1.33	27.98
1	1	3057	66.99	4563	3394	0.48	4811	0	0	0.01	1.25	31.92	6.41
1	9	2839	62.13	4569	3394	0.46	5544	1	0	0.00	1.50	36.57
2	2	2203	49.14	4483	3394	0.42	7759	0	0	0.00	2.51	48.64	6.41
2	10	3195	70.43	4536	3394	0.50	4462	0	0	0.00	2.26	27.45
3	3	2023	44.97	4498	3394	0.41	6308	0	0	0.01	1.77	53.49	6.23
3	11	3262	72.01	4530	3394	0.50	5091	0	0	0.01	2.78	25.37
4	4	2723	60.08	4533	3394	0.48	5744	0	0	0.02	1.88	38.25	6.45
4	12	2859	63.04	4535	3394	0.47	5250	0	0	0.00	1.41	35.74
5	5	3076	67.63	4549	3394	0.54	4320	0	0	0.00	1.53	30.99	6.45
5	13	2544	55.91	4549	3394	0.48	4615	0	0	0.01	1.48	42.77
6	6	2829	62.67	4515	3394	0.48	5479	0	0	0.00	2.83	34.72	6.19
6	14	2493	55.17	4519	3394	0.46	5147	1	0	0.01	0.95	44.06
7	7	3657	79.83	4581	3394	0.50	3764	0	0	0.00	1.04	19.23	7.56
7	15	4579	99.99	4580	3394	0.60	2177	0	0	0.00	0.02	0.00
Core	CPU	Avg_MHz	Busy%	Bzy_MHz	TSC_MHz	IPC	IRQ	NMI	SMI	POLL%	C1%	C2%	CorWatt	PkgWatt
-	-	2922	64.29	4546	3393	0.49	81645	3	0	0.01	1.50	34.38	52.79	72.40
0	0	2800	61.34	4564	3394	0.47	6345	1	0	0.01	1.77	37.10	6.63	72.42
0	8	3202	70.07	4569	3394	0.50	4505	1	0	0.01	0.93	29.13
1	1	3439	75.42	4559	3394	0.51	4067	0	0	0.00	0.71	23.98	6.38
1	9	2172	47.85	4540	3394	0.43	6228	0	0	0.02	1.81	50.58
2	2	2469	55.24	4470	3394	0.47	6448	0	0	0.02	2.04	42.95	6.34
2	10	2675	59.46	4499	3394	0.49	4889	1	0	0.00	1.46	39.26
3	3	2741	60.46	4535	3394	0.48	5904	0	0	0.01	1.53	38.20	6.53
3	11	2815	61.95	4544	3394	0.48	5813	0	0	0.01	2.45	35.82
4	4	2589	57.16	4529	3394	0.47	5847	0	0	0.00	1.98	41.07	6.45
4	12	2821	62.11	4542	3394	0.49	5212	0	0	0.00	1.16	36.91
5	5	2470	54.60	4524	3394	0.46	5867	0	0	0.01	2.35	43.28	6.48
5	13	3010	66.39	4533	3394	0.49	5021	0	0	0.01	1.75	32.03
6	6	2936	64.50	4553	3394	0.50	4046	0	0	0.01	1.34	34.30	6.47
6	14	2817	61.90	4550	3394	0.48	5022	0	0	0.00	1.84	36.45
7	7	3224	70.27	4587	3394	0.48	4251	0	0	0.00	0.80	29.07	7.52
7	15	4584	99.99	4585	3394	0.60	2180	0	0	0.00	0.02	0.00
Core	CPU	Avg_MHz	Busy%	Bzy_MHz	TSC_MHz	IPC	IRQ	NMI	SMI	POLL%	C1%	C2%	CorWatt	PkgWatt
-	-	2972	65.34	4548	3394	0.49	80220	2	0	0.01	1.29	33.53	52.21	71.81
0	0	3232	70.82	4564	3394	0.49	5152	0	0	0.00	1.22	28.12	6.58	71.80
0	8	2864	62.74	4566	3394	0.46	6034	0	0	0.01	1.77	35.70
1	1	3093	67.91	4554	3394	0.48	5571	0	0	0.01	1.07	31.19	6.33
1	9	2670	58.66	4552	3394	0.47	5089	0	0	0.00	1.47	40.03
2	2	2657	58.93	4508	3394	0.51	6272	0	0	0.00	1.66	39.62	6.42
2	10	2795	61.74	4526	3394	0.47	4672	0	0	0.01	1.31	37.10
3	3	2925	64.70	4522	3394	0.48	5932	0	0	0.01	2.30	33.20	6.32
3	11	2650	58.52	4529	3394	0.46	4690	0	0	0.00	1.19	40.45
4	4	2449	53.85	4548	3394	0.50	5845	0	0	0.01	1.05	45.31	6.54
4	12	3326	73.11	4549	3394	0.49	4112	0	0	0.01	0.90	26.12
5	5	2794	61.64	4532	3394	0.47	4750	0	0	0.00	1.81	36.71	6.22
5	13	2510	55.44	4527	3394	0.46	5210	0	0	0.01	1.39	43.35
6	6	2625	57.80	4542	3394	0.45	6104	1	0	0.01	1.90	40.53	6.51
6	14	3308	72.60	4556	3394	0.49	4509	0	0	0.01	1.16	26.37
7	7	3069	67.05	4576	3394	0.48	4095	0	0	0.00	0.44	32.64	7.30
7	15	4574	99.99	4575	3394	0.60	2183	1	0	0.00	0.02	0.00
Core	CPU	Avg_MHz	Busy%	Bzy_MHz	TSC_MHz	IPC	IRQ	NMI	SMI	POLL%	C1%	C2%	CorWatt	PkgWatt
-	-	3022	66.42	4550	3394	0.49	70599	3	0	0.00	1.02	32.68	52.20	71.95
0	0	2902	63.62	4561	3394	0.47	5291	0	0	0.00	1.15	35.40	6.48	71.94
0	8	3105	68.04	4563	3394	0.48	4508	0	0	0.00	1.51	30.57
1	1	3601	79.04	4557	3394	0.56	3576	1	0	0.00	0.61	20.43	6.45
1	9	2449	53.82	4551	3394	0.44	4877	0	0	0.00	0.73	45.60
2	2	2061	45.86	4493	3394	0.43	6263	0	0	0.00	2.81	51.56	6.31
2	10	3376	74.50	4531	3394	0.50	4076	0	0	0.00	0.83	24.76
3	3	2914	64.56	4514	3394	0.46	5308	1	0	0.01	1.69	33.91	6.25
3	11	2546	56.06	4540	3394	0.45	4596	0	0	0.00	0.92	43.15
4	4	2546	55.99	4547	3394	0.47	4030	0	0	0.00	0.98	43.17	6.35
4	12	3142	69.17	4542	3394	0.48	4223	0	0	0.00	1.25	29.71
5	5	2951	64.78	4556	3394	0.54	5193	0	0	0.01	0.90	34.47	6.51
5	13	2817	61.77	4560	3394	0.49	3300	1	0	0.00	0.75	37.57
6	6	2594	57.12	4540	3394	0.46	5110	0	0	0.01	1.03	42.02	6.24
6	14	2945	64.80	4545	3394	0.48	4565	0	0	0.00	0.78	34.55
7	7	3829	83.67	4576	3394	0.49	3487	0	0	0.00	0.43	15.98	7.61
7	15	4575	99.99	4575	3394	0.59	2196	0	0	0.00	0.01	0.00
Core	CPU	Avg_MHz	Busy%	Bzy_MHz	TSC_MHz	IPC	IRQ	NMI	SMI	POLL%	C1%	C2%	CorWatt	PkgWatt
-	-	2948	64.82	4547	3393	0.49	77153	3	0	0.01	1.47	33.87	52.42	71.84
0	0	2887	63.58	4541	3394	0.47	5465	0	0	0.01	1.29	35.32	6.50	71.83
0	8	3063	67.26	4555	3394	0.48	4394	0	0	0.00	1.36	31.52
1	1	3083	68.04	4531	3394	0.48	5356	0	0	0.00	3.46	28.69	6.41
1	9	2476	54.63	4531	3394	0.58	5946	0	0	0.01	1.28	44.32
2	2	3110	68.68	4528	3394	0.48	4801	0	0	0.00	1.80	29.67	6.40
2	10	2257	50.00	4515	3394	0.52	4880	0	0	0.01	1.52	48.66
3	3	2984	65.84	4533	3394	0.48	5070	0	0	0.01	1.30	33.01	6.32
3	11	2469	54.51	4530	3394	0.44	5821	0	0	0.01	2.04	43.68
4	4	3346	73.42	4557	3394	0.51	3690	1	0	0.00	1.51	25.18	6.51
4	12	2323	50.93	4562	3394	0.43	5936	0	0	0.00	0.98	48.32
5	5	2864	63.07	4541	3394	0.48	5751	1	0	0.01	2.64	34.52	6.42
5	13	2623	57.68	4547	3394	0.48	4503	0	0	0.01	0.98	41.50
6	6	2757	60.57	4553	3394	0.45	4812	0	0	0.00	1.19	38.43	6.41
6	14	3037	66.74	4551	3394	0.48	4366	0	0	0.00	1.31	32.09
7	7	3308	72.27	4577	3394	0.48	4176	1	0	0.00	0.90	26.96	7.45
7	15	4575	99.99	4576	3394	0.60	2186	0	0	0.00	0.02	0.00
Core	CPU	Avg_MHz	Busy%	Bzy_MHz	TSC_MHz	IPC	IRQ	NMI	SMI	POLL%	C1%	C2%	CorWatt	PkgWatt
-	-	2973	65.46	4542	3392	0.48	79997	3	0	0.01	1.54	33.16	52.25	71.77
0	0	3250	71.42	4550	3394	0.48	4985	0	0	0.00	1.09	27.65	6.53	71.83
0	8	2789	61.26	4553	3394	0.46	4924	0	0	0.01	1.27	37.65
1	1	3178	70.00	4541	3394	0.48	5666	0	0	0.00	2.43	27.78	6.38
1	9	2660	58.66	4535	3394	0.45	5719	0	0	0.01	1.74	39.82
2	2	3139	69.02	4548	3394	0.46	5434	0	0	0.01	2.65	28.52	6.70
2	10	2917	64.05	4554	3394	0.48	5069	0	0	0.01	1.40	34.73
3	3	2452	54.68	4485	3394	0.46	5443	0	0	0.01	2.38	43.13	6.09
3	11	2672	59.37	4501	3394	0.47	4917	1	0	0.00	1.05	39.75
4	4	3378	74.41	4540	3394	0.50	3814	0	0	0.00	1.63	24.07	6.44
4	12	2168	47.84	4532	3394	0.42	6485	1	0	0.01	1.83	50.60
5	5	2741	60.35	4542	3394	0.46	5600	0	0	0.01	1.66	38.19	6.38
5	13	2878	63.32	4545	3394	0.48	4713	0	0	0.00	1.34	35.49
6	6	3369	73.96	4555	3394	0.50	4207	0	0	0.01	1.43	24.75	6.62
6	14	2780	61.03	4555	3394	0.45	6097	0	0	0.02	2.08	37.12
7	7	2651	57.99	4572	3394	0.45	4739	0	0	0.01	0.63	41.55	7.13
7	15	4570	99.99	4570	3394	0.60	2185	1	0	0.00	0.02	0.00
Core	CPU	Avg_MHz	Busy%	Bzy_MHz	TSC_MHz	IPC	IRQ	NMI	SMI	POLL%	C1%	C2%	CorWatt	PkgWatt
-	-	2964	65.21	4544	3395	0.49	81176	3	0	0.01	1.54	33.43	52.18	71.72
0	0	3267	71.72	4555	3394	0.49	4375	1	0	0.01	1.19	27.22	6.48	71.67
0	8	2661	58.44	4553	3394	0.46	6072	0	0	0.01	2.31	39.48
1	1	2962	65.05	4554	3394	0.47	5136	0	0	0.01	1.05	34.06	6.39
1	9	2958	64.91	4558	3394	0.48	5823	0	0	0.00	1.54	33.74
2	2	3559	78.40	4539	3394	0.55	4256	1	0	0.00	1.30	20.41	6.60
2	10	2247	49.63	4527	3394	0.41	6768	0	0	0.01	2.11	48.51
3	3	2396	52.82	4536	3394	0.47	5965	0	0	0.00	1.10	46.28	6.46
3	11	3327	73.19	4546	3394	0.49	4683	0	0	0.01	1.77	25.19
4	4	2435	53.76	4529	3394	0.44	6052	0	0	0.01	2.23	44.24	6.42
4	12	3181	70.14	4535	3394	0.48	4310	0	0	0.01	1.87	28.12
5	5	2735	60.65	4510	3394	0.47	5527	0	0	0.01	2.41	37.15	6.32
5	13	2650	58.59	4523	3394	0.46	5804	0	0	0.01	1.61	40.01
6	6	3016	66.60	4529	3394	0.48	4814	0	0	0.00	1.61	31.95	6.29
6	14	2541	56.15	4524	3394	0.44	5240	1	0	0.00	1.93	42.11
7	7	2895	63.40	4567	3394	0.47	4155	0	0	0.00	0.51	36.24	7.20
7	15	4566	99.99	4567	3394	0.60	2196	0	0	0.00	0.02	0.00
Core	CPU	Avg_MHz	Busy%	Bzy_MHz	TSC_MHz	IPC	IRQ	NMI	SMI	POLL%	C1%	C2%	CorWatt	PkgWatt
-	-	2955	65.10	4539	3391	0.48	82203	3	0	0.01	1.71	33.34	52.03	71.88
0	0	3042	66.78	4555	3394	0.47	5373	0	0	0.02	1.72	31.69	6.38	71.96
0	8	2698	59.23	4556	3394	0.46	5022	1	0	0.00	1.61	39.34
1	1	3448	75.59	4561	3394	0.50	4298	0	0	0.00	0.82	23.70	6.42
1	9	2478	54.33	4560	3394	0.44	6300	1	0	0.01	2.22	43.67
2	2	3475	76.83	4523	3394	0.50	4245	0	0	0.00	1.63	21.65	6.38
2	10	1997	44.38	4499	3394	0.39	7026	0	0	0.01	3.06	52.85
3	3	2353	52.38	4491	3394	0.44	6562	0	0	0.01	1.41	46.43	6.27
3	11	2996	66.21	4524	3394	0.48	5103	0	0	0.01	3.11	30.87
4	4	2776	61.22	4535	3394	0.48	4696	0	0	0.00	1.41	37.53	6.40
4	12	2850	62.88	4532	3394	0.47	4855	0	0	0.01	1.29	36.00
5	5	2296	50.92	4508	3394	0.44	5756	0	0	0.01	2.26	47.04	6.33
5	13	3204	70.69	4532	3394	0.49	5038	0	0	0.01	1.53	27.94
6	6	3010	66.05	4557	3394	0.47	5448	1	0	0.01	2.28	31.88	6.71
6	14	3378	74.11	4558	3394	0.49	4737	0	0	0.01	2.06	23.99
7	7	2741	59.99	4569	3394	0.45	5554	0	0	0.00	0.96	39.26	7.17
7	15	4568	99.99	4569	3394	0.60	2190	0	0	0.00	0.02	0.00
Core	CPU	Avg_MHz	Busy%	Bzy_MHz	TSC_MHz	IPC	IRQ	NMI	SMI	POLL%	C1%	C2%	CorWatt	PkgWatt
-	-	2958	65.17	4538	3395	0.49	82597	1	0	0.01	1.72	33.31	52.83	72.44
0	0	3518	77.45	4543	3394	0.51	4345	0	0	0.01	1.16	21.48	6.55	72.39
0	8	2394	52.69	4543	3394	0.45	5777	0	0	0.01	1.55	45.97
1	1	2898	63.68	4551	3394	0.47	6247	0	0	0.01	1.83	34.70	6.53
1	9	3049	66.97	4552	3394	0.49	5024	0	0	0.01	2.01	31.18
2	2	2672	59.09	4521	3394	0.50	5469	0	0	0.00	1.50	39.59	6.59
2	10	3060	67.45	4536	3394	0.49	4790	1	0	0.00	1.35	31.35
3	3	2152	48.05	4479	3394	0.43	6497	0	0	0.01	1.96	50.21	6.30
3	11	3213	71.17	4514	3394	0.50	4375	0	0	0.00	1.48	27.49
4	4	2607	57.65	4523	3394	0.50	5656	0	0	0.01	1.99	40.57	6.53
4	12	2979	65.62	4541	3394	0.48	4774	0	0	0.00	1.33	33.21
5	5	2553	56.53	4516	3394	0.45	5660	0	0	0.01	3.07	40.64	6.58
5	13	3092	68.32	4526	3394	0.49	6153	0	0	0.01	2.58	29.31
6	6	3083	68.15	4523	3394	0.50	4912	0	0	0.00	2.52	29.50	6.35
6	14	2375	52.58	4516	3394	0.44	6278	0	0	0.02	2.38	45.30
7	7	3427	74.91	4575	3394	0.49	3757	0	0	0.00	0.32	24.87	7.38
7	15	4227	92.42	4574	3394	0.59	2883	0	0	0.00	0.40	7.23
Core	CPU	Avg_MHz	Busy%	Bzy_MHz	TSC_MHz	IPC	IRQ	NMI	SMI	POLL%	C1%	C2%	CorWatt	PkgWatt
-	-	2930	64.51	4542	3394	0.49	82850	3	0	0.01	1.62	34.05	52.65	72.08
0	0	3245	71.88	4515	3394	0.51	5385	0	0	0.00	2.23	26.06	6.62	72.05
0	8	2742	60.62	4522	3394	0.47	5200	0	0	0.01	1.99	37.58
1	1	2796	61.43	4552	3394	0.49	4972	1	0	0.00	1.33	37.41	6.35
1	9	2931	64.33	4556	3394	0.49	4675	0	0	0.01	0.65	35.17
2	2	2467	54.23	4550	3394	0.45	6582	0	0	0.01	1.73	44.28	6.90
2	10	3834	84.08	4560	3394	0.54	3849	0	0	0.00	0.94	15.07
3	3	2744	60.75	4517	3394	0.48	5739	1	0	0.01	2.04	37.39	6.37
3	11	2713	60.01	4521	3394	0.48	5020	0	0	0.00	1.00	39.16
4	4	2809	61.77	4548	3394	0.48	4842	0	0	0.00	1.41	37.00	6.97
4	12	3502	76.95	4551	3394	0.56	4573	0	0	0.01	0.78	22.40
5	5	2472	54.46	4540	3394	0.46	5604	0	0	0.00	1.55	44.21	6.44
5	13	3119	68.54	4551	3394	0.50	4965	1	0	0.00	1.57	30.05
6	6	3147	69.24	4545	3394	0.50	4481	0	0	0.00	2.09	28.83	6.51
6	14	2549	56.18	4538	3394	0.47	6936	0	0	0.02	3.76	40.34
7	7	3098	68.21	4541	3394	0.51	4451	0	0	0.01	0.98	30.95	6.48
7	15	2707	59.53	4547	3394	0.47	5576	0	0	0.01	1.86	38.83
Core	CPU	Avg_MHz	Busy%	Bzy_MHz	TSC_MHz	IPC	IRQ	NMI	SMI	POLL%	C1%	C2%	CorWatt	PkgWatt
-	-	2931	64.62	4537	3393	0.50	79470	3	0	0.01	1.48	34.06	52.59	72.19
0	0	2966	65.63	4519	3394	0.51	4785	0	0	0.01	1.66	32.85	6.43	72.19
0	8	2700	59.81	4515	3394	0.47	5723	0	0	0.01	2.01	38.39
1	1	3180	69.85	4552	3394	0.50	4325	0	0	0.00	1.06	29.21	6.63
1	9	3132	68.80	4552	3394	0.50	4227	0	0	0.00	1.49	29.84
2	2	2736	60.34	4534	3394	0.49	6052	0	0	0.00	1.65	38.21	6.74
2	10	3228	71.08	4541	3394	0.51	3876	0	0	0.00	0.71	28.31
3	3	2960	65.80	4498	3394	0.52	5139	0	0	0.01	1.77	32.58	6.38
3	11	2487	55.36	4493	3394	0.48	5826	0	0	0.02	2.39	42.46
4	4	3670	80.55	4557	3394	0.51	4309	1	0	0.01	1.90	17.68	6.72
4	12	2325	51.05	4554	3394	0.43	5337	0	0	0.01	0.96	48.19
5	5	3166	69.68	4544	3394	0.60	4683	0	0	0.01	1.31	29.15	6.59
5	13	2437	53.64	4544	3394	0.46	5854	0	0	0.01	1.77	44.81
6	6	2728	60.23	4530	3394	0.48	5644	0	0	0.01	1.04	38.93	6.58
6	14	3155	69.63	4532	3394	0.50	4483	0	0	0.01	0.87	29.65
7	7	3317	72.83	4554	3394	0.50	4025	1	0	0.00	1.96	25.33	6.51
7	15	2715	59.57	4558	3394	0.45	5182	1	0	0.00	1.17	39.45
Core	CPU	Avg_MHz	Busy%	Bzy_MHz	TSC_MHz	IPC	IRQ	NMI	SMI	POLL%	C1%	C2%	CorWatt	PkgWatt
-	-	2910	64.17	4534	3394	0.50	81477	4	0	0.01	1.57	34.43	52.85	72.28
0	0	2862	63.12	4534	3394	0.49	5641	0	0	0.01	1.69	35.37	6.48	72.26
0	8	2758	60.70	4544	3394	0.48	5810	0	0	0.01	1.72	37.78
1	1	3153	69.00	4570	3394	0.53	5212	0	0	0.01	1.09	30.07	7.04
1	9	3823	83.71	4567	3394	0.51	3385	0	0	0.00	0.81	15.55
2	2	2496	55.64	4485	3394	0.45	6936	1	0	0.02	3.04	41.57	6.71
2	10	3418	75.61	4521	3394	0.52	3415	0	0	0.00	1.35	23.14
3	3	2988	66.69	4480	3394	0.52	5028	0	0	0.01	1.89	31.57	6.23
3	11	2026	45.29	4474	3394	0.45	5616	1	0	0.01	1.10	53.81
4	4	3013	66.58	4525	3394	0.49	4265	0	0	0.00	0.66	32.89	6.55
4	12	2564	56.74	4519	3394	0.48	5370	1	0	0.00	1.74	41.71
5	5	3103	68.22	4549	3394	0.51	4850	1	0	0.01	1.76	30.19	6.48
5	13	2376	52.28	4545	3394	0.46	5751	0	0	0.01	1.82	46.11
6	6	2465	54.65	4510	3394	0.46	5646	0	0	0.01	2.50	43.07	6.46
6	14	3038	66.98	4536	3394	0.51	5209	0	0	0.01	1.71	31.48
7	7	2820	61.73	4568	3394	0.47	5307	0	0	0.01	1.44	37.02	6.88
7	15	3646	79.81	4568	3394	0.55	4036	0	0	0.00	0.80	19.50
Core	CPU	Avg_MHz	Busy%	Bzy_MHz	TSC_MHz	IPC	IRQ	NMI	SMI	POLL%	C1%	C2%	CorWatt	PkgWatt
-	-	2881	63.41	4543	3393	0.53	67528	3	0	0.00	0.99	35.72	52.43	72.08
0	0	3321	73.34	4528	3394	0.51	4609	1	0	0.01	1.41	25.38	6.33	72.09
0	8	2202	48.78	4514	3394	0.47	4697	0	0	0.00	1.49	49.91
1	1	2558	56.09	4560	3394	0.53	5475	0	0	0.00	1.55	42.55	6.46
1	9	3107	68.08	4564	3394	0.52	3379	1	0	0.00	0.62	31.39
2	2	2601	58.23	4466	3394	0.51	5817	0	0	0.00	2.57	39.39	6.04
2	10	2159	48.02	4497	3394	0.51	3581	0	0	0.00	0.48	51.62
3	3	2753	60.95	4517	3394	0.51	4231	0	0	0.00	0.73	38.43	6.31
3	11	2494	54.98	4537	3394	0.50	4799	0	0	0.00	1.21	43.97
4	4	2928	64.29	4554	3394	0.67	3970	0	0	0.01	0.88	34.96	6.70
4	12	2642	57.98	4556	3394	0.50	3371	0	0	0.00	0.89	41.23
5	5	2574	56.58	4549	3394	0.48	4174	0	0	0.01	0.59	42.98	6.61
5	13	3270	71.96	4544	3394	0.51	4717	0	0	0.00	0.95	27.23
6	6	1869	41.05	4553	3394	0.47	4926	0	0	0.00	0.91	58.23	6.47
6	14	3867	84.80	4560	3394	0.53	3283	1	0	0.00	0.68	14.58
7	7	3926	85.84	4573	3394	0.60	2311	0	0	0.00	0.09	14.09	7.51
7	15	3824	83.62	4573	3394	0.55	4188	0	0	0.00	0.81	15.68
Core	CPU	Avg_MHz	Busy%	Bzy_MHz	TSC_MHz	IPC	IRQ	NMI	SMI	POLL%	C1%	C2%	CorWatt	PkgWatt
-	-	2906	63.95	4543	3393	0.50	80832	2	0	0.01	1.65	34.57	52.81	72.07
0	0	2703	59.26	4562	3394	0.49	6665	0	0	0.01	1.79	39.17	6.61	72.09
0	8	3078	67.47	4561	3394	0.49	5646	1	0	0.01	1.75	30.98
1	1	3298	72.49	4550	3394	0.53	5066	0	0	0.00	1.22	26.44	6.52
1	9	2541	55.84	4551	3394	0.46	5231	0	0	0.01	1.37	42.99
2	2	2645	59.06	4479	3394	0.47	6456	0	0	0.01	3.58	37.60	6.35
2	10	2479	54.99	4509	3394	0.48	4700	1	0	0.01	2.02	43.16
3	3	2286	50.67	4511	3394	0.47	5738	0	0	0.02	1.89	47.63	6.28
3	11	2897	64.01	4526	3394	0.50	4822	0	0	0.01	1.97	34.19
4	4	2653	58.45	4539	3394	0.49	5479	0	0	0.00	2.82	38.94	6.61
4	12	2944	64.77	4545	3394	0.50	5007	0	0	0.01	1.79	33.61
5	5	2649	58.35	4539	3394	0.47	5293	0	0	0.01	1.40	40.45	6.55
5	13	3057	67.26	4545	3394	0.50	4797	0	0	0.00	1.39	31.51
6	6	1943	42.67	4554	3394	0.44	5771	0	0	0.01	1.83	55.74	6.50
6	14	3777	82.89	4557	3394	0.53	2845	0	0	0.00	0.53	16.63
7	7	3127	68.44	4569	3394	0.49	4804	0	0	0.00	0.81	30.91	7.39
7	15	4414	96.60	4570	3394	0.60	2512	0	0	0.00	0.22	3.19
Core	CPU	Avg_MHz	Busy%	Bzy_MHz	TSC_MHz	IPC	IRQ	NMI	SMI	POLL%	C1%	C2%	CorWatt	PkgWatt
-	-	2849	62.78	4538	3393	0.52	80690	3	0	0.01	1.30	36.08	52.78	72.13
0	0	3188	70.09	4549	3394	0.60	3713	0	0	0.00	0.30	29.70	6.64	72.12
0	8	2607	57.37	4544	3394	0.50	5702	0	0	0.01	1.96	40.87
1	1	3724	81.65	4561	3394	0.55	4014	1	0	0.01	1.17	17.28	6.65
1	9	2379	52.18	4559	3394	0.48	5228	0	0	0.01	1.44	46.57
2	2	3215	71.54	4494	3394	0.52	4692	0	0	0.01	1.11	27.49	6.46
2	10	2009	44.68	4496	3394	0.46	5774	0	0	0.00	1.29	54.26
3	3	2694	59.93	4496	3394	0.54	4400	0	0	0.01	0.51	39.67	6.38
3	11	2567	57.03	4502	3394	0.48	5472	0	0	0.01	1.91	41.27
4	4	2622	57.58	4554	3394	0.48	5384	0	0	0.01	0.84	41.78	6.66
4	12	3069	67.42	4552	3394	0.51	3747	0	0	0.00	1.10	31.59
5	5	2813	61.94	4541	3394	0.51	5464	0	0	0.01	1.79	36.47	6.56
5	13	2725	59.96	4545	3394	0.49	7188	0	0	0.01	2.37	37.93
6	6	2442	53.90	4531	3394	0.50	5143	1	0	0.00	1.10	45.20	6.43
6	14	2973	65.63	4529	3394	0.51	4852	0	0	0.00	1.04	33.48
7	7	2774	60.81	4563	3394	0.48	6555	0	0	0.01	2.18	37.26	7.00
7	15	3782	82.84	4566	3394	0.58	3362	1	0	0.00	0.67	16.57
Core	CPU	Avg_MHz	Busy%	Bzy_MHz	TSC_MHz	IPC	IRQ	NMI	SMI	POLL%	C1%	C2%	CorWatt	PkgWatt
-	-	2933	64.62	4538	3394	0.50	84944	3	0	0.01	1.56	34.00	52.91	71.95
0	0	2198	48.41	4540	3394	0.45	6452	0	0	0.00	1.29	50.53	6.61	71.96
0	8	3715	81.64	4550	3394	0.51	5981	0	0	0.01	2.26	16.27
1	1	3360	73.97	4542	3394	0.50	4614	0	0	0.00	1.47	24.71	6.49
1	9	2469	54.30	4547	3394	0.46	7054	0	0	0.01	2.44	43.51
2	2	2874	63.82	4503	3394	0.50	6602	0	0	0.01	2.07	34.31	6.54
2	10	2609	57.81	4513	3394	0.49	6119	0	0	0.01	1.38	41.02
3	3	2841	62.97	4512	3394	0.49	4739	1	0	0.01	1.31	35.87	6.46
3	11	2798	61.77	4529	3394	0.49	4702	0	0	0.01	1.31	37.08
4	4	2706	59.58	4543	3394	0.49	4658	0	0	0.00	2.27	38.33	6.58
4	12	3034	66.87	4537	3394	0.50	4531	0	0	0.01	1.40	31.87
5	5	3251	71.58	4542	3394	0.51	4646	0	0	0.00	1.76	26.81	6.47
5	13	2266	50.04	4529	3394	0.47	4924	1	0	0.01	0.87	49.27
6	6	2914	64.33	4529	3394	0.48	5424	0	0	0.00	2.13	33.73	6.54
6	14	2789	61.53	4532	3394	0.48	5839	0	0	0.01	1.96	36.73
7	7	2528	55.34	4568	3394	0.46	6468	1	0	0.00	1.02	43.85	7.20
7	15	4565	99.99	4566	3394	0.61	2191	0	0	0.00	0.02	0.00
Core	CPU	Avg_MHz	Busy%	Bzy_MHz	TSC_MHz	IPC	IRQ	NMI	SMI	POLL%	C1%	C2%	CorWatt	PkgWatt
-	-	2857	62.89	4543	3394	0.51	81329	2	0	0.01	1.45	35.84	52.74	71.94
0	0	2912	64.09	4544	3394	0.52	5699	0	0	0.01	1.62	34.48	6.34	71.89
0	8	2574	56.61	4548	3394	0.51	3988	0	0	0.00	0.55	42.97
1	1	3222	70.63	4562	3394	0.51	5410	0	0	0.00	1.32	28.22	6.65
1	9	2684	58.87	4559	3394	0.48	6400	0	0	0.01	1.11	40.25
2	2	2813	63.11	4457	3394	0.52	6179	0	0	0.01	4.14	32.99	6.22
2	10	1855	41.87	4430	3394	0.47	5963	0	0	0.01	1.62	56.74
3	3	2715	59.71	4546	3394	0.50	5339	0	0	0.01	1.61	38.85	6.48
3	11	2797	61.44	4552	3394	0.51	5049	0	0	0.01	1.58	37.15
4	4	2885	63.39	4551	3394	0.54	5613	1	0	0.01	1.38	35.42	6.73
4	12	2896	63.56	4556	3394	0.52	5055	0	0	0.00	1.95	34.66
5	5	3365	74.04	4545	3394	0.51	4576	1	0	0.00	1.24	24.86	6.72
5	13	2531	55.70	4543	3394	0.46	6386	0	0	0.01	2.13	42.42
6	6	2330	51.25	4546	3394	0.48	5370	0	0	0.00	1.38	47.57	6.37
6	14	3049	67.04	4548	3394	0.52	4278	0	0	0.00	1.19	31.90
7	7	2511	54.96	4569	3394	0.48	3846	0	0	0.00	0.41	44.76	7.22
7	15	4566	99.99	4566	3394	0.62	2178	0	0	0.00	0.02	0.00
Core	CPU	Avg_MHz	Busy%	Bzy_MHz	TSC_MHz	IPC	IRQ	NMI	SMI	POLL%	C1%	C2%	CorWatt	PkgWatt
-	-	2882	63.62	4529	3389	0.52	78714	3	0	0.01	1.69	34.80	53.39	72.68
0	0	3398	74.68	4550	3394	0.58	4731	0	0	0.00	1.10	24.36	6.82	72.79
0	8	2560	56.23	4553	3394	0.52	5009	0	0	0.01	1.62	42.33
1	1	4056	88.87	4564	3394	0.56	3821	0	0	0.01	1.69	9.54	7.25
1	9	3204	70.21	4564	3394	0.48	4839	0	0	0.00	1.43	28.52
2	2	2736	61.12	4476	3394	0.52	5868	1	0	0.01	1.48	37.59	6.36
2	10	2108	47.14	4471	3394	0.50	5175	0	0	0.00	1.18	51.87
3	3	3029	67.34	4498	3394	0.52	4625	0	0	0.00	2.92	29.89	6.35
3	11	1926	43.33	4444	3394	0.48	6052	0	0	0.01	1.79	55.12
4	4	2234	49.21	4539	3394	0.50	4536	0	0	0.00	1.89	49.08	6.51
4	12	3086	67.97	4540	3394	0.51	5106	1	0	0.00	2.21	30.00
5	5	2688	59.03	4553	3394	0.49	5418	0	0	0.00	1.42	39.75	6.68
5	13	3075	67.53	4554	3394	0.52	4829	0	0	0.01	2.05	30.58
6	6	2725	60.05	4538	3394	0.51	4219	0	0	0.00	2.09	38.02	6.54
6	14	2900	63.93	4537	3394	0.53	5181	1	0	0.01	1.60	34.65
7	7	2686	58.88	4561	3394	0.52	6048	0	0	0.01	1.79	39.55	6.95
7	15	3759	82.45	4559	3394	0.53	3257	0	0	0.01	0.84	16.79
Core	CPU	Avg_MHz	Busy%	Bzy_MHz	TSC_MHz	IPC	IRQ	NMI	SMI	POLL%	C1%	C2%	CorWatt	PkgWatt
-	-	2875	63.34	4539	3397	0.51	81565	4	0	0.01	1.56	35.31	52.72	72.09
0	0	3310	72.97	4536	3394	0.52	5182	1	0	0.01	1.59	25.60	6.50	72.07
0	8	2419	53.22	4544	3394	0.48	5315	0	0	0.00	1.20	45.77
1	1	2893	63.84	4531	3394	0.53	5273	0	0	0.00	1.48	34.84	6.45
1	9	2718	59.89	4539	3394	0.49	6231	1	0	0.01	1.76	38.58
2	2	3035	67.57	4491	3394	0.51	6341	0	0	0.00	3.19	29.45	6.38
2	10	2035	45.46	4477	3394	0.47	5643	0	0	0.01	3.12	51.65
3	3	2806	61.76	4544	3394	0.51	5220	0	0	0.01	2.07	36.35	6.67
3	11	2801	61.77	4535	3394	0.56	6174	1	0	0.01	2.06	36.40
4	4	2637	57.95	4550	3394	0.48	5111	0	0	0.01	1.37	40.85	6.56
4	12	3048	67.05	4545	3394	0.51	4503	0	0	0.00	1.13	31.97
5	5	2913	63.91	4558	3394	0.49	4621	0	0	0.00	0.80	35.43	7.17
5	13	3973	87.16	4558	3394	0.59	3113	0	0	0.00	0.18	12.71
6	6	2854	63.25	4513	3394	0.51	4691	0	0	0.01	0.84	36.05	6.28
6	14	2401	53.32	4504	3394	0.48	5959	0	0	0.01	1.98	44.94
7	7	2701	59.28	4557	3394	0.50	4459	0	0	0.00	1.09	39.79	6.66
7	15	3414	74.97	4553	3394	0.52	3729	1	0	0.00	1.10	24.03
Core	CPU	Avg_MHz	Busy%	Bzy_MHz	TSC_MHz	IPC	IRQ	NMI	SMI	POLL%	C1%	C2%	CorWatt	PkgWatt
-	-	2852	62.88	4536	3392	0.51	81181	2	0	0.01	1.40	35.88	53.30	72.63
0	0	2789	61.16	4560	3394	0.51	5996	0	0	0.01	1.03	38.01	6.65	72.64
0	8	2983	65.46	4558	3394	0.51	4471	1	0	0.00	0.60	34.07
1	1	3162	69.35	4560	3394	0.52	5692	1	0	0.01	1.50	29.34	6.86
1	9	2998	65.69	4563	3394	0.54	5607	0	0	0.01	1.42	33.08
2	2	2224	50.63	4392	3394	0.50	5499	0	0	0.02	1.47	48.08	6.07
2	10	2183	48.92	4463	3394	0.50	4705	0	0	0.00	1.96	49.29
3	3	2621	58.60	4473	3394	0.50	6651	0	0	0.01	2.35	39.27	6.59
3	11	2692	59.48	4526	3394	0.49	5957	0	0	0.01	2.87	37.88
4	4	2543	55.75	4561	3394	0.48	5287	0	0	0.00	1.25	43.20	6.88
4	12	3440	75.39	4563	3394	0.52	4569	0	0	0.00	1.33	23.42
5	5	2989	65.80	4542	3394	0.51	4760	0	0	0.01	1.11	33.25	6.69
5	13	2683	59.18	4534	3394	0.51	4690	0	0	0.01	1.56	39.43
6	6	2963	65.02	4557	3394	0.52	4709	0	0	0.01	1.08	34.06	6.63
6	14	2766	60.65	4560	3394	0.49	5095	0	0	0.00	1.66	37.87
7	7	3396	74.40	4564	3394	0.53	3549	0	0	0.00	0.40	25.30	6.95
7	15	3221	70.58	4564	3394	0.52	3944	0	0	0.00	0.82	28.72
Core	CPU	Avg_MHz	Busy%	Bzy_MHz	TSC_MHz	IPC	IRQ	NMI	SMI	POLL%	C1%	C2%	CorWatt	PkgWatt
-	-	2885	63.60	4537	3395	0.50	84544	1	0	0.01	1.62	34.98	53.22	72.31
0	0	3526	77.61	4543	3394	0.53	4670	0	0	0.00	1.06	21.45	6.73	72.27
0	8	2554	56.26	4539	3394	0.47	5053	0	0	0.01	1.19	42.72
1	1	2734	60.57	4513	3394	0.49	6583	0	0	0.00	1.81	37.86	6.34
1	9	2573	56.72	4536	3394	0.49	5069	0	0	0.01	1.69	41.77
2	2	2295	52.24	4394	3394	0.50	7081	0	0	0.01	2.25	45.75	6.13
2	10	2077	46.66	4451	3394	0.49	5768	0	0	0.01	2.06	51.50
3	3	2764	60.96	4534	3394	0.50	5190	0	0	0.00	1.68	37.53	6.54
3	11	2773	61.11	4538	3394	0.49	5771	0	0	0.01	1.05	38.04
4	4	2307	50.65	4555	3394	0.46	6294	0	0	0.01	1.90	47.70	6.75
4	12	3520	77.23	4557	3394	0.51	4332	0	0	0.00	1.29	21.60
5	5	2175	48.03	4528	3394	0.47	5642	0	0	0.00	1.10	51.09	6.50
5	13	3217	70.75	4547	3394	0.51	5140	0	0	0.00	1.92	27.49
6	6	2734	60.05	4553	3394	0.48	6687	1	0	0.01	4.05	36.19	6.70
6	14	3088	67.83	4553	3394	0.50	5291	0	0	0.01	1.92	30.45
7	7	3390	74.24	4566	3394	0.50	3269	0	0	0.00	0.68	25.15	7.49
7	15	4415	96.72	4565	3394	0.60	2704	0	0	0.00	0.29	3.02
Core	CPU	Avg_MHz	Busy%	Bzy_MHz	TSC_MHz	IPC	IRQ	NMI	SMI	POLL%	C1%	C2%	CorWatt	PkgWatt
-	-	2841	62.72	4530	3392	0.52	80643	3	0	0.01	1.26	36.17	52.87	72.27
0	0	3240	71.24	4548	3394	0.53	4874	0	0	0.00	1.56	27.35	6.75	72.32
0	8	2846	62.48	4556	3394	0.49	5059	0	0	0.00	0.95	36.74
1	1	3089	68.01	4541	3394	0.51	5899	0	0	0.01	1.44	30.75	6.51
1	9	2464	54.37	4533	3394	0.48	5545	0	0	0.01	0.92	44.93
2	2	2362	53.96	4378	3394	0.56	6703	0	0	0.01	2.73	43.55	6.15
2	10	2094	47.38	4420	3394	0.48	5486	1	0	0.00	0.64	52.19
3	3	2417	53.54	4515	3394	0.48	5857	0	0	0.01	2.10	44.57	6.43
3	11	2795	61.89	4515	3394	0.51	5326	0	0	0.00	1.27	37.02
4	4	1643	36.14	4545	3394	0.45	5200	0	0	0.01	1.07	63.00	6.54
4	12	3820	83.90	4553	3394	0.54	3041	0	0	0.00	0.50	15.65
5	5	1742	38.41	4535	3394	0.43	6538	0	0	0.00	1.09	60.76	6.51
5	13	3749	82.33	4554	3394	0.53	3130	1	0	0.00	0.35	17.38
6	6	3230	70.90	4555	3394	0.53	4987	0	0	0.01	2.01	27.25	6.74
6	14	2786	61.22	4551	3394	0.50	6142	0	0	0.01	2.28	36.72
7	7	2802	61.38	4566	3394	0.49	4502	1	0	0.01	0.88	37.89	7.27
7	15	4399	96.40	4563	3394	0.60	2354	0	0	0.00	0.37	3.26
Core	CPU	Avg_MHz	Busy%	Bzy_MHz	TSC_MHz	IPC	IRQ	NMI	SMI	POLL%	C1%	C2%	CorWatt	PkgWatt
-	-	2860	63.01	4540	3395	0.51	82077	2	0	0.00	1.50	35.68	53.62	72.87
0	0	3447	75.65	4557	3394	0.52	4947	0	0	0.00	1.41	23.08	6.60	72.81
0	8	2178	47.77	4559	3394	0.46	4840	0	0	0.01	0.53	51.88
1	1	3608	79.31	4550	3394	0.54	4791	0	0	0.00	1.00	19.83	6.57
1	9	2002	44.08	4542	3394	0.45	6944	0	0	0.01	2.55	53.65
2	2	2316	52.10	4445	3394	0.50	6645	0	0	0.01	2.31	45.82	6.17
2	10	1945	43.82	4440	3394	0.48	5693	0	0	0.00	2.64	53.77
3	3	3281	72.35	4535	3394	0.52	5328	1	0	0.01	1.91	25.90	6.68
3	11	2433	53.62	4538	3394	0.48	5877	0	0	0.00	3.10	43.52
4	4	2678	58.71	4561	3394	0.50	5416	0	0	0.00	0.86	40.61	6.85
4	12	3285	71.98	4563	3394	0.51	3962	1	0	0.00	1.10	27.03
5	5	2276	50.62	4496	3394	0.48	6895	0	0	0.00	2.17	47.48	6.47
5	13	2763	61.04	4526	3394	0.50	4928	0	0	0.00	1.40	37.72
6	6	2441	53.74	4541	3394	0.48	5079	0	0	0.01	1.55	44.91	6.58
6	14	3135	69.11	4537	3394	0.51	4635	0	0	0.00	0.80	30.24
7	7	3460	75.71	4570	3394	0.50	3745	0	0	0.00	0.43	23.96	7.67
7	15	4501	98.51	4569	3394	0.60	2352	0	0	0.00	0.19	1.32
Core	CPU	Avg_MHz	Busy%	Bzy_MHz	TSC_MHz	IPC	IRQ	NMI	SMI	POLL%	C1%	C2%	CorWatt	PkgWatt
-	-	2926	64.55	4533	3394	0.51	74348	5	0	0.01	1.58	34.03	52.94	72.21
0	0	2949	65.01	4536	3394	0.49	5010	1	0	0.00	1.10	34.04	6.76	72.19
0	8	3147	69.32	4540	3394	0.54	4972	0	0	0.02	2.52	28.34
1	1	4175	91.60	4557	3394	0.58	2803	0	0	0.00	0.67	7.77	7.31
1	9	3448	75.63	4559	3394	0.50	3235	0	0	0.00	0.66	23.79
2	2	2676	59.76	4477	3394	0.49	5533	0	0	0.01	1.52	38.90	6.25
2	10	2237	50.15	4461	3394	0.47	5830	0	0	0.00	3.35	46.73
3	3	3138	69.31	4528	3394	0.51	5018	0	0	0.01	1.51	29.33	6.52
3	11	2439	53.77	4536	3394	0.47	5069	0	0	0.00	1.27	45.16
4	4	2564	56.45	4543	3394	0.64	5508	1	0	0.01	1.28	42.47	6.76
4	12	3102	68.16	4550	3394	0.52	3673	0	0	0.01	1.22	30.73
5	5	2789	61.62	4527	3394	0.49	4500	1	0	0.01	2.00	36.54	6.51
5	13	2823	62.41	4524	3394	0.49	5140	0	0	0.01	2.61	35.17
6	6	3053	67.45	4526	3394	0.50	4209	0	0	0.01	2.16	30.54	6.40
6	14	2498	55.25	4522	3394	0.47	4946	1	0	0.01	1.71	43.23
7	7	2244	49.32	4549	3394	0.46	5340	0	0	0.00	0.88	49.99	6.42
7	15	3529	77.56	4550	3394	0.51	3562	1	0	0.00	0.89	21.64
Core	CPU	Avg_MHz	Busy%	Bzy_MHz	TSC_MHz	IPC	IRQ	NMI	SMI	POLL%	C1%	C2%	CorWatt	PkgWatt
-	-	2860	63.10	4532	3392	0.51	82848	3	0	0.01	1.60	35.47	53.48	72.76
0	0	2888	63.84	4524	3394	0.50	7855	0	0	0.01	2.65	33.80	6.76	72.84
0	8	2992	65.77	4549	3394	0.51	4826	0	0	0.00	1.66	32.74
1	1	3083	67.87	4542	3394	0.50	4592	1	0	0.00	1.24	31.03	6.51
1	9	2548	55.91	4556	3394	0.49	5342	0	0	0.00	1.05	43.24
2	2	2431	55.21	4403	3394	0.49	7956	1	0	0.02	5.04	40.06	6.09
2	10	1744	39.74	4388	3394	0.46	6966	0	0	0.01	2.02	58.51
3	3	2655	58.29	4555	3394	0.48	6402	0	0	0.02	1.83	40.12	6.96
3	11	3486	76.50	4557	3394	0.51	4536	1	0	0.00	1.80	21.86
4	4	1770	38.96	4543	3394	0.46	4970	0	0	0.01	0.93	60.30	6.59
4	12	3709	81.44	4554	3394	0.53	3749	0	0	0.00	0.61	18.04
5	5	2914	64.34	4529	3394	0.51	5073	0	0	0.01	2.18	33.66	6.57
5	13	2422	53.38	4538	3394	0.50	5425	0	0	0.01	1.17	45.65
6	6	2481	54.69	4537	3394	0.47	6480	0	0	0.01	2.14	43.43	6.51
6	14	2997	65.95	4544	3394	0.52	3518	0	0	0.00	0.81	33.33
7	7	3322	72.72	4568	3394	0.51	2896	0	0	0.00	0.34	27.01	7.52
7	15	4336	94.96	4566	3394	0.60	2262	0	0	0.00	0.08	4.97
Core	CPU	Avg_MHz	Busy%	Bzy_MHz	TSC_MHz	IPC	IRQ	NMI	SMI	POLL%	C1%	C2%	CorWatt	PkgWatt
-	-	2871	63.38	4529	3395	0.51	82473	2	0	0.01	1.63	35.18	53.61	72.59
0	0	2677	59.30	4514	3394	0.48	6385	0	0	0.01	1.90	39.03	6.61	72.51
0	8	2918	64.34	4536	3394	0.50	5137	1	0	0.01	1.37	34.47
1	1	3880	84.99	4565	3394	0.51	3269	0	0	0.00	0.54	14.53	7.62
1	9	4102	89.83	4566	3394	0.59	2767	1	0	0.00	0.17	10.03
2	2	2149	49.55	4337	3394	0.48	6648	0	0	0.01	2.72	47.96	5.89
2	10	1850	42.37	4366	3394	0.48	6041	0	0	0.01	3.71	54.16
3	3	2579	56.95	4528	3394	0.48	5972	0	0	0.01	1.13	42.13	6.65
3	11	3073	67.53	4551	3394	0.50	4591	0	0	0.01	1.49	31.12
4	4	2480	54.40	4559	3394	0.49	6320	0	0	0.01	2.58	43.27	6.72
4	12	3171	69.58	4558	3394	0.52	3976	0	0	0.00	0.43	30.10
5	5	2411	53.00	4550	3394	0.49	5596	0	0	0.01	1.82	45.39	6.71
5	13	3226	70.80	4556	3394	0.51	5039	0	0	0.00	1.50	27.86
6	6	2507	55.81	4492	3394	0.63	5775	0	0	0.01	1.52	42.89	6.50
6	14	2643	58.60	4510	3394	0.49	5505	0	0	0.01	1.38	40.22
7	7	3047	66.87	4556	3394	0.50	5022	0	0	0.01	2.08	31.23	6.88
7	15	3197	70.17	4556	3394	0.53	4430	0	0	0.01	1.78	28.20
Core	CPU	Avg_MHz	Busy%	Bzy_MHz	TSC_MHz	IPC	IRQ	NMI	SMI	POLL%	C1%	C2%	CorWatt	PkgWatt
-	-	2871	63.41	4528	3393	0.51	83986	2	0	0.01	1.71	35.05	53.83	72.81
0	0	2692	59.17	4550	3394	0.49	5595	0	0	0.01	1.75	39.27	6.80	72.84
0	8	3267	71.75	4553	3394	0.51	5255	0	0	0.01	1.31	27.10
1	1	4273	93.50	4570	3394	0.51	2452	0	0	0.00	0.08	6.43	8.02
1	9	4569	99.99	4570	3394	0.60	2230	0	0	0.00	0.02	0.00
2	2	1938	45.20	4289	3394	0.49	7204	0	0	0.01	2.23	52.82	5.62
2	10	1354	32.03	4228	3394	0.43	7642	0	0	0.02	5.36	62.95
3	3	1709	37.69	4534	3394	0.45	5866	0	0	0.00	1.04	61.48	6.62
3	11	3649	80.21	4549	3394	0.53	3861	0	0	0.00	1.14	18.74
4	4	2753	60.47	4553	3394	0.50	5713	0	0	0.00	2.22	37.51	6.81
4	12	2939	64.51	4556	3394	0.49	5976	0	0	0.01	2.48	33.23
5	5	2490	55.02	4526	3394	0.51	5619	0	0	0.01	0.70	44.47	6.70
5	13	2999	66.15	4534	3394	0.50	6408	1	0	0.01	2.87	31.21
6	6	2405	53.11	4529	3394	0.47	6109	0	0	0.01	2.39	44.75	6.64
6	14	3228	71.04	4544	3394	0.52	3975	0	0	0.01	1.32	27.77
7	7	3055	66.96	4562	3394	0.51	5100	1	0	0.01	1.31	31.90	6.64
7	15	2633	57.81	4554	3394	0.49	4981	0	0	0.01	1.15	41.22
Core	CPU	Avg_MHz	Busy%	Bzy_MHz	TSC_MHz	IPC	IRQ	NMI	SMI	POLL%	C1%	C2%	CorWatt	PkgWatt
-	-	2847	62.82	4532	3394	0.51	82015	2	0	0.01	1.49	35.87	53.04	72.24
0	0	2827	62.24	4543	3394	0.51	5003	0	0	0.00	0.86	37.05	6.49	72.24
0	8	2670	58.92	4532	3394	0.49	6231	0	0	0.01	1.51	39.80
1	1	2926	64.16	4560	3394	0.48	5756	0	0	0.01	0.97	35.06	7.43
1	9	4557	99.99	4558	3394	0.61	2225	0	0	0.00	0.01	0.00
2	2	2984	66.80	4468	3394	0.57	5307	0	0	0.01	1.51	31.85	6.38
2	10	1905	42.74	4458	3394	0.47	6852	0	0	0.01	2.91	54.64
3	3	1719	38.01	4522	3394	0.43	7986	0	0	0.01	2.69	59.62	6.60
3	11	3871	85.28	4539	3394	0.53	3399	0	0	0.00	0.87	13.92
4	4	2270	50.11	4530	3394	0.48	5352	0	0	0.01	2.09	48.02	6.64
4	12	3294	72.67	4533	3394	0.51	4485	1	0	0.01	0.87	26.60
5	5	1902	41.95	4534	3394	0.44	6583	0	0	0.02	1.82	56.51	6.60
5	13	3711	81.85	4535	3394	0.52	3425	0	0	0.00	0.65	17.59
6	6	2796	61.70	4532	3394	0.50	4865	1	0	0.01	1.10	37.37	6.44
6	14	2615	57.65	4535	3394	0.50	4138	0	0	0.00	2.40	40.11
7	7	3161	69.59	4543	3394	0.52	4016	0	0	0.00	1.32	29.22	6.46
7	15	2342	51.55	4544	3394	0.48	6392	0	0	0.01	2.22	46.48
Core	CPU	Avg_MHz	Busy%	Bzy_MHz	TSC_MHz	IPC	IRQ	NMI	SMI	POLL%	C1%	C2%	CorWatt	PkgWatt
-	-	2865	63.24	4530	3393	0.51	81871	2	0	0.01	1.36	35.57	53.59	72.66
0	0	2803	61.86	4531	3394	0.48	6244	0	0	0.01	1.73	36.63	6.65	72.67
0	8	2881	63.46	4540	3394	0.51	5099	0	0	0.01	0.75	35.96
1	1	3905	85.47	4568	3394	0.51	3280	0	0	0.00	0.24	14.35	7.89
1	9	4567	99.99	4568	3394	0.60	2232	1	0	0.00	0.02	0.00
2	2	2325	52.52	4426	3394	0.51	5601	0	0	0.00	2.11	45.55	6.05
2	10	1905	43.67	4362	3394	0.48	7006	0	0	0.01	1.86	54.73
3	3	1842	40.75	4520	3394	0.45	6444	0	0	0.01	1.19	58.28	6.46
3	11	3377	74.36	4541	3394	0.52	4002	0	0	0.01	0.66	25.09
4	4	2556	56.11	4555	3394	0.47	6162	0	0	0.01	2.24	41.87	6.83
4	12	3376	74.06	4558	3394	0.51	4345	0	0	0.00	1.29	24.77
5	5	2588	57.08	4535	3394	0.49	5797	0	0	0.01	1.18	41.95	6.61
5	13	2740	60.30	4544	3394	0.50	4779	0	0	0.01	1.35	38.51
6	6	2872	63.61	4516	3394	0.49	4379	0	0	0.00	1.33	35.21	6.59
6	14	2612	57.81	4519	3394	0.48	6289	0	0	0.01	2.58	39.87
7	7	3239	71.19	4550	3394	0.51	4109	0	0	0.00	1.92	27.02	6.51
7	15	2260	49.65	4552	3394	0.47	6103	1	0	0.00	1.30	49.28
Core	CPU	Avg_MHz	Busy%	Bzy_MHz	TSC_MHz	IPC	IRQ	NMI	SMI	POLL%	C1%	C2%	CorWatt	PkgWatt
-	-	2834	62.74	4517	3392	0.52	82896	5	0	0.01	1.57	35.84	53.71	72.93
0	0	3068	67.92	4517	3394	0.51	5110	1	0	0.01	1.96	30.28	6.82	73.04
0	8	2557	56.46	4529	3394	0.59	6620	0	0	0.02	2.37	41.42
1	1	4333	94.85	4568	3394	0.51	2896	1	0	0.00	0.34	4.84	8.10
1	9	4568	99.99	4568	3394	0.60	2235	0	0	0.00	0.02	0.00
2	2	1898	44.35	4279	3394	0.48	7317	0	0	0.01	2.00	53.89	5.74
2	10	1689	39.11	4318	3394	0.49	6701	0	0	0.01	3.35	57.80
3	3	2376	52.57	4519	3394	0.49	5428	1	0	0.01	1.54	46.06	6.63
3	11	3106	68.39	4541	3394	0.52	4171	1	0	0.00	1.26	30.47
4	4	2262	49.62	4557	3394	0.46	5431	0	0	0.01	1.35	49.24	6.85
4	12	3496	76.66	4560	3394	0.52	5043	0	0	0.00	1.56	21.93
5	5	2365	51.97	4552	3394	0.49	6155	0	0	0.01	1.96	46.30	6.74
5	13	3212	70.64	4547	3394	0.52	4802	0	0	0.00	1.68	27.83
6	6	2728	60.55	4505	3394	0.49	5843	0	0	0.01	1.88	37.77	6.49
6	14	2499	55.18	4528	3394	0.49	5020	1	0	0.01	1.04	43.96
7	7	2709	60.03	4512	3394	0.51	5455	0	0	0.01	1.96	38.20	6.37
7	15	2508	55.51	4519	3394	0.50	4669	0	0	0.01	0.88	43.77
Core	CPU	Avg_MHz	Busy%	Bzy_MHz	TSC_MHz	IPC	IRQ	NMI	SMI	POLL%	C1%	C2%	CorWatt	PkgWatt
-	-	2875	63.40	4536	3396	0.53	69922	3	0	0.00	1.02	35.74	53.15	72.50
0	0	2992	65.92	4540	3394	0.57	4358	0	0	0.00	0.66	33.54	6.57	72.40
0	8	2489	54.95	4529	3394	0.51	4352	0	0	0.00	0.82	44.38
1	1	3953	86.67	4561	3394	0.50	2976	0	0	0.00	0.15	13.23	7.80
1	9	4560	99.99	4561	3394	0.60	2230	0	0	0.00	0.01	0.00
2	2	2392	53.79	4446	3394	0.48	5161	0	0	0.00	1.46	44.92	6.38
2	10	2636	58.73	4487	3394	0.52	5583	1	0	0.01	1.28	40.17
3	3	2785	61.69	4515	3394	0.51	5141	0	0	0.01	0.95	37.50	6.39
3	11	2429	53.54	4537	3394	0.48	4357	0	0	0.00	0.96	45.63
4	4	3018	66.44	4542	3394	0.64	4157	1	0	0.00	1.01	32.66	6.61
4	12	2237	49.45	4524	3394	0.48	5100	0	0	0.00	1.54	49.18
5	5	2599	57.21	4542	3394	0.50	4477	1	0	0.00	0.98	41.96	6.50
5	13	2916	64.11	4548	3394	0.50	3989	0	0	0.00	0.79	35.22
6	6	2673	58.88	4539	3394	0.49	4626	0	0	0.00	1.95	39.33	6.44
6	14	2795	61.41	4551	3394	0.51	4217	0	0	0.01	1.28	37.45
7	7	2606	57.50	4531	3394	0.54	4711	0	0	0.00	1.00	41.66	6.43
7	15	2899	64.05	4526	3394	0.50	4487	0	0	0.00	1.46	34.64
Core	CPU	Avg_MHz	Busy%	Bzy_MHz	TSC_MHz	IPC	IRQ	NMI	SMI	POLL%	C1%	C2%	CorWatt	PkgWatt
-	-	2850	63.09	4517	3389	0.51	82715	2	0	0.01	1.72	35.31	53.27	72.21
0	0	3549	78.51	4520	3394	0.53	5527	0	0	0.01	2.67	18.99	6.72	72.32
0	8	2398	53.00	4524	3394	0.47	6669	1	0	0.01	2.19	45.08
1	1	3041	66.80	4552	3394	0.52	5247	0	0	0.00	1.26	32.12	7.05
1	9	3586	78.80	4551	3394	0.53	3834	0	0	0.00	0.57	20.73
2	2	2744	60.79	4513	3394	0.48	5815	1	0	0.01	1.33	38.10	6.94
2	10	3399	75.03	4531	3394	0.50	4347	0	0	0.01	1.92	23.19
3	3	2647	59.00	4487	3394	0.52	5726	0	0	0.01	1.55	39.64	6.43
3	11	2416	53.85	4486	3394	0.48	5903	0	0	0.01	1.66	44.72
4	4	2825	62.54	4518	3394	0.52	3648	0	0	0.00	0.78	36.79	6.55
4	12	2529	56.18	4503	3394	0.49	5602	0	0	0.01	1.23	42.80
5	5	2297	50.51	4547	3394	0.49	4335	0	0	0.01	1.05	48.59	6.53
5	13	3102	68.24	4546	3394	0.52	4431	0	0	0.01	1.08	30.81
6	6	2695	59.45	4533	3394	0.50	5272	0	0	0.00	2.89	37.86	6.53
6	14	2781	61.32	4535	3394	0.50	5353	0	0	0.01	2.09	36.79
7	7	2792	61.84	4515	3394	0.51	4682	0	0	0.00	3.17	35.17	6.59
7	15	2869	63.63	4508	3394	0.48	6324	0	0	0.01	2.13	34.48
Core	CPU	Avg_MHz	Busy%	Bzy_MHz	TSC_MHz	IPC	IRQ	NMI	SMI	POLL%	C1%	C2%	CorWatt	PkgWatt
-	-	2846	62.71	4538	3398	0.51	80390	3	0	0.00	1.51	36.01	53.15	72.25
0	0	3217	70.90	4537	3394	0.51	6124	0	0	0.00	3.20	26.11	6.65	72.16
0	8	2532	55.74	4542	3394	0.48	5816	0	0	0.00	0.82	43.65
1	1	3289	72.32	4548	3394	0.57	4331	0	0	0.00	1.31	26.49	6.79
1	9	2914	64.10	4546	3394	0.49	4447	0	0	0.01	0.84	35.20
2	2	2310	51.10	4520	3394	0.48	7383	0	0	0.01	2.37	46.82	6.70
2	10	3174	69.93	4539	3394	0.51	3843	0	0	0.00	1.93	28.26
3	3	2429	54.33	4470	3394	0.51	6186	0	0	0.01	2.51	43.37	6.15
3	11	2347	52.14	4501	3394	0.49	5176	0	0	0.00	1.47	46.57
4	4	2893	64.07	4516	3394	0.58	4231	0	0	0.00	1.57	34.50	6.76
4	12	2725	60.38	4514	3394	0.48	5961	0	0	0.01	2.27	37.61
5	5	2863	62.96	4548	3394	0.55	4603	0	0	0.00	0.53	36.65	6.69
5	13	2943	64.78	4543	3394	0.50	5181	1	0	0.00	1.09	34.30
6	6	3726	81.98	4545	3394	0.54	3777	1	0	0.00	1.16	16.96	6.72
6	14	2227	48.98	4547	3394	0.48	4160	0	0	0.00	0.59	50.58
7	7	2504	55.14	4541	3394	0.47	4607	1	0	0.00	1.56	43.48	6.61
7	15	3382	74.55	4537	3394	0.52	4564	0	0	0.01	0.82	24.76
Core	CPU	Avg_MHz	Busy%	Bzy_MHz	TSC_MHz	IPC	IRQ	NMI	SMI	POLL%	C1%	C2%	CorWatt	PkgWatt
-	-	2872	63.44	4526	3393	0.51	83155	2	0	0.01	1.53	35.21	53.19	72.28
0	0	3121	68.69	4543	3394	0.51	4328	0	0	0.01	1.10	30.35	6.69	72.29
0	8	2784	61.29	4542	3394	0.49	5036	0	0	0.01	1.19	37.69
1	1	2867	63.26	4532	3394	0.52	5084	0	0	0.01	1.19	35.72	6.49
1	9	2792	61.62	4531	3394	0.49	5108	1	0	0.00	1.68	36.88
2	2	2741	60.60	4523	3394	0.49	6732	0	0	0.00	2.51	37.14	6.97
2	10	3322	73.35	4528	3394	0.53	3613	0	0	0.00	1.25	25.50
3	3	2298	51.71	4444	3394	0.51	5649	0	0	0.00	2.07	46.41	6.15
3	11	2499	55.97	4464	3394	0.49	5453	0	0	0.00	1.71	42.53
4	4	2594	57.29	4528	3394	0.50	4981	0	0	0.01	1.29	41.59	6.67
4	12	3008	66.40	4530	3394	0.50	5658	1	0	0.00	2.00	31.80
5	5	3124	68.85	4537	3394	0.51	5086	0	0	0.01	1.99	29.33	6.76
5	13	2777	61.25	4534	3394	0.52	6023	0	0	0.01	1.92	37.06
6	6	2779	61.20	4541	3394	0.50	4615	0	0	0.01	0.53	38.44	6.79
6	14	3279	72.23	4540	3394	0.52	4899	0	0	0.01	1.29	26.63
7	7	2631	57.94	4541	3394	0.48	6191	0	0	0.01	1.57	40.72	6.68
7	15	3334	73.40	4543	3394	0.51	4699	0	0	0.01	1.15	25.60
Core	CPU	Avg_MHz	Busy%	Bzy_MHz	TSC_MHz	IPC	IRQ	NMI	SMI	POLL%	C1%	C2%	CorWatt	PkgWatt
-	-	2857	63.12	4526	3394	0.51	82803	3	0	0.01	1.66	35.41	53.62	72.77
0	0	2315	50.87	4551	3394	0.47	6300	1	0	0.01	1.42	47.94	6.73	72.75
0	8	3564	78.41	4546	3394	0.51	3967	0	0	0.00	1.07	20.63
1	1	3527	77.83	4532	3394	0.54	4781	1	0	0.00	1.81	20.51	7.06
1	9	2964	65.32	4538	3394	0.54	5288	0	0	0.01	2.32	32.57
2	2	1853	41.60	4453	3394	0.45	6532	0	0	0.00	1.54	57.10	6.48
2	10	3306	73.32	4509	3394	0.55	3523	0	0	0.00	0.77	25.99
3	3	2866	63.77	4495	3394	0.52	5000	0	0	0.01	1.79	34.58	6.42
3	11	2227	49.52	4498	3394	0.48	6140	0	0	0.00	3.10	47.61
4	4	2756	60.70	4541	3394	0.51	4867	0	0	0.00	1.86	37.62	6.89
4	12	3097	68.13	4545	3394	0.50	5160	0	0	0.01	1.58	30.46
5	5	2741	60.33	4544	3394	0.49	5600	0	0	0.01	1.71	38.15	7.07
5	13	3766	82.74	4551	3394	0.55	4120	0	0	0.00	0.91	16.47
6	6	2798	61.79	4528	3394	0.50	4983	0	0	0.01	1.38	37.02	6.55
6	14	2666	58.90	4527	3394	0.49	5081	0	0	0.00	0.90	40.38
7	7	2198	48.90	4496	3394	0.48	6776	0	0	0.01	3.18	48.20	6.41
7	15	3058	67.74	4514	3394	0.51	4685	1	0	0.01	1.20	31.22
Core	CPU	Avg_MHz	Busy%	Bzy_MHz	TSC_MHz	IPC	IRQ	NMI	SMI	POLL%	C1%	C2%	CorWatt	PkgWatt
-	-	2843	62.87	4522	3392	0.51	81522	3	0	0.01	1.45	35.83	53.60	72.79
0	0	2956	65.52	4511	3394	0.50	5570	0	0	0.01	1.10	33.56	6.52	72.90
0	8	2447	54.00	4531	3394	0.49	5084	0	0	0.01	1.33	44.85
1	1	3511	77.34	4539	3394	0.55	4025	0	0	0.01	1.14	21.63	6.97
1	9	3070	67.57	4543	3394	0.50	3950	0	0	0.01	0.27	32.28
2	2	2338	52.21	4479	3394	0.47	7081	0	0	0.02	1.87	46.19	6.85
2	10	3310	73.24	4519	3394	0.53	4163	1	0	0.01	2.39	24.50
3	3	2731	61.15	4467	3394	0.55	4689	1	0	0.00	1.80	37.19	6.32
3	11	2108	47.28	4458	3394	0.47	5918	0	0	0.01	2.24	50.70
4	4	2950	65.34	4515	3394	0.51	4957	0	0	0.01	2.01	32.83	6.70
4	12	2504	55.29	4528	3394	0.49	5554	0	0	0.01	1.70	43.22
5	5	2904	63.93	4543	3394	0.51	5248	0	0	0.00	1.89	34.37	6.70
5	13	2726	59.93	4549	3394	0.49	5431	0	0	0.01	1.27	38.99
6	6	2112	46.52	4540	3394	0.46	6454	0	0	0.01	0.89	52.85	6.64
6	14	3492	76.78	4547	3394	0.52	3790	1	0	0.00	0.93	22.39
7	7	3122	68.90	4532	3394	0.52	5977	0	0	0.01	1.81	29.50	6.91
7	15	3220	70.98	4536	3394	0.50	3631	0	0	0.00	0.64	28.48
Core	CPU	Avg_MHz	Busy%	Bzy_MHz	TSC_MHz	IPC	IRQ	NMI	SMI	POLL%	C1%	C2%	CorWatt	PkgWatt
-	-	2856	63.19	4521	3394	0.51	81200	3	0	0.01	1.39	35.60	53.07	72.13
0	0	2871	63.52	4519	3394	0.48	6545	0	0	0.02	1.80	34.92	6.72	72.04
0	8	2989	65.94	4533	3394	0.50	5765	0	0	0.01	2.15	32.11
1	1	3331	73.41	4537	3394	0.60	5278	0	0	0.00	1.23	25.52	6.83
1	9	2811	61.99	4534	3394	0.49	4802	0	0	0.00	0.34	37.83
2	2	2693	59.61	4518	3394	0.48	5554	0	0	0.01	1.88	38.71	7.04
2	10	3496	77.17	4531	3394	0.54	4336	0	0	0.00	1.11	21.85
3	3	2203	49.42	4459	3394	0.49	6230	0	0	0.01	1.79	49.01	6.15
3	11	2561	57.06	4488	3394	0.51	4814	1	0	0.01	2.00	41.10
4	4	2382	52.47	4540	3394	0.51	5095	1	0	0.00	1.11	46.61	6.78
4	12	3485	76.72	4542	3394	0.52	3664	0	0	0.01	0.80	22.57
5	5	3008	66.25	4540	3394	0.49	5462	1	0	0.01	1.09	32.85	6.71
5	13	2880	63.41	4542	3394	0.48	5356	0	0	0.00	1.76	35.00
6	6	2575	57.35	4490	3394	0.51	4570	0	0	0.00	1.10	41.70	6.34
6	14	2765	61.46	4498	3394	0.50	4707	0	0	0.00	1.73	36.97
7	7	3215	71.30	4510	3394	0.51	4622	0	0	0.01	1.19	27.67	6.48
7	15	2431	53.88	4512	3394	0.48	4400	0	0	0.01	1.20	45.07
Core	CPU	Avg_MHz	Busy%	Bzy_MHz	TSC_MHz	IPC	IRQ	NMI	SMI	POLL%	C1%	C2%	CorWatt	PkgWatt
-	-	2841	62.82	4521	3395	0.51	81752	1	0	0.01	1.54	35.82	53.78	72.83
0	0	2899	63.71	4550	3394	0.51	5470	0	0	0.00	0.84	35.63	6.81	72.77
0	8	3072	67.57	4547	3394	0.51	4857	1	0	0.01	1.17	31.41
1	1	3736	82.01	4555	3394	0.55	4637	0	0	0.00	1.19	16.93	7.34
1	9	3310	72.63	4558	3394	0.53	4949	0	0	0.01	1.87	25.66
2	2	2758	62.20	4434	3394	0.50	6394	0	0	0.00	5.01	33.03	6.67
2	10	2669	59.64	4475	3394	0.52	4566	0	0	0.01	1.16	39.35
3	3	2028	45.72	4436	3394	0.47	5957	0	0	0.02	1.74	52.75	6.33
3	11	2840	63.18	4494	3394	0.53	5610	0	0	0.01	1.74	35.26
4	4	2427	53.47	4539	3394	0.48	5628	0	0	0.00	1.18	45.57	6.88
4	12	3231	71.17	4540	3394	0.51	4853	0	0	0.00	1.40	27.58
5	5	2711	59.87	4528	3394	0.51	3914	0	0	0.00	1.09	39.17	6.35
5	13	2334	51.96	4493	3394	0.49	5173	0	0	0.00	0.79	47.44
6	6	2927	64.61	4530	3394	0.51	4878	0	0	0.01	1.61	33.93	6.79
6	14	2854	62.81	4545	3394	0.50	4562	0	0	0.00	0.86	36.49
7	7	2917	64.48	4523	3394	0.51	4086	0	0	0.00	1.50	34.15	6.61
7	15	2718	60.15	4519	3394	0.49	6218	0	0	0.01	1.48	38.59
Core	CPU	Avg_MHz	Busy%	Bzy_MHz	TSC_MHz	IPC	IRQ	NMI	SMI	POLL%	C1%	C2%	CorWatt	PkgWatt
-	-	2883	63.66	4529	3394	0.52	71034	6	0	0.01	1.27	35.21	53.66	72.98
0	0	3026	66.78	4532	3394	0.51	4863	0	0	0.01	1.90	31.48	6.58	72.97
0	8	2439	53.72	4540	3394	0.58	4516	0	0	0.01	1.10	45.34
1	1	4190	91.92	4558	3394	0.57	3125	1	0	0.00	0.56	7.58	7.66
1	9	4007	87.90	4558	3394	0.49	3030	1	0	0.00	0.27	11.89
2	2	2824	63.61	4440	3394	0.52	5840	1	0	0.01	3.16	33.43	6.09
2	10	1624	36.77	4416	3394	0.49	4044	0	0	0.01	0.47	62.90
3	3	2186	48.14	4542	3394	0.49	5657	0	0	0.01	1.80	50.26	6.63
3	11	3276	72.06	4545	3394	0.50	4340	0	0	0.01	0.55	27.52
4	4	2578	57.28	4501	3394	0.50	4087	0	0	0.00	0.49	42.36	6.38
4	12	2464	54.99	4481	3394	0.50	4200	1	0	0.00	1.16	43.98
5	5	2362	52.07	4536	3394	0.47	5563	0	0	0.01	2.31	45.83	6.70
5	13	3326	73.23	4542	3394	0.50	4680	1	0	0.01	0.97	25.93
6	6	2850	62.74	4542	3394	0.51	4030	0	0	0.01	0.96	36.44	6.60
6	14	2787	61.27	4549	3394	0.49	4119	0	0	0.01	0.93	37.94
7	7	3631	79.82	4549	3394	0.65	3908	1	0	0.00	2.12	18.17	7.02
7	15	2559	56.29	4546	3394	0.48	5032	0	0	0.02	1.56	42.33
Core	CPU	Avg_MHz	Busy%	Bzy_MHz	TSC_MHz	IPC	IRQ	NMI	SMI	POLL%	C1%	C2%	CorWatt	PkgWatt
-	-	2881	63.67	4525	3394	0.50	86199	1	0	0.01	1.85	34.67	54.37	73.10
0	0	3252	71.71	4534	3394	0.53	4471	0	0	0.00	0.58	27.84	6.70	73.10
0	8	2431	53.66	4530	3394	0.48	6329	0	0	0.01	2.46	44.12
1	1	3234	71.14	4546	3394	0.53	4950	0	0	0.00	1.25	27.76	7.00
1	9	3148	69.18	4550	3394	0.49	4879	0	0	0.01	1.19	29.79
2	2	2831	63.19	4480	3394	0.50	5190	0	0	0.01	1.34	35.63	6.89
2	10	2988	66.52	4493	3394	0.52	4756	0	0	0.00	2.18	31.45
3	3	2953	65.59	4503	3394	0.53	5171	0	0	0.00	1.42	33.14	6.45
3	11	2106	46.94	4486	3394	0.46	6744	0	0	0.00	3.28	50.05
4	4	2655	58.64	4527	3394	0.50	4630	0	0	0.01	1.26	40.26	6.82
4	12	2918	64.52	4523	3394	0.50	6582	0	0	0.01	3.39	32.33
5	5	2740	60.42	4536	3394	0.50	5132	0	0	0.00	1.69	38.08	6.91
5	13	3130	69.01	4535	3394	0.50	6165	0	0	0.00	2.12	29.09
6	6	2987	66.01	4526	3394	0.49	5329	1	0	0.00	2.06	32.13	6.81
6	14	2811	62.14	4524	3394	0.48	6136	0	0	0.01	2.26	35.83
7	7	3355	73.81	4545	3394	0.53	4376	0	0	0.00	1.76	24.57	6.78
7	15	2557	56.25	4546	3394	0.47	5359	0	0	0.00	1.34	42.61
Core	CPU	Avg_MHz	Busy%	Bzy_MHz	TSC_MHz	IPC	IRQ	NMI	SMI	POLL%	C1%	C2%	CorWatt	PkgWatt
-	-	2948	65.13	4527	3393	0.50	84279	2	0	0.00	1.44	33.59	53.70	72.86
0	0	3079	67.86	4538	3394	0.59	5631	1	0	0.01	0.84	31.44	6.79	72.88
0	8	2795	61.58	4538	3394	0.48	5700	0	0	0.01	1.34	37.28
1	1	3315	73.19	4529	3394	0.54	4975	0	0	0.00	1.15	25.79	6.99
1	9	3450	75.95	4542	3394	0.50	4166	0	0	0.00	0.90	23.26
2	2	2914	65.20	4469	3394	0.51	5751	0	0	0.00	1.20	33.75	6.28
2	10	1859	41.80	4447	3394	0.42	6337	0	0	0.01	1.63	56.81
3	3	3295	72.84	4523	3394	0.54	4199	0	0	0.00	0.61	26.65	6.80
3	11	2638	58.45	4513	3394	0.46	7214	0	0	0.01	2.58	39.21
4	4	2463	54.28	4538	3394	0.49	5250	0	0	0.00	1.56	44.33	6.69
4	12	3355	73.83	4544	3394	0.50	3663	0	0	0.00	1.11	25.15
5	5	3140	69.08	4546	3394	0.50	5486	0	0	0.00	1.29	29.79	6.82
5	13	3033	66.72	4546	3394	0.48	4649	0	0	0.00	1.18	32.25
6	6	3022	66.63	4535	3394	0.50	5957	0	0	0.01	2.66	30.89	6.68
6	14	2859	63.27	4518	3394	0.47	5814	0	0	0.01	1.68	35.27
7	7	3212	70.79	4538	3394	0.51	4653	0	0	0.00	2.02	27.35	6.65
7	15	2752	60.63	4539	3394	0.47	4834	1	0	0.00	1.29	38.25
Core	CPU	Avg_MHz	Busy%	Bzy_MHz	TSC_MHz	IPC	IRQ	NMI	SMI	POLL%	C1%	C2%	CorWatt	PkgWatt
-	-	2897	64.04	4523	3393	0.50	87036	1	0	0.01	1.58	34.56	54.01	73.26
0	0	3287	72.39	4540	3394	0.50	5322	0	0	0.00	1.64	26.13	6.89	73.27
0	8	2886	63.53	4543	3394	0.48	6010	0	0	0.01	2.27	34.43
1	1	3231	71.20	4538	3394	0.51	5020	0	0	0.01	0.97	27.97	6.63
1	9	2573	56.73	4535	3394	0.47	6019	0	0	0.01	1.48	42.00
2	2	2741	61.31	4471	3394	0.50	6173	0	0	0.01	2.68	36.22	6.70
2	10	2709	60.50	4477	3394	0.50	5550	0	0	0.01	1.07	38.60
3	3	3326	73.71	4512	3394	0.54	4638	0	0	0.01	1.31	25.09	6.71
3	11	2325	51.46	4517	3394	0.46	6694	0	0	0.01	1.79	47.00
4	4	2769	61.59	4496	3394	0.50	5431	0	0	0.00	1.95	36.66	6.64
4	12	2585	57.23	4517	3394	0.48	5345	0	0	0.01	1.77	41.19
5	5	3231	71.19	4539	3394	0.52	5651	0	0	0.01	2.29	26.72	6.91
5	13	2723	59.98	4540	3394	0.47	5829	0	0	0.02	1.87	38.37
6	6	3677	81.05	4537	3394	0.56	3124	0	0	0.00	1.08	17.94	6.88
6	14	2454	54.17	4530	3394	0.47	5556	1	0	0.01	0.75	45.29
7	7	2854	62.91	4537	3394	0.50	5588	0	0	0.00	1.34	35.94	6.67
7	15	2985	65.75	4539	3394	0.50	5086	0	0	0.01	0.95	33.47
Core	CPU	Avg_MHz	Busy%	Bzy_MHz	TSC_MHz	IPC	IRQ	NMI	SMI	POLL%	C1%	C2%	CorWatt	PkgWatt
-	-	2911	64.33	4525	3394	0.50	87985	5	0	0.01	1.81	34.06	54.07	73.08
0	0	3139	69.13	4540	3394	0.51	5282	0	0	0.00	0.90	30.13	6.91	73.05
0	8	3124	68.77	4543	3394	0.49	4605	0	0	0.00	1.64	29.75
1	1	3688	81.22	4541	3394	0.54	4376	0	0	0.00	1.17	17.73	6.88
1	9	2756	60.59	4548	3394	0.46	5781	0	0	0.01	1.16	38.43
2	2	3100	69.31	4473	3394	0.52	5430	0	0	0.01	1.97	28.89	6.70
2	10	2290	51.19	4472	3394	0.46	6780	1	0	0.01	1.81	47.24
3	3	2567	56.91	4511	3394	0.48	6933	1	0	0.02	2.04	41.29	6.58
3	11	2728	60.49	4509	3394	0.49	5887	1	0	0.01	2.43	37.30
4	4	3598	79.21	4543	3394	0.54	3557	1	0	0.00	0.94	19.94	6.94
4	12	2497	54.92	4546	3394	0.46	5465	0	0	0.01	1.20	44.09
5	5	3026	66.80	4530	3394	0.50	5530	1	0	0.01	2.29	31.11	6.71
5	13	2689	59.28	4537	3394	0.48	5586	0	0	0.01	2.14	38.79
6	6	2744	60.49	4536	3394	0.47	5702	0	0	0.01	1.28	38.44	6.81
6	14	3192	70.41	4533	3394	0.51	5499	0	0	0.01	2.74	27.03
7	7	2243	49.93	4493	3394	0.52	6340	0	0	0.01	2.80	47.52	6.53
7	15	3185	70.58	4512	3394	0.50	5232	0	0	0.00	2.44	27.16
Core	CPU	Avg_MHz	Busy%	Bzy_MHz	TSC_MHz	IPC	IRQ	NMI	SMI	POLL%	C1%	C2%	CorWatt	PkgWatt
-	-	2943	65.09	4521	3394	0.50	82155	3	0	0.01	1.41	33.67	54.71	73.59
0	0	3013	66.25	4548	3394	0.52	5589	0	0	0.01	1.06	32.88	6.94	73.60
0	8	3203	70.36	4552	3394	0.50	4901	1	0	0.01	1.48	28.33
1	1	3916	86.17	4545	3394	0.53	3742	1	0	0.00	1.08	12.84	6.86
1	9	2283	50.27	4541	3394	0.45	5913	0	0	0.01	1.45	48.50
2	2	3146	70.84	4441	3394	0.59	4835	0	0	0.01	1.80	27.49	6.52
2	10	1810	40.86	4430	3394	0.43	5939	0	0	0.01	0.95	58.40
3	3	3099	68.89	4498	3394	0.50	5441	0	0	0.01	1.45	29.82	6.70
3	11	2357	52.27	4509	3394	0.48	5813	0	0	0.01	1.81	46.14
4	4	3105	68.82	4512	3394	0.50	4260	0	0	0.00	1.16	30.15	6.77
4	12	2431	53.87	4512	3394	0.48	5855	0	0	0.00	1.71	44.64
5	5	3225	70.97	4544	3394	0.50	5067	0	0	0.00	1.31	27.88	7.05
5	13	3038	66.74	4552	3394	0.49	5471	1	0	0.01	1.18	32.26
6	6	3014	66.46	4536	3394	0.51	5379	0	0	0.00	2.19	31.54	6.99
6	14	3242	71.51	4534	3394	0.50	4176	0	0	0.00	0.99	27.63
7	7	3740	82.68	4523	3394	0.53	3554	0	0	0.00	1.07	16.34	6.89
7	15	2467	54.57	4521	3394	0.46	6220	0	0	0.01	1.89	43.78
Core	CPU	Avg_MHz	Busy%	Bzy_MHz	TSC_MHz	IPC	IRQ	NMI	SMI	POLL%	C1%	C2%	CorWatt	PkgWatt
-	-	2874	63.61	4518	3390	0.51	84469	4	0	0.01	1.62	34.92	53.81	73.05
0	0	2538	55.95	4536	3394	0.49	5629	0	0	0.00	0.93	43.32	6.61	73.16
0	8	3118	68.80	4532	3394	0.50	4845	0	0	0.00	0.56	30.79
1	1	4343	95.45	4551	3394	0.63	2786	0	0	0.00	0.38	4.20	7.41
1	9	2846	62.52	4552	3394	0.46	5987	1	0	0.01	1.53	36.15
2	2	2948	65.72	4486	3394	0.50	5520	1	0	0.00	1.56	32.90	6.66
2	10	2414	53.72	4493	3394	0.48	6283	0	0	0.01	2.25	44.26
3	3	2720	60.68	4482	3394	0.51	4352	0	0	0.00	0.75	38.69	6.47
3	11	2479	55.31	4482	3394	0.47	6272	0	0	0.01	2.45	42.49
4	4	2778	61.52	4516	3394	0.50	5538	0	0	0.00	1.70	36.97	6.63
4	12	2608	57.86	4507	3394	0.49	5290	0	0	0.01	1.87	40.46
5	5	3244	71.50	4538	3394	0.52	5648	0	0	0.00	1.79	26.91	6.70
5	13	2343	51.63	4538	3394	0.48	5031	0	0	0.00	0.94	47.62
6	6	3104	68.67	4520	3394	0.51	4709	1	0	0.01	1.72	29.77	6.65
6	14	2577	56.97	4524	3394	0.48	5416	0	0	0.01	1.35	41.89
7	7	3019	66.51	4539	3394	0.50	5304	1	0	0.01	3.20	30.51	6.74
7	15	2944	64.90	4536	3394	0.48	5859	0	0	0.01	2.98	32.34
Core	CPU	Avg_MHz	Busy%	Bzy_MHz	TSC_MHz	IPC	IRQ	NMI	SMI	POLL%	C1%	C2%	CorWatt	PkgWatt
-	-	2858	63.15	4527	3396	0.51	83385	1	0	0.01	1.76	35.31	54.17	73.28
0	0	2893	63.95	4523	3394	0.51	6462	0	0	0.01	1.29	34.98	6.90	73.17
0	8	3150	69.28	4547	3394	0.49	4896	0	0	0.01	1.37	29.51
1	1	3466	76.17	4551	3394	0.54	4386	0	0	0.01	1.44	22.51	7.08
1	9	3274	71.96	4550	3394	0.50	3799	0	0	0.01	0.93	27.21
2	2	2632	59.32	4437	3394	0.50	5779	0	0	0.01	2.50	38.37	6.44
2	10	2435	54.63	4458	3394	0.50	4501	0	0	0.01	0.93	44.58
3	3	2716	60.66	4477	3394	0.51	5183	0	0	0.00	0.87	38.62	6.52
3	11	2382	53.10	4485	3394	0.48	5760	0	0	0.01	2.51	44.63
4	4	2734	60.26	4538	3394	0.51	5236	0	0	0.01	1.65	38.27	6.94
4	12	3142	69.35	4531	3394	0.52	5467	1	0	0.00	1.66	29.17
5	5	3050	67.07	4547	3394	0.51	5077	0	0	0.00	0.94	32.16	6.74
5	13	2508	55.21	4542	3394	0.49	5595	0	0	0.01	1.90	43.10
6	6	3031	66.94	4527	3394	0.50	4590	0	0	0.00	1.87	31.36	6.77
6	14	2574	56.82	4530	3394	0.47	7520	0	0	0.01	5.04	38.48
7	7	3135	68.96	4546	3394	0.51	4101	0	0	0.01	1.98	29.22	6.73
7	15	2574	56.63	4545	3394	0.54	5033	0	0	0.00	1.30	42.26
Core	CPU	Avg_MHz	Busy%	Bzy_MHz	TSC_MHz	IPC	IRQ	NMI	SMI	POLL%	C1%	C2%	CorWatt	PkgWatt
-	-	2854	63.15	4519	3394	0.51	83643	2	0	0.01	1.74	35.30	53.72	72.82
0	0	3398	75.02	4530	3394	0.52	4867	1	0	0.01	2.22	22.91	6.57	72.82
0	8	2168	47.84	4532	3394	0.48	4876	0	0	0.00	0.54	51.80
1	1	3445	75.65	4554	3394	0.54	3902	0	0	0.00	1.10	23.36	7.10
1	9	3496	76.79	4553	3394	0.51	3181	0	0	0.01	1.23	22.05
2	2	3050	68.60	4445	3394	0.53	5851	0	0	0.01	2.68	28.91	6.55
2	10	1905	42.85	4445	3394	0.48	6692	0	0	0.01	1.98	55.44
3	3	2493	55.35	4504	3394	0.51	5107	0	0	0.00	0.74	44.08	6.56
3	11	2970	66.01	4500	3394	0.51	4787	0	0	0.00	1.99	32.16
4	4	2822	62.42	4520	3394	0.49	6026	0	0	0.00	3.88	33.97	6.84
4	12	2723	60.33	4513	3394	0.49	6443	0	0	0.01	2.13	37.78
5	5	2865	63.21	4533	3394	0.50	5333	0	0	0.00	1.50	35.47	6.79
5	13	2918	64.32	4537	3394	0.50	5891	0	0	0.01	1.47	34.42
6	6	2730	60.60	4505	3394	0.50	5517	0	0	0.00	2.02	37.60	6.57
6	14	2672	59.11	4521	3394	0.49	5066	0	0	0.01	1.61	39.48
7	7	2944	64.79	4544	3394	0.51	4160	0	0	0.01	1.28	34.06	6.73
7	15	3058	67.42	4535	3394	0.49	5944	1	0	0.01	1.48	31.30
Core	CPU	Avg_MHz	Busy%	Bzy_MHz	TSC_MHz	IPC	IRQ	NMI	SMI	POLL%	C1%	C2%	CorWatt	PkgWatt
-	-	2828	62.56	4520	3392	0.51	80936	2	0	0.00	1.43	36.18	53.73	72.87
0	0	2930	64.45	4546	3394	0.50	5601	0	0	0.01	0.88	34.85	6.80	72.91
0	8	2958	65.06	4547	3394	0.50	5108	0	0	0.00	0.74	34.38
1	1	4516	99.10	4558	3394	0.57	2180	1	0	0.00	0.04	0.87	7.63
1	9	3590	78.73	4560	3394	0.50	4277	0	0	0.01	1.08	20.30
2	2	2183	49.45	4414	3394	0.48	6882	0	0	0.01	1.92	48.87	6.21
2	10	2257	50.79	4444	3394	0.51	5674	0	0	0.01	3.94	45.50
3	3	2502	55.59	4501	3394	0.50	4672	0	0	0.00	0.88	43.67	6.28
3	11	2308	51.45	4486	3394	0.50	4865	0	0	0.01	0.78	47.95
4	4	3475	76.46	4544	3394	0.52	4007	0	0	0.00	1.54	22.12	6.87
4	12	2233	49.26	4534	3394	0.46	6764	0	0	0.00	2.06	48.95
5	5	3038	67.25	4517	3394	0.52	4834	0	0	0.00	1.58	31.34	6.59
5	13	2257	50.03	4512	3394	0.48	4851	0	0	0.00	1.22	48.93
6	6	2697	59.69	4518	3394	0.52	4455	0	0	0.01	1.00	39.46	6.78
6	14	2775	61.31	4527	3394	0.60	6032	1	0	0.00	2.01	36.90
7	7	2894	63.90	4528	3394	0.50	4912	0	0	0.01	1.47	34.79	6.57
7	15	2645	58.41	4528	3394	0.48	5822	0	0	0.00	1.70	40.11
Core	CPU	Avg_MHz	Busy%	Bzy_MHz	TSC_MHz	IPC	IRQ	NMI	SMI	POLL%	C1%	C2%	CorWatt	PkgWatt
-	-	2849	63.01	4522	3394	0.51	83559	3	0	0.01	1.44	35.74	53.60	72.69
0	0	2916	64.34	4532	3394	0.50	5234	0	0	0.01	1.34	34.50	6.83	72.66
0	8	2896	64.00	4525	3394	0.50	5779	0	0	0.02	1.66	34.55
1	1	3919	86.12	4551	3394	0.56	3199	0	0	0.00	0.17	13.78	7.24
1	9	3314	72.82	4551	3394	0.49	4757	0	0	0.00	0.73	26.59
2	2	2881	64.77	4448	3394	0.52	5504	0	0	0.01	1.07	34.33	6.38
2	10	2043	45.87	4453	3394	0.47	6365	0	0	0.00	2.71	51.67
3	3	2177	48.59	4481	3394	0.47	6035	1	0	0.01	1.16	50.45	6.56
3	11	3090	68.72	4496	3394	0.52	5990	0	0	0.02	2.40	29.09
4	4	3439	75.93	4530	3394	0.53	3802	1	0	0.00	1.35	22.83	6.74
4	12	2043	45.18	4522	3394	0.47	5716	0	0	0.00	1.68	53.37
5	5	3909	86.10	4541	3394	0.55	3679	1	0	0.00	0.77	13.21	6.71
5	13	1808	39.86	4535	3394	0.45	5504	0	0	0.01	0.64	59.72
6	6	3167	69.96	4527	3394	0.51	4187	0	0	0.01	2.44	27.75	6.59
6	14	2276	50.27	4527	3394	0.47	6871	0	0	0.01	1.80	48.21
7	7	2926	64.47	4538	3394	0.50	5571	0	0	0.01	1.67	34.05	6.54
7	15	2771	61.15	4531	3394	0.49	5366	0	0	0.00	1.39	37.64
Core	CPU	Avg_MHz	Busy%	Bzy_MHz	TSC_MHz	IPC	IRQ	NMI	SMI	POLL%	C1%	C2%	CorWatt	PkgWatt
-	-	2881	63.72	4521	3391	0.52	76184	4	0	0.00	1.47	34.94	53.60	72.90
0	0	2534	55.87	4536	3394	0.53	4620	0	0	0.00	0.85	43.43	6.62	72.95
0	8	3217	70.98	4533	3394	0.50	5104	1	0	0.00	1.83	27.36
1	1	3937	86.51	4551	3394	0.53	3196	0	0	0.00	0.50	13.05	7.32
1	9	3619	79.62	4546	3394	0.49	4218	1	0	0.00	0.83	19.68
2	2	2727	61.70	4420	3394	0.56	5687	0	0	0.02	1.90	36.59	6.16
2	10	1690	38.43	4398	3394	0.49	5148	0	0	0.01	2.33	59.45
3	3	2991	66.15	4522	3394	0.51	4379	0	0	0.01	1.22	32.75	6.49
3	11	2285	50.68	4508	3394	0.48	5752	1	0	0.01	1.72	47.81
4	4	2205	48.73	4525	3394	0.53	4803	0	0	0.01	0.68	50.76	6.68
4	12	3241	71.52	4532	3394	0.51	4743	0	0	0.00	2.14	26.50
5	5	2863	62.96	4548	3394	0.54	2832	0	0	0.00	1.10	36.02	6.84
5	13	3094	68.26	4532	3394	0.49	5833	0	0	0.01	2.55	29.41
6	6	3284	72.39	4536	3394	0.51	3902	0	0	0.00	0.75	26.98	6.68
6	14	2505	55.23	4536	3394	0.49	5159	0	0	0.00	1.52	43.45
7	7	3465	76.22	4546	3394	0.59	5301	1	0	0.01	2.46	21.50	6.86
7	15	2472	54.37	4548	3394	0.47	5507	0	0	0.00	1.19	44.65
Core	CPU	Avg_MHz	Busy%	Bzy_MHz	TSC_MHz	IPC	IRQ	NMI	SMI	POLL%	C1%	C2%	CorWatt	PkgWatt
-	-	2857	63.14	4525	3395	0.50	82525	4	0	0.01	1.62	35.44	53.72	72.79
0	0	2761	60.74	4545	3394	0.49	5928	0	0	0.00	0.93	38.54	6.70	72.84
0	8	2976	65.51	4543	3394	0.50	5238	0	0	0.00	1.22	33.46
1	1	3169	69.84	4537	3394	0.52	4801	0	0	0.00	1.30	29.02	6.68
1	9	2809	61.92	4536	3394	0.50	4032	0	0	0.00	0.72	37.49
2	2	2750	61.87	4445	3394	0.51	5353	1	0	0.02	2.95	35.38	6.44
2	10	2264	50.70	4467	3394	0.49	5523	1	0	0.00	1.49	48.01
3	3	2572	57.05	4508	3394	0.51	4548	0	0	0.00	1.19	41.90	6.52
3	11	2805	62.14	4515	3394	0.50	4706	0	0	0.00	2.03	36.00
4	4	2572	56.76	4530	3394	0.49	5072	0	0	0.01	2.25	41.18	6.78
4	12	2869	63.31	4531	3394	0.50	5998	0	0	0.02	2.39	34.53
5	5	3013	66.49	4531	3394	0.52	5528	0	0	0.01	1.57	32.13	6.75
5	13	2617	57.75	4531	3394	0.49	5502	1	0	0.01	1.01	41.44
6	6	2855	63.00	4531	3394	0.50	5557	1	0	0.00	2.36	34.83	6.70
6	14	2777	61.55	4512	3394	0.50	6224	0	0	0.01	2.03	36.66
7	7	3501	77.03	4544	3394	0.54	4176	0	0	0.00	1.21	21.88	7.13
7	15	3387	74.52	4545	3394	0.50	4339	0	0	0.00	1.27	24.34
Core	CPU	Avg_MHz	Busy%	Bzy_MHz	TSC_MHz	IPC	IRQ	NMI	SMI	POLL%	C1%	C2%	CorWatt	PkgWatt
-	-	2840	62.75	4527	3395	0.51	81476	2	0	0.01	1.67	35.78	53.71	72.71
0	0	2965	65.54	4524	3394	0.52	5262	1	0	0.00	1.50	33.13	6.57	72.59
0	8	2484	54.98	4519	3394	0.47	6336	0	0	0.00	1.20	44.07
1	1	4217	92.71	4549	3394	0.56	2763	0	0	0.00	0.69	6.64	7.09
1	9	2747	60.36	4551	3394	0.49	4394	0	0	0.00	0.88	38.90
2	2	2442	55.35	4411	3394	0.49	7545	0	0	0.01	3.18	41.74	6.22
2	10	2105	47.44	4437	3394	0.50	3968	0	0	0.01	0.90	51.80
3	3	2732	60.32	4528	3394	0.51	5083	0	0	0.02	1.15	38.68	6.64
3	11	2740	60.52	4528	3394	0.50	4750	0	0	0.01	0.89	38.76
4	4	2926	64.59	4530	3394	0.51	4823	0	0	0.01	1.61	33.96	6.73
4	12	2594	57.24	4531	3394	0.49	4616	1	0	0.00	1.06	41.86
5	5	2769	60.98	4541	3394	0.50	4391	0	0	0.01	1.24	37.94	6.83
5	13	3012	66.34	4541	3394	0.50	6239	0	0	0.01	3.80	30.10
6	6	3076	67.75	4541	3394	0.51	4289	0	0	0.01	1.37	31.03	6.81
6	14	2745	60.52	4536	3394	0.58	6281	0	0	0.01	2.84	36.88
7	7	3196	70.44	4538	3394	0.51	4292	0	0	0.00	1.59	28.11	6.79
7	15	2667	58.83	4534	3394	0.48	6444	0	0	0.01	2.88	38.54
Core	CPU	Avg_MHz	Busy%	Bzy_MHz	TSC_MHz	IPC	IRQ	NMI	SMI	POLL%	C1%	C2%	CorWatt	PkgWatt
-	-	2855	63.08	4526	3393	0.51	83361	2	0	0.01	1.69	35.41	54.45	73.44
0	0	2830	62.26	4545	3394	0.50	6199	0	0	0.00	0.82	37.14	7.07	73.46
0	8	3362	73.89	4550	3394	0.51	5719	0	0	0.01	1.51	24.78
1	1	3974	87.35	4550	3394	0.54	3807	1	0	0.00	0.56	12.18	7.37
1	9	3313	72.75	4554	3394	0.50	4500	0	0	0.00	0.74	26.64
2	2	2568	58.06	4423	3394	0.51	6868	0	0	0.01	3.04	39.13	6.29
2	10	1921	43.27	4440	3394	0.49	5050	0	0	0.01	2.64	54.28
3	3	2679	59.63	4492	3394	0.51	5486	0	0	0.01	2.13	38.40	6.47
3	11	2316	51.30	4514	3394	0.49	4995	0	0	0.00	1.08	47.80
4	4	2776	61.20	4535	3394	0.51	4580	0	0	0.00	2.10	36.86	6.96
4	12	2859	63.05	4534	3394	0.55	5982	0	0	0.01	2.27	34.89
5	5	2923	64.42	4536	3394	0.51	4463	0	0	0.01	1.65	34.07	6.71
5	13	2503	55.23	4531	3394	0.48	5838	0	0	0.00	2.19	42.80
6	6	3351	73.79	4541	3394	0.52	4401	0	0	0.01	1.42	24.91	6.96
6	14	2780	61.28	4536	3394	0.49	5458	0	0	0.01	2.14	36.79
7	7	2706	59.71	4532	3394	0.50	4549	0	0	0.00	1.41	39.03	6.63
7	15	2818	62.04	4541	3394	0.50	5466	1	0	0.01	1.31	36.84
