turbostat version 2025.09.09 - Len Brown <lenb@kernel.org>
Kernel command line: BOOT_IMAGE=/boot/vmlinuz-6.17.0-35-generic root=UUID=37e0ef02-2557-4d29-8187-72bb5e6547ba ro quiet splash vt.handoff=7
CPUID(0): AuthenticAMD 0x10 CPUID levels
CPUID(1): family:model:stepping 0x19:21:2 (25:33:2) microcode 0x0
CPUID(0x80000000): max_extended_levels: 0x80000023
CPUID(1): SSE3 MONITOR - - - TSC MSR - HT -
CPUID(6): APERF, No-TURBO, No-DTS, No-PTM, No-HWP, No-HWPnotify, No-HWPwindow, No-HWPepp, No-HWPpkg, No-EPB
CPUID(7): No-SGX No-Hybrid
cpu0: cpufreq driver: amd-pstate-epp
cpu0: cpufreq governor: powersave
cpufreq boost: 1
/dev/cpu_dma_latency: 2000000000 usec (default)
current_driver: acpi_idle
current_governor: menu
current_governor_ro: menu
cpu0: POLL: CPUIDLE CORE POLL IDLE
cpu0: C1: ACPI FFH MWAIT 0x0
cpu0: C2: ACPI IOPORT 0x414
RAPL: 234 sec. Joule Counter Range, at 280 Watts
intel-rapl:0: package-0 disabled
intel-rapl:0/intel-rapl:0:0: core disabled
cpu0: MSR_RAPL_PWR_UNIT: 0x000a1003 (0.125000 Watts, 0.000015 Joules, 0.000977 sec.)
Core	CPU	Avg_MHz	Busy%	Bzy_MHz	TSC_MHz	IPC	IRQ	NMI	SMI	POLL%	C1%	C2%	CorWatt	PkgWatt
-	-	715	18.21	3926	3394	0.77	108139	0	0	0.03	12.39	69.79	34.54	49.32
0	0	579	14.65	3951	3394	0.80	3990	0	0	0.01	7.35	78.23	4.28	49.31
0	8	851	22.47	3787	3394	0.74	9041	0	0	0.02	17.57	60.43
1	1	1184	29.39	4028	3394	0.86	7617	0	0	0.04	14.15	56.88	5.01
1	9	796	19.73	4036	3394	0.60	7346	0	0	0.02	18.59	62.24
2	2	310	8.34	3721	3394	0.63	4710	0	0	0.00	3.52	88.32	3.44
2	10	524	14.16	3702	3394	0.68	8851	0	0	0.02	11.93	74.27
3	3	367	9.97	3684	3394	0.62	6188	0	0	0.08	8.39	81.91	3.39
3	11	463	12.39	3739	3394	0.73	6905	0	0	0.02	6.25	81.63
4	4	886	22.96	3856	3394	0.76	7291	0	0	0.02	14.65	62.84	4.51
4	12	681	17.85	3817	3394	0.64	7935	0	0	0.01	10.23	72.29
5	5	968	24.92	3886	3394	0.87	8968	0	0	0.05	17.61	57.95	4.57
5	13	567	14.12	4013	3394	0.70	5918	0	0	0.02	10.04	76.14
6	6	557	15.01	3712	3394	0.78	5930	0	0	0.02	8.18	77.08	3.44
6	14	338	9.07	3724	3394	0.62	5148	0	0	0.02	9.44	81.75
7	7	1372	32.99	4158	3394	0.84	7113	0	0	0.04	22.87	44.83	5.90
7	15	997	23.39	4261	3394	0.95	5188	0	0	0.02	17.39	59.72
Core	CPU	Avg_MHz	Busy%	Bzy_MHz	TSC_MHz	IPC	IRQ	NMI	SMI	POLL%	C1%	C2%	CorWatt	PkgWatt
-	-	1538	35.71	4307	3393	0.69	93933	3	0	0.02	8.31	56.27	43.44	59.64
0	0	1247	29.58	4215	3394	0.66	5785	1	0	0.02	6.83	63.87	5.14	59.66
0	8	1494	35.59	4197	3394	0.54	7516	0	0	0.03	10.41	54.36
1	1	2286	51.32	4455	3394	0.62	5645	0	0	0.03	14.86	34.57	7.66
1	9	3020	68.09	4436	3394	1.11	4073	1	0	0.02	7.21	24.90
2	2	1089	26.29	4144	3394	0.54	7109	0	0	0.02	8.46	65.56	4.55
2	10	1143	26.73	4278	3394	0.59	5073	0	0	0.01	3.99	69.47
3	3	1345	31.60	4255	3394	0.69	5478	0	0	0.05	4.69	63.90	4.68
3	11	1011	23.71	4265	3394	0.52	5496	0	0	0.01	5.01	71.52
4	4	1338	31.70	4221	3394	0.60	6426	0	0	0.02	11.02	57.64	5.20
4	12	1619	37.36	4334	3394	0.59	4641	0	0	0.01	5.41	57.44
5	5	1723	40.26	4278	3394	0.97	6213	0	0	0.02	12.39	47.69	5.76
5	13	1431	32.37	4420	3394	0.50	4891	0	0	0.01	4.87	62.96
6	6	1383	33.10	4179	3394	0.68	7649	0	0	0.02	9.02	58.19	4.70
6	14	1208	27.51	4390	3394	0.49	4479	0	0	0.01	2.90	69.76
7	7	1977	46.43	4257	3394	0.76	8144	1	0	0.03	16.43	37.61	5.77
7	15	1299	29.69	4375	3394	0.51	5315	0	0	0.02	9.55	61.09
Core	CPU	Avg_MHz	Busy%	Bzy_MHz	TSC_MHz	IPC	IRQ	NMI	SMI	POLL%	C1%	C2%	CorWatt	PkgWatt
-	-	2880	63.48	4537	3392	0.42	81057	1	0	0.01	2.53	34.16	53.05	72.04
0	0	3286	72.05	4560	3394	0.43	4705	0	0	0.02	1.85	26.26	6.47	72.10
0	8	2305	50.49	4565	3394	0.40	3968	0	0	0.01	1.05	48.61
1	1	4125	90.19	4573	3394	0.44	2442	0	0	0.00	0.08	9.75	7.75
1	9	4252	92.97	4573	3394	0.49	2990	0	0	0.00	0.35	6.73
2	2	2674	59.70	4479	3394	0.42	5097	0	0	0.03	2.57	37.92	6.29
2	10	2237	49.82	4491	3394	0.39	6091	0	0	0.02	4.80	45.66
3	3	2320	51.59	4497	3394	0.39	6479	0	0	0.02	3.70	44.99	6.30
3	11	2585	57.71	4480	3394	0.40	6450	0	0	0.02	5.91	36.66
4	4	2951	64.96	4543	3394	0.41	4971	1	0	0.00	2.16	33.08	6.67
4	12	2651	58.40	4540	3394	0.40	5599	0	0	0.01	2.27	39.55
5	5	2997	65.71	4561	3394	0.41	5100	0	0	0.01	2.90	31.58	6.66
5	13	2653	58.11	4565	3394	0.40	5576	0	0	0.00	2.48	39.63
6	6	2450	54.39	4504	3394	0.39	5748	0	0	0.02	3.46	42.41	6.32
6	14	2806	61.99	4526	3394	0.41	5093	0	0	0.02	3.11	35.11
7	7	2653	58.29	4552	3394	0.39	5557	0	0	0.01	1.75	40.19	6.61
7	15	3158	69.33	4555	3394	0.41	5191	0	0	0.01	2.13	28.73
Core	CPU	Avg_MHz	Busy%	Bzy_MHz	TSC_MHz	IPC	IRQ	NMI	SMI	POLL%	C1%	C2%	CorWatt	PkgWatt
-	-	2857	62.96	4537	3394	0.43	78169	3	0	0.01	2.31	34.91	53.23	72.25
0	0	2937	64.64	4543	3394	0.44	5868	0	0	0.01	3.79	31.80	6.52	72.24
0	8	2612	57.36	4553	3394	0.40	4701	0	0	0.01	1.06	41.74
1	1	3870	84.64	4572	3394	0.43	2596	0	0	0.00	0.09	15.30	7.72
1	9	4435	96.99	4572	3394	0.50	2387	0	0	0.00	0.13	2.89
2	2	2940	65.43	4494	3394	0.43	4602	1	0	0.00	2.07	32.64	6.19
2	10	1851	41.44	4467	3394	0.38	5560	0	0	0.01	1.97	56.82
3	3	2616	58.15	4499	3394	0.41	5687	0	0	0.01	2.30	39.76	6.44
3	11	2506	55.65	4503	3394	0.40	6328	0	0	0.02	5.73	38.91
4	4	2065	45.41	4548	3394	0.39	5627	0	0	0.02	2.67	52.16	6.58
4	12	3366	73.88	4556	3394	0.43	4573	0	0	0.01	0.96	25.31
5	5	3107	68.55	4533	3394	0.42	4743	0	0	0.01	1.71	29.91	6.62
5	13	2435	53.78	4528	3394	0.39	5870	0	0	0.01	2.91	43.56
6	6	2564	56.54	4534	3394	0.41	4030	1	0	0.01	1.51	42.09	6.42
6	14	2819	62.07	4542	3394	0.42	4985	0	0	0.02	2.86	35.27
7	7	2887	63.60	4539	3394	0.53	4860	0	0	0.00	4.08	32.53	6.74
7	15	2689	59.29	4535	3394	0.41	5752	1	0	0.02	3.17	37.76
Core	CPU	Avg_MHz	Busy%	Bzy_MHz	TSC_MHz	IPC	IRQ	NMI	SMI	POLL%	C1%	C2%	CorWatt	PkgWatt
-	-	2877	63.48	4532	3395	0.42	81593	0	0	0.01	2.67	34.06	53.37	72.31
0	0	3128	69.06	4530	3394	0.42	5571	0	0	0.01	3.30	27.85	6.55	72.28
0	8	2480	54.63	4539	3394	0.39	5210	0	0	0.02	1.74	43.84
1	1	3924	85.95	4565	3394	0.44	3377	0	0	0.01	0.92	13.22	7.74
1	9	4395	96.28	4564	3394	0.47	2410	0	0	0.00	0.22	3.52
2	2	3475	76.56	4540	3394	0.42	4877	0	0	0.01	3.37	20.26	6.87
2	10	2446	53.99	4531	3394	0.39	5037	0	0	0.01	1.55	44.66
3	3	2476	55.39	4470	3394	0.41	5690	0	0	0.02	2.61	42.20	6.26
3	11	2409	53.65	4491	3394	0.41	4803	0	0	0.02	4.41	42.16
4	4	2837	62.73	4523	3394	0.41	4937	0	0	0.01	3.23	34.24	6.65
4	12	2663	58.99	4515	3394	0.40	6200	0	0	0.01	4.65	36.63
5	5	2545	56.09	4537	3394	0.40	5238	0	0	0.01	1.36	42.75	6.50
5	13	2805	61.69	4546	3394	0.41	5541	0	0	0.02	2.18	36.34
6	6	3023	66.85	4522	3394	0.43	3985	0	0	0.00	1.12	32.15	6.35
6	14	2098	46.34	4528	3394	0.38	7531	0	0	0.02	5.93	48.10
7	7	2851	62.98	4527	3394	0.43	4517	0	0	0.01	2.22	34.97	6.42
7	15	2452	54.51	4499	3394	0.40	6669	0	0	0.01	3.85	41.93
Core	CPU	Avg_MHz	Busy%	Bzy_MHz	TSC_MHz	IPC	IRQ	NMI	SMI	POLL%	C1%	C2%	CorWatt	PkgWatt
-	-	2926	64.54	4534	3393	0.42	79323	4	0	0.01	2.69	32.95	53.62	72.47
0	0	2862	63.21	4527	3394	0.41	5038	0	0	0.01	1.85	35.10	6.44	72.47
0	8	2626	58.19	4513	3394	0.39	5710	0	0	0.02	3.22	38.81
1	1	4131	90.49	4565	3394	0.43	2552	1	0	0.00	0.41	9.13	7.76
1	9	4291	93.97	4567	3394	0.49	2757	1	0	0.00	0.11	5.95
2	2	3064	67.79	4520	3394	0.42	4854	0	0	0.01	6.58	25.87	6.63
2	10	2389	53.02	4505	3394	0.40	5638	1	0	0.01	4.41	42.82
3	3	2408	53.33	4516	3394	0.40	5674	0	0	0.02	1.62	45.25	6.55
3	11	3088	68.07	4536	3394	0.42	4901	0	0	0.01	2.37	29.73
4	4	2309	51.07	4521	3394	0.39	5778	0	0	0.03	7.43	41.82	6.57
4	12	3085	67.93	4542	3394	0.42	5058	0	0	0.00	3.01	29.23
5	5	2592	57.20	4531	3394	0.48	5111	0	0	0.01	1.43	41.55	6.63
5	13	2841	62.59	4538	3394	0.41	5449	1	0	0.01	2.81	34.80
6	6	2780	61.55	4517	3394	0.41	4964	0	0	0.02	2.17	36.47	6.44
6	14	2592	57.22	4531	3394	0.41	5796	0	0	0.01	2.00	41.00
7	7	3272	72.00	4544	3394	0.41	4078	0	0	0.01	1.82	26.32	6.59
7	15	2499	55.07	4537	3394	0.39	5965	0	0	0.01	1.74	43.42
Core	CPU	Avg_MHz	Busy%	Bzy_MHz	TSC_MHz	IPC	IRQ	NMI	SMI	POLL%	C1%	C2%	CorWatt	PkgWatt
-	-	2874	63.43	4531	3393	0.42	80636	4	0	0.01	2.50	34.26	53.52	72.42
0	0	2323	51.37	4523	3394	0.40	5623	0	0	0.01	2.27	46.58	6.45	72.45
0	8	3038	67.15	4525	3394	0.41	5281	1	0	0.02	2.93	30.11
1	1	3471	76.08	4563	3394	0.44	3490	0	0	0.00	1.50	22.52	7.51
1	9	4267	93.53	4562	3394	0.48	2522	0	0	0.00	0.13	6.36
2	2	3184	70.23	4533	3394	0.47	5079	0	0	0.01	2.95	27.01	6.90
2	10	2564	56.59	4530	3394	0.39	5288	0	0	0.01	2.86	40.78
3	3	2579	57.50	4486	3394	0.40	5629	0	0	0.01	2.36	40.34	6.41
3	11	2456	54.80	4481	3394	0.40	6604	1	0	0.01	7.14	38.37
4	4	2614	57.74	4527	3394	0.40	5801	0	0	0.01	2.81	39.69	6.69
4	12	2955	65.03	4544	3394	0.41	4695	1	0	0.01	1.27	33.86
5	5	2691	59.35	4534	3394	0.41	4605	0	0	0.02	3.46	37.38	6.55
5	13	2787	61.51	4530	3394	0.40	6259	0	0	0.02	3.96	34.79
6	6	2321	51.04	4546	3394	0.36	6016	0	0	0.03	1.92	47.30	6.76
6	14	3653	80.28	4550	3394	0.42	3691	1	0	0.00	1.24	18.59
7	7	2688	59.46	4520	3394	0.42	4716	0	0	0.01	1.36	39.35	6.27
7	15	2404	53.16	4522	3394	0.39	5337	0	0	0.01	1.83	45.22
Core	CPU	Avg_MHz	Busy%	Bzy_MHz	TSC_MHz	IPC	IRQ	NMI	SMI	POLL%	C1%	C2%	CorWatt	PkgWatt
-	-	2876	63.41	4536	3395	0.41	82286	4	0	0.01	2.22	34.58	53.29	72.05
0	0	3325	73.21	4542	3394	0.43	5425	1	0	0.01	3.42	23.59	6.81	72.01
0	8	2804	61.68	4547	3394	0.40	5560	0	0	0.01	2.80	35.75
1	1	3280	71.96	4557	3394	0.42	4757	0	0	0.01	2.33	25.88	6.95
1	9	3309	72.61	4558	3394	0.46	4028	0	0	0.00	0.78	26.73
2	2	3046	67.63	4505	3394	0.41	5181	0	0	0.01	2.50	30.07	6.72
2	10	2534	56.23	4507	3394	0.40	5576	0	0	0.01	1.15	42.84
3	3	2522	56.25	4484	3394	0.41	5254	1	0	0.01	1.82	42.10	6.25
3	11	2393	53.30	4490	3394	0.39	5745	0	0	0.01	2.88	44.06
4	4	1961	43.12	4548	3394	0.35	7182	0	0	0.02	3.95	53.27	6.86
4	12	4027	88.51	4550	3394	0.44	3172	0	0	0.01	1.61	9.95
5	5	2590	57.27	4523	3394	0.40	5485	1	0	0.00	1.79	41.15	6.49
5	13	2679	59.09	4533	3394	0.40	5636	0	0	0.01	3.30	37.83
6	6	2126	46.73	4548	3394	0.37	5938	0	0	0.02	1.77	51.75	6.59
6	14	3534	77.69	4549	3394	0.43	3758	0	0	0.01	1.49	20.93
7	7	2894	63.68	4545	3394	0.42	5321	1	0	0.01	2.61	33.91	6.59
7	15	2976	65.54	4540	3394	0.42	4268	0	0	0.01	1.29	33.32
Core	CPU	Avg_MHz	Busy%	Bzy_MHz	TSC_MHz	IPC	IRQ	NMI	SMI	POLL%	C1%	C2%	CorWatt	PkgWatt
-	-	2938	64.90	4526	3394	0.41	79357	1	0	0.01	2.46	32.83	53.85	72.61
0	0	2767	60.95	4540	3394	0.39	5730	0	0	0.01	3.24	36.04	6.76	72.61
0	8	3290	72.26	4552	3394	0.41	4190	0	0	0.01	2.36	25.53
1	1	3921	85.89	4566	3394	0.42	2878	0	0	0.00	0.36	13.81	7.81
1	9	4564	99.99	4565	3394	0.49	2241	0	0	0.00	0.02	0.00
2	2	2704	60.75	4450	3394	0.40	5270	1	0	0.02	1.80	37.64	6.27
2	10	2154	48.37	4452	3394	0.39	4781	0	0	0.01	1.50	50.32
3	3	2718	60.82	4469	3394	0.40	5585	0	0	0.02	2.43	36.93	6.26
3	11	2173	48.68	4463	3394	0.38	6150	0	0	0.01	4.10	47.49
4	4	3074	67.85	4530	3394	0.43	4742	0	0	0.01	3.90	28.45	6.82
4	12	2645	58.55	4517	3394	0.38	6645	0	0	0.01	4.69	37.04
5	5	3101	68.29	4541	3394	0.41	4064	0	0	0.01	1.67	30.17	6.69
5	13	2616	57.64	4538	3394	0.38	5899	0	0	0.01	3.64	38.98
6	6	2712	59.57	4553	3394	0.40	5449	0	0	0.01	2.53	38.12	6.63
6	14	3008	66.07	4553	3394	0.40	5031	0	0	0.01	2.10	32.02
7	7	2847	62.85	4529	3394	0.45	5217	0	0	0.01	2.86	34.50	6.60
7	15	2712	59.93	4525	3394	0.40	5485	0	0	0.01	2.11	38.17
Core	CPU	Avg_MHz	Busy%	Bzy_MHz	TSC_MHz	IPC	IRQ	NMI	SMI	POLL%	C1%	C2%	CorWatt	PkgWatt
-	-	2869	63.43	4523	3393	0.42	80240	4	0	0.01	2.59	34.16	53.74	72.70
0	0	2802	62.30	4497	3394	0.41	4815	0	0	0.01	1.71	36.15	6.34	72.73
0	8	2297	50.92	4511	3394	0.40	6236	0	0	0.01	6.51	42.87
1	1	4284	93.88	4564	3394	0.44	2493	1	0	0.00	0.23	5.92	7.89
1	9	4231	92.68	4565	3394	0.49	2401	1	0	0.00	0.05	7.29
2	2	2421	54.76	4421	3394	0.43	5931	0	0	0.01	3.42	42.06	6.27
2	10	2067	46.70	4427	3394	0.37	6714	0	0	0.01	8.77	44.90
3	3	2196	48.82	4498	3394	0.39	5788	0	0	0.02	3.39	48.02	6.42
3	11	2781	61.70	4506	3394	0.41	5529	0	0	0.01	3.66	34.85
4	4	2539	55.92	4539	3394	0.45	4988	1	0	0.01	1.26	43.01	6.77
4	12	3167	69.79	4538	3394	0.42	4549	0	0	0.01	1.68	28.68
5	5	2900	63.91	4538	3394	0.41	4871	0	0	0.02	1.37	34.91	6.78
5	13	2920	64.36	4537	3394	0.41	5501	0	0	0.01	3.35	32.51
6	6	2240	49.24	4549	3394	0.38	5607	0	0	0.01	1.62	49.38	6.68
6	14	3416	75.13	4547	3394	0.42	4156	0	0	0.00	0.88	24.11
7	7	3004	66.25	4535	3394	0.41	4671	0	0	0.01	1.72	32.17	6.60
7	15	2651	58.52	4531	3394	0.40	5990	1	0	0.01	1.83	39.89
Core	CPU	Avg_MHz	Busy%	Bzy_MHz	TSC_MHz	IPC	IRQ	NMI	SMI	POLL%	C1%	C2%	CorWatt	PkgWatt
-	-	2876	63.53	4526	3393	0.42	82212	1	0	0.01	2.85	33.81	53.87	72.67
0	0	3053	67.24	4540	3394	0.42	5271	0	0	0.01	2.42	30.54	6.63	72.73
0	8	2515	55.42	4537	3394	0.39	5988	0	0	0.01	2.76	42.06
1	1	3914	85.72	4566	3394	0.44	2288	0	0	0.00	0.10	14.20	7.85
1	9	4549	99.66	4565	3394	0.49	2267	0	0	0.00	0.01	0.33
2	2	2801	62.92	4452	3394	0.43	4239	0	0	0.01	0.96	36.25	6.12
2	10	1765	39.97	4417	3394	0.39	6320	0	0	0.01	3.56	56.74
3	3	2968	65.73	4515	3394	0.42	5954	0	0	0.01	3.00	31.49	6.60
3	11	2313	51.50	4492	3394	0.39	5311	0	0	0.01	1.73	46.99
4	4	2910	64.55	4508	3394	0.41	5124	0	0	0.01	4.29	31.38	6.58
4	12	2315	51.59	4487	3394	0.38	7040	0	0	0.03	4.23	44.48
5	5	2488	54.89	4532	3394	0.40	5212	0	0	0.01	4.61	40.76	6.64
5	13	2883	63.58	4534	3394	0.41	5958	0	0	0.01	4.44	32.23
6	6	1982	43.62	4544	3394	0.37	6406	1	0	0.02	3.83	52.84	6.73
6	14	3807	83.61	4553	3394	0.44	3891	0	0	0.00	1.92	14.58
7	7	2792	61.40	4547	3394	0.41	4885	0	0	0.01	3.66	35.14	6.71
7	15	2958	65.07	4546	3394	0.40	6058	0	0	0.03	4.17	31.03
Core	CPU	Avg_MHz	Busy%	Bzy_MHz	TSC_MHz	IPC	IRQ	NMI	SMI	POLL%	C1%	C2%	CorWatt	PkgWatt
-	-	2926	64.61	4529	3394	0.42	80131	3	0	0.01	2.71	32.88	54.14	72.87
0	0	3009	66.39	4533	3394	0.41	5335	0	0	0.00	3.13	30.69	6.61	72.78
0	8	2594	57.35	4523	3394	0.39	6767	0	0	0.01	4.82	38.13
1	1	4114	90.17	4562	3394	0.45	2692	0	0	0.00	0.61	9.26	7.83
1	9	4300	94.25	4562	3394	0.47	2713	0	0	0.00	0.24	5.55
2	2	2688	60.84	4419	3394	0.42	5176	0	0	0.01	2.35	37.00	6.22
2	10	1966	44.58	4409	3394	0.38	6982	0	0	0.02	6.48	49.27
3	3	2634	58.05	4537	3394	0.41	4916	0	0	0.02	3.03	39.10	6.64
3	11	2812	61.96	4538	3394	0.41	5064	0	0	0.00	1.53	36.70
4	4	3118	68.82	4530	3394	0.47	4929	0	0	0.01	3.62	27.76	6.76
4	12	2355	52.07	4522	3394	0.38	6180	1	0	0.02	2.69	45.51
5	5	2851	63.15	4515	3394	0.43	4543	0	0	0.01	1.89	35.12	6.75
5	13	2863	63.16	4532	3394	0.42	5101	1	0	0.00	1.88	35.15
6	6	2322	51.17	4537	3394	0.39	4661	0	0	0.01	1.82	47.19	6.65
6	14	3403	74.77	4551	3394	0.43	4331	1	0	0.01	2.04	23.33
7	7	3105	68.21	4552	3394	0.42	4835	0	0	0.01	3.66	28.34	6.67
7	15	2675	58.79	4550	3394	0.41	5906	0	0	0.01	3.61	37.84
Core	CPU	Avg_MHz	Busy%	Bzy_MHz	TSC_MHz	IPC	IRQ	NMI	SMI	POLL%	C1%	C2%	CorWatt	PkgWatt
-	-	2873	63.39	4532	3394	0.42	82758	1	0	0.01	2.65	34.16	54.37	73.14
0	0	2730	60.23	4534	3394	0.40	5627	0	0	0.01	2.62	37.37	6.68	73.15
0	8	2842	62.80	4526	3394	0.40	5733	1	0	0.02	1.74	35.68
1	1	4050	88.70	4565	3394	0.42	3062	0	0	0.00	0.63	10.73	7.97
1	9	4509	98.78	4565	3394	0.50	2340	0	0	0.00	0.02	1.21
2	2	2924	65.93	4434	3394	0.50	4582	0	0	0.01	2.39	31.82	6.28
2	10	1452	33.10	4386	3394	0.36	6448	0	0	0.02	1.68	65.49
3	3	2820	62.26	4529	3394	0.42	4751	0	0	0.01	1.52	36.37	6.61
3	11	2389	52.81	4523	3394	0.40	5868	0	0	0.01	4.10	43.35
4	4	2516	55.42	4540	3394	0.40	5775	0	0	0.02	2.99	41.83	6.77
4	12	2961	65.20	4542	3394	0.42	5296	0	0	0.02	5.09	29.94
5	5	2850	62.68	4547	3394	0.42	4997	0	0	0.01	3.10	34.43	6.76
5	13	2703	59.53	4542	3394	0.40	6086	0	0	0.01	3.29	37.43
6	6	2423	53.47	4531	3394	0.39	6481	0	0	0.01	3.37	43.43	6.71
6	14	3281	72.18	4545	3394	0.43	4299	0	0	0.01	2.25	25.72
7	7	2600	57.18	4548	3394	0.40	6155	0	0	0.01	3.81	39.27	6.59
7	15	2912	63.97	4552	3394	0.41	5258	0	0	0.01	3.85	32.40
Core	CPU	Avg_MHz	Busy%	Bzy_MHz	TSC_MHz	IPC	IRQ	NMI	SMI	POLL%	C1%	C2%	CorWatt	PkgWatt
-	-	2878	63.60	4525	3393	0.42	82864	7	0	0.01	2.80	33.79	54.39	73.11
0	0	3160	69.50	4548	3394	0.42	4840	1	0	0.01	1.82	28.85	6.68	73.11
0	8	2539	55.82	4548	3394	0.40	5273	0	0	0.01	2.42	41.96
1	1	4219	92.42	4565	3394	0.43	2342	1	0	0.00	0.14	7.45	8.06
1	9	4564	99.99	4565	3394	0.50	2231	1	0	0.00	0.02	0.00
2	2	2213	50.21	4407	3394	0.43	5853	0	0	0.02	3.68	46.34	6.17
2	10	1947	44.52	4373	3394	0.40	6558	0	0	0.02	6.39	49.40
3	3	3416	75.31	4537	3394	0.44	4131	1	0	0.00	1.08	23.71	6.60
3	11	1886	41.85	4507	3394	0.37	5829	1	0	0.02	2.71	55.69
4	4	2388	52.74	4528	3394	0.40	6077	0	0	0.01	1.96	45.54	6.63
4	12	2908	64.35	4518	3394	0.42	4969	0	0	0.01	3.85	32.00
5	5	2667	58.62	4550	3394	0.40	5593	1	0	0.01	2.48	39.13	6.94
5	13	3206	70.44	4552	3394	0.42	4739	0	0	0.01	2.24	27.49
6	6	2114	46.54	4542	3394	0.37	7906	0	0	0.02	6.02	47.83	6.73
6	14	3484	76.66	4545	3394	0.43	4961	0	0	0.00	3.32	20.21
7	7	2646	58.75	4503	3394	0.40	5705	1	0	0.02	2.94	38.55	6.59
7	15	2699	59.94	4503	3394	0.40	5857	0	0	0.01	3.80	36.51
Core	CPU	Avg_MHz	Busy%	Bzy_MHz	TSC_MHz	IPC	IRQ	NMI	SMI	POLL%	C1%	C2%	CorWatt	PkgWatt
-	-	2888	63.76	4529	3392	0.42	81552	1	0	0.01	2.80	33.62	54.30	72.98
0	0	2889	63.68	4537	3394	0.41	5900	0	0	0.02	3.73	32.83	6.67	73.05
0	8	2698	59.36	4546	3394	0.40	5253	0	0	0.01	1.53	39.32
1	1	3920	85.89	4564	3394	0.42	3580	0	0	0.01	1.79	12.42	7.95
1	9	4563	99.99	4563	3394	0.50	2229	0	0	0.00	0.01	0.00
2	2	2578	58.44	4411	3394	0.44	5968	0	0	0.01	4.28	37.52	6.25
2	10	1856	41.98	4422	3394	0.38	5917	1	0	0.01	5.59	52.72
3	3	3115	68.67	4537	3394	0.42	4430	0	0	0.01	1.21	30.25	6.73
3	11	2533	56.03	4521	3394	0.40	5317	0	0	0.01	2.53	41.64
4	4	2652	58.40	4541	3394	0.41	5274	0	0	0.01	2.62	39.19	6.76
4	12	2945	64.71	4551	3394	0.42	4765	0	0	0.01	1.43	34.02
5	5	2677	58.96	4541	3394	0.41	5238	0	0	0.01	3.98	37.30	6.84
5	13	3027	66.58	4546	3394	0.42	5571	0	0	0.01	3.38	30.27
6	6	2122	46.81	4534	3394	0.37	6030	0	0	0.01	2.19	51.27	6.67
6	14	3447	75.84	4546	3394	0.43	4381	0	0	0.01	3.06	21.27
7	7	2283	50.51	4520	3394	0.39	5452	0	0	0.02	2.41	47.30	6.45
7	15	2912	64.32	4528	3394	0.41	6247	0	0	0.01	5.16	30.79
Core	CPU	Avg_MHz	Busy%	Bzy_MHz	TSC_MHz	IPC	IRQ	NMI	SMI	POLL%	C1%	C2%	CorWatt	PkgWatt
-	-	2869	63.45	4522	3395	0.42	81831	3	0	0.01	2.58	34.18	54.08	72.86
0	0	2776	61.52	4513	3394	0.42	5003	0	0	0.01	1.72	36.94	6.39	72.80
0	8	2357	52.43	4495	3394	0.40	5990	0	0	0.01	3.04	44.77
1	1	3999	87.67	4562	3394	0.42	3113	0	0	0.01	0.66	11.74	7.97
1	9	4561	99.99	4561	3394	0.50	2236	0	0	0.00	0.02	0.00
2	2	2252	50.98	4418	3394	0.40	6268	1	0	0.01	3.65	45.64	6.28
2	10	2434	54.95	4430	3394	0.41	5191	0	0	0.01	2.97	42.28
3	3	2854	62.86	4539	3394	0.43	5462	0	0	0.01	2.09	35.22	6.90
3	11	2903	64.10	4529	3394	0.40	6663	0	0	0.01	4.65	31.53
4	4	2808	62.21	4514	3394	0.42	4842	1	0	0.01	2.47	35.50	6.63
4	12	2437	54.11	4504	3394	0.43	5965	0	0	0.01	4.43	41.71
5	5	2529	55.84	4528	3394	0.41	5029	0	0	0.01	1.23	43.11	6.59
5	13	2848	62.93	4526	3394	0.42	4898	0	0	0.00	2.05	35.20
6	6	2689	59.38	4529	3394	0.41	5042	0	0	0.01	2.37	38.46	6.70
6	14	2923	64.45	4535	3394	0.42	4832	0	0	0.01	2.28	33.45
7	7	2800	62.05	4513	3394	0.41	5592	0	0	0.02	3.74	34.44	6.57
7	15	2708	59.62	4541	3394	0.41	5705	1	0	0.02	3.97	36.65
Core	CPU	Avg_MHz	Busy%	Bzy_MHz	TSC_MHz	IPC	IRQ	NMI	SMI	POLL%	C1%	C2%	CorWatt	PkgWatt
-	-	2875	63.58	4522	3392	0.42	81620	1	0	0.01	2.47	34.13	53.84	72.70
0	0	3100	68.28	4540	3394	0.41	5308	0	0	0.01	2.74	29.19	6.80	72.75
0	8	2782	61.40	4532	3394	0.40	5947	0	0	0.02	3.79	35.06
1	1	3282	72.00	4558	3394	0.41	3901	0	0	0.01	0.51	27.61	7.64
1	9	4556	99.99	4556	3394	0.51	2236	0	0	0.00	0.01	0.00
2	2	2534	56.93	4451	3394	0.41	6067	0	0	0.01	4.60	38.73	6.49
2	10	2440	54.61	4469	3394	0.40	6614	0	0	0.02	7.34	38.36
3	3	3285	72.42	4535	3394	0.43	4234	0	0	0.00	1.33	26.36	6.65
3	11	2215	48.88	4532	3394	0.38	6203	0	0	0.01	2.23	49.14
4	4	2552	56.56	4512	3394	0.40	4426	0	0	0.01	2.50	41.11	6.70
4	12	2937	65.14	4510	3394	0.44	5559	0	0	0.01	2.72	32.35
5	5	2801	61.79	4534	3394	0.42	5062	0	0	0.01	1.85	36.55	6.62
5	13	2653	58.51	4534	3394	0.41	5290	0	0	0.02	2.51	39.19
6	6	2816	62.48	4507	3394	0.41	5517	0	0	0.01	2.11	35.61	6.44
6	14	2434	53.96	4510	3394	0.42	5371	1	0	0.01	1.61	44.63
7	7	2699	59.65	4524	3394	0.41	4736	0	0	0.00	1.09	39.43	6.52
7	15	2936	64.76	4534	3394	0.41	5149	0	0	0.00	2.54	32.89
Core	CPU	Avg_MHz	Busy%	Bzy_MHz	TSC_MHz	IPC	IRQ	NMI	SMI	POLL%	C1%	C2%	CorWatt	PkgWatt
-	-	2896	64.03	4524	3395	0.43	76580	4	0	0.01	2.62	33.55	53.92	72.90
0	0	3117	68.82	4529	3394	0.42	5092	0	0	0.01	2.28	29.08	6.57	72.85
0	8	2461	54.30	4532	3394	0.40	5244	0	0	0.01	2.66	43.25
1	1	3886	85.26	4557	3394	0.42	2968	0	0	0.00	0.31	14.48	7.85
1	9	4556	99.99	4557	3394	0.50	2232	1	0	0.00	0.01	0.00
2	2	2194	49.85	4402	3394	0.41	5397	0	0	0.01	5.07	45.32	6.15
2	10	2222	50.41	4408	3394	0.41	6291	0	0	0.02	8.82	41.10
3	3	3098	68.40	4529	3394	0.41	4999	0	0	0.01	2.19	29.58	6.82
3	11	2629	58.02	4530	3394	0.42	5598	0	0	0.00	3.64	38.56
4	4	2570	56.62	4539	3394	0.42	4091	0	0	0.01	1.16	42.37	6.55
4	12	2825	62.26	4538	3394	0.42	5310	1	0	0.01	3.32	34.63
5	5	2936	64.74	4536	3394	0.53	5158	0	0	0.01	2.63	32.84	6.90
5	13	2695	59.33	4542	3394	0.41	5122	1	0	0.01	2.08	38.78
6	6	2831	62.58	4524	3394	0.41	4797	1	0	0.01	2.23	35.38	6.57
6	14	2712	59.97	4522	3394	0.41	4740	0	0	0.01	1.97	38.24
7	7	3534	78.20	4519	3394	0.43	3621	0	0	0.00	1.12	20.78	6.48
7	15	2058	45.68	4505	3394	0.36	5920	0	0	0.02	2.40	52.18
Core	CPU	Avg_MHz	Busy%	Bzy_MHz	TSC_MHz	IPC	IRQ	NMI	SMI	POLL%	C1%	C2%	CorWatt	PkgWatt
-	-	2866	63.43	4518	3394	0.42	84378	1	0	0.01	3.02	33.75	54.40	73.27
0	0	3120	68.76	4537	3394	0.42	5881	0	0	0.01	4.18	27.30	6.85	73.28
0	8	2692	59.26	4542	3394	0.40	6141	0	0	0.01	3.16	37.84
1	1	4193	91.91	4562	3394	0.43	2495	1	0	0.00	0.61	7.50	8.09
1	9	4561	99.99	4562	3394	0.50	2234	0	0	0.00	0.01	0.00
2	2	2330	53.27	4373	3394	0.44	5779	0	0	0.02	4.33	42.63	6.03
2	10	1786	41.05	4352	3394	0.39	6851	0	0	0.01	4.43	54.80
3	3	2725	60.91	4473	3394	0.43	5315	0	0	0.01	2.71	36.56	6.36
3	11	2040	45.61	4472	3394	0.41	5773	0	0	0.01	2.82	51.80
4	4	2449	54.20	4519	3394	0.39	5786	0	0	0.01	2.10	43.93	6.71
4	12	2967	65.62	4522	3394	0.41	4843	0	0	0.01	2.00	32.55
5	5	2815	61.90	4547	3394	0.42	4828	0	0	0.01	1.81	36.47	6.89
5	13	2942	64.64	4551	3394	0.41	5522	0	0	0.01	3.51	32.07
6	6	2683	59.46	4513	3394	0.41	5089	0	0	0.01	1.57	39.15	6.51
6	14	2551	56.47	4517	3394	0.41	5759	0	0	0.02	5.06	38.74
7	7	3066	67.32	4554	3394	0.42	5140	0	0	0.00	2.93	29.95	6.96
7	15	2936	64.50	4552	3394	0.41	6942	0	0	0.01	7.15	28.67
Core	CPU	Avg_MHz	Busy%	Bzy_MHz	TSC_MHz	IPC	IRQ	NMI	SMI	POLL%	C1%	C2%	CorWatt	PkgWatt
-	-	2892	63.98	4521	3393	0.43	82693	5	0	0.01	2.83	33.37	54.43	73.33
0	0	2633	57.94	4544	3394	0.40	5814	1	0	0.01	1.60	40.68	6.76	73.36
0	8	3172	69.81	4544	3394	0.41	5391	1	0	0.01	2.89	27.50
1	1	4178	91.73	4555	3394	0.43	3070	0	0	0.00	0.75	7.57	7.98
1	9	4403	96.66	4555	3394	0.49	3048	0	0	0.00	0.34	3.03
2	2	3126	70.13	4458	3394	0.52	4643	0	0	0.01	4.25	25.79	6.41
2	10	1541	35.14	4385	3394	0.35	6877	0	0	0.02	3.76	61.41
3	3	2548	56.70	4494	3394	0.40	6042	1	0	0.01	2.02	41.49	6.68
3	11	2851	63.12	4516	3394	0.42	4999	0	0	0.01	3.75	33.34
4	4	2584	57.30	4511	3394	0.43	5442	0	0	0.01	2.49	40.43	6.65
4	12	2698	60.00	4497	3394	0.41	5644	0	0	0.01	3.13	37.08
5	5	2935	64.78	4531	3394	0.42	4795	1	0	0.00	2.74	32.67	6.63
5	13	2493	55.09	4525	3394	0.40	5641	0	0	0.01	3.09	42.05
6	6	2842	62.78	4527	3394	0.43	5898	0	0	0.00	6.33	31.21	6.77
6	14	2724	60.06	4535	3394	0.40	5518	0	0	0.01	3.88	36.29
7	7	2620	57.68	4542	3394	0.42	4473	1	0	0.01	1.67	40.81	6.56
7	15	2943	64.77	4543	3394	0.42	5398	0	0	0.01	2.65	32.78
Core	CPU	Avg_MHz	Busy%	Bzy_MHz	TSC_MHz	IPC	IRQ	NMI	SMI	POLL%	C1%	C2%	CorWatt	PkgWatt
-	-	3223	71.38	4515	3393	0.38	78739	2	0	0.01	2.18	26.58	54.66	74.12
0	0	2988	66.26	4510	3394	0.36	5466	0	0	0.01	2.74	31.18	6.56	74.16
0	8	2963	65.61	4517	3394	0.37	5228	0	0	0.01	2.94	31.59
1	1	4093	90.07	4544	3394	0.43	3139	0	0	0.00	0.40	9.57	7.56
1	9	4158	91.49	4545	3394	0.43	3682	1	0	0.00	0.36	8.19
2	2	4050	89.37	4532	3394	0.40	4304	0	0	0.01	1.54	9.16	7.21
2	10	2867	63.30	4529	3394	0.34	6236	0	0	0.02	2.66	34.27
3	3	2651	59.27	4472	3394	0.33	6041	0	0	0.01	2.23	38.69	6.55
3	11	3081	68.78	4479	3394	0.39	5138	1	0	0.00	2.84	28.55
4	4	2894	64.28	4503	3394	0.35	5144	0	0	0.01	2.20	33.65	6.66
4	12	3026	67.17	4506	3394	0.36	5041	0	0	0.02	2.21	30.79
5	5	2848	63.03	4518	3394	0.37	5459	0	0	0.02	2.21	34.88	6.76
5	13	3428	75.76	4525	3394	0.40	3938	0	0	0.00	1.10	23.25
6	6	3213	71.31	4506	3394	0.37	5231	0	0	0.01	3.74	25.14	6.66
6	14	3088	68.40	4514	3394	0.38	4892	0	0	0.01	2.87	28.91
7	7	3529	78.16	4515	3394	0.39	4309	0	0	0.01	2.36	19.62	6.71
7	15	2693	59.75	4508	3394	0.36	5491	0	0	0.01	2.53	37.91
Core	CPU	Avg_MHz	Busy%	Bzy_MHz	TSC_MHz	IPC	IRQ	NMI	SMI	POLL%	C1%	C2%	CorWatt	PkgWatt
-	-	2995	66.21	4523	3394	0.40	78000	1	0	0.01	2.40	31.55	53.53	72.74
0	0	3366	74.19	4537	3394	0.43	4743	0	0	0.01	3.47	22.51	6.96	72.70
0	8	3165	69.78	4535	3394	0.40	4395	0	0	0.01	1.91	28.45
1	1	4079	89.66	4550	3394	0.47	2974	0	0	0.00	0.76	9.64	7.23
1	9	3153	69.30	4550	3394	0.39	4655	0	0	0.01	1.94	28.91
2	2	3541	78.56	4508	3394	0.42	4696	1	0	0.01	1.83	19.72	6.53
2	10	1935	42.99	4501	3394	0.32	6427	0	0	0.02	2.19	55.08
3	3	2430	54.44	4463	3394	0.37	5975	0	0	0.01	2.28	43.47	6.34
3	11	2810	62.71	4481	3394	0.39	5120	0	0	0.01	2.01	35.46
4	4	2592	57.56	4503	3394	0.37	5005	0	0	0.02	2.32	40.27	6.63
4	12	3031	67.31	4503	3394	0.40	4834	0	0	0.01	2.86	30.01
5	5	2849	63.01	4521	3394	0.39	5079	0	0	0.01	3.20	33.99	6.61
5	13	2950	65.15	4528	3394	0.39	5424	0	0	0.01	4.44	30.59
6	6	2898	63.99	4529	3394	0.40	4089	0	0	0.01	1.92	34.14	6.60
6	14	2971	65.51	4535	3394	0.38	5143	0	0	0.01	2.06	32.62
7	7	3113	68.68	4533	3394	0.41	4326	0	0	0.00	1.34	30.13	6.64
7	15	3022	66.60	4538	3394	0.39	5115	0	0	0.02	3.92	29.70
Core	CPU	Avg_MHz	Busy%	Bzy_MHz	TSC_MHz	IPC	IRQ	NMI	SMI	POLL%	C1%	C2%	CorWatt	PkgWatt
-	-	3267	72.28	4520	3394	0.37	70802	5	0	0.00	0.68	27.13	53.37	73.10
0	0	3740	82.53	4532	3394	0.37	4287	0	0	0.00	0.29	17.23	6.75	73.11
0	8	3072	67.76	4533	3394	0.36	5106	0	0	0.01	0.58	31.76
1	1	3813	84.03	4537	3394	0.39	3401	1	0	0.01	0.37	15.67	7.22
1	9	4208	92.73	4538	3394	0.43	3213	0	0	0.00	0.12	7.17
2	2	3112	69.00	4511	3394	0.37	4734	0	0	0.00	0.65	30.45	6.71
2	10	3532	78.16	4518	3394	0.37	3495	1	0	0.00	0.54	21.37
3	3	3290	72.94	4511	3394	0.35	6512	0	0	0.01	1.32	25.86	6.53
3	11	2929	64.90	4514	3394	0.36	4150	0	0	0.01	0.43	34.77
4	4	3101	68.73	4512	3394	0.37	3465	1	0	0.00	1.31	30.07	6.53
4	12	2838	62.80	4519	3394	0.35	5934	0	0	0.01	0.92	36.41
5	5	3883	85.69	4532	3394	0.38	4566	0	0	0.00	0.65	13.64	6.77
5	13	2748	60.69	4529	3394	0.34	4177	0	0	0.00	0.58	38.86
6	6	3206	71.46	4487	3394	0.40	4988	0	0	0.00	0.74	27.88	6.24
6	14	2558	57.24	4469	3394	0.34	4345	1	0	0.00	0.80	42.07
7	7	3519	77.69	4529	3394	0.37	3633	0	0	0.00	0.77	21.62	6.63
7	15	2722	60.20	4521	3394	0.35	4796	1	0	0.01	0.74	39.17
Core	CPU	Avg_MHz	Busy%	Bzy_MHz	TSC_MHz	IPC	IRQ	NMI	SMI	POLL%	C1%	C2%	CorWatt	PkgWatt
-	-	3157	70.01	4510	3388	0.38	70937	3	0	0.01	2.63	27.46	53.60	72.59
0	0	3544	78.19	4533	3394	0.39	3583	0	0	0.00	1.05	20.85	6.78	72.72
0	8	3031	66.91	4530	3394	0.38	4432	0	0	0.01	3.92	29.37
1	1	3120	68.84	4532	3394	0.38	3971	0	0	0.02	2.84	28.48	6.61
1	9	3234	71.26	4538	3394	0.37	5973	0	0	0.01	3.01	25.90
2	2	3003	67.17	4470	3394	0.37	4701	0	0	0.01	3.93	29.08	6.50
2	10	2727	61.07	4466	3394	0.37	4250	0	0	0.01	2.83	36.26
3	3	2626	58.82	4465	3394	0.37	6954	0	0	0.01	3.52	37.87	6.40
3	11	2817	62.76	4489	3394	0.36	4303	0	0	0.01	3.62	33.82
4	4	2739	60.56	4523	3394	0.36	4604	0	0	0.01	2.68	36.94	7.01
4	12	4002	88.33	4531	3394	0.43	2999	1	0	0.00	1.18	10.55
5	5	3526	77.71	4537	3394	0.41	3568	0	0	0.01	1.84	20.55	6.80
5	13	2927	64.52	4537	3394	0.36	4538	1	0	0.00	3.04	32.57
6	6	3072	67.84	4528	3394	0.37	5257	1	0	0.00	2.36	29.94	6.75
6	14	3394	74.96	4528	3394	0.39	4080	0	0	0.01	3.13	22.03
7	7	3158	69.83	4522	3394	0.41	4142	0	0	0.01	1.78	28.52	6.85
7	15	3677	81.32	4521	3394	0.38	3582	0	0	0.00	1.39	17.37
Core	CPU	Avg_MHz	Busy%	Bzy_MHz	TSC_MHz	IPC	IRQ	NMI	SMI	POLL%	C1%	C2%	CorWatt	PkgWatt
-	-	3094	68.40	4523	3400	0.40	69025	4	0	0.01	3.78	28.07	54.16	72.95
0	0	2614	57.72	4529	3394	0.38	4805	1	0	0.01	2.92	39.57	6.83	72.78
0	8	3742	82.58	4531	3394	0.42	3566	1	0	0.00	2.59	14.95
1	1	3200	70.60	4532	3394	0.41	3824	0	0	0.00	2.26	27.28	6.86
1	9	3513	77.52	4531	3394	0.40	4140	0	0	0.01	3.60	19.01
2	2	3439	76.30	4507	3394	0.41	4155	0	0	0.01	2.70	21.13	6.84
2	10	2780	61.61	4513	3394	0.39	4264	0	0	0.01	2.94	35.61
3	3	3341	74.27	4498	3394	0.43	4578	0	0	0.01	3.06	22.81	6.54
3	11	2290	51.10	4483	3394	0.38	4929	0	0	0.01	3.61	45.52
4	4	2597	57.38	4525	3394	0.39	4440	0	0	0.02	3.36	39.47	7.04
4	12	3821	84.30	4533	3394	0.44	3459	0	0	0.01	2.02	13.78
5	5	3318	73.32	4526	3394	0.42	4391	1	0	0.01	3.98	22.88	6.86
5	13	3226	71.22	4530	3394	0.37	4536	0	0	0.02	4.32	24.65
6	6	2718	60.73	4476	3394	0.38	4272	0	0	0.01	7.23	32.35	6.37
6	14	2589	57.95	4468	3394	0.39	5365	0	0	0.02	7.48	34.87
7	7	3013	66.84	4508	3394	0.40	4532	1	0	0.01	4.74	28.64	6.70
7	15	3204	70.96	4516	3394	0.40	3769	0	0	0.00	3.50	25.70
Core	CPU	Avg_MHz	Busy%	Bzy_MHz	TSC_MHz	IPC	IRQ	NMI	SMI	POLL%	C1%	C2%	CorWatt	PkgWatt
-	-	3134	69.49	4510	3392	0.40	73329	2	0	0.01	4.14	26.53	54.99	73.66
0	0	3113	68.84	4521	3394	0.40	4552	0	0	0.01	3.32	28.02	6.79	73.74
0	8	3151	69.68	4522	3394	0.39	4493	0	0	0.01	3.06	27.43
1	1	3389	74.67	4539	3394	0.43	4061	0	0	0.01	1.79	23.66	7.17
1	9	3814	84.06	4538	3394	0.41	3963	1	0	0.01	3.21	12.87
2	2	3545	79.12	4480	3394	0.40	4087	0	0	0.01	3.38	17.62	6.84
2	10	2555	57.06	4478	3394	0.37	5069	0	0	0.00	5.57	37.59
3	3	2426	54.53	4449	3394	0.37	6125	1	0	0.02	6.29	39.43	6.50
3	11	3019	67.53	4470	3394	0.40	4595	0	0	0.00	4.96	27.71
4	4	3456	76.16	4538	3394	0.41	4170	0	0	0.01	3.78	20.24	7.22
4	12	3234	71.30	4536	3394	0.43	4186	0	0	0.00	3.43	25.44
5	5	3362	74.10	4537	3394	0.42	3871	0	0	0.01	4.86	21.24	7.06
5	13	3290	72.52	4537	3394	0.39	5004	0	0	0.01	4.18	23.49
6	6	3338	74.11	4504	3394	0.40	4163	0	0	0.01	4.17	21.89	6.66
6	14	2522	56.20	4488	3394	0.38	4898	0	0	0.01	5.70	38.33
7	7	2892	64.13	4510	3394	0.41	4551	0	0	0.00	4.35	31.72	6.77
7	15	3068	67.87	4520	3394	0.42	5541	0	0	0.01	4.26	28.09
Core	CPU	Avg_MHz	Busy%	Bzy_MHz	TSC_MHz	IPC	IRQ	NMI	SMI	POLL%	C1%	C2%	CorWatt	PkgWatt
-	-	3149	69.75	4515	3395	0.42	79731	2	0	0.01	5.89	24.61	56.91	74.96
0	0	2782	61.43	4530	3394	0.39	6023	0	0	0.02	8.20	30.72	7.14	74.90
0	8	3531	77.86	4535	3394	0.42	4631	0	0	0.01	5.51	16.86
1	1	4276	94.09	4545	3394	0.42	2816	0	0	0.00	1.69	4.28	8.05
1	9	4366	96.05	4546	3394	0.48	2673	0	0	0.00	0.90	3.09
2	2	2886	65.02	4438	3394	0.41	5405	1	0	0.02	6.88	28.35	6.59
2	10	2287	51.58	4434	3394	0.38	6384	0	0	0.03	8.13	40.63
3	3	2966	66.33	4471	3394	0.39	5398	0	0	0.01	5.92	27.96	6.87
3	11	2626	58.67	4475	3394	0.40	6072	1	0	0.01	9.41	32.28
4	4	3147	69.37	4537	3394	0.43	5182	0	0	0.01	6.00	24.89	7.17
4	12	3051	67.23	4538	3394	0.40	5151	0	0	0.01	5.30	27.72
5	5	3717	82.15	4525	3394	0.43	3711	0	0	0.01	3.54	14.45	7.14
5	13	2665	58.87	4527	3394	0.38	5993	0	0	0.01	6.83	34.63
6	6	2789	62.19	4485	3394	0.39	5080	0	0	0.01	8.23	29.91	6.70
6	14	2910	64.77	4494	3394	0.40	5120	0	0	0.01	6.35	29.14
7	7	3372	74.45	4529	3394	0.42	4614	0	0	0.01	4.65	21.11	7.22
7	15	2991	65.99	4532	3394	0.46	5478	0	0	0.01	6.68	27.62
Core	CPU	Avg_MHz	Busy%	Bzy_MHz	TSC_MHz	IPC	IRQ	NMI	SMI	POLL%	C1%	C2%	CorWatt	PkgWatt
-	-	3100	68.62	4517	3394	0.40	71570	3	0	0.01	3.87	27.70	54.83	73.40
0	0	3291	72.94	4512	3394	0.39	4840	0	0	0.01	4.46	22.80	6.83	73.39
0	8	2745	61.00	4500	3394	0.39	4751	0	0	0.02	4.21	35.00
1	1	3791	83.65	4532	3394	0.43	3554	1	0	0.01	2.16	14.29	6.90
1	9	2835	62.56	4532	3394	0.39	4359	0	0	0.00	2.50	35.09
2	2	3212	71.46	4495	3394	0.40	4614	0	0	0.01	4.03	24.69	6.77
2	10	2662	59.15	4500	3394	0.38	4820	0	0	0.00	4.49	36.57
3	3	2947	65.31	4513	3394	0.39	5110	0	0	0.01	3.98	30.91	6.87
3	11	3226	71.49	4512	3394	0.42	4278	0	0	0.00	3.99	24.71
4	4	2442	53.94	4527	3394	0.37	4978	1	0	0.01	4.70	41.60	7.12
4	12	4161	91.84	4531	3394	0.44	2821	0	0	0.00	1.18	7.04
5	5	3134	69.22	4528	3394	0.40	4413	0	0	0.01	4.75	26.25	6.88
5	13	3150	69.56	4529	3394	0.39	4407	0	0	0.01	4.85	25.82
6	6	2214	49.37	4483	3394	0.36	5324	0	0	0.01	6.12	44.81	6.55
6	14	3179	70.67	4499	3394	0.40	5163	0	0	0.02	4.66	24.87
7	7	3285	72.55	4528	3394	0.41	4179	0	0	0.01	3.36	24.26	6.92
7	15	3317	73.18	4533	3394	0.40	3959	1	0	0.01	2.40	24.56
Core	CPU	Avg_MHz	Busy%	Bzy_MHz	TSC_MHz	IPC	IRQ	NMI	SMI	POLL%	C1%	C2%	CorWatt	PkgWatt
-	-	3198	70.92	4509	3393	0.38	75511	3	0	0.01	3.38	25.88	54.52	73.65
0	0	3114	69.10	4506	3394	0.36	4402	0	0	0.01	2.38	28.67	6.66	73.66
0	8	3211	71.18	4511	3394	0.37	4614	0	0	0.02	3.39	25.61
1	1	3515	77.70	4523	3394	0.40	4123	0	0	0.00	3.22	19.23	6.74
1	9	2937	64.90	4526	3394	0.33	5472	0	0	0.01	3.44	31.86
2	2	3368	75.14	4482	3394	0.38	4818	0	0	0.01	3.41	21.61	6.75
2	10	2635	58.95	4470	3394	0.34	5543	1	0	0.01	4.47	36.78
3	3	2668	60.02	4445	3394	0.34	6180	0	0	0.00	4.69	35.54	6.48
3	11	2833	63.56	4456	3394	0.43	5266	0	0	0.01	4.41	32.24
4	4	3448	75.99	4538	3394	0.38	4242	0	0	0.01	2.75	21.42	7.21
4	12	3565	78.50	4541	3394	0.41	3878	1	0	0.01	2.35	19.28
5	5	3248	71.78	4525	3394	0.39	4499	0	0	0.01	3.83	24.58	6.88
5	13	3205	70.78	4528	3394	0.37	4819	0	0	0.02	3.70	25.72
6	6	3545	78.81	4499	3394	0.39	4053	0	0	0.00	3.56	17.78	6.62
6	14	2532	56.40	4490	3394	0.31	5692	1	0	0.01	4.32	39.55
7	7	3558	78.37	4541	3394	0.41	4116	0	0	0.02	2.11	19.66	7.19
7	15	3790	83.48	4540	3394	0.39	3794	0	0	0.01	2.01	14.60
Core	CPU	Avg_MHz	Busy%	Bzy_MHz	TSC_MHz	IPC	IRQ	NMI	SMI	POLL%	C1%	C2%	CorWatt	PkgWatt
-	-	3047	67.46	4517	3394	0.39	64036	5	0	0.01	1.87	30.80	52.56	72.23
0	0	2860	63.55	4501	3394	0.37	3911	0	0	0.01	1.49	35.09	6.38	72.20
0	8	3019	67.03	4504	3394	0.39	4210	1	0	0.01	2.76	30.36
1	1	3217	70.87	4539	3394	0.40	3783	0	0	0.01	1.64	27.61	6.94
1	9	3732	82.20	4540	3394	0.42	3741	0	0	0.00	1.00	16.86
2	2	2870	64.34	4460	3394	0.36	4742	0	0	0.00	2.66	33.14	6.28
2	10	2542	57.16	4447	3394	0.36	4885	0	0	0.01	2.92	40.07
3	3	3127	69.50	4499	3394	0.38	4288	0	0	0.01	1.65	28.97	6.39
3	11	2514	55.85	4502	3394	0.37	4462	0	0	0.01	2.45	41.87
4	4	2897	63.97	4529	3394	0.37	3826	0	0	0.01	1.67	34.48	6.64
4	12	3245	71.60	4533	3394	0.38	3860	0	0	0.00	1.81	26.71
5	5	3485	76.77	4540	3394	0.40	2938	1	0	0.00	0.54	22.76	7.11
5	13	3697	81.43	4540	3394	0.44	3096	1	0	0.01	0.99	17.65
6	6	2790	61.91	4507	3394	0.38	3766	1	0	0.01	1.78	36.44	6.30
6	14	2787	61.82	4509	3394	0.37	4424	0	0	0.01	3.27	35.10
7	7	3798	83.69	4538	3394	0.41	3118	1	0	0.00	1.10	15.28	6.52
7	15	2161	47.66	4535	3394	0.33	4986	0	0	0.01	2.22	50.31
Core	CPU	Avg_MHz	Busy%	Bzy_MHz	TSC_MHz	IPC	IRQ	NMI	SMI	POLL%	C1%	C2%	CorWatt	PkgWatt
-	-	2936	65.00	4518	3391	0.39	56591	2	0	0.01	0.69	34.38	51.87	71.99
0	0	2711	59.81	4532	3394	0.38	3508	1	0	0.01	0.66	39.64	6.29	72.10
0	8	2996	66.03	4538	3394	0.39	2993	0	0	0.00	0.43	33.62
1	1	3315	73.09	4536	3394	0.40	3117	0	0	0.01	0.60	26.38	6.40
1	9	2531	55.78	4538	3394	0.37	4274	1	0	0.01	0.62	43.72
2	2	3052	68.44	4459	3394	0.40	4043	0	0	0.01	1.09	30.57	6.02
2	10	1718	38.72	4437	3394	0.33	4648	0	0	0.01	0.96	60.47
3	3	2711	60.64	4471	3394	0.37	3889	0	0	0.01	0.95	38.51	5.98
3	11	2355	52.82	4458	3394	0.37	4227	0	0	0.01	1.35	45.97
4	4	2569	56.72	4530	3394	0.38	3511	0	0	0.00	0.51	42.88	6.58
4	12	3285	72.57	4527	3394	0.40	3421	0	0	0.01	0.54	26.98
5	5	3071	67.48	4551	3394	0.38	3192	0	0	0.00	0.46	32.14	7.37
5	13	4379	96.25	4550	3394	0.46	2349	0	0	0.00	0.18	3.58
6	6	2109	46.58	4528	3394	0.34	4019	0	0	0.01	0.83	52.72	6.45
6	14	3696	81.54	4532	3394	0.42	2991	0	0	0.01	0.62	17.90
7	7	3686	81.07	4547	3394	0.43	3055	0	0	0.00	0.47	18.51	6.83
7	15	2837	62.42	4545	3394	0.38	3354	0	0	0.00	0.74	36.94
Core	CPU	Avg_MHz	Busy%	Bzy_MHz	TSC_MHz	IPC	IRQ	NMI	SMI	POLL%	C1%	C2%	CorWatt	PkgWatt
-	-	2907	64.25	4524	3396	0.40	57286	1	0	0.00	0.61	35.26	51.50	71.62
0	0	2889	63.88	4522	3394	0.39	3409	0	0	0.00	0.60	35.63	6.18	71.52
0	8	2575	56.92	4524	3394	0.38	3720	0	0	0.01	0.58	42.61
1	1	3912	86.15	4541	3394	0.45	2843	0	0	0.00	0.24	13.66	7.26
1	9	3771	83.03	4542	3394	0.40	3280	0	0	0.00	0.28	16.74
2	2	2601	57.97	4488	3394	0.39	4187	0	0	0.00	0.73	41.42	6.26
2	10	2642	58.83	4491	3394	0.40	3996	0	0	0.01	0.88	40.41
3	3	2167	48.39	4479	3394	0.37	4131	1	0	0.00	0.72	51.03	6.07
3	11	2846	63.25	4499	3394	0.40	3957	0	0	0.01	1.14	35.73
4	4	1506	33.63	4479	3394	0.31	4466	0	0	0.00	1.29	65.26	6.27
4	12	3752	83.08	4516	3394	0.42	3140	0	0	0.00	0.38	16.60
5	5	2119	46.62	4545	3394	0.34	3684	0	0	0.01	0.34	53.18	6.46
5	13	3646	80.34	4538	3394	0.42	2974	0	0	0.00	0.37	19.34
6	6	2875	63.63	4518	3394	0.40	3471	0	0	0.01	0.94	35.52	6.18
6	14	2523	55.79	4523	3394	0.36	3920	0	0	0.00	0.61	43.73
7	7	3322	73.20	4539	3394	0.43	3069	0	0	0.00	0.29	26.58	6.78
7	15	3331	73.34	4541	3394	0.40	3039	0	0	0.00	0.42	26.31
Core	CPU	Avg_MHz	Busy%	Bzy_MHz	TSC_MHz	IPC	IRQ	NMI	SMI	POLL%	C1%	C2%	CorWatt	PkgWatt
-	-	2930	64.81	4521	3394	0.40	57222	2	0	0.00	0.84	34.46	51.75	71.78
0	0	2396	53.04	4517	3394	0.38	3624	0	0	0.00	0.69	46.38	6.26	71.77
0	8	2980	65.70	4535	3394	0.45	3680	0	0	0.00	1.25	33.16
1	1	3283	72.37	4537	3394	0.41	3011	1	0	0.00	0.24	27.46	7.21
1	9	4215	92.82	4541	3394	0.43	3184	0	0	0.00	0.32	6.88
2	2	2754	61.67	4466	3394	0.39	4496	1	0	0.00	1.38	37.08	6.26
2	10	2509	56.06	4475	3394	0.39	4092	0	0	0.00	1.62	42.45
3	3	2890	64.32	4493	3394	0.40	3940	0	0	0.01	0.64	35.13	6.08
3	11	2130	47.29	4504	3394	0.35	4276	0	0	0.01	1.75	51.12
4	4	2608	57.59	4530	3394	0.39	3428	0	0	0.00	0.48	42.03	6.35
4	12	2925	64.53	4532	3394	0.37	3372	0	0	0.01	0.51	35.05
5	5	2946	64.85	4544	3394	0.38	3274	0	0	0.01	0.61	34.63	7.13
5	13	4228	93.06	4543	3394	0.45	2601	0	0	0.00	0.47	6.51
6	6	2437	54.11	4503	3394	0.38	3402	0	0	0.00	0.75	45.24	6.18
6	14	3065	67.91	4513	3394	0.38	3522	0	0	0.01	0.79	31.40
7	7	2741	60.49	4532	3394	0.39	3664	0	0	0.01	0.90	38.74	6.28
7	15	2767	61.16	4524	3394	0.39	3656	0	0	0.01	0.97	37.99
Core	CPU	Avg_MHz	Busy%	Bzy_MHz	TSC_MHz	IPC	IRQ	NMI	SMI	POLL%	C1%	C2%	CorWatt	PkgWatt
-	-	2950	65.32	4516	3393	0.40	74413	4	0	0.01	2.05	32.78	53.14	72.61
0	0	2874	63.35	4537	3394	0.40	4354	0	0	0.01	1.76	35.02	6.63	72.62
0	8	3156	69.51	4541	3394	0.40	4271	0	0	0.01	1.20	29.41
1	1	3849	84.71	4544	3394	0.44	3439	0	0	0.00	1.37	14.01	7.12
1	9	3258	71.67	4546	3394	0.39	4729	0	0	0.00	0.99	27.47
2	2	3146	70.69	4450	3394	0.40	4879	0	0	0.01	3.80	25.66	6.43
2	10	2051	46.66	4395	3394	0.35	6755	0	0	0.02	3.10	50.50
3	3	2674	60.01	4456	3394	0.39	5393	0	0	0.02	2.71	37.46	6.31
3	11	2499	55.97	4465	3394	0.37	5458	1	0	0.01	3.32	40.92
4	4	2635	58.06	4538	3394	0.39	4554	0	0	0.01	1.80	40.31	6.60
4	12	3092	68.15	4537	3394	0.38	4395	1	0	0.01	1.63	30.37
5	5	2357	51.90	4542	3394	0.38	5149	0	0	0.01	2.82	45.49	6.91
5	13	3822	84.11	4544	3394	0.43	3537	1	0	0.00	1.16	14.81
6	6	2735	60.59	4513	3394	0.38	4241	0	0	0.00	1.82	37.74	6.45
6	14	2912	64.40	4521	3394	0.38	4573	0	0	0.01	1.90	33.86
7	7	2823	62.21	4538	3394	0.39	4485	0	0	0.01	1.49	36.45	6.68
7	15	3323	73.20	4540	3394	0.40	4201	1	0	0.01	1.86	25.08
Core	CPU	Avg_MHz	Busy%	Bzy_MHz	TSC_MHz	IPC	IRQ	NMI	SMI	POLL%	C1%	C2%	CorWatt	PkgWatt
-	-	3072	68.02	4516	3391	0.39	85298	2	0	0.01	2.95	29.19	54.47	73.56
0	0	3178	70.14	4531	3394	0.40	4717	0	0	0.01	2.60	27.43	6.80	73.63
0	8	3117	68.69	4538	3394	0.39	4799	0	0	0.00	2.24	29.22
1	1	3112	68.56	4539	3394	0.39	5008	0	0	0.01	2.08	29.55	6.86
1	9	3449	75.96	4540	3394	0.39	5585	0	0	0.01	2.06	22.14
2	2	2848	64.07	4444	3394	0.39	5947	0	0	0.01	4.57	31.57	6.44
2	10	2209	49.98	4420	3394	0.34	7724	0	0	0.01	6.27	44.08
3	3	2964	65.79	4505	3394	0.40	6096	0	0	0.01	3.64	30.77	6.81
3	11	3009	66.80	4505	3394	0.40	5106	0	0	0.00	1.99	31.39
4	4	3365	74.29	4530	3394	0.41	4804	1	0	0.00	2.20	23.67	7.05
4	12	3115	68.72	4533	3394	0.38	4984	0	0	0.00	2.29	29.18
5	5	2916	64.22	4540	3394	0.38	5230	0	0	0.01	2.53	33.44	6.90
5	13	3337	73.52	4539	3394	0.40	5246	0	0	0.01	3.10	23.52
6	6	2734	60.58	4512	3394	0.37	5718	0	0	0.00	4.67	34.97	6.62
6	14	3093	68.56	4512	3394	0.37	5015	1	0	0.01	3.25	28.40
7	7	3643	80.25	4539	3394	0.43	3627	0	0	0.01	0.85	18.98	7.03
7	15	3097	68.16	4543	3394	0.39	5692	0	0	0.02	2.97	29.08
Core	CPU	Avg_MHz	Busy%	Bzy_MHz	TSC_MHz	IPC	IRQ	NMI	SMI	POLL%	C1%	C2%	CorWatt	PkgWatt
-	-	3159	69.86	4522	3396	0.39	90814	4	0	0.01	3.08	27.28	55.25	74.34
0	0	3471	76.48	4539	3394	0.42	4676	0	0	0.01	1.85	21.81	7.00	74.28
0	8	3194	70.38	4539	3394	0.38	4772	1	0	0.01	3.91	26.00
1	1	3426	75.54	4535	3394	0.45	4650	0	0	0.00	1.99	22.62	7.01
1	9	3247	71.55	4538	3394	0.37	6598	1	0	0.01	2.61	26.04
2	2	3182	71.24	4467	3394	0.43	5510	0	0	0.01	3.71	25.23	6.63
2	10	2253	50.78	4437	3394	0.31	8581	0	0	0.01	6.19	43.42
3	3	2192	49.33	4444	3394	0.33	7615	0	0	0.01	4.75	46.22	6.41
3	11	3024	67.58	4475	3394	0.39	5977	0	0	0.00	3.65	28.96
4	4	3390	74.90	4526	3394	0.38	6360	0	0	0.01	2.30	22.96	6.79
4	12	2635	58.31	4520	3394	0.35	7762	0	0	0.03	4.66	37.32
5	5	2993	65.97	4537	3394	0.37	5650	0	0	0.01	2.28	31.96	6.96
5	13	3436	75.69	4539	3394	0.40	4751	0	0	0.02	1.91	22.56
6	6	3049	67.23	4535	3394	0.40	5528	1	0	0.02	3.29	29.69	6.87
6	14	3211	70.84	4533	3394	0.38	5290	0	0	0.00	4.16	25.25
7	7	4031	88.76	4542	3394	0.45	3317	1	0	0.00	0.78	10.53	7.55
7	15	3782	83.27	4542	3394	0.40	3777	0	0	0.00	1.20	15.64
Core	CPU	Avg_MHz	Busy%	Bzy_MHz	TSC_MHz	IPC	IRQ	NMI	SMI	POLL%	C1%	C2%	CorWatt	PkgWatt
-	-	2941	65.22	4509	3394	0.40	82231	3	0	0.01	2.46	32.50	54.16	73.34
0	0	2632	58.26	4517	3394	0.39	6211	1	0	0.01	2.29	39.62	6.67	73.32
0	8	2966	65.62	4520	3394	0.40	5217	0	0	0.01	3.59	31.00
1	1	3812	83.96	4540	3394	0.42	3858	0	0	0.01	1.62	14.52	6.85
1	9	2471	54.44	4538	3394	0.38	6017	0	0	0.01	2.32	43.47
2	2	2564	57.86	4432	3394	0.39	5717	0	0	0.01	2.69	39.65	6.54
2	10	2798	62.53	4476	3394	0.40	5106	1	0	0.02	1.98	35.66
3	3	2899	64.50	4494	3394	0.40	5426	0	0	0.01	3.22	32.47	6.78
3	11	2992	66.49	4499	3394	0.40	5151	0	0	0.01	2.66	31.03
4	4	3136	69.84	4490	3394	0.43	5055	0	0	0.01	3.07	27.28	6.78
4	12	2495	55.59	4488	3394	0.38	5732	0	0	0.01	2.98	41.66
5	5	3162	69.98	4518	3394	0.41	4613	1	0	0.01	2.68	27.49	6.74
5	13	2567	56.79	4521	3394	0.39	6570	0	0	0.01	2.05	41.35
6	6	2856	63.36	4508	3394	0.42	4112	0	0	0.01	1.34	35.45	6.60
6	14	2825	62.54	4517	3394	0.40	4835	0	0	0.01	2.26	35.36
7	7	3792	83.88	4521	3394	0.45	3618	0	0	0.01	1.80	14.43	7.18
7	15	3078	67.95	4530	3394	0.40	4993	0	0	0.00	2.76	29.48
Core	CPU	Avg_MHz	Busy%	Bzy_MHz	TSC_MHz	IPC	IRQ	NMI	SMI	POLL%	C1%	C2%	CorWatt	PkgWatt
-	-	2886	63.98	4512	3391	0.40	79057	1	0	0.01	1.89	34.28	53.27	72.64
0	0	3264	71.82	4545	3394	0.43	4441	0	0	0.01	1.37	26.95	6.95	72.75
0	8	3233	71.14	4545	3394	0.40	4241	0	0	0.01	0.99	28.00
1	1	3935	86.68	4540	3394	0.45	3287	1	0	0.00	1.07	12.33	7.27
1	9	3313	73.04	4536	3394	0.39	5110	0	0	0.00	1.15	25.95
2	2	2687	60.80	4420	3394	0.42	5170	0	0	0.00	3.07	36.30	6.08
2	10	1834	41.77	4391	3394	0.35	6855	0	0	0.01	3.44	55.06
3	3	2980	66.20	4501	3394	0.41	4994	0	0	0.01	2.44	31.52	6.54
3	11	2395	53.12	4509	3394	0.39	5172	0	0	0.01	1.47	45.60
4	4	2580	57.11	4517	3394	0.39	5465	0	0	0.01	1.97	41.12	6.56
4	12	2839	62.83	4519	3394	0.40	4848	0	0	0.01	1.83	35.51
5	5	3208	70.72	4536	3394	0.41	4461	0	0	0.01	1.74	27.69	6.72
5	13	2647	58.41	4532	3394	0.38	5299	0	0	0.01	2.33	39.47
6	6	3525	77.64	4541	3394	0.43	3630	0	0	0.01	0.65	21.81	6.77
6	14	2427	53.43	4541	3394	0.38	5272	0	0	0.01	1.57	45.21
7	7	2891	64.22	4501	3394	0.40	4774	0	0	0.01	2.20	33.75	6.41
7	15	2455	54.71	4487	3394	0.38	6038	0	0	0.01	2.92	42.57
Core	CPU	Avg_MHz	Busy%	Bzy_MHz	TSC_MHz	IPC	IRQ	NMI	SMI	POLL%	C1%	C2%	CorWatt	PkgWatt
-	-	2939	65.02	4521	3396	0.41	68962	4	0	0.01	1.81	33.32	52.91	72.30
0	0	1961	43.36	4524	3394	0.37	5341	0	0	0.01	1.55	55.31	6.43	72.20
0	8	3634	80.21	4530	3394	0.42	3536	0	0	0.01	1.46	18.43
1	1	3904	86.05	4537	3394	0.44	3518	0	0	0.00	1.00	13.03	7.20
1	9	3471	76.44	4540	3394	0.39	3814	0	0	0.01	0.53	23.06
2	2	3039	68.09	4462	3394	0.40	4521	1	0	0.01	2.35	29.67	6.25
2	10	2237	50.13	4462	3394	0.36	4823	0	0	0.01	3.00	47.06
3	3	3469	76.52	4534	3394	0.43	4529	1	0	0.00	1.36	22.23	6.62
3	11	2254	49.79	4528	3394	0.38	4610	0	0	0.01	1.39	48.99
4	4	3212	70.91	4529	3394	0.40	4167	0	0	0.01	1.37	27.85	6.57
4	12	2411	53.25	4528	3394	0.39	4798	0	0	0.01	1.38	45.55
5	5	2895	64.33	4500	3394	0.47	4625	0	0	0.01	4.19	31.69	6.80
5	13	2908	64.44	4514	3394	0.46	3204	1	0	0.00	1.27	34.39
6	6	3280	72.32	4536	3394	0.41	3953	0	0	0.00	1.27	26.53	6.52
6	14	2648	58.43	4532	3394	0.37	4179	0	0	0.00	1.33	40.38
7	7	2593	57.58	4502	3394	0.38	4388	0	0	0.00	1.94	40.62	6.49
7	15	3084	68.48	4504	3394	0.46	4956	1	0	0.01	3.55	28.13
Core	CPU	Avg_MHz	Busy%	Bzy_MHz	TSC_MHz	IPC	IRQ	NMI	SMI	POLL%	C1%	C2%	CorWatt	PkgWatt
-	-	2885	63.89	4516	3393	0.40	74141	2	0	0.01	2.51	33.77	53.35	72.56
0	0	3273	72.09	4540	3394	0.40	4458	0	0	0.01	2.02	26.05	6.85	72.56
0	8	3035	66.80	4543	3394	0.40	4176	0	0	0.01	1.26	32.08
1	1	3255	71.54	4550	3394	0.45	3606	0	0	0.00	1.25	27.32	7.18
1	9	3731	82.08	4546	3394	0.42	3629	0	0	0.01	1.06	16.95
2	2	2483	56.80	4372	3394	0.41	5192	0	0	0.01	4.60	38.81	6.00
2	10	1769	40.31	4389	3394	0.37	5885	0	0	0.01	3.76	56.19
3	3	3124	68.99	4528	3394	0.42	4577	0	0	0.01	1.95	29.17	6.73
3	11	2659	58.75	4526	3394	0.38	5271	1	0	0.01	2.91	38.56
4	4	2548	56.66	4498	3394	0.39	4871	0	0	0.01	2.86	40.69	6.62
4	12	2940	65.21	4508	3394	0.41	4730	1	0	0.01	3.77	31.22
5	5	2747	60.72	4523	3394	0.40	4758	0	0	0.01	2.62	36.84	6.65
5	13	2884	63.66	4530	3394	0.41	4458	0	0	0.01	2.03	34.45
6	6	2804	61.73	4543	3394	0.40	4227	0	0	0.00	1.45	36.98	6.80
6	14	3211	70.62	4547	3394	0.41	4616	0	0	0.01	2.26	27.29
7	7	3146	69.72	4512	3394	0.40	4331	0	0	0.01	2.56	27.87	6.52
7	15	2557	56.57	4521	3394	0.36	5356	0	0	0.01	3.74	39.92
Core	CPU	Avg_MHz	Busy%	Bzy_MHz	TSC_MHz	IPC	IRQ	NMI	SMI	POLL%	C1%	C2%	CorWatt	PkgWatt
-	-	2872	63.59	4517	3393	0.41	75195	5	0	0.01	2.59	34.00	53.24	72.26
0	0	2707	59.82	4525	3394	0.40	4850	0	0	0.01	3.13	37.24	6.65	72.28
0	8	3033	66.92	4532	3394	0.41	5413	1	0	0.00	3.72	29.58
1	1	2724	60.06	4536	3394	0.40	5240	0	0	0.02	3.78	36.39	6.69
1	9	3394	74.89	4532	3394	0.42	4214	1	0	0.01	2.31	22.94
2	2	2797	63.27	4420	3394	0.40	5026	0	0	0.02	2.39	34.52	6.33
2	10	2011	45.58	4411	3394	0.43	5823	0	0	0.02	6.54	48.18
3	3	2598	57.55	4514	3394	0.40	4732	0	0	0.00	1.81	40.80	6.46
3	11	2834	62.65	4524	3394	0.40	4038	0	0	0.00	1.45	36.05
4	4	2785	61.59	4522	3394	0.41	4111	1	0	0.00	1.39	37.16	6.82
4	12	3137	69.34	4525	3394	0.44	3853	0	0	0.01	1.45	29.34
5	5	2407	53.00	4541	3394	0.39	5875	0	0	0.01	3.08	44.14	6.86
5	13	3660	80.57	4543	3394	0.45	3365	0	0	0.01	0.80	18.71
6	6	3018	66.54	4535	3394	0.41	4442	0	0	0.01	2.55	31.07	6.88
6	14	3219	70.91	4540	3394	0.41	3755	1	0	0.01	1.22	27.98
7	7	2454	54.37	4513	3394	0.38	5797	1	0	0.00	2.65	43.22	6.56
7	15	3186	70.32	4531	3394	0.42	4661	0	0	0.01	3.08	26.77
Core	CPU	Avg_MHz	Busy%	Bzy_MHz	TSC_MHz	IPC	IRQ	NMI	SMI	POLL%	C1%	C2%	CorWatt	PkgWatt
-	-	2875	63.64	4518	3394	0.41	75472	2	0	0.01	2.24	34.30	53.08	72.37
0	0	3082	67.88	4541	3394	0.41	4301	0	0	0.01	1.47	30.80	6.57	72.33
0	8	2694	59.36	4538	3394	0.39	4420	0	0	0.01	1.81	38.99
1	1	2530	55.82	4533	3394	0.40	5439	0	0	0.01	3.07	41.34	6.47
1	9	3006	66.34	4532	3394	0.41	5183	0	0	0.00	2.40	31.44
2	2	2723	61.58	4422	3394	0.41	4809	0	0	0.01	2.66	35.91	6.00
2	10	1645	37.54	4383	3394	0.36	5565	0	0	0.01	2.89	59.79
3	3	3291	72.57	4535	3394	0.41	4493	0	0	0.01	1.77	25.79	6.87
3	11	2819	62.13	4538	3394	0.38	4908	0	0	0.00	2.47	35.60
4	4	2958	65.66	4504	3394	0.40	3956	0	0	0.01	1.18	33.28	6.39
4	12	2345	52.43	4472	3394	0.39	5053	0	0	0.01	2.12	45.65
5	5	2803	61.67	4546	3394	0.39	4514	1	0	0.01	1.46	37.05	7.46
5	13	4410	97.02	4546	3394	0.48	2613	0	0	0.00	0.67	2.34
6	6	2825	62.23	4539	3394	0.40	5202	1	0	0.02	3.79	34.20	6.77
6	14	3189	70.26	4539	3394	0.40	4699	0	0	0.00	2.42	27.50
7	7	2925	64.83	4511	3394	0.41	5092	0	0	0.01	2.63	32.72	6.55
7	15	2751	60.93	4516	3394	0.40	5225	0	0	0.01	2.97	36.31
Core	CPU	Avg_MHz	Busy%	Bzy_MHz	TSC_MHz	IPC	IRQ	NMI	SMI	POLL%	C1%	C2%	CorWatt	PkgWatt
-	-	2849	63.07	4517	3393	0.42	75740	2	0	0.01	2.30	34.80	53.15	72.07
0	0	2914	64.53	4515	3394	0.49	4324	1	0	0.01	1.44	34.17	6.54	72.13
0	8	2626	58.11	4518	3394	0.40	4954	0	0	0.01	3.59	38.50
1	1	2728	60.18	4534	3394	0.41	5614	1	0	0.01	3.53	36.52	6.66
1	9	3121	68.82	4535	3394	0.41	4509	0	0	0.01	2.00	29.35
2	2	2882	64.98	4435	3394	0.42	4727	0	0	0.01	3.49	31.69	6.12
2	10	1650	37.50	4399	3394	0.35	6254	0	0	0.02	4.82	57.97
3	3	2769	61.23	4522	3394	0.42	4610	0	0	0.00	1.78	37.13	6.58
3	11	2847	62.96	4522	3394	0.41	4369	0	0	0.01	1.61	35.58
4	4	2861	63.54	4503	3394	0.42	4282	0	0	0.01	1.93	34.69	6.57
4	12	2591	57.60	4499	3394	0.40	5014	0	0	0.02	1.18	41.40
5	5	3219	70.96	4536	3394	0.42	4220	0	0	0.01	1.70	27.47	6.91
5	13	2999	66.08	4538	3394	0.41	4324	0	0	0.02	2.11	31.97
6	6	3155	69.49	4540	3394	0.41	4604	0	0	0.01	2.17	28.51	6.89
6	14	3054	67.29	4539	3394	0.42	5150	0	0	0.02	2.45	30.45
7	7	2383	52.48	4542	3394	0.39	5204	0	0	0.02	1.72	46.01	6.88
7	15	3789	83.41	4542	3394	0.46	3581	0	0	0.00	1.29	15.39
Core	CPU	Avg_MHz	Busy%	Bzy_MHz	TSC_MHz	IPC	IRQ	NMI	SMI	POLL%	C1%	C2%	CorWatt	PkgWatt
-	-	2864	63.39	4518	3392	0.40	73012	3	0	0.01	1.75	35.01	53.01	72.12
0	0	2777	61.56	4511	3394	0.40	4558	0	0	0.01	2.48	36.12	6.46	72.12
0	8	2793	61.88	4513	3394	0.39	4887	0	0	0.01	2.40	35.90
1	1	2536	56.13	4519	3394	0.39	4770	0	0	0.01	1.60	42.45	6.42
1	9	2931	64.76	4525	3394	0.41	4785	0	0	0.01	3.19	32.23
2	2	2454	55.65	4409	3394	0.40	5669	0	0	0.01	3.79	40.78	6.03
2	10	2008	45.44	4419	3394	0.36	5195	0	0	0.02	2.07	52.70
3	3	2747	61.05	4500	3394	0.40	4684	1	0	0.01	1.29	37.81	6.29
3	11	2353	52.37	4494	3394	0.38	5307	0	0	0.01	2.04	45.79
4	4	2859	62.99	4538	3394	0.41	4145	0	0	0.00	1.06	36.09	6.71
4	12	2779	61.20	4540	3394	0.39	5304	0	0	0.01	1.85	37.16
5	5	2636	58.02	4544	3394	0.37	4947	0	0	0.01	1.63	40.55	6.79
5	13	3305	72.72	4544	3394	0.40	3984	1	0	0.01	1.27	26.14
6	6	2118	46.65	4539	3394	0.37	5278	0	0	0.02	1.43	52.12	6.68
6	14	3693	81.30	4542	3394	0.42	3562	0	0	0.00	1.05	17.74
7	7	3299	72.45	4554	3394	0.38	3776	0	0	0.00	0.80	26.87	7.66
7	15	4551	99.99	4552	3394	0.49	2161	1	0	0.00	0.01	0.00
Core	CPU	Avg_MHz	Busy%	Bzy_MHz	TSC_MHz	IPC	IRQ	NMI	SMI	POLL%	C1%	C2%	CorWatt	PkgWatt
-	-	2854	63.14	4520	3395	0.40	73929	2	0	0.01	1.60	35.43	52.44	71.75
0	0	2548	56.35	4522	3394	0.38	4788	0	0	0.01	1.52	42.31	6.40	71.72
0	8	3034	67.01	4528	3394	0.41	4482	0	0	0.00	1.70	31.44
1	1	3033	67.13	4518	3394	0.41	4656	0	0	0.01	1.80	31.23	6.50
1	9	2684	59.43	4516	3394	0.38	5739	0	0	0.01	2.09	38.70
2	2	2832	64.05	4421	3394	0.41	4740	1	0	0.01	1.73	34.37	5.97
2	10	1660	37.82	4389	3394	0.36	5459	1	0	0.01	2.32	60.08
3	3	3272	72.29	4526	3394	0.41	4576	0	0	0.01	1.92	25.92	6.48
3	11	2270	50.19	4523	3394	0.36	5307	0	0	0.01	2.48	47.54
4	4	3012	66.38	4538	3394	0.40	4075	0	0	0.01	0.53	33.22	6.54
4	12	2581	56.93	4534	3394	0.39	4329	0	0	0.00	1.20	42.03
5	5	2254	49.74	4531	3394	0.38	5080	0	0	0.00	1.48	48.98	6.62
5	13	3402	75.03	4535	3394	0.42	4250	0	0	0.01	1.66	23.43
6	6	2725	60.18	4528	3394	0.39	5197	0	0	0.00	2.15	37.85	6.55
6	14	3020	66.64	4532	3394	0.41	4515	0	0	0.01	1.34	32.17
7	7	2781	61.16	4547	3394	0.37	4549	0	0	0.02	1.67	37.35	7.37
7	15	4545	99.99	4545	3394	0.49	2187	0	0	0.00	0.02	0.00
Core	CPU	Avg_MHz	Busy%	Bzy_MHz	TSC_MHz	IPC	IRQ	NMI	SMI	POLL%	C1%	C2%	CorWatt	PkgWatt
-	-	2857	63.18	4522	3394	0.41	75534	2	0	0.01	1.86	35.13	53.43	72.66
0	0	3407	75.25	4528	3394	0.41	3992	0	0	0.00	1.25	23.62	6.58	72.66
0	8	2211	48.72	4537	3394	0.38	5815	0	0	0.01	2.52	48.99
1	1	3087	68.27	4521	3394	0.41	4418	0	0	0.01	1.98	29.91	6.49
1	9	2530	55.89	4527	3394	0.39	5208	0	0	0.01	1.68	42.62
2	2	2706	60.79	4451	3394	0.40	5152	0	0	0.01	2.48	36.90	6.12
2	10	1802	40.71	4427	3394	0.36	6189	0	0	0.01	3.55	55.99
3	3	3390	75.20	4508	3394	0.41	4360	0	0	0.00	2.31	22.61	6.51
3	11	2043	45.58	4481	3394	0.35	5452	0	0	0.00	1.95	52.69
4	4	2239	49.56	4518	3394	0.38	5002	0	0	0.01	1.41	49.22	6.59
4	12	3127	68.96	4535	3394	0.42	4341	1	0	0.00	1.34	29.83
5	5	2763	61.03	4527	3394	0.41	4393	0	0	0.00	2.27	36.86	6.56
5	13	2457	54.34	4521	3394	0.44	5777	0	0	0.01	2.35	43.53
6	6	2783	61.26	4542	3394	0.40	5306	0	0	0.02	2.32	36.62	6.79
6	14	3058	67.22	4549	3394	0.41	4777	1	0	0.01	1.95	31.00
7	7	3557	78.10	4555	3394	0.40	3191	0	0	0.00	0.39	21.59	7.78
7	15	4553	99.99	4554	3394	0.49	2161	0	0	0.00	0.02	0.00
Core	CPU	Avg_MHz	Busy%	Bzy_MHz	TSC_MHz	IPC	IRQ	NMI	SMI	POLL%	C1%	C2%	CorWatt	PkgWatt
-	-	2839	62.82	4519	3393	0.40	70596	4	0	0.01	1.35	35.97	52.61	71.95
0	0	2660	58.99	4509	3394	0.39	5052	0	0	0.01	1.63	39.56	6.37	71.95
0	8	2768	61.23	4521	3394	0.40	4648	0	0	0.01	1.54	37.39
1	1	2613	57.68	4530	3394	0.38	4543	0	0	0.00	1.09	41.39	6.37
1	9	2960	65.24	4536	3394	0.40	4253	1	0	0.01	1.37	33.52
2	2	2506	57.07	4392	3394	0.38	5160	0	0	0.01	2.06	41.05	5.97
2	10	1909	43.20	4418	3394	0.37	5080	0	0	0.00	1.89	55.11
3	3	2511	55.75	4504	3394	0.37	4652	0	0	0.01	1.02	43.38	6.52
3	11	2923	64.65	4521	3394	0.41	4571	1	0	0.00	1.91	33.60
4	4	2319	51.25	4526	3394	0.37	4766	1	0	0.01	2.23	46.72	6.56
4	12	3152	69.54	4533	3394	0.40	4507	0	0	0.00	1.66	28.95
5	5	2933	64.64	4538	3394	0.40	4898	0	0	0.01	1.61	33.93	6.71
5	13	2835	62.52	4535	3394	0.40	4202	0	0	0.01	0.59	37.03
6	6	2267	50.03	4532	3394	0.36	4868	0	0	0.02	1.21	48.95	6.56
6	14	3401	74.95	4538	3394	0.41	3739	0	0	0.01	1.04	24.12
7	7	3119	68.48	4555	3394	0.39	3491	1	0	0.00	0.69	30.94	7.56
7	15	4553	99.99	4553	3394	0.49	2166	0	0	0.00	0.02	0.00
Core	CPU	Avg_MHz	Busy%	Bzy_MHz	TSC_MHz	IPC	IRQ	NMI	SMI	POLL%	C1%	C2%	CorWatt	PkgWatt
-	-	2946	65.18	4519	3393	0.41	59924	3	0	0.00	0.81	34.11	52.34	72.18
0	0	3481	76.83	4531	3394	0.42	3287	0	0	0.00	0.55	22.70	6.41	72.23
0	8	2318	51.13	4534	3394	0.38	3925	1	0	0.01	0.37	48.63
1	1	3905	86.10	4535	3394	0.58	3222	0	0	0.00	0.75	13.22	6.82
1	9	1863	41.06	4537	3394	0.32	4700	0	0	0.00	0.70	58.41
2	2	2158	48.46	4452	3394	0.37	4552	0	0	0.00	1.47	50.22	6.13
2	10	2916	65.06	4482	3394	0.39	4558	0	0	0.01	1.99	33.09
3	3	2859	63.41	4509	3394	0.38	4462	0	0	0.01	0.78	35.92	6.31
3	11	2593	57.72	4493	3394	0.38	3852	0	0	0.01	1.38	41.03
4	4	2453	54.33	4515	3394	0.37	3672	0	0	0.01	0.69	45.07	6.38
4	12	3043	67.49	4509	3394	0.40	3782	0	0	0.01	1.56	31.06
5	5	3300	72.80	4533	3394	0.40	2920	0	0	0.00	0.24	27.02	6.62
5	13	2852	62.94	4531	3394	0.39	3987	0	0	0.00	1.08	36.11
6	6	2974	65.66	4530	3394	0.40	3298	1	0	0.00	0.52	33.91	6.36
6	14	2750	60.75	4527	3394	0.38	3940	0	0	0.00	0.50	38.86
7	7	3134	69.08	4536	3394	0.38	3599	0	0	0.01	0.32	30.70	7.32
7	15	4538	99.99	4539	3394	0.48	2168	1	0	0.00	0.01	0.00
Core	CPU	Avg_MHz	Busy%	Bzy_MHz	TSC_MHz	IPC	IRQ	NMI	SMI	POLL%	C1%	C2%	CorWatt	PkgWatt
-	-	3169	70.14	4519	3395	0.36	79968	3	0	0.01	2.72	27.33	54.34	73.57
0	0	3616	79.66	4540	3394	0.39	3880	1	0	0.01	1.52	18.94	6.86	73.51
0	8	3091	68.05	4542	3394	0.35	4791	0	0	0.01	2.23	29.90
1	1	3281	72.37	4533	3394	0.36	4544	1	0	0.00	1.91	25.88	6.79
1	9	3263	72.04	4530	3394	0.38	5805	0	0	0.01	2.32	25.82
2	2	2935	65.81	4460	3394	0.36	6051	0	0	0.01	4.13	30.25	6.51
2	10	2526	56.91	4439	3394	0.31	7190	0	0	0.01	5.88	37.48
3	3	2826	63.18	4474	3394	0.35	6096	0	0	0.01	4.07	32.98	6.51
3	11	2819	62.99	4475	3394	0.34	5568	0	0	0.01	4.54	32.70
4	4	2935	65.06	4512	3394	0.34	5229	0	0	0.02	3.15	32.00	6.82
4	12	3261	72.19	4517	3394	0.36	4766	0	0	0.01	2.66	25.32
5	5	2649	58.56	4524	3394	0.32	5534	1	0	0.01	2.56	39.12	6.89
5	13	3813	84.14	4532	3394	0.41	3584	0	0	0.00	1.17	14.78
6	6	2792	61.55	4536	3394	0.33	5728	0	0	0.01	3.00	35.69	6.82
6	14	3629	79.99	4537	3394	0.38	3816	0	0	0.01	1.92	18.20
7	7	3412	75.09	4544	3394	0.36	3824	0	0	0.01	1.35	23.69	7.13
7	15	3844	84.65	4541	3394	0.41	3562	0	0	0.00	1.13	14.31
Core	CPU	Avg_MHz	Busy%	Bzy_MHz	TSC_MHz	IPC	IRQ	NMI	SMI	POLL%	C1%	C2%	CorWatt	PkgWatt
-	-	2654	59.02	4497	3394	0.40	68533	2	0	0.01	2.71	38.43	50.34	69.53
0	0	2935	65.27	4497	3394	0.42	4171	0	0	0.02	3.21	31.66	6.22	69.50
0	8	2468	54.58	4521	3394	0.38	3816	0	0	0.00	1.14	44.41
1	1	3317	73.46	4516	3394	0.43	4055	0	0	0.01	4.55	22.16	6.57
1	9	2737	60.60	4517	3394	0.38	4743	0	0	0.00	2.46	37.09
2	2	3047	68.11	4474	3394	0.42	4394	0	0	0.00	2.56	29.46	6.32
2	10	2093	47.08	4446	3394	0.37	4610	0	0	0.01	3.62	49.49
3	3	2551	57.25	4456	3394	0.39	4862	1	0	0.01	3.06	39.85	5.83
3	11	2032	45.61	4456	3394	0.37	4404	0	0	0.01	1.97	52.59
4	4	2768	61.59	4494	3394	0.41	4652	0	0	0.01	3.18	35.40	6.31
4	12	2385	52.77	4519	3394	0.37	4137	0	0	0.01	1.47	45.90
5	5	2638	58.81	4485	3394	0.43	4455	0	0	0.01	3.08	38.29	6.47
5	13	2863	63.24	4527	3394	0.38	3885	1	0	0.00	1.36	35.53
6	6	2927	65.10	4496	3394	0.43	4291	0	0	0.01	3.62	31.45	6.20
6	14	2278	50.48	4512	3394	0.38	3807	0	0	0.01	2.00	47.66
7	7	3055	68.07	4489	3394	0.47	4342	0	0	0.01	4.67	27.42	6.41
7	15	2361	52.32	4513	3394	0.38	3909	0	0	0.01	1.44	46.37
