turbostat version 2025.09.09 - Len Brown <lenb@kernel.org>
Kernel command line: BOOT_IMAGE=/boot/vmlinuz-6.17.0-35-generic root=UUID=37e0ef02-2557-4d29-8187-72bb5e6547ba ro quiet splash vt.handoff=7
CPUID(0): AuthenticAMD 0x10 CPUID levels
CPUID(1): family:model:stepping 0x19:21:2 (25:33:2) microcode 0x0
CPUID(0x80000000): max_extended_levels: 0x80000023
CPUID(1): SSE3 MONITOR - - - TSC MSR - HT -
CPUID(6): APERF, No-TURBO, No-DTS, No-PTM, No-HWP, No-HWPnotify, No-HWPwindow, No-HWPepp, No-HWPpkg, No-EPB
CPUID(7): No-SGX No-Hybrid
cpu0: cpufreq driver: amd-pstate-epp
cpu0: cpufreq governor: powersave
cpufreq boost: 1
/dev/cpu_dma_latency: 2000000000 usec (default)
current_driver: acpi_idle
current_governor: menu
current_governor_ro: menu
cpu0: POLL: CPUIDLE CORE POLL IDLE
cpu0: C1: ACPI FFH MWAIT 0x0
cpu0: C2: ACPI IOPORT 0x414
RAPL: 234 sec. Joule Counter Range, at 280 Watts
intel-rapl:0: package-0 disabled
intel-rapl:0/intel-rapl:0:0: core disabled
cpu0: MSR_RAPL_PWR_UNIT: 0x000a1003 (0.125000 Watts, 0.000015 Joules, 0.000977 sec.)
Core	CPU	Avg_MHz	Busy%	Bzy_MHz	TSC_MHz	IPC	IRQ	NMI	SMI	POLL%	C1%	C2%	CorWatt	PkgWatt
-	-	960	23.33	4114	3393	1.17	104392	1	0	0.01	7.00	70.01	39.61	55.26
0	0	640	15.66	4087	3394	0.84	5721	0	0	0.01	4.20	80.35	4.30	55.29
0	8	916	23.49	3899	3394	1.03	7999	1	0	0.01	6.95	69.87
1	1	1791	41.03	4365	3394	2.01	6157	0	0	0.01	8.02	51.25	7.10
1	9	1244	29.20	4261	3394	1.00	6738	0	0	0.03	21.65	51.09
2	2	678	16.91	4008	3394	1.01	6185	0	0	0.01	3.84	79.44	3.87
2	10	488	12.91	3783	3394	0.79	6870	0	0	0.01	4.84	82.50
3	3	595	14.65	4058	3394	0.89	4968	0	0	0.05	3.24	82.26	3.81
3	11	653	16.15	4043	3394	0.79	5736	0	0	0.01	5.17	78.91
4	4	1663	39.94	4163	3394	1.44	8144	0	0	0.02	13.20	47.26	5.75
4	12	739	17.55	4212	3394	0.84	5604	0	0	0.00	2.86	79.80
5	5	1248	30.81	4051	3394	0.99	8167	0	0	0.01	8.80	60.75	5.33
5	13	1063	25.48	4171	3394	1.14	6855	0	0	0.01	3.75	70.99
6	6	856	22.25	3848	3394	1.04	8993	0	0	0.01	9.11	69.03	4.06
6	14	610	14.89	4099	3394	0.69	4821	0	0	0.00	2.37	82.90
7	7	1475	35.66	4136	3394	1.40	7623	0	0	0.02	10.99	53.74	5.41
7	15	705	16.75	4207	3394	0.90	3811	0	0	0.01	3.08	80.31
Core	CPU	Avg_MHz	Busy%	Bzy_MHz	TSC_MHz	IPC	IRQ	NMI	SMI	POLL%	C1%	C2%	CorWatt	PkgWatt
-	-	2852	62.82	4541	3394	0.51	79947	2	0	0.01	1.16	36.20	53.01	72.25
0	0	3102	67.93	4566	3394	0.50	5764	0	0	0.01	1.64	30.63	6.68	72.24
0	8	2759	60.45	4564	3394	0.49	5552	0	0	0.00	1.28	38.48
1	1	4047	88.44	4576	3394	0.52	2769	0	0	0.00	0.30	11.31	7.70
1	9	4226	92.37	4575	3394	0.59	2526	0	0	0.00	0.06	7.60
2	2	1879	43.13	4356	3394	0.47	7512	0	0	0.00	2.14	54.99	5.72
2	10	1959	44.50	4401	3394	0.53	5102	0	0	0.00	1.06	54.61
3	3	2203	48.52	4541	3394	0.46	6212	1	0	0.01	1.13	50.56	6.64
3	11	3252	71.52	4547	3394	0.50	5498	0	0	0.01	1.16	27.51
4	4	2502	54.80	4566	3394	0.50	3998	0	0	0.01	0.89	44.45	6.70
4	12	3297	72.21	4567	3394	0.50	5402	0	0	0.01	1.21	26.77
5	5	3069	67.21	4567	3394	0.50	5170	0	0	0.01	1.22	31.75	6.66
5	13	2629	57.59	4565	3394	0.48	5035	0	0	0.01	1.32	41.29
6	6	2447	54.01	4530	3394	0.46	6248	1	0	0.02	0.94	45.29	6.51
6	14	2938	64.89	4527	3394	0.54	5255	0	0	0.01	2.47	32.84
7	7	2966	65.44	4533	3394	0.57	3538	0	0	0.00	0.88	33.78	6.39
7	15	2356	52.07	4525	3394	0.47	4366	0	0	0.00	0.85	47.23
Core	CPU	Avg_MHz	Busy%	Bzy_MHz	TSC_MHz	IPC	IRQ	NMI	SMI	POLL%	C1%	C2%	CorWatt	PkgWatt
-	-	2843	62.70	4535	3393	0.51	80242	3	0	0.00	1.19	36.27	52.64	71.78
0	0	2768	61.10	4530	3394	0.50	6096	0	0	0.00	1.08	38.03	6.42	71.80
0	8	2704	59.70	4529	3394	0.49	4397	0	0	0.00	0.42	40.03
1	1	3365	73.79	4560	3394	0.57	5616	0	0	0.01	1.98	24.42	7.03
1	9	3349	73.57	4553	3394	0.50	4741	0	0	0.00	1.16	25.42
2	2	3051	68.10	4481	3394	0.53	5816	0	0	0.00	1.97	30.12	6.38
2	10	1925	42.70	4507	3394	0.46	5692	0	0	0.01	0.98	56.54
3	3	2748	60.75	4524	3394	0.51	4801	0	0	0.01	0.89	38.50	6.42
3	11	2527	56.12	4502	3394	0.48	6447	1	0	0.00	1.72	42.41
4	4	3181	69.89	4551	3394	0.52	3861	0	0	0.00	0.61	29.62	6.58
4	12	2392	52.63	4545	3394	0.48	6575	0	0	0.01	1.66	45.98
5	5	2587	56.74	4560	3394	0.52	4310	0	0	0.00	0.62	42.80	6.82
5	13	3603	79.02	4559	3394	0.52	4433	1	0	0.01	0.98	20.12
6	6	2252	49.73	4528	3394	0.49	4731	0	0	0.00	1.16	49.28	6.45
6	14	3252	71.72	4535	3394	0.51	4665	0	0	0.01	1.13	27.31
7	7	2981	65.71	4537	3394	0.53	3979	0	0	0.00	1.16	33.26	6.54
7	15	2813	61.89	4545	3394	0.50	4082	1	0	0.00	1.61	36.65
Core	CPU	Avg_MHz	Busy%	Bzy_MHz	TSC_MHz	IPC	IRQ	NMI	SMI	POLL%	C1%	C2%	CorWatt	PkgWatt
-	-	2861	63.17	4529	3392	0.51	81415	5	0	0.01	1.25	35.74	53.45	72.57
0	0	3469	76.21	4551	3394	0.52	4278	1	0	0.01	1.66	22.25	6.86	72.69
0	8	2776	60.98	4552	3394	0.49	5389	0	0	0.01	1.04	38.17
1	1	3929	85.95	4571	3394	0.57	4069	0	0	0.00	0.77	13.39	7.40
1	9	3572	78.16	4570	3394	0.51	3404	1	0	0.00	0.63	21.30
2	2	2703	61.60	4388	3394	0.51	5534	1	0	0.01	1.71	36.86	6.15
2	10	1664	38.04	4374	3394	0.42	7338	0	0	0.01	1.44	60.82
3	3	2239	50.29	4451	3394	0.50	4862	0	0	0.01	0.93	48.91	6.04
3	11	2230	49.68	4490	3394	0.50	4979	0	0	0.01	1.85	48.66
4	4	3197	70.22	4552	3394	0.51	4927	0	0	0.00	1.27	28.67	6.82
4	12	2570	56.52	4548	3394	0.48	5410	0	0	0.01	1.08	42.59
5	5	2268	49.74	4560	3394	0.48	5656	1	0	0.01	1.47	49.01	6.66
5	13	3275	71.79	4562	3394	0.52	5071	0	0	0.00	0.97	27.39
6	6	2439	53.85	4530	3394	0.48	5882	0	0	0.00	1.67	44.72	6.66
6	14	3244	71.40	4543	3394	0.51	5387	0	0	0.01	1.34	27.44
7	7	3410	74.76	4561	3394	0.54	3861	1	0	0.01	1.01	24.35	6.89
7	15	2810	61.62	4561	3394	0.48	5368	0	0	0.00	1.14	37.44
Core	CPU	Avg_MHz	Busy%	Bzy_MHz	TSC_MHz	IPC	IRQ	NMI	SMI	POLL%	C1%	C2%	CorWatt	PkgWatt
-	-	2859	63.02	4536	3395	0.51	80937	3	0	0.01	1.27	35.90	53.46	72.58
0	0	3267	71.99	4539	3394	0.53	4705	0	0	0.00	1.47	26.67	6.66	72.44
0	8	2560	56.18	4556	3394	0.48	4298	0	0	0.00	0.58	43.40
1	1	3701	81.36	4548	3394	0.54	3731	1	0	0.00	0.82	17.91	6.99
1	9	2864	62.77	4562	3394	0.48	5333	0	0	0.00	1.45	35.98
2	2	2695	60.73	4438	3394	0.53	5572	0	0	0.01	1.59	37.85	6.04
2	10	1419	32.47	4370	3394	0.43	7756	0	0	0.01	3.05	64.79
3	3	2595	57.84	4488	3394	0.52	5158	0	0	0.01	1.13	41.19	6.42
3	11	2470	55.15	4479	3394	0.49	6190	0	0	0.01	1.97	43.11
4	4	2816	61.73	4562	3394	0.51	5002	1	0	0.01	0.91	37.53	6.74
4	12	2804	61.52	4558	3394	0.50	5473	1	0	0.01	1.02	37.67
5	5	3501	76.73	4563	3394	0.55	2938	0	0	0.00	0.34	23.00	7.31
5	13	3629	79.50	4565	3394	0.51	4122	0	0	0.00	0.47	20.14
6	6	2988	65.74	4545	3394	0.50	5674	0	0	0.00	1.68	32.79	6.73
6	14	2854	62.88	4540	3394	0.49	5710	0	0	0.00	1.66	35.68
7	7	2930	64.39	4550	3394	0.50	5233	0	0	0.01	1.65	34.15	6.54
7	15	2615	57.36	4559	3394	0.49	4042	0	0	0.01	0.53	42.25
Core	CPU	Avg_MHz	Busy%	Bzy_MHz	TSC_MHz	IPC	IRQ	NMI	SMI	POLL%	C1%	C2%	CorWatt	PkgWatt
-	-	2847	62.82	4533	3393	0.52	78150	1	0	0.01	1.33	36.02	53.40	72.50
0	0	3167	69.62	4548	3394	0.51	6203	0	0	0.01	2.19	28.39	6.72	72.49
0	8	2582	56.68	4555	3394	0.48	5783	0	0	0.01	1.62	41.92
1	1	4255	93.14	4568	3394	0.59	2550	0	0	0.00	0.13	6.75	7.77
1	9	4146	90.76	4568	3394	0.51	2906	0	0	0.00	0.26	9.02
2	2	2394	53.96	4437	3394	0.52	4718	0	0	0.01	1.00	45.18	6.06
2	10	1914	43.26	4424	3394	0.48	7424	1	0	0.01	5.56	51.49
3	3	2273	50.76	4477	3394	0.50	5626	0	0	0.01	0.91	48.50	6.46
3	11	2808	62.44	4497	3394	0.50	5166	0	0	0.01	0.83	36.91
4	4	3069	67.40	4554	3394	0.51	3682	0	0	0.00	0.62	32.08	6.61
4	12	2478	54.42	4553	3394	0.49	4532	0	0	0.01	1.01	44.74
5	5	2957	64.84	4561	3394	0.51	4261	0	0	0.00	1.03	34.28	6.81
5	13	2931	64.35	4554	3394	0.50	5452	0	0	0.01	0.78	35.06
6	6	3199	70.63	4529	3394	0.52	3477	0	0	0.00	2.01	27.54	6.39
6	14	1782	39.53	4508	3394	0.64	5618	0	0	0.01	0.97	59.72
7	7	2605	57.35	4542	3394	0.48	5733	0	0	0.01	1.45	41.42	6.60
7	15	3002	65.99	4549	3394	0.49	5019	0	0	0.00	0.92	33.27
Core	CPU	Avg_MHz	Busy%	Bzy_MHz	TSC_MHz	IPC	IRQ	NMI	SMI	POLL%	C1%	C2%	CorWatt	PkgWatt
-	-	2846	62.83	4529	3393	0.50	78650	1	0	0.00	0.96	36.37	53.16	72.39
0	0	2881	63.50	4538	3394	0.49	5697	0	0	0.00	0.93	35.77	6.60	72.42
0	8	2796	61.53	4545	3394	0.48	5112	0	0	0.01	0.91	37.76
1	1	4079	89.32	4567	3394	0.52	2988	0	0	0.00	0.49	10.24	7.69
1	9	4021	88.00	4569	3394	0.56	4049	0	0	0.01	0.74	11.37
2	2	2321	52.88	4389	3394	0.52	5366	0	0	0.01	1.68	45.62	5.77
2	10	1650	37.72	4374	3394	0.48	4841	0	0	0.01	1.39	61.06
3	3	2812	62.33	4511	3394	0.52	5442	0	0	0.00	1.20	36.64	6.50
3	11	2435	53.82	4524	3394	0.48	5432	0	0	0.00	0.89	45.49
4	4	2864	62.94	4550	3394	0.50	4266	0	0	0.01	0.72	36.48	6.73
4	12	2762	60.82	4542	3394	0.49	6343	0	0	0.01	1.29	38.13
5	5	2655	58.53	4537	3394	0.49	4003	0	0	0.00	0.38	41.23	6.69
5	13	2935	64.62	4541	3394	0.48	6513	0	0	0.01	1.75	33.87
6	6	3276	72.10	4544	3394	0.52	3524	0	0	0.00	0.44	27.56	6.50
6	14	2158	47.47	4546	3394	0.46	5686	1	0	0.00	0.74	52.02
7	7	3114	68.50	4546	3394	0.52	4958	0	0	0.01	1.33	30.33	6.70
7	15	2778	61.20	4540	3394	0.49	4430	0	0	0.00	0.46	38.50
Core	CPU	Avg_MHz	Busy%	Bzy_MHz	TSC_MHz	IPC	IRQ	NMI	SMI	POLL%	C1%	C2%	CorWatt	PkgWatt
-	-	2854	63.02	4528	3393	0.51	79152	4	0	0.01	1.04	36.10	53.46	72.57
0	0	2368	52.26	4532	3394	0.47	6518	0	0	0.01	0.74	47.24	6.46	72.60
0	8	3004	66.17	4540	3394	0.51	3978	1	0	0.01	0.61	33.34
1	1	3498	76.57	4569	3394	0.50	3428	0	0	0.00	0.34	23.17	7.70
1	9	4567	99.98	4568	3394	0.60	2219	1	0	0.00	0.02	0.00
2	2	2332	52.72	4423	3394	0.50	5089	0	0	0.00	1.03	46.43	6.08
2	10	2030	46.04	4409	3394	0.48	6892	0	0	0.01	2.29	51.93
3	3	2517	55.89	4504	3394	0.52	5278	0	0	0.00	0.88	43.38	6.46
3	11	2588	57.15	4529	3394	0.50	4778	0	0	0.01	0.53	42.48
4	4	2877	63.43	4536	3394	0.50	4535	0	0	0.01	1.24	35.49	6.61
4	12	2508	55.44	4523	3394	0.48	6131	0	0	0.01	2.43	42.37
5	5	3145	69.21	4544	3394	0.50	4117	0	0	0.01	1.44	29.50	6.88
5	13	2848	62.57	4552	3394	0.48	5989	1	0	0.01	1.05	36.61
6	6	2866	63.20	4534	3394	0.51	4232	1	0	0.00	0.64	36.29	6.64
6	14	2908	64.19	4530	3394	0.50	5463	0	0	0.00	1.19	34.82
7	7	2444	53.95	4530	3394	0.47	5169	0	0	0.00	0.84	45.40	6.63
7	15	3163	69.62	4543	3394	0.55	5336	0	0	0.01	1.40	29.15
Core	CPU	Avg_MHz	Busy%	Bzy_MHz	TSC_MHz	IPC	IRQ	NMI	SMI	POLL%	C1%	C2%	CorWatt	PkgWatt
-	-	2842	62.76	4528	3390	0.50	76907	5	0	0.01	0.96	36.41	53.10	72.30
0	0	2799	61.56	4547	3394	0.50	5263	1	0	0.01	0.84	37.77	6.58	72.39
0	8	2796	61.46	4550	3394	0.50	5267	0	0	0.01	0.79	37.94
1	1	3556	77.85	4568	3394	0.50	3889	1	0	0.00	0.43	21.83	7.70
1	9	4565	99.99	4566	3394	0.60	2239	0	0	0.00	0.02	0.00
2	2	2412	54.62	4415	3394	0.51	4748	0	0	0.00	1.45	44.07	6.03
2	10	1984	44.86	4423	3394	0.47	6354	0	0	0.00	1.68	53.71
3	3	3707	81.51	4548	3394	0.52	3520	1	0	0.00	0.82	17.73	6.61
3	11	1815	39.93	4545	3394	0.44	5196	0	0	0.02	0.95	59.34
4	4	3396	75.27	4511	3394	0.52	4142	0	0	0.01	1.24	23.60	6.46
4	12	1797	39.88	4505	3394	0.44	5248	0	0	0.01	1.23	59.11
5	5	3341	73.35	4555	3394	0.50	4683	1	0	0.01	0.92	25.89	6.72
5	13	2415	52.99	4558	3394	0.47	4824	0	0	0.01	0.84	46.35
6	6	2849	62.86	4532	3394	0.50	4994	0	0	0.00	1.09	36.23	6.51
6	14	2613	57.65	4533	3394	0.49	5017	0	0	0.00	0.39	42.15
7	7	2634	58.00	4541	3394	0.49	5958	0	0	0.02	0.94	41.27	6.54
7	15	2835	62.33	4549	3394	0.49	5565	1	0	0.00	1.73	36.15
Core	CPU	Avg_MHz	Busy%	Bzy_MHz	TSC_MHz	IPC	IRQ	NMI	SMI	POLL%	C1%	C2%	CorWatt	PkgWatt
-	-	2842	62.64	4536	3398	0.52	78356	2	0	0.00	1.15	36.42	53.62	72.66
0	0	3763	82.70	4550	3394	0.52	4105	0	0	0.00	2.16	15.25	6.97	72.50
0	8	2358	51.77	4554	3394	0.59	5646	0	0	0.01	0.52	47.92
1	1	4227	92.50	4570	3394	0.51	2415	0	0	0.00	0.10	7.42	8.01
1	9	4569	99.99	4570	3394	0.60	2237	0	0	0.00	0.02	0.00
2	2	2437	55.74	4372	3394	0.52	5957	0	0	0.00	2.43	42.04	5.84
2	10	1445	33.20	4352	3394	0.45	5239	0	0	0.01	1.65	65.34
3	3	2969	65.26	4550	3394	0.52	4820	0	0	0.01	0.95	33.92	6.64
3	11	2480	54.46	4553	3394	0.49	5436	1	0	0.00	1.14	44.60
4	4	2329	51.28	4541	3394	0.48	5171	0	0	0.01	0.83	48.06	6.62
4	12	3028	66.63	4545	3394	0.50	6522	0	0	0.00	2.47	31.14
5	5	2650	58.38	4539	3394	0.50	5001	0	0	0.00	0.95	40.84	6.57
5	13	2579	56.85	4537	3394	0.50	6136	0	0	0.01	1.33	42.04
6	6	2578	57.40	4491	3394	0.50	5281	0	0	0.01	0.91	41.88	6.40
6	14	2502	55.64	4496	3394	0.51	5047	0	0	0.00	1.02	43.52
7	7	2538	55.75	4553	3394	0.49	4901	1	0	0.00	0.94	43.48	6.50
7	15	2945	64.70	4552	3394	0.50	4442	0	0	0.01	1.00	34.45
Core	CPU	Avg_MHz	Busy%	Bzy_MHz	TSC_MHz	IPC	IRQ	NMI	SMI	POLL%	C1%	C2%	CorWatt	PkgWatt
-	-	2840	62.67	4533	3393	0.51	78692	3	0	0.00	1.09	36.40	53.62	72.81
0	0	2909	63.82	4558	3394	0.50	5956	0	0	0.00	1.36	35.02	6.69	72.82
0	8	2894	63.57	4552	3394	0.50	4726	0	0	0.00	0.65	35.93
1	1	4174	91.35	4570	3394	0.51	2536	0	0	0.00	0.18	8.49	8.00
1	9	4568	99.99	4569	3394	0.61	2249	0	0	0.00	0.02	0.00
2	2	1930	44.17	4370	3394	0.49	6939	1	0	0.01	2.39	53.69	6.00
2	10	1956	44.34	4411	3394	0.50	5186	0	0	0.01	1.12	54.73
3	3	2914	64.02	4552	3394	0.51	4428	0	0	0.01	0.70	35.41	6.73
3	11	2624	57.58	4556	3394	0.50	5573	0	0	0.01	0.93	41.69
4	4	2247	49.60	4531	3394	0.48	5759	1	0	0.00	1.24	49.38	6.57
4	12	2930	64.45	4546	3394	0.52	4651	1	0	0.00	1.71	34.00
5	5	2930	64.59	4537	3394	0.51	4853	0	0	0.01	1.01	34.57	6.69
5	13	2671	58.88	4536	3394	0.48	5099	0	0	0.00	0.66	40.65
6	6	2590	57.54	4500	3394	0.50	5008	0	0	0.01	0.88	41.74	6.41
6	14	2572	56.98	4514	3394	0.49	6379	0	0	0.01	2.72	40.56
7	7	2322	51.05	4549	3394	0.47	5625	0	0	0.01	1.12	48.04	6.54
7	15	3223	70.70	4559	3394	0.52	3725	0	0	0.00	0.76	28.64
Core	CPU	Avg_MHz	Busy%	Bzy_MHz	TSC_MHz	IPC	IRQ	NMI	SMI	POLL%	C1%	C2%	CorWatt	PkgWatt
-	-	2840	62.72	4528	3394	0.52	79386	1	0	0.00	1.15	36.30	53.78	72.86
0	0	3143	69.35	4533	3394	0.57	4516	0	0	0.01	0.80	29.98	6.77	72.85
0	8	2619	57.81	4531	3394	0.49	6788	0	0	0.01	2.01	40.44
1	1	3736	81.78	4569	3394	0.51	3418	0	0	0.00	0.35	17.94	7.84
1	9	4567	99.99	4568	3394	0.61	2244	1	0	0.00	0.02	0.00
2	2	2458	55.77	4407	3394	0.52	5375	0	0	0.01	1.48	42.92	6.03
2	10	1799	40.92	4396	3394	0.50	4440	0	0	0.00	1.09	58.14
3	3	3367	74.15	4541	3394	0.52	4171	0	0	0.00	1.05	24.91	6.71
3	11	2166	47.75	4535	3394	0.48	5826	0	0	0.01	0.98	51.49
4	4	2773	61.08	4540	3394	0.52	4742	0	0	0.00	0.82	38.26	6.73
4	12	2556	56.40	4532	3394	0.49	6706	0	0	0.00	1.67	42.17
5	5	2584	57.30	4509	3394	0.50	5382	0	0	0.01	1.56	41.33	6.52
5	13	2550	56.26	4532	3394	0.49	5665	0	0	0.00	1.15	42.80
6	6	2593	57.37	4520	3394	0.49	5276	0	0	0.01	0.85	41.98	6.54
6	14	2802	61.84	4531	3394	0.50	6384	0	0	0.01	2.60	35.80
7	7	2915	64.01	4554	3394	0.51	3356	0	0	0.00	0.69	35.40	6.63
7	15	2808	61.68	4553	3394	0.50	5097	0	0	0.00	1.23	37.27
Core	CPU	Avg_MHz	Busy%	Bzy_MHz	TSC_MHz	IPC	IRQ	NMI	SMI	POLL%	C1%	C2%	CorWatt	PkgWatt
-	-	2834	62.52	4533	3394	0.51	76980	0	0	0.01	0.95	36.69	53.31	72.52
0	0	2797	61.73	4532	3394	0.50	5044	0	0	0.01	1.33	37.10	6.57	72.51
0	8	2744	60.43	4541	3394	0.49	5978	0	0	0.01	1.15	38.64
1	1	3379	74.00	4566	3394	0.50	3640	0	0	0.00	0.35	25.75	7.67
1	9	4562	99.99	4563	3394	0.61	2236	0	0	0.00	0.02	0.00
2	2	2275	51.89	4384	3394	0.50	6133	0	0	0.01	1.41	46.90	6.11
2	10	2093	47.15	4438	3394	0.49	4598	0	0	0.00	0.93	52.08
3	3	3784	83.21	4548	3394	0.53	4132	0	0	0.01	0.88	15.99	6.79
3	11	1920	42.21	4548	3394	0.44	6542	0	0	0.01	1.08	56.98
4	4	2600	57.29	4538	3394	0.51	4300	0	0	0.00	0.52	42.33	6.61
4	12	2798	61.64	4540	3394	0.50	5230	0	0	0.00	0.95	37.59
5	5	2592	57.15	4536	3394	0.49	4909	0	0	0.00	0.94	42.09	6.49
5	13	2631	58.00	4536	3394	0.50	5951	0	0	0.01	2.30	39.92
6	6	2636	57.98	4546	3394	0.51	3889	0	0	0.01	0.51	41.64	6.48
6	14	2827	62.22	4543	3394	0.50	4518	0	0	0.00	1.12	36.81
7	7	2768	60.88	4547	3394	0.50	4517	0	0	0.00	0.80	38.48	6.59
7	15	2934	64.53	4547	3394	0.50	5363	0	0	0.01	0.92	34.73
Core	CPU	Avg_MHz	Busy%	Bzy_MHz	TSC_MHz	IPC	IRQ	NMI	SMI	POLL%	C1%	C2%	CorWatt	PkgWatt
-	-	2826	62.45	4526	3393	0.52	76020	5	0	0.01	0.99	36.72	52.96	72.09
0	0	2636	58.30	4522	3394	0.57	5431	0	0	0.01	0.89	40.99	6.45	72.11
0	8	2725	60.13	4532	3394	0.51	4095	1	0	0.01	1.09	38.92
1	1	3150	69.07	4561	3394	0.49	4261	1	0	0.00	0.50	30.56	7.53
1	9	4558	99.99	4559	3394	0.61	2238	0	0	0.00	0.02	0.00
2	2	2402	54.58	4402	3394	0.52	5306	0	0	0.01	1.98	43.62	6.13
2	10	2065	46.67	4425	3394	0.49	6122	0	0	0.00	1.58	51.95
3	3	2357	51.86	4546	3394	0.48	5753	1	0	0.01	1.10	47.24	6.70
3	11	3361	73.94	4546	3394	0.52	4437	0	0	0.01	1.03	25.17
4	4	3423	75.35	4543	3394	0.54	5383	0	0	0.02	1.64	23.17	6.75
4	12	2321	51.13	4539	3394	0.47	4909	0	0	0.01	0.71	48.34
5	5	2416	53.36	4527	3394	0.50	4474	0	0	0.00	1.18	45.62	6.56
5	13	3037	67.01	4532	3394	0.51	4881	0	0	0.01	0.57	32.59
6	6	2642	58.49	4517	3394	0.51	4208	0	0	0.00	0.72	40.93	6.31
6	14	2430	53.75	4520	3394	0.53	5631	1	0	0.00	0.84	45.61
7	7	2552	56.23	4539	3394	0.48	4618	0	0	0.00	0.79	43.15	6.54
7	15	3149	69.35	4540	3394	0.52	4273	1	0	0.01	1.16	29.62
Core	CPU	Avg_MHz	Busy%	Bzy_MHz	TSC_MHz	IPC	IRQ	NMI	SMI	POLL%	C1%	C2%	CorWatt	PkgWatt
-	-	2828	62.41	4532	3394	0.51	77349	4	0	0.01	1.00	36.76	53.30	72.34
0	0	2841	62.40	4552	3394	0.50	5261	1	0	0.01	1.32	36.46	6.63	72.33
0	8	2788	61.22	4553	3394	0.50	4602	0	0	0.01	0.74	38.19
1	1	3357	73.55	4564	3394	0.50	4489	0	0	0.00	0.69	25.89	7.65
1	9	4562	99.99	4562	3394	0.61	2238	0	0	0.00	0.02	0.00
2	2	2169	49.25	4403	3394	0.50	5787	0	0	0.01	1.55	49.41	6.14
2	10	2289	51.29	4463	3394	0.52	4851	1	0	0.00	1.66	47.23
3	3	2947	65.33	4510	3394	0.52	4146	0	0	0.00	0.62	34.15	6.30
3	11	1929	42.94	4493	3394	0.49	5026	0	0	0.01	1.43	55.82
4	4	2867	63.15	4540	3394	0.51	4675	0	0	0.01	0.96	36.05	6.73
4	12	2777	61.13	4543	3394	0.50	4610	0	0	0.00	0.85	38.18
5	5	2883	63.65	4529	3394	0.51	4798	0	0	0.01	1.17	35.35	6.57
5	13	2518	55.54	4534	3394	0.49	5774	1	0	0.01	1.26	43.41
6	6	2892	63.63	4545	3394	0.49	4936	1	0	0.01	0.81	35.72	6.67
6	14	2799	61.54	4548	3394	0.49	6102	0	0	0.01	1.23	37.46
7	7	3278	72.04	4550	3394	0.51	4960	0	0	0.01	0.80	27.32	6.60
7	15	2360	51.88	4549	3394	0.48	5094	0	0	0.01	0.88	47.44
Core	CPU	Avg_MHz	Busy%	Bzy_MHz	TSC_MHz	IPC	IRQ	NMI	SMI	POLL%	C1%	C2%	CorWatt	PkgWatt
-	-	2837	62.69	4526	3393	0.52	78518	3	0	0.00	1.22	36.25	53.45	72.61
0	0	2957	65.14	4539	3394	0.51	5422	0	0	0.00	0.99	34.05	6.53	72.61
0	8	2520	55.38	4550	3394	0.49	5226	0	0	0.01	0.78	44.03
1	1	3714	81.39	4563	3394	0.50	3855	0	0	0.00	0.41	18.29	7.80
1	9	4561	99.99	4562	3394	0.61	2241	1	0	0.00	0.02	0.00
2	2	2270	51.61	4399	3394	0.49	6721	0	0	0.00	2.61	46.02	6.04
2	10	2019	45.43	4445	3394	0.51	5130	0	0	0.01	1.92	52.82
3	3	2941	65.22	4510	3394	0.52	5445	0	0	0.01	1.48	33.47	6.49
3	11	2181	48.43	4504	3394	0.50	4732	0	0	0.00	1.39	50.36
4	4	2501	55.19	4531	3394	0.49	4551	0	0	0.00	0.57	44.40	6.81
4	12	3155	69.36	4549	3394	0.56	4847	0	0	0.00	1.01	29.79
5	5	3006	66.32	4533	3394	0.52	4073	1	0	0.00	1.83	31.98	6.55
5	13	2367	52.27	4528	3394	0.49	5116	0	0	0.01	0.58	47.34
6	6	3282	72.57	4523	3394	0.51	4647	0	0	0.00	2.44	25.15	6.63
6	14	2316	51.32	4513	3394	0.48	6430	0	0	0.01	1.13	47.79
7	7	2917	64.26	4540	3394	0.51	4332	1	0	0.01	1.00	34.89	6.60
7	15	2690	59.14	4548	3394	0.49	5750	0	0	0.00	1.34	39.72
Core	CPU	Avg_MHz	Busy%	Bzy_MHz	TSC_MHz	IPC	IRQ	NMI	SMI	POLL%	C1%	C2%	CorWatt	PkgWatt
-	-	2825	62.42	4526	3393	0.51	79098	2	0	0.01	0.87	36.87	53.77	72.88
0	0	2514	55.39	4538	3394	0.50	6410	0	0	0.00	1.48	43.34	6.64	72.90
0	8	2909	64.09	4539	3394	0.50	6498	0	0	0.01	1.16	34.98
1	1	4370	95.71	4565	3394	0.54	2544	0	0	0.00	0.15	4.16	8.05
1	9	4386	96.07	4566	3394	0.59	2460	0	0	0.00	0.03	3.92
2	2	2167	49.36	4390	3394	0.50	6118	0	0	0.00	1.44	49.41	6.05
2	10	1949	43.80	4449	3394	0.50	5274	0	0	0.01	1.55	54.85
3	3	2480	55.32	4482	3394	0.50	5044	0	0	0.01	0.58	44.25	6.56
3	11	2797	61.88	4520	3394	0.51	4680	1	0	0.00	0.62	37.66
4	4	2751	60.55	4543	3394	0.52	4061	1	0	0.00	0.84	38.74	6.67
4	12	2639	58.10	4543	3394	0.50	5067	0	0	0.01	0.44	41.64
5	5	3220	70.96	4537	3394	0.52	4667	0	0	0.00	0.95	28.24	6.69
5	13	2260	49.89	4530	3394	0.48	5658	0	0	0.01	0.56	49.77
6	6	2309	51.01	4526	3394	0.49	5322	0	0	0.01	0.97	48.20	6.57
6	14	3053	67.31	4536	3394	0.51	4909	0	0	0.01	0.86	31.99
7	7	2793	61.69	4527	3394	0.51	4974	0	0	0.00	0.96	37.52	6.54
7	15	2614	57.60	4538	3394	0.50	5412	0	0	0.01	1.34	41.25
Core	CPU	Avg_MHz	Busy%	Bzy_MHz	TSC_MHz	IPC	IRQ	NMI	SMI	POLL%	C1%	C2%	CorWatt	PkgWatt
-	-	2737	60.41	4530	3391	0.57	44219	2	0	0.00	0.34	39.28	51.08	71.60
0	0	3112	68.60	4537	3394	0.54	3852	0	0	0.00	0.42	31.08	6.20	71.76
0	8	2158	47.56	4537	3394	0.56	2391	0	0	0.00	0.35	52.15
1	1	3677	80.91	4544	3394	0.87	3277	0	0	0.00	0.15	19.01	6.76
1	9	1556	34.21	4547	3394	0.50	1308	0	0	0.00	0.06	65.76
2	2	2579	57.21	4508	3394	0.55	2925	1	0	0.00	0.38	42.47	6.11
2	10	2272	50.22	4524	3394	0.54	2641	0	0	0.00	0.33	49.52
3	3	2290	50.61	4524	3394	0.52	3484	0	0	0.01	0.36	49.12	6.10
3	11	2773	61.18	4532	3394	0.53	2300	0	0	0.01	0.30	38.55
4	4	3317	73.24	4529	3394	0.55	2613	0	0	0.00	0.38	26.42	6.58
4	12	2468	54.44	4533	3394	0.53	3648	1	0	0.00	0.77	44.91
5	5	4096	90.12	4545	3394	0.59	2667	0	0	0.00	0.27	9.64	7.25
5	13	3314	72.91	4545	3394	0.51	3113	0	0	0.01	0.52	26.64
6	6	1618	35.79	4522	3394	0.49	2259	0	0	0.00	0.11	64.17	6.04
6	14	3415	75.34	4533	3394	0.54	2776	0	0	0.00	0.16	24.55
7	7	1468	32.52	4514	3394	0.52	1713	0	0	0.00	0.26	67.27	6.08
7	15	3708	81.76	4536	3394	0.54	3252	0	0	0.00	0.60	17.70
Core	CPU	Avg_MHz	Busy%	Bzy_MHz	TSC_MHz	IPC	IRQ	NMI	SMI	POLL%	C1%	C2%	CorWatt	PkgWatt
-	-	2765	60.93	4538	3396	0.55	57318	1	0	0.00	1.07	38.15	52.34	72.15
0	0	2750	60.53	4543	3394	0.52	4037	0	0	0.00	0.90	38.70	6.38	71.96
0	8	2643	58.13	4547	3394	0.52	3480	0	0	0.00	0.88	41.09
1	1	3883	85.51	4541	3394	0.85	4008	1	0	0.01	1.29	13.30	6.79
1	9	1190	26.28	4530	3394	0.41	4463	0	0	0.01	5.05	69.13
2	2	2135	48.03	4447	3394	0.51	4911	0	0	0.01	1.99	50.15	6.00
2	10	2358	52.21	4517	3394	0.52	3474	0	0	0.00	0.95	46.95
3	3	2504	55.45	4516	3394	0.52	4002	0	0	0.00	0.65	44.01	6.32
3	11	2632	58.34	4510	3394	0.52	3859	0	0	0.00	0.77	41.01
4	4	1488	32.87	4526	3394	0.54	2918	0	0	0.00	0.44	66.78	6.18
4	12	3398	75.20	4519	3394	0.54	3186	0	0	0.00	0.49	24.38
5	5	2763	60.77	4547	3394	0.51	3014	0	0	0.00	0.72	38.60	6.46
5	13	2627	57.83	4542	3394	0.50	4171	0	0	0.00	0.44	41.86
6	6	3058	67.28	4546	3394	0.54	2788	0	0	0.01	0.47	32.32	6.43
6	14	2497	54.83	4555	3394	0.51	3343	0	0	0.00	1.21	44.07
7	7	4125	90.57	4554	3394	0.58	2868	0	0	0.00	0.10	9.37	7.71
7	15	4150	91.15	4553	3394	0.52	2796	0	0	0.00	0.79	8.10
Core	CPU	Avg_MHz	Busy%	Bzy_MHz	TSC_MHz	IPC	IRQ	NMI	SMI	POLL%	C1%	C2%	CorWatt	PkgWatt
-	-	2852	63.05	4524	3394	0.51	83503	4	0	0.01	1.55	35.59	53.84	72.51
0	0	3279	72.15	4545	3394	0.53	4920	0	0	0.00	1.47	26.54	6.87	72.51
0	8	2681	58.96	4546	3394	0.48	5521	1	0	0.00	1.18	40.07
1	1	3067	67.61	4537	3394	0.53	4615	0	0	0.00	0.73	31.80	6.61
1	9	2714	59.70	4545	3394	0.50	5089	0	0	0.01	1.42	39.06
2	2	2906	65.07	4467	3394	0.53	5165	0	0	0.00	2.07	33.02	6.68
2	10	2423	53.93	4494	3394	0.52	4970	0	0	0.01	2.41	43.86
3	3	2875	63.98	4493	3394	0.53	6168	1	0	0.02	1.92	34.29	6.46
3	11	2185	48.74	4482	3394	0.48	6254	0	0	0.00	1.83	49.68
4	4	2504	55.56	4506	3394	0.50	5293	0	0	0.01	1.96	42.69	6.69
4	12	2917	64.46	4525	3394	0.50	4838	0	0	0.00	1.24	34.46
5	5	3124	68.80	4541	3394	0.53	4795	0	0	0.01	1.09	30.28	6.88
5	13	2871	63.27	4538	3394	0.50	4897	0	0	0.01	1.02	35.87
6	6	2806	61.87	4535	3394	0.51	5780	0	0	0.01	1.28	37.06	6.94
6	14	3404	75.06	4536	3394	0.52	5041	1	0	0.01	2.20	22.91
7	7	2754	60.80	4529	3394	0.50	5454	0	0	0.01	1.50	37.91	6.71
7	15	3127	68.83	4543	3394	0.51	4703	1	0	0.01	1.44	29.89
Core	CPU	Avg_MHz	Busy%	Bzy_MHz	TSC_MHz	IPC	IRQ	NMI	SMI	POLL%	C1%	C2%	CorWatt	PkgWatt
-	-	2858	63.17	4524	3393	0.52	80522	5	0	0.01	1.31	35.69	53.88	72.82
0	0	2950	64.91	4546	3394	0.52	5052	1	0	0.00	1.20	34.06	6.89	72.83
0	8	3170	69.81	4541	3394	0.51	5022	0	0	0.01	1.29	29.06
1	1	2685	59.20	4535	3394	0.49	5047	0	0	0.01	1.66	39.33	6.54
1	9	2892	63.64	4545	3394	0.50	4699	1	0	0.01	0.96	35.56
2	2	2474	55.81	4434	3394	0.50	5615	0	0	0.00	2.25	42.14	6.30
2	10	2312	51.95	4450	3394	0.50	4649	0	0	0.00	0.84	47.37
3	3	2186	48.44	4512	3394	0.48	5785	0	0	0.02	1.49	50.28	6.55
3	11	3125	69.06	4526	3394	0.51	5206	0	0	0.00	1.24	29.87
4	4	2675	59.23	4517	3394	0.50	4715	0	0	0.00	1.14	39.78	6.77
4	12	2712	59.86	4530	3394	0.62	4780	0	0	0.01	0.78	39.52
5	5	3004	66.32	4529	3394	0.52	4601	1	0	0.00	1.26	32.57	6.67
5	13	2489	55.39	4494	3394	0.51	6985	1	0	0.01	1.76	43.12
6	6	3033	66.72	4545	3394	0.52	4207	1	0	0.00	0.91	32.51	7.00
6	14	3189	70.24	4540	3394	0.50	5577	0	0	0.00	2.06	27.91
7	7	3292	72.29	4553	3394	0.55	4416	0	0	0.00	1.01	26.84	7.14
7	15	3545	77.90	4551	3394	0.51	4166	0	0	0.00	1.09	21.13
Core	CPU	Avg_MHz	Busy%	Bzy_MHz	TSC_MHz	IPC	IRQ	NMI	SMI	POLL%	C1%	C2%	CorWatt	PkgWatt
-	-	2932	64.77	4527	3392	0.50	83185	2	0	0.01	1.50	33.90	54.13	72.94
0	0	3605	79.27	4547	3394	0.54	4851	0	0	0.00	1.09	19.79	7.11	72.98
0	8	3049	67.08	4545	3394	0.48	4906	0	0	0.01	1.21	31.88
1	1	3859	85.10	4535	3394	0.58	3267	0	0	0.00	1.13	13.84	7.13
1	9	3138	69.06	4543	3394	0.49	3938	0	0	0.01	0.76	30.30
2	2	2692	60.27	4467	3394	0.49	6781	0	0	0.02	2.35	37.62	6.42
2	10	2088	46.70	4471	3394	0.48	6193	1	0	0.00	3.13	50.43
3	3	2608	57.53	4534	3394	0.50	5512	0	0	0.01	1.27	41.39	6.75
3	11	3124	68.80	4541	3394	0.50	4936	0	0	0.01	1.32	30.05
4	4	2312	50.91	4542	3394	0.47	5649	0	0	0.00	1.22	48.09	6.77
4	12	3456	76.14	4539	3394	0.51	4415	0	0	0.01	0.62	23.37
5	5	2980	65.81	4529	3394	0.51	5534	0	0	0.01	2.67	31.73	6.82
5	13	2806	61.94	4530	3394	0.49	5715	0	0	0.01	1.49	36.78
6	6	2871	63.70	4507	3394	0.49	4747	0	0	0.00	1.31	35.16	6.56
6	14	2640	58.50	4514	3394	0.48	5751	0	0	0.02	1.87	39.85
7	7	3258	71.71	4543	3394	0.52	4791	1	0	0.01	1.18	27.27	6.60
7	15	2439	53.80	4534	3394	0.46	6199	0	0	0.01	1.45	44.99
Core	CPU	Avg_MHz	Busy%	Bzy_MHz	TSC_MHz	IPC	IRQ	NMI	SMI	POLL%	C1%	C2%	CorWatt	PkgWatt
-	-	2880	63.66	4524	3394	0.51	80630	2	0	0.01	1.35	35.18	53.40	72.30
0	0	2306	50.80	4540	3394	0.46	7220	0	0	0.01	1.14	48.34	6.84	72.27
0	8	4010	88.26	4543	3394	0.54	2740	0	0	0.00	0.47	11.30
1	1	3282	72.25	4543	3394	0.53	3547	0	0	0.00	1.69	26.18	6.79
1	9	3065	67.50	4541	3394	0.50	4688	0	0	0.00	0.79	31.86
2	2	2781	62.64	4440	3394	0.52	6337	0	0	0.01	2.60	34.97	6.30
2	10	1972	44.20	4462	3394	0.46	6395	0	0	0.01	1.35	54.70
3	3	2933	64.74	4530	3394	0.55	5133	0	0	0.00	1.02	34.41	6.77
3	11	2800	61.77	4533	3394	0.50	5438	1	0	0.01	1.82	36.61
4	4	2490	55.20	4511	3394	0.51	4760	0	0	0.00	0.87	44.10	6.52
4	12	2765	61.28	4512	3394	0.49	6241	1	0	0.01	1.83	37.12
5	5	2786	61.38	4538	3394	0.55	3444	0	0	0.01	0.45	38.28	6.82
5	13	3350	73.78	4540	3394	0.51	3878	0	0	0.01	0.97	25.36
6	6	2748	60.77	4522	3394	0.50	5225	0	0	0.00	1.89	37.53	6.64
6	14	2933	64.72	4532	3394	0.53	4711	0	0	0.01	1.33	34.13
7	7	3027	66.86	4527	3394	0.50	5312	0	0	0.01	1.88	31.46	6.70
7	15	2826	62.35	4532	3394	0.48	5561	0	0	0.01	1.43	36.42
Core	CPU	Avg_MHz	Busy%	Bzy_MHz	TSC_MHz	IPC	IRQ	NMI	SMI	POLL%	C1%	C2%	CorWatt	PkgWatt
-	-	2869	63.36	4529	3394	0.52	78267	2	0	0.01	1.20	35.61	53.44	72.48
0	0	3304	72.65	4548	3394	0.53	4951	0	0	0.01	0.50	26.98	7.03	72.46
0	8	3434	75.54	4546	3394	0.53	3406	0	0	0.00	0.34	24.20
1	1	2863	63.10	4537	3394	0.51	5768	1	0	0.00	1.42	35.66	6.83
1	9	3690	81.39	4534	3394	0.50	3839	0	0	0.00	0.50	18.20
2	2	2663	59.84	4451	3394	0.53	5749	0	0	0.01	2.41	37.94	6.25
2	10	1870	41.73	4481	3394	0.46	5294	0	0	0.02	1.67	56.80
3	3	2891	64.01	4516	3394	0.59	4858	0	0	0.00	0.61	35.50	6.61
3	11	2566	56.97	4505	3394	0.52	5424	0	0	0.01	1.25	41.96
4	4	2673	58.96	4533	3394	0.56	5030	1	0	0.00	1.35	39.87	6.72
4	12	2824	62.29	4534	3394	0.49	5204	0	0	0.00	1.55	36.35
5	5	3298	72.50	4549	3394	0.57	4072	0	0	0.01	0.91	26.70	6.83
5	13	2565	56.45	4545	3394	0.50	4480	0	0	0.01	0.97	42.72
6	6	2435	53.78	4527	3394	0.50	4744	0	0	0.00	0.73	45.66	6.65
6	14	3316	73.07	4538	3394	0.51	5047	0	0	0.00	1.47	25.63
7	7	3180	70.12	4535	3394	0.53	4187	0	0	0.00	1.26	28.75	6.51
7	15	2328	51.31	4537	3394	0.46	6214	0	0	0.00	2.23	46.72
Core	CPU	Avg_MHz	Busy%	Bzy_MHz	TSC_MHz	IPC	IRQ	NMI	SMI	POLL%	C1%	C2%	CorWatt	PkgWatt
-	-	2843	62.80	4527	3393	0.52	80764	3	0	0.01	1.51	35.86	53.56	72.52
0	0	3288	72.34	4546	3394	0.51	5321	0	0	0.01	1.81	26.03	7.01	72.55
0	8	3215	70.69	4548	3394	0.55	4593	1	0	0.01	0.87	28.58
1	1	2628	57.93	4536	3394	0.51	5137	0	0	0.01	0.90	41.34	6.47
1	9	2872	63.26	4540	3394	0.51	4657	0	0	0.00	1.18	35.71
2	2	2366	53.21	4446	3394	0.51	6159	1	0	0.01	3.15	43.86	6.27
2	10	2313	51.60	4483	3394	0.51	4542	0	0	0.00	1.55	47.02
3	3	2906	64.52	4504	3394	0.53	4558	0	0	0.01	1.70	33.92	6.42
3	11	2176	48.54	4482	3394	0.48	5178	0	0	0.00	1.07	50.58
4	4	3413	75.09	4545	3394	0.53	4669	0	0	0.00	1.48	23.59	7.08
4	12	2716	59.74	4546	3394	0.49	6017	0	0	0.02	1.34	39.15
5	5	3032	66.75	4543	3394	0.61	4544	0	0	0.01	1.12	32.29	6.90
5	13	2810	61.87	4541	3394	0.48	5856	0	0	0.01	1.42	36.92
6	6	2499	55.17	4529	3394	0.50	5999	0	0	0.01	2.33	42.75	6.61
6	14	3058	67.46	4533	3394	0.52	4380	1	0	0.00	1.19	31.49
7	7	2801	61.66	4543	3394	0.53	4052	0	0	0.01	0.66	37.82	6.82
7	15	3408	74.93	4548	3394	0.50	5102	0	0	0.00	2.34	22.91
Core	CPU	Avg_MHz	Busy%	Bzy_MHz	TSC_MHz	IPC	IRQ	NMI	SMI	POLL%	C1%	C2%	CorWatt	PkgWatt
-	-	2844	62.90	4522	3394	0.51	83082	2	0	0.00	1.37	35.92	54.21	73.08
0	0	2986	65.58	4552	3394	0.55	6102	1	0	0.01	1.74	32.90	7.14	73.05
0	8	3450	75.77	4553	3394	0.52	4456	0	0	0.00	1.23	23.13
1	1	3808	83.58	4556	3394	0.57	3862	0	0	0.00	1.88	14.64	7.56
1	9	3712	81.44	4558	3394	0.51	4556	0	0	0.00	1.11	17.58
2	2	2131	48.79	4368	3394	0.50	6383	0	0	0.01	2.68	48.77	6.07
2	10	1848	42.37	4360	3394	0.47	5892	0	0	0.00	0.68	57.17
3	3	1986	44.29	4483	3394	0.48	5500	0	0	0.00	1.37	54.53	6.46
3	11	2999	66.23	4529	3394	0.53	4508	0	0	0.00	1.23	32.68
4	4	2688	59.49	4518	3394	0.51	4438	0	0	0.00	0.87	39.79	6.70
4	12	2683	59.69	4496	3394	0.51	5387	0	0	0.01	0.69	39.81
5	5	2776	61.20	4536	3394	0.54	3489	0	0	0.00	0.45	38.45	6.75
5	13	2872	63.28	4539	3394	0.50	6125	0	0	0.01	2.00	34.94
6	6	2512	55.38	4536	3394	0.49	6103	0	0	0.01	0.89	43.95	6.84
6	14	3436	75.62	4544	3394	0.52	4676	0	0	0.01	1.49	23.04
7	7	3114	68.61	4538	3394	0.51	5344	0	0	0.00	1.78	29.80	6.67
7	15	2502	55.03	4546	3394	0.48	6261	1	0	0.01	1.78	43.44
Core	CPU	Avg_MHz	Busy%	Bzy_MHz	TSC_MHz	IPC	IRQ	NMI	SMI	POLL%	C1%	C2%	CorWatt	PkgWatt
-	-	2849	62.98	4524	3394	0.51	82802	6	0	0.01	1.34	35.87	53.77	72.59
0	0	3246	71.38	4548	3394	0.51	4963	0	0	0.01	0.71	28.08	7.12	72.57
0	8	3226	70.95	4547	3394	0.50	6147	0	0	0.01	1.99	27.29
1	1	3177	70.01	4539	3394	0.54	4581	0	0	0.01	0.62	29.52	6.95
1	9	3262	71.91	4536	3394	0.52	4402	1	0	0.00	1.28	26.94
2	2	2665	59.62	4471	3394	0.51	6790	0	0	0.01	3.11	37.51	6.57
2	10	2548	56.49	4511	3394	0.51	4388	0	0	0.01	0.94	42.72
3	3	2439	54.38	4485	3394	0.50	5985	1	0	0.00	1.46	44.36	6.47
3	11	2736	60.69	4508	3394	0.50	5002	0	0	0.00	1.18	38.31
4	4	2285	50.38	4535	3394	0.49	6789	0	0	0.01	1.79	48.10	6.76
4	12	3304	72.86	4535	3394	0.52	4322	0	0	0.00	0.70	26.58
5	5	3134	69.04	4539	3394	0.54	4089	1	0	0.01	0.88	30.22	6.73
5	13	2551	56.29	4532	3394	0.48	6400	1	0	0.01	1.36	42.60
6	6	2874	63.69	4513	3394	0.51	4689	1	0	0.01	1.05	35.43	6.56
6	14	2538	56.32	4507	3394	0.50	4743	0	0	0.01	0.83	43.03
7	7	3071	67.93	4520	3394	0.54	4631	1	0	0.01	1.91	30.31	6.59
7	15	2524	55.74	4528	3394	0.50	4881	0	0	0.00	1.71	42.74
Core	CPU	Avg_MHz	Busy%	Bzy_MHz	TSC_MHz	IPC	IRQ	NMI	SMI	POLL%	C1%	C2%	CorWatt	PkgWatt
-	-	2835	62.66	4524	3393	0.52	80955	0	0	0.01	1.30	36.21	53.79	72.52
0	0	3470	76.40	4542	3394	0.53	4163	0	0	0.00	0.90	22.81	7.03	72.53
0	8	3114	68.46	4548	3394	0.51	4805	0	0	0.00	1.32	30.38
1	1	3622	80.01	4526	3394	0.55	4205	0	0	0.01	1.32	18.78	6.80
1	9	2177	48.18	4519	3394	0.57	5800	0	0	0.00	0.89	51.17
2	2	3056	67.96	4497	3394	0.53	5243	0	0	0.00	2.09	30.11	6.72
2	10	2255	50.28	4485	3394	0.48	6122	0	0	0.01	1.37	48.58
3	3	2921	65.33	4471	3394	0.54	5979	0	0	0.01	2.53	32.33	6.39
3	11	1960	43.73	4483	3394	0.48	5111	0	0	0.01	0.71	55.76
4	4	2092	46.22	4526	3394	0.47	5657	0	0	0.01	1.07	52.93	6.72
4	12	3444	75.89	4538	3394	0.52	4323	0	0	0.00	0.91	23.32
5	5	2805	61.76	4541	3394	0.52	4319	0	0	0.01	1.46	36.93	6.65
5	13	2736	60.29	4538	3394	0.49	6049	0	0	0.01	1.60	38.34
6	6	2705	59.70	4531	3394	0.51	6107	0	0	0.01	1.52	39.01	6.74
6	14	3026	66.76	4533	3394	0.52	3976	0	0	0.00	1.49	31.88
7	7	2821	62.05	4546	3394	0.54	4242	0	0	0.00	1.01	37.08	6.75
7	15	3157	69.53	4541	3394	0.51	4854	0	0	0.00	0.57	30.07
Core	CPU	Avg_MHz	Busy%	Bzy_MHz	TSC_MHz	IPC	IRQ	NMI	SMI	POLL%	C1%	C2%	CorWatt	PkgWatt
-	-	2846	62.95	4522	3392	0.51	82829	2	0	0.01	1.42	35.79	54.21	73.08
0	0	2896	63.74	4544	3394	0.51	5026	0	0	0.00	0.40	36.02	6.89	73.21
0	8	3170	69.69	4549	3394	0.53	4425	0	0	0.01	0.93	29.52
1	1	3187	70.24	4537	3394	0.52	5231	1	0	0.01	1.52	28.40	6.74
1	9	2578	56.84	4535	3394	0.49	5668	0	0	0.01	1.04	42.32
2	2	2589	58.74	4408	3394	0.52	5806	0	0	0.01	3.18	38.28	6.32
2	10	2004	44.64	4488	3394	0.48	4643	0	0	0.00	0.91	54.61
3	3	3034	67.55	4492	3394	0.52	4614	0	0	0.00	1.31	31.27	6.55
3	11	2087	46.45	4494	3394	0.48	5822	0	0	0.01	1.35	52.43
4	4	2747	60.74	4523	3394	0.50	5565	0	0	0.01	2.18	37.28	6.83
4	12	2832	62.55	4528	3394	0.51	5489	1	0	0.01	2.03	35.62
5	5	3035	66.75	4547	3394	0.52	4943	0	0	0.00	0.92	32.49	6.87
5	13	2704	59.43	4550	3394	0.48	7667	0	0	0.01	2.94	37.93
6	6	2620	57.86	4528	3394	0.51	4423	0	0	0.00	0.86	41.43	6.75
6	14	3048	67.27	4531	3394	0.50	5511	0	0	0.02	1.38	31.54
7	7	3686	81.10	4546	3394	0.57	3490	0	0	0.00	0.56	18.42	7.29
7	15	3344	73.58	4545	3394	0.49	4506	0	0	0.00	1.27	25.30
Core	CPU	Avg_MHz	Busy%	Bzy_MHz	TSC_MHz	IPC	IRQ	NMI	SMI	POLL%	C1%	C2%	CorWatt	PkgWatt
-	-	2841	62.80	4524	3394	0.51	81143	2	0	0.01	1.30	36.08	54.02	72.96
0	0	2754	60.61	4543	3394	0.51	6497	0	0	0.01	1.55	38.05	6.75	72.85
0	8	3024	66.54	4544	3394	0.51	5095	0	0	0.00	1.12	32.51
1	1	3178	70.09	4534	3394	0.53	4997	0	0	0.00	0.81	29.25	6.65
1	9	2555	56.21	4545	3394	0.49	5187	0	0	0.01	1.37	42.60
2	2	2531	56.96	4444	3394	0.55	6070	0	0	0.00	3.29	39.97	6.53
2	10	2467	55.35	4457	3394	0.51	4471	1	0	0.01	0.81	43.99
3	3	2736	60.77	4503	3394	0.49	6110	0	0	0.01	1.07	38.36	6.64
3	11	2762	60.98	4529	3394	0.51	4542	1	0	0.00	0.90	38.28
4	4	2050	45.17	4538	3394	0.48	4442	0	0	0.00	0.93	54.07	6.83
4	12	3695	81.40	4539	3394	0.53	3285	0	0	0.00	0.43	18.24
5	5	2696	59.28	4548	3394	0.53	4755	0	0	0.01	1.23	39.67	6.93
5	13	3247	71.47	4543	3394	0.51	5302	0	0	0.00	1.51	27.19
6	6	3466	76.68	4520	3394	0.53	3719	0	0	0.00	1.10	22.33	6.75
6	14	2301	50.89	4521	3394	0.47	5349	0	0	0.01	0.69	48.63
7	7	3524	77.83	4528	3394	0.56	4434	0	0	0.00	2.02	20.29	6.91
7	15	2462	54.57	4512	3394	0.47	6888	0	0	0.01	1.97	43.74
Core	CPU	Avg_MHz	Busy%	Bzy_MHz	TSC_MHz	IPC	IRQ	NMI	SMI	POLL%	C1%	C2%	CorWatt	PkgWatt
-	-	2842	62.83	4524	3394	0.51	82187	3	0	0.01	1.24	36.11	53.97	72.83
0	0	2865	63.21	4532	3394	0.51	5923	0	0	0.00	0.98	36.01	6.63	72.80
0	8	2730	60.33	4526	3394	0.50	5186	1	0	0.01	1.42	38.44
1	1	3470	76.23	4552	3394	0.52	4468	0	0	0.00	1.23	22.67	7.07
1	9	3165	69.55	4551	3394	0.54	4401	0	0	0.01	0.62	29.97
2	2	2560	57.58	4445	3394	0.51	5583	0	0	0.01	1.45	41.16	6.42
2	10	2393	53.92	4437	3394	0.50	5854	0	0	0.00	1.93	44.37
3	3	2482	54.95	4516	3394	0.51	5036	0	0	0.01	1.90	43.32	6.64
3	11	2936	64.98	4517	3394	0.53	5546	0	0	0.01	1.14	34.06
4	4	2204	48.56	4538	3394	0.48	5472	1	0	0.00	1.09	50.57	6.85
4	12	3440	75.71	4544	3394	0.55	3757	0	0	0.00	0.72	23.66
5	5	2502	55.20	4533	3394	0.50	4553	0	0	0.01	0.87	44.09	6.82
5	13	3302	72.85	4532	3394	0.53	4652	0	0	0.00	0.76	26.53
6	6	3093	68.38	4523	3394	0.51	4458	0	0	0.01	1.52	30.26	6.83
6	14	2777	61.35	4527	3394	0.51	5235	1	0	0.01	1.04	37.80
7	7	3167	69.92	4529	3394	0.51	4528	0	0	0.00	1.34	28.88	6.68
7	15	2381	52.54	4531	3394	0.48	7535	0	0	0.01	1.87	45.89
Core	CPU	Avg_MHz	Busy%	Bzy_MHz	TSC_MHz	IPC	IRQ	NMI	SMI	POLL%	C1%	C2%	CorWatt	PkgWatt
-	-	2865	63.37	4520	3392	0.53	70625	5	0	0.01	1.05	35.70	53.41	72.59
0	0	2564	56.62	4528	3394	0.53	5515	1	0	0.00	1.54	42.03	6.70	72.63
0	8	3140	69.33	4530	3394	0.56	4932	0	0	0.01	0.72	30.11
1	1	4045	88.89	4550	3394	0.50	3415	0	0	0.01	0.98	10.22	7.91
1	9	4549	99.99	4550	3394	0.60	2245	1	0	0.00	0.01	0.00
2	2	2687	60.28	4458	3394	0.51	6108	1	0	0.02	1.21	38.71	6.20
2	10	1927	43.35	4446	3394	0.50	4231	0	0	0.01	1.17	55.63
3	3	2822	62.81	4493	3394	0.51	4872	0	0	0.01	1.34	35.99	6.25
3	11	2129	47.51	4481	3394	0.49	4503	0	0	0.01	0.60	52.05
4	4	2743	60.45	4539	3394	0.51	4407	0	0	0.00	1.11	38.60	6.66
4	12	2903	63.97	4538	3394	0.51	3379	0	0	0.00	0.38	35.75
5	5	2972	65.47	4539	3394	0.53	2843	1	0	0.00	0.38	34.22	6.55
5	13	2500	55.18	4531	3394	0.51	4728	0	0	0.00	0.83	44.15
6	6	2743	60.65	4522	3394	0.51	4504	0	0	0.00	1.59	37.92	6.51
6	14	2684	59.31	4525	3394	0.50	5631	0	0	0.01	1.69	39.20
7	7	2791	61.65	4528	3394	0.52	3361	0	0	0.00	1.08	37.38	6.64
7	15	2652	58.53	4531	3394	0.69	5951	1	0	0.00	2.23	39.46
Core	CPU	Avg_MHz	Busy%	Bzy_MHz	TSC_MHz	IPC	IRQ	NMI	SMI	POLL%	C1%	C2%	CorWatt	PkgWatt
-	-	2847	62.94	4523	3394	0.51	84073	4	0	0.01	1.46	35.78	54.27	73.05
0	0	3037	66.81	4545	3394	0.51	4808	0	0	0.01	0.60	32.75	6.81	73.05
0	8	2767	60.86	4547	3394	0.49	6202	0	0	0.01	1.99	37.39
1	1	3935	86.33	4558	3394	0.50	3224	0	0	0.00	0.41	13.33	7.80
1	9	4210	92.38	4558	3394	0.59	3138	0	0	0.00	0.18	7.49
2	2	2394	54.20	4418	3394	0.50	5824	0	0	0.01	1.96	44.05	6.37
2	10	2154	48.82	4412	3394	0.48	6368	0	0	0.01	2.24	49.18
3	3	2450	54.89	4464	3394	0.51	4492	1	0	0.01	1.11	44.13	6.15
3	11	2102	47.01	4470	3394	0.48	5114	0	0	0.01	0.79	52.39
4	4	2629	57.82	4546	3394	0.49	5890	0	0	0.01	2.05	40.35	7.00
4	12	3273	71.95	4548	3394	0.53	4444	0	0	0.00	1.42	26.77
5	5	2505	55.45	4517	3394	0.49	6542	0	0	0.01	2.48	42.33	6.69
5	13	2886	63.62	4536	3394	0.51	5790	1	0	0.01	2.42	34.18
6	6	2802	61.71	4540	3394	0.50	4622	1	0	0.00	1.10	37.36	6.68
6	14	2682	59.01	4545	3394	0.51	5388	0	0	0.01	1.03	40.17
7	7	3202	70.57	4538	3394	0.51	5655	1	0	0.00	1.96	27.66	6.77
7	15	2522	55.62	4534	3394	0.50	6572	0	0	0.01	1.69	42.95
Core	CPU	Avg_MHz	Busy%	Bzy_MHz	TSC_MHz	IPC	IRQ	NMI	SMI	POLL%	C1%	C2%	CorWatt	PkgWatt
-	-	2850	62.99	4524	3392	0.51	82442	2	0	0.00	1.47	35.70	54.41	73.23
0	0	2791	61.50	4539	3394	0.50	4971	0	0	0.00	0.87	37.79	6.67	73.26
0	8	2820	62.14	4538	3394	0.50	4603	0	0	0.00	0.77	37.25
1	1	2754	60.47	4555	3394	0.55	6026	1	0	0.00	1.13	38.63	6.79
1	9	3081	67.66	4554	3394	0.51	3888	0	0	0.00	0.77	31.69
2	2	2488	56.32	4417	3394	0.50	5661	0	0	0.00	3.31	40.56	6.11
2	10	1796	40.96	4385	3394	0.46	6828	0	0	0.01	2.01	57.28
3	3	2548	56.86	4482	3394	0.50	5057	0	0	0.00	1.14	42.15	6.41
3	11	2274	50.56	4497	3394	0.49	6365	0	0	0.01	2.83	46.86
4	4	2185	48.19	4534	3394	0.47	6729	0	0	0.01	2.27	49.81	6.82
4	12	3343	73.52	4547	3394	0.52	3695	1	0	0.00	0.73	25.86
5	5	2469	54.49	4532	3394	0.47	6021	0	0	0.01	1.60	44.15	6.93
5	13	3283	72.41	4533	3394	0.50	6629	0	0	0.01	2.99	24.84
6	6	3061	67.47	4538	3394	0.51	4699	0	0	0.01	1.15	31.53	6.84
6	14	2604	57.30	4543	3394	0.49	6222	0	0	0.01	1.78	41.15
7	7	3562	78.10	4561	3394	0.50	2836	0	0	0.00	0.22	21.75	7.86
7	15	4552	99.84	4560	3394	0.61	2212	0	0	0.00	0.01	0.15
Core	CPU	Avg_MHz	Busy%	Bzy_MHz	TSC_MHz	IPC	IRQ	NMI	SMI	POLL%	C1%	C2%	CorWatt	PkgWatt
-	-	2852	63.05	4524	3395	0.51	83671	0	0	0.01	1.43	35.71	54.24	73.17
0	0	2805	61.94	4529	3394	0.50	5142	0	0	0.01	1.02	37.20	6.58	73.14
0	8	2693	59.33	4540	3394	0.50	5087	0	0	0.01	1.08	39.78
1	1	2682	59.26	4527	3394	0.49	6799	0	0	0.01	2.08	38.91	6.63
1	9	2889	63.72	4534	3394	0.50	4960	0	0	0.01	1.05	35.41
2	2	2606	58.62	4445	3394	0.50	5538	0	0	0.01	2.51	39.06	6.38
2	10	2197	49.49	4440	3394	0.50	6395	0	0	0.01	2.32	48.43
3	3	2366	52.92	4472	3394	0.49	5531	0	0	0.01	2.01	45.25	6.47
3	11	2580	57.65	4476	3394	0.49	6464	0	0	0.00	1.59	41.01
4	4	2125	46.77	4542	3394	0.48	5496	0	0	0.00	1.61	51.83	6.81
4	12	3515	77.31	4547	3394	0.52	4456	0	0	0.01	0.98	21.84
5	5	3255	71.64	4543	3394	0.51	4693	0	0	0.00	1.33	27.19	6.97
5	13	2566	56.43	4547	3394	0.48	6702	0	0	0.01	1.54	42.30
6	6	2860	63.23	4522	3394	0.52	3996	0	0	0.00	0.82	36.07	6.56
6	14	2472	54.62	4525	3394	0.48	6797	0	0	0.01	2.33	43.31
7	7	3458	75.90	4555	3394	0.50	3423	0	0	0.00	0.61	23.58	7.80
7	15	4553	99.99	4554	3394	0.61	2192	0	0	0.00	0.02	0.00
Core	CPU	Avg_MHz	Busy%	Bzy_MHz	TSC_MHz	IPC	IRQ	NMI	SMI	POLL%	C1%	C2%	CorWatt	PkgWatt
-	-	2880	63.65	4525	3395	0.51	82133	1	0	0.01	1.26	35.27	53.33	72.61
0	0	3225	71.28	4524	3394	0.52	4552	0	0	0.01	0.97	27.90	6.56	72.58
0	8	2494	55.17	4520	3394	0.48	4763	0	0	0.00	0.98	44.04
1	1	3027	66.89	4526	3394	0.58	5128	0	0	0.00	1.03	32.24	6.66
1	9	2685	59.21	4534	3394	0.49	5237	0	0	0.00	0.64	40.32
2	2	3394	75.00	4525	3394	0.50	4674	0	0	0.00	1.40	23.73	6.67
2	10	2235	49.52	4512	3394	0.47	6164	0	0	0.01	1.94	48.77
3	3	3138	69.68	4503	3394	0.51	5509	0	0	0.01	1.67	28.81	6.63
3	11	2381	52.93	4499	3394	0.49	7758	0	0	0.01	3.84	43.54
4	4	2189	48.28	4533	3394	0.46	5530	0	0	0.01	0.84	51.08	6.66
4	12	3493	77.01	4536	3394	0.51	4963	0	0	0.00	1.29	21.86
5	5	2497	55.24	4520	3394	0.49	5865	0	0	0.00	1.51	43.47	6.59
5	13	3062	67.69	4524	3394	0.49	5085	0	0	0.02	1.22	31.27
6	6	2581	57.17	4514	3394	0.48	5517	0	0	0.00	1.34	41.70	6.43
6	14	2866	63.44	4518	3394	0.49	5124	0	0	0.01	1.22	35.52
7	7	2266	49.90	4542	3394	0.47	4086	0	0	0.00	0.28	49.97	7.12
7	15	4540	99.99	4541	3394	0.61	2178	1	0	0.00	0.02	0.00
Core	CPU	Avg_MHz	Busy%	Bzy_MHz	TSC_MHz	IPC	IRQ	NMI	SMI	POLL%	C1%	C2%	CorWatt	PkgWatt
-	-	3251	71.95	4518	3393	0.46	77072	4	0	0.00	1.44	26.74	54.62	73.80
0	0	3726	82.61	4510	3394	0.46	4050	0	0	0.00	1.75	15.73	6.68	73.81
0	8	2820	62.56	4508	3394	0.41	5016	1	0	0.00	2.19	35.42
1	1	3150	69.86	4509	3394	0.50	4291	0	0	0.00	1.53	28.72	6.57
1	9	2922	64.80	4510	3394	0.42	5958	0	0	0.00	1.57	33.79
2	2	3621	80.05	4523	3394	0.48	5495	1	0	0.00	2.04	18.03	7.08
2	10	3198	70.71	4522	3394	0.44	5389	0	0	0.01	1.41	27.95
3	3	3067	68.06	4507	3394	0.49	5798	0	0	0.01	1.58	30.52	6.68
3	11	2893	64.13	4510	3394	0.44	5527	1	0	0.01	1.67	34.38
4	4	2437	53.76	4534	3394	0.35	6019	0	0	0.01	1.57	44.87	6.97
4	12	4185	92.29	4534	3394	0.47	3388	0	0	0.00	0.88	6.88
5	5	3750	82.93	4522	3394	0.48	3829	0	0	0.00	1.57	15.61	6.73
5	13	2717	60.19	4514	3394	0.41	5048	0	0	0.00	0.97	39.00
6	6	3156	70.04	4506	3394	0.46	4825	0	0	0.00	2.08	28.01	6.85
6	14	3151	69.83	4512	3394	0.49	4979	1	0	0.01	1.41	28.91
7	7	3167	69.85	4534	3394	0.45	4807	0	0	0.00	0.56	29.70	7.08
7	15	4059	89.47	4537	3394	0.53	2653	0	0	0.00	0.24	10.31
Core	CPU	Avg_MHz	Busy%	Bzy_MHz	TSC_MHz	IPC	IRQ	NMI	SMI	POLL%	C1%	C2%	CorWatt	PkgWatt
-	-	2981	65.93	4521	3391	0.50	81686	5	0	0.01	1.28	32.91	53.69	72.80
0	0	2749	61.02	4505	3394	0.49	5400	1	0	0.00	0.90	38.25	6.59	72.86
0	8	3095	68.55	4515	3394	0.49	4521	0	0	0.01	2.84	28.77
1	1	3606	79.45	4538	3394	0.50	4647	0	0	0.01	1.36	19.32	6.46
1	9	2166	47.75	4536	3394	0.45	5714	1	0	0.00	1.18	51.20
2	2	3157	70.40	4485	3394	0.53	5038	0	0	0.01	1.27	28.47	6.52
2	10	2254	50.43	4471	3394	0.45	5753	1	0	0.01	1.71	48.05
3	3	3115	68.76	4530	3394	0.49	5175	0	0	0.01	0.81	30.58	6.69
3	11	2665	58.82	4531	3394	0.47	6262	0	0	0.01	2.10	39.29
4	4	2288	50.48	4532	3394	0.45	6111	1	0	0.02	1.88	47.84	6.74
4	12	3329	73.39	4536	3394	0.58	5441	0	0	0.01	0.89	25.83
5	5	2304	51.05	4514	3394	0.46	6553	0	0	0.00	1.22	47.95	6.59
5	13	3314	73.24	4525	3394	0.50	4251	0	0	0.00	1.27	25.57
6	6	3083	68.01	4533	3394	0.48	5010	0	0	0.01	1.12	31.02	6.61
6	14	2766	61.04	4531	3394	0.46	5485	0	0	0.00	1.51	37.66
7	7	3294	72.47	4545	3394	0.48	4135	1	0	0.00	0.49	27.16	7.54
7	15	4542	99.99	4543	3394	0.59	2190	0	0	0.00	0.01	0.00
Core	CPU	Avg_MHz	Busy%	Bzy_MHz	TSC_MHz	IPC	IRQ	NMI	SMI	POLL%	C1%	C2%	CorWatt	PkgWatt
-	-	2968	65.55	4527	3395	0.48	76885	6	0	0.01	1.36	33.26	53.49	72.58
0	0	3454	76.25	4530	3394	0.48	4222	0	0	0.01	1.68	22.19	6.69	72.54
0	8	2655	58.58	4533	3394	0.46	5940	0	0	0.01	1.67	39.93
1	1	3022	66.56	4540	3394	0.49	5058	1	0	0.00	1.14	32.47	6.64
1	9	2908	64.02	4542	3394	0.47	5582	0	0	0.00	1.47	34.72
2	2	3036	67.86	4474	3394	0.50	5354	0	0	0.01	2.18	30.11	6.42
2	10	2140	47.84	4474	3394	0.44	5872	0	0	0.01	2.14	50.21
3	3	3005	66.31	4532	3394	0.48	5347	1	0	0.01	1.41	32.43	6.60
3	11	2753	60.67	4537	3394	0.47	5052	0	0	0.00	1.86	37.66
4	4	2618	58.09	4506	3394	0.47	4750	0	0	0.01	1.34	40.73	6.51
4	12	2917	64.67	4511	3394	0.47	4499	1	0	0.01	0.93	34.55
5	5	2615	58.00	4508	3394	0.46	5163	1	0	0.01	1.38	40.80	6.44
5	13	2744	60.82	4512	3394	0.48	4918	1	0	0.00	1.13	38.21
6	6	3070	67.69	4535	3394	0.48	4158	1	0	0.00	1.48	30.96	6.70
6	14	2924	64.43	4539	3394	0.46	4844	0	0	0.00	1.50	34.25
7	7	3048	67.03	4547	3394	0.48	3961	0	0	0.00	0.38	32.65	7.46
7	15	4544	99.99	4545	3394	0.59	2165	0	0	0.00	0.02	0.00
Core	CPU	Avg_MHz	Busy%	Bzy_MHz	TSC_MHz	IPC	IRQ	NMI	SMI	POLL%	C1%	C2%	CorWatt	PkgWatt
-	-	3429	75.79	4524	3393	0.44	84320	1	0	0.01	1.92	22.44	55.55	74.49
0	0	3155	69.73	4525	3394	0.40	6603	0	0	0.01	2.91	27.60	6.82	74.51
0	8	3450	76.23	4525	3394	0.46	5039	0	0	0.01	1.44	22.45
1	1	3894	85.90	4533	3394	0.49	4096	0	0	0.00	1.05	13.15	7.20
1	9	3940	86.90	4533	3394	0.46	4777	0	0	0.00	1.19	11.99
2	2	3576	79.25	4513	3394	0.44	5059	0	0	0.01	1.35	19.51	7.01
2	10	3537	78.36	4513	3394	0.44	4888	0	0	0.01	1.49	20.22
3	3	3365	74.46	4520	3394	0.42	6751	0	0	0.01	2.23	23.48	6.89
3	11	3332	73.65	4524	3394	0.43	5538	0	0	0.01	2.22	24.31
4	4	3523	77.75	4531	3394	0.42	4457	0	0	0.00	1.48	20.90	7.02
4	12	3220	71.05	4532	3394	0.43	5552	0	0	0.00	1.65	27.48
5	5	3108	68.77	4520	3394	0.43	5428	0	0	0.01	2.66	28.77	6.81
5	13	3079	68.13	4519	3394	0.41	6009	0	0	0.00	1.99	30.07
6	6	3609	79.66	4531	3394	0.44	4450	0	0	0.00	1.66	18.82	6.93
6	14	3270	72.18	4530	3394	0.42	5345	0	0	0.01	2.74	25.27
7	7	3558	78.71	4521	3394	0.45	4406	0	0	0.00	1.97	19.46	6.88
7	15	3251	71.92	4520	3394	0.45	5922	1	0	0.02	2.63	25.55
Core	CPU	Avg_MHz	Busy%	Bzy_MHz	TSC_MHz	IPC	IRQ	NMI	SMI	POLL%	C1%	C2%	CorWatt	PkgWatt
-	-	3660	80.95	4522	3394	0.44	82444	0	0	0.01	2.45	16.76	57.49	75.74
0	0	3770	83.33	4524	3394	0.45	5323	0	0	0.01	2.90	13.93	7.27	75.72
0	8	3944	87.18	4524	3394	0.46	3626	0	0	0.00	1.14	11.77
1	1	3939	87.08	4523	3394	0.47	3667	0	0	0.00	1.58	11.42	7.25
1	9	3930	86.88	4524	3394	0.44	5486	0	0	0.01	1.97	11.28
2	2	3552	78.62	4518	3394	0.41	5655	0	0	0.01	2.76	18.80	7.41
2	10	3981	88.08	4519	3394	0.43	5549	0	0	0.00	2.04	10.00
3	3	3617	80.07	4517	3394	0.44	6564	0	0	0.01	2.78	17.31	7.07
3	11	3233	71.57	4518	3394	0.38	6161	0	0	0.01	4.30	24.36
4	4	3464	76.58	4523	3394	0.40	6060	0	0	0.01	3.34	20.28	7.23
4	12	3674	81.24	4522	3394	0.44	4899	0	0	0.00	2.53	16.38
5	5	3277	72.53	4518	3394	0.42	6182	0	0	0.00	2.86	24.82	6.98
5	13	3617	80.06	4518	3394	0.42	4506	0	0	0.01	2.33	17.75
6	6	3298	72.92	4523	3394	0.40	6100	0	0	0.01	3.18	24.13	7.24
6	14	4269	94.36	4524	3394	0.48	2851	0	0	0.00	0.85	4.84
7	7	3371	74.61	4518	3394	0.42	5282	0	0	0.00	2.84	22.75	7.03
7	15	3621	80.06	4523	3394	0.51	4533	0	0	0.01	1.75	18.32
Core	CPU	Avg_MHz	Busy%	Bzy_MHz	TSC_MHz	IPC	IRQ	NMI	SMI	POLL%	C1%	C2%	CorWatt	PkgWatt
-	-	3626	80.29	4516	3394	0.51	83358	4	0	0.01	3.14	16.74	59.14	76.82
0	0	3263	72.30	4514	3394	0.54	5987	0	0	0.01	3.00	24.92	7.15	76.77
0	8	3498	77.54	4511	3394	0.45	5547	1	0	0.01	3.65	19.01
1	1	3754	83.12	4517	3394	0.51	4357	0	0	0.01	2.89	14.15	7.41
1	9	3987	88.26	4517	3394	0.52	4551	0	0	0.00	2.03	9.81
2	2	3566	79.08	4510	3394	0.47	5238	1	0	0.01	2.77	18.32	7.45
2	10	3941	87.31	4514	3394	0.48	4577	0	0	0.00	2.74	10.07
3	3	3167	70.21	4511	3394	0.48	6886	0	0	0.01	4.10	25.94	7.24
3	11	3595	79.66	4513	3394	0.48	5312	1	0	0.00	3.91	16.63
4	4	3110	68.94	4511	3394	0.54	6761	0	0	0.01	4.40	26.91	7.46
4	12	3718	82.40	4513	3394	0.50	4790	0	0	0.01	3.57	14.21
5	5	2998	66.37	4517	3394	0.41	7368	0	0	0.01	5.78	28.19	7.66
5	13	4331	95.85	4519	3394	0.67	2934	0	0	0.00	0.59	3.59
6	6	3606	79.83	4516	3394	0.48	5317	0	0	0.01	3.16	17.20	7.38
6	14	4058	89.83	4517	3394	0.50	3817	1	0	0.01	2.15	8.10
7	7	3424	75.81	4516	3394	0.48	6075	0	0	0.00	3.37	21.04	7.39
7	15	3984	88.18	4518	3394	0.53	3841	0	0	0.01	2.18	9.76
Core	CPU	Avg_MHz	Busy%	Bzy_MHz	TSC_MHz	IPC	IRQ	NMI	SMI	POLL%	C1%	C2%	CorWatt	PkgWatt
-	-	3534	78.31	4513	3392	0.51	91223	5	0	0.01	3.59	18.29	58.95	76.79
0	0	3639	80.69	4509	3394	0.49	5784	1	0	0.00	3.02	16.46	7.33	76.83
0	8	3187	70.69	4508	3394	0.56	7104	0	0	0.01	5.46	24.14
1	1	3498	77.41	4518	3394	0.51	6489	0	0	0.01	3.44	19.37	7.18
1	9	3330	73.73	4517	3394	0.50	5810	1	0	0.01	3.30	23.19
2	2	2951	65.43	4509	3394	0.46	8394	0	0	0.03	7.21	27.66	7.27
2	10	3717	82.40	4510	3394	0.48	5151	1	0	0.01	4.10	13.67
3	3	3622	80.42	4504	3394	0.52	5800	0	0	0.01	3.69	16.08	7.18
3	11	2892	64.23	4502	3394	0.45	8185	0	0	0.02	5.75	30.31
4	4	3274	72.47	4517	3394	0.49	6348	1	0	0.01	3.62	24.14	7.28
4	12	3523	77.99	4517	3394	0.51	4981	0	0	0.01	3.47	18.74
5	5	3455	76.48	4518	3394	0.61	6158	0	0	0.01	4.17	19.60	7.76
5	13	3692	81.73	4517	3394	0.54	4743	0	0	0.01	2.94	15.50
6	6	3261	72.19	4517	3394	0.49	7419	0	0	0.00	4.03	24.05	7.24
6	14	3995	88.42	4518	3394	0.49	3012	0	0	0.00	1.87	9.80
7	7	4008	88.70	4519	3394	0.49	3669	1	0	0.00	1.35	10.05	7.72
7	15	4515	99.92	4519	3394	0.56	2176	0	0	0.00	0.08	0.01
Core	CPU	Avg_MHz	Busy%	Bzy_MHz	TSC_MHz	IPC	IRQ	NMI	SMI	POLL%	C1%	C2%	CorWatt	PkgWatt
-	-	3592	79.56	4515	3394	0.49	85198	7	0	0.01	3.29	17.33	58.35	76.36
0	0	3297	72.97	4517	3394	0.53	7106	0	0	0.01	4.89	22.41	7.53	76.33
0	8	3665	81.14	4517	3394	0.63	4664	0	0	0.00	2.27	16.74
1	1	3845	85.13	4517	3394	0.53	4077	1	0	0.00	2.49	12.50	7.08
1	9	3034	67.16	4517	3394	0.49	6684	0	0	0.01	4.18	28.93
2	2	3858	85.51	4512	3394	0.47	4978	0	0	0.01	2.68	11.95	7.56
2	10	3890	86.21	4513	3394	0.48	4898	0	0	0.01	3.58	10.35
3	3	2841	63.09	4503	3394	0.43	8740	1	0	0.02	5.65	31.58	7.03
3	11	3714	82.44	4505	3394	0.48	5089	0	0	0.00	3.73	13.98
4	4	3798	84.10	4516	3394	0.46	4913	0	0	0.01	2.64	13.39	7.24
4	12	3071	68.02	4515	3394	0.46	6813	1	0	0.00	5.57	26.70
5	5	3170	70.24	4513	3394	0.48	6191	1	0	0.00	3.84	26.09	7.21
5	13	3897	86.29	4516	3394	0.47	4203	1	0	0.01	2.35	11.50
6	6	3662	81.11	4515	3394	0.45	4800	1	0	0.01	3.02	16.05	7.16
6	14	3440	76.20	4515	3394	0.48	5941	0	0	0.01	3.97	20.03
7	7	3765	83.34	4518	3394	0.45	3930	0	0	0.00	1.80	14.98	7.53
7	15	4518	99.99	4518	3394	0.56	2171	1	0	0.00	0.01	0.00
Core	CPU	Avg_MHz	Busy%	Bzy_MHz	TSC_MHz	IPC	IRQ	NMI	SMI	POLL%	C1%	C2%	CorWatt	PkgWatt
-	-	3588	79.45	4516	3394	0.49	84812	0	0	0.01	2.98	17.74	58.09	75.98
0	0	2930	64.88	4516	3394	0.42	7727	0	0	0.01	4.37	31.03	7.02	75.98
0	8	4045	89.54	4518	3394	0.49	3471	0	0	0.00	1.89	8.65
1	1	3550	78.62	4516	3394	0.50	6202	0	0	0.01	3.71	17.84	7.27
1	9	3575	79.18	4516	3394	0.53	4734	0	0	0.01	2.31	18.64
2	2	4139	91.66	4515	3394	0.52	3351	0	0	0.00	1.22	7.18	7.58
2	10	3770	83.49	4516	3394	0.48	4750	0	0	0.01	2.27	14.38
3	3	2994	66.32	4514	3394	0.47	8061	0	0	0.01	4.22	29.72	7.12
3	11	3683	81.60	4513	3394	0.49	5126	0	0	0.01	2.84	15.69
4	4	3493	77.36	4515	3394	0.52	4919	0	0	0.01	2.94	19.87	7.31
4	12	3419	75.71	4516	3394	0.45	6381	0	0	0.00	3.81	20.70
5	5	3126	69.24	4515	3394	0.46	6099	0	0	0.00	4.10	26.92	7.23
5	13	3969	87.88	4516	3394	0.49	4334	0	0	0.00	2.00	10.23
6	6	2931	64.95	4512	3394	0.53	8106	0	0	0.01	4.64	30.70	7.13
6	14	3923	86.88	4516	3394	0.47	3410	0	0	0.00	3.13	10.13
7	7	3536	78.26	4518	3394	0.47	5226	0	0	0.01	2.98	18.95	7.43
7	15	4318	95.56	4519	3394	0.51	2915	0	0	0.00	1.26	3.24
Core	CPU	Avg_MHz	Busy%	Bzy_MHz	TSC_MHz	IPC	IRQ	NMI	SMI	POLL%	C1%	C2%	CorWatt	PkgWatt
-	-	3538	78.39	4513	3394	0.51	87674	0	0	0.01	3.77	18.05	58.70	76.36
0	0	3330	73.76	4514	3394	0.50	6028	0	0	0.00	3.58	22.88	7.12	76.33
0	8	3712	82.22	4514	3394	0.47	5675	0	0	0.00	4.23	13.76
1	1	3428	76.01	4511	3394	0.48	5375	0	0	0.02	4.93	19.31	7.12
1	9	3437	76.21	4509	3394	0.48	6379	0	0	0.01	5.05	18.97
2	2	3439	76.21	4512	3394	0.54	5777	0	0	0.01	3.34	20.65	7.42
2	10	3413	75.64	4513	3394	0.52	4816	0	0	0.00	3.28	21.25
3	3	2796	62.06	4505	3394	0.44	9009	0	0	0.01	7.06	31.26	7.09
3	11	3888	86.20	4510	3394	0.49	4825	0	0	0.00	3.24	10.71
4	4	3158	69.96	4514	3394	0.47	6552	0	0	0.00	5.16	25.17	7.72
4	12	3927	86.97	4515	3394	0.62	4030	0	0	0.00	2.07	11.09
5	5	3570	79.07	4515	3394	0.54	6065	0	0	0.01	4.32	16.85	7.43
5	13	3383	74.95	4514	3394	0.54	5441	0	0	0.01	3.06	22.18
6	6	3277	72.70	4508	3394	0.46	5850	0	0	0.00	4.14	23.39	7.10
6	14	3431	76.10	4509	3394	0.46	5623	0	0	0.01	4.91	19.23
7	7	4056	89.84	4515	3394	0.49	3591	0	0	0.00	1.24	9.01	7.69
7	15	4351	96.35	4516	3394	0.58	2638	0	0	0.00	0.67	3.02
Core	CPU	Avg_MHz	Busy%	Bzy_MHz	TSC_MHz	IPC	IRQ	NMI	SMI	POLL%	C1%	C2%	CorWatt	PkgWatt
-	-	3343	74.03	4515	3393	0.47	71063	4	0	0.01	0.92	25.14	54.53	73.94
0	0	3770	83.52	4514	3394	0.50	3419	0	0	0.01	0.64	15.90	6.75	73.96
0	8	3095	68.47	4520	3394	0.43	4245	1	0	0.00	0.85	30.76
1	1	3867	85.38	4529	3394	0.49	3695	0	0	0.00	0.56	14.11	6.89
1	9	3190	70.42	4529	3394	0.45	4878	0	0	0.01	0.72	28.95
2	2	3658	81.24	4502	3394	0.45	4851	1	0	0.00	1.05	17.79	7.04
2	10	3205	71.08	4508	3394	0.51	5034	0	0	0.00	0.73	28.30
3	3	2646	59.07	4480	3394	0.42	6710	0	0	0.01	1.89	39.23	6.49
3	11	3197	71.10	4496	3394	0.46	4671	1	0	0.01	0.77	28.24
4	4	3474	76.83	4522	3394	0.47	3690	0	0	0.00	0.73	22.53	6.90
4	12	3210	70.93	4526	3394	0.47	4668	0	0	0.02	1.09	27.98
5	5	3013	66.85	4507	3394	0.47	4782	0	0	0.01	1.15	32.14	6.57
5	13	2989	66.27	4510	3394	0.44	5143	0	0	0.00	1.15	32.72
6	6	2736	60.65	4510	3394	0.40	4538	0	0	0.01	1.12	38.38	6.56
6	14	3557	78.72	4519	3394	0.45	4091	1	0	0.01	0.95	20.44
7	7	3383	74.68	4529	3394	0.46	4410	0	0	0.00	1.14	24.31	7.32
7	15	4498	99.30	4530	3394	0.54	2238	0	0	0.00	0.16	0.55
Core	CPU	Avg_MHz	Busy%	Bzy_MHz	TSC_MHz	IPC	IRQ	NMI	SMI	POLL%	C1%	C2%	CorWatt	PkgWatt
-	-	2989	66.12	4521	3392	0.46	70481	5	0	0.00	0.90	33.10	52.39	72.17
0	0	2693	59.50	4525	3394	0.45	5112	1	0	0.00	0.78	39.88	6.42	72.21
0	8	3056	67.53	4525	3394	0.47	3940	0	0	0.01	0.53	32.06
1	1	2640	58.22	4535	3394	0.44	4682	0	0	0.00	0.82	41.12	6.51
1	9	3392	74.85	4532	3394	0.47	4495	1	0	0.01	0.95	24.31
2	2	3075	68.26	4505	3394	0.45	4736	0	0	0.00	1.08	30.79	6.63
2	10	2790	61.99	4501	3394	0.43	6165	1	0	0.01	2.41	35.82
3	3	3033	67.69	4481	3394	0.46	4913	0	0	0.00	1.33	31.10	6.37
3	11	2601	58.01	4484	3394	0.42	4878	0	0	0.00	1.34	40.83
4	4	2221	48.98	4535	3394	0.39	5480	0	0	0.01	0.96	50.27	6.56
4	12	3624	79.88	4537	3394	0.49	3379	0	0	0.00	0.71	19.48
5	5	2724	60.10	4533	3394	0.44	4496	0	0	0.00	0.68	39.37	6.95
5	13	4046	89.16	4538	3394	0.55	2793	1	0	0.00	0.19	10.70
6	6	2475	54.72	4523	3394	0.43	4400	0	0	0.00	0.55	44.87	6.37
6	14	3302	72.90	4530	3394	0.48	3419	0	0	0.00	0.84	26.36
7	7	3507	77.30	4536	3394	0.46	3721	1	0	0.00	0.75	22.05	6.61
7	15	2668	58.84	4535	3394	0.43	3872	0	0	0.01	0.52	40.77
Core	CPU	Avg_MHz	Busy%	Bzy_MHz	TSC_MHz	IPC	IRQ	NMI	SMI	POLL%	C1%	C2%	CorWatt	PkgWatt
-	-	3020	66.87	4517	3395	0.48	85219	4	0	0.01	1.49	31.81	54.28	73.03
0	0	2987	66.07	4520	3394	0.47	5873	0	0	0.01	1.74	32.39	6.80	73.00
0	8	3072	67.88	4525	3394	0.48	5839	0	0	0.01	2.16	30.16
1	1	3489	76.78	4544	3394	0.47	4400	1	0	0.00	1.14	22.21	7.25
1	9	3996	87.93	4544	3394	0.54	4811	0	0	0.00	0.41	11.73
2	2	2575	58.23	4422	3394	0.49	5970	0	0	0.03	2.10	39.84	6.30
2	10	2195	49.67	4419	3394	0.44	6372	0	0	0.00	1.60	48.92
3	3	3518	77.64	4530	3394	0.50	4583	0	0	0.00	1.30	21.17	6.80
3	11	2436	53.83	4525	3394	0.45	5247	0	0	0.00	0.70	45.66
4	4	2947	65.08	4529	3394	0.47	4992	1	0	0.01	1.50	33.59	6.83
4	12	3100	68.45	4529	3394	0.47	4920	1	0	0.00	1.46	30.26
5	5	2898	64.54	4491	3394	0.48	5686	0	0	0.01	2.43	33.21	6.61
5	13	2586	57.54	4493	3394	0.44	5759	0	0	0.01	2.25	40.41
6	6	2514	55.70	4513	3394	0.45	5598	0	0	0.01	1.42	42.99	6.79
6	14	3554	78.49	4528	3394	0.51	4481	0	0	0.00	0.89	20.73
7	7	3144	69.32	4535	3394	0.50	5214	0	0	0.00	1.11	29.73	6.88
7	15	3300	72.77	4535	3394	0.48	5474	1	0	0.00	1.62	25.78
Core	CPU	Avg_MHz	Busy%	Bzy_MHz	TSC_MHz	IPC	IRQ	NMI	SMI	POLL%	C1%	C2%	CorWatt	PkgWatt
-	-	3058	67.72	4516	3393	0.48	89053	3	0	0.01	1.77	30.70	54.57	73.21
0	0	3048	67.30	4529	3394	0.46	5762	0	0	0.00	1.57	31.33	6.81	73.24
0	8	3090	68.19	4531	3394	0.48	5531	0	0	0.01	2.32	29.69
1	1	3717	81.85	4541	3394	0.52	3958	0	0	0.01	1.01	17.21	7.28
1	9	3688	81.24	4540	3394	0.50	5210	0	0	0.00	0.90	17.98
2	2	2863	63.84	4485	3394	0.46	6123	0	0	0.01	1.88	34.48	6.75
2	10	2969	66.29	4479	3394	0.47	5831	0	0	0.01	1.62	32.26
3	3	3364	74.22	4533	3394	0.49	5181	1	0	0.00	0.93	24.99	6.89
3	11	2713	59.84	4534	3394	0.44	6597	0	0	0.01	2.59	37.82
4	4	3189	70.49	4525	3394	0.47	5214	0	0	0.00	1.87	27.82	6.79
4	12	2734	60.40	4526	3394	0.44	6074	0	0	0.01	2.54	37.29
5	5	2918	64.82	4502	3394	0.48	4946	1	0	0.00	1.09	34.26	6.62
5	13	2752	61.27	4492	3394	0.45	6390	0	0	0.01	2.87	36.10
6	6	2927	65.28	4484	3394	0.47	5646	1	0	0.01	1.61	33.28	6.64
6	14	2875	64.01	4491	3394	0.46	5570	0	0	0.01	1.58	34.61
7	7	2980	65.80	4529	3394	0.51	5730	0	0	0.01	1.71	32.70	6.79
7	15	3110	68.64	4531	3394	0.46	5290	0	0	0.00	2.18	29.38
Core	CPU	Avg_MHz	Busy%	Bzy_MHz	TSC_MHz	IPC	IRQ	NMI	SMI	POLL%	C1%	C2%	CorWatt	PkgWatt
-	-	2938	65.05	4517	3391	0.49	86910	0	0	0.01	1.55	33.55	54.40	73.16
0	0	2950	65.00	4539	3394	0.48	5958	0	0	0.01	1.92	33.27	6.87	73.26
0	8	3113	68.60	4538	3394	0.49	5559	0	0	0.01	1.91	29.69
1	1	3625	79.80	4542	3394	0.53	3805	0	0	0.01	0.40	19.89	7.15
1	9	3460	76.15	4543	3394	0.49	5372	0	0	0.01	0.85	23.13
2	2	3048	67.90	4489	3394	0.50	5953	0	0	0.02	1.73	30.56	6.81
2	10	2527	56.37	4482	3394	0.47	6579	0	0	0.02	1.35	42.51
3	3	3094	68.38	4525	3394	0.49	5281	0	0	0.01	1.18	30.60	6.95
3	11	2940	64.84	4535	3394	0.47	5531	0	0	0.01	1.69	33.68
4	4	2810	62.31	4510	3394	0.49	4864	0	0	0.01	1.02	36.84	6.73
4	12	2859	63.45	4506	3394	0.48	4545	0	0	0.00	0.85	35.85
5	5	3123	68.98	4528	3394	0.49	5610	0	0	0.01	2.38	28.83	6.82
5	13	2625	57.95	4530	3394	0.46	5529	0	0	0.01	1.85	40.32
6	6	2796	62.27	4490	3394	0.49	5615	0	0	0.01	2.51	35.42	6.51
6	14	2444	54.33	4499	3394	0.46	5723	0	0	0.01	1.75	44.13
7	7	2738	60.47	4527	3394	0.48	5429	0	0	0.00	1.14	38.58	6.61
7	15	2900	63.98	4533	3394	0.49	5557	0	0	0.01	2.29	33.91
Core	CPU	Avg_MHz	Busy%	Bzy_MHz	TSC_MHz	IPC	IRQ	NMI	SMI	POLL%	C1%	C2%	CorWatt	PkgWatt
-	-	2949	65.17	4526	3397	0.49	83667	3	0	0.01	1.37	33.66	54.37	73.29
0	0	3174	70.08	4529	3394	0.50	5314	0	0	0.00	1.77	28.31	6.70	73.15
0	8	2638	58.20	4532	3394	0.47	5772	1	0	0.00	1.54	40.47
1	1	3943	86.73	4546	3394	0.52	4156	0	0	0.01	1.17	12.21	7.17
1	9	3048	67.06	4545	3394	0.48	5002	1	0	0.00	0.91	32.18
2	2	2733	61.39	4452	3394	0.48	5993	0	0	0.00	2.41	36.39	6.44
2	10	2179	48.97	4451	3394	0.46	6358	0	0	0.00	1.97	49.26
3	3	2851	63.18	4512	3394	0.46	5916	0	0	0.01	1.04	35.95	6.75
3	11	2880	63.75	4517	3394	0.53	5357	0	0	0.00	1.20	35.15
4	4	2782	61.29	4539	3394	0.46	5554	0	0	0.01	1.02	37.88	6.91
4	12	3191	70.28	4541	3394	0.49	4747	0	0	0.01	1.25	28.63
5	5	3072	67.87	4527	3394	0.49	4874	0	0	0.01	1.65	30.59	6.82
5	13	2740	60.42	4534	3394	0.47	5344	0	0	0.01	1.10	38.67
6	6	3228	71.45	4518	3394	0.51	4663	0	0	0.01	1.07	27.62	6.77
6	14	2650	58.56	4524	3394	0.47	5443	1	0	0.01	1.30	40.34
7	7	3551	78.42	4528	3394	0.52	3730	0	0	0.00	1.29	20.38	6.74
7	15	2481	55.02	4510	3394	0.46	5444	0	0	0.01	1.20	43.97
Core	CPU	Avg_MHz	Busy%	Bzy_MHz	TSC_MHz	IPC	IRQ	NMI	SMI	POLL%	C1%	C2%	CorWatt	PkgWatt
-	-	2901	64.27	4514	3394	0.48	77620	5	0	0.01	1.08	34.81	53.27	72.46
0	0	2713	59.86	4533	3394	0.45	7176	1	0	0.01	1.78	38.62	6.74	72.45
0	8	3270	72.09	4536	3394	0.48	4146	0	0	0.00	0.58	27.45
1	1	3360	73.93	4545	3394	0.49	5099	1	0	0.01	0.56	25.67	7.02
1	9	3589	78.98	4544	3394	0.48	3390	0	0	0.00	0.50	20.60
2	2	2779	61.51	4518	3394	0.45	6545	1	0	0.01	1.35	37.36	7.04
2	10	3461	76.43	4528	3394	0.50	3948	0	0	0.00	0.97	22.71
3	3	2499	56.17	4449	3394	0.46	6127	0	0	0.00	1.71	42.32	6.24
3	11	2406	53.90	4464	3394	0.46	4857	1	0	0.00	1.12	45.16
4	4	2879	63.76	4515	3394	0.48	4400	0	0	0.01	0.92	35.46	6.67
4	12	2629	58.21	4517	3394	0.47	5250	0	0	0.01	1.08	40.90
5	5	2731	61.02	4476	3394	0.49	4366	0	0	0.01	0.73	38.38	6.31
5	13	2458	54.87	4480	3394	0.44	4793	0	0	0.01	1.08	44.21
6	6	3100	68.85	4503	3394	0.50	4398	0	0	0.01	1.33	29.96	6.54
6	14	2427	53.84	4507	3394	0.46	4955	0	0	0.00	1.29	45.05
7	7	2908	64.17	4531	3394	0.49	4257	1	0	0.00	0.71	35.25	6.70
7	15	3208	70.75	4534	3394	0.50	3913	0	0	0.00	1.64	27.73
Core	CPU	Avg_MHz	Busy%	Bzy_MHz	TSC_MHz	IPC	IRQ	NMI	SMI	POLL%	C1%	C2%	CorWatt	PkgWatt
-	-	3021	66.78	4523	3394	0.46	64798	3	0	0.00	0.66	32.66	52.79	72.56
0	0	3682	81.32	4528	3394	0.49	3448	0	0	0.01	0.37	18.36	6.59	72.57
0	8	2448	54.04	4531	3394	0.43	4446	0	0	0.00	0.52	45.59
1	1	3628	79.96	4538	3394	0.49	4076	0	0	0.00	0.46	19.60	6.74
1	9	2593	57.10	4541	3394	0.43	4160	0	0	0.00	0.61	42.34
2	2	3137	69.11	4539	3394	0.45	4866	0	0	0.01	1.00	30.02	6.96
2	10	3428	75.53	4538	3394	0.45	3737	1	0	0.00	0.49	24.06
3	3	3233	71.66	4512	3394	0.47	4776	0	0	0.00	0.71	27.72	6.48
3	11	2619	57.98	4517	3394	0.44	3996	0	0	0.00	0.59	41.55
4	4	3083	68.38	4509	3394	0.48	3895	1	0	0.00	1.07	30.67	6.54
4	12	2631	58.27	4515	3394	0.42	4284	0	0	0.00	1.13	40.74
5	5	2745	60.91	4507	3394	0.44	3865	0	0	0.00	0.49	38.72	6.39
5	13	2868	63.52	4515	3394	0.46	4145	0	0	0.01	0.81	35.81
6	6	2946	65.21	4518	3394	0.46	3627	0	0	0.00	0.64	34.26	6.50
6	14	2989	66.05	4525	3394	0.44	3925	0	0	0.00	0.44	33.63
7	7	3187	70.52	4519	3394	0.47	3821	0	0	0.01	0.75	28.84	6.58
7	15	3112	68.97	4512	3394	0.44	3731	1	0	0.01	0.48	30.62
Core	CPU	Avg_MHz	Busy%	Bzy_MHz	TSC_MHz	IPC	IRQ	NMI	SMI	POLL%	C1%	C2%	CorWatt	PkgWatt
-	-	3066	67.85	4519	3393	0.45	77071	5	0	0.01	1.34	30.95	53.45	72.93
0	0	3332	73.45	4536	3394	0.48	4450	0	0	0.01	1.02	25.66	7.04	72.93
0	8	3717	81.92	4538	3394	0.49	3522	0	0	0.00	0.57	17.59
1	1	2683	59.25	4528	3394	0.43	4869	0	0	0.00	0.87	40.05	6.41
1	9	3157	69.67	4531	3394	0.46	5575	0	0	0.01	1.27	29.21
2	2	3473	76.65	4531	3394	0.47	4646	0	0	0.01	1.02	22.38	7.20
2	10	3622	79.95	4530	3394	0.46	4556	0	0	0.00	0.96	19.17
3	3	2617	58.84	4448	3394	0.43	5934	1	0	0.01	2.65	38.69	6.20
3	11	2397	53.82	4453	3394	0.44	6188	0	0	0.01	2.82	43.60
4	4	3037	66.97	4535	3394	0.43	5574	0	0	0.01	1.70	31.46	6.84
4	12	3043	67.17	4530	3394	0.44	4184	1	0	0.00	1.35	31.62
5	5	2869	63.76	4500	3394	0.44	4824	1	0	0.00	1.05	35.35	6.53
5	13	3059	67.84	4510	3394	0.45	3975	1	0	0.00	0.99	31.29
6	6	3198	70.78	4518	3394	0.48	4462	1	0	0.01	0.98	28.38	6.55
6	14	2647	58.53	4522	3394	0.44	5041	0	0	0.01	1.05	40.59
7	7	3116	68.78	4530	3394	0.46	4774	0	0	0.01	2.18	29.22	6.68
7	15	3092	68.27	4529	3394	0.46	4497	0	0	0.01	0.99	30.89
Core	CPU	Avg_MHz	Busy%	Bzy_MHz	TSC_MHz	IPC	IRQ	NMI	SMI	POLL%	C1%	C2%	CorWatt	PkgWatt
-	-	2901	64.21	4519	3393	0.50	87101	0	0	0.01	1.42	34.54	54.04	73.05
0	0	3230	71.20	4537	3394	0.50	5363	0	0	0.00	1.41	27.56	6.99	73.05
0	8	3249	71.59	4539	3394	0.52	3878	0	0	0.00	0.64	27.89
1	1	3110	68.78	4522	3394	0.50	5151	0	0	0.00	1.35	30.03	6.75
1	9	2786	61.66	4518	3394	0.53	6936	0	0	0.01	1.34	37.22
2	2	3217	71.24	4516	3394	0.51	4758	0	0	0.01	1.28	27.62	7.01
2	10	2766	61.08	4528	3394	0.49	5788	0	0	0.01	1.25	37.83
3	3	2874	64.06	4486	3394	0.51	5438	0	0	0.01	1.96	34.15	6.49
3	11	2411	53.90	4473	3394	0.48	6599	0	0	0.01	1.35	44.98
4	4	2616	58.00	4511	3394	0.49	5652	0	0	0.01	2.10	40.12	6.75
4	12	2889	64.06	4510	3394	0.48	5484	0	0	0.01	1.44	34.70
5	5	2703	59.72	4527	3394	0.49	5327	0	0	0.01	1.18	39.28	6.66
5	13	2905	63.99	4541	3394	0.53	4517	0	0	0.01	0.84	35.31
6	6	3181	70.26	4527	3394	0.51	4918	0	0	0.00	1.35	28.56	6.88
6	14	2759	60.96	4526	3394	0.49	6976	0	0	0.01	2.81	36.49
7	7	3087	68.32	4519	3394	0.50	4387	0	0	0.00	0.68	31.14	6.53
7	15	2643	58.52	4516	3394	0.46	5929	0	0	0.01	1.80	39.89
Core	CPU	Avg_MHz	Busy%	Bzy_MHz	TSC_MHz	IPC	IRQ	NMI	SMI	POLL%	C1%	C2%	CorWatt	PkgWatt
-	-	2972	65.72	4522	3394	0.49	78241	1	0	0.01	1.28	33.15	54.14	73.14
0	0	2933	64.55	4544	3394	0.47	5273	0	0	0.01	0.93	34.68	7.15	73.13
0	8	3991	87.82	4545	3394	0.53	2962	1	0	0.00	0.40	11.83
1	1	2930	64.66	4532	3394	0.47	6348	0	0	0.01	1.78	33.76	6.79
1	9	3280	72.45	4528	3394	0.48	4502	0	0	0.01	0.65	27.02
2	2	3095	68.58	4514	3394	0.49	4836	0	0	0.00	1.42	30.13	6.81
2	10	2608	57.70	4520	3394	0.47	5366	0	0	0.01	1.19	41.30
3	3	2722	60.95	4466	3394	0.48	4977	0	0	0.01	1.47	37.72	6.31
3	11	2364	52.81	4477	3394	0.46	4861	0	0	0.00	0.91	46.44
4	4	2980	66.39	4489	3394	0.56	4162	0	0	0.00	1.50	32.24	6.65
4	12	2360	52.62	4486	3394	0.45	5328	0	0	0.01	1.13	46.45
5	5	3205	70.60	4540	3394	0.50	4359	0	0	0.00	1.36	28.18	6.82
5	13	2856	62.89	4541	3394	0.47	5280	0	0	0.01	1.09	36.20
6	6	3595	79.42	4527	3394	0.49	4506	0	0	0.01	1.99	18.72	6.66
6	14	2089	46.19	4523	3394	0.42	6855	0	0	0.01	3.05	51.05
7	7	3147	69.36	4538	3394	0.49	4785	0	0	0.00	0.97	29.79	6.95
7	15	3382	74.55	4537	3394	0.49	3841	0	0	0.00	0.66	24.90
Core	CPU	Avg_MHz	Busy%	Bzy_MHz	TSC_MHz	IPC	IRQ	NMI	SMI	POLL%	C1%	C2%	CorWatt	PkgWatt
-	-	2853	63.16	4516	3390	0.50	81261	3	0	0.01	1.49	35.48	53.71	72.82
0	0	2851	62.76	4543	3394	0.48	6324	0	0	0.01	1.40	35.95	6.96	72.95
0	8	3410	75.13	4539	3394	0.50	5168	0	0	0.01	1.79	23.25
1	1	3595	79.11	4544	3394	0.53	4556	0	0	0.00	0.94	20.08	7.02
1	9	3150	69.32	4544	3394	0.49	4265	1	0	0.00	0.70	30.11
2	2	3340	74.13	4505	3394	0.52	4225	1	0	0.00	1.33	24.65	6.70
2	10	1976	43.97	4494	3394	0.47	6199	0	0	0.01	2.52	53.75
3	3	2425	54.14	4478	3394	0.50	5741	0	0	0.01	1.49	44.55	6.44
3	11	2690	59.70	4505	3394	0.50	4826	0	0	0.00	1.24	39.23
4	4	2399	53.22	4507	3394	0.49	5520	0	0	0.00	1.30	45.69	6.63
4	12	2876	63.62	4521	3394	0.49	5293	0	0	0.01	1.82	34.75
5	5	2882	63.76	4519	3394	0.50	4391	0	0	0.00	1.17	35.22	6.78
5	13	2835	62.53	4535	3394	0.48	5333	0	0	0.01	2.65	35.03
6	6	3187	70.63	4512	3394	0.51	3864	0	0	0.00	1.43	28.06	6.44
6	14	2158	48.04	4493	3394	0.45	5285	0	0	0.00	1.41	50.76
7	7	3082	68.00	4532	3394	0.51	4557	1	0	0.01	1.40	30.75	6.80
7	15	2835	62.50	4536	3394	0.51	5714	0	0	0.01	1.20	36.51
Core	CPU	Avg_MHz	Busy%	Bzy_MHz	TSC_MHz	IPC	IRQ	NMI	SMI	POLL%	C1%	C2%	CorWatt	PkgWatt
-	-	2842	62.80	4525	3396	0.50	81533	3	0	0.01	1.24	36.15	54.03	72.92
0	0	2816	61.96	4545	3394	0.47	5651	1	0	0.00	0.55	37.67	7.13	72.90
0	8	4004	88.07	4546	3394	0.54	3226	0	0	0.00	0.47	11.53
1	1	2920	64.41	4534	3394	0.50	5010	1	0	0.01	1.09	34.66	6.68
1	9	2738	60.47	4528	3394	0.48	6010	0	0	0.01	1.07	38.68
2	2	3218	71.76	4485	3394	0.52	4127	0	0	0.00	0.64	27.71	6.78
2	10	2339	52.04	4495	3394	0.47	6285	0	0	0.01	1.30	46.89
3	3	2657	59.29	4482	3394	0.51	4751	0	0	0.01	2.05	38.80	6.42
3	11	2351	52.23	4501	3394	0.49	5848	0	0	0.01	1.42	46.57
4	4	2877	63.60	4524	3394	0.51	4080	0	0	0.00	0.97	35.51	6.68
4	12	2489	54.91	4532	3394	0.49	4776	0	0	0.01	0.72	44.53
5	5	3144	69.36	4532	3394	0.52	4263	0	0	0.01	0.76	30.00	6.83
5	13	2671	58.84	4539	3394	0.49	5135	0	0	0.01	1.09	40.24
6	6	3119	69.00	4521	3394	0.51	5256	0	0	0.01	2.40	28.78	6.72
6	14	2396	52.86	4532	3394	0.48	6484	1	0	0.01	2.07	45.32
7	7	3783	83.55	4527	3394	0.52	4220	0	0	0.01	1.95	14.63	6.74
7	15	1916	42.39	4519	3394	0.52	6411	0	0	0.01	1.36	56.51
Core	CPU	Avg_MHz	Busy%	Bzy_MHz	TSC_MHz	IPC	IRQ	NMI	SMI	POLL%	C1%	C2%	CorWatt	PkgWatt
-	-	1866	42.03	4440	3395	0.57	93512	1	0	0.01	3.97	54.26	45.38	62.46
0	0	1542	34.42	4481	3394	0.53	5201	0	0	0.00	1.32	64.43	5.52	62.34
0	8	2165	48.76	4440	3394	0.57	5661	0	0	0.01	3.13	48.29
1	1	2457	55.17	4453	3394	0.62	7605	0	0	0.01	7.67	37.50	6.90
1	9	2644	58.98	4483	3394	0.65	5965	0	0	0.02	5.99	35.32
2	2	1638	37.33	4386	3394	0.54	4887	0	0	0.00	3.10	59.75	5.29
2	10	1558	35.39	4403	3394	0.55	4898	1	0	0.00	2.24	62.53
3	3	1818	41.06	4429	3394	0.52	4524	0	0	0.03	1.74	57.33	4.90
3	11	1294	29.12	4445	3394	0.47	4866	0	0	0.00	1.61	69.44
4	4	1547	35.61	4343	3394	0.62	8110	0	0	0.01	8.66	56.10	5.65
4	12	2008	44.55	4508	3394	0.53	3041	0	0	0.00	2.49	53.10
5	5	2052	46.68	4396	3394	0.60	7090	0	0	0.01	4.99	48.61	5.75
5	13	1741	39.15	4446	3394	0.54	5788	0	0	0.01	3.93	57.12
6	6	1791	40.35	4439	3394	0.53	7017	0	0	0.01	3.52	56.35	5.15
6	14	1539	34.14	4508	3394	0.50	3902	0	0	0.01	1.18	64.82
7	7	2002	45.76	4375	3394	0.61	9803	0	0	0.02	9.82	44.91	6.20
7	15	2042	45.92	4447	3394	0.62	5154	0	0	0.01	2.11	52.16
