1784079712
amdgpu-pci-0700
Adapter: PCI adapter
vddgfx:      385.00 mV 
fan1:         128 RPM  (min =    0 RPM, max = 3600 RPM)
edge:         +50.0°C  (crit = +110.0°C, hyst = -273.1°C)
                       (emerg = +115.0°C)
junction:     +51.0°C  (crit = +110.0°C, hyst = -273.1°C)
                       (emerg = +115.0°C)
mem:          +60.0°C  (crit = +105.0°C, hyst = -273.1°C)
                       (emerg = +110.0°C)
PPT:          10.00 W  (cap = 145.00 W)

nvme-pci-0100
Adapter: PCI adapter
Composite:    +31.9°C  (low  = -273.1°C, high = +89.8°C)
                       (crit = +94.8°C)
Sensor 1:     +32.9°C  (low  = -273.1°C, high = +65261.8°C)
Sensor 2:     +31.9°C  (low  = -273.1°C, high = +65261.8°C)

k10temp-pci-00c3
Adapter: PCI adapter
Tctl:         +61.9°C  
Tccd1:        +54.5°C  

1784079714
amdgpu-pci-0700
Adapter: PCI adapter
vddgfx:      661.00 mV 
fan1:           0 RPM  (min =    0 RPM, max = 3600 RPM)
edge:         +50.0°C  (crit = +110.0°C, hyst = -273.1°C)
                       (emerg = +115.0°C)
junction:     +52.0°C  (crit = +110.0°C, hyst = -273.1°C)
                       (emerg = +115.0°C)
mem:          +60.0°C  (crit = +105.0°C, hyst = -273.1°C)
                       (emerg = +110.0°C)
PPT:          13.00 W  (cap = 145.00 W)

nvme-pci-0100
Adapter: PCI adapter
Composite:    +34.9°C  (low  = -273.1°C, high = +89.8°C)
                       (crit = +94.8°C)
Sensor 1:     +34.9°C  (low  = -273.1°C, high = +65261.8°C)
Sensor 2:     +31.9°C  (low  = -273.1°C, high = +65261.8°C)

k10temp-pci-00c3
Adapter: PCI adapter
Tctl:         +65.5°C  
Tccd1:        +77.8°C  

1784079716
amdgpu-pci-0700
Adapter: PCI adapter
vddgfx:      456.00 mV 
fan1:           0 RPM  (min =    0 RPM, max = 3600 RPM)
edge:         +50.0°C  (crit = +110.0°C, hyst = -273.1°C)
                       (emerg = +115.0°C)
junction:     +51.0°C  (crit = +110.0°C, hyst = -273.1°C)
                       (emerg = +115.0°C)
mem:          +58.0°C  (crit = +105.0°C, hyst = -273.1°C)
                       (emerg = +110.0°C)
PPT:           8.00 W  (cap = 145.00 W)

nvme-pci-0100
Adapter: PCI adapter
Composite:    +31.9°C  (low  = -273.1°C, high = +89.8°C)
                       (crit = +94.8°C)
Sensor 1:     +31.9°C  (low  = -273.1°C, high = +65261.8°C)
Sensor 2:     +31.9°C  (low  = -273.1°C, high = +65261.8°C)

k10temp-pci-00c3
Adapter: PCI adapter
Tctl:         +72.5°C  
Tccd1:        +64.8°C  

1784079718
amdgpu-pci-0700
Adapter: PCI adapter
vddgfx:      505.00 mV 
fan1:           0 RPM  (min =    0 RPM, max = 3600 RPM)
edge:         +50.0°C  (crit = +110.0°C, hyst = -273.1°C)
                       (emerg = +115.0°C)
junction:     +50.0°C  (crit = +110.0°C, hyst = -273.1°C)
                       (emerg = +115.0°C)
mem:          +57.0°C  (crit = +105.0°C, hyst = -273.1°C)
                       (emerg = +110.0°C)
PPT:           7.00 W  (cap = 145.00 W)

nvme-pci-0100
Adapter: PCI adapter
Composite:    +33.9°C  (low  = -273.1°C, high = +89.8°C)
                       (crit = +94.8°C)
Sensor 1:     +33.9°C  (low  = -273.1°C, high = +65261.8°C)
Sensor 2:     +31.9°C  (low  = -273.1°C, high = +65261.8°C)

k10temp-pci-00c3
Adapter: PCI adapter
Tctl:         +72.1°C  
Tccd1:        +63.2°C  

1784079720
amdgpu-pci-0700
Adapter: PCI adapter
vddgfx:      596.00 mV 
fan1:           0 RPM  (min =    0 RPM, max = 3600 RPM)
edge:         +49.0°C  (crit = +110.0°C, hyst = -273.1°C)
                       (emerg = +115.0°C)
junction:     +50.0°C  (crit = +110.0°C, hyst = -273.1°C)
                       (emerg = +115.0°C)
mem:          +56.0°C  (crit = +105.0°C, hyst = -273.1°C)
                       (emerg = +110.0°C)
PPT:           6.00 W  (cap = 145.00 W)

nvme-pci-0100
Adapter: PCI adapter
Composite:    +32.9°C  (low  = -273.1°C, high = +89.8°C)
                       (crit = +94.8°C)
Sensor 1:     +32.9°C  (low  = -273.1°C, high = +65261.8°C)
Sensor 2:     +31.9°C  (low  = -273.1°C, high = +65261.8°C)

k10temp-pci-00c3
Adapter: PCI adapter
Tctl:         +71.0°C  
Tccd1:        +62.8°C  

1784079722
amdgpu-pci-0700
Adapter: PCI adapter
vddgfx:      648.00 mV 
fan1:           0 RPM  (min =    0 RPM, max = 3600 RPM)
edge:         +49.0°C  (crit = +110.0°C, hyst = -273.1°C)
                       (emerg = +115.0°C)
junction:     +50.0°C  (crit = +110.0°C, hyst = -273.1°C)
                       (emerg = +115.0°C)
mem:          +56.0°C  (crit = +105.0°C, hyst = -273.1°C)
                       (emerg = +110.0°C)
PPT:           7.00 W  (cap = 145.00 W)

nvme-pci-0100
Adapter: PCI adapter
Composite:    +32.9°C  (low  = -273.1°C, high = +89.8°C)
                       (crit = +94.8°C)
Sensor 1:     +32.9°C  (low  = -273.1°C, high = +65261.8°C)
Sensor 2:     +31.9°C  (low  = -273.1°C, high = +65261.8°C)

k10temp-pci-00c3
Adapter: PCI adapter
Tctl:         +69.8°C  
Tccd1:        +64.0°C  

1784079724
amdgpu-pci-0700
Adapter: PCI adapter
vddgfx:      646.00 mV 
fan1:           0 RPM  (min =    0 RPM, max = 3600 RPM)
edge:         +49.0°C  (crit = +110.0°C, hyst = -273.1°C)
                       (emerg = +115.0°C)
junction:     +50.0°C  (crit = +110.0°C, hyst = -273.1°C)
                       (emerg = +115.0°C)
mem:          +56.0°C  (crit = +105.0°C, hyst = -273.1°C)
                       (emerg = +110.0°C)
PPT:           7.00 W  (cap = 145.00 W)

nvme-pci-0100
Adapter: PCI adapter
Composite:    +31.9°C  (low  = -273.1°C, high = +89.8°C)
                       (crit = +94.8°C)
Sensor 1:     +32.9°C  (low  = -273.1°C, high = +65261.8°C)
Sensor 2:     +31.9°C  (low  = -273.1°C, high = +65261.8°C)

k10temp-pci-00c3
Adapter: PCI adapter
Tctl:         +68.6°C  
Tccd1:        +65.0°C  

1784079726
amdgpu-pci-0700
Adapter: PCI adapter
vddgfx:      623.00 mV 
fan1:           0 RPM  (min =    0 RPM, max = 3600 RPM)
edge:         +49.0°C  (crit = +110.0°C, hyst = -273.1°C)
                       (emerg = +115.0°C)
junction:     +50.0°C  (crit = +110.0°C, hyst = -273.1°C)
                       (emerg = +115.0°C)
mem:          +56.0°C  (crit = +105.0°C, hyst = -273.1°C)
                       (emerg = +110.0°C)
PPT:           7.00 W  (cap = 145.00 W)

nvme-pci-0100
Adapter: PCI adapter
Composite:    +31.9°C  (low  = -273.1°C, high = +89.8°C)
                       (crit = +94.8°C)
Sensor 1:     +32.9°C  (low  = -273.1°C, high = +65261.8°C)
Sensor 2:     +31.9°C  (low  = -273.1°C, high = +65261.8°C)

k10temp-pci-00c3
Adapter: PCI adapter
Tctl:         +68.0°C  
Tccd1:        +64.2°C  

1784079728
amdgpu-pci-0700
Adapter: PCI adapter
vddgfx:      565.00 mV 
fan1:           0 RPM  (min =    0 RPM, max = 3600 RPM)
edge:         +49.0°C  (crit = +110.0°C, hyst = -273.1°C)
                       (emerg = +115.0°C)
junction:     +50.0°C  (crit = +110.0°C, hyst = -273.1°C)
                       (emerg = +115.0°C)
mem:          +56.0°C  (crit = +105.0°C, hyst = -273.1°C)
                       (emerg = +110.0°C)
PPT:           6.00 W  (cap = 145.00 W)

nvme-pci-0100
Adapter: PCI adapter
Composite:    +32.9°C  (low  = -273.1°C, high = +89.8°C)
                       (crit = +94.8°C)
Sensor 1:     +32.9°C  (low  = -273.1°C, high = +65261.8°C)
Sensor 2:     +31.9°C  (low  = -273.1°C, high = +65261.8°C)

k10temp-pci-00c3
Adapter: PCI adapter
Tctl:         +67.2°C  
Tccd1:        +65.5°C  

1784079730
amdgpu-pci-0700
Adapter: PCI adapter
vddgfx:      554.00 mV 
fan1:           0 RPM  (min =    0 RPM, max = 3600 RPM)
edge:         +49.0°C  (crit = +110.0°C, hyst = -273.1°C)
                       (emerg = +115.0°C)
junction:     +50.0°C  (crit = +110.0°C, hyst = -273.1°C)
                       (emerg = +115.0°C)
mem:          +56.0°C  (crit = +105.0°C, hyst = -273.1°C)
                       (emerg = +110.0°C)
PPT:           6.00 W  (cap = 145.00 W)

nvme-pci-0100
Adapter: PCI adapter
Composite:    +33.9°C  (low  = -273.1°C, high = +89.8°C)
                       (crit = +94.8°C)
Sensor 1:     +33.9°C  (low  = -273.1°C, high = +65261.8°C)
Sensor 2:     +31.9°C  (low  = -273.1°C, high = +65261.8°C)

k10temp-pci-00c3
Adapter: PCI adapter
Tctl:         +67.0°C  
Tccd1:        +65.8°C  

1784079733
amdgpu-pci-0700
Adapter: PCI adapter
vddgfx:      534.00 mV 
fan1:           0 RPM  (min =    0 RPM, max = 3600 RPM)
edge:         +49.0°C  (crit = +110.0°C, hyst = -273.1°C)
                       (emerg = +115.0°C)
junction:     +50.0°C  (crit = +110.0°C, hyst = -273.1°C)
                       (emerg = +115.0°C)
mem:          +56.0°C  (crit = +105.0°C, hyst = -273.1°C)
                       (emerg = +110.0°C)
PPT:           6.00 W  (cap = 145.00 W)

nvme-pci-0100
Adapter: PCI adapter
Composite:    +31.9°C  (low  = -273.1°C, high = +89.8°C)
                       (crit = +94.8°C)
Sensor 1:     +32.9°C  (low  = -273.1°C, high = +65261.8°C)
Sensor 2:     +31.9°C  (low  = -273.1°C, high = +65261.8°C)

k10temp-pci-00c3
Adapter: PCI adapter
Tctl:         +66.5°C  
Tccd1:        +64.5°C  

1784079735
amdgpu-pci-0700
Adapter: PCI adapter
vddgfx:      585.00 mV 
fan1:           0 RPM  (min =    0 RPM, max = 3600 RPM)
edge:         +49.0°C  (crit = +110.0°C, hyst = -273.1°C)
                       (emerg = +115.0°C)
junction:     +50.0°C  (crit = +110.0°C, hyst = -273.1°C)
                       (emerg = +115.0°C)
mem:          +56.0°C  (crit = +105.0°C, hyst = -273.1°C)
                       (emerg = +110.0°C)
PPT:           6.00 W  (cap = 145.00 W)

nvme-pci-0100
Adapter: PCI adapter
Composite:    +33.9°C  (low  = -273.1°C, high = +89.8°C)
                       (crit = +94.8°C)
Sensor 1:     +33.9°C  (low  = -273.1°C, high = +65261.8°C)
Sensor 2:     +31.9°C  (low  = -273.1°C, high = +65261.8°C)

k10temp-pci-00c3
Adapter: PCI adapter
Tctl:         +66.4°C  
Tccd1:        +64.2°C  

1784079737
amdgpu-pci-0700
Adapter: PCI adapter
vddgfx:      590.00 mV 
fan1:           0 RPM  (min =    0 RPM, max = 3600 RPM)
edge:         +49.0°C  (crit = +110.0°C, hyst = -273.1°C)
                       (emerg = +115.0°C)
junction:     +50.0°C  (crit = +110.0°C, hyst = -273.1°C)
                       (emerg = +115.0°C)
mem:          +56.0°C  (crit = +105.0°C, hyst = -273.1°C)
                       (emerg = +110.0°C)
PPT:           7.00 W  (cap = 145.00 W)

nvme-pci-0100
Adapter: PCI adapter
Composite:    +31.9°C  (low  = -273.1°C, high = +89.8°C)
                       (crit = +94.8°C)
Sensor 1:     +32.9°C  (low  = -273.1°C, high = +65261.8°C)
Sensor 2:     +31.9°C  (low  = -273.1°C, high = +65261.8°C)

k10temp-pci-00c3
Adapter: PCI adapter
Tctl:         +66.1°C  
Tccd1:        +63.8°C  

1784079739
amdgpu-pci-0700
Adapter: PCI adapter
vddgfx:      654.00 mV 
fan1:           0 RPM  (min =    0 RPM, max = 3600 RPM)
edge:         +49.0°C  (crit = +110.0°C, hyst = -273.1°C)
                       (emerg = +115.0°C)
junction:     +50.0°C  (crit = +110.0°C, hyst = -273.1°C)
                       (emerg = +115.0°C)
mem:          +56.0°C  (crit = +105.0°C, hyst = -273.1°C)
                       (emerg = +110.0°C)
PPT:           7.00 W  (cap = 145.00 W)

nvme-pci-0100
Adapter: PCI adapter
Composite:    +32.9°C  (low  = -273.1°C, high = +89.8°C)
                       (crit = +94.8°C)
Sensor 1:     +32.9°C  (low  = -273.1°C, high = +65261.8°C)
Sensor 2:     +31.9°C  (low  = -273.1°C, high = +65261.8°C)

k10temp-pci-00c3
Adapter: PCI adapter
Tctl:         +66.0°C  
Tccd1:        +63.8°C  

1784079741
amdgpu-pci-0700
Adapter: PCI adapter
vddgfx:      636.00 mV 
fan1:           0 RPM  (min =    0 RPM, max = 3600 RPM)
edge:         +49.0°C  (crit = +110.0°C, hyst = -273.1°C)
                       (emerg = +115.0°C)
junction:     +50.0°C  (crit = +110.0°C, hyst = -273.1°C)
                       (emerg = +115.0°C)
mem:          +56.0°C  (crit = +105.0°C, hyst = -273.1°C)
                       (emerg = +110.0°C)
PPT:           7.00 W  (cap = 145.00 W)

nvme-pci-0100
Adapter: PCI adapter
Composite:    +32.9°C  (low  = -273.1°C, high = +89.8°C)
                       (crit = +94.8°C)
Sensor 1:     +32.9°C  (low  = -273.1°C, high = +65261.8°C)
Sensor 2:     +31.9°C  (low  = -273.1°C, high = +65261.8°C)

k10temp-pci-00c3
Adapter: PCI adapter
Tctl:         +66.2°C  
Tccd1:        +67.2°C  

1784079743
amdgpu-pci-0700
Adapter: PCI adapter
vddgfx:      639.00 mV 
fan1:           0 RPM  (min =    0 RPM, max = 3600 RPM)
edge:         +49.0°C  (crit = +110.0°C, hyst = -273.1°C)
                       (emerg = +115.0°C)
junction:     +50.0°C  (crit = +110.0°C, hyst = -273.1°C)
                       (emerg = +115.0°C)
mem:          +56.0°C  (crit = +105.0°C, hyst = -273.1°C)
                       (emerg = +110.0°C)
PPT:           7.00 W  (cap = 145.00 W)

nvme-pci-0100
Adapter: PCI adapter
Composite:    +32.9°C  (low  = -273.1°C, high = +89.8°C)
                       (crit = +94.8°C)
Sensor 1:     +32.9°C  (low  = -273.1°C, high = +65261.8°C)
Sensor 2:     +31.9°C  (low  = -273.1°C, high = +65261.8°C)

k10temp-pci-00c3
Adapter: PCI adapter
Tctl:         +66.4°C  
Tccd1:        +66.0°C  

1784079745
amdgpu-pci-0700
Adapter: PCI adapter
vddgfx:      650.00 mV 
fan1:           0 RPM  (min =    0 RPM, max = 3600 RPM)
edge:         +49.0°C  (crit = +110.0°C, hyst = -273.1°C)
                       (emerg = +115.0°C)
junction:     +50.0°C  (crit = +110.0°C, hyst = -273.1°C)
                       (emerg = +115.0°C)
mem:          +56.0°C  (crit = +105.0°C, hyst = -273.1°C)
                       (emerg = +110.0°C)
PPT:           7.00 W  (cap = 145.00 W)

nvme-pci-0100
Adapter: PCI adapter
Composite:    +32.9°C  (low  = -273.1°C, high = +89.8°C)
                       (crit = +94.8°C)
Sensor 1:     +33.9°C  (low  = -273.1°C, high = +65261.8°C)
Sensor 2:     +31.9°C  (low  = -273.1°C, high = +65261.8°C)

k10temp-pci-00c3
Adapter: PCI adapter
Tctl:         +66.9°C  
Tccd1:        +64.5°C  

1784079747
amdgpu-pci-0700
Adapter: PCI adapter
vddgfx:      451.00 mV 
fan1:           0 RPM  (min =    0 RPM, max = 3600 RPM)
edge:         +49.0°C  (crit = +110.0°C, hyst = -273.1°C)
                       (emerg = +115.0°C)
junction:     +50.0°C  (crit = +110.0°C, hyst = -273.1°C)
                       (emerg = +115.0°C)
mem:          +56.0°C  (crit = +105.0°C, hyst = -273.1°C)
                       (emerg = +110.0°C)
PPT:           5.00 W  (cap = 145.00 W)

nvme-pci-0100
Adapter: PCI adapter
Composite:    +33.9°C  (low  = -273.1°C, high = +89.8°C)
                       (crit = +94.8°C)
Sensor 1:     +34.9°C  (low  = -273.1°C, high = +65261.8°C)
Sensor 2:     +31.9°C  (low  = -273.1°C, high = +65261.8°C)

k10temp-pci-00c3
Adapter: PCI adapter
Tctl:         +66.9°C  
Tccd1:        +65.8°C  

1784079749
amdgpu-pci-0700
Adapter: PCI adapter
vddgfx:      420.00 mV 
fan1:           0 RPM  (min =    0 RPM, max = 3600 RPM)
edge:         +49.0°C  (crit = +110.0°C, hyst = -273.1°C)
                       (emerg = +115.0°C)
junction:     +50.0°C  (crit = +110.0°C, hyst = -273.1°C)
                       (emerg = +115.0°C)
mem:          +56.0°C  (crit = +105.0°C, hyst = -273.1°C)
                       (emerg = +110.0°C)
PPT:           5.00 W  (cap = 145.00 W)

nvme-pci-0100
Adapter: PCI adapter
Composite:    +33.9°C  (low  = -273.1°C, high = +89.8°C)
                       (crit = +94.8°C)
Sensor 1:     +34.9°C  (low  = -273.1°C, high = +65261.8°C)
Sensor 2:     +31.9°C  (low  = -273.1°C, high = +65261.8°C)

k10temp-pci-00c3
Adapter: PCI adapter
Tctl:         +66.8°C  
Tccd1:        +65.2°C  

1784079751
amdgpu-pci-0700
Adapter: PCI adapter
vddgfx:      403.00 mV 
fan1:           0 RPM  (min =    0 RPM, max = 3600 RPM)
edge:         +49.0°C  (crit = +110.0°C, hyst = -273.1°C)
                       (emerg = +115.0°C)
junction:     +49.0°C  (crit = +110.0°C, hyst = -273.1°C)
                       (emerg = +115.0°C)
mem:          +56.0°C  (crit = +105.0°C, hyst = -273.1°C)
                       (emerg = +110.0°C)
PPT:           5.00 W  (cap = 145.00 W)

nvme-pci-0100
Adapter: PCI adapter
Composite:    +32.9°C  (low  = -273.1°C, high = +89.8°C)
                       (crit = +94.8°C)
Sensor 1:     +33.9°C  (low  = -273.1°C, high = +65261.8°C)
Sensor 2:     +31.9°C  (low  = -273.1°C, high = +65261.8°C)

k10temp-pci-00c3
Adapter: PCI adapter
Tctl:         +66.8°C  
Tccd1:        +66.2°C  

1784079753
amdgpu-pci-0700
Adapter: PCI adapter
vddgfx:      412.00 mV 
fan1:           0 RPM  (min =    0 RPM, max = 3600 RPM)
edge:         +49.0°C  (crit = +110.0°C, hyst = -273.1°C)
                       (emerg = +115.0°C)
junction:     +49.0°C  (crit = +110.0°C, hyst = -273.1°C)
                       (emerg = +115.0°C)
mem:          +56.0°C  (crit = +105.0°C, hyst = -273.1°C)
                       (emerg = +110.0°C)
PPT:           5.00 W  (cap = 145.00 W)

nvme-pci-0100
Adapter: PCI adapter
Composite:    +32.9°C  (low  = -273.1°C, high = +89.8°C)
                       (crit = +94.8°C)
Sensor 1:     +33.9°C  (low  = -273.1°C, high = +65261.8°C)
Sensor 2:     +31.9°C  (low  = -273.1°C, high = +65261.8°C)

k10temp-pci-00c3
Adapter: PCI adapter
Tctl:         +67.0°C  
Tccd1:        +66.5°C  

1784079755
amdgpu-pci-0700
Adapter: PCI adapter
vddgfx:      416.00 mV 
fan1:           0 RPM  (min =    0 RPM, max = 3600 RPM)
edge:         +49.0°C  (crit = +110.0°C, hyst = -273.1°C)
                       (emerg = +115.0°C)
junction:     +49.0°C  (crit = +110.0°C, hyst = -273.1°C)
                       (emerg = +115.0°C)
mem:          +56.0°C  (crit = +105.0°C, hyst = -273.1°C)
                       (emerg = +110.0°C)
PPT:           5.00 W  (cap = 145.00 W)

nvme-pci-0100
Adapter: PCI adapter
Composite:    +32.9°C  (low  = -273.1°C, high = +89.8°C)
                       (crit = +94.8°C)
Sensor 1:     +32.9°C  (low  = -273.1°C, high = +65261.8°C)
Sensor 2:     +31.9°C  (low  = -273.1°C, high = +65261.8°C)

k10temp-pci-00c3
Adapter: PCI adapter
Tctl:         +66.9°C  
Tccd1:        +65.8°C  

1784079757
amdgpu-pci-0700
Adapter: PCI adapter
vddgfx:      387.00 mV 
fan1:           0 RPM  (min =    0 RPM, max = 3600 RPM)
edge:         +49.0°C  (crit = +110.0°C, hyst = -273.1°C)
                       (emerg = +115.0°C)
junction:     +49.0°C  (crit = +110.0°C, hyst = -273.1°C)
                       (emerg = +115.0°C)
mem:          +56.0°C  (crit = +105.0°C, hyst = -273.1°C)
                       (emerg = +110.0°C)
PPT:           5.00 W  (cap = 145.00 W)

nvme-pci-0100
Adapter: PCI adapter
Composite:    +32.9°C  (low  = -273.1°C, high = +89.8°C)
                       (crit = +94.8°C)
Sensor 1:     +32.9°C  (low  = -273.1°C, high = +65261.8°C)
Sensor 2:     +31.9°C  (low  = -273.1°C, high = +65261.8°C)

k10temp-pci-00c3
Adapter: PCI adapter
Tctl:         +67.2°C  
Tccd1:        +66.8°C  

1784079759
amdgpu-pci-0700
Adapter: PCI adapter
vddgfx:      394.00 mV 
fan1:           0 RPM  (min =    0 RPM, max = 3600 RPM)
edge:         +49.0°C  (crit = +110.0°C, hyst = -273.1°C)
                       (emerg = +115.0°C)
junction:     +49.0°C  (crit = +110.0°C, hyst = -273.1°C)
                       (emerg = +115.0°C)
mem:          +56.0°C  (crit = +105.0°C, hyst = -273.1°C)
                       (emerg = +110.0°C)
PPT:           5.00 W  (cap = 145.00 W)

nvme-pci-0100
Adapter: PCI adapter
Composite:    +32.9°C  (low  = -273.1°C, high = +89.8°C)
                       (crit = +94.8°C)
Sensor 1:     +33.9°C  (low  = -273.1°C, high = +65261.8°C)
Sensor 2:     +31.9°C  (low  = -273.1°C, high = +65261.8°C)

k10temp-pci-00c3
Adapter: PCI adapter
Tctl:         +67.2°C  
Tccd1:        +64.2°C  

1784079761
amdgpu-pci-0700
Adapter: PCI adapter
vddgfx:      415.00 mV 
fan1:           0 RPM  (min =    0 RPM, max = 3600 RPM)
edge:         +49.0°C  (crit = +110.0°C, hyst = -273.1°C)
                       (emerg = +115.0°C)
junction:     +49.0°C  (crit = +110.0°C, hyst = -273.1°C)
                       (emerg = +115.0°C)
mem:          +56.0°C  (crit = +105.0°C, hyst = -273.1°C)
                       (emerg = +110.0°C)
PPT:           5.00 W  (cap = 145.00 W)

nvme-pci-0100
Adapter: PCI adapter
Composite:    +33.9°C  (low  = -273.1°C, high = +89.8°C)
                       (crit = +94.8°C)
Sensor 1:     +34.9°C  (low  = -273.1°C, high = +65261.8°C)
Sensor 2:     +31.9°C  (low  = -273.1°C, high = +65261.8°C)

k10temp-pci-00c3
Adapter: PCI adapter
Tctl:         +67.2°C  
Tccd1:        +67.5°C  

1784079763
amdgpu-pci-0700
Adapter: PCI adapter
vddgfx:      392.00 mV 
fan1:           0 RPM  (min =    0 RPM, max = 3600 RPM)
edge:         +48.0°C  (crit = +110.0°C, hyst = -273.1°C)
                       (emerg = +115.0°C)
junction:     +49.0°C  (crit = +110.0°C, hyst = -273.1°C)
                       (emerg = +115.0°C)
mem:          +56.0°C  (crit = +105.0°C, hyst = -273.1°C)
                       (emerg = +110.0°C)
PPT:           5.00 W  (cap = 145.00 W)

nvme-pci-0100
Adapter: PCI adapter
Composite:    +32.9°C  (low  = -273.1°C, high = +89.8°C)
                       (crit = +94.8°C)
Sensor 1:     +33.9°C  (low  = -273.1°C, high = +65261.8°C)
Sensor 2:     +31.9°C  (low  = -273.1°C, high = +65261.8°C)

k10temp-pci-00c3
Adapter: PCI adapter
Tctl:         +67.2°C  
Tccd1:        +67.8°C  

1784079765
amdgpu-pci-0700
Adapter: PCI adapter
vddgfx:      402.00 mV 
fan1:           0 RPM  (min =    0 RPM, max = 3600 RPM)
edge:         +48.0°C  (crit = +110.0°C, hyst = -273.1°C)
                       (emerg = +115.0°C)
junction:     +49.0°C  (crit = +110.0°C, hyst = -273.1°C)
                       (emerg = +115.0°C)
mem:          +56.0°C  (crit = +105.0°C, hyst = -273.1°C)
                       (emerg = +110.0°C)
PPT:           5.00 W  (cap = 145.00 W)

nvme-pci-0100
Adapter: PCI adapter
Composite:    +32.9°C  (low  = -273.1°C, high = +89.8°C)
                       (crit = +94.8°C)
Sensor 1:     +32.9°C  (low  = -273.1°C, high = +65261.8°C)
Sensor 2:     +31.9°C  (low  = -273.1°C, high = +65261.8°C)

k10temp-pci-00c3
Adapter: PCI adapter
Tctl:         +67.0°C  
Tccd1:        +67.2°C  

1784079767
amdgpu-pci-0700
Adapter: PCI adapter
vddgfx:      384.00 mV 
fan1:           0 RPM  (min =    0 RPM, max = 3600 RPM)
edge:         +48.0°C  (crit = +110.0°C, hyst = -273.1°C)
                       (emerg = +115.0°C)
junction:     +49.0°C  (crit = +110.0°C, hyst = -273.1°C)
                       (emerg = +115.0°C)
mem:          +56.0°C  (crit = +105.0°C, hyst = -273.1°C)
                       (emerg = +110.0°C)
PPT:           5.00 W  (cap = 145.00 W)

nvme-pci-0100
Adapter: PCI adapter
Composite:    +32.9°C  (low  = -273.1°C, high = +89.8°C)
                       (crit = +94.8°C)
Sensor 1:     +32.9°C  (low  = -273.1°C, high = +65261.8°C)
Sensor 2:     +31.9°C  (low  = -273.1°C, high = +65261.8°C)

k10temp-pci-00c3
Adapter: PCI adapter
Tctl:         +67.2°C  
Tccd1:        +66.0°C  

1784079769
amdgpu-pci-0700
Adapter: PCI adapter
vddgfx:      418.00 mV 
fan1:           0 RPM  (min =    0 RPM, max = 3600 RPM)
edge:         +48.0°C  (crit = +110.0°C, hyst = -273.1°C)
                       (emerg = +115.0°C)
junction:     +49.0°C  (crit = +110.0°C, hyst = -273.1°C)
                       (emerg = +115.0°C)
mem:          +56.0°C  (crit = +105.0°C, hyst = -273.1°C)
                       (emerg = +110.0°C)
PPT:           5.00 W  (cap = 145.00 W)

nvme-pci-0100
Adapter: PCI adapter
Composite:    +33.9°C  (low  = -273.1°C, high = +89.8°C)
                       (crit = +94.8°C)
Sensor 1:     +33.9°C  (low  = -273.1°C, high = +65261.8°C)
Sensor 2:     +31.9°C  (low  = -273.1°C, high = +65261.8°C)

k10temp-pci-00c3
Adapter: PCI adapter
Tctl:         +67.8°C  
Tccd1:        +65.8°C  

1784079771
amdgpu-pci-0700
Adapter: PCI adapter
vddgfx:      394.00 mV 
fan1:           0 RPM  (min =    0 RPM, max = 3600 RPM)
edge:         +48.0°C  (crit = +110.0°C, hyst = -273.1°C)
                       (emerg = +115.0°C)
junction:     +49.0°C  (crit = +110.0°C, hyst = -273.1°C)
                       (emerg = +115.0°C)
mem:          +56.0°C  (crit = +105.0°C, hyst = -273.1°C)
                       (emerg = +110.0°C)
PPT:           5.00 W  (cap = 145.00 W)

nvme-pci-0100
Adapter: PCI adapter
Composite:    +32.9°C  (low  = -273.1°C, high = +89.8°C)
                       (crit = +94.8°C)
Sensor 1:     +32.9°C  (low  = -273.1°C, high = +65261.8°C)
Sensor 2:     +31.9°C  (low  = -273.1°C, high = +65261.8°C)

k10temp-pci-00c3
Adapter: PCI adapter
Tctl:         +67.5°C  
Tccd1:        +66.5°C  

1784079773
amdgpu-pci-0700
Adapter: PCI adapter
vddgfx:      403.00 mV 
fan1:           0 RPM  (min =    0 RPM, max = 3600 RPM)
edge:         +48.0°C  (crit = +110.0°C, hyst = -273.1°C)
                       (emerg = +115.0°C)
junction:     +49.0°C  (crit = +110.0°C, hyst = -273.1°C)
                       (emerg = +115.0°C)
mem:          +56.0°C  (crit = +105.0°C, hyst = -273.1°C)
                       (emerg = +110.0°C)
PPT:           5.00 W  (cap = 145.00 W)

nvme-pci-0100
Adapter: PCI adapter
Composite:    +33.9°C  (low  = -273.1°C, high = +89.8°C)
                       (crit = +94.8°C)
Sensor 1:     +33.9°C  (low  = -273.1°C, high = +65261.8°C)
Sensor 2:     +31.9°C  (low  = -273.1°C, high = +65261.8°C)

k10temp-pci-00c3
Adapter: PCI adapter
Tctl:         +67.8°C  
Tccd1:        +68.5°C  

1784079775
amdgpu-pci-0700
Adapter: PCI adapter
vddgfx:      390.00 mV 
fan1:           0 RPM  (min =    0 RPM, max = 3600 RPM)
edge:         +48.0°C  (crit = +110.0°C, hyst = -273.1°C)
                       (emerg = +115.0°C)
junction:     +49.0°C  (crit = +110.0°C, hyst = -273.1°C)
                       (emerg = +115.0°C)
mem:          +56.0°C  (crit = +105.0°C, hyst = -273.1°C)
                       (emerg = +110.0°C)
PPT:           5.00 W  (cap = 145.00 W)

nvme-pci-0100
Adapter: PCI adapter
Composite:    +32.9°C  (low  = -273.1°C, high = +89.8°C)
                       (crit = +94.8°C)
Sensor 1:     +32.9°C  (low  = -273.1°C, high = +65261.8°C)
Sensor 2:     +31.9°C  (low  = -273.1°C, high = +65261.8°C)

k10temp-pci-00c3
Adapter: PCI adapter
Tctl:         +67.6°C  
Tccd1:        +66.5°C  

1784079777
amdgpu-pci-0700
Adapter: PCI adapter
vddgfx:      385.00 mV 
fan1:           0 RPM  (min =    0 RPM, max = 3600 RPM)
edge:         +48.0°C  (crit = +110.0°C, hyst = -273.1°C)
                       (emerg = +115.0°C)
junction:     +49.0°C  (crit = +110.0°C, hyst = -273.1°C)
                       (emerg = +115.0°C)
mem:          +56.0°C  (crit = +105.0°C, hyst = -273.1°C)
                       (emerg = +110.0°C)
PPT:           5.00 W  (cap = 145.00 W)

nvme-pci-0100
Adapter: PCI adapter
Composite:    +32.9°C  (low  = -273.1°C, high = +89.8°C)
                       (crit = +94.8°C)
Sensor 1:     +32.9°C  (low  = -273.1°C, high = +65261.8°C)
Sensor 2:     +31.9°C  (low  = -273.1°C, high = +65261.8°C)

k10temp-pci-00c3
Adapter: PCI adapter
Tctl:         +67.6°C  
Tccd1:        +66.2°C  

1784079779
amdgpu-pci-0700
Adapter: PCI adapter
vddgfx:      392.00 mV 
fan1:           0 RPM  (min =    0 RPM, max = 3600 RPM)
edge:         +48.0°C  (crit = +110.0°C, hyst = -273.1°C)
                       (emerg = +115.0°C)
junction:     +49.0°C  (crit = +110.0°C, hyst = -273.1°C)
                       (emerg = +115.0°C)
mem:          +56.0°C  (crit = +105.0°C, hyst = -273.1°C)
                       (emerg = +110.0°C)
PPT:           5.00 W  (cap = 145.00 W)

nvme-pci-0100
Adapter: PCI adapter
Composite:    +32.9°C  (low  = -273.1°C, high = +89.8°C)
                       (crit = +94.8°C)
Sensor 1:     +33.9°C  (low  = -273.1°C, high = +65261.8°C)
Sensor 2:     +31.9°C  (low  = -273.1°C, high = +65261.8°C)

k10temp-pci-00c3
Adapter: PCI adapter
Tctl:         +67.6°C  
Tccd1:        +66.2°C  

1784079781
amdgpu-pci-0700
Adapter: PCI adapter
vddgfx:      407.00 mV 
fan1:           0 RPM  (min =    0 RPM, max = 3600 RPM)
edge:         +48.0°C  (crit = +110.0°C, hyst = -273.1°C)
                       (emerg = +115.0°C)
junction:     +49.0°C  (crit = +110.0°C, hyst = -273.1°C)
                       (emerg = +115.0°C)
mem:          +56.0°C  (crit = +105.0°C, hyst = -273.1°C)
                       (emerg = +110.0°C)
PPT:           5.00 W  (cap = 145.00 W)

nvme-pci-0100
Adapter: PCI adapter
Composite:    +32.9°C  (low  = -273.1°C, high = +89.8°C)
                       (crit = +94.8°C)
Sensor 1:     +32.9°C  (low  = -273.1°C, high = +65261.8°C)
Sensor 2:     +31.9°C  (low  = -273.1°C, high = +65261.8°C)

k10temp-pci-00c3
Adapter: PCI adapter
Tctl:         +67.8°C  
Tccd1:        +65.2°C  

1784079783
amdgpu-pci-0700
Adapter: PCI adapter
vddgfx:      378.00 mV 
fan1:           0 RPM  (min =    0 RPM, max = 3600 RPM)
edge:         +48.0°C  (crit = +110.0°C, hyst = -273.1°C)
                       (emerg = +115.0°C)
junction:     +49.0°C  (crit = +110.0°C, hyst = -273.1°C)
                       (emerg = +115.0°C)
mem:          +56.0°C  (crit = +105.0°C, hyst = -273.1°C)
                       (emerg = +110.0°C)
PPT:           5.00 W  (cap = 145.00 W)

nvme-pci-0100
Adapter: PCI adapter
Composite:    +32.9°C  (low  = -273.1°C, high = +89.8°C)
                       (crit = +94.8°C)
Sensor 1:     +32.9°C  (low  = -273.1°C, high = +65261.8°C)
Sensor 2:     +31.9°C  (low  = -273.1°C, high = +65261.8°C)

k10temp-pci-00c3
Adapter: PCI adapter
Tctl:         +68.4°C  
Tccd1:        +67.2°C  

1784079785
amdgpu-pci-0700
Adapter: PCI adapter
vddgfx:      383.00 mV 
fan1:           0 RPM  (min =    0 RPM, max = 3600 RPM)
edge:         +48.0°C  (crit = +110.0°C, hyst = -273.1°C)
                       (emerg = +115.0°C)
junction:     +49.0°C  (crit = +110.0°C, hyst = -273.1°C)
                       (emerg = +115.0°C)
mem:          +55.0°C  (crit = +105.0°C, hyst = -273.1°C)
                       (emerg = +110.0°C)
PPT:           5.00 W  (cap = 145.00 W)

nvme-pci-0100
Adapter: PCI adapter
Composite:    +32.9°C  (low  = -273.1°C, high = +89.8°C)
                       (crit = +94.8°C)
Sensor 1:     +33.9°C  (low  = -273.1°C, high = +65261.8°C)
Sensor 2:     +31.9°C  (low  = -273.1°C, high = +65261.8°C)

k10temp-pci-00c3
Adapter: PCI adapter
Tctl:         +68.2°C  
Tccd1:        +68.2°C  

1784079787
amdgpu-pci-0700
Adapter: PCI adapter
vddgfx:      391.00 mV 
fan1:           0 RPM  (min =    0 RPM, max = 3600 RPM)
edge:         +48.0°C  (crit = +110.0°C, hyst = -273.1°C)
                       (emerg = +115.0°C)
junction:     +49.0°C  (crit = +110.0°C, hyst = -273.1°C)
                       (emerg = +115.0°C)
mem:          +55.0°C  (crit = +105.0°C, hyst = -273.1°C)
                       (emerg = +110.0°C)
PPT:           5.00 W  (cap = 145.00 W)

nvme-pci-0100
Adapter: PCI adapter
Composite:    +32.9°C  (low  = -273.1°C, high = +89.8°C)
                       (crit = +94.8°C)
Sensor 1:     +34.9°C  (low  = -273.1°C, high = +65261.8°C)
Sensor 2:     +31.9°C  (low  = -273.1°C, high = +65261.8°C)

k10temp-pci-00c3
Adapter: PCI adapter
Tctl:         +68.5°C  
Tccd1:        +67.2°C  

1784079789
amdgpu-pci-0700
Adapter: PCI adapter
vddgfx:      395.00 mV 
fan1:           0 RPM  (min =    0 RPM, max = 3600 RPM)
edge:         +48.0°C  (crit = +110.0°C, hyst = -273.1°C)
                       (emerg = +115.0°C)
junction:     +49.0°C  (crit = +110.0°C, hyst = -273.1°C)
                       (emerg = +115.0°C)
mem:          +55.0°C  (crit = +105.0°C, hyst = -273.1°C)
                       (emerg = +110.0°C)
PPT:           5.00 W  (cap = 145.00 W)

nvme-pci-0100
Adapter: PCI adapter
Composite:    +32.9°C  (low  = -273.1°C, high = +89.8°C)
                       (crit = +94.8°C)
Sensor 1:     +32.9°C  (low  = -273.1°C, high = +65261.8°C)
Sensor 2:     +31.9°C  (low  = -273.1°C, high = +65261.8°C)

k10temp-pci-00c3
Adapter: PCI adapter
Tctl:         +68.4°C  
Tccd1:        +67.8°C  

1784079792
amdgpu-pci-0700
Adapter: PCI adapter
vddgfx:      405.00 mV 
fan1:           0 RPM  (min =    0 RPM, max = 3600 RPM)
edge:         +48.0°C  (crit = +110.0°C, hyst = -273.1°C)
                       (emerg = +115.0°C)
junction:     +49.0°C  (crit = +110.0°C, hyst = -273.1°C)
                       (emerg = +115.0°C)
mem:          +55.0°C  (crit = +105.0°C, hyst = -273.1°C)
                       (emerg = +110.0°C)
PPT:           5.00 W  (cap = 145.00 W)

nvme-pci-0100
Adapter: PCI adapter
Composite:    +32.9°C  (low  = -273.1°C, high = +89.8°C)
                       (crit = +94.8°C)
Sensor 1:     +32.9°C  (low  = -273.1°C, high = +65261.8°C)
Sensor 2:     +31.9°C  (low  = -273.1°C, high = +65261.8°C)

k10temp-pci-00c3
Adapter: PCI adapter
Tctl:         +68.4°C  
Tccd1:        +67.8°C  

1784079794
amdgpu-pci-0700
Adapter: PCI adapter
vddgfx:      383.00 mV 
fan1:           0 RPM  (min =    0 RPM, max = 3600 RPM)
edge:         +48.0°C  (crit = +110.0°C, hyst = -273.1°C)
                       (emerg = +115.0°C)
junction:     +49.0°C  (crit = +110.0°C, hyst = -273.1°C)
                       (emerg = +115.0°C)
mem:          +55.0°C  (crit = +105.0°C, hyst = -273.1°C)
                       (emerg = +110.0°C)
PPT:           5.00 W  (cap = 145.00 W)

nvme-pci-0100
Adapter: PCI adapter
Composite:    +32.9°C  (low  = -273.1°C, high = +89.8°C)
                       (crit = +94.8°C)
Sensor 1:     +32.9°C  (low  = -273.1°C, high = +65261.8°C)
Sensor 2:     +31.9°C  (low  = -273.1°C, high = +65261.8°C)

k10temp-pci-00c3
Adapter: PCI adapter
Tctl:         +68.5°C  
Tccd1:        +65.8°C  

1784079796
amdgpu-pci-0700
Adapter: PCI adapter
vddgfx:      380.00 mV 
fan1:           0 RPM  (min =    0 RPM, max = 3600 RPM)
edge:         +48.0°C  (crit = +110.0°C, hyst = -273.1°C)
                       (emerg = +115.0°C)
junction:     +48.0°C  (crit = +110.0°C, hyst = -273.1°C)
                       (emerg = +115.0°C)
mem:          +54.0°C  (crit = +105.0°C, hyst = -273.1°C)
                       (emerg = +110.0°C)
PPT:           5.00 W  (cap = 145.00 W)

nvme-pci-0100
Adapter: PCI adapter
Composite:    +32.9°C  (low  = -273.1°C, high = +89.8°C)
                       (crit = +94.8°C)
Sensor 1:     +32.9°C  (low  = -273.1°C, high = +65261.8°C)
Sensor 2:     +31.9°C  (low  = -273.1°C, high = +65261.8°C)

k10temp-pci-00c3
Adapter: PCI adapter
Tctl:         +68.6°C  
Tccd1:        +69.0°C  

1784079798
amdgpu-pci-0700
Adapter: PCI adapter
vddgfx:      397.00 mV 
fan1:           0 RPM  (min =    0 RPM, max = 3600 RPM)
edge:         +48.0°C  (crit = +110.0°C, hyst = -273.1°C)
                       (emerg = +115.0°C)
junction:     +48.0°C  (crit = +110.0°C, hyst = -273.1°C)
                       (emerg = +115.0°C)
mem:          +54.0°C  (crit = +105.0°C, hyst = -273.1°C)
                       (emerg = +110.0°C)
PPT:           5.00 W  (cap = 145.00 W)

nvme-pci-0100
Adapter: PCI adapter
Composite:    +32.9°C  (low  = -273.1°C, high = +89.8°C)
                       (crit = +94.8°C)
Sensor 1:     +32.9°C  (low  = -273.1°C, high = +65261.8°C)
Sensor 2:     +31.9°C  (low  = -273.1°C, high = +65261.8°C)

k10temp-pci-00c3
Adapter: PCI adapter
Tctl:         +69.0°C  
Tccd1:        +66.0°C  

1784079800
amdgpu-pci-0700
Adapter: PCI adapter
vddgfx:      371.00 mV 
fan1:           0 RPM  (min =    0 RPM, max = 3600 RPM)
edge:         +48.0°C  (crit = +110.0°C, hyst = -273.1°C)
                       (emerg = +115.0°C)
junction:     +48.0°C  (crit = +110.0°C, hyst = -273.1°C)
                       (emerg = +115.0°C)
mem:          +54.0°C  (crit = +105.0°C, hyst = -273.1°C)
                       (emerg = +110.0°C)
PPT:           5.00 W  (cap = 145.00 W)

nvme-pci-0100
Adapter: PCI adapter
Composite:    +32.9°C  (low  = -273.1°C, high = +89.8°C)
                       (crit = +94.8°C)
Sensor 1:     +32.9°C  (low  = -273.1°C, high = +65261.8°C)
Sensor 2:     +31.9°C  (low  = -273.1°C, high = +65261.8°C)

k10temp-pci-00c3
Adapter: PCI adapter
Tctl:         +69.0°C  
Tccd1:        +67.5°C  

1784079802
amdgpu-pci-0700
Adapter: PCI adapter
vddgfx:      398.00 mV 
fan1:           0 RPM  (min =    0 RPM, max = 3600 RPM)
edge:         +48.0°C  (crit = +110.0°C, hyst = -273.1°C)
                       (emerg = +115.0°C)
junction:     +48.0°C  (crit = +110.0°C, hyst = -273.1°C)
                       (emerg = +115.0°C)
mem:          +54.0°C  (crit = +105.0°C, hyst = -273.1°C)
                       (emerg = +110.0°C)
PPT:           5.00 W  (cap = 145.00 W)

nvme-pci-0100
Adapter: PCI adapter
Composite:    +33.9°C  (low  = -273.1°C, high = +89.8°C)
                       (crit = +94.8°C)
Sensor 1:     +33.9°C  (low  = -273.1°C, high = +65261.8°C)
Sensor 2:     +31.9°C  (low  = -273.1°C, high = +65261.8°C)

k10temp-pci-00c3
Adapter: PCI adapter
Tctl:         +69.1°C  
Tccd1:        +68.8°C  

1784079804
amdgpu-pci-0700
Adapter: PCI adapter
vddgfx:      428.00 mV 
fan1:           0 RPM  (min =    0 RPM, max = 3600 RPM)
edge:         +48.0°C  (crit = +110.0°C, hyst = -273.1°C)
                       (emerg = +115.0°C)
junction:     +49.0°C  (crit = +110.0°C, hyst = -273.1°C)
                       (emerg = +115.0°C)
mem:          +56.0°C  (crit = +105.0°C, hyst = -273.1°C)
                       (emerg = +110.0°C)
PPT:           6.00 W  (cap = 145.00 W)

nvme-pci-0100
Adapter: PCI adapter
Composite:    +32.9°C  (low  = -273.1°C, high = +89.8°C)
                       (crit = +94.8°C)
Sensor 1:     +32.9°C  (low  = -273.1°C, high = +65261.8°C)
Sensor 2:     +31.9°C  (low  = -273.1°C, high = +65261.8°C)

k10temp-pci-00c3
Adapter: PCI adapter
Tctl:         +69.1°C  
Tccd1:        +69.0°C  

1784079806
amdgpu-pci-0700
Adapter: PCI adapter
vddgfx:      400.00 mV 
fan1:           0 RPM  (min =    0 RPM, max = 3600 RPM)
edge:         +48.0°C  (crit = +110.0°C, hyst = -273.1°C)
                       (emerg = +115.0°C)
junction:     +48.0°C  (crit = +110.0°C, hyst = -273.1°C)
                       (emerg = +115.0°C)
mem:          +55.0°C  (crit = +105.0°C, hyst = -273.1°C)
                       (emerg = +110.0°C)
PPT:           5.00 W  (cap = 145.00 W)

nvme-pci-0100
Adapter: PCI adapter
Composite:    +32.9°C  (low  = -273.1°C, high = +89.8°C)
                       (crit = +94.8°C)
Sensor 1:     +33.9°C  (low  = -273.1°C, high = +65261.8°C)
Sensor 2:     +31.9°C  (low  = -273.1°C, high = +65261.8°C)

k10temp-pci-00c3
Adapter: PCI adapter
Tctl:         +69.0°C  
Tccd1:        +68.8°C  

1784079808
amdgpu-pci-0700
Adapter: PCI adapter
vddgfx:      381.00 mV 
fan1:           0 RPM  (min =    0 RPM, max = 3600 RPM)
edge:         +48.0°C  (crit = +110.0°C, hyst = -273.1°C)
                       (emerg = +115.0°C)
junction:     +48.0°C  (crit = +110.0°C, hyst = -273.1°C)
                       (emerg = +115.0°C)
mem:          +54.0°C  (crit = +105.0°C, hyst = -273.1°C)
                       (emerg = +110.0°C)
PPT:           5.00 W  (cap = 145.00 W)

nvme-pci-0100
Adapter: PCI adapter
Composite:    +32.9°C  (low  = -273.1°C, high = +89.8°C)
                       (crit = +94.8°C)
Sensor 1:     +34.9°C  (low  = -273.1°C, high = +65261.8°C)
Sensor 2:     +31.9°C  (low  = -273.1°C, high = +65261.8°C)

k10temp-pci-00c3
Adapter: PCI adapter
Tctl:         +69.1°C  
Tccd1:        +68.8°C  

1784079810
amdgpu-pci-0700
Adapter: PCI adapter
vddgfx:      366.00 mV 
fan1:           0 RPM  (min =    0 RPM, max = 3600 RPM)
edge:         +48.0°C  (crit = +110.0°C, hyst = -273.1°C)
                       (emerg = +115.0°C)
junction:     +48.0°C  (crit = +110.0°C, hyst = -273.1°C)
                       (emerg = +115.0°C)
mem:          +54.0°C  (crit = +105.0°C, hyst = -273.1°C)
                       (emerg = +110.0°C)
PPT:           5.00 W  (cap = 145.00 W)

nvme-pci-0100
Adapter: PCI adapter
Composite:    +32.9°C  (low  = -273.1°C, high = +89.8°C)
                       (crit = +94.8°C)
Sensor 1:     +32.9°C  (low  = -273.1°C, high = +65261.8°C)
Sensor 2:     +31.9°C  (low  = -273.1°C, high = +65261.8°C)

k10temp-pci-00c3
Adapter: PCI adapter
Tctl:         +69.1°C  
Tccd1:        +67.0°C  

1784079812
amdgpu-pci-0700
Adapter: PCI adapter
vddgfx:      401.00 mV 
fan1:           0 RPM  (min =    0 RPM, max = 3600 RPM)
edge:         +48.0°C  (crit = +110.0°C, hyst = -273.1°C)
                       (emerg = +115.0°C)
junction:     +48.0°C  (crit = +110.0°C, hyst = -273.1°C)
                       (emerg = +115.0°C)
mem:          +54.0°C  (crit = +105.0°C, hyst = -273.1°C)
                       (emerg = +110.0°C)
PPT:           5.00 W  (cap = 145.00 W)

nvme-pci-0100
Adapter: PCI adapter
Composite:    +33.9°C  (low  = -273.1°C, high = +89.8°C)
                       (crit = +94.8°C)
Sensor 1:     +34.9°C  (low  = -273.1°C, high = +65261.8°C)
Sensor 2:     +31.9°C  (low  = -273.1°C, high = +65261.8°C)

k10temp-pci-00c3
Adapter: PCI adapter
Tctl:         +69.1°C  
Tccd1:        +67.0°C  

1784079814
amdgpu-pci-0700
Adapter: PCI adapter
vddgfx:      351.00 mV 
fan1:           0 RPM  (min =    0 RPM, max = 3600 RPM)
edge:         +47.0°C  (crit = +110.0°C, hyst = -273.1°C)
                       (emerg = +115.0°C)
junction:     +48.0°C  (crit = +110.0°C, hyst = -273.1°C)
                       (emerg = +115.0°C)
mem:          +54.0°C  (crit = +105.0°C, hyst = -273.1°C)
                       (emerg = +110.0°C)
PPT:           5.00 W  (cap = 145.00 W)

nvme-pci-0100
Adapter: PCI adapter
Composite:    +33.9°C  (low  = -273.1°C, high = +89.8°C)
                       (crit = +94.8°C)
Sensor 1:     +34.9°C  (low  = -273.1°C, high = +65261.8°C)
Sensor 2:     +31.9°C  (low  = -273.1°C, high = +65261.8°C)

k10temp-pci-00c3
Adapter: PCI adapter
Tctl:         +69.2°C  
Tccd1:        +67.5°C  

1784079816
amdgpu-pci-0700
Adapter: PCI adapter
vddgfx:      370.00 mV 
fan1:           0 RPM  (min =    0 RPM, max = 3600 RPM)
edge:         +47.0°C  (crit = +110.0°C, hyst = -273.1°C)
                       (emerg = +115.0°C)
junction:     +48.0°C  (crit = +110.0°C, hyst = -273.1°C)
                       (emerg = +115.0°C)
mem:          +54.0°C  (crit = +105.0°C, hyst = -273.1°C)
                       (emerg = +110.0°C)
PPT:           5.00 W  (cap = 145.00 W)

nvme-pci-0100
Adapter: PCI adapter
Composite:    +33.9°C  (low  = -273.1°C, high = +89.8°C)
                       (crit = +94.8°C)
Sensor 1:     +33.9°C  (low  = -273.1°C, high = +65261.8°C)
Sensor 2:     +31.9°C  (low  = -273.1°C, high = +65261.8°C)

k10temp-pci-00c3
Adapter: PCI adapter
Tctl:         +69.0°C  
Tccd1:        +67.0°C  

1784079818
amdgpu-pci-0700
Adapter: PCI adapter
vddgfx:      344.00 mV 
fan1:           0 RPM  (min =    0 RPM, max = 3600 RPM)
edge:         +47.0°C  (crit = +110.0°C, hyst = -273.1°C)
                       (emerg = +115.0°C)
junction:     +48.0°C  (crit = +110.0°C, hyst = -273.1°C)
                       (emerg = +115.0°C)
mem:          +54.0°C  (crit = +105.0°C, hyst = -273.1°C)
                       (emerg = +110.0°C)
PPT:           5.00 W  (cap = 145.00 W)

nvme-pci-0100
Adapter: PCI adapter
Composite:    +33.9°C  (low  = -273.1°C, high = +89.8°C)
                       (crit = +94.8°C)
Sensor 1:     +34.9°C  (low  = -273.1°C, high = +65261.8°C)
Sensor 2:     +31.9°C  (low  = -273.1°C, high = +65261.8°C)

k10temp-pci-00c3
Adapter: PCI adapter
Tctl:         +69.2°C  
Tccd1:        +67.5°C  

1784079820
amdgpu-pci-0700
Adapter: PCI adapter
vddgfx:      351.00 mV 
fan1:           0 RPM  (min =    0 RPM, max = 3600 RPM)
edge:         +47.0°C  (crit = +110.0°C, hyst = -273.1°C)
                       (emerg = +115.0°C)
junction:     +48.0°C  (crit = +110.0°C, hyst = -273.1°C)
                       (emerg = +115.0°C)
mem:          +54.0°C  (crit = +105.0°C, hyst = -273.1°C)
                       (emerg = +110.0°C)
PPT:           5.00 W  (cap = 145.00 W)

nvme-pci-0100
Adapter: PCI adapter
Composite:    +32.9°C  (low  = -273.1°C, high = +89.8°C)
                       (crit = +94.8°C)
Sensor 1:     +32.9°C  (low  = -273.1°C, high = +65261.8°C)
Sensor 2:     +31.9°C  (low  = -273.1°C, high = +65261.8°C)

k10temp-pci-00c3
Adapter: PCI adapter
Tctl:         +68.9°C  
Tccd1:        +67.5°C  

1784079822
amdgpu-pci-0700
Adapter: PCI adapter
vddgfx:      345.00 mV 
fan1:           0 RPM  (min =    0 RPM, max = 3600 RPM)
edge:         +47.0°C  (crit = +110.0°C, hyst = -273.1°C)
                       (emerg = +115.0°C)
junction:     +48.0°C  (crit = +110.0°C, hyst = -273.1°C)
                       (emerg = +115.0°C)
mem:          +54.0°C  (crit = +105.0°C, hyst = -273.1°C)
                       (emerg = +110.0°C)
PPT:           5.00 W  (cap = 145.00 W)

nvme-pci-0100
Adapter: PCI adapter
Composite:    +32.9°C  (low  = -273.1°C, high = +89.8°C)
                       (crit = +94.8°C)
Sensor 1:     +32.9°C  (low  = -273.1°C, high = +65261.8°C)
Sensor 2:     +31.9°C  (low  = -273.1°C, high = +65261.8°C)

k10temp-pci-00c3
Adapter: PCI adapter
Tctl:         +69.1°C  
Tccd1:        +66.0°C  

1784079824
amdgpu-pci-0700
Adapter: PCI adapter
vddgfx:      351.00 mV 
fan1:           0 RPM  (min =    0 RPM, max = 3600 RPM)
edge:         +47.0°C  (crit = +110.0°C, hyst = -273.1°C)
                       (emerg = +115.0°C)
junction:     +48.0°C  (crit = +110.0°C, hyst = -273.1°C)
                       (emerg = +115.0°C)
mem:          +54.0°C  (crit = +105.0°C, hyst = -273.1°C)
                       (emerg = +110.0°C)
PPT:           5.00 W  (cap = 145.00 W)

nvme-pci-0100
Adapter: PCI adapter
Composite:    +33.9°C  (low  = -273.1°C, high = +89.8°C)
                       (crit = +94.8°C)
Sensor 1:     +34.9°C  (low  = -273.1°C, high = +65261.8°C)
Sensor 2:     +31.9°C  (low  = -273.1°C, high = +65261.8°C)

k10temp-pci-00c3
Adapter: PCI adapter
Tctl:         +68.9°C  
Tccd1:        +65.8°C  

1784079826
amdgpu-pci-0700
Adapter: PCI adapter
vddgfx:      349.00 mV 
fan1:           0 RPM  (min =    0 RPM, max = 3600 RPM)
edge:         +47.0°C  (crit = +110.0°C, hyst = -273.1°C)
                       (emerg = +115.0°C)
junction:     +48.0°C  (crit = +110.0°C, hyst = -273.1°C)
                       (emerg = +115.0°C)
mem:          +54.0°C  (crit = +105.0°C, hyst = -273.1°C)
                       (emerg = +110.0°C)
PPT:           5.00 W  (cap = 145.00 W)

nvme-pci-0100
Adapter: PCI adapter
Composite:    +32.9°C  (low  = -273.1°C, high = +89.8°C)
                       (crit = +94.8°C)
Sensor 1:     +33.9°C  (low  = -273.1°C, high = +65261.8°C)
Sensor 2:     +31.9°C  (low  = -273.1°C, high = +65261.8°C)

k10temp-pci-00c3
Adapter: PCI adapter
Tctl:         +69.2°C  
Tccd1:        +66.8°C  

1784079828
amdgpu-pci-0700
Adapter: PCI adapter
vddgfx:      293.00 mV 
fan1:           0 RPM  (min =    0 RPM, max = 3600 RPM)
edge:         +47.0°C  (crit = +110.0°C, hyst = -273.1°C)
                       (emerg = +115.0°C)
junction:     +48.0°C  (crit = +110.0°C, hyst = -273.1°C)
                       (emerg = +115.0°C)
mem:          +54.0°C  (crit = +105.0°C, hyst = -273.1°C)
                       (emerg = +110.0°C)
PPT:           4.00 W  (cap = 145.00 W)

nvme-pci-0100
Adapter: PCI adapter
Composite:    +32.9°C  (low  = -273.1°C, high = +89.8°C)
                       (crit = +94.8°C)
Sensor 1:     +32.9°C  (low  = -273.1°C, high = +65261.8°C)
Sensor 2:     +31.9°C  (low  = -273.1°C, high = +65261.8°C)

k10temp-pci-00c3
Adapter: PCI adapter
Tctl:         +69.0°C  
Tccd1:        +67.8°C  

