turbostat version 2025.09.09 - Len Brown <lenb@kernel.org>
Kernel command line: BOOT_IMAGE=/boot/vmlinuz-6.17.0-35-generic root=UUID=37e0ef02-2557-4d29-8187-72bb5e6547ba ro quiet splash vt.handoff=7
CPUID(0): AuthenticAMD 0x10 CPUID levels
CPUID(1): family:model:stepping 0x19:21:2 (25:33:2) microcode 0x0
CPUID(0x80000000): max_extended_levels: 0x80000023
CPUID(1): SSE3 MONITOR - - - TSC MSR - HT -
CPUID(6): APERF, No-TURBO, No-DTS, No-PTM, No-HWP, No-HWPnotify, No-HWPwindow, No-HWPepp, No-HWPpkg, No-EPB
CPUID(7): No-SGX No-Hybrid
cpu0: cpufreq driver: amd-pstate-epp
cpu0: cpufreq governor: powersave
cpufreq boost: 1
/dev/cpu_dma_latency: 2000000000 usec (default)
current_driver: acpi_idle
current_governor: menu
current_governor_ro: menu
cpu0: POLL: CPUIDLE CORE POLL IDLE
cpu0: C1: ACPI FFH MWAIT 0x0
cpu0: C2: ACPI IOPORT 0x414
RAPL: 234 sec. Joule Counter Range, at 280 Watts
intel-rapl:0: package-0 disabled
intel-rapl:0/intel-rapl:0:0: core disabled
cpu0: MSR_RAPL_PWR_UNIT: 0x000a1003 (0.125000 Watts, 0.000015 Joules, 0.000977 sec.)
Core	CPU	Avg_MHz	Busy%	Bzy_MHz	TSC_MHz	IPC	IRQ	NMI	SMI	POLL%	C1%	C2%	CorWatt	PkgWatt
-	-	648	16.44	3942	3394	1.00	112706	2	0	0.02	7.50	76.37	33.40	48.22
0	0	402	10.59	3792	3394	1.03	5433	0	0	0.01	2.52	87.05	3.98	48.22
0	8	697	18.31	3807	3394	0.96	10178	0	0	0.03	7.78	74.29
1	1	1455	33.90	4293	3394	1.19	7142	0	0	0.02	17.64	49.08	6.01
1	9	1058	25.23	4193	3394	0.95	8221	0	0	0.03	9.26	65.91
2	2	314	8.51	3694	3394	0.96	5216	0	0	0.01	4.18	87.47	3.08
2	10	264	7.17	3678	3394	0.93	4271	0	0	0.02	2.36	90.60
3	3	226	6.15	3671	3394	0.74	3911	0	0	0.08	2.17	91.81	2.84
3	11	249	6.76	3679	3394	0.82	4881	0	0	0.01	3.71	89.66
4	4	906	24.26	3734	3394	1.02	13451	0	0	0.03	15.55	60.76	3.96
4	12	271	7.02	3859	3394	0.87	3982	0	0	0.01	2.52	90.62
5	5	1226	31.67	3870	3394	1.01	13465	1	0	0.02	19.39	49.57	4.50
5	13	282	7.16	3942	3394	0.84	2031	0	0	0.00	2.01	90.92
6	6	642	17.22	3728	3394	0.89	10468	0	0	0.02	7.69	75.44	3.51
6	14	216	5.64	3828	3394	0.91	3560	0	0	0.01	1.72	92.77
7	7	1400	35.08	3992	3394	1.00	11193	1	0	0.04	16.24	49.33	5.52
7	15	764	18.42	4145	3394	1.01	5303	0	0	0.01	5.26	76.61
Core	CPU	Avg_MHz	Busy%	Bzy_MHz	TSC_MHz	IPC	IRQ	NMI	SMI	POLL%	C1%	C2%	CorWatt	PkgWatt
-	-	663	16.52	4013	3394	1.02	107240	0	0	0.02	7.83	75.97	34.64	49.80
0	0	587	15.34	3828	3394	0.95	9647	0	0	0.01	5.36	79.63	4.14	49.80
0	8	637	16.61	3836	3394	1.00	6735	0	0	0.02	6.66	77.00
1	1	1311	30.59	4285	3394	1.41	6618	0	0	0.01	15.40	54.56	6.14
1	9	1207	29.36	4111	3394	0.98	10224	0	0	0.02	15.85	55.34
2	2	391	10.48	3731	3394	0.98	5990	0	0	0.01	3.87	85.84	3.47
2	10	319	8.65	3693	3394	0.89	5315	0	0	0.01	5.26	86.32
3	3	220	5.94	3696	3394	0.88	3338	0	0	0.05	1.22	92.93	3.01
3	11	254	6.71	3795	3394	0.86	4396	0	0	0.01	1.88	91.54
4	4	664	17.05	3896	3394	1.05	6641	0	0	0.02	7.79	75.43	4.05
4	12	428	10.98	3894	3394	1.02	4480	0	0	0.01	3.02	86.14
5	5	887	22.64	3918	3394	0.97	10055	0	0	0.02	9.49	68.25	4.29
5	13	424	10.70	3962	3394	0.78	6248	0	0	0.02	5.24	84.37
6	6	513	13.47	3805	3394	1.06	6560	0	0	0.01	7.32	79.44	3.49
6	14	253	6.65	3809	3394	0.89	4329	0	0	0.01	2.23	91.25
7	7	1201	29.28	4104	3394	0.95	10607	0	0	0.03	19.11	52.39	6.04
7	15	1308	29.83	4385	3394	0.97	6057	0	0	0.03	15.61	55.10
Core	CPU	Avg_MHz	Busy%	Bzy_MHz	TSC_MHz	IPC	IRQ	NMI	SMI	POLL%	C1%	C2%	CorWatt	PkgWatt
-	-	755	18.77	4024	3394	1.26	114768	0	0	0.02	8.30	73.26	40.96	55.12
0	0	658	17.64	3728	3394	1.00	10918	0	0	0.00	9.33	73.41	4.31	55.12
0	8	426	11.33	3761	3394	0.96	6729	0	0	0.01	5.37	83.52
1	1	1259	30.28	4160	3394	1.21	10270	0	0	0.02	11.92	58.27	5.99
1	9	924	22.60	4091	3394	0.78	12709	0	0	0.03	12.60	65.42
2	2	557	15.04	3700	3394	1.04	9077	0	0	0.01	7.06	78.20	4.21
2	10	387	10.50	3688	3394	0.91	5536	0	0	0.01	5.83	83.90
3	3	430	11.63	3699	3394	0.95	8102	0	0	0.05	5.76	82.88	3.66
3	11	239	6.30	3799	3394	1.02	2830	0	0	0.00	2.15	91.64
4	4	1034	25.57	4043	3394	1.55	6564	0	0	0.02	7.88	66.77	5.40
4	12	518	12.15	4259	3394	1.93	2104	0	0	0.00	2.61	85.32
5	5	1223	29.83	4099	3394	1.61	6579	0	0	0.02	6.64	63.80	5.67
5	13	560	14.32	3914	3394	1.09	6270	0	0	0.00	9.32	76.69
6	6	594	15.95	3722	3394	1.05	7616	0	0	0.01	5.88	78.43	4.22
6	14	410	10.83	3789	3394	0.95	5341	0	0	0.01	9.04	80.41
7	7	1073	25.44	4216	3394	1.54	6602	0	0	0.01	13.68	61.41	7.50
7	15	1791	40.86	4384	3394	1.37	7521	0	0	0.03	17.66	42.05
Core	CPU	Avg_MHz	Busy%	Bzy_MHz	TSC_MHz	IPC	IRQ	NMI	SMI	POLL%	C1%	C2%	CorWatt	PkgWatt
-	-	1190	28.07	4241	3394	0.92	109695	0	0	0.02	8.76	63.52	52.11	66.22
0	0	715	18.58	3850	3394	0.95	9126	0	0	0.01	9.32	72.48	5.62	66.23
0	8	891	23.35	3816	3394	0.91	10614	0	0	0.02	11.62	65.48
1	1	300	6.72	4467	3394	0.77	2776	0	0	0.00	2.76	90.67	8.80
1	9	4024	87.63	4592	3394	0.85	3373	0	0	0.02	8.60	3.98
2	2	388	10.42	3726	3394	0.82	6571	0	0	0.01	7.82	81.99	4.74
2	10	610	16.39	3724	3394	0.90	10340	0	0	0.02	7.21	76.77
3	3	264	7.10	3715	3394	0.84	4108	0	0	0.05	3.63	89.43	4.13
3	11	345	9.28	3713	3394	0.90	5388	0	0	0.01	2.36	88.53
4	4	1713	40.67	4212	3394	0.93	6907	0	0	0.02	11.20	48.50	7.25
4	12	1153	26.78	4308	3394	0.92	7283	0	0	0.02	8.67	64.93
5	5	1540	35.59	4326	3394	0.97	6729	0	0	0.01	12.42	52.46	8.08
5	13	2044	46.23	4420	3394	0.89	6867	0	0	0.01	13.14	41.22
6	6	825	22.20	3717	3394	0.94	11498	0	0	0.04	11.27	66.99	5.25
6	14	535	14.10	3796	3394	0.92	6046	0	0	0.01	9.33	76.90
7	7	1787	40.70	4389	3394	1.04	5747	0	0	0.02	10.56	49.14	8.24
7	15	1911	43.33	4411	3394	0.95	6322	0	0	0.01	10.19	46.91
Core	CPU	Avg_MHz	Busy%	Bzy_MHz	TSC_MHz	IPC	IRQ	NMI	SMI	POLL%	C1%	C2%	CorWatt	PkgWatt
-	-	1179	27.81	4241	3394	0.93	107911	0	0	0.02	8.86	63.68	51.96	66.43
0	0	822	21.02	3911	3394	0.96	8748	0	0	0.02	9.85	69.52	5.77	66.42
0	8	864	22.37	3860	3394	0.89	10112	0	0	0.02	6.30	71.71
1	1	75	1.61	4639	3394	0.62	2008	0	0	0.00	0.79	97.64	8.98
1	9	4639	99.98	4640	3394	0.81	2010	0	0	0.00	0.00	0.02
2	2	439	11.74	3736	3394	0.93	6642	0	0	0.02	7.76	80.77	4.74
2	10	533	14.31	3724	3394	0.97	8974	0	0	0.02	5.36	80.63
3	3	545	14.48	3761	3394	0.91	8488	0	0	0.05	8.58	77.25	4.42
3	11	263	7.05	3730	3394	0.78	4364	0	0	0.00	2.55	90.54
4	4	1529	37.37	4092	3394	1.22	8531	0	0	0.04	15.75	47.35	6.86
4	12	730	17.52	4165	3394	0.98	5370	0	0	0.02	8.30	74.48
5	5	1603	38.19	4197	3394	1.00	8592	0	0	0.02	21.12	41.48	7.52
5	13	1165	28.17	4135	3394	0.81	9875	0	0	0.01	28.58	44.42
6	6	886	22.93	3864	3394	0.99	9830	0	0	0.03	11.61	65.89	5.44
6	14	569	14.93	3809	3394	1.00	5342	0	0	0.01	9.62	75.77
7	7	1056	23.66	4465	3394	0.95	5372	0	0	0.01	2.30	74.19	8.23
7	15	3153	69.62	4529	3394	0.98	3653	0	0	0.01	3.36	27.15
Core	CPU	Avg_MHz	Busy%	Bzy_MHz	TSC_MHz	IPC	IRQ	NMI	SMI	POLL%	C1%	C2%	CorWatt	PkgWatt
-	-	1175	27.55	4264	3394	1.00	99247	2	0	0.01	7.01	65.76	50.78	65.82
0	0	911	22.87	3984	3394	0.91	9810	0	0	0.02	10.97	66.58	5.94	65.83
0	8	1018	25.59	3979	3394	0.98	10607	0	0	0.02	9.69	65.15
1	1	2087	45.39	4598	3394	0.80	1505	1	0	0.00	0.00	54.62	8.85
1	9	2577	55.56	4639	3394	0.80	1562	0	0	0.00	0.20	44.26
2	2	459	12.00	3830	3394	0.91	6760	0	0	0.00	3.88	84.33	4.38
2	10	452	11.78	3838	3394	1.03	4217	0	0	0.01	3.89	84.50
3	3	589	15.62	3769	3394	0.89	9362	0	0	0.04	9.86	74.87	4.46
3	11	330	8.72	3781	3394	0.89	4819	0	0	0.01	4.78	86.67
4	4	1192	29.98	3975	3394	1.11	8977	1	0	0.03	12.82	57.67	5.57
4	12	454	11.49	3953	3394	0.90	4721	0	0	0.01	2.16	86.50
5	5	2051	47.95	4276	3394	1.68	7058	0	0	0.02	14.46	38.14	8.52
5	13	1066	25.82	4127	3394	0.80	11364	0	0	0.02	23.73	51.98
6	6	683	17.97	3802	3394	1.14	8152	0	0	0.01	8.08	74.27	4.51
6	14	352	9.16	3849	3394	1.07	3632	0	0	0.01	4.91	86.10
7	7	487	10.80	4508	3394	0.85	4293	0	0	0.01	2.25	87.07	8.56
7	15	4088	90.14	4536	3394	0.98	2408	0	0	0.00	0.42	9.46
Core	CPU	Avg_MHz	Busy%	Bzy_MHz	TSC_MHz	IPC	IRQ	NMI	SMI	POLL%	C1%	C2%	CorWatt	PkgWatt
-	-	1185	27.69	4279	3392	0.94	106841	2	0	0.02	8.83	63.81	53.43	67.61
0	0	1139	27.95	4074	3394	1.10	7367	0	0	0.02	12.60	59.85	6.28	67.62
0	8	649	16.64	3898	3394	0.88	8975	0	0	0.02	8.55	75.23
1	1	306	6.67	4590	3394	0.81	1919	0	0	0.00	0.08	93.29	9.31
1	9	4446	95.97	4632	3394	0.80	3268	1	0	0.00	1.82	2.27
2	2	493	13.22	3731	3394	0.86	10123	0	0	0.02	7.37	79.73	4.61
2	10	358	9.63	3720	3394	0.93	5563	0	0	0.01	3.57	86.98
3	3	675	17.94	3760	3394	0.97	10593	0	0	0.03	8.88	73.54	5.00
3	11	271	7.18	3769	3394	0.89	3191	0	0	0.01	1.56	91.36
4	4	1071	27.01	3965	3394	1.08	10782	0	0	0.03	8.84	64.55	5.77
4	12	528	12.56	4200	3394	0.96	2479	0	0	0.01	4.84	82.74
5	5	1673	38.26	4373	3394	1.11	7811	0	0	0.03	21.30	41.29	8.34
5	13	1654	38.68	4275	3394	0.79	11125	0	0	0.01	36.85	25.88
6	6	733	18.58	3942	3394	1.08	7524	0	0	0.02	5.07	76.63	5.45
6	14	654	17.04	3837	3394	0.90	7934	0	0	0.02	13.11	70.29
7	7	631	14.30	4415	3394	0.88	4950	0	0	0.01	4.63	81.24	8.69
7	15	3687	81.41	4528	3394	1.00	3237	1	0	0.00	2.25	16.46
Core	CPU	Avg_MHz	Busy%	Bzy_MHz	TSC_MHz	IPC	IRQ	NMI	SMI	POLL%	C1%	C2%	CorWatt	PkgWatt
-	-	1174	27.68	4242	3395	0.93	109743	2	0	0.02	8.27	64.41	52.86	66.96
0	0	994	25.47	3905	3394	0.99	10350	0	0	0.02	12.86	62.14	6.02	66.93
0	8	799	20.29	3935	3394	0.90	10866	1	0	0.04	5.80	74.31
1	1	23	0.50	4634	3394	0.66	1157	0	0	0.00	0.01	99.51	9.07
1	9	4639	100.00	4639	3394	0.80	2008	0	0	0.00	0.00	0.00
2	2	513	13.62	3768	3394	0.93	7429	0	0	0.01	7.39	79.27	5.18
2	10	654	17.38	3764	3394	0.95	9608	0	0	0.01	6.93	76.06
3	3	461	12.35	3736	3394	0.95	8324	0	0	0.05	6.46	81.46	4.58
3	11	356	9.29	3826	3394	0.91	5075	0	0	0.01	3.66	87.23
4	4	1605	39.17	4098	3394	1.02	9069	0	0	0.02	20.62	40.83	6.70
4	12	597	14.79	4038	3394	0.93	5063	0	0	0.01	4.74	80.72
5	5	1978	46.58	4247	3394	1.14	8470	0	0	0.02	19.42	34.70	7.79
5	13	817	19.34	4225	3394	0.87	6217	1	0	0.01	8.55	72.56
6	6	960	25.01	3840	3394	1.00	9485	0	0	0.02	13.30	62.14	5.22
6	14	314	8.27	3799	3394	1.00	4126	0	0	0.00	6.44	85.54
7	7	1295	29.34	4414	3394	0.89	7116	0	0	0.01	8.30	62.68	8.27
7	15	2770	61.48	4505	3394	0.96	5380	0	0	0.01	7.86	30.95
Core	CPU	Avg_MHz	Busy%	Bzy_MHz	TSC_MHz	IPC	IRQ	NMI	SMI	POLL%	C1%	C2%	CorWatt	PkgWatt
-	-	750	18.54	4045	3393	1.04	105689	0	0	0.02	7.16	74.59	37.15	51.95
0	0	599	15.52	3861	3394	0.89	7379	0	0	0.01	5.32	79.42	4.60	51.96
0	8	804	21.00	3828	3394	0.98	9610	0	0	0.02	8.48	70.87
1	1	1304	30.52	4272	3394	1.59	5095	0	0	0.02	10.81	59.04	7.12
1	9	1888	43.26	4364	3394	0.90	11246	0	0	0.03	13.75	43.55
2	2	278	7.47	3722	3394	0.91	4508	0	0	0.01	2.99	89.69	3.45
2	10	453	12.02	3768	3394	1.00	5539	0	0	0.01	3.70	84.47
3	3	285	7.50	3800	3394	0.96	4222	0	0	0.05	2.23	90.39	3.14
3	11	276	7.28	3795	3394	0.94	3090	0	0	0.00	0.48	92.33
4	4	747	19.01	3929	3394	1.04	5411	0	0	0.01	3.41	77.77	4.06
4	12	374	9.73	3847	3394	0.86	5130	0	0	0.01	8.86	81.65
5	5	1316	31.85	4131	3394	1.11	10239	0	0	0.02	13.42	55.27	5.66
5	13	678	15.36	4417	3394	0.97	2517	0	0	0.00	10.87	74.16
6	6	682	18.19	3748	3394	1.03	8665	0	0	0.02	5.99	76.14	3.86
6	14	355	9.36	3793	3394	0.83	5226	0	0	0.02	2.92	87.89
7	7	1558	38.46	4050	3394	1.05	11667	0	0	0.04	13.93	48.12	5.25
7	15	401	10.09	3975	3394	0.70	6145	0	0	0.02	7.43	82.79
