turbostat version 2025.09.09 - Len Brown <lenb@kernel.org>
Kernel command line: BOOT_IMAGE=/boot/vmlinuz-6.17.0-35-generic root=UUID=37e0ef02-2557-4d29-8187-72bb5e6547ba ro quiet splash vt.handoff=7
CPUID(0): AuthenticAMD 0x10 CPUID levels
CPUID(1): family:model:stepping 0x19:21:2 (25:33:2) microcode 0x0
CPUID(0x80000000): max_extended_levels: 0x80000023
CPUID(1): SSE3 MONITOR - - - TSC MSR - HT -
CPUID(6): APERF, No-TURBO, No-DTS, No-PTM, No-HWP, No-HWPnotify, No-HWPwindow, No-HWPepp, No-HWPpkg, No-EPB
CPUID(7): No-SGX No-Hybrid
cpu0: cpufreq driver: amd-pstate-epp
cpu0: cpufreq governor: powersave
cpufreq boost: 1
/dev/cpu_dma_latency: 2000000000 usec (default)
current_driver: acpi_idle
current_governor: menu
current_governor_ro: menu
cpu0: POLL: CPUIDLE CORE POLL IDLE
cpu0: C1: ACPI FFH MWAIT 0x0
cpu0: C2: ACPI IOPORT 0x414
RAPL: 234 sec. Joule Counter Range, at 280 Watts
intel-rapl:0: package-0 disabled
intel-rapl:0/intel-rapl:0:0: core disabled
cpu0: MSR_RAPL_PWR_UNIT: 0x000a1003 (0.125000 Watts, 0.000015 Joules, 0.000977 sec.)
Core	CPU	Avg_MHz	Busy%	Bzy_MHz	TSC_MHz	IPC	IRQ	NMI	SMI	POLL%	C1%	C2%	CorWatt	PkgWatt
-	-	642	15.99	4017	3394	1.15	104149	2	0	0.02	7.22	77.09	33.50	48.80
0	0	262	6.90	3807	3394	0.85	4028	0	0	0.00	3.05	90.17	3.61	48.79
0	8	682	18.23	3740	3394	0.98	11066	0	0	0.02	5.10	77.03
1	1	1271	28.82	4411	3394	1.70	6130	0	0	0.01	16.26	55.52	7.36
1	9	1949	44.52	4379	3394	1.19	9798	1	0	0.03	17.85	38.30
2	2	374	9.91	3780	3394	0.86	5631	0	0	0.01	5.14	85.15	3.17
2	10	306	8.24	3713	3394	0.97	5378	1	0	0.01	2.72	89.21
3	3	327	8.51	3840	3394	0.96	5233	0	0	0.06	4.21	87.43	2.99
3	11	164	4.38	3733	3394	0.98	2998	0	0	0.00	0.40	95.30
4	4	578	15.63	3699	3394	0.95	8120	0	0	0.01	7.23	77.43	3.51
4	12	261	6.85	3805	3394	1.08	2570	0	0	0.01	3.40	89.87
5	5	1254	31.77	3947	3394	1.23	12697	0	0	0.03	14.52	54.25	4.68
5	13	271	6.17	4391	3394	1.09	947	0	0	0.01	3.44	90.48
6	6	477	12.98	3679	3394	0.94	9384	0	0	0.02	5.07	82.25	3.24
6	14	248	6.76	3669	3394	0.78	3877	0	0	0.01	1.95	91.40
7	7	1084	27.82	3894	3394	1.02	12483	0	0	0.03	19.17	53.72	4.93
7	15	768	18.37	4179	3394	1.22	3809	0	0	0.01	6.01	75.84
Core	CPU	Avg_MHz	Busy%	Bzy_MHz	TSC_MHz	IPC	IRQ	NMI	SMI	POLL%	C1%	C2%	CorWatt	PkgWatt
-	-	826	20.20	4090	3394	1.40	112196	0	0	0.02	8.80	71.33	44.10	57.75
0	0	520	13.46	3861	3394	1.46	8143	0	0	0.01	4.46	82.29	4.60	57.75
0	8	603	16.08	3747	3394	1.02	8493	0	0	0.03	7.60	76.63
1	1	1171	26.96	4343	3394	1.55	7157	0	0	0.02	5.51	67.83	7.40
1	9	1693	39.53	4283	3394	1.15	10676	0	0	0.04	22.75	38.42
2	2	224	5.98	3740	3394	1.18	4195	0	0	0.01	2.73	91.42	3.48
2	10	394	10.63	3709	3394	1.06	6150	0	0	0.01	5.10	84.47
3	3	285	7.57	3760	3394	0.94	4804	0	0	0.14	3.47	89.11	3.62
3	11	239	6.36	3751	3394	1.06	4177	0	0	0.01	4.09	89.70
4	4	1583	39.12	4047	3394	1.55	10459	0	0	0.04	14.21	47.13	6.14
4	12	310	7.82	3964	3394	1.22	4227	0	0	0.01	2.95	89.40
5	5	1324	33.49	3954	3394	1.28	11877	0	0	0.03	14.50	52.54	6.52
5	13	841	19.73	4265	3394	1.92	6000	0	0	0.01	9.29	71.33
6	6	723	19.32	3742	3394	1.10	10015	0	0	0.02	9.55	71.48	4.28
6	14	236	6.18	3813	3394	1.35	3813	0	0	0.01	1.17	92.75
7	7	1567	36.89	4249	3394	1.79	7696	0	0	0.02	19.94	43.86	8.06
7	15	1505	34.05	4419	3394	1.40	4314	0	0	0.01	13.43	52.98
Core	CPU	Avg_MHz	Busy%	Bzy_MHz	TSC_MHz	IPC	IRQ	NMI	SMI	POLL%	C1%	C2%	CorWatt	PkgWatt
-	-	748	18.47	4053	3394	1.15	116092	1	0	0.02	8.85	73.03	39.24	54.88
0	0	807	21.78	3705	3394	0.99	11402	0	0	0.02	14.07	64.65	4.37	54.88
0	8	366	9.87	3710	3394	0.84	6194	0	0	0.01	3.36	86.97
1	1	1731	40.17	4310	3394	0.96	10362	0	0	0.03	21.48	39.10	6.91
1	9	1205	28.54	4223	3394	0.75	15091	0	0	0.06	8.81	63.18
2	2	509	13.76	3698	3394	1.02	7123	0	0	0.01	5.95	80.54	3.80
2	10	264	7.12	3708	3394	0.89	4785	0	0	0.01	2.88	90.15
3	3	386	10.38	3714	3394	0.89	7074	0	0	0.13	4.16	85.69	3.46
3	11	193	5.21	3695	3394	0.91	3681	0	0	0.01	1.97	92.92
4	4	952	24.17	3940	3394	0.96	9182	0	0	0.02	13.21	63.11	4.67
4	12	408	10.04	4065	3394	0.76	4786	0	0	0.01	6.15	84.07
5	5	863	22.26	3877	3394	0.93	10187	0	0	0.02	13.39	64.89	4.78
5	13	486	11.89	4090	3394	0.95	3709	0	0	0.01	10.91	77.59
6	6	553	14.96	3696	3394	1.02	8620	1	0	0.02	8.85	76.49	3.41
6	14	94	2.44	3874	3394	1.46	1518	0	0	0.00	1.19	96.42
7	7	633	15.54	4070	3394	1.00	5114	0	0	0.01	5.69	79.05	7.84
7	15	2525	57.36	4402	3394	1.99	7264	0	0	0.04	19.54	23.71
Core	CPU	Avg_MHz	Busy%	Bzy_MHz	TSC_MHz	IPC	IRQ	NMI	SMI	POLL%	C1%	C2%	CorWatt	PkgWatt
-	-	856	20.65	4147	3394	1.12	103870	0	0	0.02	7.63	71.87	42.20	57.83
0	0	643	17.05	3774	3394	1.00	9758	0	0	0.01	6.33	76.71	4.33	57.85
0	8	504	13.34	3781	3394	0.91	7813	0	0	0.02	5.32	81.60
1	1	2131	47.55	4481	3394	0.88	6505	0	0	0.01	9.74	42.69	8.06
1	9	1942	43.56	4459	3394	0.88	12399	0	0	0.04	23.84	33.39
2	2	604	15.79	3823	3394	1.03	7805	0	0	0.02	5.87	77.79	4.34
2	10	488	12.90	3784	3394	0.88	6364	0	0	0.01	7.83	79.56
3	3	432	11.41	3787	3394	1.02	5585	0	0	0.06	3.01	85.35	4.15
3	11	463	12.03	3852	3394	0.99	4916	0	0	0.00	5.72	82.45
4	4	1175	29.14	4034	3394	1.12	7397	0	0	0.02	7.13	63.80	5.05
4	12	366	9.10	4027	3394	1.04	3864	0	0	0.01	5.62	85.46
5	5	1043	26.55	3930	3394	1.22	9440	0	0	0.03	7.97	65.76	4.78
5	13	233	6.02	3861	3394	0.88	4294	0	0	0.01	4.56	89.63
6	6	503	13.35	3770	3394	1.13	5851	0	0	0.01	2.05	84.72	3.59
6	14	139	3.66	3807	3394	1.01	2266	0	0	0.00	1.73	94.69
7	7	1327	30.16	4400	3394	1.70	4568	0	0	0.01	10.03	60.20	7.89
7	15	1706	38.81	4396	3394	1.50	5045	0	0	0.02	15.42	46.10
Core	CPU	Avg_MHz	Busy%	Bzy_MHz	TSC_MHz	IPC	IRQ	NMI	SMI	POLL%	C1%	C2%	CorWatt	PkgWatt
-	-	1079	25.66	4203	3393	0.94	108856	3	0	0.02	7.71	66.93	48.12	62.84
0	0	799	20.47	3903	3394	1.00	9243	0	0	0.01	6.45	73.40	5.60	62.84
0	8	975	25.53	3818	3394	0.84	13184	0	0	0.03	10.38	64.61
1	1	1271	27.43	4635	3394	0.83	1489	1	0	0.00	0.68	71.88	8.63
1	9	3405	73.37	4640	3394	0.82	1502	0	0	0.00	0.00	26.63
2	2	468	12.26	3819	3394	0.90	6963	1	0	0.02	5.94	82.03	4.51
2	10	529	13.88	3807	3394	0.99	6211	0	0	0.01	4.97	81.38
3	3	396	10.50	3768	3394	0.98	4701	0	0	0.06	3.32	86.34	4.18
3	11	332	8.85	3752	3394	1.05	4926	0	0	0.01	3.80	87.51
4	4	991	25.59	3873	3394	0.98	11644	0	0	0.03	12.20	62.71	5.82
4	12	784	19.99	3921	3394	1.06	7992	0	0	0.03	9.25	71.14
5	5	1694	40.12	4223	3394	1.10	8237	1	0	0.02	23.43	37.29	7.32
5	13	998	22.81	4377	3394	0.94	4361	0	0	0.02	13.65	64.10
6	6	1014	26.41	3842	3394	1.00	11636	0	0	0.02	12.49	61.55	4.77
6	14	179	4.61	3892	3394	0.88	1745	0	0	0.00	1.43	94.04
7	7	1082	25.52	4239	3394	0.90	8619	0	0	0.02	8.67	66.21	7.31
7	15	2343	53.23	4401	3394	0.96	6403	0	0	0.01	6.70	40.35
Core	CPU	Avg_MHz	Busy%	Bzy_MHz	TSC_MHz	IPC	IRQ	NMI	SMI	POLL%	C1%	C2%	CorWatt	PkgWatt
-	-	1172	27.53	4257	3394	0.95	108897	1	0	0.01	8.79	64.06	50.99	65.41
0	0	592	15.32	3861	3394	1.37	9628	0	0	0.00	6.70	78.30	5.56	65.39
0	8	1008	26.30	3833	3394	0.97	12508	0	0	0.02	15.25	58.96
1	1	1773	38.22	4639	3394	0.81	1551	0	0	0.00	0.22	61.57	8.79
1	9	2903	62.55	4641	3394	0.81	1302	0	0	0.00	0.00	37.45
2	2	443	11.90	3723	3394	1.00	6636	0	0	0.02	6.60	81.74	4.52
2	10	453	12.19	3712	3394	0.99	7061	0	0	0.01	4.23	83.81
3	3	351	9.45	3714	3394	0.79	8155	0	0	0.03	3.14	87.67	4.35
3	11	443	11.90	3726	3394	0.86	6612	0	0	0.01	6.73	81.61
4	4	1003	25.42	3945	3394	1.05	9214	0	0	0.02	14.12	61.00	6.12
4	12	883	22.68	3892	3394	1.15	10300	0	0	0.02	9.31	68.47
5	5	1172	27.03	4336	3394	0.90	4424	0	0	0.01	36.18	38.05	8.21
5	13	1910	42.91	4451	3394	1.07	5106	0	0	0.03	22.37	35.43
6	6	839	22.41	3744	3394	0.83	14350	0	0	0.04	8.28	69.83	5.13
6	14	561	14.96	3748	3394	0.85	6271	0	0	0.02	5.75	79.55
7	7	446	9.90	4505	3394	0.90	3745	1	0	0.00	1.64	88.56	8.31
7	15	3968	87.31	4545	3394	1.00	2034	0	0	0.00	0.04	12.65
Core	CPU	Avg_MHz	Busy%	Bzy_MHz	TSC_MHz	IPC	IRQ	NMI	SMI	POLL%	C1%	C2%	CorWatt	PkgWatt
-	-	1182	27.79	4252	3392	0.97	103517	1	0	0.01	7.78	64.69	50.99	65.73
0	0	985	24.43	4030	3394	1.02	9112	0	0	0.01	7.46	68.47	6.00	65.80
0	8	949	24.13	3931	3394	0.88	9307	0	0	0.02	8.47	67.77
1	1	2405	51.87	4637	3394	0.81	2391	0	0	0.00	0.35	47.81	8.95
1	9	2370	51.34	4617	3394	0.80	1094	0	0	0.00	0.00	48.66
2	2	555	14.45	3839	3394	1.00	7334	0	0	0.02	6.63	79.17	4.83
2	10	609	15.80	3854	3394	0.95	6826	0	0	0.01	8.01	76.50
3	3	459	12.12	3790	3394	0.97	5892	0	0	0.03	2.91	85.16	4.44
3	11	404	10.82	3736	3394	0.89	5778	0	0	0.01	6.65	82.77
4	4	1184	28.34	4179	3394	1.06	7740	0	0	0.02	11.79	60.35	6.66
4	12	1281	31.66	4047	3394	0.83	14208	0	0	0.02	15.66	53.35
5	5	2268	52.32	4335	3394	1.05	6173	0	0	0.02	19.82	28.55	7.57
5	13	852	19.09	4463	3394	0.96	4103	0	0	0.01	9.35	71.90
6	6	593	15.78	3760	3394	0.97	7207	0	0	0.01	5.20	79.26	4.68
6	14	543	14.14	3836	3394	0.94	7392	0	0	0.01	6.97	79.18
7	7	1982	44.79	4427	3394	1.31	4742	0	0	0.01	10.13	45.39	7.89
7	15	1474	33.52	4399	3394	0.98	4218	1	0	0.01	5.19	61.50
Core	CPU	Avg_MHz	Busy%	Bzy_MHz	TSC_MHz	IPC	IRQ	NMI	SMI	POLL%	C1%	C2%	CorWatt	PkgWatt
-	-	1205	28.25	4267	3394	0.94	112292	1	0	0.02	8.36	63.74	52.90	67.15
0	0	963	24.37	3952	3394	0.94	12948	0	0	0.02	6.51	69.53	6.03	67.13
0	8	922	23.53	3918	3394	0.87	10751	0	0	0.02	14.30	62.66
1	1	3065	67.28	4556	3394	0.92	4714	0	0	0.00	1.81	31.01	8.88
1	9	1502	32.82	4578	3394	1.02	4403	0	0	0.01	2.48	64.81
2	2	428	11.46	3737	3394	0.94	6463	0	0	0.01	4.49	84.25	4.84
2	10	579	15.57	3716	3394	0.92	8882	0	0	0.02	7.01	77.73
3	3	363	9.63	3769	3394	0.91	4500	0	0	0.07	3.26	87.26	4.57
3	11	478	12.52	3817	3394	0.94	5965	0	0	0.01	6.40	81.31
4	4	1493	35.93	4155	3394	1.02	7570	0	0	0.02	11.67	52.79	6.63
4	12	823	19.45	4234	3394	1.06	7487	0	0	0.02	7.51	73.38
5	5	1453	33.46	4344	3394	0.94	5424	0	0	0.02	14.66	52.45	7.81
5	13	1575	35.87	4391	3394	0.97	7385	1	0	0.02	19.92	45.00
6	6	887	23.21	3821	3394	1.03	8433	0	0	0.02	9.77	67.40	5.38
6	14	531	13.88	3824	3394	0.93	7704	0	0	0.01	6.23	80.21
7	7	720	16.25	4427	3394	0.89	3198	0	0	0.00	6.17	77.80	8.74
7	15	3501	76.77	4560	3394	0.84	6465	0	0	0.01	11.53	12.08
Core	CPU	Avg_MHz	Busy%	Bzy_MHz	TSC_MHz	IPC	IRQ	NMI	SMI	POLL%	C1%	C2%	CorWatt	PkgWatt
-	-	1185	27.73	4272	3396	0.94	111432	2	0	0.02	7.81	64.82	53.32	67.52
0	0	965	24.32	3968	3394	1.01	10657	0	0	0.02	6.85	69.20	6.00	67.47
0	8	776	19.97	3883	3394	0.95	9583	0	0	0.02	9.95	70.49
1	1	790	17.58	4492	3394	0.87	5026	0	0	0.00	2.02	80.52	8.49
1	9	3613	79.59	4539	3394	0.99	3749	1	0	0.00	3.74	16.78
2	2	424	11.32	3740	3394	0.90	7535	0	0	0.02	5.10	83.84	4.84
2	10	534	14.14	3778	3394	0.97	6990	0	0	0.02	3.43	82.67
3	3	354	9.29	3810	3394	0.94	5209	0	0	0.05	3.26	87.62	4.60
3	11	414	11.00	3763	3394	1.02	6175	0	0	0.00	3.83	85.35
4	4	1285	30.89	4159	3394	1.17	6721	1	0	0.03	13.06	56.48	6.60
4	12	717	17.72	4046	3394	0.93	5897	0	0	0.01	8.33	74.29
5	5	2210	49.64	4453	3394	0.91	5909	0	0	0.03	11.37	39.37	7.79
5	13	920	21.44	4290	3394	0.74	7262	0	0	0.00	21.17	58.28
6	6	974	25.01	3893	3394	1.05	9969	0	0	0.02	8.13	67.24	5.95
6	14	685	17.09	4006	3394	0.92	5816	0	0	0.02	10.86	72.40
7	7	3504	76.84	4560	3394	0.87	4355	0	0	0.00	3.02	20.27	9.02
7	15	781	17.89	4365	3394	0.86	10579	0	0	0.01	10.77	71.66
Core	CPU	Avg_MHz	Busy%	Bzy_MHz	TSC_MHz	IPC	IRQ	NMI	SMI	POLL%	C1%	C2%	CorWatt	PkgWatt
-	-	855	20.71	4128	3393	1.04	104358	0	0	0.02	6.58	72.98	41.19	56.18
0	0	576	14.93	3860	3394	1.02	7248	0	0	0.01	5.69	79.64	4.74	56.18
0	8	715	18.77	3811	3394	0.99	9848	0	0	0.03	5.08	76.49
1	1	990	22.71	4357	3394	1.09	8681	0	0	0.02	12.60	65.14	6.82
1	9	2157	47.62	4529	3394	1.03	3117	0	0	0.01	9.49	43.12
2	2	347	9.10	3807	3394	1.02	3967	0	0	0.00	3.78	87.25	3.72
2	10	400	10.69	3739	3394	0.93	7037	0	0	0.02	2.09	87.43
3	3	412	10.82	3810	3394	0.90	5805	0	0	0.05	4.48	84.90	3.78
3	11	412	10.98	3754	3394	0.99	5782	0	0	0.01	2.27	86.94
4	4	984	25.34	3882	3394	1.15	9496	0	0	0.02	13.60	61.49	4.59
4	12	244	6.05	4029	3394	1.14	1328	0	0	0.00	2.11	91.91
5	5	1255	31.52	3982	3394	1.06	9547	0	0	0.02	15.00	54.00	5.24
5	13	333	8.08	4121	3394	0.89	3081	0	0	0.01	7.13	85.10
6	6	845	21.89	3861	3394	0.93	11660	0	0	0.02	8.41	70.12	4.57
6	14	493	12.81	3847	3394	0.92	5707	0	0	0.01	5.99	81.43
7	7	934	21.87	4273	3394	0.87	6429	0	0	0.01	5.27	73.17	7.75
7	15	2586	58.24	4441	3394	1.19	5625	0	0	0.01	2.33	39.62
Core	CPU	Avg_MHz	Busy%	Bzy_MHz	TSC_MHz	IPC	IRQ	NMI	SMI	POLL%	C1%	C2%	CorWatt	PkgWatt
-	-	606	15.10	4013	3394	1.02	105445	0	0	0.02	7.76	77.45	34.99	49.71
0	0	356	9.48	3755	3394	1.00	5405	0	0	0.01	2.86	87.84	3.96	49.72
0	8	501	13.33	3760	3394	1.10	7139	0	0	0.02	5.30	81.63
1	1	1199	29.38	4080	3394	1.00	10146	0	0	0.03	16.14	55.06	5.83
1	9	1138	29.03	3922	3394	0.78	18974	0	0	0.05	18.58	53.24
2	2	276	7.40	3726	3394	0.92	6592	0	0	0.01	3.07	89.72	3.41
2	10	368	9.96	3696	3394	0.98	6479	0	0	0.01	6.44	83.81
3	3	325	8.77	3704	3394	0.98	5033	0	0	0.07	5.92	85.51	3.05
3	11	165	4.44	3718	3394	0.91	3198	0	0	0.00	1.91	93.75
4	4	546	14.36	3800	3394	1.09	7748	0	0	0.01	5.47	80.42	3.47
4	12	84	2.27	3694	3394	1.09	1080	0	0	0.00	0.05	97.71
5	5	1011	26.03	3883	3394	1.12	10052	0	0	0.02	9.70	64.67	4.54
5	13	162	4.38	3706	3394	0.80	3286	0	0	0.00	2.74	93.03
6	6	490	13.23	3701	3394	0.99	9347	0	0	0.01	6.51	80.54	3.07
6	14	31	0.84	3702	3394	0.94	553	0	0	0.00	0.01	99.17
7	7	1360	31.21	4359	3394	1.18	5454	0	0	0.01	24.56	45.10	7.65
7	15	1686	37.57	4487	3394	1.05	4959	0	0	0.03	14.96	48.00
Core	CPU	Avg_MHz	Busy%	Bzy_MHz	TSC_MHz	IPC	IRQ	NMI	SMI	POLL%	C1%	C2%	CorWatt	PkgWatt
-	-	593	14.72	4029	3394	1.05	103046	0	0	0.02	7.51	78.08	34.88	49.64
0	0	586	15.52	3775	3394	0.92	13435	0	0	0.01	4.14	80.74	3.88	49.64
0	8	266	7.12	3741	3394	0.95	3851	0	0	0.00	4.32	88.71
1	1	1061	27.67	3834	3394	1.27	15699	0	0	0.03	11.96	60.98	5.01
1	9	441	11.04	3999	3394	0.88	4440	0	0	0.00	8.04	81.18
2	2	438	11.85	3695	3394	1.15	6692	0	0	0.01	4.32	84.05	3.37
2	10	139	3.74	3710	3394	0.99	2489	0	0	0.01	2.06	94.27
3	3	316	8.55	3695	3394	1.02	4942	0	0	0.07	4.77	86.85	2.25
3	11	16	0.44	3612	3394	2.23	225	0	0	0.00	0.24	99.32
4	4	803	21.33	3764	3394	0.99	13508	0	0	0.03	9.54	69.57	4.01
4	12	93	2.25	4115	3394	0.90	637	0	0	0.00	1.81	95.99
5	5	1009	26.56	3797	3394	0.95	14296	0	0	0.03	11.82	62.16	4.54
5	13	161	4.31	3731	3394	0.86	2393	0	0	0.00	1.66	94.14
6	6	679	18.36	3700	3394	1.01	10309	0	0	0.01	7.50	74.50	3.73
6	14	28	0.77	3677	3394	0.66	636	0	0	0.00	1.05	98.21
7	7	1030	22.88	4500	3394	1.05	4480	0	0	0.01	16.40	61.40	8.08
7	15	2426	53.22	4559	3394	1.10	5014	0	0	0.03	30.57	17.11
Core	CPU	Avg_MHz	Busy%	Bzy_MHz	TSC_MHz	IPC	IRQ	NMI	SMI	POLL%	C1%	C2%	CorWatt	PkgWatt
-	-	618	15.23	4057	3394	1.12	96132	0	0	0.02	7.95	77.13	33.79	48.86
0	0	373	9.79	3807	3394	0.98	5508	0	0	0.01	4.93	85.49	3.63	48.86
0	8	458	11.51	3980	3394	1.13	5203	0	0	0.00	4.60	84.06
1	1	994	24.44	4068	3394	1.06	7432	0	0	0.01	11.79	64.18	5.44
1	9	1116	26.77	4168	3394	0.98	8777	0	0	0.02	19.15	54.70
2	2	266	7.24	3674	3394	1.03	4946	0	0	0.01	4.80	88.12	2.82
2	10	217	5.87	3708	3394	1.13	3174	0	0	0.00	4.70	89.55
3	3	281	7.62	3692	3394	0.96	3777	0	0	0.08	4.23	88.30	2.65
3	11	160	4.28	3732	3394	1.00	3135	0	0	0.01	1.15	94.67
4	4	939	24.41	3846	3394	1.08	8412	0	0	0.02	10.31	65.66	4.13
4	12	172	4.27	4036	3394	0.88	3129	0	0	0.01	0.76	95.06
5	5	680	17.64	3858	3394	0.99	8951	0	0	0.03	8.28	74.43	3.93
5	13	329	8.48	3884	3394	0.99	3519	0	0	0.00	5.74	85.96
6	6	546	14.30	3819	3394	1.08	6832	0	0	0.01	7.29	78.66	3.41
6	14	140	3.64	3849	3394	1.01	1397	0	0	0.00	1.29	95.13
7	7	1690	38.26	4418	3394	1.44	8942	0	0	0.03	23.18	39.55	7.79
7	15	1521	35.13	4331	3394	1.18	12998	0	0	0.02	15.05	50.62
Core	CPU	Avg_MHz	Busy%	Bzy_MHz	TSC_MHz	IPC	IRQ	NMI	SMI	POLL%	C1%	C2%	CorWatt	PkgWatt
-	-	626	15.63	4005	3394	1.01	107726	0	0	0.02	8.71	76.02	35.24	50.21
0	0	454	12.28	3694	3394	0.87	10709	0	0	0.01	2.95	85.09	3.82	50.21
0	8	374	10.04	3726	3394	0.99	5427	0	0	0.01	5.06	85.09
1	1	1020	26.16	3899	3394	1.06	13976	0	0	0.02	12.53	61.90	5.02
1	9	621	16.26	3818	3394	0.73	9824	0	0	0.02	6.39	77.73
2	2	488	13.09	3730	3394	0.94	7833	0	0	0.02	8.10	79.10	3.33
2	10	203	5.48	3711	3394	0.91	3494	0	0	0.00	2.15	92.48
3	3	274	7.43	3688	3394	0.96	4527	0	0	0.06	3.04	89.67	3.26
3	11	227	6.11	3724	3394	0.90	4849	0	0	0.01	1.67	92.36
4	4	785	21.03	3733	3394	1.06	11056	0	0	0.02	11.52	67.88	3.92
4	12	111	2.77	4012	3394	0.93	1413	0	0	0.00	0.89	96.38
5	5	1156	30.22	3825	3394	1.08	13739	0	0	0.04	11.74	58.60	4.88
5	13	274	7.14	3846	3394	0.63	3865	0	0	0.01	5.82	87.34
6	6	507	13.60	3730	3394	1.10	6005	0	0	0.01	4.89	81.72	3.09
6	14	121	3.27	3687	3394	0.98	1785	0	0	0.00	0.90	95.90
7	7	980	21.69	4519	3394	1.02	4265	0	0	0.02	35.04	44.47	7.93
7	15	2419	53.50	4522	3394	1.11	4959	0	0	0.03	26.70	20.59
Core	CPU	Avg_MHz	Busy%	Bzy_MHz	TSC_MHz	IPC	IRQ	NMI	SMI	POLL%	C1%	C2%	CorWatt	PkgWatt
-	-	669	17.04	3929	3394	0.97	116625	0	0	0.01	8.26	75.05	34.65	49.68
0	0	581	14.86	3912	3394	1.05	6108	0	0	0.02	6.29	79.11	4.29	49.68
0	8	681	17.90	3807	3394	0.91	10773	0	0	0.02	7.83	74.66
1	1	971	23.03	4215	3394	0.96	6906	0	0	0.01	18.49	59.15	5.99
1	9	1539	36.92	4168	3394	1.02	12527	0	0	0.03	19.53	44.25
2	2	293	7.97	3674	3394	0.88	4759	0	0	0.01	3.77	88.43	3.64
2	10	547	14.68	3724	3394	0.95	8316	0	0	0.01	6.59	79.02
3	3	187	5.03	3713	3394	0.74	3981	0	0	0.02	2.11	92.99	3.33
3	11	468	12.43	3769	3394	0.94	6939	0	0	0.01	4.48	83.34
4	4	687	17.99	3817	3394	0.94	6629	0	0	0.01	9.02	73.33	4.23
4	12	601	16.00	3757	3394	0.78	11166	0	0	0.02	3.98	80.38
5	5	1028	25.69	4003	3394	1.02	8007	0	0	0.01	12.51	62.28	4.79
5	13	569	14.47	3934	3394	0.82	5330	0	0	0.01	6.53	79.34
6	6	527	14.15	3726	3394	0.99	6010	0	0	0.01	8.09	78.02	3.48
6	14	343	9.33	3677	3394	0.88	5818	0	0	0.01	3.02	87.85
7	7	1126	28.39	3967	3394	1.02	10223	0	0	0.02	15.86	56.31	4.91
7	15	562	13.81	4070	3394	1.17	3133	0	0	0.01	4.03	82.34
