turbostat version 2025.09.09 - Len Brown <lenb@kernel.org>
Kernel command line: BOOT_IMAGE=/boot/vmlinuz-6.17.0-35-generic root=UUID=37e0ef02-2557-4d29-8187-72bb5e6547ba ro quiet splash vt.handoff=7
CPUID(0): AuthenticAMD 0x10 CPUID levels
CPUID(1): family:model:stepping 0x19:21:2 (25:33:2) microcode 0x0
CPUID(0x80000000): max_extended_levels: 0x80000023
CPUID(1): SSE3 MONITOR - - - TSC MSR - HT -
CPUID(6): APERF, No-TURBO, No-DTS, No-PTM, No-HWP, No-HWPnotify, No-HWPwindow, No-HWPepp, No-HWPpkg, No-EPB
CPUID(7): No-SGX No-Hybrid
cpu0: cpufreq driver: amd-pstate-epp
cpu0: cpufreq governor: powersave
cpufreq boost: 1
/dev/cpu_dma_latency: 2000000000 usec (default)
current_driver: acpi_idle
current_governor: menu
current_governor_ro: menu
cpu0: POLL: CPUIDLE CORE POLL IDLE
cpu0: C1: ACPI FFH MWAIT 0x0
cpu0: C2: ACPI IOPORT 0x414
RAPL: 234 sec. Joule Counter Range, at 280 Watts
intel-rapl:0: package-0 disabled
intel-rapl:0/intel-rapl:0:0: core disabled
cpu0: MSR_RAPL_PWR_UNIT: 0x000a1003 (0.125000 Watts, 0.000015 Joules, 0.000977 sec.)
Core	CPU	Avg_MHz	Busy%	Bzy_MHz	TSC_MHz	IPC	IRQ	NMI	SMI	POLL%	C1%	C2%	CorWatt	PkgWatt
-	-	651	16.49	3949	3394	1.09	103447	2	0	0.02	7.57	76.28	32.28	47.59
0	0	678	17.65	3838	3394	1.09	7452	0	0	0.01	6.78	75.84	3.83	47.59
0	8	443	11.84	3745	3394	0.99	6236	0	0	0.02	2.95	85.42
1	1	1352	31.35	4314	3394	1.54	4866	0	0	0.01	13.50	55.69	6.47
1	9	1632	39.53	4129	3394	1.06	14348	0	0	0.03	29.02	32.75
2	2	309	8.47	3650	3394	1.05	4429	0	0	0.01	3.40	88.29	3.18
2	10	391	10.43	3746	3394	0.97	5222	0	0	0.01	5.74	84.01
3	3	333	8.79	3784	3394	0.95	3903	0	0	0.06	3.60	87.75	2.94
3	11	245	6.47	3784	3394	0.95	3223	0	0	0.00	2.92	90.75
4	4	619	16.44	3768	3394	1.09	7025	1	0	0.01	6.79	77.02	3.49
4	12	340	9.15	3722	3394	0.85	7180	0	0	0.02	2.26	88.83
5	5	973	25.13	3871	3394	1.16	8281	0	0	0.01	10.42	64.84	4.08
5	13	284	7.50	3790	3394	0.87	3032	0	0	0.00	1.85	90.78
6	6	515	13.69	3758	3394	1.01	6833	0	0	0.03	5.90	80.65	3.13
6	14	182	4.95	3679	3394	1.00	1701	0	0	0.00	0.33	94.78
7	7	1244	30.42	4090	3394	1.04	9184	1	0	0.02	12.08	58.02	5.16
7	15	877	22.02	3980	3394	0.92	10532	0	0	0.01	13.56	64.95
Core	CPU	Avg_MHz	Busy%	Bzy_MHz	TSC_MHz	IPC	IRQ	NMI	SMI	POLL%	C1%	C2%	CorWatt	PkgWatt
-	-	967	23.22	4167	3394	1.16	111441	1	0	0.02	8.63	68.49	47.70	61.60
0	0	834	21.20	3937	3394	1.19	9965	0	0	0.02	9.12	70.03	5.07	61.60
0	8	556	14.42	3854	3394	1.02	7404	0	0	0.02	5.83	80.02
1	1	1241	29.29	4235	3394	1.59	7714	1	0	0.02	8.80	62.29	7.91
1	9	2093	47.49	4408	3394	1.03	8421	0	0	0.01	12.96	39.99
2	2	437	11.60	3763	3394	1.05	6540	0	0	0.01	5.15	83.46	4.41
2	10	436	11.66	3739	3394	0.92	6325	0	0	0.01	6.16	82.46
3	3	417	10.89	3832	3394	1.10	5296	0	0	0.06	2.32	86.95	4.22
3	11	361	9.75	3700	3394	0.97	6320	0	0	0.01	4.84	85.61
4	4	1880	43.64	4308	3394	1.16	6616	0	0	0.02	9.73	46.99	6.95
4	12	728	18.00	4043	3394	0.87	7664	0	0	0.01	4.61	77.68
5	5	2167	49.80	4352	3394	1.39	7652	0	0	0.01	8.45	42.07	7.31
5	13	544	12.96	4199	3394	1.47	4570	0	0	0.01	5.84	81.46
6	6	692	18.29	3783	3394	1.15	8569	0	0	0.01	10.54	71.52	4.35
6	14	266	7.17	3709	3394	0.93	4879	0	0	0.02	3.67	89.35
7	7	1358	31.43	4322	3394	1.06	5919	0	0	0.01	17.76	51.45	7.48
7	15	1470	33.91	4334	3394	0.99	7587	0	0	0.03	22.30	44.54
Core	CPU	Avg_MHz	Busy%	Bzy_MHz	TSC_MHz	IPC	IRQ	NMI	SMI	POLL%	C1%	C2%	CorWatt	PkgWatt
-	-	1171	27.56	4248	3394	0.92	109136	0	0	0.02	8.00	64.77	52.89	67.08
0	0	862	22.30	3866	3394	0.89	11747	0	0	0.01	9.95	68.21	6.12	67.08
0	8	972	24.85	3913	3394	0.98	8021	0	0	0.02	12.24	63.34
1	1	2075	45.11	4599	3394	0.81	3512	0	0	0.00	5.33	49.78	9.17
1	9	2533	54.70	4631	3394	0.83	2541	0	0	0.00	3.71	41.69
2	2	485	12.96	3747	3394	0.94	7212	0	0	0.01	4.21	83.07	5.10
2	10	594	15.72	3778	3394	1.00	6430	0	0	0.01	7.37	77.19
3	3	250	6.63	3772	3394	0.93	3463	0	0	0.07	3.01	90.48	4.22
3	11	325	8.59	3783	3394	1.21	4562	0	0	0.01	3.35	88.21
4	4	2218	51.59	4299	3394	0.96	6775	0	0	0.03	10.59	38.18	7.30
4	12	579	14.61	3964	3394	0.80	10254	0	0	0.01	6.08	79.74
5	5	1685	38.83	4338	3394	1.01	4781	0	0	0.01	3.93	57.42	7.94
5	13	1837	41.19	4459	3394	0.95	8750	0	0	0.02	2.42	56.65
6	6	794	21.04	3775	3394	0.94	8825	0	0	0.01	9.08	70.23	4.94
6	14	313	8.38	3732	3394	0.84	5649	0	0	0.01	2.28	89.51
7	7	1684	39.19	4297	3394	0.99	7012	0	0	0.01	16.18	45.26	8.10
7	15	1524	35.28	4319	3394	0.90	9602	0	0	0.03	28.31	37.38
Core	CPU	Avg_MHz	Busy%	Bzy_MHz	TSC_MHz	IPC	IRQ	NMI	SMI	POLL%	C1%	C2%	CorWatt	PkgWatt
-	-	1177	27.66	4254	3393	0.99	100621	1	0	0.01	7.62	65.01	52.41	67.03
0	0	1098	27.60	3978	3394	1.06	10135	0	0	0.01	11.51	61.32	6.13	67.07
0	8	852	21.63	3940	3394	0.90	9737	0	0	0.03	9.10	69.70
1	1	642	14.06	4564	3394	0.97	1667	0	0	0.00	2.71	83.32	9.15
1	9	4030	87.23	4620	3394	0.81	2237	0	0	0.00	0.01	12.77
2	2	537	13.81	3887	3394	0.95	6378	0	0	0.02	6.48	79.95	4.72
2	10	481	12.46	3861	3394	0.99	5829	0	0	0.01	3.12	84.63
3	3	546	14.13	3861	3394	0.88	7588	0	0	0.03	8.43	77.74	4.80
3	11	446	11.56	3858	3394	0.90	6222	0	0	0.01	4.32	84.35
4	4	2395	55.59	4308	3394	1.07	4612	0	0	0.01	7.62	37.01	6.87
4	12	286	6.77	4232	3394	1.15	1727	0	0	0.00	1.39	91.90
5	5	1838	42.69	4305	3394	0.93	6734	0	0	0.01	12.02	45.76	7.24
5	13	849	20.26	4193	3394	0.94	7855	0	0	0.02	8.42	71.80
6	6	1036	26.81	3863	3394	1.01	9729	0	0	0.02	12.30	61.30	4.91
6	14	205	5.19	3948	3394	0.92	2535	0	0	0.00	4.65	90.31
7	7	1753	40.15	4365	3394	1.53	7349	0	0	0.01	12.45	47.89	8.59
7	15	1838	42.64	4310	3394	0.89	10287	1	0	0.02	17.42	40.66
Core	CPU	Avg_MHz	Busy%	Bzy_MHz	TSC_MHz	IPC	IRQ	NMI	SMI	POLL%	C1%	C2%	CorWatt	PkgWatt
-	-	1179	27.73	4252	3394	0.92	108048	0	0	0.01	8.41	64.22	53.53	67.70
0	0	1134	28.10	4035	3394	0.94	8742	0	0	0.02	9.36	62.95	6.66	67.66
0	8	1069	26.60	4019	3394	0.88	11834	0	0	0.02	9.63	64.28
1	1	79	1.69	4638	3394	0.65	2027	0	0	0.00	0.49	97.86	9.31
1	9	4624	99.68	4639	3394	0.81	2000	0	0	0.00	0.00	0.32
2	2	497	13.23	3759	3394	0.88	8160	0	0	0.01	5.99	81.03	4.80
2	10	451	12.03	3752	3394	0.92	8853	0	0	0.03	2.21	86.03
3	3	610	15.92	3831	3394	0.93	6649	0	0	0.04	6.45	77.86	4.75
3	11	258	6.82	3784	3394	0.89	4063	0	0	0.01	2.04	91.27
4	4	1401	33.92	4131	3394	1.12	6264	0	0	0.01	10.31	56.06	6.28
4	12	624	15.08	4138	3394	0.96	3970	0	0	0.00	4.25	80.84
5	5	1616	37.00	4367	3394	0.97	5481	0	0	0.01	13.62	49.95	8.29
5	13	1771	41.41	4276	3394	0.95	8478	0	0	0.02	19.69	39.73
6	6	520	13.72	3790	3394	0.89	7560	0	0	0.01	5.48	81.08	5.09
6	14	644	16.58	3887	3394	1.03	5492	0	0	0.00	7.62	76.06
7	7	1721	39.28	4382	3394	1.06	6526	0	0	0.01	13.76	47.48	8.34
7	15	1844	42.70	4318	3394	0.80	11949	0	0	0.02	23.65	34.57
Core	CPU	Avg_MHz	Busy%	Bzy_MHz	TSC_MHz	IPC	IRQ	NMI	SMI	POLL%	C1%	C2%	CorWatt	PkgWatt
-	-	1181	27.66	4272	3393	0.92	108713	3	0	0.02	8.71	63.98	53.37	67.71
0	0	1063	27.25	3901	3394	0.95	13629	0	0	0.02	15.89	57.46	6.23	67.73
0	8	749	19.26	3889	3394	1.05	7913	0	0	0.03	9.47	71.66
1	1	1043	22.57	4622	3394	0.79	3189	0	0	0.00	2.44	75.09	9.49
1	9	3823	82.47	4636	3394	0.81	3157	1	0	0.00	0.27	17.30
2	2	408	10.86	3752	3394	0.90	7938	0	0	0.01	6.98	82.39	4.42
2	10	325	8.70	3737	3394	1.08	3815	0	0	0.00	2.56	88.87
3	3	470	12.50	3759	3394	0.90	7008	0	0	0.06	3.45	84.27	4.75
3	11	349	9.13	3818	3394	1.02	4665	0	0	0.01	0.91	90.11
4	4	1080	25.96	4159	3394	0.92	8169	0	0	0.02	10.32	64.17	6.70
4	12	1169	28.19	4146	3394	0.94	7568	1	0	0.02	23.46	49.02
5	5	1030	24.31	4236	3394	0.88	6127	0	0	0.01	18.52	57.94	8.00
5	13	2028	46.85	4329	3394	1.04	8722	0	0	0.02	14.49	39.30
6	6	666	17.81	3739	3394	1.01	10008	0	0	0.03	3.81	78.70	5.13
6	14	460	12.01	3832	3394	0.92	5540	1	0	0.01	5.49	82.78
7	7	800	17.87	4476	3394	0.81	6132	0	0	0.01	11.30	71.20	8.65
7	15	3441	76.78	4481	3394	0.97	5133	0	0	0.01	10.02	13.51
Core	CPU	Avg_MHz	Busy%	Bzy_MHz	TSC_MHz	IPC	IRQ	NMI	SMI	POLL%	C1%	C2%	CorWatt	PkgWatt
-	-	734	18.01	4074	3394	1.08	101352	0	0	0.02	7.18	75.10	38.36	53.16
0	0	540	14.26	3788	3394	1.09	8449	0	0	0.00	7.98	78.09	4.47	53.14
0	8	648	16.61	3902	3394	1.02	6382	0	0	0.01	3.60	80.01
1	1	1172	27.83	4211	3394	0.96	11035	0	0	0.02	9.67	63.00	7.19
1	9	1671	39.40	4241	3394	1.41	6881	0	0	0.01	0.35	60.43
2	2	282	7.58	3715	3394	0.98	4831	0	0	0.00	4.25	88.35	3.03
2	10	290	7.65	3798	3394	1.07	3588	0	0	0.01	2.13	90.34
3	3	200	5.44	3683	3394	0.85	4329	0	0	0.05	2.09	92.61	2.58
3	11	199	5.15	3864	3394	1.08	1778	0	0	0.00	0.33	94.56
4	4	965	25.74	3751	3394	0.95	14504	0	0	0.03	17.06	57.82	4.51
4	12	277	7.16	3876	3394	0.81	2939	0	0	0.01	1.12	91.81
5	5	1112	27.29	4076	3394	0.97	9536	0	0	0.02	14.84	58.40	5.63
5	13	819	19.12	4281	3394	1.02	3712	0	0	0.03	10.50	70.67
6	6	841	22.51	3738	3394	0.98	12406	0	0	0.03	10.29	67.63	4.28
6	14	201	4.95	4059	3394	1.23	983	0	0	0.00	1.31	93.76
7	7	1447	33.58	4307	3394	1.02	6914	0	0	0.03	14.87	52.01	6.67
7	15	1077	23.95	4494	3394	1.31	3085	0	0	0.01	14.42	62.02
Core	CPU	Avg_MHz	Busy%	Bzy_MHz	TSC_MHz	IPC	IRQ	NMI	SMI	POLL%	C1%	C2%	CorWatt	PkgWatt
-	-	659	16.65	3957	3394	1.00	114422	0	0	0.02	9.31	74.39	34.93	49.79
0	0	446	11.90	3745	3394	1.19	6157	0	0	0.00	5.73	82.62	3.98	49.79
0	8	622	16.67	3729	3394	0.85	10516	0	0	0.02	8.92	74.78
1	1	890	20.79	4280	3394	0.89	5498	0	0	0.01	14.54	65.20	6.20
1	9	1702	39.75	4283	3394	1.00	10197	0	0	0.04	27.92	33.17
2	2	282	7.64	3686	3394	0.76	6710	0	0	0.01	4.70	87.84	3.35
2	10	398	10.84	3676	3394	0.89	7339	0	0	0.01	4.05	85.34
3	3	327	8.78	3724	3394	0.83	5306	0	0	0.04	5.74	85.68	3.25
3	11	268	7.22	3716	3394	0.97	3698	0	0	0.01	2.19	90.72
4	4	675	18.16	3715	3394	1.10	7431	0	0	0.01	9.43	72.74	3.71
4	12	230	6.14	3739	3394	0.90	4223	0	0	0.00	2.84	91.16
5	5	1045	27.04	3864	3394	1.17	11106	0	0	0.03	13.11	60.39	4.60
5	13	357	9.35	3822	3394	0.83	3286	0	0	0.01	3.31	87.51
6	6	685	18.57	3689	3394	0.96	12363	0	0	0.02	8.87	72.96	3.71
6	14	218	5.90	3689	3394	0.88	3236	0	0	0.00	2.18	92.03
7	7	1304	31.45	4145	3394	1.03	9844	0	0	0.03	24.42	44.99	6.12
7	15	1097	26.27	4175	3394	1.08	7512	0	0	0.02	10.97	63.18
