turbostat version 2025.09.09 - Len Brown <lenb@kernel.org>
Kernel command line: BOOT_IMAGE=/boot/vmlinuz-6.17.0-35-generic root=UUID=37e0ef02-2557-4d29-8187-72bb5e6547ba ro quiet splash vt.handoff=7
CPUID(0): AuthenticAMD 0x10 CPUID levels
CPUID(1): family:model:stepping 0x19:21:2 (25:33:2) microcode 0x0
CPUID(0x80000000): max_extended_levels: 0x80000023
CPUID(1): SSE3 MONITOR - - - TSC MSR - HT -
CPUID(6): APERF, No-TURBO, No-DTS, No-PTM, No-HWP, No-HWPnotify, No-HWPwindow, No-HWPepp, No-HWPpkg, No-EPB
CPUID(7): No-SGX No-Hybrid
cpu0: cpufreq driver: amd-pstate-epp
cpu0: cpufreq governor: powersave
cpufreq boost: 1
/dev/cpu_dma_latency: 2000000000 usec (default)
current_driver: acpi_idle
current_governor: menu
current_governor_ro: menu
cpu0: POLL: CPUIDLE CORE POLL IDLE
cpu0: C1: ACPI FFH MWAIT 0x0
cpu0: C2: ACPI IOPORT 0x414
RAPL: 234 sec. Joule Counter Range, at 280 Watts
intel-rapl:0: package-0 disabled
intel-rapl:0/intel-rapl:0:0: core disabled
cpu0: MSR_RAPL_PWR_UNIT: 0x000a1003 (0.125000 Watts, 0.000015 Joules, 0.000977 sec.)
Core	CPU	Avg_MHz	Busy%	Bzy_MHz	TSC_MHz	IPC	IRQ	NMI	SMI	POLL%	C1%	C2%	CorWatt	PkgWatt
-	-	132	3.44	3832	3394	1.14	19855	0	0	0.00	0.30	96.29	6.38	23.92
0	0	105	2.88	3652	3394	1.05	1670	0	0	0.01	0.74	96.43	0.68	23.92
0	8	87	2.45	3561	3394	0.73	1194	0	0	0.00	0.23	97.35
1	1	328	7.91	4147	3394	1.33	1090	0	0	0.00	0.38	91.74	1.35
1	9	348	9.26	3757	3394	0.78	2850	0	0	0.00	0.34	90.45
2	2	58	1.63	3534	3394	0.68	1382	0	0	0.00	0.77	97.64	0.72
2	10	98	2.74	3570	3394	0.64	1801	0	0	0.00	0.46	96.85
3	3	46	1.28	3558	3394	0.63	891	0	0	0.03	0.27	98.49	0.57
3	11	25	0.71	3564	3394	0.66	631	0	0	0.00	0.16	99.15
4	4	159	4.32	3684	3394	1.04	1449	0	0	0.00	0.47	95.24	0.58
4	12	12	0.34	3619	3394	0.57	333	0	0	0.00	0.03	99.64
5	5	255	6.49	3921	3394	1.33	1163	0	0	0.00	0.10	93.42	0.93
5	13	50	1.39	3620	3394	0.54	1888	0	0	0.00	0.37	98.29
6	6	98	2.56	3837	3394	1.17	1306	0	0	0.00	0.25	97.21	0.55
6	14	12	0.34	3584	3394	0.38	243	0	0	0.00	0.00	99.66
7	7	41	1.10	3737	3394	0.74	1336	0	0	0.00	0.15	98.80	0.99
7	15	389	9.71	4009	3394	1.78	628	0	0	0.00	0.11	90.19
Core	CPU	Avg_MHz	Busy%	Bzy_MHz	TSC_MHz	IPC	IRQ	NMI	SMI	POLL%	C1%	C2%	CorWatt	PkgWatt
-	-	123	2.99	4112	3394	1.49	12874	0	0	0.00	0.19	96.85	5.56	22.82
0	0	39	1.09	3599	3394	0.76	974	0	0	0.00	0.17	98.76	0.57	22.82
0	8	52	1.43	3607	3394	0.90	770	0	0	0.00	0.39	98.21
1	1	526	12.23	4303	3394	1.71	1639	0	0	0.00	0.35	87.45	1.35
1	9	105	2.48	4252	3394	0.95	588	0	0	0.00	0.05	97.49
2	2	51	1.43	3592	3394	1.12	857	0	0	0.00	0.24	98.33	0.42
2	10	34	0.94	3586	3394	0.84	645	0	0	0.00	0.00	99.07
3	3	107	2.71	3963	3394	1.27	938	0	0	0.01	0.10	97.22	0.57
3	11	24	0.66	3586	3394	0.89	702	0	0	0.00	0.38	98.98
4	4	92	2.41	3822	3394	0.94	870	0	0	0.00	0.16	97.46	0.56
4	12	99	2.33	4267	3394	1.78	286	0	0	0.00	0.13	97.54
5	5	256	6.16	4154	3394	1.53	1585	0	0	0.00	0.44	93.43	0.88
5	13	108	2.57	4196	3394	1.00	784	0	0	0.00	0.03	97.42
6	6	132	3.21	4112	3394	1.26	458	0	0	0.00	0.37	96.43	0.33
6	14	21	0.57	3633	3394	1.04	200	0	0	0.00	0.08	99.35
7	7	127	2.96	4297	3394	2.69	1185	0	0	0.00	0.07	97.00	0.86
7	15	191	4.60	4154	3394	1.64	393	0	0	0.00	0.01	95.40
Core	CPU	Avg_MHz	Busy%	Bzy_MHz	TSC_MHz	IPC	IRQ	NMI	SMI	POLL%	C1%	C2%	CorWatt	PkgWatt
-	-	302	6.77	4454	3393	2.48	12371	1	0	0.00	0.43	92.77	13.42	33.24
0	0	77	1.99	3876	3394	1.76	1120	0	0	0.00	0.69	97.30	0.90	33.24
0	8	53	1.36	3917	3394	1.58	743	0	0	0.00	0.29	98.35
1	1	1265	27.97	4524	3394	2.79	1494	0	0	0.00	0.29	71.45	3.41
1	9	185	4.05	4567	3394	2.99	1018	0	0	0.00	0.17	95.80
2	2	46	1.26	3662	3394	1.37	1273	0	0	0.00	1.04	97.74	0.50
2	10	16	0.45	3600	3394	1.78	187	0	0	0.00	0.15	99.41
3	3	42	1.14	3687	3394	1.41	965	0	0	0.04	0.52	98.37	0.77
3	11	38	0.98	3833	3394	1.15	637	0	0	0.00	0.34	98.69
4	4	151	3.74	4048	3394	1.72	650	0	0	0.00	0.09	96.18	0.79
4	12	33	0.89	3727	3394	1.43	485	0	0	0.00	0.66	98.45
5	5	150	3.71	4050	3394	2.28	631	0	0	0.00	0.36	95.95	0.78
5	13	45	1.20	3736	3394	1.86	321	0	0	0.00	0.22	98.47
6	6	94	2.29	4119	3394	2.20	563	0	0	0.00	0.12	97.60	0.67
6	14	46	1.21	3799	3394	2.12	377	0	0	0.00	0.99	97.81
7	7	354	7.94	4460	3394	1.95	765	1	0	0.00	0.44	91.55	5.61
7	15	2231	48.20	4628	3394	2.57	1142	0	0	0.00	0.44	51.36
Core	CPU	Avg_MHz	Busy%	Bzy_MHz	TSC_MHz	IPC	IRQ	NMI	SMI	POLL%	C1%	C2%	CorWatt	PkgWatt
-	-	414	9.08	4559	3393	1.46	8542	1	0	0.00	0.14	90.78	12.43	32.51
0	0	62	1.51	4110	3394	1.18	562	0	0	0.00	0.00	98.50	0.70	32.52
0	8	215	4.81	4474	3394	0.90	549	0	0	0.00	0.15	95.05
1	1	2842	61.41	4628	3394	2.03	1655	0	0	0.00	0.02	38.58	6.15
1	9	960	20.73	4631	3394	1.04	656	0	0	0.00	0.18	79.10
2	2	221	4.97	4442	3394	0.95	503	0	0	0.00	0.12	94.92	0.60
2	10	19	0.46	4160	3394	0.31	251	0	0	0.00	0.01	99.54
3	3	237	5.39	4387	3394	0.87	895	0	0	0.01	0.36	94.28	0.76
3	11	43	0.97	4451	3394	0.29	292	0	0	0.00	0.11	98.94
4	4	72	1.76	4090	3394	1.37	429	0	0	0.00	0.01	98.25	0.68
4	12	204	4.52	4518	3394	0.92	310	0	0	0.00	0.41	95.08
5	5	379	8.50	4455	3394	1.13	588	0	0	0.00	0.22	91.27	0.93
5	13	12	0.31	3900	3394	0.28	207	0	0	0.00	0.00	99.69
6	6	45	1.14	3940	3394	0.35	307	0	0	0.00	0.06	98.82	0.60
6	14	229	5.12	4484	3394	0.95	341	0	0	0.01	0.48	94.40
7	7	69	1.72	4014	3394	0.77	447	0	0	0.00	0.00	98.29	2.01
7	15	1017	22.01	4622	3394	1.19	550	1	0	0.00	0.12	77.87
Core	CPU	Avg_MHz	Busy%	Bzy_MHz	TSC_MHz	IPC	IRQ	NMI	SMI	POLL%	C1%	C2%	CorWatt	PkgWatt
-	-	1864	43.18	4317	3393	1.90	20551	0	0	0.00	0.11	56.71	48.55	65.09
0	0	3283	76.59	4287	3394	2.05	1921	0	0	0.00	0.00	23.41	5.89	65.10
0	8	227	5.01	4531	3394	0.83	676	0	0	0.00	0.00	95.01
1	1	1203	26.03	4621	3394	0.63	1459	0	0	0.00	0.08	73.93	6.89
1	9	3862	88.79	4349	3394	1.86	1901	0	0	0.00	0.18	11.03
2	2	2448	58.61	4177	3394	2.49	1900	0	0	0.00	0.08	41.33	5.80
2	10	880	19.34	4548	3394	0.82	667	0	0	0.00	0.00	80.67
3	3	2733	64.44	4241	3394	2.30	2075	0	0	0.02	0.08	35.49	6.18
3	11	903	19.84	4553	3394	0.92	730	0	0	0.00	0.13	80.04
4	4	1074	23.83	4505	3394	0.71	1059	0	0	0.00	0.07	76.12	5.88
4	12	2330	55.93	4167	3394	2.66	1471	0	0	0.00	0.26	43.83
5	5	3058	71.64	4268	3394	2.16	1691	0	0	0.00	0.17	28.20	5.97
5	13	523	11.44	4574	3394	0.69	470	0	0	0.00	0.09	88.47
6	6	1126	24.45	4605	3394	0.63	743	0	0	0.00	0.09	75.46	6.01
6	14	2478	59.12	4191	3394	2.57	1403	0	0	0.00	0.27	40.62
7	7	154	3.51	4394	3394	0.22	514	0	0	0.00	0.04	96.46	5.94
7	15	3548	82.32	4310	3394	1.95	1871	0	0	0.00	0.22	17.47
Core	CPU	Avg_MHz	Busy%	Bzy_MHz	TSC_MHz	IPC	IRQ	NMI	SMI	POLL%	C1%	C2%	CorWatt	PkgWatt
-	-	2327	50.46	4610	3393	0.54	24316	1	0	0.00	0.05	49.49	44.22	65.89
0	0	2448	52.94	4624	3394	0.56	2014	1	0	0.00	0.09	47.00	5.64	65.93
0	8	2432	52.61	4624	3394	0.53	1444	0	0	0.00	0.00	47.41
1	1	2092	45.48	4599	3394	0.57	1554	0	0	0.00	0.00	54.54	5.53
1	9	2654	57.45	4620	3394	0.54	1547	0	0	0.00	0.06	42.51
2	2	2738	59.93	4569	3394	0.57	1940	0	0	0.00	0.08	40.01	5.36
2	10	1476	31.93	4622	3394	0.56	1036	0	0	0.00	0.03	68.06
3	3	1808	39.21	4611	3394	0.54	1747	0	0	0.00	0.08	60.74	5.58
3	11	2878	62.33	4618	3394	0.54	1644	0	0	0.00	0.09	37.60
4	4	2741	59.27	4625	3394	0.56	1698	0	0	0.00	0.02	40.73	5.83
4	12	2332	50.40	4628	3394	0.53	1435	0	0	0.00	0.04	49.57
5	5	971	21.01	4621	3394	0.53	615	0	0	0.00	0.00	78.99	5.52
5	13	3601	77.94	4620	3394	0.54	1948	0	0	0.00	0.00	22.06
6	6	1936	41.87	4623	3394	0.55	1100	0	0	0.00	0.03	58.10	5.65
6	14	2942	63.60	4625	3394	0.53	1710	0	0	0.00	0.06	36.35
7	7	2442	53.75	4544	3394	0.55	1637	0	0	0.00	0.02	46.25	5.11
7	15	1741	37.68	4621	3394	0.54	1247	0	0	0.00	0.26	62.08
Core	CPU	Avg_MHz	Busy%	Bzy_MHz	TSC_MHz	IPC	IRQ	NMI	SMI	POLL%	C1%	C2%	CorWatt	PkgWatt
-	-	2352	50.93	4619	3394	0.54	24731	4	0	0.00	0.05	49.05	44.65	66.23
0	0	1989	43.12	4613	3394	0.53	1961	0	0	0.00	0.00	56.92	5.48	66.19
0	8	2615	56.66	4616	3394	0.54	1460	0	0	0.00	0.00	43.35
1	1	2360	51.14	4615	3394	0.53	1552	1	0	0.00	0.00	48.88	5.47
1	9	2229	48.27	4619	3394	0.55	1305	0	0	0.00	0.00	51.74
2	2	2743	59.47	4613	3394	0.53	1922	0	0	0.00	0.19	40.37	5.61
2	10	1888	40.95	4610	3394	0.54	1262	0	0	0.00	0.02	59.03
3	3	714	15.49	4610	3394	0.46	1387	0	0	0.00	0.10	84.46	5.57
3	11	4020	87.11	4615	3394	0.54	2178	1	0	0.00	0.19	12.71
4	4	4005	86.75	4617	3394	0.54	2105	0	0	0.00	0.17	13.09	5.63
4	12	764	16.53	4623	3394	0.48	800	0	0	0.00	0.00	83.50
5	5	1224	26.52	4616	3394	0.51	864	0	0	0.00	0.00	73.50	5.53
5	13	3431	74.36	4614	3394	0.54	1951	1	0	0.00	0.01	25.64
6	6	3334	72.26	4614	3394	0.54	1923	0	0	0.00	0.15	27.60	5.48
6	14	1236	26.74	4621	3394	0.53	995	1	0	0.00	0.00	73.27
7	7	4625	99.79	4634	3394	0.62	2195	0	0	0.00	0.03	0.18	5.88
7	15	447	9.66	4625	3394	0.37	871	0	0	0.00	0.01	90.37
Core	CPU	Avg_MHz	Busy%	Bzy_MHz	TSC_MHz	IPC	IRQ	NMI	SMI	POLL%	C1%	C2%	CorWatt	PkgWatt
-	-	2363	51.23	4612	3392	0.54	24996	3	0	0.00	0.06	48.71	44.73	66.31
0	0	2836	61.69	4596	3394	0.54	2158	0	0	0.00	0.01	38.33	5.58	66.37
0	8	2049	44.51	4603	3394	0.52	1423	0	0	0.00	0.04	55.47
1	1	2705	58.63	4613	3394	0.54	1966	0	0	0.00	0.07	41.32	5.56
1	9	1993	43.14	4620	3394	0.52	1271	1	0	0.00	0.07	56.80
2	2	2649	57.62	4597	3394	0.55	1988	1	0	0.00	0.13	42.28	5.47
2	10	1725	37.40	4612	3394	0.54	1075	0	0	0.00	0.00	62.61
3	3	3294	71.34	4617	3394	0.54	2206	1	0	0.00	0.05	28.63	5.74
3	11	1687	36.49	4623	3394	0.53	1143	0	0	0.00	0.00	63.52
4	4	1394	30.21	4616	3394	0.51	1314	0	0	0.00	0.05	69.77	5.60
4	12	3249	70.38	4617	3394	0.54	1798	0	0	0.00	0.06	29.57
5	5	1762	38.08	4626	3394	0.53	1149	0	0	0.00	0.01	61.93	5.66
5	13	3083	66.80	4616	3394	0.53	1761	0	0	0.00	0.15	33.06
6	6	1962	42.57	4608	3394	0.53	1379	0	0	0.00	0.10	57.35	5.41
6	14	2510	54.39	4614	3394	0.54	1616	0	0	0.00	0.01	45.61
7	7	2930	63.31	4627	3394	0.61	1460	0	0	0.00	0.14	36.55	5.75
7	15	1994	43.15	4622	3394	0.53	1289	0	0	0.00	0.00	56.87
Core	CPU	Avg_MHz	Busy%	Bzy_MHz	TSC_MHz	IPC	IRQ	NMI	SMI	POLL%	C1%	C2%	CorWatt	PkgWatt
-	-	2508	54.49	4603	3396	0.54	32179	2	0	0.00	0.42	45.21	46.32	67.46
0	0	3764	81.89	4596	3394	0.55	2514	0	0	0.00	0.69	17.46	5.60	67.39
0	8	972	21.19	4590	3394	0.46	1354	0	0	0.00	0.06	78.90
1	1	2769	59.87	4625	3394	0.57	2117	0	0	0.00	0.04	40.12	6.42
1	9	3504	75.69	4629	3394	0.57	1841	0	0	0.00	0.10	24.32
2	2	3049	66.92	4556	3394	0.54	2383	0	0	0.00	0.42	32.79	5.49
2	10	1493	32.64	4576	3394	0.53	1327	0	0	0.00	0.45	66.95
3	3	1646	36.05	4566	3394	0.51	2490	0	0	0.00	1.39	62.65	5.64
3	11	3052	66.23	4608	3394	0.52	2140	0	0	0.00	0.13	33.78
4	4	2423	52.69	4598	3394	0.53	1991	0	0	0.00	0.98	46.34	5.92
4	12	2616	56.87	4601	3394	0.53	2371	0	0	0.00	0.29	42.99
5	5	3360	72.93	4607	3394	0.54	2323	1	0	0.00	0.30	26.91	5.82
5	13	1606	34.92	4600	3394	0.53	1910	0	0	0.00	0.94	64.21
6	6	2820	61.37	4595	3394	0.54	2249	1	0	0.00	0.16	38.61	5.73
6	14	2109	45.81	4604	3394	0.52	1466	0	0	0.00	0.10	54.11
7	7	2329	50.55	4608	3394	0.53	2011	0	0	0.00	0.66	48.85	5.66
7	15	2592	56.19	4613	3394	0.52	1692	0	0	0.00	0.01	43.92
Core	CPU	Avg_MHz	Busy%	Bzy_MHz	TSC_MHz	IPC	IRQ	NMI	SMI	POLL%	C1%	C2%	CorWatt	PkgWatt
-	-	2359	51.18	4609	3393	0.54	24318	1	0	0.00	0.05	48.77	44.87	66.42
0	0	3749	81.35	4609	3394	0.55	2262	0	0	0.00	0.01	18.66	5.69	66.44
0	8	1259	27.30	4611	3394	0.50	890	1	0	0.00	0.00	72.71
1	1	1605	35.05	4578	3394	0.54	1993	0	0	0.00	0.05	64.93	5.70
1	9	3193	69.02	4626	3394	0.60	1718	0	0	0.00	0.04	30.95
2	2	2469	53.76	4593	3394	0.55	1603	0	0	0.00	0.00	46.26	5.52
2	10	1980	42.95	4610	3394	0.53	1197	0	0	0.00	0.01	57.06
3	3	1062	23.06	4605	3394	0.53	1151	0	0	0.00	0.07	76.91	5.63
3	11	3619	78.48	4611	3394	0.53	2049	0	0	0.00	0.22	21.31
4	4	766	16.61	4613	3394	0.53	740	0	0	0.00	0.00	83.40	5.62
4	12	3858	83.64	4612	3394	0.54	2064	0	0	0.00	0.05	16.32
5	5	3830	83.07	4611	3394	0.54	2082	0	0	0.00	0.20	16.73	5.67
5	13	1032	22.30	4626	3394	0.50	853	0	0	0.00	0.01	77.70
6	6	3519	76.35	4610	3394	0.54	1979	0	0	0.00	0.16	23.51	5.56
6	14	1223	26.53	4612	3394	0.48	835	0	0	0.00	0.01	73.48
7	7	968	21.00	4608	3394	0.51	982	0	0	0.00	0.01	79.02	5.48
7	15	3620	78.49	4612	3394	0.54	1920	0	0	0.00	0.03	21.49
Core	CPU	Avg_MHz	Busy%	Bzy_MHz	TSC_MHz	IPC	IRQ	NMI	SMI	POLL%	C1%	C2%	CorWatt	PkgWatt
-	-	2358	51.16	4609	3394	0.54	24352	3	0	0.00	0.05	48.81	44.88	66.48
0	0	3720	80.71	4608	3394	0.54	2285	0	0	0.00	0.01	19.30	5.50	66.46
0	8	906	19.67	4605	3394	0.50	759	0	0	0.00	0.00	80.34
1	1	361	7.79	4634	3394	0.32	1540	0	0	0.00	0.00	92.26	5.86
1	9	4626	99.99	4627	3394	0.62	2196	0	0	0.00	0.02	0.00
2	2	3572	77.68	4599	3394	0.54	2058	0	0	0.00	0.23	22.11	5.57
2	10	977	21.21	4608	3394	0.50	965	0	0	0.00	0.00	78.82
3	3	631	13.82	4565	3394	0.52	936	0	0	0.00	0.05	86.16	5.48
3	11	3870	83.99	4607	3394	0.54	2050	0	0	0.00	0.11	15.90
4	4	2532	54.96	4608	3394	0.53	1521	1	0	0.00	0.00	45.05	5.85
4	12	2595	56.31	4608	3394	0.53	1526	1	0	0.00	0.00	43.70
5	5	2647	57.44	4609	3394	0.54	1422	0	0	0.00	0.16	42.40	5.60
5	13	1943	42.14	4612	3394	0.53	1350	0	0	0.00	0.02	57.87
6	6	2869	62.28	4606	3394	0.54	1561	0	0	0.00	0.14	37.59	5.53
6	14	1803	39.07	4614	3394	0.51	1161	0	0	0.00	0.01	60.94
7	7	3959	85.91	4609	3394	0.54	2118	1	0	0.00	0.07	14.02	5.48
7	15	720	15.61	4612	3394	0.46	904	0	0	0.00	0.01	84.41
Core	CPU	Avg_MHz	Busy%	Bzy_MHz	TSC_MHz	IPC	IRQ	NMI	SMI	POLL%	C1%	C2%	CorWatt	PkgWatt
-	-	2351	51.04	4606	3394	0.55	25212	2	0	0.00	0.03	48.96	44.80	66.54
0	0	2936	63.68	4611	3394	0.54	2205	1	0	0.00	0.00	36.34	5.55	66.56
0	8	1744	37.86	4607	3394	0.53	1131	0	0	0.00	0.00	62.15
1	1	1425	30.75	4634	3394	0.51	1701	0	0	0.00	0.00	69.30	6.40
1	9	4629	99.99	4630	3394	0.63	2200	0	0	0.00	0.02	0.00
2	2	2236	49.00	4564	3394	0.53	1853	0	0	0.00	0.02	51.02	5.30
2	10	1964	42.77	4592	3394	0.53	1447	0	0	0.00	0.00	57.25
3	3	1967	43.16	4557	3394	0.52	1920	0	0	0.00	0.07	56.77	5.34
3	11	2376	51.57	4606	3394	0.54	1442	1	0	0.00	0.10	48.34
4	4	2616	56.75	4610	3394	0.53	1572	0	0	0.00	0.00	43.26	5.63
4	12	2033	44.06	4614	3394	0.53	1292	0	0	0.00	0.00	55.95
5	5	2091	45.41	4605	3394	0.53	1275	0	0	0.00	0.01	54.60	5.56
5	13	2506	54.31	4615	3394	0.53	1480	0	0	0.00	0.04	45.67
6	6	3183	69.11	4606	3394	0.55	1821	0	0	0.00	0.01	30.89	5.52
6	14	1465	31.73	4617	3394	0.51	1033	0	0	0.00	0.07	68.22
7	7	3401	73.87	4605	3394	0.57	1994	0	0	0.00	0.11	26.03	5.49
7	15	1036	22.58	4587	3394	0.52	846	0	0	0.00	0.00	77.43
Core	CPU	Avg_MHz	Busy%	Bzy_MHz	TSC_MHz	IPC	IRQ	NMI	SMI	POLL%	C1%	C2%	CorWatt	PkgWatt
-	-	2348	51.01	4602	3394	0.55	24592	2	0	0.00	0.02	48.99	44.68	66.42
0	0	1957	42.97	4553	3394	0.54	2269	0	0	0.00	0.01	57.07	5.34	66.39
0	8	2452	53.21	4608	3394	0.54	1515	0	0	0.00	0.03	46.77
1	1	1690	36.50	4631	3394	0.53	1485	0	0	0.00	0.00	63.53	6.53
1	9	4627	99.99	4628	3394	0.63	2191	1	0	0.00	0.01	0.00
2	2	3334	72.98	4569	3394	0.55	2265	0	0	0.00	0.00	27.04	5.27
2	10	807	17.67	4568	3394	0.53	675	0	0	0.00	0.00	82.34
3	3	1602	34.98	4581	3394	0.50	1745	0	0	0.00	0.07	64.99	5.36
3	11	2790	60.66	4600	3394	0.54	1543	0	0	0.00	0.00	39.35
4	4	1407	30.51	4613	3394	0.52	973	0	0	0.00	0.00	69.50	5.65
4	12	3241	70.31	4610	3394	0.54	1737	0	0	0.00	0.01	29.70
5	5	1123	24.60	4566	3394	0.53	697	0	0	0.00	0.00	75.41	5.50
5	13	3384	73.40	4611	3394	0.54	1841	0	0	0.00	0.00	26.61
6	6	2080	45.12	4610	3394	0.54	1361	0	0	0.00	0.08	54.82	5.52
6	14	2483	53.89	4608	3394	0.54	1444	0	0	0.00	0.06	46.06
7	7	3302	71.67	4608	3394	0.55	1812	0	0	0.00	0.07	28.26	5.52
7	15	1275	27.64	4614	3394	0.54	1039	1	0	0.00	0.04	72.34
Core	CPU	Avg_MHz	Busy%	Bzy_MHz	TSC_MHz	IPC	IRQ	NMI	SMI	POLL%	C1%	C2%	CorWatt	PkgWatt
-	-	2353	51.09	4605	3394	0.55	24869	1	0	0.00	0.05	48.88	45.22	66.77
0	0	3220	69.83	4612	3394	0.54	2287	0	0	0.00	0.05	30.14	5.64	66.76
0	8	1391	30.14	4615	3394	0.53	1233	0	0	0.00	0.01	69.89
1	1	1973	42.59	4633	3394	0.53	1756	0	0	0.00	0.00	57.44	6.74
1	9	4630	99.99	4631	3394	0.62	2196	0	0	0.00	0.02	0.00
2	2	3166	69.24	4572	3394	0.54	2348	1	0	0.00	0.20	30.59	5.28
2	10	874	19.21	4551	3394	0.55	733	0	0	0.00	0.00	80.80
3	3	2499	54.38	4595	3394	0.53	2041	0	0	0.00	0.15	45.50	5.66
3	11	2221	48.18	4609	3394	0.53	1302	0	0	0.00	0.05	51.78
4	4	2933	64.19	4570	3394	0.53	2022	0	0	0.00	0.09	35.73	5.14
4	12	1008	22.10	4561	3394	0.51	740	0	0	0.00	0.02	77.90
5	5	3135	68.03	4609	3394	0.54	1646	0	0	0.00	0.00	31.97	5.63
5	13	1458	31.58	4618	3394	0.52	945	0	0	0.00	0.00	68.43
6	6	2189	47.48	4610	3394	0.54	1537	0	0	0.00	0.00	52.53	5.58
6	14	2384	51.68	4614	3394	0.54	1580	0	0	0.00	0.15	48.20
7	7	2189	47.49	4609	3394	0.54	1241	0	0	0.00	0.00	52.52	5.54
7	15	2370	51.35	4615	3394	0.53	1262	0	0	0.00	0.00	48.65
Core	CPU	Avg_MHz	Busy%	Bzy_MHz	TSC_MHz	IPC	IRQ	NMI	SMI	POLL%	C1%	C2%	CorWatt	PkgWatt
-	-	2343	50.96	4597	3392	0.55	24856	2	0	0.00	0.06	48.97	45.01	66.65
0	0	2223	48.25	4607	3394	0.54	2174	0	0	0.00	0.21	51.58	5.70	66.72
0	8	2622	56.89	4608	3394	0.55	1639	0	0	0.00	0.01	43.12
1	1	1654	35.94	4602	3394	0.56	1448	0	0	0.00	0.00	64.08	5.64
1	9	3083	66.89	4608	3394	0.57	1626	0	0	0.00	0.03	33.08
2	2	3370	73.68	4574	3394	0.57	2144	0	0	0.02	0.16	26.18	5.49
2	10	987	21.51	4586	3394	0.53	834	0	0	0.00	0.00	78.50
3	3	1451	31.83	4559	3394	0.54	1831	0	0	0.00	0.13	68.08	5.47
3	11	2988	64.92	4603	3394	0.54	1696	0	0	0.00	0.02	35.08
4	4	2035	44.33	4590	3394	0.54	1387	0	0	0.00	0.07	55.60	5.59
4	12	2436	52.87	4607	3394	0.54	1411	0	0	0.00	0.09	47.05
5	5	2179	47.45	4592	3394	0.55	1394	0	0	0.00	0.07	52.49	5.73
5	13	2665	57.77	4613	3394	0.54	1625	1	0	0.00	0.12	42.13
6	6	2495	54.28	4596	3394	0.55	1525	0	0	0.00	0.00	45.73	5.56
6	14	2140	46.45	4607	3394	0.53	1406	1	0	0.00	0.08	53.48
7	7	2502	54.31	4607	3394	0.58	1265	0	0	0.00	0.03	45.66	5.85
7	15	2672	57.95	4612	3394	0.54	1451	0	0	0.00	0.00	42.06
Core	CPU	Avg_MHz	Busy%	Bzy_MHz	TSC_MHz	IPC	IRQ	NMI	SMI	POLL%	C1%	C2%	CorWatt	PkgWatt
-	-	2337	50.85	4595	3395	0.55	24790	3	0	0.00	0.05	49.14	45.05	66.62
0	0	972	21.20	4586	3394	0.50	2202	0	0	0.00	0.05	78.82	5.59	66.56
0	8	3729	81.04	4602	3394	0.55	2033	0	0	0.00	0.03	18.94
1	1	1920	41.84	4589	3394	0.54	1370	1	0	0.00	0.01	58.17	5.45
1	9	2639	57.42	4596	3394	0.54	1549	0	0	0.00	0.03	42.56
2	2	3983	86.97	4580	3394	0.58	2274	0	0	0.00	0.01	13.03	5.63
2	10	439	9.57	4589	3394	0.54	325	0	0	0.00	0.00	90.44
3	3	2255	49.63	4544	3394	0.54	2270	0	0	0.00	0.27	50.14	5.25
3	11	1872	40.81	4587	3394	0.53	1356	0	0	0.00	0.01	59.20
4	4	2355	51.16	4602	3394	0.55	1402	0	0	0.00	0.00	48.85	5.72
4	12	2341	50.86	4602	3394	0.54	1376	0	0	0.00	0.01	49.14
5	5	2817	61.14	4608	3394	0.58	1548	1	0	0.00	0.07	38.79	5.95
5	13	2372	51.45	4609	3394	0.54	1502	0	0	0.00	0.00	48.56
6	6	3102	67.56	4592	3394	0.55	1701	1	0	0.00	0.18	32.26	5.68
6	14	1759	38.18	4606	3394	0.54	1087	0	0	0.00	0.01	61.82
7	7	956	20.85	4587	3394	0.53	768	0	0	0.00	0.01	79.15	5.75
7	15	3859	83.90	4600	3394	0.56	2027	0	0	0.00	0.06	16.04
Core	CPU	Avg_MHz	Busy%	Bzy_MHz	TSC_MHz	IPC	IRQ	NMI	SMI	POLL%	C1%	C2%	CorWatt	PkgWatt
-	-	2310	50.27	4596	3394	0.55	23939	2	0	0.00	0.07	49.68	45.14	66.85
0	0	1592	35.42	4495	3394	0.53	2245	0	0	0.00	0.00	64.63	5.17	66.87
0	8	2425	52.77	4595	3394	0.54	1446	0	0	0.00	0.15	47.10
1	1	1925	41.77	4609	3394	0.57	1382	0	0	0.00	0.01	58.24	5.77
1	9	3010	65.32	4608	3394	0.55	1632	1	0	0.00	0.11	34.58
2	2	2699	59.04	4571	3394	0.59	1807	0	0	0.00	0.15	40.82	5.61
2	10	1651	35.92	4596	3394	0.56	1085	1	0	0.00	0.00	64.09
3	3	1192	26.01	4581	3394	0.54	1433	0	0	0.00	0.04	73.98	5.63
3	11	3325	72.24	4603	3394	0.55	1817	0	0	0.00	0.19	27.58
4	4	2465	53.55	4604	3394	0.55	1406	0	0	0.00	0.00	46.46	5.72
4	12	2090	45.40	4604	3394	0.55	1243	0	0	0.00	0.03	54.58
5	5	2833	61.45	4610	3394	0.57	1449	0	0	0.00	0.09	38.46	5.91
5	13	2174	47.17	4609	3394	0.54	1305	0	0	0.00	0.01	52.83
6	6	3469	75.29	4608	3394	0.56	1834	0	0	0.00	0.03	24.69	5.89
6	14	1550	33.59	4616	3394	0.54	964	0	0	0.00	0.00	66.42
7	7	3234	70.51	4586	3394	0.55	1927	0	0	0.00	0.24	29.26	5.44
7	15	1331	28.92	4603	3394	0.49	964	0	0	0.00	0.00	71.09
Core	CPU	Avg_MHz	Busy%	Bzy_MHz	TSC_MHz	IPC	IRQ	NMI	SMI	POLL%	C1%	C2%	CorWatt	PkgWatt
-	-	2343	51.01	4593	3393	0.55	24552	4	0	0.00	0.05	48.95	45.25	66.78
0	0	1308	28.67	4562	3394	0.50	2197	0	0	0.00	0.01	71.38	5.59	66.78
0	8	3406	74.16	4593	3394	0.55	1898	1	0	0.00	0.07	25.78
1	1	2674	58.27	4590	3394	0.54	1899	0	0	0.00	0.00	41.75	5.52
1	9	2008	43.71	4593	3394	0.55	1232	0	0	0.00	0.16	56.14
2	2	3411	74.33	4589	3394	0.57	2030	0	0	0.00	0.07	25.62	5.71
2	10	1157	25.16	4597	3394	0.53	885	0	0	0.00	0.00	74.86
3	3	3392	73.81	4596	3394	0.55	2379	1	0	0.00	0.31	25.90	5.62
3	11	1336	29.08	4595	3394	0.49	982	0	0	0.00	0.01	70.92
4	4	3103	67.49	4598	3394	0.55	1851	1	0	0.00	0.00	32.53	5.75
4	12	1682	36.60	4595	3394	0.54	1172	0	0	0.00	0.01	63.41
5	5	3357	73.05	4595	3394	0.57	1825	0	0	0.00	0.09	26.87	5.74
5	13	1223	26.58	4601	3394	0.57	756	0	0	0.00	0.00	73.42
6	6	2989	65.04	4595	3394	0.55	1672	0	0	0.00	0.00	34.97	5.62
6	14	1659	36.09	4598	3394	0.56	1124	0	0	0.00	0.01	63.92
7	7	2534	55.19	4592	3394	0.60	1397	1	0	0.00	0.06	44.76	5.69
7	15	2253	48.95	4603	3394	0.56	1253	0	0	0.00	0.00	51.06
Core	CPU	Avg_MHz	Busy%	Bzy_MHz	TSC_MHz	IPC	IRQ	NMI	SMI	POLL%	C1%	C2%	CorWatt	PkgWatt
-	-	2362	51.46	4590	3391	0.55	26042	3	0	0.00	0.05	48.47	45.42	66.85
0	0	569	12.41	4585	3394	0.46	2145	0	0	0.00	0.02	87.64	5.66	67.01
0	8	4185	90.96	4601	3394	0.54	2215	0	0	0.00	0.16	8.89
1	1	925	20.14	4592	3394	0.58	685	0	0	0.00	0.00	79.87	5.65
1	9	3659	79.52	4602	3394	0.55	2118	0	0	0.00	0.10	20.39
2	2	3024	66.25	4564	3394	0.54	2151	1	0	0.00	0.17	33.59	5.57
2	10	1609	35.10	4583	3394	0.51	1309	0	0	0.00	0.01	64.91
3	3	3052	66.47	4592	3394	0.54	2274	0	0	0.00	0.18	33.37	5.58
3	11	1434	31.22	4593	3394	0.53	1178	1	0	0.00	0.03	68.77
4	4	1664	36.61	4545	3394	0.54	1417	0	0	0.00	0.07	63.33	5.30
4	12	2439	53.21	4583	3394	0.54	1494	1	0	0.00	0.00	46.80
5	5	3269	70.94	4608	3394	0.56	1778	0	0	0.00	0.01	29.06	6.40
5	13	2638	57.12	4619	3394	0.59	1426	0	0	0.00	0.00	42.88
6	6	2555	55.57	4598	3394	0.54	1642	0	0	0.00	0.01	44.44	5.61
6	14	2057	44.70	4601	3394	0.53	1452	0	0	0.00	0.00	55.32
7	7	1740	37.85	4598	3394	0.59	1088	0	0	0.00	0.03	62.09	5.70
7	15	3002	65.24	4602	3394	0.54	1670	0	0	0.00	0.00	34.77
Core	CPU	Avg_MHz	Busy%	Bzy_MHz	TSC_MHz	IPC	IRQ	NMI	SMI	POLL%	C1%	C2%	CorWatt	PkgWatt
-	-	2342	50.97	4595	3397	0.55	24848	1	0	0.00	0.07	49.03	45.39	66.81
0	0	1288	28.01	4597	3394	0.53	2106	0	0	0.00	0.00	72.04	5.70	66.62
0	8	3519	76.57	4595	3394	0.55	1911	0	0	0.00	0.09	23.35
1	1	1921	41.71	4605	3394	0.58	1408	0	0	0.00	0.04	58.27	5.94
1	9	3400	73.91	4601	3394	0.55	1826	0	0	0.00	0.00	26.10
2	2	2500	55.01	4546	3394	0.57	1817	0	0	0.00	0.08	44.93	5.47
2	10	1752	38.24	4581	3394	0.53	1321	0	0	0.00	0.10	61.68
3	3	2364	51.49	4591	3394	0.55	1874	0	0	0.00	0.22	48.32	5.75
3	11	2388	51.91	4600	3394	0.53	1481	0	0	0.00	0.10	48.01
4	4	2152	46.86	4592	3394	0.55	1220	0	0	0.00	0.00	53.14	5.56
4	12	2299	50.05	4593	3394	0.54	1403	0	0	0.00	0.00	49.96
5	5	2308	50.28	4591	3394	0.56	1275	0	0	0.00	0.12	49.61	5.78
5	13	2521	54.79	4602	3394	0.56	1538	0	0	0.00	0.23	44.99
6	6	3457	75.54	4576	3394	0.56	2066	0	0	0.00	0.11	24.37	5.41
6	14	856	18.75	4567	3394	0.51	796	0	0	0.00	0.01	81.26
7	7	1945	42.29	4598	3394	0.57	1156	0	0	0.00	0.01	57.70	5.74
7	15	2761	60.03	4600	3394	0.55	1650	1	0	0.00	0.00	39.99
Core	CPU	Avg_MHz	Busy%	Bzy_MHz	TSC_MHz	IPC	IRQ	NMI	SMI	POLL%	C1%	C2%	CorWatt	PkgWatt
-	-	2334	50.90	4585	3393	0.55	24563	0	0	0.00	0.05	49.05	45.27	66.77
0	0	1024	22.33	4585	3394	0.51	2080	0	0	0.00	0.05	77.68	5.57	66.80
0	8	3568	77.70	4593	3394	0.54	1971	0	0	0.00	0.03	22.28
1	1	1681	36.94	4552	3394	0.56	1259	0	0	0.00	0.00	63.07	5.53
1	9	2834	61.73	4590	3394	0.55	1662	0	0	0.00	0.06	38.22
2	2	3375	74.15	4551	3394	0.59	2059	0	0	0.00	0.12	25.74	5.46
2	10	787	17.21	4572	3394	0.51	704	0	0	0.00	0.01	82.78
3	3	2135	46.81	4561	3394	0.56	1845	0	0	0.00	0.17	53.04	5.59
3	11	2380	51.83	4592	3394	0.54	1469	0	0	0.00	0.06	48.12
4	4	1617	35.27	4584	3394	0.54	1127	0	0	0.00	0.00	64.74	5.79
4	12	3164	68.82	4598	3394	0.55	1729	0	0	0.00	0.02	31.17
5	5	1531	33.35	4592	3394	0.55	1168	0	0	0.00	0.00	66.67	5.83
5	13	3457	75.20	4596	3394	0.54	1995	0	0	0.00	0.12	24.69
6	6	833	18.09	4604	3394	0.57	636	0	0	0.00	0.01	81.92	5.73
6	14	3943	85.77	4598	3394	0.55	2106	0	0	0.00	0.10	14.14
7	7	1542	33.52	4600	3394	0.56	870	0	0	0.00	0.06	66.43	5.79
7	15	3478	75.61	4599	3394	0.55	1883	0	0	0.00	0.00	24.39
Core	CPU	Avg_MHz	Busy%	Bzy_MHz	TSC_MHz	IPC	IRQ	NMI	SMI	POLL%	C1%	C2%	CorWatt	PkgWatt
-	-	2338	51.00	4585	3393	0.55	24948	3	0	0.00	0.04	48.96	45.15	66.57
0	0	1365	29.70	4596	3394	0.55	2138	1	0	0.00	0.00	70.36	5.73	66.60
0	8	3553	77.33	4594	3394	0.54	1969	0	0	0.00	0.13	22.55
1	1	2964	64.46	4598	3394	0.57	1670	0	0	0.00	0.00	35.55	5.66
1	9	1827	39.77	4595	3394	0.54	1088	0	0	0.00	0.00	60.24
2	2	3290	72.50	4537	3394	0.59	2247	0	0	0.00	0.12	27.39	5.16
2	10	469	10.52	4459	3394	0.48	875	0	0	0.00	0.01	89.49
3	3	1889	41.15	4591	3394	0.52	1856	0	0	0.00	0.09	58.80	5.67
3	11	2841	61.83	4594	3394	0.53	1802	0	0	0.00	0.05	38.13
4	4	2892	63.25	4573	3394	0.55	1698	0	0	0.00	0.17	36.59	5.59
4	12	1622	35.30	4594	3394	0.53	1084	0	0	0.00	0.05	64.67
5	5	2442	53.09	4600	3394	0.57	1386	0	0	0.00	0.02	46.91	5.98
5	13	2807	61.04	4598	3394	0.54	1726	1	0	0.00	0.01	38.97
6	6	1035	22.58	4585	3394	0.53	755	1	0	0.00	0.00	77.43	5.59
6	14	3549	77.28	4593	3394	0.54	1893	0	0	0.00	0.03	22.70
7	7	1375	29.91	4597	3394	0.57	831	0	0	0.00	0.01	70.07	5.79
7	15	3504	76.27	4594	3394	0.55	1930	0	0	0.00	0.00	23.74
Core	CPU	Avg_MHz	Busy%	Bzy_MHz	TSC_MHz	IPC	IRQ	NMI	SMI	POLL%	C1%	C2%	CorWatt	PkgWatt
-	-	2337	50.95	4586	3395	0.55	24772	4	0	0.00	0.03	49.06	45.54	67.03
0	0	1050	23.18	4531	3394	0.53	2115	0	0	0.00	0.04	76.84	5.54	66.99
0	8	3457	75.29	4591	3394	0.55	1995	1	0	0.00	0.06	24.66
1	1	1295	28.29	4577	3394	0.56	986	0	0	0.00	0.00	71.72	5.73
1	9	3488	75.87	4598	3394	0.55	1977	1	0	0.00	0.00	24.14
2	2	2703	59.33	4557	3394	0.59	1804	0	0	0.00	0.00	40.69	5.77
2	10	1917	41.79	4587	3394	0.54	1159	0	0	0.00	0.02	58.19
3	3	1914	41.97	4561	3394	0.58	1711	0	0	0.00	0.04	58.02	5.55
3	11	2442	53.20	4591	3394	0.54	1484	0	0	0.00	0.02	46.79
4	4	2047	44.78	4571	3394	0.55	1310	0	0	0.00	0.05	55.18	5.77
4	12	2766	60.26	4590	3394	0.54	1630	0	0	0.00	0.01	39.74
5	5	2255	49.27	4578	3394	0.56	1421	1	0	0.00	0.05	50.69	5.75
5	13	2558	55.69	4593	3394	0.53	1694	0	0	0.00	0.08	44.25
6	6	1795	39.06	4595	3394	0.56	1183	0	0	0.00	0.00	60.95	5.78
6	14	3015	65.61	4596	3394	0.55	1712	1	0	0.00	0.08	34.33
7	7	891	19.46	4576	3394	0.56	585	0	0	0.00	0.00	80.55	5.62
7	15	3773	82.16	4592	3394	0.55	2006	0	0	0.00	0.05	17.79
Core	CPU	Avg_MHz	Busy%	Bzy_MHz	TSC_MHz	IPC	IRQ	NMI	SMI	POLL%	C1%	C2%	CorWatt	PkgWatt
-	-	2348	51.17	4588	3394	0.55	24595	1	0	0.00	0.04	48.80	45.63	66.96
0	0	1657	36.05	4596	3394	0.51	2071	0	0	0.00	0.01	64.00	5.64	66.96
0	8	3112	67.84	4586	3394	0.54	1781	0	0	0.00	0.01	32.15
1	1	2416	52.48	4604	3394	0.59	1744	1	0	0.00	0.05	47.50	6.03
1	9	2725	59.16	4607	3394	0.62	1402	0	0	0.00	0.03	40.82
2	2	1852	40.50	4573	3394	0.52	1627	0	0	0.00	0.02	59.51	5.67
2	10	2706	59.05	4582	3394	0.55	1553	0	0	0.00	0.02	40.94
3	3	1493	32.67	4570	3394	0.52	1630	0	0	0.00	0.04	67.32	5.57
3	11	3065	66.83	4586	3394	0.54	1846	0	0	0.00	0.02	33.17
4	4	2472	53.86	4589	3394	0.55	1452	0	0	0.00	0.07	46.08	5.69
4	12	2098	45.75	4585	3394	0.54	1340	0	0	0.00	0.02	54.24
5	5	3505	76.37	4590	3394	0.55	1837	0	0	0.00	0.26	23.37	5.83
5	13	1459	31.79	4588	3394	0.53	1007	0	0	0.00	0.05	68.18
6	6	2703	59.08	4575	3394	0.54	1667	0	0	0.00	0.04	40.90	5.49
6	14	1669	36.36	4590	3394	0.56	1016	0	0	0.00	0.06	63.59
7	7	1887	41.11	4588	3394	0.55	1124	0	0	0.00	0.00	58.90	5.71
7	15	2745	59.81	4589	3394	0.56	1498	0	0	0.00	0.00	40.19
Core	CPU	Avg_MHz	Busy%	Bzy_MHz	TSC_MHz	IPC	IRQ	NMI	SMI	POLL%	C1%	C2%	CorWatt	PkgWatt
-	-	2340	51.03	4585	3393	0.55	24802	3	0	0.00	0.06	48.91	45.63	66.92
0	0	2723	59.28	4593	3394	0.56	2217	0	0	0.00	0.14	40.62	5.83	66.96
0	8	2223	48.39	4595	3394	0.54	1465	0	0	0.00	0.02	51.60
1	1	3474	76.03	4569	3394	0.60	1953	0	0	0.00	0.03	23.95	5.58
1	9	1088	23.70	4592	3394	0.51	763	0	0	0.00	0.00	76.31
2	2	2889	63.34	4562	3394	0.56	2057	1	0	0.00	0.07	36.61	5.70
2	10	1699	37.01	4590	3394	0.54	1104	0	0	0.00	0.12	62.89
3	3	2316	50.55	4582	3394	0.54	2185	1	0	0.00	0.13	49.35	5.65
3	11	2258	49.17	4592	3394	0.54	1519	0	0	0.00	0.04	50.81
4	4	2239	48.87	4581	3394	0.55	1495	0	0	0.00	0.00	51.13	5.82
4	12	2430	52.92	4592	3394	0.53	1487	0	0	0.00	0.01	47.09
5	5	2988	65.05	4594	3394	0.56	1767	0	0	0.00	0.07	34.89	5.77
5	13	1765	38.38	4599	3394	0.54	1118	0	0	0.00	0.00	61.64
6	6	2701	58.90	4585	3394	0.57	1664	0	0	0.00	0.04	41.07	5.74
6	14	2014	43.82	4596	3394	0.54	1176	0	0	0.00	0.00	56.19
7	7	1526	33.34	4577	3394	0.53	1062	0	0	0.00	0.01	66.67	5.55
7	15	3114	67.80	4593	3394	0.54	1770	1	0	0.00	0.23	31.98
Core	CPU	Avg_MHz	Busy%	Bzy_MHz	TSC_MHz	IPC	IRQ	NMI	SMI	POLL%	C1%	C2%	CorWatt	PkgWatt
-	-	2337	50.99	4583	3394	0.55	24769	3	0	0.00	0.06	48.97	45.74	67.11
0	0	2374	52.17	4551	3394	0.54	2244	0	0	0.00	0.12	47.75	5.54	67.07
0	8	2117	46.14	4589	3394	0.55	1423	0	0	0.00	0.02	53.86
1	1	1604	35.08	4572	3394	0.57	1733	0	0	0.00	0.01	64.94	5.70
1	9	3238	70.50	4593	3394	0.54	1788	0	0	0.00	0.13	29.38
2	2	3432	75.46	4548	3394	0.60	2157	0	0	0.00	0.07	24.48	5.49
2	10	699	15.38	4549	3394	0.50	843	0	0	0.00	0.00	84.64
3	3	2361	51.60	4575	3394	0.54	1921	0	0	0.00	0.07	48.36	5.83
3	11	2553	55.63	4588	3394	0.54	1545	1	0	0.00	0.10	44.28
4	4	2052	44.78	4582	3394	0.52	1391	1	0	0.00	0.10	55.14	5.69
4	12	2583	56.30	4589	3394	0.53	1564	1	0	0.00	0.11	43.60
5	5	2852	62.13	4590	3394	0.56	1525	0	0	0.00	0.06	37.82	5.86
5	13	1991	43.31	4597	3394	0.54	1349	0	0	0.00	0.01	56.69
6	6	21	0.46	4591	3394	0.13	182	0	0	0.00	0.00	99.55	5.66
6	14	4519	98.48	4589	3394	0.55	2276	0	0	0.00	0.01	1.51
7	7	2819	61.33	4596	3394	0.58	1434	0	0	0.00	0.06	38.59	5.96
7	15	2169	47.18	4597	3394	0.54	1394	0	0	0.00	0.10	52.74
Core	CPU	Avg_MHz	Busy%	Bzy_MHz	TSC_MHz	IPC	IRQ	NMI	SMI	POLL%	C1%	C2%	CorWatt	PkgWatt
-	-	2344	51.18	4581	3393	0.55	25336	1	0	0.00	0.07	48.76	45.50	66.87
0	0	2422	52.76	4591	3394	0.56	2185	0	0	0.00	0.03	47.25	5.75	66.89
0	8	2424	52.85	4586	3394	0.55	1495	0	0	0.00	0.00	47.16
1	1	1866	40.68	4585	3394	0.56	1578	0	0	0.00	0.04	59.30	5.62
1	9	2797	61.01	4584	3394	0.55	1680	0	0	0.00	0.02	38.98
2	2	3352	73.88	4537	3394	0.57	2254	0	0	0.00	0.49	25.65	5.24
2	10	544	12.11	4494	3394	0.48	989	0	0	0.00	0.03	87.90
3	3	2162	47.11	4591	3394	0.55	1914	0	0	0.00	0.05	52.87	5.77
3	11	2604	56.78	4586	3394	0.55	1397	0	0	0.00	0.00	43.23
4	4	2669	58.22	4584	3394	0.56	1738	0	0	0.00	0.17	41.64	5.82
4	12	2070	45.15	4585	3394	0.53	1418	0	0	0.00	0.01	54.87
5	5	3511	76.48	4591	3394	0.57	1901	0	0	0.00	0.08	23.44	5.88
5	13	1485	32.29	4598	3394	0.51	1067	0	0	0.00	0.00	67.72
6	6	1892	41.24	4587	3394	0.54	1281	0	0	0.00	0.13	58.65	5.76
6	14	3012	65.64	4588	3394	0.54	1697	0	0	0.00	0.00	34.37
7	7	1176	25.59	4597	3394	0.57	832	1	0	0.00	0.05	74.37	5.67
7	15	3533	77.02	4587	3394	0.55	1910	0	0	0.00	0.00	22.99
Core	CPU	Avg_MHz	Busy%	Bzy_MHz	TSC_MHz	IPC	IRQ	NMI	SMI	POLL%	C1%	C2%	CorWatt	PkgWatt
-	-	2312	50.50	4579	3394	0.55	24510	0	0	0.00	0.05	49.48	45.29	66.81
0	0	1481	32.28	4587	3394	0.55	2094	0	0	0.00	0.05	67.72	5.74	66.86
0	8	3311	72.19	4586	3394	0.55	1833	0	0	0.00	0.06	27.76
1	1	1702	37.51	4536	3394	0.53	1490	0	0	0.00	0.06	62.45	5.43
1	9	2785	60.73	4586	3394	0.54	1659	0	0	0.00	0.17	39.11
2	2	2867	63.10	4544	3394	0.58	2075	0	0	0.00	0.02	36.91	5.46
2	10	1278	27.96	4570	3394	0.52	1016	0	0	0.00	0.01	72.05
3	3	1726	37.86	4559	3394	0.56	1750	0	0	0.00	0.10	62.07	5.56
3	11	2684	58.54	4584	3394	0.54	1616	0	0	0.00	0.02	41.46
4	4	2238	48.89	4578	3394	0.53	1349	0	0	0.00	0.00	51.11	5.80
4	12	2521	54.92	4591	3394	0.55	1536	0	0	0.00	0.02	45.08
5	5	1871	40.73	4594	3394	0.57	1062	0	0	0.00	0.12	59.16	5.82
5	13	2993	65.28	4586	3394	0.55	1668	0	0	0.00	0.00	34.73
6	6	1837	40.24	4566	3394	0.57	1078	0	0	0.00	0.05	59.71	5.65
6	14	2739	59.79	4581	3394	0.55	1506	0	0	0.00	0.07	40.15
7	7	2119	46.12	4596	3394	0.59	1144	0	0	0.00	0.04	53.85	5.83
7	15	2836	61.81	4588	3394	0.55	1634	0	0	0.00	0.00	38.20
Core	CPU	Avg_MHz	Busy%	Bzy_MHz	TSC_MHz	IPC	IRQ	NMI	SMI	POLL%	C1%	C2%	CorWatt	PkgWatt
-	-	2331	50.93	4577	3393	0.55	24477	3	0	0.00	0.07	49.01	45.60	66.88
0	0	1675	36.52	4586	3394	0.54	2141	0	0	0.00	0.16	63.38	5.69	66.83
0	8	3034	66.19	4584	3394	0.55	1657	1	0	0.00	0.06	33.76
1	1	2597	56.81	4572	3394	0.57	1789	0	0	0.00	0.09	43.12	5.61
1	9	2104	45.98	4575	3394	0.54	1274	0	0	0.00	0.01	54.03
2	2	3252	71.31	4561	3394	0.58	2234	0	0	0.00	0.01	28.70	5.66
2	10	1218	26.64	4571	3394	0.55	715	0	0	0.00	0.00	73.36
3	3	1713	37.40	4580	3394	0.54	1642	0	0	0.00	0.10	62.54	5.70
3	11	2959	64.59	4581	3394	0.55	1713	0	0	0.00	0.09	35.33
4	4	1385	30.23	4580	3394	0.52	1040	0	0	0.00	0.01	69.77	5.72
4	12	3254	71.03	4581	3394	0.55	1734	0	0	0.00	0.08	28.89
5	5	2982	64.99	4588	3394	0.57	1587	1	0	0.00	0.18	34.84	5.77
5	13	1740	37.95	4586	3394	0.54	1160	0	0	0.00	0.01	62.06
6	6	2615	57.27	4566	3394	0.57	1651	0	0	0.00	0.23	42.52	5.60
6	14	1946	42.59	4570	3394	0.54	1346	1	0	0.00	0.01	57.42
7	7	2647	57.76	4584	3394	0.59	1395	0	0	0.00	0.01	42.23	5.84
7	15	2184	47.64	4585	3394	0.55	1399	0	0	0.00	0.04	52.34
Core	CPU	Avg_MHz	Busy%	Bzy_MHz	TSC_MHz	IPC	IRQ	NMI	SMI	POLL%	C1%	C2%	CorWatt	PkgWatt
-	-	2330	50.91	4577	3395	0.55	24747	5	0	0.00	0.05	49.07	45.64	66.97
0	0	1597	35.16	4542	3394	0.50	2093	0	0	0.00	0.01	64.87	5.49	66.94
0	8	2918	63.74	4578	3394	0.54	1727	0	0	0.00	0.16	36.11
1	1	1911	41.99	4551	3394	0.54	1748	0	0	0.00	0.01	58.04	5.51
1	9	2646	57.77	4581	3394	0.55	1598	1	0	0.00	0.00	42.24
2	2	3348	73.56	4552	3394	0.59	2215	1	0	0.00	0.06	26.40	5.73
2	10	1085	23.80	4559	3394	0.59	791	1	0	0.00	0.00	76.21
3	3	809	17.75	4556	3394	0.52	1218	0	0	0.01	0.02	82.26	5.60
3	11	3668	80.10	4579	3394	0.55	1950	0	0	0.00	0.21	19.70
4	4	2194	47.98	4573	3394	0.56	1438	0	0	0.00	0.01	52.02	5.73
4	12	2279	49.72	4583	3394	0.54	1575	0	0	0.00	0.00	50.30
5	5	3671	79.98	4590	3394	0.59	1860	0	0	0.00	0.15	19.88	6.18
5	13	1820	39.59	4597	3394	0.52	1194	1	0	0.00	0.00	60.42
6	6	3237	70.55	4588	3394	0.57	1769	1	0	0.00	0.18	29.28	5.81
6	14	1584	34.50	4591	3394	0.54	1108	0	0	0.00	0.00	65.52
7	7	439	9.64	4557	3394	0.54	388	0	0	0.00	0.00	90.37	5.56
7	15	4062	88.67	4581	3394	0.55	2075	0	0	0.00	0.03	11.30
Core	CPU	Avg_MHz	Busy%	Bzy_MHz	TSC_MHz	IPC	IRQ	NMI	SMI	POLL%	C1%	C2%	CorWatt	PkgWatt
-	-	2333	50.98	4577	3393	0.55	24288	3	0	0.00	0.05	48.98	45.70	66.96
0	0	3035	66.30	4578	3394	0.55	2119	1	0	0.00	0.11	33.62	5.60	66.97
0	8	1489	32.47	4586	3394	0.55	876	0	0	0.00	0.06	67.48
1	1	2463	54.31	4535	3394	0.57	2035	0	0	0.00	0.00	45.71	5.51
1	9	1938	42.34	4577	3394	0.53	1338	0	0	0.00	0.03	57.65
2	2	2360	51.87	4550	3394	0.57	1809	0	0	0.00	0.09	48.06	5.59
2	10	1947	42.57	4573	3394	0.55	1296	0	0	0.00	0.01	57.44
3	3	1068	23.36	4574	3394	0.52	1554	0	0	0.00	0.13	76.55	5.70
3	11	3552	77.53	4581	3394	0.55	1955	1	0	0.00	0.08	22.40
4	4	3093	67.58	4577	3394	0.54	1775	0	0	0.00	0.19	32.25	5.70
4	12	1493	32.61	4578	3394	0.51	1094	0	0	0.00	0.01	67.40
5	5	3295	71.88	4585	3394	0.56	1786	0	0	0.00	0.06	28.07	5.83
5	13	1570	34.23	4586	3394	0.52	1009	0	0	0.00	0.00	65.79
6	6	3123	68.11	4586	3394	0.57	1673	0	0	0.00	0.01	31.89	5.85
6	14	1772	38.60	4591	3394	0.54	1195	0	0	0.00	0.00	61.41
7	7	2446	53.28	4591	3394	0.60	1287	0	0	0.00	0.02	46.71	5.92
7	15	2690	58.66	4586	3394	0.53	1487	1	0	0.00	0.00	41.34
Core	CPU	Avg_MHz	Busy%	Bzy_MHz	TSC_MHz	IPC	IRQ	NMI	SMI	POLL%	C1%	C2%	CorWatt	PkgWatt
-	-	2332	50.99	4574	3393	0.55	24503	1	0	0.00	0.05	48.96	45.62	66.72
0	0	1544	33.73	4579	3394	0.57	2025	0	0	0.00	0.02	66.30	5.73	66.74
0	8	3066	66.94	4581	3394	0.54	1772	0	0	0.00	0.08	33.00
1	1	1655	36.07	4587	3394	0.55	1359	1	0	0.00	0.00	63.95	5.74
1	9	3253	70.99	4582	3394	0.55	1689	0	0	0.00	0.00	29.01
2	2	2329	51.15	4553	3394	0.57	1613	0	0	0.00	0.00	48.86	5.68
2	10	2037	44.53	4574	3394	0.56	1156	0	0	0.00	0.00	55.48
3	3	884	19.41	4553	3394	0.52	1463	0	0	0.00	0.03	80.61	5.65
3	11	3649	79.69	4579	3394	0.55	2005	0	0	0.00	0.21	20.12
4	4	2084	45.68	4562	3394	0.54	1277	0	0	0.00	0.27	54.05	5.88
4	12	2938	64.19	4577	3394	0.55	1676	0	0	0.00	0.11	35.70
5	5	2976	64.92	4584	3394	0.58	1604	0	0	0.00	0.02	35.07	5.87
5	13	1930	42.06	4588	3394	0.52	1232	0	0	0.00	0.00	57.95
6	6	3549	77.86	4558	3394	0.58	2065	0	0	0.00	0.06	22.10	5.38
6	14	628	13.84	4536	3394	0.47	656	0	0	0.00	0.00	86.18
7	7	1777	38.77	4584	3394	0.54	1164	0	0	0.00	0.03	61.21	5.70
7	15	3026	66.05	4582	3394	0.54	1747	0	0	0.00	0.05	33.91
Core	CPU	Avg_MHz	Busy%	Bzy_MHz	TSC_MHz	IPC	IRQ	NMI	SMI	POLL%	C1%	C2%	CorWatt	PkgWatt
-	-	2338	51.05	4580	3394	0.55	24286	2	0	0.00	0.04	48.94	45.88	66.99
0	0	3840	83.92	4576	3394	0.54	2299	0	0	0.00	0.34	15.76	5.61	66.99
0	8	849	18.56	4571	3394	0.42	846	0	0	0.00	0.01	81.44
1	1	2299	50.18	4580	3394	0.58	1909	0	0	0.00	0.02	49.83	5.97
1	9	2949	64.24	4591	3394	0.54	1620	0	0	0.00	0.00	35.77
2	2	2769	60.88	4548	3394	0.56	2118	0	0	0.00	0.00	39.14	5.46
2	10	1351	29.53	4577	3394	0.54	878	0	0	0.00	0.00	70.49
3	3	2144	46.84	4578	3394	0.54	2048	0	0	0.00	0.07	53.12	5.67
3	11	2371	51.76	4581	3394	0.54	1526	0	0	0.00	0.01	48.25
4	4	3055	66.58	4589	3394	0.56	1678	1	0	0.00	0.09	33.35	5.90
4	12	1698	37.03	4586	3394	0.54	1190	1	0	0.00	0.01	62.98
5	5	3178	69.20	4592	3394	0.57	1615	0	0	0.00	0.01	30.78	5.97
5	13	1695	36.94	4588	3394	0.54	1142	0	0	0.00	0.00	63.07
6	6	3717	81.37	4567	3394	0.57	2061	0	0	0.00	0.05	18.59	5.47
6	14	581	12.87	4518	3394	0.48	560	0	0	0.00	0.00	87.15
7	7	2128	46.41	4586	3394	0.57	1278	0	0	0.00	0.05	53.55	5.82
7	15	2772	60.43	4587	3394	0.55	1518	0	0	0.00	0.00	39.57
Core	CPU	Avg_MHz	Busy%	Bzy_MHz	TSC_MHz	IPC	IRQ	NMI	SMI	POLL%	C1%	C2%	CorWatt	PkgWatt
-	-	2351	51.43	4572	3392	0.55	25632	1	0	0.00	0.07	48.50	45.76	67.04
0	0	3292	71.99	4572	3394	0.54	2215	0	0	0.00	0.16	27.88	5.59	67.08
0	8	1368	29.87	4580	3394	0.50	1227	0	0	0.00	0.12	70.03
1	1	3500	76.48	4576	3394	0.57	2292	0	0	0.00	0.04	23.49	5.83
1	9	1351	29.44	4588	3394	0.55	1101	0	0	0.00	0.00	70.57
2	2	2900	63.78	4547	3394	0.57	2189	0	0	0.00	0.10	36.15	5.63
2	10	1451	31.72	4572	3394	0.53	840	0	0	0.00	0.01	68.27
3	3	2373	52.03	4561	3394	0.52	2189	0	0	0.01	0.04	47.95	5.56
3	11	2177	47.60	4574	3394	0.53	1616	0	0	0.00	0.27	52.16
4	4	1291	28.18	4580	3394	0.54	1288	0	0	0.00	0.11	71.75	5.80
4	12	3401	74.25	4580	3394	0.54	1988	0	0	0.00	0.02	25.74
5	5	2139	46.72	4579	3394	0.56	1414	1	0	0.00	0.01	53.29	5.75
5	13	2533	55.28	4582	3394	0.54	1433	0	0	0.00	0.00	44.73
6	6	3513	76.81	4573	3394	0.56	2001	0	0	0.00	0.12	23.07	5.65
6	14	1097	24.02	4567	3394	0.51	912	0	0	0.00	0.00	76.00
7	7	2779	60.62	4584	3394	0.60	1497	0	0	0.00	0.05	39.33	5.98
7	15	2478	54.09	4581	3394	0.53	1430	0	0	0.00	0.00	45.92
Core	CPU	Avg_MHz	Busy%	Bzy_MHz	TSC_MHz	IPC	IRQ	NMI	SMI	POLL%	C1%	C2%	CorWatt	PkgWatt
-	-	2371	51.80	4577	3394	0.55	26164	1	0	0.00	0.07	48.16	46.18	67.42
0	0	1208	26.57	4546	3394	0.53	2184	0	0	0.00	0.07	73.42	5.62	67.40
0	8	3379	73.77	4581	3394	0.54	1870	0	0	0.00	0.10	26.14
1	1	1487	32.43	4585	3394	0.58	1300	0	0	0.00	0.01	67.58	5.85
1	9	3343	72.93	4584	3394	0.55	1983	0	0	0.00	0.11	26.98
2	2	2956	64.87	4556	3394	0.58	1929	0	0	0.00	0.01	35.14	5.74
2	10	1484	32.39	4580	3394	0.55	899	0	0	0.00	0.00	67.61
3	3	2805	61.68	4548	3394	0.56	2368	1	0	0.00	0.09	38.26	5.37
3	11	1307	28.70	4553	3394	0.52	978	0	0	0.00	0.02	71.30
4	4	2213	48.40	4572	3394	0.53	1655	0	0	0.00	0.14	51.48	5.98
4	12	2870	62.56	4587	3394	0.53	1801	0	0	0.00	0.08	37.38
5	5	1580	34.50	4579	3394	0.51	1169	0	0	0.00	0.05	65.46	5.81
5	13	3319	72.40	4584	3394	0.54	2077	0	0	0.00	0.15	27.47
6	6	2758	60.09	4590	3394	0.57	1517	0	0	0.00	0.12	39.80	5.93
6	14	2231	48.66	4585	3394	0.53	1494	0	0	0.00	0.07	51.29
7	7	1063	23.18	4585	3394	0.53	901	0	0	0.00	0.06	76.78	5.85
7	15	3928	85.67	4585	3394	0.55	2039	0	0	0.00	0.00	14.33
Core	CPU	Avg_MHz	Busy%	Bzy_MHz	TSC_MHz	IPC	IRQ	NMI	SMI	POLL%	C1%	C2%	CorWatt	PkgWatt
-	-	2461	53.82	4572	3395	0.53	30054	3	0	0.00	0.14	46.08	46.70	67.56
0	0	1884	41.11	4582	3394	0.52	2665	0	0	0.00	0.34	58.62	5.82	67.53
0	8	3049	66.63	4577	3394	0.54	1831	1	0	0.00	0.11	33.27
1	1	2546	55.50	4587	3394	0.60	2026	0	0	0.00	0.11	44.42	6.18
1	9	3050	66.56	4582	3394	0.53	1722	0	0	0.00	0.04	33.40
2	2	3357	73.72	4554	3394	0.55	2515	0	0	0.00	0.21	26.10	5.86
2	10	1378	30.23	4558	3394	0.53	1088	0	0	0.00	0.13	69.66
3	3	3330	72.97	4563	3394	0.52	2565	0	0	0.00	0.20	26.85	5.63
3	11	1292	28.29	4567	3394	0.50	1518	0	0	0.00	0.15	71.59
4	4	2187	47.81	4575	3394	0.51	1587	0	0	0.00	0.01	52.20	5.86
4	12	2738	59.84	4575	3394	0.51	2062	0	0	0.00	0.31	39.88
5	5	1929	42.31	4560	3394	0.55	1478	0	0	0.00	0.03	57.68	6.08
5	13	3295	71.96	4579	3394	0.55	1923	0	0	0.00	0.08	27.97
6	6	2830	62.02	4563	3394	0.55	1936	1	0	0.00	0.10	37.91	5.80
6	14	1994	43.58	4575	3394	0.51	1646	0	0	0.00	0.14	56.29
7	7	1420	31.24	4546	3394	0.51	1509	0	0	0.00	0.17	68.62	5.46
7	15	3080	67.40	4569	3394	0.53	1983	1	0	0.00	0.14	32.48
Core	CPU	Avg_MHz	Busy%	Bzy_MHz	TSC_MHz	IPC	IRQ	NMI	SMI	POLL%	C1%	C2%	CorWatt	PkgWatt
-	-	2423	53.01	4570	3393	0.54	28105	4	0	0.00	0.11	46.90	46.72	67.68
0	0	875	19.13	4576	3394	0.50	2165	0	0	0.00	0.05	80.89	5.71	67.70
0	8	3780	82.64	4575	3394	0.54	2105	0	0	0.00	0.12	17.26
1	1	1558	33.96	4587	3394	0.58	1069	0	0	0.00	0.03	66.03	6.07
1	9	3715	81.03	4584	3394	0.54	2318	1	0	0.00	0.19	18.80
2	2	2777	61.33	4529	3394	0.58	1888	1	0	0.00	0.30	38.38	5.51
2	10	1448	31.83	4550	3394	0.49	1311	0	0	0.00	0.13	68.06
3	3	2715	59.71	4547	3394	0.54	2438	0	0	0.00	0.14	40.19	5.70
3	11	1971	43.14	4570	3394	0.51	1535	0	0	0.00	0.06	56.84
4	4	2202	48.15	4574	3394	0.52	1679	0	0	0.00	0.04	51.84	5.88
4	12	2626	57.35	4579	3394	0.53	1713	0	0	0.00	0.13	42.54
5	5	2458	53.70	4577	3394	0.56	1663	0	0	0.00	0.12	46.21	6.11
5	13	2610	57.01	4577	3394	0.59	1584	1	0	0.00	0.00	43.00
6	6	2376	51.87	4581	3394	0.55	1425	0	0	0.00	0.08	48.07	5.99
6	14	2786	60.79	4583	3394	0.53	1802	0	0	0.00	0.16	39.07
7	7	2723	59.75	4557	3394	0.54	1838	1	0	0.00	0.14	40.14	5.75
7	15	2146	46.83	4583	3394	0.53	1572	0	0	0.00	0.03	53.16
Core	CPU	Avg_MHz	Busy%	Bzy_MHz	TSC_MHz	IPC	IRQ	NMI	SMI	POLL%	C1%	C2%	CorWatt	PkgWatt
-	-	2338	51.14	4572	3394	0.55	24806	0	0	0.00	0.07	48.82	46.18	67.03
0	0	721	15.71	4585	3394	0.53	2037	0	0	0.00	0.00	84.35	5.80	67.00
0	8	4039	88.23	4577	3394	0.55	2134	0	0	0.00	0.00	11.77
1	1	907	19.81	4580	3394	0.60	806	0	0	0.00	0.00	80.19	5.86
1	9	3893	85.03	4579	3394	0.55	2114	0	0	0.00	0.09	14.89
2	2	3233	70.93	4557	3394	0.56	1892	0	0	0.00	0.00	29.08	5.76
2	10	1261	27.57	4574	3394	0.54	833	0	0	0.00	0.00	72.45
3	3	3804	83.58	4552	3394	0.57	2571	0	0	0.00	0.16	16.27	5.56
3	11	614	13.70	4483	3394	0.45	889	0	0	0.00	0.00	86.33
4	4	1830	40.01	4574	3394	0.53	1316	0	0	0.00	0.04	59.98	5.81
4	12	2834	61.99	4572	3394	0.53	1669	0	0	0.00	0.12	37.90
5	5	2232	48.82	4572	3394	0.54	1429	0	0	0.00	0.06	51.13	5.79
5	13	2453	53.54	4581	3394	0.56	1471	0	0	0.00	0.09	46.38
6	6	1306	28.56	4571	3394	0.52	844	0	0	0.00	0.06	71.39	5.71
6	14	3309	72.27	4580	3394	0.55	1819	0	0	0.00	0.02	27.72
7	7	2746	59.92	4582	3394	0.58	1635	0	0	0.00	0.16	39.94	5.88
7	15	2224	48.53	4581	3394	0.53	1347	0	0	0.00	0.29	51.19
Core	CPU	Avg_MHz	Busy%	Bzy_MHz	TSC_MHz	IPC	IRQ	NMI	SMI	POLL%	C1%	C2%	CorWatt	PkgWatt
-	-	2312	50.61	4568	3392	0.56	24389	2	0	0.00	0.06	49.33	45.85	66.88
0	0	361	8.02	4500	3394	0.42	1887	0	0	0.00	0.00	92.05	5.61	66.93
0	8	4131	90.29	4575	3394	0.55	2211	0	0	0.00	0.19	9.52
1	1	2630	57.55	4570	3394	0.59	1457	0	0	0.00	0.02	42.44	5.79
1	9	2191	47.87	4578	3394	0.55	1301	0	0	0.00	0.00	52.14
2	2	3227	70.78	4559	3394	0.58	2014	0	0	0.00	0.16	29.08	5.87
2	10	1473	32.22	4572	3394	0.53	1059	0	0	0.00	0.00	67.79
3	3	1924	42.26	4554	3394	0.56	1713	0	0	0.00	0.15	57.62	5.60
3	11	2432	53.21	4571	3394	0.55	1403	0	0	0.00	0.03	46.77
4	4	1419	31.13	4557	3394	0.53	1228	0	0	0.00	0.03	68.87	5.79
4	12	3188	69.69	4574	3394	0.55	1778	1	0	0.00	0.27	30.06
5	5	1872	40.97	4570	3394	0.55	1198	0	0	0.00	0.00	59.05	5.76
5	13	2798	61.14	4577	3394	0.55	1694	0	0	0.00	0.07	38.81
6	6	1629	35.51	4587	3394	0.58	964	0	0	0.00	0.06	64.44	5.93
6	14	3279	71.65	4576	3394	0.56	1708	1	0	0.00	0.00	28.36
7	7	737	16.34	4511	3394	0.54	786	0	0	0.00	0.01	83.68	5.54
7	15	3713	81.16	4575	3394	0.55	1988	0	0	0.00	0.00	18.84
Core	CPU	Avg_MHz	Busy%	Bzy_MHz	TSC_MHz	IPC	IRQ	NMI	SMI	POLL%	C1%	C2%	CorWatt	PkgWatt
-	-	2320	50.83	4564	3390	0.55	24843	2	0	0.00	0.03	49.10	45.94	67.01
0	0	1055	23.13	4563	3394	0.49	2070	0	0	0.00	0.00	76.92	5.79	67.06
0	8	3755	82.07	4575	3394	0.55	2055	1	0	0.00	0.04	17.90
1	1	1158	25.35	4568	3394	0.56	1051	0	0	0.00	0.03	74.64	5.89
1	9	3896	85.07	4580	3394	0.55	2015	0	0	0.00	0.01	14.92
2	2	3381	74.32	4548	3394	0.60	2034	0	0	0.00	0.03	25.65	5.71
2	10	911	19.92	4573	3394	0.55	750	0	0	0.00	0.00	80.09
3	3	1856	40.57	4574	3394	0.56	1554	0	0	0.00	0.10	59.35	5.90
3	11	2989	65.30	4578	3394	0.55	1715	1	0	0.00	0.10	34.62
4	4	2555	56.45	4526	3394	0.55	1817	0	0	0.00	0.06	43.51	5.50
4	12	1682	36.80	4571	3394	0.53	1117	0	0	0.00	0.05	63.17
5	5	2305	50.57	4558	3394	0.57	1498	0	0	0.00	0.00	49.44	5.81
5	13	2338	51.07	4578	3394	0.54	1558	0	0	0.00	0.02	48.93
6	6	2163	47.39	4564	3394	0.55	1384	0	0	0.00	0.01	52.61	5.70
6	14	2481	54.20	4578	3394	0.54	1583	0	0	0.00	0.00	45.81
7	7	1409	30.80	4575	3394	0.56	931	0	0	0.00	0.04	69.16	5.70
7	15	3218	70.26	4580	3394	0.55	1711	0	0	0.00	0.00	29.74
Core	CPU	Avg_MHz	Busy%	Bzy_MHz	TSC_MHz	IPC	IRQ	NMI	SMI	POLL%	C1%	C2%	CorWatt	PkgWatt
-	-	2330	50.97	4572	3396	0.55	24373	4	0	0.00	0.03	49.04	46.09	67.18
0	0	1956	43.01	4549	3394	0.54	2210	1	0	0.00	0.05	56.99	5.59	67.15
0	8	2523	55.16	4574	3394	0.54	1513	0	0	0.00	0.01	44.83
1	1	1744	38.12	4577	3394	0.55	1510	1	0	0.00	0.00	61.91	5.77
1	9	3108	67.91	4577	3394	0.55	1683	0	0	0.00	0.00	32.09
2	2	2927	64.52	4537	3394	0.59	1908	0	0	0.00	0.02	35.48	5.70
2	10	1490	32.68	4558	3394	0.53	984	0	0	0.00	0.00	67.33
3	3	3326	72.70	4574	3394	0.57	2237	1	0	0.00	0.08	27.22	5.88
3	11	1277	27.89	4578	3394	0.54	887	0	0	0.00	0.03	72.10
4	4	2821	61.77	4568	3394	0.54	1699	1	0	0.00	0.00	38.25	5.83
4	12	1902	41.53	4580	3394	0.52	1305	0	0	0.00	0.00	58.48
5	5	452	10.08	4481	3394	0.49	965	0	0	0.00	0.00	89.95	5.56
5	13	3910	85.51	4572	3394	0.55	2109	0	0	0.00	0.15	14.34
6	6	1610	35.19	4576	3394	0.57	977	0	0	0.00	0.03	64.79	5.87
6	14	3257	71.17	4576	3394	0.54	1779	0	0	0.00	0.12	28.72
7	7	943	20.65	4568	3394	0.56	543	0	0	0.00	0.00	79.35	5.86
7	15	4014	87.66	4580	3394	0.55	2064	0	0	0.00	0.01	12.34
Core	CPU	Avg_MHz	Busy%	Bzy_MHz	TSC_MHz	IPC	IRQ	NMI	SMI	POLL%	C1%	C2%	CorWatt	PkgWatt
-	-	2331	50.99	4572	3396	0.55	24261	4	0	0.00	0.05	49.01	45.95	66.98
0	0	861	18.80	4578	3394	0.56	1814	0	0	0.00	0.02	81.23	5.74	66.91
0	8	3825	83.56	4578	3394	0.55	2039	0	0	0.00	0.10	16.35
1	1	1321	28.77	4593	3394	0.57	869	0	0	0.00	0.02	71.23	6.01
1	9	4038	88.23	4576	3394	0.54	2018	1	0	0.00	0.00	11.77
2	2	3182	70.13	4538	3394	0.59	2044	1	0	0.00	0.12	29.76	5.42
2	10	722	15.97	4520	3394	0.59	867	1	0	0.00	0.00	84.05
3	3	2064	45.35	4551	3394	0.55	1732	0	0	0.00	0.13	54.55	5.82
3	11	2729	59.61	4579	3394	0.55	1563	0	0	0.00	0.07	40.33
4	4	1539	33.65	4575	3394	0.54	1097	0	0	0.00	0.03	66.34	5.85
4	12	3213	70.22	4576	3394	0.54	1868	0	0	0.00	0.13	29.67
5	5	2422	53.31	4544	3394	0.55	1641	0	0	0.00	0.01	46.69	5.59
5	13	1922	42.07	4569	3394	0.55	1345	0	0	0.00	0.00	57.94
6	6	1496	32.68	4579	3394	0.53	990	0	0	0.00	0.02	67.31	5.72
6	14	3141	68.70	4572	3394	0.55	1715	0	0	0.00	0.07	31.23
7	7	1004	21.91	4581	3394	0.57	678	0	0	0.00	0.00	78.10	5.75
7	15	3789	82.84	4574	3394	0.55	1981	1	0	0.00	0.00	17.17
Core	CPU	Avg_MHz	Busy%	Bzy_MHz	TSC_MHz	IPC	IRQ	NMI	SMI	POLL%	C1%	C2%	CorWatt	PkgWatt
-	-	2337	51.22	4563	3391	0.55	25046	1	0	0.00	0.07	48.70	46.08	66.96
0	0	1436	31.38	4575	3394	0.53	1996	0	0	0.00	0.04	68.63	5.73	67.14
0	8	3281	71.75	4573	3394	0.54	1899	0	0	0.00	0.12	28.15
1	1	1531	33.49	4570	3394	0.54	1294	0	0	0.00	0.00	66.53	5.75
1	9	3288	71.81	4579	3394	0.55	1780	0	0	0.00	0.04	28.15
2	2	2989	65.88	4537	3394	0.59	1976	0	0	0.00	0.16	33.98	5.63
2	10	1260	27.75	4540	3394	0.55	1123	0	0	0.00	0.01	72.25
3	3	1964	43.02	4566	3394	0.55	1801	0	0	0.00	0.21	56.80	5.99
3	11	3119	68.18	4575	3394	0.54	1714	0	0	0.00	0.14	31.69
4	4	1107	24.23	4570	3394	0.55	933	0	0	0.00	0.01	75.78	5.90
4	12	3663	80.10	4573	3394	0.54	2006	0	0	0.00	0.19	19.72
5	5	2273	50.10	4537	3394	0.55	1517	1	0	0.00	0.08	49.83	5.51
5	13	1973	43.23	4564	3394	0.53	1308	0	0	0.00	0.01	56.77
6	6	1500	32.88	4563	3394	0.55	1026	0	0	0.00	0.00	67.14	5.80
6	14	3178	69.44	4577	3394	0.54	1900	0	0	0.00	0.11	30.47
7	7	2217	48.46	4574	3394	0.57	1255	0	0	0.00	0.02	51.53	5.80
7	15	2642	57.75	4575	3394	0.54	1518	0	0	0.00	0.00	42.26
Core	CPU	Avg_MHz	Busy%	Bzy_MHz	TSC_MHz	IPC	IRQ	NMI	SMI	POLL%	C1%	C2%	CorWatt	PkgWatt
-	-	2350	51.42	4569	3396	0.55	25296	2	0	0.00	0.07	48.56	46.27	67.06
0	0	1231	26.91	4574	3394	0.52	2233	0	0	0.00	0.10	73.05	5.68	66.88
0	8	3367	73.65	4572	3394	0.55	1943	0	0	0.00	0.01	26.36
1	1	1190	25.98	4581	3394	0.56	1308	0	0	0.00	0.01	74.04	5.72
1	9	3551	77.66	4572	3394	0.54	1897	0	0	0.00	0.10	22.25
2	2	3418	75.41	4532	3394	0.57	2140	0	0	0.00	0.54	24.07	5.55
2	10	840	18.47	4548	3394	0.44	794	0	0	0.00	0.03	81.52
3	3	1830	40.27	4545	3394	0.54	1720	0	0	0.00	0.05	59.71	5.71
3	11	2751	60.18	4572	3394	0.55	1636	0	0	0.00	0.12	39.71
4	4	1931	42.52	4542	3394	0.58	1285	0	0	0.00	0.01	57.48	5.86
4	12	2609	57.12	4568	3394	0.54	1690	0	0	0.00	0.12	42.77
5	5	2418	52.89	4573	3394	0.56	1534	0	0	0.00	0.02	47.11	5.86
5	13	2330	50.92	4576	3394	0.55	1508	1	0	0.00	0.01	49.08
6	6	1175	25.69	4574	3394	0.52	762	0	0	0.00	0.00	74.32	5.75
6	14	3512	76.82	4572	3394	0.55	1940	1	0	0.00	0.04	23.15
7	7	2244	49.00	4580	3394	0.58	1189	0	0	0.00	0.00	51.00	6.10
7	15	3168	69.24	4576	3394	0.54	1717	0	0	0.00	0.01	30.76
Core	CPU	Avg_MHz	Busy%	Bzy_MHz	TSC_MHz	IPC	IRQ	NMI	SMI	POLL%	C1%	C2%	CorWatt	PkgWatt
-	-	2327	50.98	4565	3393	0.55	24277	2	0	0.00	0.02	49.01	46.06	66.98
0	0	2254	49.28	4575	3394	0.54	2096	0	0	0.00	0.00	50.76	5.78	66.98
0	8	2569	56.14	4576	3394	0.54	1610	0	0	0.00	0.01	43.87
1	1	2087	45.60	4577	3394	0.55	1664	0	0	0.00	0.02	54.40	5.96
1	9	3242	70.87	4575	3394	0.54	1806	0	0	0.00	0.00	29.14
2	2	3494	76.91	4543	3394	0.59	2261	0	0	0.00	0.09	23.01	5.66
2	10	740	16.20	4565	3394	0.55	717	0	0	0.00	0.00	83.81
3	3	1234	27.12	4552	3394	0.57	1302	0	0	0.00	0.05	72.87	5.76
3	11	3350	73.25	4574	3394	0.54	1807	0	0	0.00	0.08	26.68
4	4	1691	37.33	4529	3394	0.57	1177	0	0	0.00	0.01	62.67	5.72
4	12	2696	59.03	4568	3394	0.55	1643	1	0	0.00	0.00	40.98
5	5	464	10.14	4572	3394	0.56	376	0	0	0.00	0.00	89.87	5.78
5	13	4139	90.53	4572	3394	0.55	2162	0	0	0.00	0.00	9.47
6	6	1770	38.74	4570	3394	0.52	1087	1	0	0.00	0.01	61.27	5.84
6	14	3001	65.62	4574	3394	0.56	1652	0	0	0.00	0.04	34.36
7	7	1691	37.43	4518	3394	0.54	1310	0	0	0.00	0.01	62.58	5.56
7	15	2812	61.51	4572	3394	0.54	1607	0	0	0.00	0.07	38.43
Core	CPU	Avg_MHz	Busy%	Bzy_MHz	TSC_MHz	IPC	IRQ	NMI	SMI	POLL%	C1%	C2%	CorWatt	PkgWatt
-	-	2331	51.05	4567	3393	0.55	23956	3	0	0.00	0.03	48.94	46.18	66.97
0	0	2286	50.01	4571	3394	0.54	2022	0	0	0.00	0.00	50.03	5.74	66.98
0	8	2547	55.75	4568	3394	0.53	1427	1	0	0.00	0.00	44.26
1	1	2354	51.55	4567	3394	0.56	1578	0	0	0.00	0.00	48.45	5.82
1	9	2443	53.45	4570	3394	0.55	1445	0	0	0.00	0.00	46.56
2	2	2115	46.48	4551	3394	0.55	1830	0	0	0.00	0.07	53.48	5.75
2	10	2302	50.44	4564	3394	0.56	1445	0	0	0.00	0.00	49.57
3	3	1971	43.17	4567	3394	0.53	1659	0	0	0.00	0.13	56.73	5.86
3	11	2905	63.62	4567	3394	0.55	1709	1	0	0.00	0.00	36.40
4	4	949	20.78	4566	3394	0.52	954	0	0	0.00	0.03	79.22	5.76
4	12	3622	79.31	4566	3394	0.54	2021	0	0	0.00	0.07	20.63
5	5	1866	40.89	4563	3394	0.55	1038	0	0	0.00	0.00	59.12	5.75
5	13	2684	58.75	4569	3394	0.55	1541	0	0	0.00	0.00	41.25
6	6	3465	75.90	4565	3394	0.54	1861	0	0	0.00	0.12	23.98	5.67
6	14	1149	25.12	4574	3394	0.51	867	0	0	0.00	0.00	74.89
7	7	4100	89.66	4573	3394	0.61	2112	1	0	0.00	0.01	10.34	5.82
7	15	542	11.85	4573	3394	0.49	447	0	0	0.00	0.02	88.13
Core	CPU	Avg_MHz	Busy%	Bzy_MHz	TSC_MHz	IPC	IRQ	NMI	SMI	POLL%	C1%	C2%	CorWatt	PkgWatt
-	-	2328	50.99	4567	3393	0.55	24069	1	0	0.00	0.04	48.98	46.19	67.12
0	0	2766	60.57	4567	3394	0.52	2127	0	0	0.00	0.00	39.46	5.62	67.12
0	8	1968	43.08	4567	3394	0.51	1233	0	0	0.00	0.17	56.76
1	1	3340	73.11	4568	3394	0.55	2043	0	0	0.00	0.10	26.80	5.70
1	9	1300	28.43	4573	3394	0.55	890	1	0	0.00	0.01	71.57
2	2	2085	45.71	4561	3394	0.55	1812	0	0	0.01	0.00	54.32	5.80
2	10	2447	53.60	4565	3394	0.55	1445	0	0	0.00	0.00	46.41
3	3	2405	52.67	4566	3394	0.54	1859	0	0	0.00	0.16	47.20	5.80
3	11	2396	52.49	4564	3394	0.54	1519	0	0	0.00	0.00	47.53
4	4	1942	42.55	4564	3394	0.56	1281	0	0	0.00	0.15	57.33	5.81
4	12	2643	57.89	4565	3394	0.54	1683	0	0	0.00	0.04	42.09
5	5	1792	39.38	4550	3394	0.56	1157	0	0	0.00	0.00	60.63	5.75
5	13	2667	58.40	4567	3394	0.56	1540	0	0	0.00	0.00	41.61
6	6	3241	70.98	4566	3394	0.56	1766	0	0	0.00	0.00	29.03	5.73
6	14	1301	28.48	4568	3394	0.54	1073	0	0	0.00	0.00	71.54
7	7	3828	83.52	4583	3394	0.61	1844	0	0	0.00	0.04	16.45	5.98
7	15	1142	24.94	4580	3394	0.51	797	0	0	0.00	0.00	75.08
Core	CPU	Avg_MHz	Busy%	Bzy_MHz	TSC_MHz	IPC	IRQ	NMI	SMI	POLL%	C1%	C2%	CorWatt	PkgWatt
-	-	2327	50.98	4566	3394	0.55	23708	1	0	0.00	0.06	48.98	46.08	66.94
0	0	3685	80.54	4576	3394	0.57	2211	0	0	0.00	0.22	19.26	5.85	66.96
0	8	1025	22.43	4570	3394	0.54	692	0	0	0.00	0.00	77.58
1	1	1059	23.23	4561	3394	0.56	1529	0	0	0.00	0.02	76.79	5.86
1	9	3986	87.17	4572	3394	0.55	2042	0	0	0.00	0.00	12.83
2	2	3387	74.54	4544	3394	0.57	1976	1	0	0.00	0.09	25.38	5.63
2	10	934	20.44	4570	3394	0.48	734	0	0	0.00	0.00	79.57
3	3	2715	59.78	4541	3394	0.55	1908	0	0	0.00	0.09	40.15	5.61
3	11	1689	37.00	4564	3394	0.54	991	0	0	0.00	0.00	63.01
4	4	982	21.50	4568	3394	0.51	984	0	0	0.00	0.01	78.52	5.78
4	12	3657	80.03	4569	3394	0.54	1999	0	0	0.00	0.19	19.79
5	5	789	17.41	4529	3394	0.52	1101	0	0	0.00	0.08	82.54	5.65
5	13	3640	79.70	4567	3394	0.55	2021	0	0	0.00	0.20	20.11
6	6	1937	42.38	4571	3394	0.55	1096	0	0	0.00	0.00	57.63	5.83
6	14	2786	60.92	4573	3394	0.55	1556	0	0	0.00	0.00	39.09
7	7	3114	68.08	4574	3394	0.57	1608	0	0	0.00	0.00	31.91	5.88
7	15	1854	40.50	4578	3394	0.53	1260	0	0	0.00	0.04	59.48
Core	CPU	Avg_MHz	Busy%	Bzy_MHz	TSC_MHz	IPC	IRQ	NMI	SMI	POLL%	C1%	C2%	CorWatt	PkgWatt
-	-	2346	51.44	4561	3391	0.55	26246	4	0	0.00	0.08	48.46	46.22	67.03
0	0	3502	76.57	4573	3394	0.56	2204	1	0	0.00	0.20	23.25	5.81	67.13
0	8	1288	28.19	4570	3394	0.53	1051	0	0	0.00	0.00	71.83
1	1	2570	56.22	4572	3394	0.53	1897	0	0	0.00	0.00	43.80	5.74
1	9	2354	51.52	4568	3394	0.52	1477	0	0	0.00	0.01	48.48
2	2	2753	60.65	4539	3394	0.56	2161	0	0	0.00	0.13	39.25	5.66
2	10	1630	35.70	4565	3394	0.53	1310	0	0	0.00	0.09	64.23
3	3	2652	58.08	4566	3394	0.54	2210	1	0	0.00	0.15	41.80	5.74
3	11	1936	42.39	4566	3394	0.54	1388	0	0	0.00	0.08	57.55
4	4	1577	34.55	4564	3394	0.53	1393	0	0	0.00	0.05	65.43	5.83
4	12	3093	67.73	4567	3394	0.54	1819	0	0	0.00	0.06	32.22
5	5	1580	34.57	4570	3394	0.54	1386	0	0	0.00	0.00	65.46	5.89
5	13	3300	72.20	4570	3394	0.54	1917	1	0	0.00	0.17	27.64
6	6	2959	64.80	4566	3394	0.57	1668	0	0	0.00	0.11	35.10	5.72
6	14	1615	35.46	4554	3394	0.54	1111	0	0	0.00	0.01	64.54
7	7	2145	47.11	4552	3394	0.55	1713	0	0	0.00	0.02	52.89	5.88
7	15	2620	57.28	4575	3394	0.58	1541	1	0	0.00	0.13	42.59
Core	CPU	Avg_MHz	Busy%	Bzy_MHz	TSC_MHz	IPC	IRQ	NMI	SMI	POLL%	C1%	C2%	CorWatt	PkgWatt
-	-	2337	51.14	4570	3397	0.55	24856	2	0	0.00	0.06	48.87	46.34	67.15
0	0	3485	76.29	4568	3394	0.56	2211	0	0	0.00	0.14	23.59	5.88	67.02
0	8	1432	31.31	4575	3394	0.53	1077	0	0	0.00	0.01	68.71
1	1	903	19.75	4570	3394	0.50	1871	1	0	0.00	0.02	80.29	5.68
1	9	3749	82.13	4565	3394	0.55	2027	0	0	0.00	0.09	17.79
2	2	2659	58.48	4547	3394	0.56	1907	0	0	0.00	0.01	41.53	5.81
2	10	1921	42.10	4563	3394	0.54	1128	0	0	0.00	0.01	57.90
3	3	1377	30.20	4561	3394	0.54	1509	0	0	0.00	0.07	69.76	5.79
3	11	3213	70.33	4568	3394	0.56	1888	0	0	0.00	0.00	29.68
4	4	1311	28.69	4570	3394	0.53	994	0	0	0.00	0.07	71.27	5.83
4	12	3319	72.70	4565	3394	0.55	1750	1	0	0.00	0.11	27.20
5	5	1710	37.40	4572	3394	0.56	1050	0	0	0.00	0.09	62.52	5.83
5	13	2949	64.58	4566	3394	0.55	1642	0	0	0.00	0.02	35.41
6	6	2820	61.97	4551	3394	0.55	1754	0	0	0.00	0.29	37.75	5.63
6	14	1711	37.55	4558	3394	0.52	1170	0	0	0.00	0.00	62.46
7	7	3504	76.54	4578	3394	0.59	1777	0	0	0.00	0.05	23.42	5.85
7	15	1294	28.26	4577	3394	0.52	1101	0	0	0.00	0.00	71.76
Core	CPU	Avg_MHz	Busy%	Bzy_MHz	TSC_MHz	IPC	IRQ	NMI	SMI	POLL%	C1%	C2%	CorWatt	PkgWatt
-	-	2335	51.18	4561	3391	0.55	25628	2	0	0.00	0.06	48.74	46.16	67.01
0	0	1813	39.64	4573	3394	0.55	2035	0	0	0.00	0.01	60.39	5.97	67.14
0	8	3272	71.62	4569	3394	0.54	1901	0	0	0.00	0.02	28.37
1	1	1488	32.81	4536	3394	0.53	1525	0	0	0.00	0.03	67.19	5.66
1	9	3187	69.71	4571	3394	0.55	1837	0	0	0.00	0.21	30.09
2	2	3107	68.45	4539	3394	0.57	2109	0	0	0.00	0.05	31.52	5.62
2	10	1144	25.17	4547	3394	0.52	1035	0	0	0.00	0.12	74.74
3	3	3008	65.84	4568	3394	0.54	2203	0	0	0.00	0.16	34.02	5.80
3	11	1724	37.70	4572	3394	0.52	1354	0	0	0.00	0.04	62.29
4	4	1489	32.55	4574	3394	0.54	1210	0	0	0.00	0.05	67.43	5.94
4	12	3304	72.27	4572	3394	0.54	1787	0	0	0.00	0.00	27.74
5	5	2532	55.46	4566	3394	0.56	1395	0	0	0.00	0.10	44.45	5.78
5	13	2166	47.36	4574	3394	0.53	1345	0	0	0.00	0.06	52.60
6	6	2024	44.47	4551	3394	0.53	1438	1	0	0.00	0.02	55.53	5.65
6	14	2462	53.94	4565	3394	0.54	1441	0	0	0.00	0.08	45.99
7	7	2070	45.29	4570	3394	0.57	1377	1	0	0.00	0.03	54.68	5.78
7	15	2592	56.69	4573	3394	0.55	1636	0	0	0.00	0.01	43.32
Core	CPU	Avg_MHz	Busy%	Bzy_MHz	TSC_MHz	IPC	IRQ	NMI	SMI	POLL%	C1%	C2%	CorWatt	PkgWatt
-	-	2341	51.31	4563	3395	0.55	26374	3	0	0.00	0.04	48.70	46.43	67.36
0	0	2505	55.10	4546	3394	0.54	2182	0	0	0.00	0.02	44.92	5.66	67.26
0	8	2018	44.27	4559	3394	0.55	1364	0	0	0.00	0.00	55.75
1	1	1633	35.69	4574	3394	0.54	1691	0	0	0.00	0.05	64.29	6.01
1	9	3666	80.12	4575	3394	0.54	2132	1	0	0.00	0.10	19.79
2	2	3104	68.41	4537	3394	0.57	2172	0	0	0.00	0.05	31.56	5.68
2	10	1190	26.09	4561	3394	0.58	1056	0	0	0.00	0.03	73.89
3	3	2325	50.96	4562	3394	0.55	2071	0	0	0.00	0.14	48.92	5.80
3	11	2314	50.65	4568	3394	0.54	1525	0	0	0.00	0.02	49.34
4	4	2416	53.37	4527	3394	0.56	1884	1	0	0.00	0.09	46.56	5.78
4	12	2220	48.57	4570	3394	0.51	1423	0	0	0.00	0.02	51.43
5	5	1740	38.12	4564	3394	0.57	1305	0	0	0.00	0.05	61.85	5.91
5	13	2920	63.94	4566	3394	0.54	1834	0	0	0.00	0.01	36.07
6	6	1873	40.96	4573	3394	0.55	1214	0	0	0.00	0.00	59.04	5.86
6	14	2875	62.91	4569	3394	0.55	1759	1	0	0.00	0.00	37.10
7	7	1343	29.45	4559	3394	0.53	915	0	0	0.00	0.00	70.56	5.70
7	15	3297	72.20	4567	3394	0.54	1847	0	0	0.00	0.04	27.77
Core	CPU	Avg_MHz	Busy%	Bzy_MHz	TSC_MHz	IPC	IRQ	NMI	SMI	POLL%	C1%	C2%	CorWatt	PkgWatt
-	-	2328	50.98	4566	3394	0.55	24452	2	0	0.00	0.05	49.00	46.13	67.00
0	0	3253	71.37	4557	3394	0.57	2128	0	0	0.00	0.07	28.58	5.66	66.96
0	8	1329	29.13	4561	3394	0.52	965	0	0	0.00	0.00	70.89
1	1	1520	33.21	4577	3394	0.52	1817	0	0	0.00	0.03	66.80	5.89
1	9	3619	79.18	4570	3394	0.55	2010	0	0	0.00	0.01	20.81
2	2	3465	76.22	4546	3394	0.57	2190	1	0	0.00	0.19	23.60	5.54
2	10	751	16.49	4553	3394	0.48	813	0	0	0.00	0.00	83.54
3	3	2497	54.71	4564	3394	0.54	2064	0	0	0.00	0.16	45.16	5.76
3	11	2136	46.76	4567	3394	0.53	1545	0	0	0.00	0.20	53.06
4	4	1611	35.24	4571	3394	0.54	1212	0	0	0.00	0.01	64.77	5.85
4	12	3050	66.74	4570	3394	0.55	1785	0	0	0.00	0.09	33.19
5	5	1120	24.58	4556	3394	0.53	866	1	0	0.00	0.00	75.44	5.78
5	13	3482	76.23	4567	3394	0.55	1976	0	0	0.00	0.00	23.77
6	6	956	20.93	4567	3394	0.54	532	0	0	0.00	0.00	79.07	5.77
6	14	3676	80.48	4568	3394	0.55	1965	0	0	0.00	0.00	19.53
7	7	672	14.70	4571	3394	0.63	435	0	0	0.00	0.00	85.29	5.88
7	15	4099	89.69	4570	3394	0.56	2149	0	0	0.00	0.08	10.24
Core	CPU	Avg_MHz	Busy%	Bzy_MHz	TSC_MHz	IPC	IRQ	NMI	SMI	POLL%	C1%	C2%	CorWatt	PkgWatt
-	-	2328	51.00	4564	3393	0.55	24425	2	0	0.00	0.02	48.98	46.38	67.06
0	0	4091	89.73	4559	3394	0.58	2237	1	0	0.00	0.00	10.27	5.71	67.08
0	8	313	7.01	4464	3394	0.45	661	0	0	0.00	0.00	93.01
1	1	464	10.16	4567	3394	0.49	1901	0	0	0.00	0.00	89.91	5.70
1	9	4149	90.83	4568	3394	0.55	2160	0	0	0.00	0.01	9.17
2	2	3193	70.23	4546	3394	0.55	2105	0	0	0.00	0.00	29.79	5.56
2	10	1032	22.83	4522	3394	0.51	1017	0	0	0.00	0.00	77.20
3	3	2591	56.75	4566	3394	0.54	2028	0	0	0.00	0.06	43.21	5.80
3	11	2034	44.50	4571	3394	0.53	1415	1	0	0.00	0.01	55.52
4	4	2581	56.57	4563	3394	0.55	1557	0	0	0.00	0.16	43.28	5.85
4	12	2017	44.15	4568	3394	0.54	1296	0	0	0.00	0.00	55.86
5	5	875	19.15	4572	3394	0.51	642	0	0	0.00	0.00	80.86	5.79
5	13	3723	81.51	4567	3394	0.55	1994	0	0	0.00	0.02	18.48
6	6	1665	36.41	4574	3394	0.54	982	0	0	0.00	0.01	63.59	5.75
6	14	2902	63.59	4564	3394	0.55	1621	0	0	0.00	0.00	36.42
7	7	1039	22.64	4590	3394	0.52	627	0	0	0.00	0.06	77.30	6.23
7	15	4583	99.99	4584	3394	0.60	2182	0	0	0.00	0.02	0.00
Core	CPU	Avg_MHz	Busy%	Bzy_MHz	TSC_MHz	IPC	IRQ	NMI	SMI	POLL%	C1%	C2%	CorWatt	PkgWatt
-	-	2327	51.00	4563	3393	0.55	24196	3	0	0.00	0.03	48.98	46.46	67.37
0	0	2477	54.32	4559	3394	0.56	2159	0	0	0.00	0.08	45.64	5.72	67.38
0	8	2107	46.17	4564	3394	0.54	1473	0	0	0.00	0.04	53.81
1	1	750	16.39	4574	3394	0.53	1340	0	0	0.00	0.00	83.65	5.75
1	9	3946	86.35	4570	3394	0.55	2101	0	0	0.00	0.01	13.65
2	2	2675	58.86	4544	3394	0.58	1789	0	0	0.00	0.03	41.13	5.86
2	10	1824	40.01	4559	3394	0.56	1173	1	0	0.00	0.00	60.00
3	3	2660	58.31	4562	3394	0.55	1841	0	0	0.00	0.13	41.56	5.92
3	11	2122	46.42	4572	3394	0.53	1368	0	0	0.00	0.00	53.60
4	4	1399	30.59	4574	3394	0.55	821	0	0	0.00	0.03	69.39	5.88
4	12	3217	70.39	4570	3394	0.55	1706	0	0	0.00	0.00	29.61
5	5	1378	30.10	4579	3394	0.55	934	0	0	0.00	0.00	69.91	5.84
5	13	3253	71.24	4566	3394	0.55	1796	1	0	0.00	0.01	28.76
6	6	2012	44.60	4512	3394	0.55	1512	0	0	0.00	0.00	55.42	5.42
6	14	2087	45.72	4563	3394	0.55	1200	0	0	0.00	0.01	54.28
7	7	1935	42.31	4575	3394	0.55	1129	0	0	0.00	0.04	57.66	6.07
7	15	3390	74.19	4569	3394	0.54	1854	1	0	0.00	0.14	25.67
Core	CPU	Avg_MHz	Busy%	Bzy_MHz	TSC_MHz	IPC	IRQ	NMI	SMI	POLL%	C1%	C2%	CorWatt	PkgWatt
-	-	2385	52.27	4562	3394	0.53	30246	3	0	0.00	0.10	47.66	47.00	67.96
0	0	2844	63.07	4510	3394	0.54	2487	0	0	0.00	0.32	36.66	5.03	67.94
0	8	770	17.64	4367	3394	0.44	1937	1	0	0.01	0.29	82.13
1	1	2726	59.33	4594	3394	0.53	2276	0	0	0.00	0.02	40.68	6.90
1	9	4254	92.62	4593	3394	0.58	2082	0	0	0.00	0.01	7.37
2	2	2295	51.01	4500	3394	0.51	2638	0	0	0.01	0.29	48.75	5.51
2	10	1837	40.32	4556	3394	0.55	1628	0	0	0.00	0.05	59.66
3	3	1676	36.80	4554	3394	0.51	1805	1	0	0.00	0.16	63.09	5.83
3	11	2896	63.38	4569	3394	0.53	1976	0	0	0.00	0.02	36.62
4	4	754	16.49	4574	3394	0.49	847	0	0	0.00	0.03	83.51	5.98
4	12	3926	85.85	4574	3394	0.54	2326	1	0	0.00	0.06	14.11
5	5	2587	56.52	4576	3394	0.54	1757	0	0	0.00	0.09	43.41	6.03
5	13	2308	50.46	4573	3394	0.53	1960	0	0	0.00	0.07	49.48
6	6	2553	55.94	4563	3394	0.52	1786	0	0	0.00	0.01	44.07	5.79
6	14	2024	44.28	4570	3394	0.54	1463	0	0	0.00	0.12	55.63
7	7	1455	31.77	4579	3394	0.52	1402	0	0	0.00	0.07	68.18	5.93
7	15	3242	70.87	4575	3394	0.55	1876	0	0	0.00	0.02	29.13
Core	CPU	Avg_MHz	Busy%	Bzy_MHz	TSC_MHz	IPC	IRQ	NMI	SMI	POLL%	C1%	C2%	CorWatt	PkgWatt
-	-	2351	51.61	4556	3389	0.54	28256	1	0	0.00	0.04	48.31	46.66	67.74
0	0	1698	37.27	4555	3394	0.56	1958	0	0	0.00	0.16	62.62	5.75	67.86
0	8	2930	64.18	4565	3394	0.53	2193	0	0	0.00	0.01	35.83
1	1	1138	24.94	4561	3394	0.54	1355	0	0	0.00	0.00	75.09	5.82
1	9	3696	80.93	4567	3394	0.55	1902	1	0	0.00	0.03	19.04
2	2	3432	75.35	4554	3394	0.55	2167	0	0	0.00	0.01	24.66	5.85
2	10	1120	24.57	4560	3394	0.52	1350	0	0	0.00	0.01	75.46
3	3	2992	65.51	4567	3394	0.55	2160	0	0	0.00	0.10	34.41	5.79
3	11	1561	34.14	4572	3394	0.53	1086	0	0	0.00	0.08	65.80
4	4	1836	40.55	4526	3394	0.54	1382	0	0	0.00	0.06	59.40	5.77
4	12	2561	56.13	4562	3394	0.54	1690	0	0	0.00	0.01	43.88
5	5	2094	45.80	4571	3394	0.56	1242	0	0	0.00	0.04	54.17	6.11
5	13	3137	68.65	4570	3394	0.53	2356	0	0	0.00	0.05	31.31
6	6	2634	57.71	4564	3394	0.53	1615	0	0	0.00	0.03	42.26	5.87
6	14	2081	45.56	4568	3394	0.55	1704	0	0	0.00	0.01	54.45
7	7	1589	34.92	4549	3394	0.50	1969	0	0	0.00	0.03	65.10	5.78
7	15	3174	69.49	4567	3394	0.53	2127	0	0	0.00	0.03	30.50
Core	CPU	Avg_MHz	Busy%	Bzy_MHz	TSC_MHz	IPC	IRQ	NMI	SMI	POLL%	C1%	C2%	CorWatt	PkgWatt
-	-	2350	51.41	4570	3398	0.54	26058	0	0	0.00	0.05	48.62	46.62	67.40
0	0	1540	33.71	4570	3394	0.51	2007	0	0	0.00	0.01	66.33	5.85	67.28
0	8	3423	74.97	4566	3394	0.53	2004	0	0	0.00	0.12	24.92
1	1	996	21.77	4573	3394	0.59	1316	0	0	0.00	0.01	78.25	5.86
1	9	3703	81.09	4567	3394	0.55	2032	0	0	0.00	0.00	18.91
2	2	3019	66.28	4554	3394	0.55	2145	0	0	0.00	0.07	33.67	5.81
2	10	1470	32.29	4552	3394	0.52	1204	0	0	0.00	0.04	67.68
3	3	1781	39.05	4560	3394	0.53	1753	0	0	0.00	0.11	60.87	5.84
3	11	2838	62.17	4564	3394	0.54	1742	0	0	0.00	0.01	37.84
4	4	2081	45.58	4566	3394	0.54	1270	0	0	0.00	0.09	54.34	5.84
4	12	2469	54.10	4564	3394	0.54	1634	0	0	0.00	0.07	45.86
5	5	2208	48.53	4549	3394	0.54	1427	0	0	0.00	0.13	51.35	5.74
5	13	2271	49.72	4568	3394	0.54	1665	0	0	0.00	0.00	50.30
6	6	3011	65.95	4566	3394	0.53	1575	0	0	0.00	0.13	33.92	5.78
6	14	1806	39.53	4569	3394	0.50	1351	0	0	0.00	0.00	60.50
7	7	3668	80.17	4575	3394	0.58	1937	0	0	0.00	0.01	19.83	5.83
7	15	1267	27.72	4569	3394	0.49	996	0	0	0.00	0.01	72.29
Core	CPU	Avg_MHz	Busy%	Bzy_MHz	TSC_MHz	IPC	IRQ	NMI	SMI	POLL%	C1%	C2%	CorWatt	PkgWatt
-	-	2339	51.28	4561	3394	0.54	25597	2	0	0.00	0.05	48.70	46.35	67.43
0	0	1538	33.74	4558	3394	0.52	2271	0	0	0.00	0.06	66.26	5.74	67.43
0	8	3224	70.64	4564	3394	0.53	1881	0	0	0.00	0.04	29.33
1	1	1870	41.07	4553	3394	0.54	1524	0	0	0.00	0.02	58.94	5.72
1	9	2840	62.17	4568	3394	0.54	1693	0	0	0.00	0.01	37.83
2	2	2821	62.20	4536	3394	0.54	2063	1	0	0.00	0.11	37.71	5.59
2	10	1509	33.14	4553	3394	0.52	1251	0	0	0.00	0.01	66.88
3	3	2619	57.69	4539	3394	0.54	2349	0	0	0.00	0.09	42.26	5.73
3	11	1848	40.60	4552	3394	0.55	1485	0	0	0.00	0.17	59.27
4	4	1455	31.86	4569	3394	0.55	950	0	0	0.00	0.09	68.06	5.89
4	12	3212	70.32	4567	3394	0.54	1766	0	0	0.00	0.04	29.65
5	5	1693	37.06	4569	3394	0.57	928	0	0	0.00	0.04	62.90	5.90
5	13	3074	67.31	4568	3394	0.53	1938	0	0	0.00	0.00	32.71
6	6	1775	38.88	4566	3394	0.55	1127	0	0	0.00	0.00	61.13	5.79
6	14	2764	60.58	4563	3394	0.55	1677	1	0	0.00	0.00	39.43
7	7	1345	29.38	4579	3394	0.57	725	0	0	0.00	0.04	70.59	5.98
7	15	3826	83.78	4567	3394	0.54	1969	0	0	0.00	0.00	16.22
Core	CPU	Avg_MHz	Busy%	Bzy_MHz	TSC_MHz	IPC	IRQ	NMI	SMI	POLL%	C1%	C2%	CorWatt	PkgWatt
-	-	911	20.04	4547	3394	0.56	12818	1	0	0.00	0.05	79.93	19.96	38.77
0	0	836	18.34	4559	3394	0.55	909	0	0	0.00	0.00	81.68	2.43	38.75
0	8	963	21.13	4559	3394	0.58	666	0	0	0.00	0.10	78.77
1	1	830	18.26	4543	3394	0.56	554	0	0	0.00	0.00	81.74	2.36
1	9	932	20.45	4558	3394	0.55	578	0	0	0.00	0.00	79.55
2	2	598	13.27	4504	3394	0.54	1071	0	0	0.00	0.17	86.59	2.53
2	10	1146	25.21	4547	3394	0.55	970	0	0	0.00	0.10	74.71
3	3	1157	25.42	4550	3394	0.54	1215	0	0	0.03	0.07	74.53	2.42
3	11	637	13.98	4555	3394	0.54	544	0	0	0.00	0.00	86.03
4	4	729	16.03	4544	3394	0.54	551	0	0	0.00	0.00	83.98	2.46
4	12	1136	24.89	4562	3394	0.54	773	0	0	0.00	0.09	75.02
5	5	1240	27.16	4563	3394	0.53	711	0	0	0.00	0.00	72.83	2.47
5	13	580	12.79	4537	3394	0.50	818	0	0	0.00	0.00	87.24
6	6	931	20.40	4565	3394	0.55	645	1	0	0.00	0.03	79.58	2.47
6	14	869	19.30	4502	3394	0.54	905	0	0	0.00	0.00	80.72
7	7	1707	37.34	4572	3394	0.67	956	0	0	0.00	0.14	62.51	2.83
7	15	290	6.70	4324	3394	0.53	952	0	0	0.00	0.09	93.22
