turbostat version 2025.09.09 - Len Brown <lenb@kernel.org>
Kernel command line: BOOT_IMAGE=/boot/vmlinuz-6.17.0-35-generic root=UUID=37e0ef02-2557-4d29-8187-72bb5e6547ba ro quiet splash vt.handoff=7
CPUID(0): AuthenticAMD 0x10 CPUID levels
CPUID(1): family:model:stepping 0x19:21:2 (25:33:2) microcode 0x0
CPUID(0x80000000): max_extended_levels: 0x80000023
CPUID(1): SSE3 MONITOR - - - TSC MSR - HT -
CPUID(6): APERF, No-TURBO, No-DTS, No-PTM, No-HWP, No-HWPnotify, No-HWPwindow, No-HWPepp, No-HWPpkg, No-EPB
CPUID(7): No-SGX No-Hybrid
cpu0: cpufreq driver: amd-pstate-epp
cpu0: cpufreq governor: powersave
cpufreq boost: 1
/dev/cpu_dma_latency: 2000000000 usec (default)
current_driver: acpi_idle
current_governor: menu
current_governor_ro: menu
cpu0: POLL: CPUIDLE CORE POLL IDLE
cpu0: C1: ACPI FFH MWAIT 0x0
cpu0: C2: ACPI IOPORT 0x414
RAPL: 234 sec. Joule Counter Range, at 280 Watts
intel-rapl:0: package-0 disabled
intel-rapl:0/intel-rapl:0:0: core disabled
cpu0: MSR_RAPL_PWR_UNIT: 0x000a1003 (0.125000 Watts, 0.000015 Joules, 0.000977 sec.)
Core	CPU	Avg_MHz	Busy%	Bzy_MHz	TSC_MHz	IPC	IRQ	NMI	SMI	POLL%	C1%	C2%	CorWatt	PkgWatt
-	-	205	5.48	3739	3394	0.76	47984	0	0	0.00	0.43	94.19	9.67	27.99
0	0	81	2.29	3522	3394	0.24	2733	0	0	0.00	0.32	97.49	1.05	27.99
0	8	212	5.81	3649	3394	0.72	2925	0	0	0.00	0.44	93.84
1	1	541	13.63	3974	3394	1.25	2731	0	0	0.00	0.22	86.22	1.64
1	9	173	4.57	3786	3394	0.85	2533	0	0	0.00	0.13	95.38
2	2	120	3.37	3551	3394	0.35	3465	0	0	0.00	1.93	94.81	1.04
2	10	172	4.81	3569	3394	0.44	3454	0	0	0.00	0.16	95.14
3	3	146	4.10	3558	3394	0.43	3584	0	0	0.05	0.95	95.06	1.00
3	11	99	2.79	3532	3394	0.32	2487	0	0	0.00	0.26	97.03
4	4	273	7.10	3851	3394	0.90	2940	0	0	0.00	0.69	92.31	1.18
4	12	95	2.66	3589	3394	0.28	3056	0	0	0.00	0.20	97.25
5	5	456	11.87	3843	3394	0.92	3494	0	0	0.00	0.48	87.74	1.42
5	13	125	3.47	3598	3394	0.32	3406	0	0	0.00	0.26	96.39
6	6	183	5.09	3586	3394	0.59	2963	0	0	0.00	0.39	94.59	1.01
6	14	58	1.64	3513	3394	0.19	2046	0	0	0.00	0.08	98.36
7	7	411	10.84	3796	3394	0.87	3383	0	0	0.00	0.24	89.02	1.32
7	15	133	3.63	3654	3394	0.51	2784	0	0	0.00	0.16	96.30
Core	CPU	Avg_MHz	Busy%	Bzy_MHz	TSC_MHz	IPC	IRQ	NMI	SMI	POLL%	C1%	C2%	CorWatt	PkgWatt
-	-	995	22.08	4506	3389	0.66	39469	2	0	0.01	0.26	77.62	24.63	43.91
0	0	530	11.88	4465	3394	0.58	2440	0	0	0.00	0.08	88.13	2.88	44.01
0	8	1375	30.28	4539	3394	0.57	2371	0	0	0.00	0.06	69.72
1	1	1730	38.06	4546	3394	0.87	2544	0	0	0.00	0.30	61.68	3.30
1	9	363	8.21	4425	3394	0.47	2291	0	0	0.00	0.25	91.62
2	2	1090	24.51	4449	3394	0.62	2681	0	0	0.00	0.73	74.82	2.54
2	10	296	6.87	4313	3394	0.40	2268	0	0	0.00	0.22	92.97
3	3	625	14.16	4413	3394	0.68	2814	0	0	0.08	0.40	85.52	2.83
3	11	1200	26.33	4557	3394	0.44	2411	0	0	0.00	0.42	73.31
4	4	1262	28.04	4502	3394	0.60	2476	0	0	0.00	0.15	71.85	2.80
4	12	491	10.95	4482	3394	0.43	2314	0	0	0.00	0.21	88.92
5	5	1104	24.40	4526	3394	0.46	2602	1	0	0.00	0.10	75.57	2.83
5	13	684	15.27	4481	3394	0.64	2245	0	0	0.00	0.20	84.60
6	6	892	20.04	4452	3394	0.59	2485	0	0	0.00	0.40	79.63	2.79
6	14	959	21.06	4554	3394	0.43	2221	0	0	0.00	0.13	78.88
7	7	1666	36.69	4542	3394	1.15	2625	0	0	0.00	0.25	63.12	4.70
7	15	1673	36.58	4573	3394	0.73	2681	1	0	0.00	0.30	63.17
Core	CPU	Avg_MHz	Busy%	Bzy_MHz	TSC_MHz	IPC	IRQ	NMI	SMI	POLL%	C1%	C2%	CorWatt	PkgWatt
-	-	2386	51.83	4604	3396	0.44	36631	5	0	0.00	0.08	48.17	45.63	66.87
0	0	1300	28.20	4611	3394	0.43	2180	0	0	0.00	0.01	71.86	5.68	66.78
0	8	3485	75.59	4610	3394	0.44	2301	1	0	0.00	0.21	24.22
1	1	2376	51.54	4611	3394	0.44	2186	0	0	0.00	0.01	48.51	5.80
1	9	2665	57.74	4615	3394	0.44	2208	1	0	0.00	0.03	42.28
2	2	3045	66.76	4561	3394	0.46	2446	0	0	0.00	0.23	33.05	5.41
2	10	1125	24.55	4583	3394	0.42	2293	0	0	0.00	0.01	75.53
3	3	2904	63.39	4581	3394	0.45	2709	0	0	0.00	0.17	36.48	5.60
3	11	1658	36.05	4600	3394	0.42	2292	1	0	0.00	0.02	64.00
4	4	2771	60.68	4568	3394	0.47	2317	1	0	0.00	0.04	39.32	5.47
4	12	1438	31.46	4572	3394	0.41	2254	0	0	0.00	0.12	68.50
5	5	3005	65.18	4611	3394	0.46	2247	0	0	0.00	0.13	34.73	5.97
5	13	2212	47.94	4613	3394	0.43	2271	1	0	0.00	0.01	52.10
6	6	3286	71.23	4613	3394	0.46	2262	0	0	0.00	0.16	28.64	5.94
6	14	1959	42.41	4619	3394	0.42	2239	0	0	0.00	0.01	57.64
7	7	1858	40.28	4612	3394	0.43	2204	0	0	0.00	0.14	59.65	5.72
7	15	3060	66.34	4613	3394	0.44	2222	0	0	0.00	0.06	33.63
Core	CPU	Avg_MHz	Busy%	Bzy_MHz	TSC_MHz	IPC	IRQ	NMI	SMI	POLL%	C1%	C2%	CorWatt	PkgWatt
-	-	2409	52.49	4589	3391	0.44	37417	1	0	0.00	0.07	47.45	45.34	66.50
0	0	2191	47.78	4584	3394	0.43	2316	1	0	0.00	0.16	52.12	5.52	66.58
0	8	2555	55.59	4596	3394	0.42	2309	0	0	0.00	0.07	44.39
1	1	2822	61.29	4604	3394	0.46	2235	0	0	0.00	0.05	38.70	5.90
1	9	2542	55.20	4605	3394	0.43	2321	0	0	0.00	0.07	44.79
2	2	3278	72.03	4552	3394	0.46	2567	0	0	0.00	0.17	27.83	5.26
2	10	811	17.96	4516	3394	0.35	2408	0	0	0.00	0.02	82.08
3	3	1827	39.82	4588	3394	0.43	2691	0	0	0.00	0.05	60.20	5.66
3	11	2907	63.26	4596	3394	0.44	2349	0	0	0.00	0.08	36.71
4	4	3281	71.34	4600	3394	0.45	2270	0	0	0.00	0.08	28.60	5.80
4	12	1487	32.32	4599	3394	0.42	2307	0	0	0.00	0.06	67.70
5	5	3847	83.60	4601	3394	0.47	2271	0	0	0.00	0.18	16.23	5.76
5	13	1030	22.38	4601	3394	0.38	2285	0	0	0.00	0.02	77.69
6	6	3563	77.47	4599	3394	0.44	2341	0	0	0.00	0.05	22.51	5.77
6	14	1408	30.60	4603	3394	0.43	2156	0	0	0.00	0.01	69.46
7	7	2189	47.59	4599	3394	0.44	2297	0	0	0.00	0.03	52.44	5.72
7	15	2839	61.72	4600	3394	0.44	2294	0	0	0.00	0.02	38.30
Core	CPU	Avg_MHz	Busy%	Bzy_MHz	TSC_MHz	IPC	IRQ	NMI	SMI	POLL%	C1%	C2%	CorWatt	PkgWatt
-	-	2453	53.31	4601	3397	0.43	41968	2	0	0.00	0.08	46.73	46.64	67.73
0	0	2091	45.35	4612	3394	0.44	2315	0	0	0.00	0.01	54.71	6.01	67.63
0	8	3175	68.95	4605	3394	0.45	2318	0	0	0.00	0.11	30.98
1	1	2441	53.21	4587	3394	0.44	2615	0	0	0.00	0.03	46.83	5.80
1	9	2559	55.56	4606	3394	0.42	2458	0	0	0.00	0.01	44.49
2	2	2651	58.56	4526	3394	0.44	3155	0	0	0.00	0.29	41.21	5.25
2	10	1305	28.84	4525	3394	0.38	3147	0	0	0.00	0.10	71.17
3	3	1497	32.64	4586	3394	0.39	3310	1	0	0.00	0.15	67.32	5.88
3	11	3397	73.82	4602	3394	0.43	2371	0	0	0.00	0.03	26.18
4	4	2644	57.38	4608	3394	0.44	2500	0	0	0.00	0.14	42.55	5.90
4	12	2218	48.16	4606	3394	0.42	2535	1	0	0.00	0.12	51.80
5	5	3045	66.21	4598	3394	0.44	2464	0	0	0.00	0.05	33.79	5.95
5	13	2025	43.91	4612	3394	0.41	3111	0	0	0.00	0.04	56.13
6	6	2435	52.89	4604	3394	0.42	2718	0	0	0.00	0.05	47.14	5.86
6	14	2563	55.65	4606	3394	0.43	2309	0	0	0.00	0.09	44.31
7	7	2477	53.72	4611	3394	0.46	2273	0	0	0.00	0.05	46.29	5.95
7	15	2677	58.05	4611	3394	0.43	2369	0	0	0.00	0.06	41.94
Core	CPU	Avg_MHz	Busy%	Bzy_MHz	TSC_MHz	IPC	IRQ	NMI	SMI	POLL%	C1%	C2%	CorWatt	PkgWatt
-	-	2683	58.58	4579	3393	0.41	52056	0	0	0.00	0.30	41.19	47.75	68.59
0	0	1745	38.37	4548	3394	0.34	3518	0	0	0.00	0.06	61.70	5.82	68.58
0	8	3504	76.35	4590	3394	0.42	2709	0	0	0.00	0.44	23.26
1	1	2960	64.33	4601	3394	0.43	2690	0	0	0.00	0.14	35.60	6.37
1	9	3365	73.10	4603	3394	0.40	3215	0	0	0.00	0.12	26.84
2	2	2629	58.04	4529	3394	0.42	3510	0	0	0.00	0.68	41.37	5.60
2	10	2030	44.81	4531	3394	0.38	4205	0	0	0.00	1.47	53.86
3	3	2358	51.61	4569	3394	0.40	3931	0	0	0.01	0.36	48.14	6.06
3	11	3124	68.00	4594	3394	0.41	2809	0	0	0.00	0.28	31.79
4	4	1825	39.69	4598	3394	0.41	2933	0	0	0.00	0.11	60.30	6.15
4	12	3669	79.81	4597	3394	0.42	2767	0	0	0.00	0.12	20.12
5	5	2517	54.90	4584	3394	0.42	2785	0	0	0.00	0.15	45.03	6.03
5	13	2717	59.18	4591	3394	0.40	4523	0	0	0.01	0.22	40.70
6	6	2651	57.78	4588	3394	0.42	2810	0	0	0.00	0.13	42.15	5.96
6	14	2627	57.32	4583	3394	0.39	3321	0	0	0.00	0.10	42.68
7	7	2669	58.47	4565	3394	0.42	3155	0	0	0.00	0.30	41.31	5.76
7	15	2539	55.60	4567	3394	0.38	3175	0	0	0.00	0.21	44.28
Core	CPU	Avg_MHz	Busy%	Bzy_MHz	TSC_MHz	IPC	IRQ	NMI	SMI	POLL%	C1%	C2%	CorWatt	PkgWatt
-	-	2482	54.19	4581	3391	0.43	42801	5	0	0.00	0.23	45.61	46.43	67.71
0	0	2282	50.03	4560	3394	0.41	3027	0	0	0.00	0.49	49.54	5.69	67.80
0	8	2605	56.80	4586	3394	0.42	2455	0	0	0.00	0.09	43.17
1	1	1131	24.70	4581	3394	0.42	2534	1	0	0.00	0.05	75.35	5.79
1	9	3959	86.21	4593	3394	0.44	2311	0	0	0.00	0.04	13.77
2	2	2187	47.91	4565	3394	0.45	3064	1	0	0.00	0.50	51.66	5.77
2	10	2488	54.33	4580	3394	0.42	3203	1	0	0.01	0.24	45.50
3	3	2112	46.13	4579	3394	0.43	3011	0	0	0.01	0.39	53.56	5.66
3	11	2562	55.91	4582	3394	0.44	2407	0	0	0.00	0.14	44.01
4	4	2998	65.32	4590	3394	0.44	2457	0	0	0.00	0.40	34.33	5.89
4	12	1990	43.34	4591	3394	0.42	2559	0	0	0.02	0.15	56.58
5	5	2874	62.62	4590	3394	0.47	2365	0	0	0.00	0.41	37.01	5.97
5	13	2332	50.89	4582	3394	0.41	3534	0	0	0.00	0.33	48.86
6	6	2798	60.96	4591	3394	0.42	2499	1	0	0.00	0.16	38.93	5.84
6	14	2344	51.07	4590	3394	0.40	2568	0	0	0.00	0.08	48.92
7	7	1585	34.67	4573	3394	0.39	2547	1	0	0.00	0.12	65.26	5.85
7	15	3493	76.07	4592	3394	0.45	2260	0	0	0.00	0.11	23.84
Core	CPU	Avg_MHz	Busy%	Bzy_MHz	TSC_MHz	IPC	IRQ	NMI	SMI	POLL%	C1%	C2%	CorWatt	PkgWatt
-	-	2476	54.00	4585	3396	0.43	43305	3	0	0.00	0.15	45.95	46.55	67.63
0	0	1644	35.87	4582	3394	0.42	2685	0	0	0.00	0.16	64.03	5.93	67.53
0	8	3515	76.70	4584	3394	0.42	2603	0	0	0.01	0.26	23.09
1	1	1177	25.71	4577	3394	0.40	2292	0	0	0.00	0.03	74.34	5.81
1	9	3952	86.03	4594	3394	0.44	2319	1	0	0.00	0.15	13.83
2	2	2479	54.77	4526	3394	0.46	3242	0	0	0.00	0.35	44.94	5.56
2	10	1894	41.47	4568	3394	0.40	3599	0	0	0.00	0.27	58.38
3	3	2127	46.50	4575	3394	0.42	3055	0	0	0.00	0.18	53.40	5.86
3	11	2890	62.97	4590	3394	0.43	2520	0	0	0.01	0.06	37.02
4	4	2520	54.89	4592	3394	0.43	2542	0	0	0.00	0.07	45.11	5.93
4	12	2505	54.54	4594	3394	0.43	2481	0	0	0.00	0.10	45.42
5	5	1742	37.93	4593	3394	0.43	2373	1	0	0.00	0.04	62.10	5.90
5	13	3235	70.42	4593	3394	0.43	3736	0	0	0.01	0.14	29.49
6	6	3415	74.82	4565	3394	0.45	2347	0	0	0.00	0.10	25.11	5.49
6	14	1036	22.78	4548	3394	0.38	2659	0	0	0.01	0.22	77.09
7	7	2594	56.45	4596	3394	0.46	2398	0	0	0.00	0.09	43.52	6.04
7	15	2855	62.12	4596	3394	0.42	2454	1	0	0.00	0.18	37.76
Core	CPU	Avg_MHz	Busy%	Bzy_MHz	TSC_MHz	IPC	IRQ	NMI	SMI	POLL%	C1%	C2%	CorWatt	PkgWatt
-	-	2457	53.63	4582	3393	0.44	42469	4	0	0.00	0.13	46.30	46.39	67.68
0	0	1370	29.87	4587	3394	0.46	2324	0	0	0.00	0.11	70.09	5.76	67.68
0	8	3395	74.04	4585	3394	0.44	2408	1	0	0.00	0.16	25.84
1	1	2217	48.44	4577	3394	0.43	2427	0	0	0.00	0.06	51.56	5.77
1	9	2852	62.11	4591	3394	0.43	2640	0	0	0.00	0.29	37.65
2	2	2764	60.92	4538	3394	0.44	3648	0	0	0.01	0.22	38.91	5.51
2	10	1614	35.66	4527	3394	0.41	3209	0	0	0.00	0.19	64.23
3	3	3002	65.48	4585	3394	0.44	3183	0	0	0.00	0.26	34.31	5.91
3	11	2090	45.52	4592	3394	0.40	2877	1	0	0.00	0.12	54.45
4	4	2334	50.88	4588	3394	0.44	2330	1	0	0.00	0.15	49.04	5.82
4	12	2504	54.54	4590	3394	0.43	2435	0	0	0.00	0.03	45.49
5	5	1644	35.77	4596	3394	0.42	2410	0	0	0.00	0.14	64.16	6.11
5	13	3790	82.50	4594	3394	0.45	3306	0	0	0.00	0.13	17.39
6	6	2484	54.20	4582	3394	0.45	2302	0	0	0.00	0.07	45.78	5.69
6	14	2223	48.47	4587	3394	0.43	2414	1	0	0.00	0.01	51.58
7	7	1794	39.09	4590	3394	0.46	2224	0	0	0.00	0.03	60.95	5.84
7	15	3240	70.54	4593	3394	0.44	2332	0	0	0.00	0.05	29.45
Core	CPU	Avg_MHz	Busy%	Bzy_MHz	TSC_MHz	IPC	IRQ	NMI	SMI	POLL%	C1%	C2%	CorWatt	PkgWatt
-	-	2472	53.98	4580	3394	0.46	40006	1	0	0.00	0.14	45.94	46.87	67.84
0	0	2492	54.30	4588	3394	0.44	2379	0	0	0.00	0.06	45.63	5.68	67.83
0	8	2304	50.23	4587	3394	0.43	2294	0	0	0.00	0.14	49.69
1	1	2261	49.29	4586	3394	0.48	2243	0	0	0.00	0.05	50.70	6.14
1	9	3365	73.26	4593	3394	0.44	2308	0	0	0.00	0.06	26.71
2	2	2987	65.65	4551	3394	0.47	2812	0	0	0.00	0.43	33.96	5.63
2	10	1516	33.37	4543	3394	0.39	2991	0	0	0.00	0.19	66.53
3	3	1989	43.58	4564	3394	0.41	2877	0	0	0.00	0.22	56.27	5.84
3	11	3095	67.57	4580	3394	0.44	2420	0	0	0.00	0.11	32.35
4	4	1822	39.89	4569	3394	0.43	2305	0	0	0.00	0.11	60.07	6.04
4	12	3180	69.29	4589	3394	0.50	2884	0	0	0.00	0.16	30.58
5	5	1370	29.86	4589	3394	0.44	2367	0	0	0.00	0.14	70.09	5.83
5	13	3595	78.39	4587	3394	0.43	2674	1	0	0.00	0.17	21.47
6	6	2917	63.76	4576	3394	0.43	2446	0	0	0.00	0.19	36.10	5.64
6	14	1837	40.09	4582	3394	0.41	2308	0	0	0.00	0.02	59.95
7	7	1789	39.05	4580	3394	0.87	2258	0	0	0.00	0.05	60.97	6.06
7	15	3031	66.08	4586	3394	0.44	2440	0	0	0.00	0.09	33.87
Core	CPU	Avg_MHz	Busy%	Bzy_MHz	TSC_MHz	IPC	IRQ	NMI	SMI	POLL%	C1%	C2%	CorWatt	PkgWatt
-	-	2371	51.81	4575	3388	0.45	36722	0	0	0.00	0.06	48.11	45.71	66.67
0	0	1778	39.07	4550	3394	0.44	2181	0	0	0.00	0.01	60.99	5.53	66.78
0	8	2768	60.42	4582	3394	0.44	2221	0	0	0.00	0.04	39.58
1	1	2187	47.65	4589	3394	0.47	2192	0	0	0.00	0.09	52.32	5.69
1	9	2642	57.61	4587	3394	0.44	2261	0	0	0.00	0.00	42.44
2	2	2166	47.57	4554	3394	0.45	2427	0	0	0.00	0.17	52.33	5.61
2	10	2269	49.57	4577	3394	0.44	2630	0	0	0.00	0.07	50.42
3	3	2783	60.72	4584	3394	0.44	2736	0	0	0.00	0.02	39.31	5.69
3	11	1911	41.69	4584	3394	0.43	2352	0	0	0.00	0.01	58.36
4	4	2508	54.71	4584	3394	0.43	2282	0	0	0.00	0.01	45.32	5.78
4	12	2245	48.99	4583	3394	0.44	2253	0	0	0.00	0.19	50.88
5	5	3000	65.37	4589	3394	0.47	2237	0	0	0.00	0.09	34.58	5.91
5	13	2085	45.43	4590	3394	0.43	2230	0	0	0.00	0.05	54.59
6	6	2889	62.98	4588	3394	0.45	2245	0	0	0.00	0.14	36.92	5.82
6	14	1977	43.07	4590	3394	0.44	2154	0	0	0.00	0.01	56.99
7	7	2846	62.03	4588	3394	0.49	2154	0	0	0.00	0.03	37.98	5.75
7	15	1934	42.13	4590	3394	0.43	2167	0	0	0.00	0.00	57.94
Core	CPU	Avg_MHz	Busy%	Bzy_MHz	TSC_MHz	IPC	IRQ	NMI	SMI	POLL%	C1%	C2%	CorWatt	PkgWatt
-	-	2386	52.02	4586	3399	0.45	37499	2	0	0.00	0.05	48.05	45.93	67.00
0	0	4140	90.35	4582	3394	0.45	2264	1	0	0.00	0.05	9.61	5.79	66.90
0	8	868	18.96	4579	3394	0.40	2158	0	0	0.00	0.00	81.13
1	1	3319	72.25	4593	3394	0.50	2210	0	0	0.00	0.02	27.76	5.79
1	9	1533	33.42	4587	3394	0.42	2317	0	0	0.00	0.01	66.64
2	2	2641	58.05	4550	3394	0.46	2522	0	0	0.00	0.27	41.73	5.67
2	10	1913	41.88	4568	3394	0.42	2848	0	0	0.00	0.09	58.11
3	3	2164	47.29	4576	3394	0.44	2686	0	0	0.00	0.09	52.69	5.76
3	11	2628	57.35	4582	3394	0.44	2313	0	0	0.00	0.00	42.70
4	4	1717	37.47	4583	3394	0.44	2233	0	0	0.00	0.01	62.59	5.76
4	12	2989	65.25	4581	3394	0.45	2266	1	0	0.00	0.04	34.75
5	5	2421	52.94	4574	3394	0.45	2286	0	0	0.00	0.11	46.99	5.75
5	13	2299	50.20	4580	3394	0.44	2296	0	0	0.00	0.01	49.84
6	6	2306	50.36	4579	3394	0.43	2447	0	0	0.00	0.01	49.68	5.67
6	14	2423	52.90	4580	3394	0.45	2179	0	0	0.00	0.00	47.15
7	7	2877	62.76	4583	3394	0.47	2222	0	0	0.00	0.04	37.24	5.67
7	15	1874	40.93	4578	3394	0.43	2252	0	0	0.00	0.01	59.13
Core	CPU	Avg_MHz	Busy%	Bzy_MHz	TSC_MHz	IPC	IRQ	NMI	SMI	POLL%	C1%	C2%	CorWatt	PkgWatt
-	-	2366	51.70	4577	3394	0.45	36429	2	0	0.00	0.06	48.30	45.83	66.94
0	0	1830	39.96	4579	3394	0.47	2153	0	0	0.00	0.01	60.09	5.75	66.92
0	8	2982	65.06	4584	3394	0.44	2251	0	0	0.00	0.00	34.98
1	1	1188	25.84	4599	3394	0.49	2104	0	0	0.00	0.02	74.21	5.83
1	9	3865	84.26	4587	3394	0.45	2282	0	0	0.00	0.00	15.76
2	2	3097	67.97	4556	3394	0.47	2458	1	0	0.00	0.36	31.70	5.65
2	10	1362	29.78	4574	3394	0.42	2259	0	0	0.00	0.01	70.29
3	3	3191	70.01	4558	3394	0.46	2689	1	0	0.00	0.07	29.96	5.52
3	11	1249	27.42	4557	3394	0.41	2187	0	0	0.00	0.01	72.64
4	4	2492	54.42	4579	3394	0.46	2305	0	0	0.00	0.38	45.26	5.91
4	12	2467	53.84	4582	3394	0.44	2293	0	0	0.00	0.01	46.20
5	5	2482	54.29	4572	3394	0.44	2286	0	0	0.00	0.06	45.70	5.77
5	13	2127	46.47	4577	3394	0.47	2266	0	0	0.00	0.01	53.58
6	6	1312	28.61	4587	3394	0.41	2213	0	0	0.00	0.01	71.47	5.69
6	14	3396	74.13	4581	3394	0.45	2283	0	0	0.00	0.02	25.88
7	7	2877	62.81	4580	3394	0.46	2230	0	0	0.00	0.04	37.19	5.70
7	15	1941	42.31	4588	3394	0.44	2170	0	0	0.00	0.01	57.75
Core	CPU	Avg_MHz	Busy%	Bzy_MHz	TSC_MHz	IPC	IRQ	NMI	SMI	POLL%	C1%	C2%	CorWatt	PkgWatt
-	-	2403	52.53	4574	3393	0.45	36534	3	0	0.00	0.06	47.44	46.17	67.05
0	0	3741	82.03	4561	3394	0.47	2287	0	0	0.00	0.11	17.88	5.44	67.09
0	8	620	13.81	4493	3394	0.35	2152	0	0	0.00	0.01	86.28
1	1	815	17.77	4589	3394	0.44	2217	0	0	0.00	0.03	82.30	5.69
1	9	3990	87.07	4583	3394	0.45	2299	1	0	0.00	0.10	12.85
2	2	2458	54.23	4534	3394	0.46	2473	0	0	0.00	0.26	45.57	5.60
2	10	1918	42.00	4566	3394	0.43	2258	0	0	0.00	0.02	58.04
3	3	2036	44.45	4579	3394	0.44	2679	0	0	0.00	0.17	55.44	5.74
3	11	2795	61.01	4582	3394	0.43	2348	0	0	0.00	0.11	38.94
4	4	1962	42.77	4588	3394	0.45	2188	0	0	0.00	0.03	57.26	6.19
4	12	3569	77.81	4587	3394	0.45	2253	0	0	0.00	0.04	22.17
5	5	2185	47.71	4581	3394	0.49	2224	0	0	0.00	0.01	52.34	5.98
5	13	2804	61.16	4586	3394	0.46	2291	0	0	0.00	0.03	38.86
6	6	1620	35.46	4568	3394	0.44	2214	1	0	0.00	0.08	64.53	5.67
6	14	3023	66.00	4581	3394	0.45	2267	0	0	0.00	0.01	34.02
7	7	1788	38.99	4586	3394	0.48	2158	1	0	0.00	0.00	61.07	5.88
7	15	3129	68.26	4584	3394	0.45	2226	0	0	0.00	0.01	31.76
Core	CPU	Avg_MHz	Busy%	Bzy_MHz	TSC_MHz	IPC	IRQ	NMI	SMI	POLL%	C1%	C2%	CorWatt	PkgWatt
-	-	2366	51.73	4573	3391	0.45	36916	1	0	0.00	0.04	48.25	46.69	67.58
0	0	1044	22.77	4583	3394	0.43	2174	0	0	0.00	0.01	77.31	5.86	67.68
0	8	3742	81.50	4591	3394	0.45	2249	0	0	0.00	0.00	18.52
1	1	1003	21.85	4589	3394	0.44	2141	0	0	0.00	0.03	78.20	5.83
1	9	3713	80.84	4593	3394	0.45	2298	0	0	0.00	0.01	19.17
2	2	3077	68.04	4523	3394	0.49	2508	0	0	0.00	0.17	31.82	5.65
2	10	1209	26.51	4563	3394	0.41	2359	0	0	0.00	0.00	73.58
3	3	1086	23.77	4570	3394	0.44	2719	0	0	0.00	0.12	76.21	5.84
3	11	3661	79.78	4589	3394	0.45	2309	0	0	0.00	0.08	20.16
4	4	1265	27.53	4596	3394	0.47	2183	0	0	0.00	0.00	72.54	6.20
4	12	3955	86.10	4594	3394	0.45	2296	0	0	0.00	0.01	13.91
5	5	2297	50.08	4586	3394	0.46	2215	0	0	0.00	0.01	49.96	6.07
5	13	2831	61.62	4594	3394	0.44	2305	0	0	0.00	0.16	38.26
6	6	2846	63.08	4512	3394	0.45	2391	0	0	0.00	0.01	36.92	5.40
6	14	1223	26.81	4560	3394	0.39	2283	0	0	0.00	0.02	73.25
7	7	1392	30.49	4564	3394	0.46	2215	0	0	0.00	0.00	69.59	5.87
7	15	3532	76.92	4592	3394	0.45	2271	1	0	0.00	0.01	23.10
Core	CPU	Avg_MHz	Busy%	Bzy_MHz	TSC_MHz	IPC	IRQ	NMI	SMI	POLL%	C1%	C2%	CorWatt	PkgWatt
-	-	2345	51.19	4581	3397	0.45	36526	6	0	0.00	0.05	48.86	45.94	66.84
0	0	2820	61.74	4568	3394	0.46	2185	0	0	0.00	0.02	38.28	5.56	66.71
0	8	1655	36.21	4571	3394	0.44	2212	1	0	0.00	0.00	63.86
1	1	2644	57.55	4594	3394	0.51	2220	1	0	0.00	0.02	42.48	5.77
1	9	2079	45.34	4586	3394	0.44	2287	0	0	0.00	0.03	54.70
2	2	1979	43.55	4544	3394	0.46	2416	0	0	0.00	0.16	56.36	5.63
2	10	2363	51.70	4570	3394	0.45	2305	1	0	0.00	0.01	48.35
3	3	1598	34.93	4576	3394	0.43	2686	0	0	0.00	0.10	65.06	5.83
3	11	3259	71.13	4581	3394	0.45	2298	1	0	0.00	0.10	28.80
4	4	1583	34.53	4586	3394	0.46	2205	0	0	0.00	0.00	65.55	5.93
4	12	3284	71.65	4584	3394	0.45	2260	0	0	0.00	0.07	28.31
5	5	2726	59.75	4563	3394	0.46	2246	1	0	0.00	0.02	40.28	5.75
5	13	1983	43.33	4578	3394	0.44	2248	1	0	0.00	0.03	56.70
6	6	3145	68.65	4581	3394	0.45	2271	0	0	0.00	0.03	31.36	5.75
6	14	1594	34.76	4585	3394	0.44	2188	0	0	0.00	0.01	65.30
7	7	1761	38.41	4584	3394	0.42	2269	0	0	0.00	0.03	61.64	5.69
7	15	3012	65.76	4581	3394	0.45	2230	0	0	0.00	0.19	34.09
Core	CPU	Avg_MHz	Busy%	Bzy_MHz	TSC_MHz	IPC	IRQ	NMI	SMI	POLL%	C1%	C2%	CorWatt	PkgWatt
-	-	2365	51.71	4573	3394	0.45	36080	2	0	0.00	0.07	48.27	46.06	66.97
0	0	2353	51.51	4567	3394	0.47	2193	0	0	0.00	0.17	48.37	5.65	66.97
0	8	2282	49.91	4573	3394	0.43	2221	0	0	0.00	0.00	50.15
1	1	2693	58.80	4581	3394	0.46	2238	0	0	0.00	0.17	41.08	5.76
1	9	2244	48.98	4581	3394	0.44	2317	0	0	0.00	0.01	51.06
2	2	3409	75.00	4546	3394	0.49	2417	0	0	0.00	0.12	24.91	5.64
2	10	941	20.70	4546	3394	0.40	2178	0	0	0.00	0.05	79.34
3	3	1170	25.61	4566	3394	0.42	2583	0	0	0.00	0.08	74.40	5.71
3	11	3478	75.96	4578	3394	0.45	2287	0	0	0.00	0.03	24.04
4	4	1781	38.87	4583	3394	0.47	2204	0	0	0.00	0.00	61.20	6.02
4	12	3081	67.22	4584	3394	0.46	2220	1	0	0.00	0.09	32.72
5	5	1530	33.57	4557	3394	0.44	2171	0	0	0.00	0.00	66.50	5.82
5	13	3364	73.56	4573	3394	0.45	2294	0	0	0.00	0.11	26.35
6	6	1958	42.80	4573	3394	0.45	2151	0	0	0.00	0.04	57.22	5.72
6	14	2744	59.96	4577	3394	0.44	2207	1	0	0.00	0.00	40.08
7	7	1437	31.33	4587	3394	0.45	2160	0	0	0.00	0.08	68.67	5.74
7	15	3370	73.56	4581	3394	0.45	2239	0	0	0.00	0.21	26.26
Core	CPU	Avg_MHz	Busy%	Bzy_MHz	TSC_MHz	IPC	IRQ	NMI	SMI	POLL%	C1%	C2%	CorWatt	PkgWatt
-	-	2358	51.58	4572	3393	0.45	36291	1	0	0.00	0.07	48.40	45.92	66.77
0	0	2788	60.88	4580	3394	0.46	2204	0	0	0.00	0.00	39.16	5.96	66.80
0	8	2444	53.34	4582	3394	0.44	2160	0	0	0.00	0.01	46.70
1	1	1503	32.81	4581	3394	0.44	2207	0	0	0.00	0.01	67.25	5.70
1	9	3329	72.66	4581	3394	0.45	2262	0	0	0.00	0.19	27.18
2	2	2960	65.46	4522	3394	0.49	2463	0	0	0.00	0.14	34.44	5.34
2	10	952	21.02	4528	3394	0.41	2232	0	0	0.00	0.01	79.05
3	3	2304	50.35	4576	3394	0.45	2679	0	0	0.01	0.33	49.38	5.77
3	11	2459	53.72	4578	3394	0.44	2268	0	0	0.00	0.02	46.31
4	4	2549	55.67	4578	3394	0.46	2247	1	0	0.00	0.14	44.24	5.78
4	12	2089	45.64	4578	3394	0.43	2274	0	0	0.00	0.02	54.41
5	5	1578	34.45	4580	3394	0.46	2216	0	0	0.00	0.06	65.56	5.87
5	13	3353	73.17	4582	3394	0.45	2322	0	0	0.00	0.12	26.74
6	6	141	3.11	4525	3394	0.12	2101	0	0	0.00	0.00	96.99	5.77
6	14	4445	97.15	4576	3394	0.47	2266	0	0	0.00	0.01	2.82
7	7	1071	23.35	4584	3394	0.44	2120	0	0	0.00	0.01	76.72	5.74
7	15	3775	82.44	4579	3394	0.45	2270	0	0	0.00	0.02	17.56
Core	CPU	Avg_MHz	Busy%	Bzy_MHz	TSC_MHz	IPC	IRQ	NMI	SMI	POLL%	C1%	C2%	CorWatt	PkgWatt
-	-	2388	52.25	4570	3393	0.45	36984	2	0	0.00	0.10	47.70	46.13	66.97
0	0	2863	62.69	4567	3394	0.44	2359	1	0	0.00	0.08	37.27	5.64	66.99
0	8	1829	39.96	4576	3394	0.44	2240	0	0	0.00	0.01	60.10
1	1	2718	59.25	4587	3394	0.49	2211	0	0	0.00	0.03	40.75	6.02
1	9	2421	52.81	4584	3394	0.44	2296	0	0	0.00	0.10	47.15
2	2	3317	72.86	4552	3394	0.47	2402	1	0	0.00	0.24	26.93	5.74
2	10	1254	27.51	4557	3394	0.41	2274	0	0	0.00	0.01	72.56
3	3	2279	50.05	4554	3394	0.43	2788	0	0	0.00	0.52	49.49	5.71
3	11	2430	53.14	4573	3394	0.44	2308	0	0	0.00	0.11	46.81
4	4	2247	49.22	4565	3394	0.44	2284	0	0	0.00	0.14	50.70	5.69
4	12	2292	50.24	4562	3394	0.43	2339	0	0	0.00	0.05	49.76
5	5	915	19.94	4589	3394	0.44	2219	0	0	0.00	0.06	80.09	6.01
5	13	4308	94.07	4580	3394	0.45	2342	0	0	0.00	0.15	5.79
6	6	924	20.29	4554	3394	0.40	2241	0	0	0.00	0.02	79.77	5.68
6	14	3758	82.15	4575	3394	0.45	2250	0	0	0.00	0.07	17.80
7	7	1384	30.26	4574	3394	0.43	2163	0	0	0.00	0.01	69.82	5.64
7	15	3274	71.55	4576	3394	0.44	2268	0	0	0.00	0.00	28.48
Core	CPU	Avg_MHz	Busy%	Bzy_MHz	TSC_MHz	IPC	IRQ	NMI	SMI	POLL%	C1%	C2%	CorWatt	PkgWatt
-	-	2365	51.70	4575	3394	0.45	36278	2	0	0.00	0.06	48.30	46.22	66.99
0	0	3458	75.40	4587	3394	0.49	2226	0	0	0.00	0.21	24.41	6.11	66.98
0	8	1848	40.30	4585	3394	0.43	2234	0	0	0.00	0.07	59.70
1	1	1227	26.76	4585	3394	0.43	2144	0	0	0.00	0.05	73.27	5.72
1	9	3550	77.46	4583	3394	0.46	2294	1	0	0.00	0.09	22.48
2	2	3698	81.28	4551	3394	0.47	2404	0	0	0.00	0.13	18.62	5.61
2	10	588	13.00	4527	3394	0.35	2213	0	0	0.00	0.00	87.10
3	3	2039	44.68	4564	3394	0.45	2644	0	0	0.00	0.07	55.32	5.63
3	11	2436	53.26	4575	3394	0.44	2266	0	0	0.00	0.20	46.60
4	4	1509	33.01	4571	3394	0.43	2244	0	0	0.00	0.00	67.06	5.89
4	12	3361	73.39	4580	3394	0.45	2254	0	0	0.00	0.06	26.58
5	5	1761	38.70	4550	3394	0.45	2204	0	0	0.00	0.01	61.35	5.76
5	13	2787	60.90	4576	3394	0.45	2303	0	0	0.00	0.01	39.13
6	6	3190	69.78	4571	3394	0.45	2250	0	0	0.00	0.10	30.16	5.72
6	14	1517	33.14	4576	3394	0.42	2190	0	0	0.00	0.01	66.93
7	7	546	11.90	4591	3394	0.40	2146	0	0	0.00	0.00	88.20	5.78
7	15	4319	94.29	4580	3394	0.45	2262	1	0	0.00	0.00	5.71
Core	CPU	Avg_MHz	Busy%	Bzy_MHz	TSC_MHz	IPC	IRQ	NMI	SMI	POLL%	C1%	C2%	CorWatt	PkgWatt
-	-	2360	51.70	4565	3390	0.45	36201	0	0	0.00	0.07	48.23	46.28	67.02
0	0	1923	42.00	4577	3394	0.45	2166	0	0	0.00	0.00	58.05	5.98	67.16
0	8	3163	69.07	4580	3394	0.45	2228	0	0	0.00	0.00	30.96
1	1	1351	29.53	4577	3394	0.44	2147	0	0	0.00	0.02	70.53	5.71
1	9	3377	73.75	4579	3394	0.45	2273	0	0	0.00	0.15	26.12
2	2	3290	72.35	4547	3394	0.48	2396	0	0	0.00	0.02	27.66	5.79
2	10	1281	28.02	4570	3394	0.43	2206	0	0	0.00	0.00	72.06
3	3	1158	25.56	4532	3394	0.45	2592	0	0	0.00	0.10	74.43	5.61
3	11	3230	70.59	4575	3394	0.45	2266	0	0	0.00	0.05	29.39
4	4	3143	68.87	4563	3394	0.46	2251	0	0	0.00	0.11	31.05	5.77
4	12	1295	28.38	4563	3394	0.42	2232	0	0	0.00	0.01	71.69
5	5	2151	47.11	4567	3394	0.43	2286	0	0	0.00	0.13	52.82	5.77
5	13	2616	57.16	4577	3394	0.44	2280	0	0	0.00	0.11	42.78
6	6	1723	37.91	4544	3394	0.45	2214	0	0	0.00	0.12	62.04	5.68
6	14	2837	62.03	4574	3394	0.45	2227	0	0	0.00	0.00	38.01
7	7	2626	57.33	4580	3394	0.48	2194	0	0	0.00	0.02	42.69	6.02
7	15	2637	57.52	4586	3394	0.43	2243	0	0	0.00	0.24	42.29
Core	CPU	Avg_MHz	Busy%	Bzy_MHz	TSC_MHz	IPC	IRQ	NMI	SMI	POLL%	C1%	C2%	CorWatt	PkgWatt
-	-	2371	51.79	4577	3398	0.45	36281	4	0	0.00	0.09	48.23	46.50	67.19
0	0	2524	55.14	4578	3394	0.46	2209	0	0	0.00	0.01	44.90	5.98	67.02
0	8	2640	57.60	4584	3394	0.44	2194	0	0	0.00	0.01	42.44
1	1	418	9.15	4572	3394	0.35	2124	0	0	0.00	0.00	90.95	5.71
1	9	4315	94.25	4578	3394	0.45	2282	0	0	0.00	0.19	5.57
2	2	3008	66.09	4552	3394	0.46	2453	0	0	0.00	0.04	33.91	5.73
2	10	1417	31.07	4562	3394	0.43	2188	0	0	0.00	0.09	68.92
3	3	1547	33.93	4559	3394	0.45	2630	1	0	0.00	0.13	66.02	5.85
3	11	3224	70.44	4578	3394	0.45	2268	1	0	0.00	0.09	29.51
4	4	2760	60.23	4583	3394	0.46	2243	0	0	0.00	0.18	39.63	6.00
4	12	2245	49.00	4582	3394	0.43	2259	0	0	0.00	0.01	51.04
5	5	1386	30.35	4568	3394	0.46	2244	0	0	0.00	0.14	69.59	5.85
5	13	3377	73.74	4580	3394	0.45	2328	1	0	0.00	0.22	26.08
6	6	3362	73.95	4546	3394	0.47	2324	1	0	0.00	0.28	25.80	5.38
6	14	772	17.13	4506	3394	0.39	2173	0	0	0.00	0.05	82.91
7	7	3251	70.92	4584	3394	0.47	2199	0	0	0.00	0.03	29.07	5.94
7	15	1637	35.72	4583	3394	0.44	2163	0	0	0.00	0.02	64.33
Core	CPU	Avg_MHz	Busy%	Bzy_MHz	TSC_MHz	IPC	IRQ	NMI	SMI	POLL%	C1%	C2%	CorWatt	PkgWatt
-	-	2358	51.62	4568	3393	0.45	36205	2	0	0.00	0.05	48.36	46.27	67.04
0	0	1501	32.89	4564	3394	0.45	2134	0	0	0.00	0.03	67.15	5.74	67.06
0	8	3185	69.59	4577	3394	0.45	2212	1	0	0.00	0.00	30.44
1	1	1468	31.98	4591	3394	0.47	2107	0	0	0.00	0.02	68.07	6.06
1	9	3947	86.15	4581	3394	0.45	2280	0	0	0.00	0.03	13.84
2	2	3885	85.34	4552	3394	0.47	2426	0	0	0.00	0.24	14.43	5.65
2	10	468	10.31	4539	3394	0.35	2339	0	0	0.00	0.01	89.79
3	3	3654	79.96	4570	3394	0.47	2657	0	0	0.00	0.19	19.88	5.73
3	11	937	20.61	4547	3394	0.40	2250	0	0	0.00	0.01	79.47
4	4	1434	31.32	4578	3394	0.44	2166	0	0	0.00	0.08	68.67	5.92
4	12	3346	73.11	4576	3394	0.45	2232	0	0	0.00	0.00	26.92
5	5	1304	28.66	4548	3394	0.45	2221	0	0	0.00	0.01	71.41	5.79
5	13	3367	73.56	4577	3394	0.45	2291	0	0	0.00	0.05	26.43
6	6	2512	54.94	4572	3394	0.44	2210	0	0	0.00	0.03	45.08	5.76
6	14	2242	48.98	4577	3394	0.44	2210	1	0	0.00	0.01	51.07
7	7	1682	37.03	4542	3394	0.47	2182	0	0	0.00	0.05	62.97	5.63
7	15	2812	61.54	4570	3394	0.44	2288	0	0	0.00	0.10	38.40
Core	CPU	Avg_MHz	Busy%	Bzy_MHz	TSC_MHz	IPC	IRQ	NMI	SMI	POLL%	C1%	C2%	CorWatt	PkgWatt
-	-	2358	51.63	4566	3394	0.45	36356	3	0	0.00	0.08	48.35	46.37	67.19
0	0	1487	32.48	4578	3394	0.45	2161	0	0	0.00	0.06	67.53	5.83	67.17
0	8	3323	72.69	4572	3394	0.45	2210	0	0	0.00	0.00	27.34
1	1	373	8.14	4584	3394	0.42	2098	0	0	0.00	0.00	91.95	5.71
1	9	4312	94.31	4572	3394	0.46	2286	1	0	0.00	0.08	5.61
2	2	3496	76.96	4543	3394	0.49	2458	1	0	0.00	0.44	22.63	5.83
2	10	907	19.99	4535	3394	0.42	2261	0	0	0.00	0.01	80.07
3	3	2749	60.57	4540	3394	0.45	2774	0	0	0.00	0.35	39.14	5.46
3	11	1472	32.27	4564	3394	0.43	2257	0	0	0.00	0.03	67.78
4	4	2275	49.83	4565	3394	0.46	2264	0	0	0.00	0.00	50.22	5.87
4	12	2465	53.94	4570	3394	0.44	2289	1	0	0.00	0.12	46.00
5	5	1352	29.59	4569	3394	0.46	2172	0	0	0.00	0.03	70.46	6.02
5	13	3734	81.61	4576	3394	0.45	2312	0	0	0.00	0.01	18.40
6	6	1866	40.95	4558	3394	0.44	2194	0	0	0.00	0.06	59.06	5.73
6	14	2841	62.16	4570	3394	0.44	2249	0	0	0.00	0.05	37.83
7	7	1533	33.53	4574	3394	0.44	2121	0	0	0.00	0.01	66.53	5.91
7	15	3528	77.15	4573	3394	0.45	2250	0	0	0.00	0.00	22.87
Core	CPU	Avg_MHz	Busy%	Bzy_MHz	TSC_MHz	IPC	IRQ	NMI	SMI	POLL%	C1%	C2%	CorWatt	PkgWatt
-	-	2357	51.60	4567	3393	0.45	36215	3	0	0.00	0.06	48.38	46.41	67.10
0	0	1121	24.83	4513	3394	0.44	2148	0	0	0.00	0.02	75.23	5.80	67.10
0	8	3790	82.85	4575	3394	0.45	2256	0	0	0.00	0.01	17.16
1	1	1232	27.11	4545	3394	0.39	2222	0	0	0.00	0.01	72.96	5.56
1	9	3351	73.36	4568	3394	0.45	2317	0	0	0.00	0.04	26.63
2	2	3286	72.29	4546	3394	0.47	2431	0	0	0.00	0.29	27.45	5.69
2	10	1171	25.75	4550	3394	0.42	2228	0	0	0.00	0.04	74.29
3	3	2227	48.69	4574	3394	0.45	2691	0	0	0.00	0.31	51.06	5.93
3	11	2428	53.15	4568	3394	0.47	2331	0	0	0.00	0.01	46.88
4	4	2729	59.71	4570	3394	0.46	2241	1	0	0.00	0.13	40.19	5.94
4	12	2097	45.81	4578	3394	0.43	2223	0	0	0.00	0.01	54.24
5	5	2123	46.33	4583	3394	0.48	2156	0	0	0.00	0.04	53.69	5.91
5	13	2698	58.99	4573	3394	0.44	2276	0	0	0.00	0.00	41.06
6	6	1587	34.67	4576	3394	0.46	2179	0	0	0.00	0.02	65.38	5.82
6	14	3128	68.38	4574	3394	0.45	2198	0	0	0.00	0.02	31.64
7	7	744	16.25	4581	3394	0.45	2073	1	0	0.00	0.00	83.84	5.76
7	15	4000	87.45	4574	3394	0.45	2245	1	0	0.00	0.00	12.56
Core	CPU	Avg_MHz	Busy%	Bzy_MHz	TSC_MHz	IPC	IRQ	NMI	SMI	POLL%	C1%	C2%	CorWatt	PkgWatt
-	-	2359	51.63	4569	3394	0.45	36170	2	0	0.00	0.06	48.38	46.32	66.96
0	0	3670	80.29	4572	3394	0.48	2238	1	0	0.00	0.00	19.73	5.85	66.94
0	8	1058	23.18	4565	3394	0.43	2127	0	0	0.00	0.05	76.85
1	1	1060	23.30	4550	3394	0.41	2186	0	0	0.00	0.02	76.76	5.61
1	9	3545	77.54	4572	3394	0.45	2265	0	0	0.00	0.11	22.38
2	2	3013	66.27	4546	3394	0.46	2417	0	0	0.00	0.10	33.67	5.62
2	10	1318	28.90	4560	3394	0.43	2222	0	0	0.00	0.01	71.17
3	3	1773	38.82	4566	3394	0.43	2681	0	0	0.00	0.08	61.18	5.79
3	11	2950	64.55	4570	3394	0.45	2242	0	0	0.00	0.05	35.44
4	4	3147	68.87	4570	3394	0.45	2244	0	0	0.00	0.06	31.11	5.81
4	12	1557	34.05	4574	3394	0.41	2251	0	0	0.00	0.01	66.02
5	5	2912	63.64	4575	3394	0.47	2208	1	0	0.00	0.15	36.25	5.88
5	13	1879	41.05	4576	3394	0.43	2204	0	0	0.00	0.12	58.89
6	6	2503	55.06	4546	3394	0.46	2235	0	0	0.00	0.01	44.98	5.63
6	14	1955	42.85	4561	3394	0.44	2202	0	0	0.00	0.01	57.20
7	7	2851	62.23	4582	3394	0.50	2202	0	0	0.00	0.05	37.77	6.13
7	15	2542	55.51	4579	3394	0.44	2246	0	0	0.00	0.06	44.48
Core	CPU	Avg_MHz	Busy%	Bzy_MHz	TSC_MHz	IPC	IRQ	NMI	SMI	POLL%	C1%	C2%	CorWatt	PkgWatt
-	-	2328	50.99	4566	3393	0.45	36182	1	0	0.00	0.07	48.98	46.46	67.20
0	0	1920	41.95	4578	3394	0.46	2166	0	0	0.00	0.03	58.08	5.86	67.22
0	8	2860	62.48	4578	3394	0.45	2203	0	0	0.00	0.00	37.56
1	1	174	3.81	4567	3394	0.28	2118	0	0	0.00	0.01	96.28	5.74
1	9	4506	98.48	4576	3394	0.46	2284	0	0	0.00	0.04	1.48
2	2	2543	56.25	4520	3394	0.48	2438	0	0	0.00	0.16	43.65	5.70
2	10	1821	39.92	4561	3394	0.44	2288	0	0	0.00	0.14	60.01
3	3	1816	40.07	4532	3394	0.45	2646	0	0	0.00	0.19	59.82	5.62
3	11	2518	55.08	4571	3394	0.45	2224	0	0	0.00	0.10	44.86
4	4	2324	50.80	4575	3394	0.46	2229	0	0	0.00	0.19	49.06	5.98
4	12	2455	53.57	4582	3394	0.44	2268	0	0	0.00	0.01	46.47
5	5	2599	56.72	4582	3394	0.47	2209	0	0	0.00	0.07	43.26	6.07
5	13	2412	52.63	4583	3394	0.45	2256	1	0	0.00	0.10	47.33
6	6	2240	49.52	4524	3394	0.45	2244	0	0	0.00	0.01	50.53	5.61
6	14	2173	47.57	4569	3394	0.45	2178	0	0	0.00	0.00	52.49
7	7	1688	36.85	4579	3394	0.45	2175	0	0	0.00	0.02	63.19	5.88
7	15	3210	70.13	4578	3394	0.45	2256	0	0	0.00	0.12	29.78
Core	CPU	Avg_MHz	Busy%	Bzy_MHz	TSC_MHz	IPC	IRQ	NMI	SMI	POLL%	C1%	C2%	CorWatt	PkgWatt
-	-	2362	51.75	4564	3394	0.45	36279	0	0	0.00	0.06	48.25	46.33	66.93
0	0	1783	39.06	4565	3394	0.44	2230	0	0	0.00	0.04	60.97	5.74	66.94
0	8	2956	64.74	4565	3394	0.45	2219	0	0	0.00	0.00	35.29
1	1	1057	23.11	4574	3394	0.47	2168	0	0	0.00	0.01	76.96	5.75
1	9	3745	81.94	4571	3394	0.45	2288	0	0	0.00	0.03	18.05
2	2	3181	70.15	4534	3394	0.47	2449	0	0	0.00	0.16	29.72	5.62
2	10	1136	25.02	4539	3394	0.41	2223	0	0	0.00	0.01	75.05
3	3	1896	41.72	4544	3394	0.43	2678	0	0	0.00	0.19	58.17	5.75
3	11	2772	60.70	4566	3394	0.44	2281	0	0	0.00	0.01	39.34
4	4	3129	68.55	4565	3394	0.47	2222	0	0	0.00	0.20	31.27	5.94
4	12	1569	34.42	4560	3394	0.42	2268	0	0	0.00	0.01	65.65
5	5	2092	45.75	4573	3394	0.45	2185	0	0	0.00	0.01	54.29	5.99
5	13	3038	66.46	4570	3394	0.44	2273	0	0	0.00	0.01	33.56
6	6	2369	51.79	4574	3394	0.46	2164	0	0	0.00	0.05	48.22	5.76
6	14	2248	49.25	4564	3394	0.45	2206	0	0	0.00	0.07	50.74
7	7	888	19.41	4577	3394	0.46	2147	0	0	0.00	0.01	80.67	5.79
7	15	3923	85.85	4569	3394	0.45	2278	0	0	0.00	0.20	13.96
Core	CPU	Avg_MHz	Busy%	Bzy_MHz	TSC_MHz	IPC	IRQ	NMI	SMI	POLL%	C1%	C2%	CorWatt	PkgWatt
-	-	2356	51.63	4564	3394	0.45	36063	3	0	0.00	0.07	48.35	46.38	67.04
0	0	1476	32.32	4567	3394	0.45	2145	0	0	0.00	0.09	67.66	5.71	67.03
0	8	3140	68.72	4570	3394	0.45	2200	1	0	0.00	0.04	31.27
1	1	248	5.43	4571	3394	0.36	2139	0	0	0.00	0.01	94.66	5.73
1	9	4503	98.51	4572	3394	0.45	2283	1	0	0.00	0.19	1.30
2	2	2594	57.42	4518	3394	0.49	2407	0	0	0.00	0.14	42.49	5.47
2	10	1441	31.65	4551	3394	0.43	2223	0	0	0.00	0.01	68.42
3	3	3203	70.04	4573	3394	0.46	2694	1	0	0.00	0.10	29.90	5.93
3	11	1694	37.01	4576	3394	0.43	2203	0	0	0.00	0.05	63.00
4	4	2093	45.89	4560	3394	0.47	2228	0	0	0.00	0.10	54.07	6.12
4	12	3104	67.87	4574	3394	0.44	2280	0	0	0.00	0.01	32.16
5	5	1381	30.58	4515	3394	0.44	2196	0	0	0.00	0.01	69.49	5.66
5	13	3139	68.70	4569	3394	0.45	2269	0	0	0.00	0.04	31.29
6	6	1715	37.66	4553	3394	0.45	2199	0	0	0.00	0.06	62.34	5.79
6	14	2994	65.49	4571	3394	0.44	2243	0	0	0.00	0.09	34.46
7	7	1661	36.27	4580	3394	0.47	2134	0	0	0.00	0.00	63.79	5.97
7	15	3316	72.53	4572	3394	0.45	2220	0	0	0.00	0.15	27.35
Core	CPU	Avg_MHz	Busy%	Bzy_MHz	TSC_MHz	IPC	IRQ	NMI	SMI	POLL%	C1%	C2%	CorWatt	PkgWatt
-	-	2373	52.06	4559	3394	0.45	36885	5	0	0.00	0.06	47.93	46.43	67.05
0	0	1438	31.48	4569	3394	0.43	2220	0	0	0.00	0.01	68.58	5.78	67.03
0	8	3343	73.19	4567	3394	0.45	2245	0	0	0.00	0.05	26.78
1	1	1324	28.98	4567	3394	0.45	2194	1	0	0.00	0.06	71.03	5.78
1	9	3534	77.31	4571	3394	0.45	2306	0	0	0.00	0.02	22.70
2	2	2833	62.83	4508	3394	0.48	2474	1	0	0.00	0.25	36.96	5.53
2	10	1153	25.51	4520	3394	0.45	2328	0	0	0.00	0.02	74.56
3	3	2038	44.78	4552	3394	0.44	2805	0	0	0.00	0.31	54.99	5.84
3	11	2759	60.42	4566	3394	0.44	2232	1	0	0.00	0.00	39.62
4	4	1524	33.30	4576	3394	0.46	2210	0	0	0.00	0.11	66.66	6.13
4	12	3654	79.98	4568	3394	0.45	2241	0	0	0.00	0.00	20.04
5	5	1489	32.72	4552	3394	0.44	2191	0	0	0.00	0.01	67.35	5.74
5	13	3162	69.26	4565	3394	0.45	2339	0	0	0.00	0.02	30.76
6	6	1345	29.68	4533	3394	0.42	2276	1	0	0.00	0.01	70.38	5.73
6	14	3330	72.91	4567	3394	0.45	2300	1	0	0.00	0.01	27.11
7	7	2462	53.97	4562	3394	0.46	2254	0	0	0.00	0.10	45.98	5.88
7	15	2585	56.60	4567	3394	0.44	2270	0	0	0.00	0.05	43.39
Core	CPU	Avg_MHz	Busy%	Bzy_MHz	TSC_MHz	IPC	IRQ	NMI	SMI	POLL%	C1%	C2%	CorWatt	PkgWatt
-	-	2358	51.69	4562	3393	0.45	36023	3	0	0.00	0.06	48.29	46.49	67.22
0	0	927	20.28	4568	3394	0.41	2183	0	0	0.00	0.01	79.79	5.83	67.25
0	8	3917	85.72	4569	3394	0.45	2254	0	0	0.00	0.07	14.24
1	1	110	2.41	4563	3394	0.09	2105	0	0	0.00	0.01	97.68	5.68
1	9	4500	98.52	4568	3394	0.46	2276	0	0	0.00	0.08	1.40
2	2	2524	55.80	4524	3394	0.50	2362	0	0	0.00	0.13	44.13	5.62
2	10	1627	35.80	4545	3394	0.44	2264	1	0	0.00	0.02	64.26
3	3	2425	53.09	4567	3394	0.45	2633	0	0	0.00	0.15	46.82	5.85
3	11	2357	51.57	4571	3394	0.44	2264	0	0	0.00	0.10	48.39
4	4	1559	34.08	4574	3394	0.48	2163	0	0	0.00	0.03	65.97	6.20
4	12	3730	81.58	4572	3394	0.45	2249	1	0	0.00	0.07	18.37
5	5	1816	39.78	4564	3394	0.46	2157	0	0	0.00	0.05	60.23	5.95
5	13	2984	65.33	4568	3394	0.45	2275	0	0	0.00	0.00	34.71
6	6	2274	50.07	4542	3394	0.47	2218	0	0	0.00	0.20	49.78	5.59
6	14	2071	45.46	4556	3394	0.44	2180	0	0	0.00	0.01	54.59
7	7	978	21.40	4570	3394	0.40	2181	0	0	0.00	0.01	78.68	5.79
7	15	3940	86.23	4569	3394	0.45	2259	1	0	0.00	0.09	13.70
Core	CPU	Avg_MHz	Busy%	Bzy_MHz	TSC_MHz	IPC	IRQ	NMI	SMI	POLL%	C1%	C2%	CorWatt	PkgWatt
-	-	2353	51.64	4556	3391	0.45	36091	0	0	0.00	0.06	48.31	46.50	66.98
0	0	1252	27.43	4563	3394	0.45	2160	0	0	0.00	0.05	72.60	5.83	67.04
0	8	3531	77.31	4568	3394	0.45	2230	0	0	0.00	0.04	22.67
1	1	691	15.10	4575	3394	0.36	2179	0	0	0.00	0.01	84.99	5.73
1	9	4117	90.16	4567	3394	0.45	2313	0	0	0.00	0.20	9.65
2	2	2221	49.08	4525	3394	0.49	2371	0	0	0.00	0.07	50.91	5.86
2	10	2386	52.35	4558	3394	0.45	2226	0	0	0.00	0.04	47.67
3	3	1143	25.12	4551	3394	0.43	2583	0	0	0.00	0.09	74.89	5.90
3	11	3701	80.99	4569	3394	0.45	2250	0	0	0.00	0.14	18.88
4	4	1027	22.46	4573	3394	0.45	2268	0	0	0.00	0.01	77.62	5.89
4	12	3716	81.38	4566	3394	0.44	2239	0	0	0.00	0.22	18.42
5	5	1243	27.26	4560	3394	0.44	2142	0	0	0.00	0.02	72.81	6.07
5	13	3697	80.89	4571	3394	0.46	2273	0	0	0.00	0.00	19.13
6	6	2531	55.96	4524	3394	0.49	2253	0	0	0.00	0.04	44.04	5.53
6	14	1741	38.24	4552	3394	0.43	2189	0	0	0.00	0.01	61.82
7	7	1599	35.00	4568	3394	0.45	2171	0	0	0.00	0.03	65.04	5.74
7	15	3080	67.46	4566	3394	0.45	2244	0	0	0.00	0.00	32.57
Core	CPU	Avg_MHz	Busy%	Bzy_MHz	TSC_MHz	IPC	IRQ	NMI	SMI	POLL%	C1%	C2%	CorWatt	PkgWatt
-	-	2359	51.71	4562	3394	0.45	36181	2	0	0.00	0.06	48.28	46.75	67.40
0	0	2888	63.19	4571	3394	0.46	2213	0	0	0.00	0.24	36.62	5.92	67.46
0	8	1967	42.96	4579	3394	0.44	2190	0	0	0.00	0.12	56.98
1	1	1517	33.57	4519	3394	0.42	2223	0	0	0.00	0.13	66.37	5.49
1	9	2965	64.91	4568	3394	0.45	2321	1	0	0.00	0.05	35.08
2	2	3006	66.24	4539	3394	0.47	2398	0	0	0.00	0.09	33.71	5.77
2	10	1425	31.32	4550	3394	0.42	2257	0	0	0.00	0.01	68.76
3	3	2826	62.17	4545	3394	0.45	2662	0	0	0.00	0.07	37.80	5.66
3	11	1672	36.66	4562	3394	0.42	2198	0	0	0.00	0.00	63.40
4	4	1046	22.99	4552	3394	0.43	2139	0	0	0.00	0.01	77.08	5.97
4	12	3722	81.44	4571	3394	0.46	2254	0	0	0.00	0.01	18.58
5	5	3319	72.54	4575	3394	0.49	2196	0	0	0.00	0.09	27.40	6.17
5	13	1862	40.67	4578	3394	0.43	2180	1	0	0.00	0.01	59.39
6	6	2322	51.00	4553	3394	0.45	2293	0	0	0.00	0.01	49.05	5.76
6	14	2248	49.26	4564	3394	0.44	2208	0	0	0.00	0.06	50.73
7	7	2011	44.01	4569	3394	0.48	2201	0	0	0.00	0.01	56.03	6.01
7	15	2945	64.41	4572	3394	0.44	2248	0	0	0.00	0.01	35.62
Core	CPU	Avg_MHz	Busy%	Bzy_MHz	TSC_MHz	IPC	IRQ	NMI	SMI	POLL%	C1%	C2%	CorWatt	PkgWatt
-	-	2375	52.11	4558	3393	0.45	36982	3	0	0.00	0.09	47.84	46.67	67.29
0	0	898	19.63	4574	3394	0.43	2200	0	0	0.00	0.17	80.29	5.92	67.29
0	8	3922	85.89	4567	3394	0.46	2260	1	0	0.00	0.11	14.02
1	1	1693	37.69	4492	3394	0.43	2291	0	0	0.00	0.01	62.37	5.49
1	9	2774	60.83	4561	3394	0.45	2328	0	0	0.00	0.07	39.15
2	2	2996	66.27	4522	3394	0.46	2496	0	0	0.00	0.22	33.56	5.62
2	10	1332	29.26	4551	3394	0.40	2371	0	0	0.00	0.03	70.80
3	3	2024	44.48	4550	3394	0.44	2687	0	0	0.01	0.13	55.46	5.84
3	11	2789	61.04	4570	3394	0.43	2369	0	0	0.00	0.15	38.85
4	4	2526	55.26	4572	3394	0.47	2206	1	0	0.00	0.03	44.77	6.17
4	12	2697	59.00	4571	3394	0.44	2350	0	0	0.00	0.03	41.02
5	5	3249	71.15	4567	3394	0.47	2220	1	0	0.00	0.18	28.69	5.95
5	13	1515	33.14	4571	3394	0.43	2262	0	0	0.00	0.01	66.92
6	6	2234	48.95	4564	3394	0.45	2265	0	0	0.00	0.19	50.91	5.84
6	14	2480	54.29	4567	3394	0.44	2208	0	0	0.00	0.01	45.75
7	7	2210	48.37	4570	3394	0.48	2248	0	0	0.00	0.04	51.66	5.87
7	15	2676	58.57	4569	3394	0.44	2221	0	0	0.00	0.08	41.40
Core	CPU	Avg_MHz	Busy%	Bzy_MHz	TSC_MHz	IPC	IRQ	NMI	SMI	POLL%	C1%	C2%	CorWatt	PkgWatt
-	-	2482	54.39	4563	3396	0.44	37604	1	0	0.00	0.08	45.62	47.20	67.58
0	0	1915	41.95	4565	3394	0.44	2154	0	0	0.00	0.10	58.01	5.91	67.52
0	8	3083	67.54	4565	3394	0.45	2372	0	0	0.00	0.04	32.45
1	1	1659	36.77	4513	3394	0.41	2272	0	0	0.00	0.03	63.27	5.67
1	9	3219	70.52	4564	3394	0.44	2471	0	0	0.00	0.09	29.42
2	2	3326	73.41	4531	3394	0.48	2422	0	0	0.00	0.24	26.38	5.76
2	10	1269	27.86	4554	3394	0.39	2355	0	0	0.00	0.01	72.21
3	3	2851	62.51	4561	3394	0.45	2850	0	0	0.00	0.17	37.37	5.92
3	11	2161	47.34	4565	3394	0.42	2298	0	0	0.00	0.08	52.64
4	4	1655	36.30	4560	3394	0.44	2196	0	0	0.00	0.01	63.76	6.10
4	12	3317	72.63	4568	3394	0.46	2373	0	0	0.00	0.04	27.35
5	5	1628	35.81	4548	3394	0.45	2338	0	0	0.00	0.03	64.24	5.89
5	13	3323	72.75	4568	3394	0.44	2316	0	0	0.00	0.00	27.27
6	6	2195	48.16	4558	3394	0.45	2376	0	0	0.00	0.07	51.83	5.94
6	14	2859	62.62	4565	3394	0.44	2250	0	0	0.00	0.05	37.37
7	7	1606	35.10	4574	3394	0.44	2286	1	0	0.00	0.05	64.92	5.98
7	15	3608	79.01	4566	3394	0.44	2275	0	0	0.00	0.27	20.75
Core	CPU	Avg_MHz	Busy%	Bzy_MHz	TSC_MHz	IPC	IRQ	NMI	SMI	POLL%	C1%	C2%	CorWatt	PkgWatt
-	-	2444	53.60	4560	3393	0.44	38109	4	0	0.00	0.09	46.36	47.23	67.60
0	0	660	14.45	4566	3394	0.38	2251	0	0	0.00	0.03	85.61	5.89	67.59
0	8	4302	94.22	4565	3394	0.45	2253	0	0	0.00	0.00	5.78
1	1	1011	22.23	4550	3394	0.42	2264	0	0	0.00	0.06	77.80	5.95
1	9	4040	88.56	4562	3394	0.45	2275	0	0	0.00	0.01	11.44
2	2	2188	48.25	4536	3394	0.46	2473	1	0	0.00	0.20	51.62	5.79
2	10	2328	51.10	4555	3394	0.43	2587	0	0	0.00	0.14	48.82
3	3	1153	25.35	4546	3394	0.39	2795	0	0	0.00	0.12	74.63	5.83
3	11	3629	79.50	4564	3394	0.45	2457	1	0	0.00	0.16	20.37
4	4	2681	58.87	4555	3394	0.46	2369	0	0	0.00	0.07	41.11	5.90
4	12	2075	45.56	4554	3394	0.42	2364	1	0	0.00	0.05	54.45
5	5	1788	39.19	4562	3394	0.42	2474	0	0	0.00	0.09	60.80	5.91
5	13	3178	69.61	4565	3394	0.44	2324	0	0	0.00	0.20	30.22
6	6	1726	37.90	4556	3394	0.42	2264	0	0	0.00	0.06	62.10	5.83
6	14	3060	67.11	4560	3394	0.44	2332	0	0	0.00	0.05	32.88
7	7	2705	59.09	4577	3394	0.50	2419	0	0	0.00	0.18	40.78	6.13
7	15	2588	56.65	4569	3394	0.43	2208	1	0	0.00	0.00	43.40
Core	CPU	Avg_MHz	Busy%	Bzy_MHz	TSC_MHz	IPC	IRQ	NMI	SMI	POLL%	C1%	C2%	CorWatt	PkgWatt
-	-	2374	52.04	4562	3395	0.45	37143	2	0	0.00	0.08	47.95	46.92	67.31
0	0	844	18.54	4550	3394	0.41	2291	0	0	0.00	0.05	81.50	5.82	67.27
0	8	3882	85.02	4566	3394	0.45	2315	0	0	0.00	0.10	14.90
1	1	1705	37.28	4573	3394	0.51	2114	0	0	0.00	0.02	62.76	6.03
1	9	3308	72.37	4570	3394	0.45	2301	0	0	0.00	0.02	27.62
2	2	3116	68.54	4547	3394	0.47	2467	0	0	0.00	0.15	31.35	5.87
2	10	1474	32.35	4557	3394	0.44	2252	0	0	0.00	0.10	67.63
3	3	2173	47.70	4557	3394	0.45	2667	1	0	0.00	0.16	52.21	6.04
3	11	2855	62.50	4567	3394	0.45	2372	0	0	0.00	0.23	37.32
4	4	3082	67.96	4535	3394	0.46	2271	0	0	0.00	0.07	32.00	5.65
4	12	1217	26.86	4531	3394	0.41	2339	0	0	0.00	0.01	73.21
5	5	2808	61.45	4569	3394	0.45	2297	0	0	0.00	0.00	38.60	6.01
5	13	2204	48.23	4569	3394	0.43	2337	0	0	0.00	0.02	51.81
6	6	2366	51.84	4564	3394	0.45	2242	0	0	0.00	0.07	48.14	5.83
6	14	2336	51.12	4569	3394	0.44	2273	1	0	0.00	0.01	48.92
7	7	1268	28.00	4530	3394	0.41	2298	0	0	0.00	0.19	71.90	5.63
7	15	3328	72.94	4563	3394	0.45	2307	0	0	0.00	0.09	27.00
Core	CPU	Avg_MHz	Busy%	Bzy_MHz	TSC_MHz	IPC	IRQ	NMI	SMI	POLL%	C1%	C2%	CorWatt	PkgWatt
-	-	2337	51.25	4560	3394	0.45	36106	2	0	0.00	0.07	48.74	46.57	67.22
0	0	1668	36.73	4542	3394	0.44	2305	1	0	0.00	0.13	63.22	5.70	67.19
0	8	2933	64.26	4564	3394	0.45	2283	0	0	0.00	0.16	35.61
1	1	2753	60.30	4565	3394	0.48	2199	0	0	0.00	0.10	39.64	5.78
1	9	1866	40.86	4565	3394	0.44	2214	0	0	0.00	0.01	59.20
2	2	3812	83.88	4545	3394	0.48	2427	0	0	0.00	0.30	15.84	5.87
2	10	747	16.50	4529	3394	0.38	2174	0	0	0.00	0.01	83.58
3	3	2261	49.78	4541	3394	0.46	2586	0	0	0.00	0.06	50.22	5.60
3	11	2107	46.29	4552	3394	0.44	2259	0	0	0.00	0.06	53.71
4	4	1204	26.34	4570	3394	0.45	2135	0	0	0.00	0.07	73.68	6.04
4	12	3676	80.50	4566	3394	0.46	2253	0	0	0.00	0.00	19.52
5	5	2274	49.79	4568	3394	0.46	2157	0	0	0.00	0.00	50.26	5.88
5	13	2485	54.43	4566	3394	0.44	2233	0	0	0.00	0.01	45.62
6	6	2128	46.71	4557	3394	0.44	2230	1	0	0.00	0.06	53.29	5.87
6	14	2679	58.64	4568	3394	0.44	2278	0	0	0.00	0.16	41.26
7	7	1757	38.49	4564	3394	0.45	2150	0	0	0.00	0.01	61.56	5.81
7	15	3039	66.52	4568	3394	0.45	2223	0	0	0.00	0.00	33.52
Core	CPU	Avg_MHz	Busy%	Bzy_MHz	TSC_MHz	IPC	IRQ	NMI	SMI	POLL%	C1%	C2%	CorWatt	PkgWatt
-	-	2354	51.62	4561	3393	0.45	36159	2	0	0.00	0.06	48.36	46.90	67.40
0	0	341	7.45	4574	3394	0.39	2068	0	0	0.00	0.00	92.65	5.96	67.45
0	8	4468	97.74	4571	3394	0.45	2280	1	0	0.00	0.05	2.21
1	1	996	21.74	4579	3394	0.45	2171	0	0	0.00	0.01	78.32	5.88
1	9	3830	83.79	4572	3394	0.45	2229	1	0	0.00	0.00	16.23
2	2	3120	68.96	4525	3394	0.49	2484	0	0	0.00	0.43	30.65	5.63
2	10	1016	22.33	4550	3394	0.39	2221	0	0	0.00	0.01	77.75
3	3	3345	73.66	4541	3394	0.46	2695	0	0	0.00	0.13	26.23	5.46
3	11	783	17.37	4507	3394	0.38	2306	0	0	0.00	0.05	82.67
4	4	2278	49.79	4574	3394	0.45	2206	0	0	0.00	0.00	50.26	6.09
4	12	2679	58.63	4569	3394	0.44	2271	0	0	0.00	0.01	41.41
5	5	1607	35.20	4566	3394	0.45	2151	0	0	0.00	0.03	64.84	5.97
5	13	3291	72.00	4571	3394	0.45	2296	0	0	0.00	0.01	28.03
6	6	2591	56.76	4565	3394	0.46	2219	0	0	0.00	0.10	43.19	6.04
6	14	2464	53.90	4572	3394	0.44	2236	0	0	0.00	0.13	46.02
7	7	1623	35.51	4570	3394	0.44	2110	0	0	0.00	0.02	64.54	5.88
7	15	3247	71.01	4572	3394	0.45	2216	0	0	0.00	0.00	29.02
Core	CPU	Avg_MHz	Busy%	Bzy_MHz	TSC_MHz	IPC	IRQ	NMI	SMI	POLL%	C1%	C2%	CorWatt	PkgWatt
-	-	2353	51.62	4559	3394	0.45	36240	1	0	0.00	0.06	48.39	46.60	67.20
0	0	169	3.77	4478	3394	0.18	2153	0	0	0.00	0.01	96.32	5.62	67.18
0	8	4285	93.91	4562	3394	0.45	2286	0	0	0.00	0.06	6.04
1	1	400	8.77	4566	3394	0.38	2176	0	0	0.00	0.00	91.33	5.73
1	9	4276	93.63	4566	3394	0.46	2243	0	0	0.00	0.00	6.37
2	2	3456	76.47	4519	3394	0.48	2448	0	0	0.00	0.18	23.37	5.50
2	10	604	13.42	4498	3394	0.36	2176	0	0	0.00	0.01	86.67
3	3	2186	48.09	4546	3394	0.44	2691	0	0	0.00	0.26	51.72	5.80
3	11	2512	55.06	4562	3394	0.44	2274	0	0	0.00	0.05	44.94
4	4	3010	66.29	4540	3394	0.46	2297	0	0	0.00	0.11	33.64	6.06
4	12	2132	46.65	4570	3394	0.43	2248	0	0	0.00	0.03	53.38
5	5	3000	65.66	4568	3394	0.47	2219	0	0	0.00	0.05	34.32	6.04
5	13	1945	42.52	4575	3394	0.43	2274	1	0	0.00	0.05	57.50
6	6	2490	54.53	4567	3394	0.46	2188	0	0	0.00	0.09	45.43	5.99
6	14	2359	51.62	4570	3394	0.45	2165	0	0	0.00	0.01	48.43
7	7	2143	46.92	4567	3394	0.46	2200	0	0	0.00	0.01	53.13	5.84
7	15	2678	58.61	4569	3394	0.45	2202	0	0	0.00	0.00	41.43
Core	CPU	Avg_MHz	Busy%	Bzy_MHz	TSC_MHz	IPC	IRQ	NMI	SMI	POLL%	C1%	C2%	CorWatt	PkgWatt
-	-	2353	51.64	4558	3393	0.45	36208	1	0	0.00	0.04	48.37	46.71	67.32
0	0	442	9.73	4544	3394	0.36	2219	0	0	0.00	0.01	90.36	5.71	67.31
0	8	4123	90.35	4563	3394	0.45	2275	0	0	0.00	0.13	9.53
1	1	1524	33.43	4558	3394	0.46	2180	0	0	0.00	0.00	66.63	5.89
1	9	3307	72.45	4565	3394	0.45	2245	0	0	0.00	0.01	27.58
2	2	2714	60.03	4521	3394	0.48	2445	0	0	0.00	0.01	40.01	5.66
2	10	1535	33.75	4547	3394	0.43	2252	0	0	0.00	0.01	66.32
3	3	2860	62.73	4559	3394	0.46	2595	0	0	0.00	0.07	37.25	5.82
3	11	1773	38.92	4557	3394	0.43	2178	0	0	0.00	0.01	61.15
4	4	1887	41.39	4559	3394	0.45	2237	1	0	0.00	0.02	58.66	6.06
4	12	3116	68.20	4569	3394	0.45	2227	0	0	0.00	0.13	31.71
5	5	2832	62.29	4546	3394	0.45	2266	0	0	0.00	0.03	37.72	5.75
5	13	1756	38.47	4564	3394	0.44	2262	0	0	0.00	0.02	61.58
6	6	2828	62.02	4561	3394	0.46	2232	0	0	0.00	0.17	37.86	5.78
6	14	1762	38.61	4562	3394	0.43	2206	0	0	0.00	0.02	61.44
7	7	2710	59.34	4567	3394	0.47	2181	0	0	0.00	0.05	40.65	6.04
7	15	2490	54.48	4571	3394	0.44	2208	0	0	0.00	0.01	45.56
Core	CPU	Avg_MHz	Busy%	Bzy_MHz	TSC_MHz	IPC	IRQ	NMI	SMI	POLL%	C1%	C2%	CorWatt	PkgWatt
-	-	2347	51.53	4556	3394	0.45	35995	3	0	0.00	0.06	48.47	46.60	67.11
0	0	1005	22.26	4515	3394	0.44	2175	0	0	0.00	0.07	77.76	5.66	67.09
0	8	3509	76.95	4559	3394	0.45	2253	0	0	0.00	0.09	22.98
1	1	1973	43.37	4548	3394	0.46	2178	0	0	0.00	0.01	56.68	5.70
1	9	2713	59.48	4562	3394	0.45	2204	0	0	0.00	0.01	40.56
2	2	2194	48.61	4514	3394	0.49	2427	1	0	0.00	0.06	51.39	5.72
2	10	2140	47.04	4550	3394	0.44	2304	0	0	0.00	0.05	52.97
3	3	2367	51.97	4555	3394	0.45	2577	0	0	0.00	0.12	47.97	5.94
3	11	2545	55.81	4560	3394	0.44	2238	0	0	0.00	0.17	44.07
4	4	2017	44.22	4561	3394	0.43	2244	0	0	0.00	0.01	55.84	5.89
4	12	2700	59.22	4559	3394	0.45	2214	0	0	0.00	0.11	40.71
5	5	2144	47.03	4559	3394	0.45	2190	1	0	0.00	0.04	52.99	5.98
5	13	2827	61.95	4564	3394	0.45	2280	0	0	0.00	0.05	38.05
6	6	1401	30.77	4554	3394	0.44	2186	0	0	0.00	0.00	69.30	5.79
6	14	3302	72.41	4560	3394	0.45	2219	0	0	0.00	0.09	27.53
7	7	2833	62.15	4558	3394	0.49	2161	0	0	0.00	0.02	37.86	5.92
7	15	1881	41.20	4565	3394	0.44	2145	1	0	0.00	0.09	58.78
Core	CPU	Avg_MHz	Busy%	Bzy_MHz	TSC_MHz	IPC	IRQ	NMI	SMI	POLL%	C1%	C2%	CorWatt	PkgWatt
-	-	1481	32.64	4539	3394	0.45	35129	2	0	0.01	0.05	67.39	31.06	50.97
0	0	1040	22.99	4523	3394	0.41	2166	0	0	0.00	0.00	77.07	3.75	50.95
0	8	1814	39.92	4543	3394	0.44	2218	0	0	0.00	0.09	60.04
1	1	1168	25.66	4550	3394	0.47	2094	0	0	0.00	0.01	74.39	3.85
1	9	1785	39.24	4548	3394	0.44	2156	0	0	0.00	0.03	60.78
2	2	2145	47.54	4513	3394	0.46	2324	0	0	0.00	0.23	52.28	3.73
2	10	505	11.24	4496	3394	0.38	2214	0	0	0.00	0.08	88.77
3	3	1970	43.41	4537	3394	0.47	2632	0	0	0.12	0.02	56.61	3.93
3	11	974	21.43	4543	3394	0.43	2112	0	0	0.00	0.00	78.64
4	4	1434	31.74	4517	3394	0.47	2195	0	0	0.00	0.04	68.28	3.89
4	12	1332	29.42	4527	3394	0.44	2158	1	0	0.00	0.01	70.64
5	5	2340	51.38	4555	3394	0.47	2156	0	0	0.00	0.00	48.66	4.06
5	13	910	20.01	4547	3394	0.40	2131	0	0	0.00	0.04	80.02
6	6	1411	31.07	4539	3394	0.43	2160	0	0	0.00	0.05	68.94	3.97
6	14	1819	39.98	4550	3394	0.43	2157	0	0	0.00	0.14	59.93
7	7	1143	25.26	4525	3394	0.46	2112	1	0	0.00	0.02	74.78	3.88
7	15	1909	41.93	4553	3394	0.44	2144	0	0	0.00	0.00	58.12
