turbostat version 2025.09.09 - Len Brown <lenb@kernel.org>
Kernel command line: BOOT_IMAGE=/boot/vmlinuz-6.17.0-35-generic root=UUID=37e0ef02-2557-4d29-8187-72bb5e6547ba ro quiet splash vt.handoff=7
CPUID(0): AuthenticAMD 0x10 CPUID levels
CPUID(1): family:model:stepping 0x19:21:2 (25:33:2) microcode 0x0
CPUID(0x80000000): max_extended_levels: 0x80000023
CPUID(1): SSE3 MONITOR - - - TSC MSR - HT -
CPUID(6): APERF, No-TURBO, No-DTS, No-PTM, No-HWP, No-HWPnotify, No-HWPwindow, No-HWPepp, No-HWPpkg, No-EPB
CPUID(7): No-SGX No-Hybrid
cpu0: cpufreq driver: amd-pstate-epp
cpu0: cpufreq governor: powersave
cpufreq boost: 1
/dev/cpu_dma_latency: 2000000000 usec (default)
current_driver: acpi_idle
current_governor: menu
current_governor_ro: menu
cpu0: POLL: CPUIDLE CORE POLL IDLE
cpu0: C1: ACPI FFH MWAIT 0x0
cpu0: C2: ACPI IOPORT 0x414
RAPL: 234 sec. Joule Counter Range, at 280 Watts
intel-rapl:0: package-0 disabled
intel-rapl:0/intel-rapl:0:0: core disabled
cpu0: MSR_RAPL_PWR_UNIT: 0x000a1003 (0.125000 Watts, 0.000015 Joules, 0.000977 sec.)
Core	CPU	Avg_MHz	Busy%	Bzy_MHz	TSC_MHz	IPC	IRQ	NMI	SMI	POLL%	C1%	C2%	CorWatt	PkgWatt
-	-	181	4.85	3743	3394	0.53	45592	0	0	0.01	0.26	94.99	9.05	26.93
0	0	160	4.26	3762	3394	0.44	2616	0	0	0.01	0.23	95.60	1.16	26.93
0	8	233	6.23	3746	3394	0.61	3077	0	0	0.00	0.18	93.68
1	1	349	9.24	3777	3394	0.57	3215	0	0	0.00	0.45	90.41	1.49
1	9	320	8.23	3892	3394	0.82	2580	0	0	0.00	0.21	91.64
2	2	164	4.61	3551	3394	0.35	3671	0	0	0.00	0.67	94.84	1.03
2	10	138	3.90	3530	3394	0.25	3320	0	0	0.00	0.05	96.16
3	3	84	2.39	3517	3394	0.19	2827	0	0	0.06	0.40	97.29	0.90
3	11	98	2.79	3507	3394	0.26	2571	0	0	0.00	0.06	97.24
4	4	109	3.05	3573	3394	0.26	2397	0	0	0.00	0.16	96.83	0.91
4	12	77	2.18	3533	3394	0.17	2387	0	0	0.00	0.46	97.45
5	5	134	3.79	3526	3394	0.33	2919	0	0	0.00	0.20	96.08	1.04
5	13	172	4.76	3614	3394	0.31	3630	0	0	0.00	0.46	94.88
6	6	163	4.60	3549	3394	0.38	3216	0	0	0.00	0.19	95.32	0.95
6	14	75	2.11	3538	3394	0.19	2395	0	0	0.00	0.16	97.83
7	7	556	13.47	4126	3394	0.93	2612	0	0	0.00	0.23	86.37	1.56
7	15	69	1.91	3648	3394	0.14	2159	0	0	0.00	0.02	98.15
Core	CPU	Avg_MHz	Busy%	Bzy_MHz	TSC_MHz	IPC	IRQ	NMI	SMI	POLL%	C1%	C2%	CorWatt	PkgWatt
-	-	788	17.59	4483	3393	0.54	38845	0	0	0.01	0.21	82.26	20.78	39.27
0	0	295	6.91	4273	3394	0.41	2469	0	0	0.00	0.15	93.03	2.31	39.29
0	8	1104	24.40	4523	3394	0.43	2375	0	0	0.00	0.23	75.43
1	1	1409	31.01	4545	3394	0.96	2701	0	0	0.00	0.15	68.89	3.70
1	9	1266	27.83	4550	3394	0.42	2194	0	0	0.00	0.01	72.22
2	2	1013	22.70	4462	3394	0.52	2640	0	0	0.00	0.45	76.92	2.31
2	10	259	6.00	4311	3394	0.30	2428	0	0	0.00	0.07	94.01
3	3	822	18.41	4466	3394	0.47	2773	0	0	0.13	0.23	81.44	2.31
3	11	520	11.61	4479	3394	0.32	2246	0	0	0.00	0.23	88.23
4	4	1275	28.34	4500	3394	0.50	2436	0	0	0.00	0.19	71.53	2.46
4	12	99	2.47	3994	3394	0.28	2222	0	0	0.00	0.10	97.51
5	5	1011	22.71	4453	3394	0.49	2478	0	0	0.00	0.53	76.82	2.36
5	13	341	7.81	4372	3394	0.38	2271	0	0	0.00	0.05	92.22
6	6	701	15.78	4443	3394	0.64	2371	0	0	0.00	0.24	84.05	2.42
6	14	700	15.50	4513	3394	0.32	2531	0	0	0.00	0.24	84.33
7	7	1259	27.84	4521	3394	0.71	2529	0	0	0.00	0.29	71.93	2.92
7	15	544	12.08	4505	3394	0.56	2181	0	0	0.00	0.14	87.85
Core	CPU	Avg_MHz	Busy%	Bzy_MHz	TSC_MHz	IPC	IRQ	NMI	SMI	POLL%	C1%	C2%	CorWatt	PkgWatt
-	-	2387	52.03	4589	3393	0.33	37250	0	0	0.00	0.06	47.95	45.52	66.52
0	0	989	21.58	4585	3394	0.30	2257	0	0	0.00	0.01	78.50	5.57	66.55
0	8	3648	79.35	4597	3394	0.33	2382	0	0	0.00	0.08	20.59
1	1	1149	24.94	4609	3394	0.35	2167	0	0	0.00	0.02	75.10	5.85
1	9	3832	83.28	4601	3394	0.34	2267	0	0	0.00	0.00	16.73
2	2	3765	82.56	4561	3394	0.35	2454	0	0	0.00	0.18	17.29	5.60
2	10	789	17.20	4588	3394	0.29	2225	0	0	0.00	0.15	82.74
3	3	1757	38.52	4563	3394	0.33	2784	0	0	0.00	0.10	61.47	5.68
3	11	2989	65.00	4599	3394	0.33	2234	0	0	0.00	0.15	34.89
4	4	3009	65.98	4560	3394	0.35	2284	0	0	0.00	0.05	34.01	5.73
4	12	1773	38.60	4594	3394	0.31	2320	0	0	0.00	0.02	61.46
5	5	2600	56.54	4598	3394	0.34	2285	0	0	0.00	0.01	43.50	5.74
5	13	2211	48.09	4598	3394	0.32	2365	0	0	0.00	0.06	51.91
6	6	1339	29.13	4597	3394	0.31	2223	0	0	0.00	0.00	70.94	5.73
6	14	3580	77.82	4599	3394	0.33	2368	0	0	0.00	0.08	22.12
7	7	1798	39.10	4600	3394	0.33	2285	0	0	0.00	0.01	60.96	5.64
7	15	2978	64.74	4600	3394	0.33	2350	0	0	0.00	0.09	35.21
Core	CPU	Avg_MHz	Busy%	Bzy_MHz	TSC_MHz	IPC	IRQ	NMI	SMI	POLL%	C1%	C2%	CorWatt	PkgWatt
-	-	2352	51.28	4587	3394	0.33	36651	4	0	0.00	0.07	48.72	45.29	66.45
0	0	1873	40.83	4587	3394	0.31	2345	0	0	0.00	0.04	59.19	5.59	66.42
0	8	2842	62.00	4585	3394	0.33	2289	1	0	0.00	0.24	37.81
1	1	2302	50.14	4590	3394	0.36	2240	0	0	0.00	0.03	49.89	5.79
1	9	2736	59.50	4598	3394	0.32	2217	0	0	0.00	0.01	40.54
2	2	2419	53.12	4554	3394	0.34	2405	1	0	0.00	0.07	46.86	5.53
2	10	2004	43.78	4577	3394	0.32	2224	0	0	0.00	0.04	56.24
3	3	2455	53.64	4577	3394	0.33	2776	0	0	0.00	0.29	46.13	5.58
3	11	2062	44.99	4583	3394	0.33	2299	0	0	0.00	0.06	55.02
4	4	3558	77.57	4587	3394	0.35	2253	0	0	0.00	0.14	22.32	5.72
4	12	1126	24.62	4573	3394	0.31	2146	0	0	0.00	0.01	75.45
5	5	2700	58.77	4593	3394	0.34	2222	1	0	0.00	0.07	41.21	5.75
5	13	2101	45.80	4589	3394	0.33	2293	0	0	0.00	0.00	54.27
6	6	1512	32.99	4582	3394	0.32	2247	0	0	0.00	0.02	67.07	5.61
6	14	3091	67.32	4591	3394	0.33	2285	1	0	0.00	0.01	32.71
7	7	2861	62.23	4597	3394	0.34	2232	0	0	0.00	0.03	37.78	5.71
7	15	1984	43.18	4595	3394	0.33	2178	0	0	0.00	0.00	56.87
Core	CPU	Avg_MHz	Busy%	Bzy_MHz	TSC_MHz	IPC	IRQ	NMI	SMI	POLL%	C1%	C2%	CorWatt	PkgWatt
-	-	2375	51.81	4584	3393	0.33	36459	3	0	0.00	0.05	48.18	45.53	66.74
0	0	1144	24.91	4591	3394	0.34	2214	0	0	0.00	0.01	75.16	5.70	66.75
0	8	3574	77.88	4590	3394	0.33	2261	0	0	0.00	0.06	22.09
1	1	791	17.22	4596	3394	0.32	2079	0	0	0.00	0.00	82.86	5.67
1	9	3938	85.78	4591	3394	0.34	2241	1	0	0.00	0.01	14.23
2	2	3098	68.29	4536	3394	0.37	2444	0	0	0.00	0.09	31.65	5.38
2	10	1012	22.41	4514	3394	0.31	2275	0	0	0.00	0.09	77.58
3	3	1459	31.77	4592	3394	0.32	2677	0	0	0.00	0.08	68.24	5.77
3	11	3397	73.99	4591	3394	0.33	2267	0	0	0.00	0.01	26.03
4	4	2224	48.44	4591	3394	0.32	2311	1	0	0.00	0.01	51.61	5.77
4	12	2599	56.63	4590	3394	0.33	2273	0	0	0.00	0.13	43.30
5	5	2386	51.98	4590	3394	0.33	2251	0	0	0.00	0.07	48.01	5.77
5	13	2499	54.40	4593	3394	0.32	2253	0	0	0.00	0.06	45.59
6	6	1756	38.28	4588	3394	0.32	2247	0	0	0.00	0.02	61.77	5.63
6	14	2930	63.82	4591	3394	0.33	2268	0	0	0.00	0.18	36.05
7	7	2253	49.02	4596	3394	0.34	2185	1	0	0.00	0.04	51.00	5.86
7	15	2947	64.11	4597	3394	0.33	2213	0	0	0.00	0.01	35.93
Core	CPU	Avg_MHz	Busy%	Bzy_MHz	TSC_MHz	IPC	IRQ	NMI	SMI	POLL%	C1%	C2%	CorWatt	PkgWatt
-	-	2376	51.84	4584	3394	0.33	36526	3	0	0.00	0.07	48.15	45.77	66.79
0	0	1214	26.81	4529	3394	0.31	2210	0	0	0.00	0.01	73.26	5.55	66.76
0	8	3364	73.28	4591	3394	0.33	2274	0	0	0.00	0.03	26.72
1	1	1768	38.46	4596	3394	0.34	2111	0	0	0.00	0.01	61.58	5.83
1	9	3136	68.27	4594	3394	0.33	2241	0	0	0.00	0.00	31.76
2	2	2855	63.03	4530	3394	0.35	2457	0	0	0.00	0.13	36.89	5.43
2	10	1317	28.82	4568	3394	0.31	2312	0	0	0.00	0.01	71.25
3	3	2989	65.24	4581	3394	0.34	2717	0	0	0.00	0.02	34.78	5.71
3	11	1648	35.88	4593	3394	0.32	2232	1	0	0.00	0.08	64.11
4	4	2964	64.54	4592	3394	0.34	2283	0	0	0.00	0.13	35.37	5.94
4	12	2056	44.73	4596	3394	0.32	2195	1	0	0.00	0.04	55.29
5	5	1682	36.76	4577	3394	0.33	2131	0	0	0.00	0.00	63.31	5.72
5	13	3034	66.13	4589	3394	0.33	2299	0	0	0.00	0.01	33.91
6	6	2147	46.73	4594	3394	0.33	2260	1	0	0.00	0.20	53.13	5.75
6	14	2684	58.47	4591	3394	0.32	2307	0	0	0.00	0.46	41.12
7	7	2874	62.64	4588	3394	0.34	2244	0	0	0.00	0.01	37.40	5.84
7	15	2283	49.67	4596	3394	0.32	2253	0	0	0.00	0.01	50.37
Core	CPU	Avg_MHz	Busy%	Bzy_MHz	TSC_MHz	IPC	IRQ	NMI	SMI	POLL%	C1%	C2%	CorWatt	PkgWatt
-	-	2372	51.81	4579	3393	0.33	36503	2	0	0.00	0.06	48.18	45.95	66.93
0	0	1758	38.42	4575	3394	0.33	2282	0	0	0.00	0.01	61.64	5.77	66.95
0	8	3115	67.87	4590	3394	0.33	2259	0	0	0.00	0.14	32.03
1	1	695	15.18	4578	3394	0.31	2210	0	0	0.00	0.03	84.88	5.74
1	9	4187	91.23	4590	3394	0.33	2246	0	0	0.00	0.00	8.78
2	2	3600	79.14	4548	3394	0.36	2449	0	0	0.00	0.18	20.70	5.69
2	10	881	19.30	4563	3394	0.28	2230	0	0	0.00	0.01	80.78
3	3	2212	48.71	4541	3394	0.34	2655	0	0	0.00	0.14	51.21	5.75
3	11	2660	58.00	4587	3394	0.33	2267	0	0	0.00	0.01	42.04
4	4	2433	53.42	4556	3394	0.33	2275	0	0	0.00	0.16	46.46	5.66
4	12	2021	44.11	4581	3394	0.32	2270	0	0	0.00	0.00	55.95
5	5	1582	34.45	4593	3394	0.33	2202	0	0	0.00	0.00	65.62	5.85
5	13	3300	71.90	4590	3394	0.33	2279	1	0	0.00	0.01	28.12
6	6	2028	44.21	4588	3394	0.33	2187	0	0	0.00	0.00	55.85	5.75
6	14	2716	59.13	4593	3394	0.33	2225	0	0	0.00	0.14	40.77
7	7	2561	55.75	4593	3394	0.34	2207	0	0	0.00	0.03	44.27	5.74
7	15	2212	48.15	4594	3394	0.32	2260	1	0	0.00	0.10	51.81
Core	CPU	Avg_MHz	Busy%	Bzy_MHz	TSC_MHz	IPC	IRQ	NMI	SMI	POLL%	C1%	C2%	CorWatt	PkgWatt
-	-	2473	54.05	4575	3394	0.32	38783	1	0	0.00	0.12	45.89	46.45	67.32
0	0	1261	27.93	4513	3394	0.30	2521	0	0	0.00	0.11	72.05	5.52	67.29
0	8	3307	72.16	4583	3394	0.32	2405	0	0	0.00	0.10	27.78
1	1	1809	39.69	4558	3394	0.31	2474	0	0	0.00	0.04	60.35	5.67
1	9	3137	68.40	4586	3394	0.32	2321	0	0	0.00	0.01	31.63
2	2	2589	57.12	4533	3394	0.33	2676	0	0	0.00	0.26	42.68	5.80
2	10	2230	48.83	4566	3394	0.31	2470	1	0	0.00	0.26	50.98
3	3	1579	34.65	4555	3394	0.32	2800	0	0	0.00	0.16	65.26	5.85
3	11	3467	75.75	4578	3394	0.32	2356	0	0	0.00	0.18	24.10
4	4	3215	70.20	4580	3394	0.35	2253	0	0	0.00	0.10	29.74	6.02
4	12	1927	42.04	4584	3394	0.31	2486	0	0	0.00	0.19	57.85
5	5	3040	66.31	4585	3394	0.33	2276	0	0	0.00	0.07	33.65	5.94
5	13	2161	47.11	4587	3394	0.31	2417	0	0	0.00	0.07	52.88
6	6	2086	45.55	4579	3394	0.31	2312	0	0	0.00	0.03	54.49	5.83
6	14	2722	59.43	4580	3394	0.34	2305	0	0	0.00	0.09	40.50
7	7	2380	51.90	4586	3394	0.34	2263	0	0	0.00	0.08	48.07	5.81
7	15	2651	57.78	4588	3394	0.32	2448	0	0	0.00	0.14	42.12
Core	CPU	Avg_MHz	Busy%	Bzy_MHz	TSC_MHz	IPC	IRQ	NMI	SMI	POLL%	C1%	C2%	CorWatt	PkgWatt
-	-	2371	51.79	4579	3394	0.34	36268	2	0	0.00	0.05	48.22	45.83	66.66
0	0	1968	43.10	4567	3394	0.35	2262	0	0	0.00	0.09	56.88	5.67	66.68
0	8	2743	59.87	4582	3394	0.33	2357	1	0	0.00	0.03	40.15
1	1	2040	44.46	4587	3394	0.35	2169	0	0	0.00	0.02	55.58	5.78
1	9	2922	63.72	4585	3394	0.33	2233	0	0	0.00	0.08	36.24
2	2	2346	51.44	4560	3394	0.35	2426	0	0	0.00	0.15	48.46	5.70
2	10	2190	47.85	4575	3394	0.33	2230	0	0	0.00	0.02	52.18
3	3	2118	46.30	4575	3394	0.33	2619	1	0	0.01	0.08	53.69	5.77
3	11	2717	59.27	4584	3394	0.33	2258	0	0	0.00	0.12	40.66
4	4	2477	54.06	4581	3394	0.33	2184	0	0	0.00	0.01	45.97	5.86
4	12	2237	48.78	4586	3394	0.33	2150	0	0	0.00	0.00	51.28
5	5	453	9.86	4591	3394	0.25	2191	0	0	0.00	0.02	90.22	5.69
5	13	4215	91.99	4582	3394	0.34	2342	0	0	0.00	0.13	7.89
6	6	3191	69.87	4567	3394	0.34	2248	0	0	0.00	0.00	30.16	5.61
6	14	1496	32.71	4574	3394	0.31	2185	0	0	0.00	0.01	67.35
7	7	2521	54.96	4587	3394	0.37	2210	0	0	0.00	0.03	45.06	5.76
7	15	2308	50.32	4587	3394	0.33	2204	0	0	0.00	0.01	49.73
Core	CPU	Avg_MHz	Busy%	Bzy_MHz	TSC_MHz	IPC	IRQ	NMI	SMI	POLL%	C1%	C2%	CorWatt	PkgWatt
-	-	2365	51.78	4568	3390	0.34	36578	2	0	0.00	0.07	48.16	45.69	66.64
0	0	2041	44.65	4572	3394	0.34	2254	0	0	0.00	0.16	55.25	5.66	66.74
0	8	2672	58.34	4580	3394	0.32	2334	0	0	0.00	0.11	41.59
1	1	512	11.20	4575	3394	0.27	2175	0	0	0.00	0.07	88.83	5.59
1	9	4106	89.64	4580	3394	0.34	2300	1	0	0.00	0.04	10.33
2	2	3528	77.56	4548	3394	0.37	2499	1	0	0.00	0.39	22.07	5.69
2	10	921	20.18	4565	3394	0.26	2253	0	0	0.00	0.03	79.88
3	3	2101	45.88	4579	3394	0.33	2611	0	0	0.00	0.08	54.11	5.93
3	11	3028	66.09	4581	3394	0.33	2261	0	0	0.00	0.00	33.94
4	4	1852	40.40	4584	3394	0.34	2244	0	0	0.00	0.01	59.66	5.88
4	12	2999	65.43	4583	3394	0.33	2236	0	0	0.00	0.00	34.61
5	5	1334	29.08	4587	3394	0.32	2177	0	0	0.00	0.00	71.00	5.72
5	13	3376	73.70	4581	3394	0.34	2316	0	0	0.00	0.06	26.27
6	6	2775	60.86	4560	3394	0.35	2263	0	0	0.00	0.00	39.18	5.82
6	14	2152	46.95	4584	3394	0.33	2191	0	0	0.00	0.08	53.04
7	7	2808	61.90	4537	3394	0.34	2262	0	0	0.00	0.01	38.14	5.45
7	15	1675	36.56	4581	3394	0.32	2202	0	0	0.00	0.00	63.50
Core	CPU	Avg_MHz	Busy%	Bzy_MHz	TSC_MHz	IPC	IRQ	NMI	SMI	POLL%	C1%	C2%	CorWatt	PkgWatt
-	-	2365	51.69	4575	3397	0.34	36502	1	0	0.00	0.09	48.33	45.78	66.58
0	0	693	15.12	4581	3394	0.31	2153	0	0	0.00	0.01	84.96	5.65	66.48
0	8	3948	86.25	4578	3394	0.33	2276	0	0	0.00	0.06	13.71
1	1	574	12.56	4575	3394	0.29	2175	0	0	0.00	0.00	87.54	5.57
1	9	4065	88.81	4577	3394	0.34	2279	0	0	0.00	0.12	11.08
2	2	3812	83.73	4552	3394	0.37	2444	0	0	0.00	0.53	15.76	5.68
2	10	552	12.12	4557	3394	0.29	2144	0	0	0.00	0.07	87.91
3	3	2544	55.96	4546	3394	0.35	2767	0	0	0.00	0.18	43.93	5.65
3	11	2085	45.52	4580	3394	0.33	2232	0	0	0.00	0.03	54.51
4	4	1908	42.02	4540	3394	0.33	2248	0	0	0.00	0.00	58.04	5.78
4	12	2846	62.17	4579	3394	0.33	2226	0	0	0.00	0.01	37.87
5	5	1395	30.78	4532	3394	0.31	2278	0	0	0.00	0.01	69.29	5.55
5	13	3105	67.82	4579	3394	0.34	2330	0	0	0.00	0.23	31.99
6	6	2261	49.34	4582	3394	0.35	2257	0	0	0.00	0.07	50.65	5.99
6	14	3035	66.23	4583	3394	0.33	2250	1	0	0.00	0.04	33.78
7	7	1981	43.32	4572	3394	0.35	2187	0	0	0.00	0.00	56.74	5.87
7	15	2994	65.36	4581	3394	0.33	2256	0	0	0.00	0.02	34.66
Core	CPU	Avg_MHz	Busy%	Bzy_MHz	TSC_MHz	IPC	IRQ	NMI	SMI	POLL%	C1%	C2%	CorWatt	PkgWatt
-	-	2366	51.73	4574	3393	0.34	36384	4	0	0.00	0.07	48.24	45.88	66.83
0	0	119	2.61	4576	3394	0.07	2190	0	0	0.00	0.01	97.49	5.65	66.84
0	8	4512	98.49	4581	3394	0.34	2292	0	0	0.00	0.10	1.41
1	1	2040	44.49	4585	3394	0.34	2243	1	0	0.00	0.02	55.55	5.79
1	9	2896	63.19	4582	3394	0.34	2293	0	0	0.00	0.19	36.67
2	2	3322	73.24	4536	3394	0.36	2463	0	0	0.00	0.20	26.59	5.53
2	10	932	20.54	4538	3394	0.29	2287	0	0	0.01	0.04	79.51
3	3	2576	56.47	4562	3394	0.35	2727	0	0	0.00	0.22	43.36	5.61
3	11	1935	42.32	4572	3394	0.33	2236	0	0	0.00	0.03	57.72
4	4	1298	28.32	4582	3394	0.34	2107	0	0	0.00	0.05	71.71	6.07
4	12	3948	86.14	4583	3394	0.33	2276	1	0	0.00	0.00	13.88
5	5	2836	61.98	4577	3394	0.34	2230	1	0	0.00	0.08	37.99	5.71
5	13	1860	40.58	4583	3394	0.32	2256	0	0	0.00	0.04	59.45
6	6	1940	42.34	4582	3394	0.35	2164	0	0	0.00	0.09	57.63	5.85
6	14	2851	62.22	4583	3394	0.33	2235	0	0	0.00	0.00	37.82
7	7	1625	35.50	4576	3394	0.32	2171	1	0	0.00	0.00	64.56	5.67
7	15	3176	69.34	4580	3394	0.34	2214	0	0	0.00	0.10	30.60
Core	CPU	Avg_MHz	Busy%	Bzy_MHz	TSC_MHz	IPC	IRQ	NMI	SMI	POLL%	C1%	C2%	CorWatt	PkgWatt
-	-	2367	51.77	4572	3393	0.34	36485	4	0	0.00	0.08	48.21	45.93	66.68
0	0	1512	33.18	4558	3394	0.33	2237	1	0	0.00	0.03	66.86	5.66	66.73
0	8	3183	69.53	4578	3394	0.34	2289	0	0	0.00	0.01	30.49
1	1	900	19.63	4583	3394	0.34	2163	0	0	0.00	0.01	80.45	5.72
1	9	3941	86.06	4580	3394	0.34	2281	0	0	0.00	0.31	13.65
2	2	3307	72.82	4541	3394	0.36	2479	0	0	0.00	0.11	27.10	5.56
2	10	993	21.91	4535	3394	0.30	2235	0	0	0.00	0.01	78.17
3	3	1778	38.87	4576	3394	0.34	2677	0	0	0.00	0.24	60.96	5.70
3	11	2835	61.99	4573	3394	0.33	2268	1	0	0.00	0.16	37.90
4	4	1488	32.61	4564	3394	0.32	2309	1	0	0.00	0.02	67.45	5.78
4	12	3220	70.43	4572	3394	0.33	2308	0	0	0.00	0.10	29.51
5	5	1787	39.08	4572	3394	0.36	2181	0	0	0.00	0.01	60.97	5.87
5	13	2984	65.17	4579	3394	0.33	2303	1	0	0.00	0.11	34.76
6	6	1222	26.68	4579	3394	0.32	2145	0	0	0.00	0.01	73.40	5.75
6	14	3536	77.25	4577	3394	0.33	2251	0	0	0.00	0.06	22.71
7	7	1156	25.21	4586	3394	0.35	2077	0	0	0.00	0.00	74.87	5.90
7	15	4027	87.92	4580	3394	0.33	2282	0	0	0.00	0.02	12.07
Core	CPU	Avg_MHz	Busy%	Bzy_MHz	TSC_MHz	IPC	IRQ	NMI	SMI	POLL%	C1%	C2%	CorWatt	PkgWatt
-	-	2340	51.16	4574	3394	0.34	36613	2	0	0.00	0.07	48.84	46.23	67.14
0	0	1998	44.20	4520	3394	0.34	2229	0	0	0.00	0.08	55.77	5.32	67.08
0	8	2098	45.90	4571	3394	0.33	2288	1	0	0.00	0.01	54.15
1	1	1489	32.72	4550	3394	0.32	2249	0	0	0.00	0.02	67.33	5.65
1	9	3196	69.69	4585	3394	0.34	2258	0	0	0.00	0.21	30.13
2	2	2519	55.44	4544	3394	0.37	2459	0	0	0.00	0.12	44.49	5.92
2	10	2257	49.29	4580	3394	0.33	2295	0	0	0.00	0.09	50.68
3	3	1639	36.08	4542	3394	0.34	2711	0	0	0.00	0.17	63.83	5.76
3	11	2990	65.33	4577	3394	0.34	2311	0	0	0.00	0.11	34.61
4	4	1176	25.62	4592	3394	0.33	2200	0	0	0.00	0.01	74.46	6.02
4	12	3755	81.92	4584	3394	0.34	2273	0	0	0.00	0.06	18.03
5	5	1631	35.67	4574	3394	0.34	2321	0	0	0.00	0.02	64.39	5.91
5	13	3243	70.75	4584	3394	0.33	2323	0	0	0.01	0.06	29.22
6	6	938	20.51	4575	3394	0.32	2097	0	0	0.00	0.00	79.57	5.78
6	14	3675	80.17	4585	3394	0.34	2250	0	0	0.00	0.00	19.86
7	7	1255	27.37	4585	3394	0.35	2095	0	0	0.00	0.06	72.64	5.84
7	15	3570	77.89	4583	3394	0.34	2254	1	0	0.00	0.01	22.12
Core	CPU	Avg_MHz	Busy%	Bzy_MHz	TSC_MHz	IPC	IRQ	NMI	SMI	POLL%	C1%	C2%	CorWatt	PkgWatt
-	-	2362	51.70	4570	3393	0.34	36257	3	0	0.00	0.06	48.29	46.06	66.93
0	0	1722	37.58	4581	3394	0.34	2182	0	0	0.00	0.08	62.40	5.77	66.93
0	8	3064	66.92	4579	3394	0.33	2260	0	0	0.00	0.06	33.05
1	1	1803	39.35	4582	3394	0.36	2149	0	0	0.00	0.00	60.72	5.94
1	9	3374	73.61	4583	3394	0.34	2246	1	0	0.00	0.05	26.37
2	2	2786	61.60	4522	3394	0.36	2440	1	0	0.00	0.06	38.38	5.38
2	10	1192	26.20	4548	3394	0.31	2257	0	0	0.00	0.03	73.85
3	3	1888	41.25	4577	3394	0.32	2650	0	0	0.00	0.11	58.71	5.81
3	11	2930	64.04	4576	3394	0.34	2271	0	0	0.00	0.08	35.93
4	4	1852	40.73	4548	3394	0.35	2175	0	0	0.00	0.10	59.23	5.80
4	12	2696	58.98	4571	3394	0.33	2242	0	0	0.00	0.01	41.05
5	5	1283	28.07	4572	3394	0.33	2216	0	0	0.00	0.02	72.00	5.79
5	13	3456	75.48	4578	3394	0.34	2356	0	0	0.00	0.07	24.49
6	6	1869	40.94	4567	3394	0.34	2236	1	0	0.00	0.15	58.97	5.85
6	14	3103	67.83	4575	3394	0.34	2246	0	0	0.00	0.19	32.01
7	7	1011	22.10	4576	3394	0.33	2094	0	0	0.00	0.00	77.98	5.72
7	15	3775	82.45	4578	3394	0.34	2237	0	0	0.00	0.00	17.57
Core	CPU	Avg_MHz	Busy%	Bzy_MHz	TSC_MHz	IPC	IRQ	NMI	SMI	POLL%	C1%	C2%	CorWatt	PkgWatt
-	-	2367	51.79	4570	3393	0.34	36261	0	0	0.00	0.03	48.22	46.31	66.92
0	0	2119	46.31	4575	3394	0.34	2201	0	0	0.00	0.01	53.73	5.83	67.00
0	8	2564	56.09	4572	3394	0.34	2279	0	0	0.00	0.15	43.80
1	1	3675	80.45	4568	3394	0.34	2275	0	0	0.00	0.08	19.49	5.64
1	9	1162	25.38	4576	3394	0.26	2256	0	0	0.00	0.03	74.67
2	2	2289	50.28	4552	3394	0.34	2350	0	0	0.00	0.00	49.77	5.81
2	10	2391	52.36	4566	3394	0.34	2209	0	0	0.00	0.00	47.69
3	3	2391	52.29	4573	3394	0.33	2618	0	0	0.00	0.08	47.69	5.83
3	11	2451	53.67	4567	3394	0.33	2307	0	0	0.00	0.07	46.32
4	4	1553	33.96	4574	3394	0.33	2216	0	0	0.00	0.00	66.11	5.83
4	12	3139	68.70	4569	3394	0.34	2255	0	0	0.00	0.02	31.32
5	5	3568	78.09	4570	3394	0.34	2276	0	0	0.00	0.05	21.89	5.72
5	13	1055	23.09	4570	3394	0.32	2203	0	0	0.00	0.00	76.99
6	6	3847	84.28	4565	3394	0.34	2254	0	0	0.00	0.00	15.73	5.68
6	14	737	16.12	4572	3394	0.30	2201	0	0	0.00	0.02	83.95
7	7	4406	96.06	4587	3394	0.39	2211	0	0	0.00	0.01	3.93	5.98
7	15	531	11.59	4584	3394	0.22	2150	0	0	0.00	0.00	88.51
Core	CPU	Avg_MHz	Busy%	Bzy_MHz	TSC_MHz	IPC	IRQ	NMI	SMI	POLL%	C1%	C2%	CorWatt	PkgWatt
-	-	2363	51.71	4571	3395	0.34	36455	2	0	0.00	0.06	48.30	46.22	66.86
0	0	2935	64.09	4580	3394	0.35	2266	0	0	0.00	0.20	35.75	5.92	66.77
0	8	2136	46.63	4580	3394	0.32	2337	0	0	0.00	0.04	53.38
1	1	3488	76.16	4580	3394	0.36	2270	0	0	0.00	0.02	23.85	6.03
1	9	1918	41.88	4579	3394	0.32	2185	0	0	0.00	0.00	58.18
2	2	3319	73.13	4538	3394	0.36	2449	0	0	0.00	0.29	26.61	5.42
2	10	664	14.72	4514	3394	0.28	2230	0	0	0.00	0.01	85.37
3	3	1898	41.72	4550	3394	0.33	2630	1	0	0.00	0.20	58.15	5.62
3	11	2585	56.59	4568	3394	0.33	2237	0	0	0.00	0.01	43.45
4	4	1251	27.39	4568	3394	0.34	2266	0	0	0.00	0.02	72.68	5.89
4	12	3503	76.59	4573	3394	0.34	2283	0	0	0.00	0.00	23.44
5	5	2934	64.11	4577	3394	0.34	2223	0	0	0.00	0.06	35.87	5.83
5	13	1855	40.61	4569	3394	0.33	2232	0	0	0.00	0.00	59.46
6	6	1669	36.49	4575	3394	0.34	2166	0	0	0.00	0.08	63.50	5.77
6	14	3011	65.82	4574	3394	0.33	2245	1	0	0.00	0.02	34.20
7	7	1829	40.08	4563	3394	0.35	2182	0	0	0.00	0.02	59.96	5.73
7	15	2802	61.28	4572	3394	0.33	2254	0	0	0.00	0.00	38.76
Core	CPU	Avg_MHz	Busy%	Bzy_MHz	TSC_MHz	IPC	IRQ	NMI	SMI	POLL%	C1%	C2%	CorWatt	PkgWatt
-	-	2379	52.12	4565	3393	0.34	37261	1	0	0.00	0.07	47.86	46.46	66.91
0	0	1225	27.13	4516	3394	0.29	2378	0	0	0.00	0.11	72.85	5.62	66.91
0	8	3383	74.05	4568	3394	0.34	2318	0	0	0.00	0.05	25.93
1	1	2135	46.65	4576	3394	0.35	2169	0	0	0.00	0.09	53.32	6.00
1	9	3130	68.41	4576	3394	0.33	2283	0	0	0.00	0.03	31.60
2	2	3284	72.34	4539	3394	0.36	2478	0	0	0.00	0.26	27.44	5.78
2	10	1236	27.14	4552	3394	0.31	2324	0	0	0.00	0.08	72.87
3	3	3478	76.19	4565	3394	0.34	2791	0	0	0.00	0.19	23.66	5.73
3	11	1123	24.63	4559	3394	0.31	2256	0	0	0.00	0.00	75.46
4	4	1994	43.65	4568	3394	0.33	2291	0	0	0.00	0.04	56.38	5.92
4	12	2825	61.78	4574	3394	0.33	2318	1	0	0.00	0.05	38.22
5	5	1967	42.90	4584	3394	0.36	2231	0	0	0.00	0.03	57.14	6.08
5	13	3198	69.83	4579	3394	0.33	2294	0	0	0.00	0.00	30.20
6	6	331	7.23	4579	3394	0.23	2188	0	0	0.00	0.06	92.81	5.75
6	14	4296	93.93	4573	3394	0.34	2299	0	0	0.00	0.01	6.06
7	7	1532	33.86	4526	3394	0.32	2250	0	0	0.00	0.06	66.13	5.58
7	15	2931	64.25	4562	3394	0.33	2393	0	0	0.00	0.01	35.78
Core	CPU	Avg_MHz	Busy%	Bzy_MHz	TSC_MHz	IPC	IRQ	NMI	SMI	POLL%	C1%	C2%	CorWatt	PkgWatt
-	-	2362	51.77	4563	3394	0.34	36321	1	0	0.00	0.06	48.23	46.23	66.85
0	0	831	18.46	4501	3394	0.31	2164	0	0	0.00	0.02	81.61	5.71	66.85
0	8	3868	84.66	4569	3394	0.34	2303	0	0	0.00	0.01	15.35
1	1	2472	54.04	4574	3394	0.38	2156	1	0	0.00	0.03	45.98	5.87
1	9	2287	50.02	4571	3394	0.34	2211	0	0	0.00	0.01	50.01
2	2	2304	50.91	4526	3394	0.35	2430	0	0	0.00	0.05	49.10	5.69
2	10	2202	48.32	4556	3394	0.33	2281	0	0	0.00	0.05	51.68
3	3	2264	49.68	4557	3394	0.34	2677	0	0	0.00	0.18	50.21	5.81
3	11	2524	55.28	4566	3394	0.33	2266	0	0	0.00	0.08	44.70
4	4	1982	43.39	4567	3394	0.33	2265	0	0	0.00	0.04	56.63	5.81
4	12	2651	58.05	4567	3394	0.33	2314	0	0	0.00	0.18	41.82
5	5	3096	67.78	4568	3394	0.34	2256	0	0	0.00	0.16	32.10	5.80
5	13	1655	36.22	4570	3394	0.32	2179	0	0	0.00	0.00	63.85
6	6	2602	56.97	4566	3394	0.33	2201	0	0	0.00	0.00	43.07	5.87
6	14	2348	51.39	4569	3394	0.33	2156	0	0	0.00	0.00	48.66
7	7	1175	25.71	4570	3394	0.32	2185	0	0	0.00	0.10	74.27	5.69
7	15	3537	77.42	4568	3394	0.34	2277	0	0	0.00	0.00	22.61
Core	CPU	Avg_MHz	Busy%	Bzy_MHz	TSC_MHz	IPC	IRQ	NMI	SMI	POLL%	C1%	C2%	CorWatt	PkgWatt
-	-	2357	51.65	4564	3393	0.34	36404	5	0	0.00	0.07	48.32	46.20	66.91
0	0	2446	53.80	4546	3394	0.34	2191	0	0	0.00	0.07	46.17	5.50	66.95
0	8	1939	42.47	4565	3394	0.33	2285	1	0	0.00	0.03	57.57
1	1	2332	50.98	4574	3394	0.34	2194	0	0	0.00	0.03	49.05	5.77
1	9	2559	55.96	4572	3394	0.33	2208	0	0	0.00	0.00	44.09
2	2	2985	65.94	4527	3394	0.37	2499	0	0	0.00	0.15	33.95	5.50
2	10	1033	22.86	4517	3394	0.31	2299	0	0	0.00	0.06	77.16
3	3	1462	32.13	4549	3394	0.32	2635	0	0	0.00	0.24	67.72	5.73
3	11	3172	69.40	4570	3394	0.34	2265	1	0	0.00	0.02	30.62
4	4	3032	66.37	4569	3394	0.33	2275	0	0	0.00	0.09	33.58	5.79
4	12	1613	35.28	4571	3394	0.32	2265	0	0	0.00	0.01	64.79
5	5	2988	65.26	4579	3394	0.36	2196	1	0	0.00	0.09	34.69	6.18
5	13	2404	52.52	4577	3394	0.33	2266	1	0	0.00	0.07	47.46
6	6	3540	77.37	4575	3394	0.35	2266	0	0	0.00	0.16	22.49	5.98
6	14	1446	31.60	4577	3394	0.32	2177	0	0	0.00	0.01	68.47
7	7	1611	35.25	4572	3394	0.34	2150	0	0	0.00	0.01	64.81	5.76
7	15	3167	69.25	4574	3394	0.34	2233	1	0	0.00	0.07	30.71
Core	CPU	Avg_MHz	Busy%	Bzy_MHz	TSC_MHz	IPC	IRQ	NMI	SMI	POLL%	C1%	C2%	CorWatt	PkgWatt
-	-	2363	51.71	4570	3395	0.34	36240	3	0	0.00	0.05	48.30	46.84	67.59
0	0	1628	35.50	4585	3394	0.34	2165	0	0	0.00	0.02	64.54	6.07	67.56
0	8	3555	77.59	4581	3394	0.34	2225	0	0	0.00	0.04	22.39
1	1	671	14.62	4589	3394	0.29	2125	0	0	0.00	0.01	85.47	5.83
1	9	4195	91.62	4579	3394	0.34	2262	0	0	0.00	0.03	8.36
2	2	2975	65.70	4528	3394	0.36	2430	1	0	0.00	0.24	34.10	5.60
2	10	1097	24.16	4542	3394	0.32	2273	1	0	0.00	0.01	75.92
3	3	1460	31.92	4574	3394	0.34	2620	0	0	0.00	0.07	68.11	5.95
3	11	3402	74.31	4579	3394	0.33	2283	0	0	0.00	0.05	25.68
4	4	3193	70.46	4531	3394	0.33	2291	0	0	0.00	0.10	29.47	5.36
4	12	758	16.84	4502	3394	0.29	2237	0	0	0.00	0.01	83.25
5	5	2699	59.07	4569	3394	0.34	2196	0	0	0.00	0.08	40.87	5.98
5	13	2089	45.63	4577	3394	0.32	2234	0	0	0.00	0.00	54.43
6	6	2793	60.98	4580	3394	0.34	2256	0	0	0.00	0.06	39.00	6.10
6	14	2425	52.89	4585	3394	0.33	2218	0	0	0.00	0.11	47.06
7	7	2647	57.74	4584	3394	0.36	2240	1	0	0.00	0.06	42.25	5.94
7	15	2215	48.32	4584	3394	0.33	2185	0	0	0.00	0.00	51.74
Core	CPU	Avg_MHz	Busy%	Bzy_MHz	TSC_MHz	IPC	IRQ	NMI	SMI	POLL%	C1%	C2%	CorWatt	PkgWatt
-	-	2364	51.84	4560	3391	0.34	36297	4	0	0.00	0.06	48.12	46.23	67.14
0	0	2666	58.33	4571	3394	0.34	2231	1	0	0.00	0.01	41.71	5.87	67.33
0	8	2342	51.22	4572	3394	0.33	2160	0	0	0.00	0.07	48.76
1	1	1979	43.29	4571	3394	0.35	2151	0	0	0.00	0.01	56.75	5.77
1	9	2872	62.80	4573	3394	0.33	2225	1	0	0.00	0.05	37.19
2	2	3374	74.51	4528	3394	0.35	2476	0	0	0.00	0.10	25.41	5.44
2	10	690	15.38	4484	3394	0.27	2247	0	0	0.00	0.01	84.71
3	3	2070	45.43	4558	3394	0.33	2672	0	0	0.00	0.03	54.62	5.72
3	11	2570	56.26	4568	3394	0.33	2280	0	0	0.00	0.15	43.65
4	4	2230	48.88	4561	3394	0.35	2284	1	0	0.00	0.14	51.03	5.87
4	12	2428	53.17	4566	3394	0.33	2305	0	0	0.00	0.17	46.71
5	5	2938	64.27	4571	3394	0.35	2234	0	0	0.00	0.12	35.65	5.87
5	13	1859	40.66	4572	3394	0.33	2226	0	0	0.00	0.03	59.38
6	6	1513	33.10	4572	3394	0.34	2122	1	0	0.00	0.00	66.97	5.82
6	14	3221	70.48	4571	3394	0.34	2228	0	0	0.00	0.01	29.55
7	7	2695	59.02	4566	3394	0.35	2240	0	0	0.00	0.02	41.00	5.91
7	15	2410	52.67	4575	3394	0.33	2216	0	0	0.00	0.05	47.33
Core	CPU	Avg_MHz	Busy%	Bzy_MHz	TSC_MHz	IPC	IRQ	NMI	SMI	POLL%	C1%	C2%	CorWatt	PkgWatt
-	-	2373	51.98	4565	3396	0.34	36915	1	0	0.00	0.06	48.05	46.47	67.03
0	0	1324	28.97	4569	3394	0.33	2194	0	0	0.00	0.00	71.10	5.80	66.85
0	8	3411	74.66	4569	3394	0.34	2236	0	0	0.00	0.01	25.37
1	1	1148	25.15	4562	3394	0.34	2195	0	0	0.00	0.03	74.90	5.77
1	9	3667	80.25	4570	3394	0.34	2242	0	0	0.00	0.01	19.76
2	2	2399	52.87	4537	3394	0.33	2502	0	0	0.00	0.11	47.08	5.71
2	10	2114	46.35	4560	3394	0.33	2347	0	0	0.00	0.12	53.59
3	3	2856	62.71	4554	3394	0.35	2702	0	0	0.00	0.10	37.24	5.97
3	11	1955	42.90	4558	3394	0.35	2244	0	0	0.00	0.00	57.16
4	4	2603	57.23	4548	3394	0.34	2302	0	0	0.00	0.11	42.71	5.71
4	12	1907	41.85	4558	3394	0.32	2331	0	0	0.00	0.01	58.21
5	5	2335	51.15	4565	3394	0.34	2305	0	0	0.00	0.01	48.90	5.75
5	13	2295	50.27	4564	3394	0.34	2285	0	0	0.00	0.05	49.73
6	6	2862	62.64	4568	3394	0.34	2237	0	0	0.00	0.08	37.32	6.00
6	14	2387	52.23	4571	3394	0.32	2268	1	0	0.00	0.10	47.72
7	7	3435	75.20	4567	3394	0.35	2291	0	0	0.00	0.15	24.67	5.72
7	15	1245	27.22	4573	3394	0.33	2234	0	0	0.00	0.05	72.81
Core	CPU	Avg_MHz	Busy%	Bzy_MHz	TSC_MHz	IPC	IRQ	NMI	SMI	POLL%	C1%	C2%	CorWatt	PkgWatt
-	-	2360	51.75	4560	3393	0.34	36377	0	0	0.00	0.07	48.22	46.38	67.10
0	0	1532	33.77	4537	3394	0.33	2167	0	0	0.00	0.00	66.30	5.73	67.14
0	8	3052	66.82	4567	3394	0.35	2197	0	0	0.00	0.01	33.21
1	1	2330	50.88	4579	3394	0.36	2173	0	0	0.00	0.03	49.14	5.99
1	9	2878	62.95	4571	3394	0.33	2247	0	0	0.00	0.01	37.08
2	2	3676	80.92	4542	3394	0.36	2440	0	0	0.00	0.13	18.97	5.65
2	10	614	13.54	4534	3394	0.28	2190	0	0	0.00	0.01	86.55
3	3	3246	71.11	4565	3394	0.35	2658	0	0	0.00	0.24	28.69	5.84
3	11	1464	32.08	4564	3394	0.31	2228	0	0	0.00	0.06	67.94
4	4	3239	71.15	4553	3394	0.35	2315	0	0	0.00	0.13	28.75	5.82
4	12	1333	29.29	4552	3394	0.31	2274	0	0	0.00	0.02	70.78
5	5	1969	43.21	4556	3394	0.34	2241	0	0	0.00	0.06	56.79	5.86
5	13	2860	62.64	4566	3394	0.33	2268	0	0	0.00	0.09	37.32
6	6	2505	55.00	4555	3394	0.34	2343	0	0	0.00	0.15	44.90	5.66
6	14	2147	47.03	4566	3394	0.32	2280	0	0	0.00	0.06	52.97
7	7	1929	42.19	4573	3394	0.35	2154	0	0	0.00	0.10	57.78	5.85
7	15	2990	65.42	4570	3394	0.34	2202	0	0	0.00	0.00	34.62
Core	CPU	Avg_MHz	Busy%	Bzy_MHz	TSC_MHz	IPC	IRQ	NMI	SMI	POLL%	C1%	C2%	CorWatt	PkgWatt
-	-	2336	51.22	4561	3391	0.34	36249	1	0	0.00	0.07	48.73	46.40	67.07
0	0	2281	50.07	4555	3394	0.34	2226	0	0	0.00	0.01	49.98	5.64	67.16
0	8	2186	47.92	4562	3394	0.34	2243	0	0	0.00	0.00	52.13
1	1	3323	72.55	4580	3394	0.39	2156	0	0	0.00	0.02	27.46	5.93
1	9	1501	32.87	4567	3394	0.32	2157	0	0	0.00	0.00	67.20
2	2	4138	90.67	4564	3394	0.35	2441	0	0	0.00	0.09	9.25	5.94
2	10	585	12.80	4567	3394	0.28	2083	0	0	0.00	0.00	87.29
3	3	3107	68.18	4558	3394	0.34	2589	1	0	0.00	0.01	31.85	5.75
3	11	1458	31.94	4564	3394	0.33	2161	0	0	0.00	0.06	68.07
4	4	2275	49.75	4573	3394	0.35	2232	0	0	0.00	0.06	50.25	5.96
4	12	2507	54.91	4565	3394	0.33	2269	0	0	0.00	0.01	45.14
5	5	1641	35.95	4564	3394	0.31	2247	0	0	0.00	0.02	64.11	5.80
5	13	3112	68.16	4565	3394	0.33	2320	0	0	0.00	0.34	31.54
6	6	1735	38.06	4558	3394	0.32	2361	0	0	0.00	0.01	61.99	5.72
6	14	2903	63.55	4567	3394	0.34	2282	0	0	0.00	0.46	36.03
7	7	713	15.71	4536	3394	0.31	2195	0	0	0.00	0.01	84.38	5.70
7	15	3943	86.43	4562	3394	0.34	2287	0	0	0.00	0.01	13.58
Core	CPU	Avg_MHz	Busy%	Bzy_MHz	TSC_MHz	IPC	IRQ	NMI	SMI	POLL%	C1%	C2%	CorWatt	PkgWatt
-	-	2369	51.89	4566	3397	0.34	36601	5	0	0.00	0.08	48.14	46.57	67.06
0	0	1731	38.14	4539	3394	0.33	2221	0	0	0.00	0.01	61.92	5.57	66.92
0	8	2657	58.28	4559	3394	0.34	2268	1	0	0.00	0.05	41.71
1	1	2561	56.01	4573	3394	0.36	2179	0	0	0.00	0.08	43.97	5.92
1	9	2465	53.93	4571	3394	0.33	2299	0	0	0.00	0.07	46.06
2	2	2913	64.11	4543	3394	0.36	2477	1	0	0.00	0.35	35.59	5.77
2	10	1616	35.45	4558	3394	0.30	2271	0	0	0.00	0.08	64.54
3	3	2604	57.33	4542	3394	0.34	2638	0	0	0.00	0.11	42.62	5.71
3	11	1985	43.53	4559	3394	0.33	2234	0	0	0.00	0.00	56.52
4	4	2476	54.26	4563	3394	0.34	2291	0	0	0.00	0.16	45.63	6.04
4	12	2492	54.57	4567	3394	0.33	2273	1	0	0.00	0.06	45.42
5	5	1428	31.26	4568	3394	0.33	2120	0	0	0.00	0.00	68.81	5.83
5	13	3233	70.84	4563	3394	0.34	2295	1	0	0.00	0.05	29.14
6	6	2021	44.28	4565	3394	0.34	2262	0	0	0.00	0.04	55.74	5.87
6	14	2844	62.22	4571	3394	0.34	2256	0	0	0.00	0.01	37.82
7	7	2494	54.68	4562	3394	0.35	2273	0	0	0.00	0.13	45.24	5.80
7	15	2343	51.32	4566	3394	0.33	2244	1	0	0.00	0.02	48.72
Core	CPU	Avg_MHz	Busy%	Bzy_MHz	TSC_MHz	IPC	IRQ	NMI	SMI	POLL%	C1%	C2%	CorWatt	PkgWatt
-	-	2366	51.87	4562	3393	0.34	35928	3	0	0.00	0.08	48.10	46.65	67.10
0	0	301	6.62	4547	3394	0.25	2088	0	0	0.00	0.00	93.48	5.72	67.12
0	8	4312	94.55	4560	3394	0.34	2271	0	0	0.00	0.11	5.35
1	1	4510	98.53	4577	3394	0.39	2189	1	0	0.00	0.01	1.45	6.07
1	9	475	10.36	4582	3394	0.20	2122	0	0	0.00	0.01	89.74
2	2	4214	92.54	4554	3394	0.34	2442	0	0	0.00	0.12	7.35	5.80
2	10	460	10.07	4563	3394	0.19	2171	0	0	0.00	0.00	90.02
3	3	1844	40.43	4561	3394	0.33	2550	0	0	0.00	0.21	59.43	5.79
3	11	2793	61.27	4559	3394	0.34	2265	1	0	0.00	0.01	38.77
4	4	1255	27.45	4574	3394	0.33	2234	0	0	0.00	0.16	72.47	6.06
4	12	3806	83.41	4563	3394	0.34	2280	0	0	0.00	0.26	16.35
5	5	2096	46.00	4557	3394	0.34	2153	1	0	0.00	0.05	54.01	5.78
5	13	2535	55.59	4560	3394	0.34	2231	0	0	0.00	0.02	44.44
6	6	2656	58.26	4559	3394	0.34	2208	0	0	0.00	0.11	41.67	5.76
6	14	1974	43.28	4560	3394	0.33	2233	0	0	0.00	0.09	56.70
7	7	3105	68.12	4559	3394	0.34	2277	0	0	0.00	0.02	31.90	5.67
7	15	1525	33.48	4555	3394	0.32	2214	0	0	0.00	0.16	66.44
Core	CPU	Avg_MHz	Busy%	Bzy_MHz	TSC_MHz	IPC	IRQ	NMI	SMI	POLL%	C1%	C2%	CorWatt	PkgWatt
-	-	2360	51.76	4559	3391	0.34	36086	1	0	0.00	0.08	48.18	46.62	67.16
0	0	2632	57.66	4566	3394	0.34	2184	0	0	0.00	0.05	42.34	5.74	67.26
0	8	1972	43.23	4562	3394	0.33	2133	0	0	0.00	0.17	56.65
1	1	2367	51.63	4584	3394	0.35	2176	0	0	0.00	0.07	48.37	6.59
1	9	3689	80.47	4584	3394	0.38	2171	1	0	0.00	0.01	19.55
2	2	3366	74.08	4543	3394	0.34	2444	0	0	0.00	0.01	25.95	5.66
2	10	1052	23.11	4552	3394	0.30	2152	0	0	0.00	0.01	76.96
3	3	3230	70.74	4566	3394	0.34	2613	0	0	0.00	0.23	29.08	5.83
3	11	1433	31.39	4565	3394	0.32	2336	0	0	0.00	0.02	68.67
4	4	2864	62.86	4557	3394	0.35	2324	0	0	0.00	0.32	36.87	5.84
4	12	1687	37.08	4550	3394	0.32	2276	0	0	0.00	0.11	62.88
5	5	2770	60.69	4564	3394	0.34	2201	0	0	0.00	0.00	39.33	5.86
5	13	1874	41.04	4567	3394	0.33	2214	0	0	0.00	0.01	59.02
6	6	3126	68.58	4559	3394	0.33	2244	0	0	0.00	0.22	31.24	5.61
6	14	1325	29.09	4555	3394	0.32	2241	0	0	0.00	0.01	70.98
7	7	1024	22.63	4524	3394	0.31	2138	0	0	0.00	0.01	77.44	5.53
7	15	3370	73.96	4557	3394	0.34	2239	0	0	0.00	0.00	26.07
Core	CPU	Avg_MHz	Busy%	Bzy_MHz	TSC_MHz	IPC	IRQ	NMI	SMI	POLL%	C1%	C2%	CorWatt	PkgWatt
-	-	2383	52.19	4565	3396	0.34	36629	3	0	0.00	0.09	47.80	46.83	67.23
0	0	1341	29.34	4571	3394	0.30	2256	0	0	0.00	0.01	70.73	5.80	67.10
0	8	3435	75.20	4568	3394	0.33	2269	0	0	0.00	0.06	24.77
1	1	1772	38.59	4591	3394	0.32	2244	0	0	0.00	0.12	61.37	6.74
1	9	4585	99.99	4586	3394	0.39	2184	0	0	0.00	0.01	0.00
2	2	2955	65.35	4522	3394	0.33	2420	0	0	0.00	0.01	34.68	5.44
2	10	1115	24.66	4522	3394	0.31	2325	0	0	0.00	0.04	75.38
3	3	1929	42.50	4540	3394	0.32	2588	0	0	0.00	0.04	57.54	5.66
3	11	2523	55.43	4552	3394	0.33	2303	0	0	0.00	0.00	44.62
4	4	2446	53.60	4564	3394	0.33	2313	1	0	0.00	0.16	46.29	5.78
4	12	2049	44.83	4571	3394	0.33	2199	0	0	0.00	0.11	55.12
5	5	2601	56.97	4565	3394	0.34	2208	0	0	0.00	0.10	42.97	5.83
5	13	2056	44.94	4574	3394	0.33	2211	0	0	0.00	0.01	55.12
6	6	1809	39.60	4568	3394	0.33	2284	1	0	0.00	0.10	60.36	5.79
6	14	2840	62.15	4569	3394	0.33	2225	0	0	0.00	0.32	37.57
7	7	2541	55.80	4554	3394	0.34	2325	1	0	0.00	0.26	43.99	5.75
7	15	2102	46.08	4561	3394	0.33	2275	0	0	0.00	0.11	53.87
Core	CPU	Avg_MHz	Busy%	Bzy_MHz	TSC_MHz	IPC	IRQ	NMI	SMI	POLL%	C1%	C2%	CorWatt	PkgWatt
-	-	2360	51.75	4560	3393	0.33	36251	0	0	0.00	0.06	48.24	46.73	67.31
0	0	2358	51.61	4569	3394	0.34	2187	0	0	0.00	0.09	48.35	5.82	67.32
0	8	2249	49.23	4567	3394	0.33	2179	0	0	0.00	0.09	50.73
1	1	2025	44.15	4588	3394	0.33	2243	0	0	0.00	0.02	55.90	6.89
1	9	4585	99.99	4586	3394	0.39	2183	0	0	0.00	0.02	0.00
2	2	3822	84.23	4538	3394	0.33	2443	0	0	0.00	0.05	15.74	5.61
2	10	436	9.63	4532	3394	0.27	2153	0	0	0.00	0.01	90.46
3	3	2639	58.06	4546	3394	0.33	2618	0	0	0.00	0.07	41.93	5.64
3	11	1715	37.67	4552	3394	0.33	2196	0	0	0.00	0.01	62.39
4	4	2925	64.39	4543	3394	0.33	2372	0	0	0.00	0.04	35.61	5.59
4	12	1360	29.90	4550	3394	0.32	2219	0	0	0.00	0.08	70.11
5	5	4506	98.60	4569	3394	0.34	2273	0	0	0.00	0.11	1.28	5.91
5	13	204	4.46	4574	3394	0.06	2181	0	0	0.00	0.01	95.64
6	6	2364	52.22	4527	3394	0.33	2296	0	0	0.00	0.19	47.64	5.54
6	14	1950	42.74	4562	3394	0.33	2248	0	0	0.00	0.07	57.25
7	7	1703	37.33	4564	3394	0.33	2200	0	0	0.00	0.01	62.74	5.73
7	15	2919	63.89	4570	3394	0.33	2260	0	0	0.00	0.08	36.07
Core	CPU	Avg_MHz	Busy%	Bzy_MHz	TSC_MHz	IPC	IRQ	NMI	SMI	POLL%	C1%	C2%	CorWatt	PkgWatt
-	-	2359	51.76	4558	3393	0.34	36216	3	0	0.00	0.05	48.24	46.63	67.16
0	0	2454	53.92	4552	3394	0.33	2233	0	0	0.00	0.01	46.12	5.65	67.19
0	8	2074	45.51	4558	3394	0.33	2201	0	0	0.00	0.10	54.45
1	1	1237	26.99	4583	3394	0.30	2185	0	0	0.00	0.00	73.10	6.47
1	9	4578	99.99	4579	3394	0.39	2176	0	0	0.00	0.02	0.00
2	2	3440	75.54	4554	3394	0.33	2408	1	0	0.00	0.01	24.48	5.93
2	10	1359	29.81	4558	3394	0.32	2145	0	0	0.00	0.01	70.26
3	3	2613	57.26	4563	3394	0.34	2606	1	0	0.00	0.03	42.77	5.88
3	11	2025	44.37	4563	3394	0.33	2187	0	0	0.00	0.01	55.69
4	4	2479	54.36	4560	3394	0.33	2305	0	0	0.01	0.07	45.62	5.90
4	12	2177	47.68	4565	3394	0.33	2238	0	0	0.00	0.02	52.35
5	5	2372	51.98	4562	3394	0.33	2199	0	0	0.00	0.04	48.03	5.78
5	13	2244	49.18	4563	3394	0.33	2224	0	0	0.00	0.01	50.87
6	6	2476	54.31	4560	3394	0.33	2313	0	0	0.00	0.31	45.44	5.77
6	14	2180	47.76	4563	3394	0.33	2230	1	0	0.00	0.01	52.28
7	7	3310	73.12	4526	3394	0.33	2332	0	0	0.00	0.09	26.81	5.23
7	15	741	16.37	4530	3394	0.28	2234	0	0	0.00	0.01	83.71
Core	CPU	Avg_MHz	Busy%	Bzy_MHz	TSC_MHz	IPC	IRQ	NMI	SMI	POLL%	C1%	C2%	CorWatt	PkgWatt
-	-	2366	51.87	4561	3394	0.34	36237	2	0	0.00	0.05	48.14	46.68	66.99
0	0	500	10.97	4560	3394	0.29	2094	0	0	0.00	0.00	89.12	5.74	66.96
0	8	4102	89.91	4563	3394	0.35	2261	1	0	0.00	0.08	10.03
1	1	1320	28.78	4586	3394	0.30	2193	0	0	0.00	0.00	71.31	6.49
1	9	4579	99.99	4580	3394	0.39	2179	1	0	0.00	0.02	0.00
2	2	1694	37.62	4501	3394	0.31	2401	0	0	0.00	0.01	62.44	5.44
2	10	2420	53.35	4537	3394	0.34	2287	0	0	0.00	0.01	46.69
3	3	1970	43.19	4561	3394	0.33	2641	0	0	0.00	0.12	56.76	5.79
3	11	2709	59.35	4564	3394	0.33	2275	0	0	0.00	0.00	40.70
4	4	2521	55.27	4561	3394	0.34	2233	0	0	0.00	0.01	44.78	5.89
4	12	2200	48.21	4563	3394	0.33	2242	0	0	0.00	0.01	51.85
5	5	2959	64.88	4562	3394	0.34	2252	0	0	0.00	0.00	35.16	5.82
5	13	1688	37.00	4563	3394	0.33	2182	0	0	0.00	0.08	63.00
6	6	2658	58.28	4561	3394	0.34	2331	0	0	0.00	0.30	41.47	5.77
6	14	1986	43.53	4562	3394	0.33	2267	0	0	0.00	0.08	56.46
7	7	2633	57.83	4553	3394	0.34	2261	0	0	0.00	0.02	42.21	5.73
7	15	1909	41.83	4563	3394	0.35	2138	0	0	0.00	0.13	58.10
Core	CPU	Avg_MHz	Busy%	Bzy_MHz	TSC_MHz	IPC	IRQ	NMI	SMI	POLL%	C1%	C2%	CorWatt	PkgWatt
-	-	2378	52.27	4550	3386	0.34	36775	2	0	0.00	0.06	47.63	46.79	67.18
0	0	922	20.24	4555	3394	0.31	2081	1	0	0.00	0.00	79.85	5.85	67.42
0	8	3888	85.30	4559	3394	0.34	2271	0	0	0.00	0.00	14.72
1	1	761	16.62	4577	3394	0.26	2226	0	0	0.00	0.02	83.46	6.22
1	9	4571	99.92	4575	3394	0.39	2226	0	0	0.00	0.08	0.00
2	2	3965	87.18	4548	3394	0.33	2456	0	0	0.00	0.17	12.66	5.77
2	10	718	15.77	4555	3394	0.23	2241	0	0	0.00	0.04	84.29
3	3	2222	48.74	4558	3394	0.32	2679	0	0	0.00	0.03	51.30	5.77
3	11	2478	54.37	4558	3394	0.32	2373	0	0	0.00	0.05	45.64
4	4	3069	67.31	4560	3394	0.35	2315	0	0	0.00	0.05	32.69	5.96
4	12	1606	35.21	4563	3394	0.32	2359	0	0	0.00	0.10	64.77
5	5	4425	97.11	4556	3394	0.35	2375	1	0	0.00	0.15	2.73	5.85
5	13	208	4.56	4554	3394	0.11	2184	0	0	0.00	0.03	95.52
6	6	2452	53.83	4554	3394	0.33	2298	0	0	0.00	0.08	46.14	5.75
6	14	2194	48.13	4559	3394	0.32	2291	0	0	0.00	0.07	51.87
7	7	1245	27.31	4558	3394	0.31	2145	0	0	0.00	0.01	72.76	5.72
7	15	3411	74.82	4559	3394	0.34	2255	0	0	0.00	0.00	25.21
Core	CPU	Avg_MHz	Busy%	Bzy_MHz	TSC_MHz	IPC	IRQ	NMI	SMI	POLL%	C1%	C2%	CorWatt	PkgWatt
-	-	2365	51.80	4566	3401	0.34	36314	2	0	0.00	0.06	48.30	46.93	67.23
0	0	2451	53.91	4547	3394	0.34	2253	0	0	0.00	0.05	46.09	5.65	67.01
0	8	2009	44.08	4558	3394	0.33	2219	0	0	0.00	0.00	55.97
1	1	1404	30.75	4567	3394	0.35	2129	0	0	0.00	0.00	69.33	5.90
1	9	3541	77.52	4568	3394	0.34	2221	0	0	0.00	0.05	22.45
2	2	3003	66.25	4532	3394	0.37	2418	0	0	0.00	0.19	33.59	5.76
2	10	1338	29.37	4558	3394	0.31	2197	0	0	0.00	0.00	70.71
3	3	1965	43.47	4520	3394	0.35	2613	0	0	0.00	0.10	56.50	5.73
3	11	2530	55.46	4562	3394	0.32	2301	0	0	0.00	0.04	44.56
4	4	2854	62.72	4550	3394	0.34	2274	0	0	0.00	0.04	37.28	6.00
4	12	1914	41.90	4566	3394	0.33	2211	1	0	0.00	0.00	58.15
5	5	3163	69.18	4572	3394	0.36	2207	0	0	0.00	0.14	30.72	6.29
5	13	2294	50.13	4576	3394	0.32	2239	0	0	0.00	0.01	49.92
6	6	2550	55.94	4558	3394	0.33	2287	0	0	0.00	0.16	43.95	5.72
6	14	2011	44.10	4560	3394	0.33	2234	0	0	0.00	0.14	55.82
7	7	1264	27.89	4531	3394	0.32	2261	0	0	0.00	0.08	72.11	5.76
7	15	3474	76.12	4564	3394	0.34	2250	1	0	0.00	0.00	23.91
Core	CPU	Avg_MHz	Busy%	Bzy_MHz	TSC_MHz	IPC	IRQ	NMI	SMI	POLL%	C1%	C2%	CorWatt	PkgWatt
-	-	2432	53.44	4552	3391	0.34	38426	2	0	0.00	0.11	46.48	47.29	67.65
0	0	1803	39.61	4551	3394	0.33	2598	0	0	0.00	0.07	60.40	5.81	67.71
0	8	2977	65.29	4560	3394	0.33	2270	0	0	0.00	0.10	34.64
1	1	1944	42.71	4552	3394	0.33	2231	0	0	0.00	0.02	57.33	5.97
1	9	3340	73.24	4560	3394	0.33	2271	0	0	0.00	0.00	26.79
2	2	3610	79.38	4547	3394	0.35	2639	0	0	0.00	0.16	20.48	5.88
2	10	973	21.49	4527	3394	0.34	2302	0	0	0.00	0.01	78.59
3	3	3819	83.81	4557	3394	0.35	2698	0	0	0.00	0.21	16.01	5.95
3	11	1010	22.29	4533	3394	0.29	2319	1	0	0.00	0.11	77.69
4	4	3291	72.19	4559	3394	0.34	2365	1	0	0.00	0.15	27.70	5.96
4	12	1484	32.54	4560	3394	0.32	2450	0	0	0.00	0.08	67.46
5	5	3561	78.03	4563	3394	0.35	2308	0	0	0.00	0.06	21.94	6.10
5	13	1700	37.29	4559	3394	0.31	2492	0	0	0.00	0.11	62.68
6	6	1597	35.03	4558	3394	0.32	2433	0	0	0.00	0.08	64.95	5.90
6	14	3162	69.34	4559	3394	0.34	2258	0	0	0.00	0.23	30.47
7	7	3451	75.81	4553	3394	0.36	2290	0	0	0.00	0.15	24.07	5.75
7	15	1224	26.95	4542	3394	0.30	2502	0	0	0.01	0.17	72.97
Core	CPU	Avg_MHz	Busy%	Bzy_MHz	TSC_MHz	IPC	IRQ	NMI	SMI	POLL%	C1%	C2%	CorWatt	PkgWatt
-	-	2347	51.52	4556	3395	0.34	36725	2	0	0.00	0.10	48.46	46.64	66.99
0	0	1871	41.29	4532	3394	0.33	2259	0	0	0.00	0.06	58.71	5.69	66.94
0	8	2673	58.64	4559	3394	0.34	2294	0	0	0.00	0.07	41.34
1	1	2143	46.88	4572	3394	0.36	2190	0	0	0.00	0.09	53.09	5.88
1	9	2804	61.44	4564	3394	0.33	2292	0	0	0.00	0.15	38.45
2	2	3371	74.35	4533	3394	0.36	2479	1	0	0.00	0.13	25.55	5.73
2	10	948	20.87	4540	3394	0.31	2281	0	0	0.00	0.06	79.15
3	3	2707	59.32	4563	3394	0.35	2654	0	0	0.00	0.26	40.48	5.90
3	11	1976	43.37	4555	3394	0.34	2269	0	0	0.00	0.06	56.63
4	4	3235	70.99	4557	3394	0.35	2244	0	0	0.00	0.20	28.85	5.98
4	12	1604	35.12	4567	3394	0.32	2183	0	0	0.00	0.08	64.88
5	5	2435	53.41	4559	3394	0.34	2252	0	0	0.00	0.13	46.51	5.97
5	13	2475	54.26	4562	3394	0.33	2281	1	0	0.00	0.01	45.78
6	6	3023	66.65	4536	3394	0.33	2340	0	0	0.00	0.06	33.33	5.64
6	14	1447	31.90	4535	3394	0.32	2219	0	0	0.00	0.10	68.07
7	7	2402	52.68	4559	3394	0.34	2201	0	0	0.00	0.07	47.30	5.82
7	15	2425	53.17	4561	3394	0.33	2287	0	0	0.00	0.12	46.77
Core	CPU	Avg_MHz	Busy%	Bzy_MHz	TSC_MHz	IPC	IRQ	NMI	SMI	POLL%	C1%	C2%	CorWatt	PkgWatt
-	-	2360	51.78	4558	3393	0.34	36374	5	0	0.00	0.05	48.22	46.83	67.28
0	0	865	18.93	4568	3394	0.32	2108	0	0	0.00	0.01	81.14	5.91	67.30
0	8	3999	87.60	4565	3394	0.34	2248	0	0	0.00	0.08	12.33
1	1	2292	50.39	4549	3394	0.35	2234	1	0	0.00	0.06	49.61	5.71
1	9	2404	52.71	4562	3394	0.33	2186	1	0	0.00	0.00	47.34
2	2	3251	71.98	4516	3394	0.37	2467	0	0	0.00	0.21	27.85	5.42
2	10	613	13.66	4485	3394	0.26	2354	1	0	0.00	0.01	86.43
3	3	2751	60.27	4565	3394	0.33	2712	0	0	0.00	0.10	39.68	5.89
3	11	2013	44.10	4564	3394	0.33	2221	0	0	0.00	0.01	55.95
4	4	2096	45.90	4566	3394	0.33	2276	0	0	0.00	0.01	54.15	6.06
4	12	2941	64.38	4569	3394	0.33	2231	0	0	0.00	0.06	35.59
5	5	2452	53.71	4566	3394	0.34	2218	0	0	0.00	0.06	46.29	6.12
5	13	2527	55.29	4570	3394	0.35	2236	0	0	0.00	0.00	44.76
6	6	1248	27.36	4560	3394	0.33	2207	1	0	0.00	0.01	72.71	5.89
6	14	3521	77.13	4565	3394	0.34	2247	0	0	0.00	0.08	22.82
7	7	2020	44.24	4566	3394	0.34	2217	1	0	0.00	0.03	55.80	5.84
7	15	2777	60.81	4566	3394	0.33	2212	0	0	0.00	0.03	39.20
Core	CPU	Avg_MHz	Busy%	Bzy_MHz	TSC_MHz	IPC	IRQ	NMI	SMI	POLL%	C1%	C2%	CorWatt	PkgWatt
-	-	2363	51.85	4558	3394	0.34	36368	3	0	0.00	0.04	48.17	46.68	67.12
0	0	762	16.80	4534	3394	0.32	2150	0	0	0.00	0.02	83.27	5.75	67.08
0	8	3885	85.18	4561	3394	0.34	2250	1	0	0.00	0.00	14.84
1	1	1412	30.91	4568	3394	0.34	2164	0	0	0.00	0.01	69.16	5.82
1	9	3508	76.85	4564	3394	0.33	2256	0	0	0.00	0.01	23.16
2	2	3744	82.68	4529	3394	0.37	2461	0	0	0.00	0.22	17.12	5.47
2	10	279	6.42	4351	3394	0.13	2244	0	0	0.00	0.01	93.68
3	3	2434	53.36	4561	3394	0.34	2668	1	0	0.01	0.06	46.65	5.89
3	11	2352	51.55	4563	3394	0.33	2252	0	0	0.00	0.00	48.50
4	4	1423	31.26	4552	3394	0.32	2365	0	0	0.00	0.01	68.82	5.88
4	12	3340	73.18	4563	3394	0.33	2272	0	0	0.00	0.01	26.84
5	5	1888	41.42	4558	3394	0.34	2191	0	0	0.00	0.11	58.53	6.03
5	13	2951	64.67	4563	3394	0.35	2284	0	0	0.00	0.00	35.35
6	6	2889	63.31	4564	3394	0.34	2196	0	0	0.00	0.02	36.72	6.01
6	14	2156	47.25	4563	3394	0.33	2232	1	0	0.00	0.02	52.79
7	7	1865	40.85	4565	3394	0.35	2176	0	0	0.00	0.02	59.19	5.83
7	15	2915	63.87	4565	3394	0.34	2207	0	0	0.00	0.14	36.03
Core	CPU	Avg_MHz	Busy%	Bzy_MHz	TSC_MHz	IPC	IRQ	NMI	SMI	POLL%	C1%	C2%	CorWatt	PkgWatt
-	-	2357	51.69	4560	3394	0.34	36259	1	0	0.00	0.05	48.33	46.97	67.32
0	0	2409	52.75	4567	3394	0.34	2165	0	0	0.00	0.04	47.26	5.83	67.33
0	8	2278	49.87	4567	3394	0.33	2200	0	0	0.00	0.01	50.18
1	1	1557	34.11	4564	3394	0.34	2114	0	0	0.00	0.04	65.90	5.85
1	9	3146	68.86	4568	3394	0.34	2194	0	0	0.00	0.00	31.17
2	2	2721	60.73	4481	3394	0.37	2468	0	0	0.00	0.01	39.30	5.25
2	10	802	17.89	4481	3394	0.33	2261	0	0	0.00	0.01	82.19
3	3	2088	45.79	4560	3394	0.34	2604	0	0	0.00	0.12	54.15	6.14
3	11	3057	66.95	4566	3394	0.33	2312	0	0	0.00	0.01	33.08
4	4	2331	51.02	4568	3394	0.34	2310	0	0	0.00	0.08	48.96	6.06
4	12	2627	57.46	4571	3394	0.33	2206	0	0	0.00	0.09	42.50
5	5	1650	36.10	4570	3394	0.33	2236	1	0	0.00	0.01	63.96	6.03
5	13	3332	72.95	4568	3394	0.33	2284	0	0	0.00	0.02	27.06
6	6	2028	44.45	4564	3394	0.33	2239	0	0	0.00	0.02	55.60	5.84
6	14	2687	58.87	4564	3394	0.33	2280	0	0	0.00	0.08	41.09
7	7	2935	64.27	4566	3394	0.34	2216	0	0	0.00	0.10	35.67	5.96
7	15	2053	44.89	4574	3394	0.33	2170	0	0	0.00	0.11	55.06
Core	CPU	Avg_MHz	Busy%	Bzy_MHz	TSC_MHz	IPC	IRQ	NMI	SMI	POLL%	C1%	C2%	CorWatt	PkgWatt
-	-	2360	51.82	4555	3393	0.34	36315	0	0	0.00	0.05	48.18	46.90	67.35
0	0	3436	75.56	4547	3394	0.35	2269	0	0	0.00	0.05	24.42	5.68	67.35
0	8	1122	24.71	4541	3394	0.31	2152	0	0	0.00	0.01	75.36
1	1	1348	29.57	4559	3394	0.31	2242	0	0	0.00	0.01	70.50	6.00
1	9	3678	80.61	4562	3394	0.35	2203	0	0	0.00	0.04	19.36
2	2	3252	71.76	4532	3394	0.35	2446	0	0	0.00	0.09	28.19	5.75
2	10	1095	24.10	4543	3394	0.31	2272	0	0	0.00	0.04	75.94
3	3	2314	50.88	4548	3394	0.33	2614	0	0	0.00	0.18	49.01	5.91
3	11	2504	54.97	4555	3394	0.33	2266	0	0	0.00	0.01	45.08
4	4	2792	61.13	4567	3394	0.35	2253	0	0	0.00	0.14	38.77	6.05
4	12	2099	46.01	4563	3394	0.33	2244	0	0	0.00	0.03	54.02
5	5	2905	63.69	4562	3394	0.34	2219	0	0	0.00	0.01	36.35	5.97
5	13	1948	42.64	4569	3394	0.33	2212	0	0	0.00	0.01	57.42
6	6	2337	51.44	4543	3394	0.33	2271	0	0	0.00	0.13	48.49	5.65
6	14	2074	45.57	4551	3394	0.33	2233	0	0	0.00	0.01	54.49
7	7	2936	64.31	4565	3394	0.35	2245	0	0	0.00	0.08	35.64	5.89
7	15	1923	42.13	4566	3394	0.32	2174	0	0	0.00	0.00	57.94
Core	CPU	Avg_MHz	Busy%	Bzy_MHz	TSC_MHz	IPC	IRQ	NMI	SMI	POLL%	C1%	C2%	CorWatt	PkgWatt
-	-	1009	22.35	4515	3395	0.34	35157	1	0	0.01	0.04	77.70	23.61	43.03
0	0	1558	34.31	4542	3394	0.36	2125	0	0	0.00	0.06	65.68	3.00	43.00
0	8	513	11.37	4507	3394	0.31	2066	0	0	0.00	0.00	88.70
1	1	544	12.13	4484	3394	0.30	2090	0	0	0.00	0.02	87.93	2.84
1	9	1443	31.79	4538	3394	0.34	2092	0	0	0.00	0.00	68.26
2	2	1126	25.06	4493	3394	0.35	2233	0	0	0.00	0.01	75.00	2.90
2	10	801	17.86	4487	3394	0.32	2232	0	0	0.00	0.05	82.17
3	3	352	7.98	4408	3394	0.28	2544	0	0	0.12	0.02	92.09	2.91
3	11	1651	36.38	4537	3394	0.34	2122	0	0	0.00	0.04	63.63
4	4	1505	33.18	4536	3394	0.33	2140	0	0	0.00	0.19	66.68	2.93
4	12	466	10.38	4490	3394	0.31	2110	0	0	0.00	0.05	89.65
5	5	596	13.53	4402	3394	0.31	2245	0	0	0.00	0.00	86.55	2.83
5	13	1300	28.74	4524	3394	0.33	2337	0	0	0.00	0.08	71.24
6	6	449	10.28	4372	3394	0.29	2450	0	0	0.00	0.01	89.80	2.89
6	14	1508	33.30	4529	3394	0.34	2181	0	0	0.00	0.08	66.65
7	7	1610	35.41	4547	3394	0.42	2118	0	0	0.00	0.02	64.62	3.30
7	15	723	15.98	4526	3394	0.37	2072	1	0	0.00	0.01	84.07
