turbostat version 2025.09.09 - Len Brown <lenb@kernel.org>
Kernel command line: BOOT_IMAGE=/boot/vmlinuz-6.17.0-35-generic root=UUID=37e0ef02-2557-4d29-8187-72bb5e6547ba ro quiet splash vt.handoff=7
CPUID(0): AuthenticAMD 0x10 CPUID levels
CPUID(1): family:model:stepping 0x19:21:2 (25:33:2) microcode 0x0
CPUID(0x80000000): max_extended_levels: 0x80000023
CPUID(1): SSE3 MONITOR - - - TSC MSR - HT -
CPUID(6): APERF, No-TURBO, No-DTS, No-PTM, No-HWP, No-HWPnotify, No-HWPwindow, No-HWPepp, No-HWPpkg, No-EPB
CPUID(7): No-SGX No-Hybrid
cpu0: cpufreq driver: amd-pstate-epp
cpu0: cpufreq governor: powersave
cpufreq boost: 1
/dev/cpu_dma_latency: 2000000000 usec (default)
current_driver: acpi_idle
current_governor: menu
current_governor_ro: menu
cpu0: POLL: CPUIDLE CORE POLL IDLE
cpu0: C1: ACPI FFH MWAIT 0x0
cpu0: C2: ACPI IOPORT 0x414
RAPL: 234 sec. Joule Counter Range, at 280 Watts
intel-rapl:0: package-0 disabled
intel-rapl:0/intel-rapl:0:0: core disabled
cpu0: MSR_RAPL_PWR_UNIT: 0x000a1003 (0.125000 Watts, 0.000015 Joules, 0.000977 sec.)
Core	CPU	Avg_MHz	Busy%	Bzy_MHz	TSC_MHz	IPC	IRQ	NMI	SMI	POLL%	C1%	C2%	CorWatt	PkgWatt
-	-	213	5.61	3795	3394	0.64	47972	0	0	0.00	0.52	93.97	10.48	28.91
0	0	93	2.61	3551	3394	0.27	2614	0	0	0.00	0.59	96.88	1.02	28.91
0	8	100	2.79	3577	3394	0.32	2434	0	0	0.00	0.74	96.53
1	1	393	10.15	3869	3394	0.82	2854	0	0	0.00	0.33	89.60	1.51
1	9	221	5.76	3836	3394	0.64	2898	0	0	0.00	0.26	94.08
2	2	141	3.91	3607	3394	0.44	3592	0	0	0.01	1.33	94.87	1.14
2	10	178	4.94	3601	3394	0.34	3694	0	0	0.00	0.42	94.76
3	3	112	3.17	3527	3394	0.25	3249	0	0	0.01	0.76	96.17	1.08
3	11	137	3.86	3550	3394	0.34	3179	0	0	0.00	0.16	96.07
4	4	142	3.86	3674	3394	0.44	2966	0	0	0.01	0.34	95.89	1.12
4	12	149	4.13	3596	3394	0.35	2629	0	0	0.00	0.54	95.41
5	5	541	13.35	4053	3394	0.91	3301	0	0	0.00	0.96	85.77	1.75
5	13	217	5.74	3783	3394	0.43	3901	0	0	0.00	0.32	94.07
6	6	196	5.14	3821	3394	0.68	2502	0	0	0.00	0.25	94.70	1.19
6	14	116	3.25	3579	3394	0.30	2428	0	0	0.00	0.48	96.35
7	7	574	14.47	3971	3394	1.00	3232	0	0	0.00	0.55	85.07	1.68
7	15	94	2.57	3667	3394	0.26	2499	0	0	0.00	0.29	97.23
Core	CPU	Avg_MHz	Busy%	Bzy_MHz	TSC_MHz	IPC	IRQ	NMI	SMI	POLL%	C1%	C2%	CorWatt	PkgWatt
-	-	1382	30.39	4548	3393	0.52	38573	3	0	0.00	0.30	69.36	32.17	51.80
0	0	1206	26.62	4531	3394	0.51	2258	0	0	0.00	0.09	73.35	3.62	51.83
0	8	1290	28.19	4576	3394	0.37	2278	1	0	0.00	0.09	71.78
1	1	1621	35.62	4551	3394	0.42	2392	0	0	0.00	0.24	64.19	4.04
1	9	1160	25.67	4517	3394	0.62	2422	1	0	0.00	0.10	74.30
2	2	950	21.44	4431	3394	0.54	2588	0	0	0.00	0.50	78.14	3.56
2	10	1292	28.43	4543	3394	0.40	2303	0	0	0.00	0.28	71.36
3	3	1827	40.16	4549	3394	0.46	2703	1	0	0.03	0.44	59.46	3.81
3	11	855	18.76	4561	3394	0.37	2209	0	0	0.00	0.25	81.07
4	4	1838	40.47	4542	3394	0.45	2429	0	0	0.00	0.37	59.21	3.69
4	12	676	14.86	4546	3394	0.37	2302	0	0	0.00	0.02	85.20
5	5	1811	39.69	4562	3394	0.46	2467	0	0	0.00	0.78	59.58	4.24
5	13	1532	33.62	4556	3394	0.45	2321	0	0	0.00	0.30	66.14
6	6	1900	41.70	4557	3394	0.45	2307	0	0	0.00	0.46	57.89	3.81
6	14	772	17.07	4523	3394	0.46	2443	0	0	0.00	0.38	82.61
7	7	1295	28.38	4563	3394	1.66	2803	0	0	0.00	0.17	71.52	5.42
7	15	2093	45.52	4597	3394	0.38	2348	0	0	0.00	0.36	54.16
Core	CPU	Avg_MHz	Busy%	Bzy_MHz	TSC_MHz	IPC	IRQ	NMI	SMI	POLL%	C1%	C2%	CorWatt	PkgWatt
-	-	2390	52.15	4583	3393	0.38	36881	2	0	0.00	0.08	47.82	45.78	66.87
0	0	2544	55.54	4581	3394	0.40	2309	0	0	0.00	0.25	44.26	5.60	66.90
0	8	2103	45.97	4574	3394	0.36	2234	0	0	0.00	0.01	54.08
1	1	3319	72.31	4590	3394	0.39	2260	0	0	0.00	0.02	27.69	5.66
1	9	1403	30.55	4591	3394	0.36	2204	0	0	0.00	0.00	69.52
2	2	2775	60.97	4552	3394	0.40	2424	0	0	0.00	0.17	38.91	5.67
2	10	1715	37.44	4581	3394	0.38	2225	0	0	0.00	0.01	62.63
3	3	1830	40.07	4568	3394	0.36	2592	0	0	0.00	0.13	59.87	5.73
3	11	2880	62.77	4589	3394	0.37	2283	1	0	0.00	0.06	37.22
4	4	2263	49.30	4591	3394	0.39	2250	0	0	0.00	0.17	50.58	5.72
4	12	2407	52.44	4589	3394	0.37	2310	0	0	0.00	0.01	47.61
5	5	2727	59.33	4596	3394	0.39	2283	0	0	0.00	0.13	40.59	6.08
5	13	2667	58.01	4597	3394	0.37	2268	0	0	0.00	0.00	42.03
6	6	2839	62.03	4578	3394	0.37	2448	1	0	0.00	0.18	37.84	5.55
6	14	1769	38.67	4574	3394	0.35	2302	0	0	0.00	0.01	61.39
7	7	1584	34.62	4576	3394	0.37	2191	0	0	0.00	0.12	65.33	5.77
7	15	3415	74.33	4595	3394	0.38	2298	0	0	0.00	0.01	25.69
Core	CPU	Avg_MHz	Busy%	Bzy_MHz	TSC_MHz	IPC	IRQ	NMI	SMI	POLL%	C1%	C2%	CorWatt	PkgWatt
-	-	2379	51.90	4584	3394	0.38	38285	0	0	0.00	0.11	48.05	45.93	67.05
0	0	1198	26.08	4592	3394	0.38	2139	0	0	0.00	0.11	73.89	5.83	67.04
0	8	3760	81.89	4592	3394	0.38	2236	0	0	0.00	0.00	18.13
1	1	3019	65.96	4577	3394	0.40	2281	0	0	0.00	0.14	33.93	5.67
1	9	1766	38.60	4576	3394	0.35	2485	0	0	0.00	0.01	61.48
2	2	3415	75.26	4538	3394	0.40	2510	0	0	0.00	0.06	24.71	5.38
2	10	657	14.51	4526	3394	0.30	2561	0	0	0.01	0.06	85.52
3	3	1769	38.59	4583	3394	0.37	2727	0	0	0.01	0.08	61.41	5.80
3	11	3036	66.13	4591	3394	0.38	2274	0	0	0.00	0.08	33.83
4	4	2341	50.96	4594	3394	0.39	2296	0	0	0.00	0.08	49.02	5.94
4	12	2553	55.55	4596	3394	0.38	2298	0	0	0.00	0.06	44.44
5	5	1939	42.18	4596	3394	0.40	2182	0	0	0.00	0.12	57.77	5.88
5	13	2932	63.79	4597	3394	0.38	2646	0	0	0.00	0.15	36.11
6	6	1608	35.08	4582	3394	0.35	2528	0	0	0.00	0.43	64.58	5.78
6	14	3302	71.91	4592	3394	0.37	2525	0	0	0.00	0.12	28.00
7	7	1372	30.13	4554	3394	0.37	2320	0	0	0.00	0.12	69.83	5.64
7	15	3391	73.83	4594	3394	0.38	2277	0	0	0.00	0.07	26.13
Core	CPU	Avg_MHz	Busy%	Bzy_MHz	TSC_MHz	IPC	IRQ	NMI	SMI	POLL%	C1%	C2%	CorWatt	PkgWatt
-	-	2554	55.82	4575	3392	0.36	43581	2	0	0.00	0.20	44.03	46.90	67.73
0	0	3077	67.39	4566	3394	0.37	2446	0	0	0.00	0.03	32.62	5.71	67.76
0	8	1871	40.86	4579	3394	0.34	2662	0	0	0.00	0.14	59.08
1	1	3768	82.05	4592	3394	0.40	2472	0	0	0.00	0.12	17.83	6.01
1	9	1683	36.66	4590	3394	0.33	2512	0	0	0.00	0.06	63.37
2	2	3135	69.17	4533	3394	0.39	3133	0	0	0.00	0.54	30.32	5.63
2	10	1374	30.28	4539	3394	0.31	3248	0	0	0.01	0.72	69.12
3	3	1687	36.88	4574	3394	0.33	3187	0	0	0.01	0.11	63.12	5.86
3	11	3319	72.37	4587	3394	0.37	2589	0	0	0.01	0.31	27.37
4	4	2008	43.79	4586	3394	0.35	2653	0	0	0.00	0.10	56.18	5.98
4	12	3138	68.48	4583	3394	0.37	2414	0	0	0.00	0.20	31.37
5	5	2930	63.91	4585	3394	0.37	2531	1	0	0.00	0.10	36.01	6.03
5	13	2483	54.10	4589	3394	0.35	3154	1	0	0.00	0.09	45.89
6	6	1836	40.27	4560	3394	0.34	2751	0	0	0.00	0.19	59.63	5.75
6	14	3158	68.95	4580	3394	0.36	2726	0	0	0.00	0.11	30.99
7	7	1949	42.48	4587	3394	0.35	2758	0	0	0.00	0.22	57.37	5.93
7	15	3458	75.42	4586	3394	0.37	2345	0	0	0.00	0.17	24.45
Core	CPU	Avg_MHz	Busy%	Bzy_MHz	TSC_MHz	IPC	IRQ	NMI	SMI	POLL%	C1%	C2%	CorWatt	PkgWatt
-	-	2410	52.66	4577	3394	0.38	39071	3	0	0.00	0.08	47.32	46.32	67.25
0	0	2661	58.35	4561	3394	0.39	2270	0	0	0.00	0.11	41.57	5.57	67.24
0	8	1808	39.55	4570	3394	0.36	2378	0	0	0.00	0.01	60.51
1	1	2292	49.96	4588	3394	0.39	2308	1	0	0.00	0.02	50.08	5.87
1	9	2798	60.94	4592	3394	0.37	2285	0	0	0.00	0.02	39.09
2	2	3483	76.61	4546	3394	0.40	2592	1	0	0.00	0.25	23.17	5.65
2	10	925	20.32	4555	3394	0.31	2759	0	0	0.00	0.08	79.71
3	3	1995	43.48	4588	3394	0.37	2726	0	0	0.00	0.08	56.52	5.91
3	11	2942	64.13	4588	3394	0.38	2295	0	0	0.00	0.10	35.81
4	4	2050	44.95	4559	3394	0.37	2406	0	0	0.00	0.02	55.10	5.70
4	12	2555	55.84	4576	3394	0.37	2439	0	0	0.01	0.03	44.18
5	5	2969	64.73	4587	3394	0.40	2219	0	0	0.00	0.16	35.15	6.08
5	13	2307	50.33	4584	3394	0.36	2918	0	0	0.00	0.04	49.71
6	6	1247	27.21	4583	3394	0.32	2646	0	0	0.01	0.21	72.68	5.86
6	14	3771	82.23	4585	3394	0.38	2301	0	0	0.00	0.03	17.77
7	7	1347	29.52	4563	3394	0.37	2234	0	0	0.00	0.02	70.54	5.68
7	15	3408	74.37	4583	3394	0.38	2295	1	0	0.00	0.17	25.49
Core	CPU	Avg_MHz	Busy%	Bzy_MHz	TSC_MHz	IPC	IRQ	NMI	SMI	POLL%	C1%	C2%	CorWatt	PkgWatt
-	-	2408	52.63	4576	3394	0.37	39118	2	0	0.00	0.07	47.37	46.50	67.45
0	0	2694	58.91	4573	3394	0.38	2327	1	0	0.00	0.03	41.11	5.84	67.42
0	8	2255	49.13	4589	3394	0.37	2306	0	0	0.00	0.09	50.84
1	1	1342	29.33	4577	3394	0.39	2207	0	0	0.00	0.05	70.70	5.68
1	9	3366	73.50	4580	3394	0.38	2293	0	0	0.00	0.01	26.52
2	2	3524	77.53	4546	3394	0.39	2550	0	0	0.00	0.08	22.41	5.81
2	10	1290	28.42	4539	3394	0.32	2795	0	0	0.00	0.09	71.59
3	3	2263	49.39	4583	3394	0.37	2726	0	0	0.00	0.02	50.66	5.93
3	11	2679	58.43	4585	3394	0.37	2438	0	0	0.00	0.09	41.53
4	4	2577	56.50	4561	3394	0.39	2429	1	0	0.00	0.21	43.35	5.76
4	12	2030	44.33	4581	3394	0.35	2676	0	0	0.00	0.07	55.69
5	5	2021	44.31	4560	3394	0.37	2357	0	0	0.00	0.09	55.66	5.76
5	13	2707	59.08	4582	3394	0.36	2907	0	0	0.00	0.02	40.96
6	6	806	17.65	4564	3394	0.35	2282	0	0	0.00	0.02	82.42	5.69
6	14	3779	82.44	4583	3394	0.38	2308	0	0	0.00	0.04	17.54
7	7	2686	58.59	4584	3394	0.39	2192	0	0	0.00	0.00	41.43	6.02
7	15	2504	54.56	4588	3394	0.36	2325	0	0	0.00	0.16	45.33
Core	CPU	Avg_MHz	Busy%	Bzy_MHz	TSC_MHz	IPC	IRQ	NMI	SMI	POLL%	C1%	C2%	CorWatt	PkgWatt
-	-	2391	52.31	4572	3394	0.38	38647	3	0	0.00	0.09	47.65	46.22	67.18
0	0	2880	63.20	4557	3394	0.38	2305	0	0	0.00	0.15	36.70	5.55	67.19
0	8	1615	35.30	4575	3394	0.37	2286	0	0	0.00	0.05	64.72
1	1	2065	45.14	4574	3394	0.38	2244	0	0	0.00	0.01	54.91	5.73
1	9	2751	60.00	4585	3394	0.38	2234	0	0	0.00	0.04	40.00
2	2	3646	80.17	4548	3394	0.40	2496	0	0	0.00	0.21	19.65	5.62
2	10	632	13.93	4537	3394	0.34	2528	0	0	0.00	0.01	86.17
3	3	2168	47.33	4582	3394	0.37	2805	0	0	0.00	0.12	52.62	5.83
3	11	2653	58.03	4572	3394	0.37	2479	0	0	0.00	0.11	41.92
4	4	1959	43.00	4556	3394	0.37	2313	0	0	0.00	0.09	56.98	5.91
4	12	2933	64.10	4575	3394	0.37	2582	1	0	0.00	0.05	35.91
5	5	2089	45.62	4579	3394	0.38	2247	0	0	0.00	0.02	54.43	5.90
5	13	2891	63.13	4580	3394	0.37	2793	0	0	0.00	0.01	36.92
6	6	3333	72.85	4575	3394	0.39	2309	0	0	0.00	0.39	26.79	5.94
6	14	1845	40.28	4580	3394	0.34	2463	1	0	0.00	0.12	59.67
7	7	2197	48.02	4574	3394	0.40	2322	1	0	0.00	0.05	51.99	5.74
7	15	2608	56.91	4582	3394	0.37	2241	0	0	0.00	0.06	43.07
Core	CPU	Avg_MHz	Busy%	Bzy_MHz	TSC_MHz	IPC	IRQ	NMI	SMI	POLL%	C1%	C2%	CorWatt	PkgWatt
-	-	2379	52.02	4573	3394	0.38	37295	2	0	0.00	0.09	47.95	45.97	66.90
0	0	2615	57.26	4567	3394	0.39	2271	0	0	0.00	0.15	42.63	5.66	66.91
0	8	2035	44.52	4572	3394	0.36	2334	0	0	0.00	0.08	55.48
1	1	2154	47.31	4552	3394	0.38	2272	0	0	0.00	0.10	52.65	5.70
1	9	2760	60.31	4576	3394	0.38	2273	1	0	0.00	0.03	39.70
2	2	2605	57.39	4539	3394	0.42	2481	0	0	0.00	0.19	42.47	5.64
2	10	1723	37.81	4556	3394	0.37	2405	0	0	0.00	0.13	62.13
3	3	2568	56.08	4579	3394	0.39	2759	0	0	0.00	0.16	43.83	5.76
3	11	2163	47.26	4578	3394	0.38	2320	1	0	0.00	0.06	52.75
4	4	1385	30.24	4580	3394	0.38	2234	0	0	0.00	0.07	69.77	5.92
4	12	3595	78.44	4583	3394	0.38	2308	0	0	0.00	0.13	21.45
5	5	1720	37.54	4581	3394	0.38	2237	0	0	0.00	0.10	62.43	5.76
5	13	3020	65.95	4579	3394	0.38	2412	0	0	0.00	0.00	34.09
6	6	1774	38.79	4573	3394	0.36	2294	0	0	0.00	0.07	61.22	5.72
6	14	3061	66.89	4577	3394	0.38	2269	0	0	0.00	0.09	33.06
7	7	2740	59.74	4587	3394	0.41	2215	0	0	0.00	0.04	40.26	5.80
7	15	2143	46.76	4583	3394	0.37	2211	0	0	0.00	0.08	53.22
Core	CPU	Avg_MHz	Busy%	Bzy_MHz	TSC_MHz	IPC	IRQ	NMI	SMI	POLL%	C1%	C2%	CorWatt	PkgWatt
-	-	2368	51.79	4573	3393	0.38	36536	2	0	0.00	0.07	48.18	46.03	66.96
0	0	2377	52.31	4544	3394	0.38	2264	0	0	0.00	0.01	47.73	5.53	66.97
0	8	2006	43.98	4561	3394	0.39	2224	1	0	0.00	0.00	56.07
1	1	1780	38.94	4569	3394	0.39	2235	0	0	0.00	0.00	61.12	5.78
1	9	3191	69.63	4583	3394	0.38	2239	0	0	0.00	0.09	30.31
2	2	3740	82.12	4554	3394	0.40	2472	0	0	0.00	0.21	17.69	5.74
2	10	930	20.46	4549	3394	0.32	2340	0	0	0.00	0.01	79.63
3	3	1940	42.36	4579	3394	0.39	2676	1	0	0.00	0.18	57.54	5.86
3	11	2908	63.54	4577	3394	0.38	2246	0	0	0.00	0.10	36.41
4	4	2394	52.25	4582	3394	0.38	2208	0	0	0.00	0.09	47.71	5.87
4	12	2427	52.99	4581	3394	0.37	2274	0	0	0.00	0.09	46.98
5	5	1730	37.77	4580	3394	0.37	2246	0	0	0.00	0.07	62.23	5.77
5	13	3020	65.90	4582	3394	0.38	2363	0	0	0.00	0.17	33.96
6	6	753	16.43	4580	3394	0.37	2150	0	0	0.00	0.03	83.62	5.75
6	14	3944	86.12	4580	3394	0.39	2261	0	0	0.00	0.04	13.86
7	7	996	21.69	4590	3394	0.41	2101	0	0	0.00	0.01	78.37	5.73
7	15	3765	82.19	4581	3394	0.38	2237	0	0	0.00	0.01	17.82
Core	CPU	Avg_MHz	Busy%	Bzy_MHz	TSC_MHz	IPC	IRQ	NMI	SMI	POLL%	C1%	C2%	CorWatt	PkgWatt
-	-	2365	51.72	4572	3395	0.38	36424	3	0	0.00	0.07	48.28	46.04	66.98
0	0	735	16.03	4585	3394	0.37	2172	0	0	0.00	0.01	84.05	5.70	66.95
0	8	3936	85.99	4578	3394	0.38	2270	0	0	0.00	0.00	14.03
1	1	2198	48.03	4577	3394	0.39	2225	0	0	0.00	0.08	51.94	5.71
1	9	2600	56.76	4580	3394	0.38	2221	0	0	0.00	0.04	43.25
2	2	2862	63.15	4532	3394	0.42	2496	1	0	0.00	0.09	36.80	5.53
2	10	1289	28.19	4571	3394	0.37	2255	0	0	0.00	0.02	71.87
3	3	1688	36.87	4579	3394	0.38	2570	0	0	0.00	0.11	63.10	5.98
3	11	3389	73.98	4581	3394	0.39	2266	0	0	0.00	0.22	25.83
4	4	1868	40.94	4563	3394	0.37	2296	0	0	0.00	0.06	59.06	5.65
4	12	2693	58.85	4576	3394	0.37	2301	0	0	0.00	0.05	41.15
5	5	2112	46.14	4577	3394	0.40	2167	0	0	0.00	0.15	53.77	5.89
5	13	2631	57.53	4572	3394	0.38	2279	1	0	0.00	0.05	42.47
6	6	1987	43.89	4528	3394	0.38	2226	0	0	0.00	0.00	56.17	5.63
6	14	2623	57.35	4574	3394	0.38	2242	0	0	0.00	0.06	42.65
7	7	2063	45.17	4566	3394	0.40	2190	0	0	0.00	0.05	54.83	5.94
7	15	3150	68.72	4583	3394	0.38	2248	1	0	0.00	0.10	31.21
Core	CPU	Avg_MHz	Busy%	Bzy_MHz	TSC_MHz	IPC	IRQ	NMI	SMI	POLL%	C1%	C2%	CorWatt	PkgWatt
-	-	2371	51.89	4569	3393	0.39	36550	0	0	0.00	0.05	48.10	46.07	67.01
0	0	1335	29.16	4577	3394	0.39	2164	0	0	0.00	0.01	70.91	5.76	67.02
0	8	3364	73.51	4576	3394	0.39	2235	0	0	0.00	0.01	26.52
1	1	2667	58.37	4570	3394	0.38	2220	0	0	0.00	0.13	41.55	5.79
1	9	2258	49.32	4579	3394	0.38	2151	0	0	0.00	0.00	50.72
2	2	3001	65.95	4551	3394	0.41	2458	0	0	0.00	0.07	34.02	5.75
2	10	1545	33.81	4569	3394	0.37	2268	0	0	0.00	0.09	66.18
3	3	2483	54.38	4566	3394	0.38	2731	0	0	0.00	0.05	45.63	5.72
3	11	2127	46.57	4567	3394	0.39	2231	0	0	0.00	0.08	53.41
4	4	2177	47.68	4567	3394	0.38	2361	0	0	0.00	0.08	52.31	5.84
4	12	2618	57.19	4578	3394	0.38	2259	0	0	0.00	0.02	42.84
5	5	2402	52.70	4558	3394	0.38	2251	0	0	0.00	0.05	47.30	5.69
5	13	2304	50.34	4577	3394	0.38	2299	0	0	0.00	0.01	49.70
6	6	1341	29.46	4551	3394	0.36	2237	0	0	0.00	0.01	70.61	5.67
6	14	3311	72.40	4574	3394	0.38	2270	0	0	0.00	0.16	27.48
7	7	2466	53.82	4581	3394	0.42	2193	0	0	0.00	0.03	46.20	5.86
7	15	2546	55.62	4577	3394	0.37	2222	0	0	0.00	0.01	44.42
Core	CPU	Avg_MHz	Busy%	Bzy_MHz	TSC_MHz	IPC	IRQ	NMI	SMI	POLL%	C1%	C2%	CorWatt	PkgWatt
-	-	2364	51.75	4567	3393	0.39	36552	1	0	0.00	0.05	48.23	46.06	66.76
0	0	1831	40.01	4575	3394	0.40	2134	0	0	0.00	0.00	60.05	5.88	66.81
0	8	3177	69.43	4576	3394	0.39	2184	0	0	0.00	0.00	30.60
1	1	1356	29.63	4575	3394	0.39	2199	0	0	0.00	0.04	70.40	5.70
1	9	3404	74.40	4576	3394	0.38	2253	0	0	0.00	0.15	25.47
2	2	3572	78.74	4536	3394	0.42	2509	0	0	0.00	0.03	21.26	5.46
2	10	494	10.99	4496	3394	0.29	2198	0	0	0.00	0.01	89.10
3	3	2214	48.41	4573	3394	0.38	2712	0	0	0.00	0.07	51.59	5.89
3	11	2749	60.09	4575	3394	0.39	2274	0	0	0.00	0.08	39.88
4	4	1199	26.32	4555	3394	0.36	2267	0	0	0.00	0.03	73.74	5.83
4	12	3578	78.22	4574	3394	0.38	2282	0	0	0.00	0.05	21.76
5	5	2057	45.07	4563	3394	0.37	2310	0	0	0.00	0.05	54.95	5.73
5	13	2691	58.89	4569	3394	0.38	2370	0	0	0.00	0.11	41.05
6	6	995	21.74	4577	3394	0.36	2227	0	0	0.00	0.02	78.33	5.71
6	14	3673	80.32	4573	3394	0.39	2268	1	0	0.00	0.16	19.55
7	7	1298	28.35	4579	3394	0.41	2109	0	0	0.00	0.01	71.71	5.87
7	15	3544	77.47	4574	3394	0.39	2256	0	0	0.00	0.05	22.51
Core	CPU	Avg_MHz	Busy%	Bzy_MHz	TSC_MHz	IPC	IRQ	NMI	SMI	POLL%	C1%	C2%	CorWatt	PkgWatt
-	-	2371	51.96	4564	3395	0.38	37042	3	0	0.00	0.08	48.03	46.16	66.84
0	0	2473	54.18	4565	3394	0.39	2254	0	0	0.00	0.12	45.75	5.90	66.82
0	8	2590	56.60	4576	3394	0.38	2243	0	0	0.00	0.01	43.44
1	1	1914	41.86	4573	3394	0.40	2155	0	0	0.00	0.01	58.18	5.76
1	9	2753	60.24	4570	3394	0.39	2194	0	0	0.00	0.01	39.80
2	2	3047	67.11	4540	3394	0.42	2458	0	0	0.00	0.14	32.79	5.73
2	10	1527	33.62	4543	3394	0.36	2372	0	0	0.00	0.06	66.40
3	3	2422	53.17	4555	3394	0.38	2765	0	0	0.00	0.20	46.70	5.97
3	11	2673	58.46	4572	3394	0.39	2333	0	0	0.00	0.13	41.47
4	4	1114	24.45	4558	3394	0.34	2313	0	0	0.00	0.01	75.62	5.80
4	12	3554	77.80	4569	3394	0.38	2301	1	0	0.00	0.25	21.98
5	5	1336	29.25	4568	3394	0.37	2198	1	0	0.00	0.02	70.81	5.76
5	13	3335	72.98	4569	3394	0.38	2382	0	0	0.00	0.07	26.98
6	6	1376	30.41	4527	3394	0.36	2292	1	0	0.00	0.01	69.66	5.61
6	14	3175	69.50	4568	3394	0.38	2294	0	0	0.00	0.16	30.37
7	7	2929	64.25	4559	3394	0.41	2272	0	0	0.00	0.03	35.76	5.63
7	15	1711	37.48	4564	3394	0.37	2216	0	0	0.00	0.01	62.58
Core	CPU	Avg_MHz	Busy%	Bzy_MHz	TSC_MHz	IPC	IRQ	NMI	SMI	POLL%	C1%	C2%	CorWatt	PkgWatt
-	-	2342	51.32	4564	3388	0.39	36148	4	0	0.00	0.04	48.61	46.42	67.23
0	0	1329	28.97	4587	3394	0.39	2127	0	0	0.00	0.00	71.10	5.91	67.33
0	8	3585	78.35	4576	3394	0.39	2258	1	0	0.00	0.01	21.67
1	1	3711	81.16	4573	3394	0.42	2237	1	0	0.00	0.01	18.85	5.62
1	9	751	16.44	4567	3394	0.33	2128	0	0	0.00	0.01	83.64
2	2	2659	58.32	4559	3394	0.40	2351	0	0	0.00	0.16	41.57	5.85
2	10	1926	42.15	4570	3394	0.38	2209	1	0	0.00	0.01	57.91
3	3	2177	47.60	4574	3394	0.38	2679	0	0	0.00	0.04	52.43	5.93
3	11	2730	59.64	4577	3394	0.38	2238	1	0	0.00	0.16	40.24
4	4	1880	41.05	4580	3394	0.39	2200	0	0	0.00	0.12	58.89	5.94
4	12	2876	62.88	4573	3394	0.38	2263	0	0	0.00	0.01	37.16
5	5	2362	51.82	4559	3394	0.38	2239	0	0	0.00	0.02	48.21	5.71
5	13	2177	47.67	4567	3394	0.38	2285	0	0	0.00	0.01	52.38
6	6	1715	37.72	4547	3394	0.38	2263	0	0	0.00	0.02	62.34	5.69
6	14	2900	63.43	4571	3394	0.38	2285	0	0	0.00	0.05	36.57
7	7	2176	47.55	4576	3394	0.42	2167	0	0	0.00	0.02	52.48	5.85
7	15	2583	56.39	4580	3394	0.38	2219	0	0	0.00	0.02	43.64
Core	CPU	Avg_MHz	Busy%	Bzy_MHz	TSC_MHz	IPC	IRQ	NMI	SMI	POLL%	C1%	C2%	CorWatt	PkgWatt
-	-	2437	53.33	4570	3399	0.38	40581	3	0	0.00	0.13	46.68	46.66	67.35
0	0	2282	49.93	4571	3394	0.39	2283	1	0	0.00	0.07	50.06	5.81	67.23
0	8	2506	54.86	4568	3394	0.38	2482	0	0	0.00	0.11	45.08
1	1	2104	45.98	4576	3394	0.41	2197	0	0	0.00	0.04	54.04	5.89
1	9	3019	66.06	4570	3394	0.37	2536	1	0	0.01	0.13	33.87
2	2	2429	53.45	4545	3394	0.39	2681	0	0	0.00	0.15	46.46	5.95
2	10	2466	54.07	4561	3394	0.37	2648	0	0	0.00	0.10	45.90
3	3	2353	51.59	4562	3394	0.36	2936	0	0	0.00	0.17	48.31	5.78
3	11	2447	53.63	4563	3394	0.37	2492	0	0	0.00	0.35	46.08
4	4	1706	37.49	4551	3394	0.38	2593	0	0	0.00	0.09	62.50	5.88
4	12	3168	69.41	4563	3394	0.37	2497	0	0	0.00	0.09	30.54
5	5	2597	56.90	4565	3394	0.37	2574	0	0	0.00	0.19	42.97	5.77
5	13	2153	47.18	4564	3394	0.36	2843	0	0	0.00	0.25	52.65
6	6	2552	55.93	4562	3394	0.39	2274	0	0	0.00	0.13	44.00	5.76
6	14	2317	50.76	4564	3394	0.36	2467	0	0	0.00	0.15	49.15
7	7	2272	49.83	4559	3394	0.37	2630	1	0	0.00	0.08	50.17	5.74
7	15	2563	56.16	4564	3394	0.37	2448	0	0	0.00	0.05	43.86
Core	CPU	Avg_MHz	Busy%	Bzy_MHz	TSC_MHz	IPC	IRQ	NMI	SMI	POLL%	C1%	C2%	CorWatt	PkgWatt
-	-	2464	54.02	4561	3393	0.37	37904	2	0	0.00	0.14	45.90	46.58	67.26
0	0	1988	43.56	4564	3394	0.36	2414	0	0	0.00	0.05	56.46	5.77	67.26
0	8	2889	63.20	4571	3394	0.38	2308	0	0	0.00	0.03	36.81
1	1	2679	58.77	4558	3394	0.38	2265	0	0	0.00	0.04	41.23	5.82
1	9	2408	52.68	4572	3394	0.36	2263	0	0	0.00	0.03	47.34
2	2	3767	82.93	4542	3394	0.40	2569	1	0	0.00	0.65	16.44	5.76
2	10	1005	22.05	4557	3394	0.28	2250	0	0	0.00	0.05	77.99
3	3	2722	59.67	4561	3394	0.39	2699	0	0	0.00	0.23	40.16	5.94
3	11	2340	51.26	4565	3394	0.38	2225	0	0	0.00	0.08	48.72
4	4	2603	57.18	4553	3394	0.38	2341	1	0	0.00	0.12	42.76	5.79
4	12	2151	47.15	4562	3394	0.36	2395	0	0	0.00	0.02	52.89
5	5	1655	36.19	4574	3394	0.37	2178	0	0	0.00	0.07	63.81	5.99
5	13	3576	78.27	4569	3394	0.37	2479	0	0	0.00	0.10	21.67
6	6	1813	39.86	4548	3394	0.35	2382	0	0	0.00	0.21	60.00	5.83
6	14	3064	67.18	4561	3394	0.37	2491	0	0	0.00	0.32	32.55
7	7	1792	39.29	4559	3394	0.36	2231	0	0	0.00	0.04	60.74	5.67
7	15	2971	65.11	4564	3394	0.37	2414	0	0	0.00	0.14	34.81
Core	CPU	Avg_MHz	Busy%	Bzy_MHz	TSC_MHz	IPC	IRQ	NMI	SMI	POLL%	C1%	C2%	CorWatt	PkgWatt
-	-	2660	58.38	4557	3394	0.36	49770	3	0	0.00	0.23	41.47	48.05	68.69
0	0	2942	64.81	4540	3394	0.36	2772	0	0	0.00	0.30	34.95	5.66	68.67
0	8	1943	42.79	4542	3394	0.33	3436	0	0	0.00	0.15	57.16
1	1	3729	81.48	4576	3394	0.38	2373	0	0	0.00	0.04	18.51	6.15
1	9	1999	43.73	4572	3394	0.34	3343	0	0	0.00	0.07	56.29
2	2	2830	62.71	4513	3394	0.36	3364	0	0	0.00	0.41	36.94	5.69
2	10	1874	41.53	4512	3394	0.32	3444	0	0	0.01	0.29	58.29
3	3	2794	61.19	4567	3394	0.36	3633	1	0	0.01	0.21	38.67	6.14
3	11	2561	56.09	4565	3394	0.36	2625	0	0	0.00	0.15	43.81
4	4	2700	59.12	4567	3394	0.35	3654	0	0	0.00	0.14	40.82	6.07
4	12	2612	57.13	4573	3394	0.35	2792	0	0	0.00	0.35	42.60
5	5	2515	55.26	4551	3394	0.35	3188	0	0	0.00	0.14	44.67	5.95
5	13	2679	58.70	4563	3394	0.35	3608	1	0	0.00	0.51	40.88
6	6	2751	60.50	4548	3394	0.38	3352	0	0	0.00	0.34	39.23	5.93
6	14	2439	53.70	4542	3394	0.32	2858	0	0	0.00	0.24	46.14
7	7	2833	61.91	4576	3394	0.39	2776	0	0	0.00	0.22	37.93	6.45
7	15	3357	73.37	4576	3394	0.36	2552	1	0	0.00	0.19	26.49
Core	CPU	Avg_MHz	Busy%	Bzy_MHz	TSC_MHz	IPC	IRQ	NMI	SMI	POLL%	C1%	C2%	CorWatt	PkgWatt
-	-	2479	54.35	4562	3394	0.37	39445	1	0	0.00	0.10	45.61	46.66	67.33
0	0	3796	83.13	4566	3394	0.39	2311	0	0	0.00	0.13	16.76	5.78	67.32
0	8	1064	23.34	4560	3394	0.34	2467	0	0	0.00	0.15	76.60
1	1	2662	58.27	4568	3394	0.38	2369	0	0	0.00	0.10	41.68	5.84
1	9	2429	53.14	4570	3394	0.36	2340	0	0	0.00	0.01	46.90
2	2	3732	82.10	4546	3394	0.39	2667	0	0	0.00	0.27	17.65	5.74
2	10	889	19.57	4542	3394	0.29	2535	0	0	0.01	0.03	80.51
3	3	2858	62.72	4557	3394	0.38	2883	0	0	0.00	0.11	37.23	5.73
3	11	1870	41.04	4556	3394	0.35	2362	0	0	0.00	0.02	59.02
4	4	2031	44.59	4556	3394	0.33	2493	0	0	0.00	0.02	55.46	5.98
4	12	3111	68.24	4560	3394	0.37	2471	0	0	0.00	0.33	31.48
5	5	2161	47.24	4575	3394	0.39	2270	0	0	0.00	0.13	52.69	6.09
5	13	3199	70.04	4567	3394	0.38	2569	0	0	0.00	0.04	29.97
6	6	2638	57.76	4567	3394	0.37	2494	0	0	0.00	0.20	42.09	5.80
6	14	2274	49.81	4565	3394	0.36	2421	1	0	0.00	0.06	50.19
7	7	899	19.80	4538	3394	0.24	2479	0	0	0.00	0.03	80.27	5.70
7	15	4053	88.76	4566	3394	0.38	2314	0	0	0.00	0.01	11.24
Core	CPU	Avg_MHz	Busy%	Bzy_MHz	TSC_MHz	IPC	IRQ	NMI	SMI	POLL%	C1%	C2%	CorWatt	PkgWatt
-	-	2622	57.50	4561	3393	0.36	42415	1	0	0.00	0.25	42.32	47.75	68.32
0	0	2949	64.55	4568	3394	0.37	2588	0	0	0.00	0.31	35.20	6.00	68.33
0	8	2540	55.60	4568	3394	0.32	2466	0	0	0.00	0.10	44.36
1	1	2775	60.83	4561	3394	0.38	2528	0	0	0.00	0.24	38.98	5.95
1	9	2489	54.45	4571	3394	0.36	2617	0	0	0.00	0.48	45.15
2	2	3445	76.15	4525	3394	0.37	2868	0	0	0.00	0.44	23.45	5.64
2	10	1102	24.70	4461	3394	0.31	2930	0	0	0.00	0.16	75.25
3	3	1891	41.59	4547	3394	0.35	3117	0	0	0.00	0.39	58.11	5.94
3	11	3196	69.98	4568	3394	0.36	2522	0	0	0.00	0.16	29.91
4	4	2340	51.30	4562	3394	0.35	2654	0	0	0.01	0.21	48.57	6.03
4	12	2856	62.56	4565	3394	0.35	2559	1	0	0.00	0.08	37.41
5	5	1958	42.78	4578	3394	0.35	2671	0	0	0.00	0.21	57.09	6.45
5	13	4147	90.66	4574	3394	0.38	2446	0	0	0.00	0.21	9.14
6	6	1576	34.47	4573	3394	0.31	2915	0	0	0.00	0.53	65.11	5.89
6	14	3498	76.52	4572	3394	0.37	2474	0	0	0.00	0.06	23.46
7	7	2708	59.34	4564	3394	0.37	2547	0	0	0.00	0.25	40.46	5.87
7	15	2488	54.47	4568	3394	0.33	2513	0	0	0.00	0.10	45.48
Core	CPU	Avg_MHz	Busy%	Bzy_MHz	TSC_MHz	IPC	IRQ	NMI	SMI	POLL%	C1%	C2%	CorWatt	PkgWatt
-	-	2503	54.91	4558	3392	0.37	39228	1	0	0.00	0.10	45.03	46.92	67.46
0	0	2609	57.09	4570	3394	0.39	2326	0	0	0.00	0.11	42.85	5.87	67.50
0	8	2353	51.49	4569	3394	0.36	2489	0	0	0.00	0.16	48.40
1	1	2377	52.01	4571	3394	0.39	2288	1	0	0.00	0.08	47.97	5.84
1	9	2648	57.94	4570	3394	0.37	2385	0	0	0.00	0.05	42.06
2	2	3371	74.54	4523	3394	0.39	2690	0	0	0.00	0.28	25.22	5.69
2	10	1293	28.56	4530	3394	0.30	2488	0	0	0.00	0.06	71.48
3	3	2303	50.51	4560	3394	0.37	2796	0	0	0.00	0.16	49.40	5.97
3	11	2845	62.31	4566	3394	0.36	2432	0	0	0.00	0.02	37.72
4	4	2176	47.70	4562	3394	0.35	2626	0	0	0.00	0.17	52.19	6.03
4	12	2942	64.43	4567	3394	0.36	2445	0	0	0.00	0.23	35.39
5	5	2048	44.82	4570	3394	0.36	2359	0	0	0.00	0.01	55.24	6.04
5	13	3188	69.73	4571	3394	0.38	2414	0	0	0.00	0.05	30.26
6	6	2822	61.94	4555	3394	0.37	2390	0	0	0.00	0.01	38.09	5.83
6	14	2218	48.58	4565	3394	0.34	2443	0	0	0.00	0.17	51.31
7	7	1834	40.43	4535	3394	0.35	2293	0	0	0.00	0.02	59.62	5.67
7	15	3035	66.54	4561	3394	0.37	2364	0	0	0.00	0.01	33.49
Core	CPU	Avg_MHz	Busy%	Bzy_MHz	TSC_MHz	IPC	IRQ	NMI	SMI	POLL%	C1%	C2%	CorWatt	PkgWatt
-	-	2569	56.36	4558	3395	0.36	45772	5	0	0.00	0.13	43.60	47.45	67.90
0	0	2860	62.81	4554	3394	0.36	2775	1	0	0.00	0.17	37.08	5.74	67.86
0	8	2000	43.84	4562	3394	0.35	2573	0	0	0.00	0.09	56.15
1	1	2498	54.86	4554	3394	0.37	2580	0	0	0.00	0.04	45.17	5.86
1	9	2693	58.99	4565	3394	0.35	2865	0	0	0.00	0.08	41.00
2	2	3224	71.32	4520	3394	0.38	3324	1	0	0.00	0.21	28.53	5.61
2	10	1267	28.23	4487	3394	0.28	3449	0	0	0.00	0.07	71.83
3	3	2367	51.90	4562	3394	0.36	3187	0	0	0.00	0.10	48.10	6.06
3	11	2989	65.48	4564	3394	0.35	2844	1	0	0.00	0.07	34.52
4	4	2388	52.36	4560	3394	0.34	2694	0	0	0.00	0.12	47.60	6.04
4	12	2830	62.04	4562	3394	0.36	2694	0	0	0.00	0.13	37.89
5	5	2892	63.31	4567	3394	0.36	2603	1	0	0.00	0.13	36.62	6.25
5	13	2795	61.14	4571	3394	0.38	3338	0	0	0.00	0.36	38.57
6	6	2303	50.51	4560	3394	0.35	2961	1	0	0.00	0.10	49.48	5.95
6	14	2830	61.99	4565	3394	0.36	2678	0	0	0.00	0.10	37.97
7	7	3071	67.33	4562	3394	0.39	2404	0	0	0.00	0.24	32.48	5.92
7	15	2086	45.70	4564	3394	0.33	2803	0	0	0.00	0.11	54.29
Core	CPU	Avg_MHz	Busy%	Bzy_MHz	TSC_MHz	IPC	IRQ	NMI	SMI	POLL%	C1%	C2%	CorWatt	PkgWatt
-	-	2742	60.18	4556	3392	0.36	48964	3	0	0.00	0.28	39.59	48.52	68.78
0	0	2720	59.55	4567	3394	0.35	2466	0	0	0.00	0.05	40.45	6.11	68.83
0	8	2993	65.48	4571	3394	0.37	3636	1	0	0.00	0.19	34.39
1	1	3486	76.25	4571	3394	0.40	2494	0	0	0.01	0.34	23.47	6.43
1	9	2755	60.16	4579	3394	0.35	2584	1	0	0.00	0.21	39.68
2	2	3541	78.32	4521	3394	0.38	2716	0	0	0.00	0.42	21.30	5.77
2	10	1398	31.04	4505	3394	0.27	2806	0	0	0.00	0.13	68.92
3	3	2124	47.00	4520	3394	0.34	3146	0	0	0.03	0.62	52.47	5.73
3	11	2715	59.73	4545	3394	0.34	3763	0	0	0.00	0.85	39.50
4	4	2849	62.60	4551	3394	0.36	3811	0	0	0.00	0.24	37.22	6.02
4	12	2535	55.58	4561	3394	0.33	3075	0	0	0.00	0.19	44.28
5	5	2992	65.49	4570	3394	0.36	2480	0	0	0.00	0.13	34.43	6.20
5	13	2674	58.49	4572	3394	0.34	4006	1	0	0.01	0.45	41.14
6	6	3569	78.06	4572	3394	0.37	2393	0	0	0.00	0.14	21.83	6.17
6	14	2035	44.50	4572	3394	0.34	3537	0	0	0.00	0.05	55.53
7	7	2781	60.97	4562	3394	0.36	3503	0	0	0.00	0.15	38.94	6.12
7	15	2726	59.71	4565	3394	0.35	2548	0	0	0.01	0.25	40.10
Core	CPU	Avg_MHz	Busy%	Bzy_MHz	TSC_MHz	IPC	IRQ	NMI	SMI	POLL%	C1%	C2%	CorWatt	PkgWatt
-	-	2499	54.79	4561	3395	0.37	39644	4	0	0.00	0.10	45.18	47.39	68.07
0	0	2675	58.92	4541	3394	0.37	2393	0	0	0.00	0.08	41.04	5.75	68.06
0	8	2048	44.91	4561	3394	0.35	2467	0	0	0.00	0.15	55.00
1	1	3354	73.35	4573	3394	0.41	2295	0	0	0.00	0.03	26.65	6.16
1	9	2200	48.13	4572	3394	0.34	2372	0	0	0.00	0.03	51.91
2	2	3397	75.30	4511	3394	0.38	2749	0	0	0.00	0.06	24.68	5.33
2	10	669	15.16	4416	3394	0.21	2660	0	0	0.00	0.07	84.88
3	3	3359	73.69	4559	3394	0.37	2847	1	0	0.01	0.33	26.02	5.89
3	11	1596	35.09	4549	3394	0.32	2517	0	0	0.00	0.02	64.98
4	4	2899	63.53	4564	3394	0.37	2507	1	0	0.00	0.19	36.34	6.01
4	12	2079	45.50	4569	3394	0.36	2365	0	0	0.00	0.04	54.52
5	5	2654	57.99	4577	3394	0.37	2309	0	0	0.00	0.08	41.99	6.32
5	13	2939	64.14	4582	3394	0.39	2411	0	0	0.00	0.18	35.72
6	6	4117	90.02	4573	3394	0.38	2291	0	0	0.00	0.15	9.84	6.03
6	14	1012	22.16	4566	3394	0.32	2529	0	0	0.00	0.03	77.91
7	7	1272	27.86	4564	3394	0.34	2561	1	0	0.00	0.04	72.19	5.89
7	15	3700	80.92	4573	3394	0.38	2371	1	0	0.00	0.16	18.95
Core	CPU	Avg_MHz	Busy%	Bzy_MHz	TSC_MHz	IPC	IRQ	NMI	SMI	POLL%	C1%	C2%	CorWatt	PkgWatt
-	-	2611	57.31	4556	3393	0.36	43150	0	0	0.00	0.09	42.66	47.54	67.83
0	0	2642	57.99	4556	3394	0.36	2988	0	0	0.00	0.13	41.94	5.82	67.84
0	8	2463	54.06	4556	3394	0.34	2446	0	0	0.00	0.02	45.98
1	1	3063	67.05	4567	3394	0.40	2259	0	0	0.00	0.10	32.89	6.08
1	9	2549	55.80	4568	3394	0.34	2752	0	0	0.00	0.08	44.18
2	2	3156	69.74	4526	3394	0.37	3143	0	0	0.00	0.35	29.95	5.79
2	10	1656	36.69	4513	3394	0.30	2805	0	0	0.00	0.05	63.36
3	3	3300	72.38	4559	3394	0.38	2933	0	0	0.00	0.13	27.54	5.97
3	11	1941	42.66	4551	3394	0.32	2507	0	0	0.00	0.04	57.38
4	4	1569	34.57	4538	3394	0.32	2850	0	0	0.00	0.03	65.49	5.93
4	12	3504	76.86	4560	3394	0.37	2407	0	0	0.00	0.03	23.14
5	5	2859	62.58	4570	3394	0.38	2844	0	0	0.00	0.12	37.35	6.12
5	13	2413	52.76	4573	3394	0.38	2620	0	0	0.00	0.08	47.23
6	6	2857	62.69	4558	3394	0.37	2421	0	0	0.00	0.02	37.35	5.89
6	14	2341	51.32	4561	3394	0.34	2893	0	0	0.00	0.06	48.69
7	7	1647	36.04	4568	3394	0.30	2951	0	0	0.00	0.02	64.02	5.95
7	15	3822	83.77	4563	3394	0.37	2331	0	0	0.00	0.10	16.15
Core	CPU	Avg_MHz	Busy%	Bzy_MHz	TSC_MHz	IPC	IRQ	NMI	SMI	POLL%	C1%	C2%	CorWatt	PkgWatt
-	-	2518	55.29	4554	3394	0.36	39925	2	0	0.00	0.08	44.69	47.27	67.87
0	0	2510	55.48	4524	3394	0.36	2465	0	0	0.00	0.05	44.53	5.63	67.84
0	8	2224	48.92	4547	3394	0.33	2462	0	0	0.00	0.01	51.13
1	1	2716	59.34	4577	3394	0.39	2302	0	0	0.00	0.07	40.64	6.17
1	9	2970	65.01	4569	3394	0.36	2352	0	0	0.00	0.01	35.02
2	2	3612	79.58	4539	3394	0.40	2638	0	0	0.00	0.25	20.20	5.99
2	10	1427	31.44	4538	3394	0.31	2701	0	0	0.00	0.04	68.62
3	3	3294	72.31	4555	3394	0.38	2820	0	0	0.00	0.12	27.61	5.81
3	11	1471	32.31	4552	3394	0.34	2571	0	0	0.00	0.03	67.76
4	4	1707	37.44	4560	3394	0.35	2432	0	0	0.00	0.02	62.62	5.95
4	12	3203	70.18	4564	3394	0.37	2447	1	0	0.00	0.20	29.66
5	5	1611	35.33	4558	3394	0.35	2535	0	0	0.00	0.04	64.71	6.02
5	13	3388	74.15	4569	3394	0.38	2448	0	0	0.00	0.06	25.81
6	6	1396	30.66	4552	3394	0.35	2482	0	0	0.00	0.10	69.33	5.95
6	14	3734	81.79	4565	3394	0.38	2335	1	0	0.00	0.10	18.13
7	7	2785	61.39	4537	3394	0.37	2435	0	0	0.00	0.12	38.55	5.73
7	15	2239	49.38	4535	3394	0.31	2500	0	0	0.00	0.02	50.67
Core	CPU	Avg_MHz	Busy%	Bzy_MHz	TSC_MHz	IPC	IRQ	NMI	SMI	POLL%	C1%	C2%	CorWatt	PkgWatt
-	-	2554	56.10	4553	3390	0.36	40410	3	0	0.00	0.08	43.84	47.45	67.81
0	0	3377	73.94	4567	3394	0.37	2475	0	0	0.00	0.12	25.98	5.98	67.92
0	8	2005	43.96	4561	3394	0.31	2492	0	0	0.00	0.06	56.06
1	1	2845	62.41	4559	3394	0.40	2385	1	0	0.00	0.08	37.56	6.07
1	9	2763	60.61	4559	3394	0.35	2449	0	0	0.01	0.03	39.41
2	2	3249	71.39	4551	3394	0.38	2756	1	0	0.00	0.26	28.39	5.96
2	10	1691	37.06	4563	3394	0.33	2510	1	0	0.00	0.11	62.92
3	3	2625	57.65	4554	3394	0.36	2905	0	0	0.00	0.06	42.36	5.84
3	11	2437	53.59	4547	3394	0.32	2545	0	0	0.00	0.07	46.40
4	4	3004	66.00	4551	3394	0.37	2434	0	0	0.00	0.04	34.01	6.07
4	12	2150	47.25	4550	3394	0.36	2549	0	0	0.00	0.03	52.79
5	5	1367	29.93	4566	3394	0.32	2627	0	0	0.00	0.04	70.13	5.98
5	13	3793	83.13	4563	3394	0.38	2513	0	0	0.00	0.09	16.80
6	6	3052	67.00	4555	3394	0.38	2388	0	0	0.00	0.09	32.95	5.83
6	14	1776	39.03	4550	3394	0.34	2441	0	0	0.00	0.07	60.99
7	7	2293	50.35	4555	3394	0.38	2392	0	0	0.00	0.01	49.69	5.77
7	15	2479	54.36	4561	3394	0.36	2549	0	0	0.00	0.07	45.64
Core	CPU	Avg_MHz	Busy%	Bzy_MHz	TSC_MHz	IPC	IRQ	NMI	SMI	POLL%	C1%	C2%	CorWatt	PkgWatt
-	-	2526	55.47	4555	3394	0.36	39809	3	0	0.00	0.12	44.48	47.30	67.62
0	0	1939	42.56	4556	3394	0.34	2453	1	0	0.00	0.07	57.45	5.93	67.58
0	8	3069	67.24	4564	3394	0.38	2372	0	0	0.00	0.02	32.78
1	1	3238	71.04	4558	3394	0.39	2422	0	0	0.00	0.20	28.80	5.93
1	9	1939	42.58	4555	3394	0.36	2445	0	0	0.00	0.07	57.43
2	2	3488	77.10	4524	3394	0.37	2677	0	0	0.00	0.27	22.66	5.80
2	10	1362	30.05	4534	3394	0.28	2541	0	0	0.00	0.03	70.00
3	3	3236	70.94	4562	3394	0.39	2820	0	0	0.00	0.22	28.89	6.19
3	11	2274	49.80	4567	3394	0.35	2409	0	0	0.00	0.04	50.23
4	4	2803	61.43	4563	3394	0.38	2463	0	0	0.00	0.08	38.54	6.02
4	12	2192	48.00	4567	3394	0.36	2394	0	0	0.00	0.02	52.05
5	5	1095	24.11	4542	3394	0.28	2447	0	0	0.00	0.15	75.84	5.89
5	13	3940	86.45	4558	3394	0.37	2485	1	0	0.00	0.45	13.13
6	6	2767	61.02	4535	3394	0.37	2362	1	0	0.00	0.01	39.01	5.70
6	14	1969	43.29	4548	3394	0.33	2697	0	0	0.00	0.05	56.74
7	7	2937	64.43	4559	3394	0.37	2392	0	0	0.00	0.06	35.56	5.83
7	15	2164	47.47	4559	3394	0.35	2430	0	0	0.00	0.11	52.49
Core	CPU	Avg_MHz	Busy%	Bzy_MHz	TSC_MHz	IPC	IRQ	NMI	SMI	POLL%	C1%	C2%	CorWatt	PkgWatt
-	-	2546	55.86	4557	3396	0.36	40050	1	0	0.00	0.09	44.13	47.33	67.70
0	0	2771	60.74	4562	3394	0.36	2321	0	0	0.00	0.01	39.29	5.99	67.64
0	8	2447	53.59	4566	3394	0.36	2497	0	0	0.00	0.09	46.37
1	1	2636	57.91	4553	3394	0.36	2437	0	0	0.00	0.03	42.11	5.84
1	9	2508	55.01	4560	3394	0.36	2392	0	0	0.00	0.02	45.03
2	2	3235	71.44	4528	3394	0.39	2722	0	0	0.00	0.21	28.40	5.70
2	10	1357	30.27	4484	3394	0.27	2565	0	0	0.00	0.02	69.78
3	3	3256	71.45	4557	3394	0.38	2732	0	0	0.00	0.13	28.46	5.96
3	11	1715	37.56	4565	3394	0.35	2739	0	0	0.00	0.11	62.43
4	4	1718	37.68	4559	3394	0.34	2485	0	0	0.00	0.14	62.26	6.02
4	12	3429	75.17	4562	3394	0.37	2385	0	0	0.00	0.09	24.78
5	5	2020	44.37	4554	3394	0.36	2514	0	0	0.00	0.08	55.63	5.95
5	13	3074	67.47	4556	3394	0.37	2453	0	0	0.00	0.10	32.47
6	6	1098	24.22	4533	3394	0.27	2497	0	0	0.00	0.03	75.85	5.78
6	14	3835	84.13	4559	3394	0.37	2324	0	0	0.00	0.04	15.85
7	7	2300	50.39	4565	3394	0.37	2557	0	0	0.00	0.13	49.54	6.07
7	15	3307	72.43	4565	3394	0.35	2430	1	0	0.00	0.22	27.39
Core	CPU	Avg_MHz	Busy%	Bzy_MHz	TSC_MHz	IPC	IRQ	NMI	SMI	POLL%	C1%	C2%	CorWatt	PkgWatt
-	-	2549	55.96	4556	3395	0.36	47968	5	0	0.00	0.09	44.04	47.51	67.92
0	0	3180	69.90	4549	3394	0.38	2360	0	0	0.00	0.14	30.00	5.79	67.85
0	8	1756	38.66	4542	3394	0.32	3693	1	0	0.00	0.13	61.29
1	1	2091	45.96	4549	3394	0.35	2466	0	0	0.00	0.04	54.08	5.79
1	9	2981	65.40	4558	3394	0.37	2327	1	0	0.00	0.02	34.63
2	2	3410	75.30	4528	3394	0.37	3634	0	0	0.00	0.24	24.50	5.89
2	10	1538	33.85	4544	3394	0.33	3675	0	0	0.00	0.03	66.20
3	3	3053	66.94	4561	3394	0.37	2760	1	0	0.00	0.13	32.98	5.91
3	11	1891	41.51	4555	3394	0.35	3693	1	0	0.00	0.02	58.55
4	4	2151	47.37	4541	3394	0.35	3776	0	0	0.00	0.03	52.68	5.93
4	12	2833	62.15	4559	3394	0.36	2381	0	0	0.00	0.03	37.85
5	5	2501	54.75	4568	3394	0.38	2700	1	0	0.00	0.05	45.26	6.18
5	13	2965	64.89	4569	3394	0.37	2462	0	0	0.00	0.07	35.08
6	6	1888	41.52	4548	3394	0.35	3707	0	0	0.00	0.05	58.52	5.96
6	14	3291	72.23	4557	3394	0.37	2392	0	0	0.00	0.17	27.64
7	7	1868	41.01	4556	3394	0.39	2407	0	0	0.00	0.06	59.00	6.04
7	15	3373	73.87	4566	3394	0.37	3535	0	0	0.00	0.18	25.99
Core	CPU	Avg_MHz	Busy%	Bzy_MHz	TSC_MHz	IPC	IRQ	NMI	SMI	POLL%	C1%	C2%	CorWatt	PkgWatt
-	-	2612	57.51	4541	3385	0.37	43233	0	0	0.00	0.23	42.22	48.03	68.48
0	0	3529	77.36	4561	3394	0.39	2481	0	0	0.00	0.16	22.52	6.06	68.77
0	8	1803	39.56	4558	3394	0.33	2596	0	0	0.00	0.35	60.18
1	1	3098	67.93	4561	3394	0.39	2524	0	0	0.00	0.64	31.49	6.21
1	9	2745	60.22	4557	3394	0.35	2791	0	0	0.01	0.38	39.47
2	2	2588	57.00	4540	3394	0.37	2689	0	0	0.00	0.09	42.97	6.02
2	10	2518	55.50	4538	3394	0.36	2507	0	0	0.00	0.09	44.47
3	3	2900	63.68	4554	3394	0.37	2919	0	0	0.00	0.18	36.20	6.01
3	11	2323	51.04	4551	3394	0.35	2555	0	0	0.00	0.13	48.90
4	4	1764	38.86	4539	3394	0.34	3112	0	0	0.00	0.03	61.20	6.00
4	12	3240	71.21	4550	3394	0.37	2768	0	0	0.00	0.42	28.41
5	5	2180	47.97	4545	3394	0.36	2795	0	0	0.00	0.18	51.93	5.95
5	13	2831	62.15	4555	3394	0.36	2519	0	0	0.00	0.16	37.75
6	6	2331	51.36	4539	3394	0.36	2658	0	0	0.00	0.35	48.37	5.78
6	14	2553	56.14	4547	3394	0.38	2828	0	0	0.00	0.02	43.90
7	7	2945	64.49	4567	3394	0.38	2378	0	0	0.00	0.05	35.51	6.12
7	15	2544	55.77	4562	3394	0.38	3113	0	0	0.00	0.49	43.81
Core	CPU	Avg_MHz	Busy%	Bzy_MHz	TSC_MHz	IPC	IRQ	NMI	SMI	POLL%	C1%	C2%	CorWatt	PkgWatt
-	-	2563	56.15	4565	3401	0.36	41201	5	0	0.00	0.12	43.88	48.07	68.52
0	0	2078	45.53	4564	3394	0.36	2564	0	0	0.00	0.05	54.50	6.07	68.27
0	8	3184	69.67	4570	3394	0.37	2464	0	0	0.00	0.07	30.31
1	1	2569	56.34	4560	3394	0.38	2312	0	0	0.00	0.05	43.67	6.03
1	9	2811	61.55	4567	3394	0.35	2638	0	0	0.00	0.12	38.39
2	2	3168	70.03	4523	3394	0.38	2716	1	0	0.00	0.31	29.70	5.92
2	10	1686	37.16	4538	3394	0.33	2639	0	0	0.00	0.03	62.89
3	3	2746	60.49	4539	3394	0.36	3198	0	0	0.01	0.29	39.28	5.72
3	11	1835	40.37	4544	3394	0.36	2516	0	0	0.00	0.09	59.61
4	4	2366	52.20	4533	3394	0.34	2592	1	0	0.00	0.06	47.81	5.90
4	12	2624	57.57	4557	3394	0.34	2549	1	0	0.00	0.08	42.41
5	5	3167	69.31	4569	3394	0.39	2382	0	0	0.00	0.03	30.70	6.47
5	13	2536	55.48	4570	3394	0.36	2486	0	0	0.00	0.12	44.43
6	6	1822	39.99	4555	3394	0.35	2635	0	0	0.00	0.16	59.94	5.96
6	14	3252	71.34	4558	3394	0.36	2448	1	0	0.00	0.27	28.43
7	7	1335	29.26	4562	3394	0.30	2694	1	0	0.00	0.06	70.78	5.88
7	15	3746	82.11	4562	3394	0.37	2368	0	0	0.00	0.13	17.79
Core	CPU	Avg_MHz	Busy%	Bzy_MHz	TSC_MHz	IPC	IRQ	NMI	SMI	POLL%	C1%	C2%	CorWatt	PkgWatt
-	-	2599	57.09	4553	3394	0.36	44445	1	0	0.00	0.16	42.81	47.83	68.36
0	0	1683	36.91	4560	3394	0.31	2640	0	0	0.00	0.18	63.00	5.92	68.35
0	8	3532	77.43	4561	3394	0.37	3025	0	0	0.00	0.38	22.22
1	1	2018	44.20	4566	3394	0.39	2394	1	0	0.00	0.17	55.70	6.01
1	9	3255	71.33	4564	3394	0.37	2383	0	0	0.00	0.01	28.70
2	2	3313	73.20	4526	3394	0.38	3445	0	0	0.00	0.11	26.72	5.75
2	10	1457	32.19	4528	3394	0.30	2723	0	0	0.00	0.14	67.77
3	3	3125	68.69	4550	3394	0.36	2965	0	0	0.00	0.16	31.20	6.20
3	11	2573	56.46	4558	3394	0.35	2530	0	0	0.00	0.02	43.58
4	4	2553	56.17	4545	3394	0.35	2571	0	0	0.00	0.33	43.56	6.01
4	12	2591	56.95	4551	3394	0.36	3157	0	0	0.00	0.04	43.07
5	5	3065	67.13	4565	3394	0.38	2897	0	0	0.00	0.11	32.80	6.10
5	13	2246	49.25	4560	3394	0.34	2754	0	0	0.00	0.24	50.58
6	6	2638	57.98	4549	3394	0.35	3384	0	0	0.00	0.25	41.83	5.81
6	14	2407	52.88	4551	3394	0.34	2598	0	0	0.00	0.15	47.04
7	7	2769	60.73	4559	3394	0.38	2478	0	0	0.00	0.10	39.23	6.03
7	15	2364	51.94	4552	3394	0.36	2501	0	0	0.00	0.18	47.94
Core	CPU	Avg_MHz	Busy%	Bzy_MHz	TSC_MHz	IPC	IRQ	NMI	SMI	POLL%	C1%	C2%	CorWatt	PkgWatt
-	-	2464	54.14	4552	3393	0.37	39127	1	0	0.00	0.08	45.83	47.08	67.41
0	0	2249	49.57	4537	3394	0.38	2384	0	0	0.00	0.03	50.47	5.98	67.43
0	8	2939	64.48	4558	3394	0.38	2340	0	0	0.00	0.08	35.48
1	1	3244	71.16	4559	3394	0.38	2372	0	0	0.00	0.15	28.73	5.80
1	9	1865	40.88	4564	3394	0.32	2493	0	0	0.00	0.02	59.19
2	2	1931	42.86	4506	3394	0.35	2721	0	0	0.00	0.10	57.11	5.91
2	10	2878	63.16	4556	3394	0.38	2363	0	0	0.00	0.10	36.79
3	3	2068	45.56	4539	3394	0.35	2857	0	0	0.00	0.13	54.39	5.88
3	11	2863	62.85	4555	3394	0.37	2520	0	0	0.00	0.12	37.08
4	4	1634	35.83	4561	3394	0.36	2527	0	0	0.00	0.11	64.15	5.96
4	12	3176	69.64	4560	3394	0.38	2358	0	0	0.00	0.09	30.31
5	5	1845	40.47	4560	3394	0.36	2429	0	0	0.00	0.06	59.55	5.85
5	13	2947	64.69	4555	3394	0.38	2449	1	0	0.00	0.08	35.26
6	6	2704	59.41	4552	3394	0.37	2401	0	0	0.00	0.02	40.62	5.81
6	14	2072	45.52	4552	3394	0.36	2343	0	0	0.00	0.02	54.52
7	7	1933	42.30	4570	3394	0.40	2246	0	0	0.00	0.03	57.73	5.90
7	15	3092	67.77	4562	3394	0.37	2324	0	0	0.00	0.10	32.18
Core	CPU	Avg_MHz	Busy%	Bzy_MHz	TSC_MHz	IPC	IRQ	NMI	SMI	POLL%	C1%	C2%	CorWatt	PkgWatt
-	-	2514	55.18	4556	3395	0.36	39606	3	0	0.00	0.09	44.81	47.38	67.86
0	0	1978	43.45	4552	3394	0.35	2344	1	0	0.00	0.10	56.52	5.91	67.82
0	8	3214	70.50	4558	3394	0.35	2414	0	0	0.00	0.01	29.53
1	1	1579	34.65	4557	3394	0.35	2321	0	0	0.00	0.08	65.35	5.97
1	9	3723	81.61	4561	3394	0.38	2337	0	0	0.00	0.08	18.34
2	2	1216	26.72	4550	3394	0.30	2893	0	0	0.00	0.07	73.30	6.12
2	10	3872	84.86	4563	3394	0.40	2370	1	0	0.00	0.27	14.88
3	3	2625	57.95	4530	3394	0.37	2825	0	0	0.00	0.07	42.05	5.76
3	11	2047	44.99	4549	3394	0.36	2477	0	0	0.00	0.09	55.00
4	4	1596	35.13	4544	3394	0.34	2563	0	0	0.00	0.11	64.85	5.95
4	12	3351	73.58	4554	3394	0.37	2394	0	0	0.00	0.17	26.28
5	5	1783	39.34	4533	3394	0.36	2443	0	0	0.00	0.04	60.70	5.83
5	13	3034	66.56	4559	3394	0.37	2450	0	0	0.00	0.07	33.42
6	6	2625	57.58	4558	3394	0.36	2342	0	0	0.00	0.08	42.40	5.85
6	14	2396	52.54	4560	3394	0.34	2441	0	0	0.00	0.06	47.46
7	7	1962	43.04	4559	3394	0.34	2614	0	0	0.00	0.05	56.99	5.97
7	15	3208	70.35	4560	3394	0.37	2378	1	0	0.00	0.15	29.54
Core	CPU	Avg_MHz	Busy%	Bzy_MHz	TSC_MHz	IPC	IRQ	NMI	SMI	POLL%	C1%	C2%	CorWatt	PkgWatt
-	-	2477	54.41	4553	3393	0.37	39496	4	0	0.00	0.08	45.57	47.13	67.57
0	0	2691	58.98	4562	3394	0.36	2378	0	0	0.00	0.01	41.07	5.85	67.59
0	8	2260	49.52	4563	3394	0.36	2349	1	0	0.00	0.03	50.51
1	1	1666	36.38	4580	3394	0.35	2327	0	0	0.00	0.01	63.70	6.65
1	9	4576	99.99	4577	3394	0.44	2181	1	0	0.00	0.02	0.00
2	2	1660	36.62	4534	3394	0.37	2705	0	0	0.00	0.02	63.45	5.75
2	10	2937	64.63	4544	3394	0.36	2404	0	0	0.01	0.40	35.02
3	3	2701	59.48	4541	3394	0.37	2759	1	0	0.00	0.15	40.43	5.82
3	11	2037	44.80	4548	3394	0.35	2593	0	0	0.00	0.03	55.25
4	4	1435	31.73	4523	3394	0.33	2591	0	0	0.00	0.04	68.31	5.83
4	12	3276	71.85	4559	3394	0.38	2370	0	0	0.00	0.22	27.97
5	5	1285	28.24	4549	3394	0.30	2626	0	0	0.00	0.02	71.83	5.83
5	13	3576	78.58	4550	3394	0.38	2443	0	0	0.00	0.12	21.32
6	6	2630	57.84	4546	3394	0.37	2391	1	0	0.00	0.03	42.17	5.75
6	14	2126	46.66	4557	3394	0.35	2472	0	0	0.00	0.07	53.33
7	7	2839	62.54	4540	3394	0.37	2442	0	0	0.00	0.06	37.44	5.66
7	15	1943	42.69	4551	3394	0.32	2465	0	0	0.00	0.04	57.35
Core	CPU	Avg_MHz	Busy%	Bzy_MHz	TSC_MHz	IPC	IRQ	NMI	SMI	POLL%	C1%	C2%	CorWatt	PkgWatt
-	-	2588	56.84	4552	3394	0.36	46749	2	0	0.00	0.15	43.07	47.86	68.23
0	0	2200	48.37	4549	3394	0.33	2592	0	0	0.00	0.11	51.59	5.79	68.21
0	8	2828	62.20	4548	3394	0.37	2453	0	0	0.00	0.17	37.68
1	1	1522	33.29	4572	3394	0.33	3342	0	0	0.00	0.06	66.74	6.51
1	9	4572	99.99	4572	3394	0.43	2188	0	0	0.00	0.01	0.00
2	2	2515	55.31	4547	3394	0.34	3008	0	0	0.00	0.31	44.46	5.97
2	10	2610	57.36	4551	3394	0.36	3307	0	0	0.00	0.32	42.40
3	3	2852	62.68	4551	3394	0.36	2742	0	0	0.00	0.22	37.16	5.96
3	11	2271	49.85	4555	3394	0.35	3494	1	0	0.00	0.23	50.00
4	4	3067	67.78	4525	3394	0.37	2528	0	0	0.00	0.05	32.21	5.85
4	12	1786	39.47	4525	3394	0.34	3616	0	0	0.01	0.11	60.52
5	5	2442	53.57	4558	3394	0.35	2577	1	0	0.00	0.22	46.28	6.02
5	13	2745	60.23	4557	3394	0.35	3656	0	0	0.00	0.08	39.76
6	6	1944	42.72	4551	3394	0.33	2768	0	0	0.01	0.26	57.11	5.87
6	14	3063	67.21	4557	3394	0.37	2547	0	0	0.00	0.17	32.66
7	7	2814	61.86	4549	3394	0.37	2659	0	0	0.00	0.06	38.13	5.88
7	15	2168	47.63	4553	3394	0.36	3272	0	0	0.00	0.05	52.40
Core	CPU	Avg_MHz	Busy%	Bzy_MHz	TSC_MHz	IPC	IRQ	NMI	SMI	POLL%	C1%	C2%	CorWatt	PkgWatt
-	-	2377	52.24	4550	3392	0.38	38177	0	0	0.00	0.04	47.75	46.82	67.25
0	0	816	17.91	4556	3394	0.35	2190	0	0	0.00	0.01	82.17	5.77	67.29
0	8	3819	83.77	4559	3394	0.39	2329	0	0	0.00	0.01	16.25
1	1	1598	34.92	4576	3394	0.35	2204	0	0	0.00	0.00	65.15	6.61
1	9	4574	99.99	4574	3394	0.45	2175	0	0	0.00	0.01	0.00
2	2	1504	33.19	4532	3394	0.36	2496	0	0	0.00	0.01	66.88	5.83
2	10	3094	67.88	4559	3394	0.38	2508	0	0	0.00	0.01	32.15
3	3	1676	37.04	4524	3394	0.37	2736	0	0	0.00	0.15	62.89	5.63
3	11	2724	59.92	4546	3394	0.37	2496	0	0	0.00	0.12	40.02
4	4	2995	65.91	4545	3394	0.38	2398	0	0	0.00	0.01	34.12	5.84
4	12	1537	33.76	4552	3394	0.37	2374	0	0	0.00	0.15	66.17
5	5	1927	42.35	4551	3394	0.37	2351	0	0	0.00	0.02	57.70	5.84
5	13	2747	60.27	4558	3394	0.38	2583	0	0	0.00	0.01	39.78
6	6	1310	29.22	4483	3394	0.35	2526	0	0	0.00	0.04	70.82	5.55
6	14	3071	67.48	4551	3394	0.38	2269	0	0	0.00	0.10	32.45
7	7	2978	65.36	4556	3394	0.38	2347	0	0	0.00	0.03	34.64	5.77
7	15	1684	36.95	4557	3394	0.38	2195	0	0	0.00	0.01	63.11
Core	CPU	Avg_MHz	Busy%	Bzy_MHz	TSC_MHz	IPC	IRQ	NMI	SMI	POLL%	C1%	C2%	CorWatt	PkgWatt
-	-	2375	52.14	4556	3394	0.38	37786	5	0	0.00	0.04	47.89	47.12	67.71
0	0	775	17.07	4543	3394	0.33	2231	0	0	0.00	0.01	83.02	5.76	67.70
0	8	3827	83.93	4560	3394	0.39	2327	0	0	0.00	0.15	15.94
1	1	1287	28.08	4585	3394	0.35	2232	0	0	0.00	0.01	72.00	6.53
1	9	4577	99.99	4578	3394	0.45	2180	1	0	0.00	0.01	0.00
2	2	1953	43.12	4529	3394	0.37	2512	0	0	0.00	0.04	56.91	5.66
2	10	2388	52.72	4530	3394	0.38	2492	0	0	0.00	0.04	47.30
3	3	2518	55.34	4550	3394	0.37	2832	0	0	0.00	0.15	44.58	5.83
3	11	2103	46.14	4557	3394	0.38	2343	0	0	0.00	0.08	53.85
4	4	2851	62.51	4560	3394	0.38	2309	1	0	0.00	0.02	37.52	6.04
4	12	2092	45.87	4562	3394	0.37	2267	1	0	0.00	0.01	54.18
5	5	1554	34.30	4532	3394	0.37	2212	0	0	0.00	0.01	65.76	5.85
5	13	2923	64.08	4562	3394	0.40	2534	0	0	0.00	0.00	35.95
6	6	796	17.76	4479	3394	0.33	2350	0	0	0.00	0.01	82.33	5.66
6	14	3642	79.96	4555	3394	0.39	2315	1	0	0.00	0.02	20.04
7	7	1036	22.69	4564	3394	0.34	2295	1	0	0.00	0.02	77.38	5.79
7	15	3680	80.66	4562	3394	0.39	2355	0	0	0.00	0.02	19.35
Core	CPU	Avg_MHz	Busy%	Bzy_MHz	TSC_MHz	IPC	IRQ	NMI	SMI	POLL%	C1%	C2%	CorWatt	PkgWatt
-	-	2496	54.81	4554	3394	0.38	40009	1	0	0.00	0.20	45.06	47.88	68.21
0	0	1213	26.64	4554	3394	0.35	2875	0	0	0.04	0.18	73.29	5.83	68.21
0	8	3546	77.75	4561	3394	0.38	2311	0	0	0.00	0.04	22.24
1	1	1979	43.26	4576	3394	0.35	2247	0	0	0.00	0.01	56.81	6.81
1	9	4575	99.99	4575	3394	0.44	2167	0	0	0.00	0.01	0.00
2	2	1842	40.74	4521	3394	0.36	2683	0	0	0.00	0.27	59.08	5.81
2	10	2828	62.28	4541	3394	0.38	2507	0	0	0.01	0.21	37.57
3	3	2351	51.99	4523	3394	0.37	3033	0	0	0.00	0.38	47.72	5.71
3	11	2218	48.73	4551	3394	0.36	2321	0	0	0.00	0.06	51.27
4	4	2214	48.65	4551	3394	0.40	2602	0	0	0.00	0.13	51.30	6.02
4	12	2795	61.40	4552	3394	0.37	2445	0	0	0.00	0.22	38.44
5	5	2183	47.96	4551	3394	0.37	2495	0	0	0.00	0.23	51.88	5.91
5	13	2678	58.80	4555	3394	0.37	2553	1	0	0.00	0.18	41.09
6	6	1191	26.12	4560	3394	0.36	2608	0	0	0.00	1.00	73.00	5.86
6	14	3563	78.14	4560	3394	0.38	2282	0	0	0.00	0.08	21.80
7	7	2245	49.35	4549	3394	0.41	2282	0	0	0.00	0.03	50.65	5.93
7	15	2511	55.18	4552	3394	0.40	2598	0	0	0.00	0.13	44.76
Core	CPU	Avg_MHz	Busy%	Bzy_MHz	TSC_MHz	IPC	IRQ	NMI	SMI	POLL%	C1%	C2%	CorWatt	PkgWatt
-	-	2364	51.90	4554	3393	0.38	36723	1	0	0.00	0.03	48.11	47.08	67.59
0	0	3451	76.00	4541	3394	0.39	2302	0	0	0.00	0.00	24.02	5.52	67.61
0	8	831	18.40	4514	3394	0.32	2260	0	0	0.00	0.02	81.67
1	1	1883	41.08	4584	3394	0.36	2256	0	0	0.00	0.00	58.99	6.86
1	9	4580	99.99	4580	3394	0.44	2181	0	0	0.00	0.02	0.00
2	2	2958	65.12	4543	3394	0.37	2475	1	0	0.00	0.05	34.86	5.84
2	10	1622	35.61	4555	3394	0.37	2247	0	0	0.00	0.00	64.46
3	3	2524	55.32	4562	3394	0.38	2605	0	0	0.00	0.12	44.61	5.91
3	11	2108	46.21	4561	3394	0.38	2200	0	0	0.00	0.05	53.79
4	4	2363	51.73	4568	3394	0.38	2274	0	0	0.00	0.09	48.24	5.99
4	12	2327	51.06	4557	3394	0.38	2232	0	0	0.00	0.02	48.98
5	5	3463	75.88	4564	3394	0.39	2249	0	0	0.00	0.02	24.13	5.88
5	13	1160	25.46	4557	3394	0.35	2217	0	0	0.00	0.00	74.62
6	6	2358	52.30	4509	3394	0.38	2361	0	0	0.00	0.03	47.72	5.33
6	14	1604	35.44	4525	3394	0.37	2322	0	0	0.00	0.02	64.62
7	7	2240	49.10	4562	3394	0.38	2257	0	0	0.00	0.01	50.95	5.77
7	15	2361	51.80	4557	3394	0.38	2285	0	0	0.00	0.01	48.25
Core	CPU	Avg_MHz	Busy%	Bzy_MHz	TSC_MHz	IPC	IRQ	NMI	SMI	POLL%	C1%	C2%	CorWatt	PkgWatt
-	-	2366	51.86	4562	3395	0.38	36533	2	0	0.00	0.03	48.18	47.32	67.70
0	0	3464	76.63	4520	3394	0.39	2306	0	0	0.00	0.05	23.34	5.16	67.67
0	8	251	5.94	4220	3394	0.15	2287	0	0	0.00	0.02	94.15
1	1	1888	41.16	4586	3394	0.37	2214	1	0	0.00	0.00	58.91	6.90
1	9	4582	99.99	4583	3394	0.44	2174	0	0	0.00	0.02	0.00
2	2	4035	88.69	4550	3394	0.38	2484	0	0	0.00	0.01	11.32	5.75
2	10	337	7.45	4518	3394	0.26	2244	0	0	0.00	0.01	92.64
3	3	3176	69.54	4567	3394	0.38	2690	0	0	0.00	0.02	30.48	5.99
3	11	1662	36.41	4566	3394	0.34	2265	0	0	0.00	0.01	63.66
4	4	1211	26.57	4558	3394	0.37	2188	0	0	0.00	0.00	73.51	5.89
4	12	3343	73.23	4565	3394	0.38	2226	0	0	0.00	0.05	26.75
5	5	3910	85.60	4568	3394	0.39	2224	0	0	0.00	0.00	14.40	5.96
5	13	728	15.94	4569	3394	0.34	2235	0	0	0.00	0.00	84.15
6	6	1719	37.60	4570	3394	0.37	2282	0	0	0.00	0.01	62.46	5.86
6	14	2911	63.75	4566	3394	0.38	2251	0	0	0.00	0.11	36.19
7	7	1107	24.26	4562	3394	0.36	2171	0	0	0.00	0.05	75.77	5.79
7	15	3519	77.04	4568	3394	0.38	2292	1	0	0.00	0.07	22.92
Core	CPU	Avg_MHz	Busy%	Bzy_MHz	TSC_MHz	IPC	IRQ	NMI	SMI	POLL%	C1%	C2%	CorWatt	PkgWatt
-	-	2385	52.47	4545	3387	0.38	37748	3	0	0.00	0.03	47.46	47.18	67.87
0	0	3403	75.07	4533	3394	0.39	2305	1	0	0.00	0.06	24.89	5.48	68.03
0	8	807	17.85	4522	3394	0.33	2340	0	0	0.00	0.02	82.21
1	1	1872	40.83	4584	3394	0.35	2236	0	0	0.00	0.00	59.24	6.82
1	9	4579	99.99	4580	3394	0.44	2179	1	0	0.00	0.01	0.00
2	2	3211	70.68	4543	3394	0.37	2622	0	0	0.00	0.01	29.36	5.73
2	10	1210	26.72	4528	3394	0.36	2383	0	0	0.00	0.01	73.36
3	3	3697	81.17	4554	3394	0.38	2700	1	0	0.00	0.06	18.80	5.96
3	11	1153	25.37	4546	3394	0.33	2318	0	0	0.00	0.01	74.71
4	4	1395	30.70	4544	3394	0.33	2469	0	0	0.00	0.08	69.30	5.90
4	12	3323	72.88	4559	3394	0.38	2307	0	0	0.00	0.01	27.14
5	5	1528	33.45	4567	3394	0.37	2176	0	0	0.00	0.01	66.62	5.94
5	13	3160	69.23	4564	3394	0.38	2482	0	0	0.00	0.01	30.81
6	6	1595	34.94	4564	3394	0.36	2409	0	0	0.00	0.08	65.06	5.89
6	14	3073	67.35	4563	3394	0.39	2299	0	0	0.00	0.07	32.62
7	7	2407	53.11	4531	3394	0.39	2237	0	0	0.00	0.01	46.92	5.55
7	15	1827	40.25	4538	3394	0.37	2286	0	0	0.00	0.01	59.81
Core	CPU	Avg_MHz	Busy%	Bzy_MHz	TSC_MHz	IPC	IRQ	NMI	SMI	POLL%	C1%	C2%	CorWatt	PkgWatt
-	-	2376	52.11	4560	3398	0.38	37241	3	0	0.00	0.02	48.00	47.11	67.62
0	0	1726	37.86	4559	3394	0.38	2173	0	0	0.00	0.00	62.20	5.82	67.61
0	8	2886	63.28	4561	3394	0.39	2248	1	0	0.00	0.01	36.76
1	1	1535	33.53	4579	3394	0.35	2199	0	0	0.00	0.00	66.55	6.60
1	9	4576	99.99	4576	3394	0.44	2184	0	0	0.00	0.01	0.00
2	2	3417	75.22	4543	3394	0.37	2610	0	0	0.00	0.01	24.80	5.75
2	10	1154	25.40	4545	3394	0.34	2315	1	0	0.00	0.00	74.68
3	3	3395	74.60	4551	3394	0.39	2670	0	0	0.00	0.01	25.42	5.87
3	11	1193	26.27	4540	3394	0.36	2281	0	0	0.00	0.02	73.79
4	4	1827	40.49	4511	3394	0.38	2294	0	0	0.00	0.01	59.56	5.72
4	12	2458	54.11	4542	3394	0.38	2246	0	0	0.00	0.01	45.93
5	5	2227	48.93	4551	3394	0.36	2343	1	0	0.00	0.06	51.07	5.75
5	13	2348	51.59	4552	3394	0.37	2436	0	0	0.00	0.00	48.47
6	6	2637	57.99	4548	3394	0.38	2425	0	0	0.00	0.09	41.97	5.76
6	14	1906	41.86	4554	3394	0.37	2263	0	0	0.00	0.05	58.16
7	7	1547	33.91	4563	3394	0.36	2315	0	0	0.00	0.02	66.16	5.78
7	15	3135	68.75	4561	3394	0.38	2239	0	0	0.00	0.06	31.23
Core	CPU	Avg_MHz	Busy%	Bzy_MHz	TSC_MHz	IPC	IRQ	NMI	SMI	POLL%	C1%	C2%	CorWatt	PkgWatt
-	-	2381	52.26	4556	3396	0.38	37981	2	0	0.00	0.07	47.76	47.29	67.89
0	0	3576	78.58	4551	3394	0.40	2276	0	0	0.00	0.13	21.31	6.18	67.74
0	8	1880	41.25	4558	3394	0.34	2414	0	0	0.00	0.01	58.81
1	1	2494	54.89	4543	3394	0.39	2334	0	0	0.00	0.00	45.16	5.60
1	9	1979	43.45	4555	3394	0.37	2238	0	0	0.00	0.03	56.58
2	2	2740	60.55	4525	3394	0.40	2586	0	0	0.00	0.23	39.26	5.77
2	10	1585	34.97	4532	3394	0.38	2438	0	0	0.00	0.11	65.00
3	3	2108	46.27	4556	3394	0.37	2721	0	0	0.00	0.03	53.77	5.88
3	11	2527	55.43	4559	3394	0.38	2257	0	0	0.00	0.01	44.61
4	4	2431	53.44	4548	3394	0.39	2324	0	0	0.00	0.01	46.59	6.01
4	12	2325	51.03	4557	3394	0.37	2264	1	0	0.00	0.00	49.02
5	5	1659	36.43	4553	3394	0.37	2165	0	0	0.00	0.00	63.64	5.90
5	13	2987	65.53	4558	3394	0.38	2572	0	0	0.00	0.00	34.51
6	6	2971	65.11	4564	3394	0.39	2343	1	0	0.00	0.32	34.61	5.97
6	14	1779	39.01	4560	3394	0.37	2307	0	0	0.01	0.01	61.05
7	7	2244	49.22	4559	3394	0.39	2262	0	0	0.00	0.06	50.78	5.95
7	15	2782	60.97	4563	3394	0.37	2480	0	0	0.00	0.08	39.00
Core	CPU	Avg_MHz	Busy%	Bzy_MHz	TSC_MHz	IPC	IRQ	NMI	SMI	POLL%	C1%	C2%	CorWatt	PkgWatt
-	-	2368	52.02	4552	3393	0.38	37399	3	0	0.00	0.10	47.94	46.95	67.33
0	0	3417	75.05	4553	3394	0.39	2383	0	0	0.00	0.21	24.78	5.87	67.31
0	8	1264	27.71	4562	3394	0.37	2127	0	0	0.00	0.06	72.31
1	1	2653	58.17	4561	3394	0.39	2334	0	0	0.00	0.04	41.84	6.00
1	9	2523	55.27	4565	3394	0.38	2210	0	0	0.00	0.01	44.77
2	2	3280	72.34	4535	3394	0.40	2491	1	0	0.00	0.19	27.50	5.78
2	10	1169	25.77	4537	3394	0.34	2351	0	0	0.00	0.03	74.28
3	3	2472	54.38	4545	3394	0.38	2678	0	0	0.00	0.23	45.44	5.85
3	11	2186	48.03	4551	3394	0.37	2354	1	0	0.00	0.06	51.97
4	4	2624	57.73	4545	3394	0.38	2329	0	0	0.00	0.06	42.26	5.83
4	12	1956	42.98	4552	3394	0.37	2315	0	0	0.00	0.03	57.06
5	5	1680	36.95	4548	3394	0.37	2319	0	0	0.00	0.13	63.00	5.89
5	13	3109	68.22	4557	3394	0.38	2395	0	0	0.00	0.20	31.62
6	6	807	17.75	4548	3394	0.35	2187	0	0	0.00	0.01	82.33	5.88
6	14	3914	85.86	4558	3394	0.39	2292	1	0	0.00	0.02	14.13
7	7	1796	39.43	4556	3394	0.39	2267	0	0	0.00	0.09	60.55	5.85
7	15	3038	66.63	4559	3394	0.38	2367	0	0	0.00	0.18	33.23
Core	CPU	Avg_MHz	Busy%	Bzy_MHz	TSC_MHz	IPC	IRQ	NMI	SMI	POLL%	C1%	C2%	CorWatt	PkgWatt
-	-	2353	51.64	4556	3394	0.38	36920	0	0	0.00	0.04	48.37	47.03	67.36
0	0	3912	85.83	4558	3394	0.39	2283	0	0	0.00	0.03	14.15	5.80	67.41
0	8	764	16.75	4561	3394	0.33	2234	0	0	0.00	0.04	83.31
1	1	1118	24.40	4582	3394	0.33	2178	0	0	0.00	0.00	75.69	6.37
1	9	4575	99.99	4575	3394	0.43	2182	0	0	0.00	0.01	0.00
2	2	3282	72.24	4543	3394	0.39	2450	0	0	0.00	0.05	27.74	5.81
2	10	1171	25.73	4553	3394	0.36	2174	0	0	0.00	0.01	74.35
3	3	3130	68.68	4558	3394	0.38	2666	0	0	0.00	0.10	31.26	5.89
3	11	1570	34.43	4560	3394	0.36	2328	0	0	0.00	0.05	65.60
4	4	1836	40.32	4554	3394	0.38	2315	0	0	0.01	0.02	59.72	5.91
4	12	2686	58.96	4556	3394	0.39	2275	0	0	0.00	0.01	41.08
5	5	2693	59.06	4560	3394	0.38	2242	0	0	0.00	0.08	40.90	5.85
5	13	1957	42.96	4554	3394	0.37	2350	0	0	0.00	0.02	57.08
6	6	2102	46.42	4529	3394	0.38	2299	0	0	0.00	0.02	53.62	5.67
6	14	2308	50.67	4555	3394	0.38	2268	0	0	0.00	0.09	49.29
7	7	2643	58.18	4543	3394	0.38	2370	0	0	0.00	0.03	41.84	5.72
7	15	1901	41.72	4556	3394	0.37	2306	0	0	0.00	0.13	58.22
Core	CPU	Avg_MHz	Busy%	Bzy_MHz	TSC_MHz	IPC	IRQ	NMI	SMI	POLL%	C1%	C2%	CorWatt	PkgWatt
-	-	2460	54.09	4549	3392	0.37	39391	5	0	0.00	0.12	45.83	47.94	68.36
0	0	3038	66.94	4539	3394	0.39	2428	0	0	0.00	0.09	33.01	5.77	68.40
0	8	1639	36.08	4544	3394	0.35	2495	0	0	0.00	0.08	63.93
1	1	2128	46.67	4560	3394	0.37	2398	0	0	0.00	0.07	53.33	6.07
1	9	3154	69.12	4563	3394	0.38	2323	1	0	0.00	0.05	30.87
2	2	2945	65.13	4523	3394	0.39	2655	0	0	0.00	0.13	34.79	5.85
2	10	1613	35.50	4543	3394	0.36	2426	0	0	0.00	0.01	64.56
3	3	2765	60.72	4554	3394	0.37	2802	0	0	0.00	0.13	39.21	6.17
3	11	2477	54.33	4559	3394	0.36	2501	0	0	0.00	0.12	45.62
4	4	2197	48.22	4555	3394	0.38	2308	1	0	0.00	0.11	51.73	6.34
4	12	3025	66.30	4563	3394	0.38	2322	0	0	0.00	0.08	33.67
5	5	2076	45.60	4553	3394	0.38	2329	0	0	0.00	0.13	54.34	6.03
5	13	2791	61.24	4557	3394	0.37	2548	1	0	0.00	0.14	38.67
6	6	2132	46.93	4544	3394	0.38	2421	0	0	0.00	0.08	53.05	5.88
6	14	2582	56.74	4550	3394	0.37	2435	0	0	0.00	0.09	43.23
7	7	1749	38.51	4542	3394	0.37	2596	1	0	0.00	0.30	61.27	5.86
7	15	3070	67.36	4557	3394	0.37	2404	1	0	0.00	0.34	32.33
Core	CPU	Avg_MHz	Busy%	Bzy_MHz	TSC_MHz	IPC	IRQ	NMI	SMI	POLL%	C1%	C2%	CorWatt	PkgWatt
-	-	958	21.35	4488	3396	0.37	39001	2	0	0.01	0.21	78.58	21.80	41.12
0	0	577	12.90	4473	3394	0.35	2186	1	0	0.00	0.01	87.16	2.85	41.05
0	8	1460	32.28	4521	3394	0.40	2188	0	0	0.00	0.01	67.76
1	1	879	19.65	4471	3394	0.36	2287	0	0	0.00	0.68	79.74	2.59
1	9	906	20.14	4500	3394	0.36	2149	0	0	0.00	0.05	79.88
2	2	1638	36.34	4508	3394	0.38	2688	0	0	0.00	1.07	62.65	2.71
2	10	158	3.87	4083	3394	0.25	2629	0	0	0.00	0.00	96.22
3	3	1091	24.40	4473	3394	0.35	2797	1	0	0.17	0.83	74.85	2.63
3	11	726	16.16	4492	3394	0.34	2137	0	0	0.00	0.01	83.91
4	4	1734	38.62	4490	3394	0.40	2718	0	0	0.00	0.14	61.30	2.98
4	12	599	13.67	4380	3394	0.33	2697	0	0	0.00	0.01	86.41
5	5	765	17.02	4494	3394	0.37	2242	0	0	0.00	0.08	82.98	2.70
5	13	1115	24.80	4497	3394	0.37	3021	0	0	0.00	0.29	75.00
6	6	489	10.96	4468	3394	0.35	2221	0	0	0.00	0.01	89.11	2.66
6	14	1312	29.01	4523	3394	0.37	2135	0	0	0.00	0.07	70.97
7	7	1163	26.11	4456	3394	0.37	2732	0	0	0.00	0.05	73.87	2.65
7	15	702	15.62	4495	3394	0.35	2174	0	0	0.00	0.00	84.45
Core	CPU	Avg_MHz	Busy%	Bzy_MHz	TSC_MHz	IPC	IRQ	NMI	SMI	POLL%	C1%	C2%	CorWatt	PkgWatt
-	-	105	2.85	3699	3394	0.46	39077	0	0	0.00	0.19	97.04	7.19	25.65
0	0	71	1.98	3596	3394	0.28	2166	0	0	0.00	0.07	98.02	0.83	25.65
0	8	91	2.52	3596	3394	0.31	2347	0	0	0.00	0.00	97.56
1	1	276	7.33	3764	3394	0.82	2919	0	0	0.00	0.01	92.75	1.05
1	9	86	2.37	3628	3394	0.25	2377	0	0	0.00	0.15	97.56
2	2	77	2.17	3552	3394	0.13	2613	0	0	0.01	0.93	96.99	0.84
2	10	94	2.66	3554	3394	0.26	2871	0	0	0.00	0.02	97.41
3	3	81	2.27	3589	3394	0.22	2804	0	0	0.03	1.03	96.79	0.84
3	11	85	2.37	3586	3394	0.32	2463	0	0	0.00	0.14	97.58
4	4	60	1.68	3563	3394	0.15	2190	0	0	0.00	0.19	98.21	0.85
4	12	114	3.10	3664	3394	0.43	2453	0	0	0.00	0.04	96.94
5	5	68	1.87	3654	3394	0.28	2054	0	0	0.00	0.00	98.21	0.84
5	13	90	2.52	3589	3394	0.33	3012	0	0	0.00	0.24	97.34
6	6	92	2.46	3740	3394	0.51	2159	0	0	0.00	0.10	97.50	0.87
6	14	74	2.02	3662	3394	0.39	2013	0	0	0.00	0.00	98.05
7	7	270	6.72	4017	3394	0.76	2620	0	0	0.00	0.15	93.18	1.07
7	15	56	1.53	3630	3394	0.13	2016	0	0	0.00	0.00	98.54
