turbostat version 2025.09.09 - Len Brown <lenb@kernel.org>
Kernel command line: BOOT_IMAGE=/boot/vmlinuz-6.17.0-35-generic root=UUID=37e0ef02-2557-4d29-8187-72bb5e6547ba ro quiet splash vt.handoff=7
CPUID(0): AuthenticAMD 0x10 CPUID levels
CPUID(1): family:model:stepping 0x19:21:2 (25:33:2) microcode 0x0
CPUID(0x80000000): max_extended_levels: 0x80000023
CPUID(1): SSE3 MONITOR - - - TSC MSR - HT -
CPUID(6): APERF, No-TURBO, No-DTS, No-PTM, No-HWP, No-HWPnotify, No-HWPwindow, No-HWPepp, No-HWPpkg, No-EPB
CPUID(7): No-SGX No-Hybrid
cpu0: cpufreq driver: amd-pstate-epp
cpu0: cpufreq governor: powersave
cpufreq boost: 1
/dev/cpu_dma_latency: 2000000000 usec (default)
current_driver: acpi_idle
current_governor: menu
current_governor_ro: menu
cpu0: POLL: CPUIDLE CORE POLL IDLE
cpu0: C1: ACPI FFH MWAIT 0x0
cpu0: C2: ACPI IOPORT 0x414
RAPL: 234 sec. Joule Counter Range, at 280 Watts
intel-rapl:0: package-0 disabled
intel-rapl:0/intel-rapl:0:0: core disabled
cpu0: MSR_RAPL_PWR_UNIT: 0x000a1003 (0.125000 Watts, 0.000015 Joules, 0.000977 sec.)
Core	CPU	Avg_MHz	Busy%	Bzy_MHz	TSC_MHz	IPC	IRQ	NMI	SMI	POLL%	C1%	C2%	CorWatt	PkgWatt
-	-	138	3.62	3817	3394	1.14	20684	0	0	0.00	0.23	96.19	7.03	24.55
0	0	130	3.44	3783	3394	0.99	1890	0	0	0.00	0.22	96.40	0.72	24.55
0	8	55	1.50	3668	3394	0.76	498	0	0	0.00	0.20	98.32
1	1	580	14.42	4024	3394	1.51	1973	0	0	0.00	0.18	85.44	1.38
1	9	52	1.35	3849	3394	0.52	568	0	0	0.00	0.00	98.65
2	2	190	5.13	3712	3394	1.34	1820	0	0	0.00	0.85	94.07	0.89
2	10	64	1.78	3566	3394	0.62	1402	0	0	0.00	0.15	98.11
3	3	71	1.92	3690	3394	0.97	1220	0	0	0.04	1.00	97.12	0.63
3	11	28	0.79	3582	3394	0.98	643	0	0	0.00	0.04	99.18
4	4	158	4.15	3806	3394	1.14	1318	0	0	0.00	0.07	95.80	0.72
4	12	32	0.88	3694	3394	0.63	331	0	0	0.00	0.00	99.13
5	5	231	6.00	3844	3394	1.47	1126	0	0	0.00	0.10	93.93	0.99
5	13	56	1.55	3588	3394	0.54	2017	0	0	0.00	0.21	98.30
6	6	74	1.95	3817	3394	1.18	933	0	0	0.00	0.06	98.02	0.61
6	14	21	0.59	3511	3394	0.55	1020	0	0	0.00	0.09	99.35
7	7	305	8.18	3721	3394	0.84	2778	0	0	0.01	0.30	91.58	1.10
7	15	161	4.21	3830	3394	0.84	1147	0	0	0.00	0.28	95.55
Core	CPU	Avg_MHz	Busy%	Bzy_MHz	TSC_MHz	IPC	IRQ	NMI	SMI	POLL%	C1%	C2%	CorWatt	PkgWatt
-	-	195	4.72	4138	3389	1.80	20077	1	0	0.00	0.45	94.74	9.43	27.76
0	0	180	4.40	4094	3394	1.62	1229	0	0	0.00	0.28	95.32	0.92	27.79
0	8	82	2.24	3679	3394	1.23	923	0	0	0.00	0.31	97.48
1	1	743	17.15	4332	3394	2.65	2338	0	0	0.00	0.70	82.20	2.24
1	9	263	5.99	4396	3394	0.93	500	1	0	0.00	0.20	93.78
2	2	131	3.60	3637	3394	0.95	2551	0	0	0.01	2.01	94.45	0.86
2	10	68	1.85	3659	3394	1.03	1115	0	0	0.00	0.20	97.98
3	3	88	2.40	3684	3394	0.93	1552	0	0	0.03	0.59	97.06	0.93
3	11	107	2.66	4035	3394	1.32	1050	0	0	0.00	0.20	97.16
4	4	229	5.72	4007	3394	1.77	1786	0	0	0.00	0.09	94.23	1.06
4	12	67	1.58	4242	3394	2.38	334	0	0	0.00	0.36	98.07
5	5	72	1.95	3697	3394	0.86	1839	0	0	0.00	0.19	97.91	0.91
5	13	122	3.05	3995	3394	1.33	1106	0	0	0.00	0.59	96.38
6	6	135	3.35	4028	3394	1.11	860	0	0	0.00	0.40	96.27	0.51
6	14	25	0.68	3726	3394	1.28	558	0	0	0.00	0.54	98.80
7	7	707	16.38	4318	3394	2.12	1987	0	0	0.00	0.48	83.15	2.01
7	15	105	2.45	4271	3394	1.23	349	0	0	0.00	0.07	97.48
Core	CPU	Avg_MHz	Busy%	Bzy_MHz	TSC_MHz	IPC	IRQ	NMI	SMI	POLL%	C1%	C2%	CorWatt	PkgWatt
-	-	631	13.98	4512	3398	0.95	18181	1	0	0.01	0.23	85.92	22.46	42.59
0	0	99	2.58	3837	3394	0.88	2468	0	0	0.00	0.44	97.05	1.73	42.53
0	8	120	3.10	3878	3394	0.92	1097	0	0	0.00	0.17	96.75
1	1	104	2.36	4394	3394	0.84	713	0	0	0.00	0.27	97.38	6.59
1	9	4076	89.90	4534	3394	1.01	2006	0	0	0.00	0.16	9.94
2	2	90	2.20	4100	3394	0.82	1423	0	0	0.00	0.22	97.61	1.60
2	10	29	0.76	3856	3394	0.64	786	0	0	0.00	0.03	99.23
3	3	72	1.87	3883	3394	0.79	853	0	0	0.07	0.13	98.02	0.92
3	11	40	1.03	3860	3394	0.55	791	0	0	0.00	0.23	98.77
4	4	423	9.62	4398	3394	1.22	1023	0	0	0.00	0.26	90.14	1.32
4	12	24	0.59	3996	3394	0.53	250	0	0	0.00	0.25	99.15
5	5	136	3.46	3920	3394	0.96	1813	0	0	0.01	0.36	96.21	1.60
5	13	47	1.24	3807	3394	0.60	654	0	0	0.00	0.24	98.54
6	6	171	4.55	3763	3394	1.77	1345	0	0	0.00	0.18	95.32	1.27
6	14	59	1.40	4225	3394	0.98	581	0	0	0.00	0.48	98.14
7	7	4414	95.18	4637	3394	0.82	1979	0	0	0.00	0.00	4.82	7.42
7	15	176	3.85	4565	3394	1.61	399	1	0	0.00	0.24	95.91
Core	CPU	Avg_MHz	Busy%	Bzy_MHz	TSC_MHz	IPC	IRQ	NMI	SMI	POLL%	C1%	C2%	CorWatt	PkgWatt
-	-	591	13.02	4536	3394	0.93	13837	0	0	0.00	0.03	86.96	21.08	41.37
0	0	50	1.34	3712	3394	0.91	2259	0	0	0.00	0.22	98.49	1.54	41.37
0	8	27	0.74	3713	3394	1.72	398	0	0	0.00	0.00	99.27
1	1	23	0.52	4373	3394	0.64	288	0	0	0.00	0.00	99.49	6.65
1	9	4161	91.69	4538	3394	1.02	2064	0	0	0.00	0.00	8.31
2	2	28	0.75	3712	3394	0.43	1117	0	0	0.00	0.06	99.22	1.19
2	10	16	0.44	3712	3394	0.65	400	0	0	0.00	0.00	99.56
3	3	25	0.67	3712	3394	0.38	626	0	0	0.04	0.09	99.26	0.44
3	11	10	0.26	3711	3394	0.43	299	0	0	0.00	0.00	99.75
4	4	105	2.54	4152	3394	1.35	610	0	0	0.00	0.00	97.47	0.43
4	12	1	0.02	3757	3394	0.40	20	0	0	0.00	0.00	99.98
5	5	215	5.37	4007	3394	1.24	1149	0	0	0.00	0.03	94.62	1.71
5	13	26	0.71	3726	3394	0.41	435	0	0	0.00	0.01	99.30
6	6	118	3.18	3712	3394	1.76	1978	0	0	0.00	0.03	96.83	1.64
6	14	3	0.09	3711	3394	0.64	154	0	0	0.00	0.00	99.91
7	7	4341	93.54	4641	3394	0.82	1885	0	0	0.00	0.00	6.46	7.49
7	15	303	6.53	4641	3394	0.81	155	0	0	0.00	0.00	93.47
Core	CPU	Avg_MHz	Busy%	Bzy_MHz	TSC_MHz	IPC	IRQ	NMI	SMI	POLL%	C1%	C2%	CorWatt	PkgWatt
-	-	593	13.12	4522	3394	0.93	14415	1	0	0.00	0.05	86.85	21.34	41.87
0	0	106	2.84	3726	3394	0.90	2213	0	0	0.00	0.07	97.15	1.70	41.87
0	8	66	1.76	3739	3394	1.89	490	0	0	0.00	0.13	98.12
1	1	465	10.37	4488	3394	1.00	679	0	0	0.00	0.07	89.57	6.18
1	9	3326	73.30	4537	3394	1.01	1717	0	0	0.00	0.00	26.70
2	2	29	0.79	3711	3394	0.36	1259	0	0	0.00	0.04	99.20	0.96
2	10	4	0.12	3710	3394	0.61	312	0	0	0.00	0.00	99.89
3	3	50	1.31	3847	3394	1.02	653	0	0	0.02	0.19	98.53	0.51
3	11	11	0.29	3711	3394	0.40	403	0	0	0.00	0.01	99.72
4	4	226	5.28	4275	3394	0.99	516	0	0	0.00	0.00	94.74	0.66
4	12	2	0.06	3925	3394	0.42	44	0	0	0.00	0.00	99.94
5	5	426	10.12	4209	3394	1.26	1331	0	0	0.00	0.02	89.87	2.23
5	13	42	1.10	3834	3394	0.66	527	0	0	0.00	0.00	98.91
6	6	81	2.18	3712	3394	1.26	1841	0	0	0.01	0.13	97.73	1.57
6	14	11	0.28	3712	3394	0.64	372	0	0	0.00	0.17	99.56
7	7	2712	58.43	4641	3394	0.81	1179	1	0	0.00	0.00	41.57	7.53
7	15	1934	41.66	4641	3394	0.82	879	0	0	0.00	0.00	58.34
Core	CPU	Avg_MHz	Busy%	Bzy_MHz	TSC_MHz	IPC	IRQ	NMI	SMI	POLL%	C1%	C2%	CorWatt	PkgWatt
-	-	593	13.08	4534	3388	0.93	14037	0	0	0.00	0.02	86.78	21.13	41.73
0	0	170	4.57	3712	3394	0.90	2940	0	0	0.00	0.11	95.39	1.72	41.81
0	8	1	0.03	3713	3394	0.40	16	0	0	0.00	0.00	99.97
1	1	53	1.18	4496	3394	1.12	512	0	0	0.00	0.00	98.83	6.76
1	9	4188	92.17	4544	3394	1.01	2118	0	0	0.00	0.00	7.84
2	2	24	0.65	3712	3394	0.55	1153	0	0	0.00	0.00	99.38	1.48
2	10	8	0.21	3711	3394	0.70	464	0	0	0.00	0.00	99.80
3	3	29	0.77	3712	3394	0.42	855	0	0	0.07	0.09	99.16	0.73
3	11	4	0.11	3711	3394	0.42	170	0	0	0.00	0.00	99.89
4	4	70	1.78	3931	3394	1.31	412	0	0	0.00	0.00	98.24	0.31
4	12	1	0.02	3711	3394	0.40	22	0	0	0.00	0.00	99.98
5	5	206	4.87	4231	3394	1.59	1516	0	0	0.00	0.04	95.11	1.74
5	13	24	0.64	3756	3394	0.46	405	0	0	0.00	0.00	99.37
6	6	69	1.86	3712	3394	1.79	1150	0	0	0.00	0.00	98.16	0.89
6	14	8	0.22	3711	3394	0.56	280	0	0	0.00	0.03	99.76
7	7	3012	64.89	4641	3394	0.81	1309	0	0	0.00	0.00	35.11	7.53
7	15	1636	35.24	4641	3394	0.83	715	0	0	0.00	0.00	64.76
Core	CPU	Avg_MHz	Busy%	Bzy_MHz	TSC_MHz	IPC	IRQ	NMI	SMI	POLL%	C1%	C2%	CorWatt	PkgWatt
-	-	594	13.07	4545	3399	0.93	13806	1	0	0.00	0.02	87.07	21.76	42.50
0	0	93	2.38	3895	3394	1.17	2042	0	0	0.00	0.00	97.66	1.62	42.42
0	8	13	0.34	3719	3394	1.48	34	0	0	0.00	0.00	99.66
1	1	31	0.71	4396	3394	1.20	349	0	0	0.00	0.00	99.30	6.76
1	9	4200	92.38	4546	3394	1.02	2133	1	0	0.00	0.00	7.63
2	2	25	0.66	3712	3394	0.38	1199	0	0	0.00	0.13	99.24	1.50
2	10	12	0.32	3712	3394	0.87	480	0	0	0.00	0.00	99.69
3	3	37	1.00	3712	3394	0.67	774	0	0	0.05	0.01	99.01	0.51
3	11	3	0.07	3711	3394	0.37	91	0	0	0.00	0.01	99.93
4	4	95	2.53	3755	3394	1.29	807	0	0	0.00	0.09	97.41	0.76
4	12	36	0.97	3713	3394	2.03	163	0	0	0.00	0.00	99.04
5	5	219	5.43	4040	3394	1.46	1245	0	0	0.00	0.06	94.54	1.63
5	13	34	0.89	3795	3394	0.48	533	0	0	0.00	0.01	99.12
6	6	53	1.41	3712	3394	1.15	1669	0	0	0.00	0.00	98.62	1.40
6	14	6	0.16	3711	3394	0.64	272	0	0	0.00	0.00	99.85
7	7	0	0.01	4642	3394	0.31	8	0	0	0.00	0.00	99.99	7.54
7	15	4641	100.00	4641	3394	0.81	2007	0	0	0.00	0.00	0.00
Core	CPU	Avg_MHz	Busy%	Bzy_MHz	TSC_MHz	IPC	IRQ	NMI	SMI	POLL%	C1%	C2%	CorWatt	PkgWatt
-	-	594	13.09	4536	3394	0.93	14064	0	0	0.00	0.05	86.87	21.31	41.90
0	0	34	0.92	3711	3394	0.90	1828	0	0	0.00	0.00	99.12	1.55	41.90
0	8	33	0.90	3711	3394	0.89	1346	0	0	0.00	0.02	99.11
1	1	1221	26.88	4541	3394	1.03	790	0	0	0.00	0.00	73.12	6.73
1	9	2974	65.50	4540	3394	1.01	1538	0	0	0.00	0.00	34.51
2	2	43	1.13	3770	3394	0.62	1329	0	0	0.00	0.19	98.71	1.52
2	10	5	0.14	3712	3394	0.64	413	0	0	0.00	0.00	99.87
3	3	35	0.94	3712	3394	0.61	737	0	0	0.01	0.08	99.01	0.56
3	11	7	0.19	3713	3394	0.40	283	0	0	0.00	0.01	99.81
4	4	125	3.05	4084	3394	1.48	870	0	0	0.00	0.03	96.95	0.54
4	12	1	0.01	3712	3394	0.40	14	0	0	0.00	0.00	99.98
5	5	240	5.96	4034	3394	1.34	1019	0	0	0.00	0.00	94.06	1.68
5	13	28	0.74	3732	3394	0.57	282	0	0	0.00	0.16	99.11
6	6	109	2.94	3713	3394	1.47	1336	0	0	0.00	0.10	97.00	1.17
6	14	6	0.17	3711	3394	0.55	261	0	0	0.00	0.19	99.65
7	7	1	0.03	4640	3394	0.50	7	0	0	0.00	0.00	99.97	7.56
7	15	4640	99.98	4641	3394	0.82	2011	0	0	0.00	0.00	0.02
Core	CPU	Avg_MHz	Busy%	Bzy_MHz	TSC_MHz	IPC	IRQ	NMI	SMI	POLL%	C1%	C2%	CorWatt	PkgWatt
-	-	597	13.16	4533	3388	0.93	14159	1	0	0.00	0.04	86.69	20.79	41.30
0	0	48	1.30	3712	3394	1.30	1998	0	0	0.00	0.01	98.74	1.64	41.37
0	8	72	1.93	3712	3394	0.81	1732	0	0	0.00	0.04	98.07
1	1	1281	28.27	4531	3394	1.03	894	0	0	0.00	0.00	71.73	6.72
1	9	2896	63.39	4569	3394	1.02	1452	0	0	0.00	0.00	36.61
2	2	105	2.74	3853	3394	1.08	1685	0	0	0.00	0.19	97.10	1.62
2	10	35	0.84	4200	3394	0.97	292	0	0	0.00	0.00	99.16
3	3	53	1.43	3712	3394	0.80	944	0	0	0.01	0.27	98.33	0.69
3	11	1	0.04	3711	3394	0.37	40	0	0	0.00	0.00	99.96
4	4	59	1.59	3712	3394	1.10	800	0	0	0.00	0.03	98.42	0.43
4	12	1	0.03	3711	3394	0.40	35	0	0	0.00	0.00	99.97
5	5	255	6.17	4131	3394	1.53	738	0	0	0.00	0.00	93.85	1.44
5	13	29	0.77	3729	3394	0.42	473	0	0	0.00	0.01	99.25
6	6	67	1.72	3915	3394	1.51	897	0	0	0.00	0.03	98.27	0.72
6	14	6	0.17	3712	3394	0.53	164	0	0	0.00	0.00	99.84
7	7	489	10.54	4641	3394	0.80	216	0	0	0.00	0.00	89.45	7.56
7	15	4154	89.50	4641	3394	0.80	1799	1	0	0.00	0.00	10.50
Core	CPU	Avg_MHz	Busy%	Bzy_MHz	TSC_MHz	IPC	IRQ	NMI	SMI	POLL%	C1%	C2%	CorWatt	PkgWatt
-	-	598	13.14	4550	3399	0.93	14110	0	0	0.00	0.02	86.99	21.37	42.14
0	0	86	2.26	3805	3394	1.67	1914	0	0	0.00	0.05	97.74	1.82	42.07
0	8	118	3.18	3713	3394	0.89	1190	0	0	0.00	0.00	96.84
1	1	18	0.40	4428	3394	1.27	257	0	0	0.00	0.00	99.60	6.83
1	9	4247	93.08	4563	3394	1.02	2088	0	0	0.00	0.00	6.93
2	2	27	0.73	3712	3394	0.38	1194	0	0	0.00	0.14	99.16	1.47
2	10	43	1.12	3818	3394	1.52	438	0	0	0.00	0.00	98.89
3	3	64	1.72	3712	3394	1.33	828	0	0	0.02	0.03	98.28	0.44
3	11	1	0.03	3712	3394	0.37	24	0	0	0.00	0.00	99.97
4	4	50	1.24	3992	3394	1.15	571	0	0	0.00	0.00	98.78	0.33
4	12	0	0.01	3711	3394	0.37	13	0	0	0.00	0.00	99.98
5	5	131	3.35	3921	3394	1.55	761	0	0	0.00	0.00	96.68	1.32
5	13	79	1.86	4236	3394	1.18	570	0	0	0.00	0.01	98.14
6	6	44	1.19	3733	3394	0.99	1978	0	0	0.00	0.01	98.85	1.54
6	14	7	0.18	3712	3394	0.58	263	0	0	0.00	0.06	99.77
7	7	2	0.03	4641	3394	0.41	12	0	0	0.00	0.00	99.96	7.58
7	15	4640	99.98	4641	3394	0.81	2009	0	0	0.00	0.00	0.02
Core	CPU	Avg_MHz	Busy%	Bzy_MHz	TSC_MHz	IPC	IRQ	NMI	SMI	POLL%	C1%	C2%	CorWatt	PkgWatt
-	-	599	13.20	4535	3391	0.93	14212	0	0	0.00	0.04	86.70	21.07	41.80
0	0	69	1.85	3712	3394	1.31	1907	0	0	0.00	0.00	98.19	1.68	41.84
0	8	54	1.45	3712	3394	1.54	1188	0	0	0.00	0.00	98.58
1	1	1056	23.32	4528	3394	1.03	704	0	0	0.00	0.19	76.50	6.83
1	9	3184	69.59	4575	3394	1.02	1624	0	0	0.00	0.00	30.41
2	2	35	0.94	3712	3394	0.40	1208	0	0	0.00	0.04	99.06	1.17
2	10	29	0.76	3809	3394	0.94	1016	0	0	0.00	0.02	99.25
3	3	55	1.43	3828	3394	1.32	716	0	0	0.06	0.32	98.27	0.68
3	11	12	0.33	3713	3394	0.74	306	0	0	0.00	0.00	99.68
4	4	149	3.84	3864	3394	1.28	1035	0	0	0.00	0.00	96.19	1.01
4	12	1	0.02	3711	3394	0.37	28	0	0	0.00	0.00	99.98
5	5	203	5.06	4008	3394	1.27	832	0	0	0.00	0.01	94.95	1.48
5	13	32	0.85	3721	3394	0.45	537	0	0	0.00	0.00	99.16
6	6	47	1.26	3714	3394	1.11	620	0	0	0.00	0.00	98.76	0.65
6	14	15	0.40	3714	3394	0.47	457	0	0	0.00	0.09	99.52
7	7	10	0.22	4641	3394	0.66	30	0	0	0.00	0.00	99.78	7.59
7	15	4635	99.86	4641	3394	0.80	2004	0	0	0.00	0.00	0.14
Core	CPU	Avg_MHz	Busy%	Bzy_MHz	TSC_MHz	IPC	IRQ	NMI	SMI	POLL%	C1%	C2%	CorWatt	PkgWatt
-	-	117	2.67	4360	3396	0.94	8128	1	0	0.00	0.10	97.31	5.37	22.83
0	0	27	0.74	3642	3394	0.88	593	0	0	0.00	0.00	99.28	0.41	22.81
0	8	30	0.81	3677	3394	1.58	287	0	0	0.00	0.00	99.20
1	1	63	1.76	3589	3394	0.73	746	0	0	0.00	0.00	98.27	1.35
1	9	629	13.87	4539	3394	1.02	370	1	0	0.00	0.00	86.13
2	2	18	0.50	3606	3394	0.29	571	0	0	0.00	0.65	98.87	0.41
2	10	27	0.72	3704	3394	0.80	726	0	0	0.00	0.00	99.29
3	3	20	0.56	3600	3394	0.27	550	0	0	0.03	0.15	99.32	0.38
3	11	7	0.20	3558	3394	0.33	282	0	0	0.00	0.22	99.58
4	4	99	2.58	3820	3394	0.89	930	0	0	0.00	0.02	97.41	0.39
4	12	17	0.47	3634	3394	0.56	558	0	0	0.00	0.00	99.55
5	5	30	0.81	3688	3394	0.77	314	0	0	0.00	0.05	99.15	0.53
5	13	29	0.79	3647	3394	0.64	828	0	0	0.00	0.05	99.19
6	6	15	0.42	3581	3394	0.58	581	0	0	0.00	0.18	99.43	0.30
6	14	3	0.09	3568	3394	0.43	117	0	0	0.00	0.01	99.90
7	7	849	18.43	4604	3394	0.94	663	0	0	0.00	0.28	81.28	1.60
7	15	1	0.04	3683	3394	0.82	12	0	0	0.00	0.00	99.96
