turbostat version 2025.09.09 - Len Brown <lenb@kernel.org>
Kernel command line: BOOT_IMAGE=/boot/vmlinuz-6.17.0-35-generic root=UUID=37e0ef02-2557-4d29-8187-72bb5e6547ba ro quiet splash vt.handoff=7
CPUID(0): AuthenticAMD 0x10 CPUID levels
CPUID(1): family:model:stepping 0x19:21:2 (25:33:2) microcode 0x0
CPUID(0x80000000): max_extended_levels: 0x80000023
CPUID(1): SSE3 MONITOR - - - TSC MSR - HT -
CPUID(6): APERF, No-TURBO, No-DTS, No-PTM, No-HWP, No-HWPnotify, No-HWPwindow, No-HWPepp, No-HWPpkg, No-EPB
CPUID(7): No-SGX No-Hybrid
cpu0: cpufreq driver: amd-pstate-epp
cpu0: cpufreq governor: powersave
cpufreq boost: 1
/dev/cpu_dma_latency: 2000000000 usec (default)
current_driver: acpi_idle
current_governor: menu
current_governor_ro: menu
cpu0: POLL: CPUIDLE CORE POLL IDLE
cpu0: C1: ACPI FFH MWAIT 0x0
cpu0: C2: ACPI IOPORT 0x414
RAPL: 234 sec. Joule Counter Range, at 280 Watts
intel-rapl:0: package-0 disabled
intel-rapl:0/intel-rapl:0:0: core disabled
cpu0: MSR_RAPL_PWR_UNIT: 0x000a1003 (0.125000 Watts, 0.000015 Joules, 0.000977 sec.)
Core	CPU	Avg_MHz	Busy%	Bzy_MHz	TSC_MHz	IPC	IRQ	NMI	SMI	POLL%	C1%	C2%	CorWatt	PkgWatt
-	-	140	3.49	4008	3394	1.21	14369	0	0	0.00	0.15	96.38	5.75	23.12
0	0	34	0.94	3664	3394	0.63	791	0	0	0.00	0.13	98.96	0.55	23.11
0	8	130	3.27	3983	3394	1.36	639	0	0	0.00	0.17	96.56
1	1	291	7.42	3925	3394	0.87	1325	0	0	0.00	0.37	92.24	1.08
1	9	258	6.45	4007	3394	1.33	1488	0	0	0.00	0.38	93.22
2	2	117	3.13	3740	3394	1.23	1434	0	0	0.00	0.35	96.56	0.59
2	10	37	1.04	3588	3394	0.72	810	0	0	0.00	0.03	98.95
3	3	107	2.70	3961	3394	1.00	1308	0	0	0.02	0.44	96.90	0.65
3	11	50	1.40	3558	3394	0.71	945	0	0	0.00	0.01	98.62
4	4	99	2.52	3919	3394	0.78	899	0	0	0.00	0.01	97.49	0.63
4	12	135	3.18	4246	3394	1.25	339	0	0	0.00	0.04	96.78
5	5	163	4.05	4023	3394	1.25	745	0	0	0.00	0.24	95.69	0.62
5	13	47	1.31	3625	3394	0.54	1091	0	0	0.00	0.09	98.64
6	6	118	2.93	4008	3394	0.95	699	0	0	0.00	0.01	97.07	0.47
6	14	89	2.12	4195	3394	1.02	362	0	0	0.00	0.00	97.88
7	7	508	12.16	4176	3394	1.77	1191	0	0	0.00	0.05	87.80	1.17
7	15	55	1.24	4430	3394	0.56	303	0	0	0.00	0.04	98.73
Core	CPU	Avg_MHz	Busy%	Bzy_MHz	TSC_MHz	IPC	IRQ	NMI	SMI	POLL%	C1%	C2%	CorWatt	PkgWatt
-	-	76	2.01	3788	3393	0.99	14567	0	0	0.00	0.17	97.84	4.22	21.63
0	0	17	0.46	3558	3394	0.63	559	0	0	0.00	0.00	99.56	0.31	21.64
0	8	66	1.71	3854	3394	1.48	313	0	0	0.00	0.16	98.13
1	1	154	4.11	3749	3394	0.80	1052	0	0	0.00	0.36	95.54	0.81
1	9	165	4.45	3711	3394	0.99	1824	0	0	0.01	0.37	95.22
2	2	54	1.53	3551	3394	0.81	937	0	0	0.00	0.35	98.14	0.47
2	10	38	1.04	3600	3394	0.63	895	0	0	0.00	0.02	98.96
3	3	37	1.04	3543	3394	0.54	1094	0	0	0.01	0.19	98.81	0.55
3	11	51	1.41	3575	3394	0.82	1138	0	0	0.00	0.08	98.54
4	4	59	1.65	3598	3394	0.74	943	0	0	0.00	0.17	98.22	0.49
4	12	35	0.99	3559	3394	0.66	645	0	0	0.00	0.03	99.00
5	5	82	2.18	3768	3394	0.91	1045	0	0	0.00	0.29	97.56	0.56
5	13	35	1.00	3549	3394	0.56	1406	0	0	0.00	0.04	99.00
6	6	37	1.01	3624	3394	0.92	390	0	0	0.00	0.09	98.92	0.17
6	14	6	0.18	3554	3394	0.80	102	0	0	0.00	0.04	99.78
7	7	363	8.87	4092	3394	1.30	1468	0	0	0.00	0.49	90.68	0.88
7	15	19	0.51	3664	3394	0.58	756	0	0	0.00	0.01	99.50
Core	CPU	Avg_MHz	Busy%	Bzy_MHz	TSC_MHz	IPC	IRQ	NMI	SMI	POLL%	C1%	C2%	CorWatt	PkgWatt
-	-	515	11.68	4409	3394	1.24	25151	1	0	0.00	0.39	87.96	19.88	39.72
0	0	72	1.93	3706	3394	0.98	2584	0	0	0.00	1.25	96.89	1.35	39.71
0	8	54	1.45	3719	3394	1.50	1401	0	0	0.00	0.10	98.47
1	1	1552	35.02	4431	3394	1.31	1790	0	0	0.00	0.25	64.75	4.32
1	9	739	17.02	4342	3394	1.35	1674	0	0	0.00	0.04	82.97
2	2	114	3.00	3812	3394	0.85	2735	0	0	0.00	0.91	96.15	1.43
2	10	65	1.73	3755	3394	1.60	1205	0	0	0.00	0.37	97.92
3	3	224	5.78	3877	3394	1.49	2497	0	0	0.03	0.52	93.77	1.68
3	11	56	1.53	3685	3394	1.10	1496	0	0	0.00	0.27	98.25
4	4	284	6.92	4106	3394	1.00	1135	0	0	0.00	0.10	93.01	1.24
4	12	43	1.13	3749	3394	1.11	481	0	0	0.00	0.27	98.61
5	5	906	20.89	4339	3394	1.02	1571	0	0	0.00	0.28	78.86	2.43
5	13	80	2.09	3821	3394	1.05	1820	0	0	0.00	0.42	97.54
6	6	94	2.57	3673	3394	1.21	1099	0	0	0.00	0.32	97.14	0.77
6	14	29	0.77	3686	3394	1.43	540	0	0	0.00	0.31	98.93
7	7	840	18.47	4548	3394	2.58	1334	0	0	0.00	0.87	80.63	6.66
7	15	3088	66.58	4638	3394	0.89	1789	1	0	0.00	0.01	33.42
Core	CPU	Avg_MHz	Busy%	Bzy_MHz	TSC_MHz	IPC	IRQ	NMI	SMI	POLL%	C1%	C2%	CorWatt	PkgWatt
-	-	622	13.86	4490	3393	0.94	18465	1	0	0.00	0.11	86.04	22.19	42.68
0	0	37	1.00	3711	3394	0.91	1812	0	0	0.00	0.09	98.96	1.60	42.69
0	8	107	2.89	3713	3394	1.86	886	0	0	0.00	0.02	97.11
1	1	280	6.19	4528	3394	0.97	332	0	0	0.00	0.00	93.81	6.44
1	9	3915	86.33	4535	3394	1.00	2256	0	0	0.00	0.00	13.68
2	2	69	1.76	3910	3394	0.80	1812	0	0	0.00	0.28	98.00	1.42
2	10	29	0.78	3712	3394	0.70	626	0	0	0.00	0.06	99.19
3	3	74	1.89	3921	3394	1.28	1226	0	0	0.02	0.30	97.84	1.54
3	11	47	1.25	3777	3394	1.18	1615	0	0	0.00	0.06	98.72
4	4	160	4.24	3774	3394	1.36	935	0	0	0.00	0.11	95.68	1.02
4	12	21	0.56	3711	3394	0.41	600	0	0	0.00	0.21	99.25
5	5	312	7.86	3972	3394	1.15	1608	0	0	0.00	0.07	92.11	1.70
5	13	44	1.16	3744	3394	0.48	919	0	0	0.00	0.13	98.73
6	6	194	5.18	3745	3394	1.44	1134	0	0	0.00	0.16	94.70	1.16
6	14	16	0.42	3719	3394	0.48	586	0	0	0.00	0.19	99.41
7	7	3766	81.14	4641	3394	0.82	1727	1	0	0.00	0.09	18.77	7.30
7	15	888	19.12	4641	3394	0.81	391	0	0	0.00	0.00	80.88
Core	CPU	Avg_MHz	Busy%	Bzy_MHz	TSC_MHz	IPC	IRQ	NMI	SMI	POLL%	C1%	C2%	CorWatt	PkgWatt
-	-	639	14.14	4516	3394	1.01	17897	0	0	0.00	0.22	85.67	22.97	43.35
0	0	50	1.34	3711	3394	0.78	2441	0	0	0.00	0.27	98.46	1.66	43.34
0	8	125	3.36	3713	3394	1.79	569	0	0	0.00	0.09	96.55
1	1	30	0.66	4499	3394	0.74	262	0	0	0.00	0.00	99.33	6.58
1	9	4184	92.18	4539	3394	1.02	2055	0	0	0.00	0.00	7.82
2	2	39	1.04	3711	3394	0.55	1729	0	0	0.00	0.61	98.40	1.16
2	10	25	0.67	3712	3394	0.66	814	0	0	0.00	0.37	98.98
3	3	99	2.41	4100	3394	1.96	1309	0	0	0.05	0.68	96.94	1.71
3	11	43	1.15	3718	3394	0.66	1564	0	0	0.00	0.25	98.64
4	4	145	3.63	3992	3394	1.82	677	0	0	0.00	0.17	96.22	1.38
4	12	68	1.70	3981	3394	1.22	1656	0	0	0.00	0.33	97.98
5	5	617	14.20	4345	3394	2.09	1330	0	0	0.00	0.17	85.64	2.62
5	13	67	1.64	4058	3394	0.62	822	0	0	0.00	0.13	98.25
6	6	78	2.11	3713	3394	1.01	535	0	0	0.00	0.33	97.57	0.48
6	14	4	0.12	3711	3394	0.50	110	0	0	0.00	0.12	99.76
7	7	4641	100.00	4641	3394	0.81	2011	0	0	0.00	0.00	0.00	7.37
7	15	2	0.04	4641	3394	0.73	13	0	0	0.00	0.00	99.96
Core	CPU	Avg_MHz	Busy%	Bzy_MHz	TSC_MHz	IPC	IRQ	NMI	SMI	POLL%	C1%	C2%	CorWatt	PkgWatt
-	-	616	13.64	4515	3394	0.94	17174	1	0	0.00	0.11	86.27	22.71	43.25
0	0	36	0.98	3715	3394	1.01	1792	0	0	0.00	0.00	99.07	1.48	43.25
0	8	33	0.79	4187	3394	1.84	154	0	0	0.00	0.00	99.21
1	1	454	9.97	4547	3394	1.03	553	0	0	0.00	0.00	90.03	6.58
1	9	3768	83.03	4539	3394	1.02	1789	1	0	0.00	0.00	16.97
2	2	37	1.00	3713	3394	0.60	1558	0	0	0.00	0.24	98.79	1.52
2	10	59	1.58	3748	3394	0.90	1154	0	0	0.00	0.14	98.31
3	3	62	1.66	3712	3394	0.97	1329	0	0	0.02	0.59	97.79	1.58
3	11	31	0.85	3711	3394	0.66	1557	0	0	0.00	0.03	99.15
4	4	122	3.20	3816	3394	1.70	612	0	0	0.00	0.06	96.76	1.12
4	12	27	0.74	3712	3394	0.49	1084	0	0	0.00	0.33	98.94
5	5	216	5.55	3894	3394	1.24	1272	0	0	0.00	0.03	94.46	2.02
5	13	218	5.00	4364	3394	1.44	923	0	0	0.00	0.01	95.01
6	6	143	3.77	3795	3394	0.89	1212	0	0	0.00	0.05	96.22	1.08
6	14	3	0.08	3752	3394	0.65	151	0	0	0.00	0.26	99.67
7	7	2121	45.69	4641	3394	0.81	922	0	0	0.00	0.00	54.31	7.34
7	15	2523	54.35	4641	3394	0.82	1112	0	0	0.00	0.00	45.65
Core	CPU	Avg_MHz	Busy%	Bzy_MHz	TSC_MHz	IPC	IRQ	NMI	SMI	POLL%	C1%	C2%	CorWatt	PkgWatt
-	-	609	13.50	4511	3394	0.91	18244	0	0	0.00	0.08	86.44	22.01	42.67
0	0	97	2.51	3852	3394	1.25	2277	0	0	0.00	0.01	97.53	1.60	42.67
0	8	35	0.94	3712	3394	0.63	781	0	0	0.00	0.09	98.98
1	1	33	0.74	4469	3394	0.67	495	0	0	0.00	0.04	99.23	6.49
1	9	4201	92.53	4541	3394	1.00	2157	0	0	0.00	0.00	7.47
2	2	48	1.30	3712	3394	0.88	1654	0	0	0.00	0.26	98.48	1.53
2	10	38	1.02	3712	3394	0.48	955	0	0	0.00	0.00	99.00
3	3	56	1.52	3712	3394	1.25	957	0	0	0.00	0.20	98.31	1.10
3	11	49	1.33	3712	3394	0.69	1062	0	0	0.00	0.01	98.69
4	4	103	2.77	3713	3394	1.01	1077	0	0	0.00	0.21	97.05	1.50
4	12	37	1.00	3712	3394	0.59	1746	0	0	0.00	0.27	98.77
5	5	245	6.17	3969	3394	1.28	1466	0	0	0.00	0.05	93.81	1.86
5	13	39	1.04	3730	3394	0.45	849	0	0	0.00	0.17	98.82
6	6	74	2.00	3713	3394	1.30	480	0	0	0.00	0.00	98.02	0.60
6	14	48	1.14	4182	3394	1.36	266	0	0	0.00	0.00	98.87
7	7	3900	84.03	4641	3394	0.81	1689	0	0	0.00	0.00	15.97	7.33
7	15	743	16.01	4641	3394	0.80	333	0	0	0.00	0.00	83.99
Core	CPU	Avg_MHz	Busy%	Bzy_MHz	TSC_MHz	IPC	IRQ	NMI	SMI	POLL%	C1%	C2%	CorWatt	PkgWatt
-	-	599	13.22	4533	3394	0.93	15892	0	0	0.00	0.03	86.77	22.12	43.11
0	0	88	2.37	3712	3394	1.62	2115	0	0	0.00	0.00	97.68	1.55	43.11
0	8	13	0.36	3713	3394	1.20	194	0	0	0.00	0.00	99.65
1	1	12	0.26	4524	3394	0.63	282	0	0	0.00	0.10	99.65	6.53
1	9	4218	92.84	4544	3394	1.01	2282	0	0	0.00	0.01	7.16
2	2	22	0.58	3711	3394	0.32	1152	0	0	0.00	0.01	99.43	1.30
2	10	11	0.29	3712	3394	0.26	329	0	0	0.00	0.00	99.71
3	3	27	0.72	3712	3394	0.63	902	0	0	0.07	0.13	99.17	1.40
3	11	17	0.46	3711	3394	0.57	989	0	0	0.00	0.00	99.56
4	4	74	1.95	3799	3394	0.83	1509	0	0	0.00	0.08	97.99	1.58
4	12	61	1.61	3790	3394	0.82	1538	0	0	0.00	0.01	98.42
5	5	305	7.43	4110	3394	1.46	1558	0	0	0.00	0.05	92.55	2.07
5	13	26	0.70	3740	3394	0.46	409	0	0	0.00	0.00	99.32
6	6	40	1.07	3713	3394	1.82	184	0	0	0.00	0.00	98.94	0.34
6	14	32	0.85	3712	3394	1.01	434	0	0	0.00	0.08	99.08
7	7	4114	88.63	4641	3394	0.81	1781	0	0	0.00	0.00	11.37	7.36
7	15	527	11.36	4641	3394	0.80	234	0	0	0.00	0.00	88.64
Core	CPU	Avg_MHz	Busy%	Bzy_MHz	TSC_MHz	IPC	IRQ	NMI	SMI	POLL%	C1%	C2%	CorWatt	PkgWatt
-	-	604	13.34	4530	3394	0.93	15454	0	0	0.00	0.07	86.61	20.91	41.36
0	0	83	2.25	3712	3394	1.35	2405	0	0	0.00	0.01	97.80	1.53	41.36
0	8	25	0.66	3712	3394	0.62	587	0	0	0.00	0.01	99.34
1	1	282	6.21	4536	3394	0.99	736	0	0	0.00	0.42	93.39	6.61
1	9	3967	87.25	4547	3394	1.01	2106	0	0	0.00	0.20	12.56
2	2	35	0.94	3712	3394	0.41	1320	0	0	0.00	0.10	98.99	0.85
2	10	25	0.66	3712	3394	0.68	361	0	0	0.00	0.02	99.33
3	3	82	2.21	3713	3394	1.83	842	0	0	0.02	0.12	97.70	1.07
3	11	16	0.44	3712	3394	0.59	462	0	0	0.00	0.01	99.56
4	4	55	1.37	3978	3394	1.15	474	0	0	0.00	0.00	98.64	0.74
4	12	40	1.08	3716	3394	0.69	786	0	0	0.00	0.01	98.92
5	5	288	6.98	4122	3394	1.31	1562	0	0	0.00	0.02	93.01	2.04
5	13	35	0.92	3741	3394	0.71	397	0	0	0.00	0.04	99.04
6	6	46	1.23	3713	3394	1.87	699	0	0	0.00	0.10	98.68	0.67
6	14	28	0.75	3754	3394	0.88	558	0	0	0.00	0.12	99.15
7	7	21	0.46	4641	3394	0.65	139	0	0	0.00	0.00	99.55	7.40
7	15	4639	99.95	4641	3394	0.81	2020	0	0	0.00	0.00	0.05
Core	CPU	Avg_MHz	Busy%	Bzy_MHz	TSC_MHz	IPC	IRQ	NMI	SMI	POLL%	C1%	C2%	CorWatt	PkgWatt
-	-	598	13.16	4544	3394	0.93	14270	2	0	0.00	0.02	86.84	20.60	41.02
0	0	97	2.62	3712	3394	1.77	2102	0	0	0.00	0.01	97.42	1.61	41.02
0	8	40	1.08	3712	3394	0.69	1092	0	0	0.00	0.00	98.95
1	1	30	0.67	4528	3394	0.71	546	0	0	0.00	0.20	99.15	6.68
1	9	4242	93.01	4561	3394	1.02	2126	1	0	0.00	0.00	6.99
2	2	24	0.65	3711	3394	0.35	1239	0	0	0.00	0.06	99.32	1.43
2	10	8	0.20	3711	3394	0.62	531	0	0	0.00	0.00	99.81
3	3	17	0.46	3712	3394	0.41	473	0	0	0.05	0.02	99.54	0.88
3	11	29	0.79	3712	3394	0.55	1208	0	0	0.00	0.01	99.24
4	4	127	3.16	4001	3394	1.90	366	0	0	0.00	0.00	96.85	0.50
4	12	12	0.34	3722	3394	0.41	234	0	0	0.00	0.00	99.67
5	5	214	5.34	4007	3394	1.21	1215	0	0	0.00	0.01	94.67	1.78
5	13	25	0.66	3734	3394	0.41	420	0	0	0.00	0.01	99.34
6	6	18	0.49	3713	3394	1.73	77	0	0	0.00	0.00	99.50	0.32
6	14	42	1.06	3961	3394	0.90	621	0	0	0.00	0.01	98.96
7	7	2692	58.00	4641	3394	0.81	1172	1	0	0.00	0.00	42.00	7.40
7	15	1949	41.99	4641	3394	0.80	848	0	0	0.00	0.00	58.01
Core	CPU	Avg_MHz	Busy%	Bzy_MHz	TSC_MHz	IPC	IRQ	NMI	SMI	POLL%	C1%	C2%	CorWatt	PkgWatt
-	-	600	13.22	4538	3394	0.93	14646	0	0	0.00	0.01	86.79	21.56	42.19
0	0	64	1.72	3712	3394	1.18	2165	0	0	0.00	0.01	98.32	1.54	42.20
0	8	30	0.81	3713	3394	1.46	96	0	0	0.00	0.00	99.19
1	1	1189	26.13	4551	3394	1.00	901	0	0	0.00	0.00	73.87	6.76
1	9	3094	68.00	4550	3394	1.02	1750	0	0	0.00	0.01	32.00
2	2	29	0.78	3712	3394	0.55	1184	0	0	0.00	0.04	99.20	1.45
2	10	7	0.19	3711	3394	0.61	497	0	0	0.00	0.00	99.82
3	3	50	1.34	3712	3394	1.58	873	0	0	0.07	0.12	98.56	1.67
3	11	36	0.97	3711	3394	0.63	1994	0	0	0.00	0.01	99.07
4	4	113	2.90	3901	3394	1.72	677	0	0	0.00	0.00	97.13	0.57
4	12	11	0.31	3729	3394	0.48	164	0	0	0.00	0.00	99.70
5	5	251	6.17	4067	3394	1.30	1220	0	0	0.00	0.00	93.85	1.79
5	13	26	0.70	3741	3394	0.41	358	0	0	0.00	0.00	99.32
6	6	36	0.97	3713	3394	1.28	220	0	0	0.00	0.00	99.04	0.32
6	14	15	0.40	3711	3394	0.41	490	0	0	0.00	0.02	99.61
7	7	3035	65.40	4641	3394	0.80	1355	0	0	0.00	0.00	34.60	7.46
7	15	1610	34.70	4641	3394	0.80	702	0	0	0.00	0.00	65.30
Core	CPU	Avg_MHz	Busy%	Bzy_MHz	TSC_MHz	IPC	IRQ	NMI	SMI	POLL%	C1%	C2%	CorWatt	PkgWatt
-	-	621	13.77	4508	3394	0.92	20610	0	0	0.01	0.11	86.15	23.09	43.87
0	0	294	6.92	4250	3394	1.18	2466	0	0	0.00	0.23	92.91	1.92	43.86
0	8	17	0.45	3712	3394	0.50	514	0	0	0.00	0.02	99.55
1	1	4212	92.31	4562	3394	1.04	2173	0	0	0.00	0.00	7.68	6.79
1	9	6	0.13	4420	3394	0.61	258	0	0	0.00	0.01	99.87
2	2	39	1.05	3711	3394	0.46	2198	0	0	0.00	0.31	98.69	1.60
2	10	51	1.37	3712	3394	0.60	1787	0	0	0.00	0.01	98.66
3	3	28	0.75	3712	3394	0.48	871	0	0	0.11	0.12	99.15	1.59
3	11	40	1.08	3712	3394	0.69	1603	0	0	0.00	0.03	98.93
4	4	203	5.44	3734	3394	0.69	2180	0	0	0.00	1.00	93.64	1.21
4	12	113	3.04	3713	3394	1.14	944	0	0	0.00	0.00	96.99
5	5	126	3.40	3713	3394	0.80	1267	0	0	0.00	0.02	96.61	1.86
5	13	42	1.13	3712	3394	0.53	1283	0	0	0.00	0.02	98.88
6	6	107	2.88	3720	3394	1.64	636	0	0	0.00	0.01	97.14	0.63
6	14	11	0.30	3711	3394	0.41	409	0	0	0.00	0.01	99.70
7	7	4193	90.35	4641	3394	0.80	1817	0	0	0.00	0.00	9.65	7.50
7	15	448	9.66	4641	3394	0.80	204	0	0	0.00	0.00	90.34
Core	CPU	Avg_MHz	Busy%	Bzy_MHz	TSC_MHz	IPC	IRQ	NMI	SMI	POLL%	C1%	C2%	CorWatt	PkgWatt
-	-	607	13.40	4531	3388	0.92	16480	0	0	0.00	0.05	86.43	21.18	42.02
0	0	202	5.12	3937	3394	1.15	2801	0	0	0.00	0.12	94.83	1.82	42.09
0	8	23	0.62	3733	3394	0.74	564	0	0	0.00	0.06	99.33
1	1	4271	93.36	4575	3394	1.02	2227	0	0	0.01	0.00	6.64	6.76
1	9	6	0.13	4445	3394	0.60	257	0	0	0.00	0.01	99.87
2	2	85	2.17	3903	3394	0.85	1772	0	0	0.00	0.23	97.64	1.54
2	10	33	0.90	3714	3394	0.58	1456	0	0	0.00	0.03	99.11
3	3	36	0.98	3712	3394	0.54	1146	0	0	0.04	0.20	98.86	1.05
3	11	19	0.50	3712	3394	0.66	774	0	0	0.00	0.02	99.50
4	4	117	2.71	4323	3394	1.30	363	0	0	0.00	0.00	97.30	1.03
4	12	147	3.91	3746	3394	1.65	789	0	0	0.00	0.00	96.11
5	5	42	1.14	3712	3394	0.63	655	0	0	0.00	0.00	98.87	0.95
5	13	36	0.98	3712	3394	0.49	887	0	0	0.00	0.13	98.92
6	6	36	0.98	3713	3394	0.87	427	0	0	0.00	0.00	99.03	0.63
6	14	26	0.70	3712	3394	0.68	348	0	0	0.00	0.01	99.30
7	7	4641	100.00	4641	3394	0.80	2007	0	0	0.00	0.00	0.00	7.45
7	15	8	0.18	4641	3394	0.93	7	0	0	0.00	0.00	99.82
Core	CPU	Avg_MHz	Busy%	Bzy_MHz	TSC_MHz	IPC	IRQ	NMI	SMI	POLL%	C1%	C2%	CorWatt	PkgWatt
-	-	630	13.95	4519	3399	0.93	17024	2	0	0.00	0.19	86.02	23.05	43.83
0	0	133	3.40	3897	3394	0.87	2311	0	0	0.00	0.01	96.64	1.78	43.76
0	8	109	2.52	4333	3394	1.01	226	1	0	0.00	0.03	97.45
1	1	4125	90.46	4559	3394	1.05	2239	1	0	0.00	0.02	9.52	6.72
1	9	30	0.65	4556	3394	0.52	525	0	0	0.00	0.49	98.87
2	2	94	2.46	3821	3394	0.66	2062	0	0	0.00	0.53	97.07	1.42
2	10	56	1.43	3895	3394	1.09	397	0	0	0.00	0.27	98.32
3	3	80	2.08	3852	3394	0.90	1698	0	0	0.06	0.38	97.59	1.66
3	11	61	1.57	3869	3394	1.13	699	0	0	0.00	0.16	98.27
4	4	238	5.83	4079	3394	1.20	1391	0	0	0.00	0.26	93.95	1.43
4	12	60	1.51	3953	3394	1.42	262	0	0	0.00	0.14	98.36
5	5	240	6.00	3993	3394	1.19	882	0	0	0.00	0.22	93.81	1.35
5	13	55	1.42	3853	3394	0.48	688	0	0	0.00	0.22	98.35
6	6	79	2.06	3822	3394	0.93	856	0	0	0.00	0.16	97.81	1.14
6	14	67	1.70	3914	3394	1.01	584	0	0	0.00	0.06	98.25
7	7	2145	46.21	4641	3394	0.81	1116	0	0	0.00	0.03	53.77	7.52
7	15	2505	53.98	4641	3394	0.80	1088	0	0	0.00	0.00	46.02
Core	CPU	Avg_MHz	Busy%	Bzy_MHz	TSC_MHz	IPC	IRQ	NMI	SMI	POLL%	C1%	C2%	CorWatt	PkgWatt
-	-	597	13.15	4539	3394	0.93	13899	1	0	0.00	0.04	86.83	21.51	42.30
0	0	147	3.87	3805	3394	1.17	2482	0	0	0.00	0.03	96.16	1.70	42.30
0	8	1	0.02	3712	3394	0.39	11	0	0	0.00	0.00	99.98
1	1	4218	92.58	4556	3394	1.04	2211	0	0	0.00	0.04	7.39	6.79
1	9	7	0.16	4381	3394	0.61	376	0	0	0.00	0.00	99.85
2	2	78	2.11	3712	3394	0.62	1709	0	0	0.00	0.39	97.54	1.21
2	10	2	0.04	3712	3394	0.38	37	0	0	0.00	0.00	99.96
3	3	61	1.65	3713	3394	0.79	961	0	0	0.03	0.11	98.27	1.17
3	11	12	0.32	3712	3394	0.58	365	0	0	0.00	0.00	99.69
4	4	79	2.12	3712	3394	1.50	2018	0	0	0.00	0.01	97.92	1.58
4	12	2	0.06	3712	3394	0.48	31	0	0	0.00	0.00	99.94
5	5	225	5.40	4159	3394	1.27	573	0	0	0.00	0.00	94.62	1.14
5	13	28	0.76	3728	3394	0.46	470	0	0	0.00	0.00	99.25
6	6	32	0.87	3713	3394	0.98	327	0	0	0.00	0.02	99.12	0.40
6	14	13	0.35	3712	3394	0.68	308	0	0	0.00	0.00	99.65
7	7	1126	24.26	4641	3394	0.81	494	0	0	0.00	0.00	75.74	7.51
7	15	3516	75.76	4641	3394	0.80	1526	1	0	0.00	0.00	24.24
Core	CPU	Avg_MHz	Busy%	Bzy_MHz	TSC_MHz	IPC	IRQ	NMI	SMI	POLL%	C1%	C2%	CorWatt	PkgWatt
-	-	47	1.09	4331	3393	1.02	2779	1	0	0.00	0.02	98.89	2.27	19.24
0	0	17	0.47	3605	3394	0.78	333	0	0	0.00	0.00	99.53	0.16	19.24
0	8	2	0.06	3627	3394	0.26	60	0	0	0.00	0.00	99.94
1	1	176	4.07	4310	3394	0.94	284	0	0	0.00	0.00	95.94	0.44
1	9	1	0.03	4089	3394	0.45	62	0	0	0.00	0.00	99.97
2	2	25	0.67	3747	3394	0.75	243	0	0	0.00	0.07	99.23	0.20
2	10	10	0.25	3748	3394	0.82	155	0	0	0.00	0.00	99.75
3	3	24	0.67	3598	3394	0.24	543	0	0	0.01	0.16	99.19	0.25
3	11	4	0.11	3639	3394	0.39	66	0	0	0.00	0.00	99.90
4	4	43	1.04	4125	3394	1.12	145	0	0	0.00	0.00	98.96	0.19
4	12	9	0.26	3648	3394	0.72	106	0	0	0.00	0.00	99.75
5	5	2	0.07	3565	3394	0.43	78	0	0	0.00	0.00	99.93	0.12
5	13	6	0.15	3648	3394	0.73	177	0	0	0.00	0.00	99.85
6	6	21	0.55	3829	3394	0.86	96	0	0	0.00	0.00	99.45	0.09
6	14	3	0.10	3613	3394	0.45	115	0	0	0.00	0.02	99.89
7	7	177	3.87	4583	3394	1.60	167	1	0	0.00	0.00	96.11	0.83
7	15	233	5.03	4633	3394	0.81	149	0	0	0.00	0.00	94.98
