turbostat version 2025.09.09 - Len Brown <lenb@kernel.org>
Kernel command line: BOOT_IMAGE=/boot/vmlinuz-6.17.0-35-generic root=UUID=37e0ef02-2557-4d29-8187-72bb5e6547ba ro quiet splash vt.handoff=7
CPUID(0): AuthenticAMD 0x10 CPUID levels
CPUID(1): family:model:stepping 0x19:21:2 (25:33:2) microcode 0x0
CPUID(0x80000000): max_extended_levels: 0x80000023
CPUID(1): SSE3 MONITOR - - - TSC MSR - HT -
CPUID(6): APERF, No-TURBO, No-DTS, No-PTM, No-HWP, No-HWPnotify, No-HWPwindow, No-HWPepp, No-HWPpkg, No-EPB
CPUID(7): No-SGX No-Hybrid
cpu0: cpufreq driver: amd-pstate-epp
cpu0: cpufreq governor: powersave
cpufreq boost: 1
/dev/cpu_dma_latency: 2000000000 usec (default)
current_driver: acpi_idle
current_governor: menu
current_governor_ro: menu
cpu0: POLL: CPUIDLE CORE POLL IDLE
cpu0: C1: ACPI FFH MWAIT 0x0
cpu0: C2: ACPI IOPORT 0x414
RAPL: 234 sec. Joule Counter Range, at 280 Watts
intel-rapl:0: package-0 disabled
intel-rapl:0/intel-rapl:0:0: core disabled
cpu0: MSR_RAPL_PWR_UNIT: 0x000a1003 (0.125000 Watts, 0.000015 Joules, 0.000977 sec.)
Core	CPU	Avg_MHz	Busy%	Bzy_MHz	TSC_MHz	IPC	IRQ	NMI	SMI	POLL%	C1%	C2%	CorWatt	PkgWatt
-	-	107	2.82	3800	3394	1.18	16495	0	0	0.00	0.17	97.03	5.67	23.78
0	0	62	1.74	3565	3394	0.71	1222	0	0	0.00	0.36	97.94	0.42	23.78
0	8	49	1.27	3815	3394	1.06	281	0	0	0.00	0.00	98.70
1	1	535	13.19	4053	3394	1.53	1613	0	0	0.00	0.29	86.55	1.30
1	9	77	2.01	3831	3394	0.71	972	0	0	0.00	0.06	97.93
2	2	51	1.45	3555	3394	0.87	1150	0	0	0.00	0.50	98.08	0.61
2	10	41	1.15	3523	3394	0.71	1180	0	0	0.00	0.07	98.82
3	3	61	1.70	3574	3394	0.62	1176	0	0	0.03	0.42	97.91	0.54
3	11	43	1.21	3574	3394	0.65	931	0	0	0.00	0.08	98.73
4	4	77	2.16	3556	3394	0.67	1725	0	0	0.00	0.19	97.70	0.52
4	12	13	0.38	3545	3394	0.66	205	0	0	0.00	0.04	99.59
5	5	195	5.03	3880	3394	1.21	1240	0	0	0.00	0.36	94.64	0.85
5	13	39	1.09	3564	3394	0.53	1260	0	0	0.00	0.06	98.88
6	6	69	1.93	3586	3394	0.71	940	0	0	0.00	0.03	98.05	0.38
6	14	12	0.34	3546	3394	0.60	190	0	0	0.00	0.15	99.52
7	7	301	8.01	3766	3394	1.57	1488	0	0	0.00	0.06	91.98	1.03
7	15	92	2.54	3632	3394	0.75	922	0	0	0.00	0.00	97.49
Core	CPU	Avg_MHz	Busy%	Bzy_MHz	TSC_MHz	IPC	IRQ	NMI	SMI	POLL%	C1%	C2%	CorWatt	PkgWatt
-	-	104	2.76	3758	3393	0.99	19401	0	0	0.00	0.23	97.04	5.51	23.44
0	0	143	3.79	3765	3394	1.03	1530	0	0	0.00	0.22	96.04	0.63	23.44
0	8	74	1.97	3751	3394	0.94	566	0	0	0.00	0.15	97.90
1	1	307	7.71	3980	3394	1.31	1565	0	0	0.00	0.13	92.19	1.05
1	9	116	3.16	3680	3394	0.68	1717	0	0	0.00	0.24	96.66
2	2	81	2.29	3550	3394	0.75	1616	0	0	0.00	0.50	97.25	0.63
2	10	72	2.00	3584	3394	0.84	1153	0	0	0.00	0.15	97.88
3	3	77	2.05	3752	3394	1.00	1279	0	0	0.01	0.46	97.50	0.54
3	11	30	0.84	3559	3394	0.72	560	0	0	0.00	0.06	99.12
4	4	80	2.22	3578	3394	0.69	1148	0	0	0.00	0.15	97.66	0.66
4	12	57	1.62	3534	3394	0.59	1542	0	0	0.00	0.27	98.16
5	5	178	4.48	3971	3394	1.37	993	0	0	0.00	0.14	95.40	0.81
5	13	49	1.38	3567	3394	0.55	2000	0	0	0.00	0.25	98.43
6	6	33	0.95	3520	3394	0.61	754	0	0	0.00	0.19	98.89	0.26
6	14	13	0.37	3553	3394	0.49	210	0	0	0.00	0.03	99.61
7	7	313	8.34	3757	3394	1.02	2062	0	0	0.00	0.76	90.94	0.93
7	15	34	0.91	3684	3394	0.58	706	0	0	0.00	0.00	99.11
Core	CPU	Avg_MHz	Busy%	Bzy_MHz	TSC_MHz	IPC	IRQ	NMI	SMI	POLL%	C1%	C2%	CorWatt	PkgWatt
-	-	434	9.70	4475	3393	1.29	14411	1	0	0.00	0.29	90.02	15.30	35.10
0	0	53	1.44	3686	3394	1.19	1622	0	0	0.00	1.58	97.03	1.31	35.11
0	8	99	2.67	3724	3394	1.88	503	0	0	0.00	0.09	97.26
1	1	2860	63.16	4528	3394	1.45	2038	1	0	0.00	0.23	36.63	5.58
1	9	391	8.56	4569	3394	2.60	1148	0	0	0.00	0.15	91.30
2	2	124	3.19	3880	3394	1.70	1887	0	0	0.00	0.60	96.26	0.59
2	10	15	0.40	3715	3394	2.04	89	0	0	0.00	0.02	99.58
3	3	68	1.84	3696	3394	1.02	1147	0	0	0.01	0.32	97.88	0.64
3	11	14	0.37	3689	3394	2.06	156	0	0	0.00	0.12	99.51
4	4	50	1.36	3712	3394	1.07	579	0	0	0.00	0.21	98.45	1.11
4	12	45	1.22	3689	3394	1.65	1390	0	0	0.00	0.32	98.50
5	5	186	4.48	4164	3394	1.71	523	0	0	0.00	0.07	95.46	0.89
5	13	32	0.87	3731	3394	0.96	760	0	0	0.00	0.11	99.04
6	6	52	1.41	3710	3394	1.62	383	0	0	0.00	0.27	98.33	0.36
6	14	26	0.70	3675	3394	1.59	382	0	0	0.00	0.22	99.10
7	7	2766	59.85	4621	3394	0.83	1531	0	0	0.00	0.11	39.98	4.81
7	15	163	3.69	4433	3394	1.96	273	0	0	0.00	0.17	96.14
Core	CPU	Avg_MHz	Busy%	Bzy_MHz	TSC_MHz	IPC	IRQ	NMI	SMI	POLL%	C1%	C2%	CorWatt	PkgWatt
-	-	592	13.09	4525	3392	0.92	14011	0	0	0.00	0.04	86.84	19.55	40.53
0	0	55	1.45	3816	3394	1.22	1791	0	0	0.00	0.00	98.59	1.54	40.55
0	8	39	0.89	4372	3394	1.28	346	0	0	0.00	0.00	99.11
1	1	3812	84.32	4521	3394	1.01	2095	0	0	0.00	0.24	15.45	6.30
1	9	179	4.06	4421	3394	0.70	1341	0	0	0.00	0.05	95.93
2	2	73	1.93	3788	3394	0.71	1123	0	0	0.00	0.00	98.11	0.61
2	10	3	0.08	3713	3394	1.91	12	0	0	0.00	0.00	99.92
3	3	55	1.41	3924	3394	0.90	900	0	0	0.00	0.14	98.48	0.60
3	11	3	0.08	3713	3394	0.75	33	0	0	0.00	0.00	99.92
4	4	90	2.42	3730	3394	1.48	657	0	0	0.00	0.13	97.47	1.56
4	12	26	0.69	3711	3394	0.67	1838	0	0	0.00	0.00	99.34
5	5	419	9.83	4258	3394	1.31	559	0	0	0.00	0.00	90.18	1.32
5	13	25	0.67	3758	3394	0.39	466	0	0	0.00	0.01	99.34
6	6	53	1.38	3841	3394	0.93	461	0	0	0.00	0.00	98.64	0.29
6	14	9	0.25	3711	3394	0.33	363	0	0	0.00	0.00	99.77
7	7	2280	49.13	4641	3394	0.81	997	0	0	0.00	0.05	50.82	7.35
7	15	2361	50.87	4641	3394	0.82	1029	0	0	0.00	0.00	49.13
Core	CPU	Avg_MHz	Busy%	Bzy_MHz	TSC_MHz	IPC	IRQ	NMI	SMI	POLL%	C1%	C2%	CorWatt	PkgWatt
-	-	592	13.05	4534	3395	0.93	14227	0	0	0.00	0.04	86.96	21.05	41.47
0	0	101	2.72	3712	3394	1.62	2163	0	0	0.00	0.00	97.33	1.61	41.44
0	8	12	0.32	3712	3394	0.47	364	0	0	0.00	0.00	99.69
1	1	315	7.13	4415	3394	1.03	734	0	0	0.00	0.12	92.77	6.54
1	9	3778	83.25	4538	3394	1.02	1906	0	0	0.00	0.00	16.76
2	2	82	2.20	3712	3394	0.71	1720	0	0	0.00	0.25	97.59	1.16
2	10	1	0.02	3712	3394	0.43	28	0	0	0.00	0.00	99.98
3	3	75	2.01	3712	3394	0.70	1252	0	0	0.04	0.28	97.75	1.00
3	11	1	0.04	3712	3394	0.41	39	0	0	0.00	0.00	99.96
4	4	26	0.71	3728	3394	0.68	825	0	0	0.00	0.05	99.26	1.63
4	12	109	2.52	4323	3394	1.42	1552	0	0	0.00	0.01	97.51
5	5	272	6.55	4153	3394	1.33	717	0	0	0.00	0.00	93.46	1.31
5	13	21	0.56	3737	3394	0.40	274	0	0	0.00	0.00	99.46
6	6	20	0.50	4005	3394	0.85	144	0	0	0.00	0.00	99.50	0.32
6	14	12	0.32	3714	3394	0.37	493	0	0	0.00	0.01	99.70
7	7	3743	80.65	4641	3394	0.81	1618	0	0	0.00	0.00	19.35	7.47
7	15	899	19.38	4641	3394	0.82	398	0	0	0.00	0.00	80.62
Core	CPU	Avg_MHz	Busy%	Bzy_MHz	TSC_MHz	IPC	IRQ	NMI	SMI	POLL%	C1%	C2%	CorWatt	PkgWatt
-	-	595	13.11	4537	3394	0.93	14313	1	0	0.00	0.10	86.83	20.08	40.75
0	0	71	1.91	3712	3394	0.88	2302	0	0	0.00	0.09	98.06	1.54	40.74
0	8	10	0.28	3713	3394	0.72	52	0	0	0.00	0.00	99.72
1	1	24	0.55	4378	3394	0.76	596	0	0	0.00	1.27	98.20	6.66
1	9	4197	92.26	4549	3394	1.02	2110	0	0	0.00	0.00	7.74
2	2	64	1.72	3712	3394	0.69	1398	0	0	0.00	0.10	98.21	0.92
2	10	3	0.08	3711	3394	0.39	137	0	0	0.00	0.00	99.92
3	3	42	1.14	3712	3394	0.59	982	0	0	0.04	0.14	98.75	0.68
3	11	3	0.07	3711	3394	0.47	116	0	0	0.00	0.00	99.93
4	4	182	4.61	3938	3394	1.45	1097	0	0	0.00	0.02	95.40	1.77
4	12	25	0.66	3735	3394	0.60	1620	0	0	0.00	0.02	99.37
5	5	172	4.40	3912	3394	1.62	934	0	0	0.00	0.01	95.63	0.84
5	13	25	0.66	3723	3394	0.38	376	0	0	0.00	0.00	99.35
6	6	6	0.15	3723	3394	0.65	80	0	0	0.00	0.00	99.85	0.23
6	14	48	1.18	4115	3394	1.18	492	0	0	0.00	0.01	98.84
7	7	4113	88.62	4641	3394	0.82	1784	1	0	0.00	0.00	11.38	7.43
7	15	530	11.41	4641	3394	0.81	237	0	0	0.00	0.00	88.58
Core	CPU	Avg_MHz	Busy%	Bzy_MHz	TSC_MHz	IPC	IRQ	NMI	SMI	POLL%	C1%	C2%	CorWatt	PkgWatt
-	-	598	13.17	4539	3394	0.92	14487	2	0	0.00	0.03	86.82	20.65	41.44
0	0	53	1.42	3716	3394	1.09	2038	0	0	0.00	0.15	98.49	1.62	41.44
0	8	63	1.69	3713	3394	1.69	908	0	0	0.00	0.01	98.32
1	1	2642	58.04	4553	3394	1.01	2141	0	0	0.00	0.08	41.90	6.80
1	9	1677	36.85	4552	3394	1.00	941	1	0	0.00	0.00	63.16
2	2	41	1.11	3712	3394	0.44	1319	1	0	0.00	0.01	98.92	1.01
2	10	8	0.20	3712	3394	1.29	168	0	0	0.00	0.00	99.80
3	3	45	1.20	3757	3394	0.90	996	0	0	0.03	0.17	98.66	0.66
3	11	1	0.04	3712	3394	0.40	38	0	0	0.00	0.00	99.96
4	4	105	2.71	3868	3394	0.99	852	0	0	0.00	0.04	97.28	0.94
4	12	14	0.38	3724	3394	0.60	347	0	0	0.00	0.00	99.63
5	5	170	4.30	3950	3394	1.51	1260	0	0	0.00	0.02	95.72	1.40
5	13	21	0.57	3727	3394	0.41	350	0	0	0.00	0.01	99.43
6	6	70	1.87	3774	3394	1.60	688	0	0	0.00	0.01	98.14	0.74
6	14	12	0.31	3711	3394	0.42	425	0	0	0.00	0.01	99.70
7	7	1461	31.49	4641	3394	0.81	636	0	0	0.00	0.00	68.51	7.49
7	15	3181	68.54	4641	3394	0.81	1380	0	0	0.00	0.00	31.46
Core	CPU	Avg_MHz	Busy%	Bzy_MHz	TSC_MHz	IPC	IRQ	NMI	SMI	POLL%	C1%	C2%	CorWatt	PkgWatt
-	-	591	13.03	4532	3389	0.93	13900	0	0	0.00	0.03	86.83	19.13	39.99
0	0	60	1.62	3712	3394	0.79	2097	0	0	0.00	0.00	98.43	1.74	40.07
0	8	116	3.13	3713	3394	2.09	455	0	0	0.00	0.00	96.88
1	1	41	0.93	4429	3394	0.73	1657	0	0	0.00	0.17	98.94	6.61
1	9	4165	91.79	4538	3394	1.01	2070	0	0	0.00	0.00	8.21
2	2	36	0.97	3711	3394	0.40	1387	0	0	0.00	0.01	99.06	0.65
2	10	4	0.11	3711	3394	0.38	150	0	0	0.00	0.00	99.89
3	3	23	0.62	3711	3394	0.46	763	0	0	0.02	0.16	99.25	0.52
3	11	22	0.60	3713	3394	0.90	237	0	0	0.00	0.00	99.41
4	4	229	5.38	4255	3394	1.46	926	0	0	0.00	0.02	94.62	1.21
4	12	9	0.24	3756	3394	0.39	418	0	0	0.00	0.00	99.78
5	5	23	0.63	3712	3394	0.57	426	0	0	0.00	0.00	99.39	0.43
5	13	27	0.73	3712	3394	0.40	524	0	0	0.00	0.01	99.28
6	6	57	1.55	3712	3394	0.79	699	0	0	0.00	0.09	98.38	0.59
6	14	2	0.06	3712	3394	0.59	69	0	0	0.00	0.00	99.94
7	7	4640	99.97	4641	3394	0.82	2009	0	0	0.00	0.00	0.03	7.41
7	15	8	0.18	4642	3394	0.75	13	0	0	0.00	0.00	99.82
Core	CPU	Avg_MHz	Busy%	Bzy_MHz	TSC_MHz	IPC	IRQ	NMI	SMI	POLL%	C1%	C2%	CorWatt	PkgWatt
-	-	594	13.07	4543	3398	0.93	14040	0	0	0.00	0.02	87.03	18.46	39.91
0	0	153	4.12	3712	3394	1.16	3070	0	0	0.00	0.05	95.90	1.69	39.84
0	8	10	0.26	3713	3394	1.57	100	0	0	0.00	0.00	99.75
1	1	50	1.12	4428	3394	0.81	1862	0	0	0.00	0.08	98.84	6.62
1	9	4193	92.22	4547	3394	1.01	2121	0	0	0.00	0.00	7.78
2	2	59	1.54	3813	3394	0.78	1103	0	0	0.00	0.08	98.42	0.38
2	10	4	0.12	3715	3394	0.34	152	0	0	0.00	0.00	99.89
3	3	51	1.38	3712	3394	1.10	831	0	0	0.03	0.06	98.59	0.39
3	11	0	0.01	3711	3394	0.41	9	0	0	0.00	0.00	99.99
4	4	122	3.14	3876	3394	1.70	544	0	0	0.00	0.10	96.79	0.83
4	12	13	0.36	3733	3394	0.36	542	0	0	0.00	0.01	99.66
5	5	123	2.92	4192	3394	1.31	670	0	0	0.00	0.00	97.10	0.73
5	13	25	0.66	3736	3394	0.39	450	0	0	0.00	0.00	99.36
6	6	50	1.35	3713	3394	0.97	497	0	0	0.00	0.01	98.66	0.43
6	14	2	0.06	3710	3394	0.33	75	0	0	0.00	0.00	99.94
7	7	3779	81.42	4641	3394	0.82	1636	0	0	0.00	0.00	18.58	7.36
7	15	858	18.49	4641	3394	0.81	378	0	0	0.00	0.00	81.51
Core	CPU	Avg_MHz	Busy%	Bzy_MHz	TSC_MHz	IPC	IRQ	NMI	SMI	POLL%	C1%	C2%	CorWatt	PkgWatt
-	-	540	11.90	4537	3394	0.93	13608	0	0	0.00	0.06	88.07	18.71	39.13
0	0	74	2.00	3706	3394	1.22	2215	0	0	0.00	0.04	98.02	1.49	39.12
0	8	27	0.72	3709	3394	0.74	459	0	0	0.00	0.00	99.28
1	1	25	0.58	4322	3394	0.94	605	0	0	0.00	0.55	98.89	6.16
1	9	3804	83.62	4549	3394	1.02	1949	0	0	0.00	0.00	16.39
2	2	52	1.39	3704	3394	0.79	2045	0	0	0.00	0.21	98.45	0.99
2	10	3	0.09	3709	3394	0.45	138	0	0	0.00	0.00	99.91
3	3	49	1.23	4015	3394	1.36	692	0	0	0.02	0.09	98.69	0.41
3	11	2	0.05	3524	3394	0.92	72	0	0	0.00	0.00	99.95
4	4	120	3.25	3707	3394	1.19	1261	0	0	0.00	0.02	96.77	1.18
4	12	3	0.08	3678	3394	0.34	96	0	0	0.00	0.04	99.88
5	5	191	4.62	4138	3394	1.49	693	0	0	0.00	0.00	95.40	1.15
5	13	26	0.70	3737	3394	0.41	614	0	0	0.00	0.01	99.31
6	6	35	0.94	3718	3394	1.07	485	0	0	0.00	0.00	99.08	0.45
6	14	27	0.68	3938	3394	0.96	377	0	0	0.00	0.00	99.33
7	7	2716	58.52	4641	3394	0.82	1222	0	0	0.00	0.00	41.48	6.87
7	15	1484	31.98	4640	3394	0.81	685	0	0	0.00	0.00	68.02
Core	CPU	Avg_MHz	Busy%	Bzy_MHz	TSC_MHz	IPC	IRQ	NMI	SMI	POLL%	C1%	C2%	CorWatt	PkgWatt
-	-	50	1.30	3846	3394	0.96	10311	0	0	0.00	0.20	98.52	2.86	19.89
0	0	39	1.08	3627	3394	0.74	675	0	0	0.00	0.04	98.89	0.26	19.89
0	8	25	0.67	3736	3394	0.78	260	0	0	0.00	0.25	99.09
1	1	105	2.91	3619	3394	0.75	1202	0	0	0.00	0.11	96.99	0.45
1	9	30	0.83	3627	3394	0.73	294	0	0	0.00	0.12	99.06
2	2	34	0.95	3556	3394	0.51	981	0	0	0.00	1.19	97.88	0.34
2	10	24	0.68	3562	3394	0.59	796	0	0	0.00	0.00	99.34
3	3	34	0.95	3572	3394	0.30	822	0	0	0.01	0.55	98.54	0.41
3	11	19	0.54	3552	3394	0.67	798	0	0	0.00	0.00	99.48
4	4	67	1.84	3661	3394	0.66	932	0	0	0.00	0.40	97.78	0.28
4	12	23	0.62	3657	3394	0.58	363	0	0	0.00	0.12	99.26
5	5	90	2.37	3811	3394	1.05	919	0	0	0.00	0.22	97.44	0.39
5	13	30	0.82	3631	3394	0.54	1168	0	0	0.00	0.13	99.09
6	6	14	0.39	3659	3394	0.96	204	0	0	0.00	0.00	99.62	0.14
6	14	24	0.68	3544	3394	0.66	352	0	0	0.00	0.07	99.26
7	7	231	5.21	4437	3394	1.55	348	0	0	0.00	0.06	94.70	0.58
7	15	6	0.18	3613	3394	0.63	197	0	0	0.00	0.01	99.81
