turbostat version 2025.09.09 - Len Brown <lenb@kernel.org>
Kernel command line: BOOT_IMAGE=/boot/vmlinuz-6.17.0-35-generic root=UUID=37e0ef02-2557-4d29-8187-72bb5e6547ba ro quiet splash vt.handoff=7
CPUID(0): AuthenticAMD 0x10 CPUID levels
CPUID(1): family:model:stepping 0x19:21:2 (25:33:2) microcode 0x0
CPUID(0x80000000): max_extended_levels: 0x80000023
CPUID(1): SSE3 MONITOR - - - TSC MSR - HT -
CPUID(6): APERF, No-TURBO, No-DTS, No-PTM, No-HWP, No-HWPnotify, No-HWPwindow, No-HWPepp, No-HWPpkg, No-EPB
CPUID(7): No-SGX No-Hybrid
cpu0: cpufreq driver: amd-pstate-epp
cpu0: cpufreq governor: powersave
cpufreq boost: 1
/dev/cpu_dma_latency: 2000000000 usec (default)
current_driver: acpi_idle
current_governor: menu
current_governor_ro: menu
cpu0: POLL: CPUIDLE CORE POLL IDLE
cpu0: C1: ACPI FFH MWAIT 0x0
cpu0: C2: ACPI IOPORT 0x414
RAPL: 234 sec. Joule Counter Range, at 280 Watts
intel-rapl:0: package-0 disabled
intel-rapl:0/intel-rapl:0:0: core disabled
cpu0: MSR_RAPL_PWR_UNIT: 0x000a1003 (0.125000 Watts, 0.000015 Joules, 0.000977 sec.)
Core	CPU	Avg_MHz	Busy%	Bzy_MHz	TSC_MHz	IPC	IRQ	NMI	SMI	POLL%	C1%	C2%	CorWatt	PkgWatt
-	-	172	4.58	3765	3394	0.52	49554	0	0	0.01	0.31	95.21	8.37	27.12
0	0	113	3.09	3650	3394	0.46	2994	0	0	0.00	0.18	96.81	1.02	27.12
0	8	198	5.28	3750	3394	0.49	3664	0	0	0.00	0.32	94.48
1	1	453	11.22	4037	3394	0.93	2721	0	0	0.00	0.14	88.73	1.42
1	9	217	5.59	3891	3394	0.38	4389	0	0	0.00	0.18	94.35
2	2	107	3.00	3554	3394	0.15	3165	0	0	0.01	1.28	95.83	0.93
2	10	139	3.81	3660	3394	0.35	3369	0	0	0.00	0.18	96.11
3	3	172	4.56	3762	3394	0.43	3206	0	0	0.09	0.12	95.41	1.01
3	11	143	3.97	3610	3394	0.35	3133	0	0	0.00	0.04	96.09
4	4	158	4.35	3633	3394	0.40	3210	0	0	0.00	0.34	95.40	1.00
4	12	160	4.44	3617	3394	0.38	3055	0	0	0.00	0.21	95.43
5	5	152	4.04	3757	3394	0.50	2972	0	0	0.00	0.35	95.72	0.93
5	13	72	2.03	3553	3394	0.20	2161	0	0	0.00	0.22	97.82
6	6	139	3.58	3871	3394	0.41	2768	0	0	0.00	0.93	95.57	0.95
6	14	131	3.41	3846	3394	0.46	2850	0	0	0.00	0.11	96.55
7	7	285	7.74	3679	3394	0.75	3076	0	0	0.00	0.28	92.08	1.11
7	15	119	3.15	3786	3394	0.44	2821	0	0	0.00	0.07	96.86
Core	CPU	Avg_MHz	Busy%	Bzy_MHz	TSC_MHz	IPC	IRQ	NMI	SMI	POLL%	C1%	C2%	CorWatt	PkgWatt
-	-	501	11.41	4394	3389	0.73	41831	1	0	0.01	0.55	87.99	22.64	42.07
0	0	109	2.95	3681	3394	0.44	2354	0	0	0.00	0.27	96.86	1.80	42.15
0	8	145	3.92	3695	3394	0.90	2407	0	0	0.00	0.09	96.06
1	1	3345	72.52	4613	3394	0.65	2496	1	0	0.00	0.25	27.21	6.22
1	9	163	3.67	4430	3394	1.05	2607	0	0	0.00	0.35	96.04
2	2	157	4.08	3838	3394	0.53	4321	0	0	0.00	2.43	93.61	1.75
2	10	77	2.08	3677	3394	0.49	2291	0	0	0.00	0.21	97.79
3	3	118	3.19	3686	3394	0.33	3172	0	0	0.20	0.99	95.90	1.75
3	11	73	1.98	3669	3394	0.48	2213	0	0	0.00	0.51	97.58
4	4	163	4.23	3846	3394	0.82	2656	0	0	0.00	0.80	95.05	1.80
4	12	87	2.36	3685	3394	0.30	2548	0	0	0.00	0.31	97.41
5	5	103	2.80	3691	3394	0.55	2470	0	0	0.00	0.11	97.16	1.75
5	13	80	2.16	3685	3394	0.29	2243	0	0	0.00	0.48	97.44
6	6	156	4.00	3906	3394	0.86	2501	0	0	0.01	0.39	95.68	1.72
6	14	74	2.01	3686	3394	0.51	2142	0	0	0.00	0.16	97.90
7	7	3085	68.21	4522	3394	0.87	3153	0	0	0.00	1.40	30.43	5.88
7	15	95	2.27	4192	3394	0.37	2257	0	0	0.00	0.10	97.69
Core	CPU	Avg_MHz	Busy%	Bzy_MHz	TSC_MHz	IPC	IRQ	NMI	SMI	POLL%	C1%	C2%	CorWatt	PkgWatt
-	-	664	14.96	4442	3398	0.54	43094	0	0	0.01	0.66	84.57	27.51	46.91
0	0	190	5.01	3788	3394	0.60	2637	0	0	0.00	0.07	95.01	2.06	46.81
0	8	120	3.13	3831	3394	0.36	2545	0	0	0.01	0.27	96.68
1	1	4441	96.39	4607	3394	0.54	2063	0	0	0.00	0.07	3.54	7.58
1	9	115	2.52	4577	3394	0.21	3045	0	0	0.00	0.32	97.24
2	2	115	3.10	3704	3394	0.25	3619	0	0	0.02	0.61	96.39	1.93
2	10	103	2.76	3723	3394	0.29	2603	0	0	0.00	1.71	95.61
3	3	167	4.28	3901	3394	0.43	3197	0	0	0.11	1.25	94.56	2.13
3	11	90	2.38	3771	3394	0.30	2514	0	0	0.00	0.06	97.64
4	4	362	8.73	4149	3394	0.66	2855	0	0	0.01	2.76	88.59	2.34
4	12	107	2.79	3829	3394	0.38	2609	0	0	0.00	1.02	96.27
5	5	409	10.27	3978	3394	0.64	3352	0	0	0.01	1.32	88.51	2.65
5	13	182	4.41	4116	3394	0.47	2413	0	0	0.00	0.31	95.35
6	6	148	3.86	3830	3394	0.60	2826	0	0	0.00	0.42	95.81	1.94
6	14	77	2.02	3792	3394	0.19	2202	0	0	0.00	0.15	97.90
7	7	3882	85.23	4556	3394	0.59	2283	0	0	0.00	0.04	14.75	6.86
7	15	111	2.48	4474	3394	0.29	2331	0	0	0.00	0.18	97.40
Core	CPU	Avg_MHz	Busy%	Bzy_MHz	TSC_MHz	IPC	IRQ	NMI	SMI	POLL%	C1%	C2%	CorWatt	PkgWatt
-	-	633	14.17	4467	3393	0.54	40317	0	0	0.01	0.35	85.52	26.54	46.20
0	0	71	1.91	3704	3394	0.25	2183	0	0	0.00	0.01	98.15	1.77	46.26
0	8	64	1.74	3703	3394	0.14	2472	0	0	0.00	0.03	98.31
1	1	4585	99.05	4629	3394	0.52	2039	0	0	0.00	0.01	0.95	7.76
1	9	87	1.89	4608	3394	0.17	2771	0	0	0.01	0.52	97.66
2	2	84	2.28	3705	3394	0.14	3031	0	0	0.01	0.11	97.70	1.84
2	10	83	2.23	3705	3394	0.17	2888	0	0	0.03	1.22	96.64
3	3	83	2.23	3705	3394	0.16	2815	0	0	0.11	0.21	97.64	1.95
3	11	72	1.96	3704	3394	0.20	2466	0	0	0.01	0.49	97.63
4	4	159	4.29	3709	3394	0.66	2855	0	0	0.00	1.58	94.21	1.96
4	12	62	1.67	3703	3394	0.14	2189	0	0	0.00	0.01	98.39
5	5	221	5.95	3710	3394	0.52	3471	0	0	0.01	1.40	92.75	2.22
5	13	74	2.00	3704	3394	0.17	2249	0	0	0.00	0.03	98.05
6	6	137	3.69	3708	3394	0.81	2535	0	0	0.00	0.02	96.37	1.89
6	14	55	1.49	3701	3394	0.10	2040	0	0	0.00	0.00	98.58
7	7	4229	92.88	4553	3394	0.62	2133	0	0	0.00	0.00	7.12	7.17
7	15	67	1.49	4485	3394	0.20	2180	0	0	0.00	0.01	98.56
Core	CPU	Avg_MHz	Busy%	Bzy_MHz	TSC_MHz	IPC	IRQ	NMI	SMI	POLL%	C1%	C2%	CorWatt	PkgWatt
-	-	633	14.19	4457	3392	0.54	40749	1	0	0.01	0.13	85.70	26.52	46.35
0	0	60	1.61	3701	3394	0.13	2156	0	0	0.00	0.00	98.45	1.75	46.34
0	8	61	1.64	3702	3394	0.24	2225	0	0	0.00	0.01	98.43
1	1	4599	99.16	4638	3394	0.51	2009	0	0	0.00	0.00	0.84	7.79
1	9	86	1.85	4619	3394	0.17	2730	0	0	0.00	0.10	98.11
2	2	96	2.56	3744	3394	0.21	3018	0	0	0.01	0.18	97.35	1.85
2	10	81	2.19	3705	3394	0.16	3099	0	0	0.00	0.14	97.77
3	3	94	2.54	3705	3394	0.17	3124	0	0	0.16	0.07	97.47	2.01
3	11	93	2.52	3705	3394	0.54	2504	0	0	0.00	0.09	97.47
4	4	172	4.64	3709	3394	0.84	2775	0	0	0.00	0.07	95.37	2.04
4	12	89	2.40	3705	3394	0.24	2474	0	0	0.00	0.11	97.58
5	5	189	5.10	3717	3394	0.45	3154	0	0	0.00	1.02	93.98	2.14
5	13	73	1.96	3704	3394	0.18	2303	0	0	0.00	0.09	98.02
6	6	148	3.99	3710	3394	0.59	2532	0	0	0.01	0.16	95.93	1.95
6	14	86	2.23	3876	3394	0.24	2047	0	0	0.00	0.00	97.84
7	7	2323	51.33	4526	3394	0.63	2379	1	0	0.00	0.00	48.70	6.99
7	15	1871	41.25	4535	3394	0.63	2220	0	0	0.00	0.01	58.77
Core	CPU	Avg_MHz	Busy%	Bzy_MHz	TSC_MHz	IPC	IRQ	NMI	SMI	POLL%	C1%	C2%	CorWatt	PkgWatt
-	-	624	13.95	4474	3396	0.54	38221	1	0	0.02	0.08	86.11	26.30	45.91
0	0	56	1.51	3708	3394	0.11	2072	0	0	0.00	0.00	98.56	1.89	45.86
0	8	160	4.13	3878	3394	0.44	2382	0	0	0.00	0.01	95.94
1	1	4641	100.00	4641	3394	0.50	2010	1	0	0.00	0.00	0.00	7.85
1	9	85	1.83	4629	3394	0.15	2426	0	0	0.00	0.04	98.19
2	2	76	2.05	3704	3394	0.14	3146	0	0	0.00	0.20	97.84	1.79
2	10	60	1.63	3702	3394	0.12	2257	0	0	0.00	0.01	98.43
3	3	90	2.42	3705	3394	0.16	2901	0	0	0.37	0.28	97.39	1.92
3	11	58	1.57	3702	3394	0.16	2190	0	0	0.00	0.01	98.49
4	4	217	5.80	3749	3394	0.84	2586	0	0	0.00	0.05	94.23	2.05
4	12	56	1.51	3704	3394	0.11	2030	0	0	0.00	0.00	98.56
5	5	182	4.80	3797	3394	0.43	2960	0	0	0.00	0.36	94.93	2.11
5	13	71	1.91	3708	3394	0.17	2270	0	0	0.00	0.00	98.16
6	6	97	2.58	3748	3394	0.36	2382	0	0	0.00	0.12	97.37	1.83
6	14	75	2.03	3705	3394	0.43	2153	0	0	0.00	0.00	98.04
7	7	3990	87.99	4534	3394	0.63	2318	0	0	0.00	0.10	11.92	6.85
7	15	66	1.50	4409	3394	0.22	2138	0	0	0.00	0.01	98.55
Core	CPU	Avg_MHz	Busy%	Bzy_MHz	TSC_MHz	IPC	IRQ	NMI	SMI	POLL%	C1%	C2%	CorWatt	PkgWatt
-	-	683	15.50	4408	3393	0.54	45296	0	0	0.01	0.24	84.34	28.86	48.80
0	0	131	3.36	3912	3394	0.37	2549	0	0	0.00	0.01	96.72	2.23	48.81
0	8	227	5.89	3843	3394	0.64	2643	0	0	0.00	0.09	94.10
1	1	3997	87.48	4570	3394	0.58	2165	0	0	0.00	0.01	12.53	7.19
1	9	201	4.52	4458	3394	0.30	3231	0	0	0.00	0.13	95.43
2	2	127	3.39	3735	3394	0.36	3462	0	0	0.00	0.73	95.98	2.07
2	10	115	3.09	3706	3394	0.24	3302	0	0	0.00	0.16	96.85
3	3	133	3.54	3756	3394	0.38	3026	0	0	0.13	0.90	95.65	2.23
3	11	140	3.70	3777	3394	0.38	3079	0	0	0.00	0.43	95.97
4	4	369	9.35	3942	3394	0.54	3442	0	0	0.00	0.23	90.52	2.47
4	12	132	3.54	3729	3394	0.29	2785	0	0	0.00	0.31	96.24
5	5	343	8.87	3863	3394	0.70	3113	0	0	0.00	0.39	90.83	2.58
5	13	102	2.73	3720	3394	0.27	2855	0	0	0.00	0.23	97.10
6	6	327	8.36	3913	3394	0.72	2722	0	0	0.00	0.08	91.65	2.33
6	14	73	1.95	3759	3394	0.21	2336	0	0	0.00	0.01	98.12
7	7	4375	95.11	4600	3394	0.55	2099	0	0	0.00	0.00	4.90	7.76
7	15	141	3.08	4579	3394	0.32	2487	0	0	0.00	0.07	96.91
Core	CPU	Avg_MHz	Busy%	Bzy_MHz	TSC_MHz	IPC	IRQ	NMI	SMI	POLL%	C1%	C2%	CorWatt	PkgWatt
-	-	654	14.69	4449	3394	0.54	40095	1	0	0.02	0.17	85.22	27.99	48.32
0	0	180	4.80	3752	3394	0.67	2452	0	0	0.00	0.20	95.08	2.06	48.31
0	8	64	1.73	3705	3394	0.14	2118	0	0	0.00	0.15	98.18
1	1	4092	89.28	4584	3394	0.55	2234	0	0	0.00	0.12	10.62	7.33
1	9	173	3.90	4445	3394	0.37	2568	0	0	0.01	0.09	96.07
2	2	169	4.43	3801	3394	0.37	3244	0	0	0.00	0.27	95.39	2.07
2	10	87	2.35	3708	3394	0.26	2637	0	0	0.00	0.29	97.44
3	3	113	3.06	3707	3394	0.26	3071	0	0	0.21	0.23	96.80	2.08
3	11	72	1.95	3703	3394	0.18	2270	0	0	0.00	0.20	97.92
4	4	281	6.80	4138	3394	0.74	2593	0	0	0.00	0.17	93.11	2.29
4	12	93	2.49	3735	3394	0.25	2448	0	0	0.00	0.37	97.22
5	5	297	7.42	4007	3394	0.64	2517	1	0	0.00	0.09	92.57	2.49
5	13	131	3.51	3719	3394	0.37	2604	0	0	0.01	0.07	96.50
6	6	95	2.57	3705	3394	0.33	2304	0	0	0.00	0.09	97.41	1.95
6	14	93	2.50	3705	3394	0.50	2483	0	0	0.00	0.28	97.30
7	7	4396	95.68	4594	3394	0.56	2137	0	0	0.00	0.01	4.32	7.73
7	15	119	2.60	4591	3394	0.33	2415	0	0	0.00	0.05	97.41
Core	CPU	Avg_MHz	Busy%	Bzy_MHz	TSC_MHz	IPC	IRQ	NMI	SMI	POLL%	C1%	C2%	CorWatt	PkgWatt
-	-	655	14.77	4437	3394	0.54	40869	1	0	0.01	0.29	85.01	28.02	48.50
0	0	132	3.40	3864	3394	0.43	2690	0	0	0.00	0.50	96.18	2.02	48.50
0	8	105	2.81	3722	3394	0.28	2367	0	0	0.00	0.03	97.24
1	1	4314	93.71	4604	3394	0.55	2072	0	0	0.00	0.00	6.29	7.64
1	9	185	4.09	4512	3394	0.31	2546	0	0	0.00	0.15	95.82
2	2	135	3.63	3715	3394	0.41	3487	0	0	0.01	0.35	96.13	2.04
2	10	95	2.56	3706	3394	0.36	2392	0	0	0.00	0.43	97.09
3	3	124	3.35	3715	3394	0.37	2922	0	0	0.07	0.56	96.18	2.13
3	11	80	2.15	3704	3394	0.25	2328	0	0	0.00	0.73	97.21
4	4	188	4.94	3801	3394	0.45	2609	0	0	0.00	0.06	95.08	2.15
4	12	111	2.99	3708	3394	0.25	2539	0	0	0.00	0.50	96.60
5	5	466	11.17	4170	3394	0.81	2708	0	0	0.01	0.02	88.88	2.66
5	13	67	1.76	3807	3394	0.11	2230	0	0	0.01	0.14	98.17
6	6	282	7.19	3925	3394	0.55	2674	0	0	0.00	0.08	92.81	2.20
6	14	72	1.93	3735	3394	0.17	2596	0	0	0.00	0.87	97.29
7	7	4021	88.13	4563	3394	0.56	2361	1	0	0.00	0.01	11.87	7.19
7	15	111	2.54	4371	3394	0.41	2348	0	0	0.00	0.18	97.34
Core	CPU	Avg_MHz	Busy%	Bzy_MHz	TSC_MHz	IPC	IRQ	NMI	SMI	POLL%	C1%	C2%	CorWatt	PkgWatt
-	-	663	14.93	4441	3394	0.53	44302	1	0	0.00	0.23	84.92	28.35	48.71
0	0	164	4.29	3822	3394	0.53	2616	0	0	0.00	0.17	95.62	2.18	48.71
0	8	133	3.55	3736	3394	0.64	2465	0	0	0.00	0.02	96.51
1	1	4524	97.55	4638	3394	0.51	2019	1	0	0.00	0.00	2.45	7.99
1	9	182	3.95	4616	3394	0.40	3106	0	0	0.00	0.02	96.10
2	2	124	3.34	3702	3394	0.28	3661	0	0	0.00	1.09	95.68	2.08
2	10	113	3.05	3702	3394	0.23	3129	0	0	0.00	0.04	97.01
3	3	128	3.45	3704	3394	0.38	3279	0	0	0.04	0.72	95.93	2.20
3	11	92	2.48	3704	3394	0.25	2923	0	0	0.00	0.10	97.51
4	4	206	5.55	3709	3394	0.43	3363	0	0	0.00	0.75	93.80	2.25
4	12	136	3.67	3706	3394	0.32	2776	0	0	0.00	0.22	96.20
5	5	608	14.18	4286	3394	0.59	2660	0	0	0.00	0.22	85.68	2.82
5	13	77	2.04	3764	3394	0.14	2449	0	0	0.00	0.02	98.02
6	6	108	2.92	3706	3394	0.50	2670	0	0	0.00	0.08	97.08	1.97
6	14	76	2.06	3702	3394	0.21	2367	0	0	0.00	0.00	98.00
7	7	3864	85.04	4544	3394	0.62	2465	0	0	0.00	0.08	14.89	6.86
7	15	78	1.81	4307	3394	0.23	2354	0	0	0.00	0.09	98.16
Core	CPU	Avg_MHz	Busy%	Bzy_MHz	TSC_MHz	IPC	IRQ	NMI	SMI	POLL%	C1%	C2%	CorWatt	PkgWatt
-	-	630	14.18	4446	3393	0.53	43875	0	0	0.00	0.16	85.73	27.30	47.41
0	0	91	2.45	3701	3394	0.28	2303	0	0	0.00	0.01	97.62	2.02	47.42
0	8	137	3.71	3697	3394	0.52	2724	0	0	0.00	0.03	96.35
1	1	4428	95.49	4637	3394	0.50	2012	0	0	0.00	0.00	4.52	7.72
1	9	106	2.33	4563	3394	0.19	3246	0	0	0.00	0.16	97.60
2	2	92	2.49	3699	3394	0.16	3481	0	0	0.00	0.59	97.02	1.93
2	10	90	2.42	3692	3394	0.19	3003	0	0	0.00	0.01	97.66
3	3	83	2.24	3700	3394	0.19	3058	0	0	0.02	0.36	97.50	2.27
3	11	204	5.36	3806	3394	0.58	3221	0	0	0.00	0.14	94.60
4	4	84	2.27	3695	3394	0.21	2422	0	0	0.01	0.04	97.77	1.96
4	12	111	2.98	3710	3394	0.35	2701	0	0	0.01	0.12	96.99
5	5	276	7.43	3708	3394	0.47	4042	0	0	0.00	0.14	92.55	2.41
5	13	82	2.22	3697	3394	0.14	2354	0	0	0.00	0.03	97.83
6	6	103	2.79	3698	3394	0.48	2523	0	0	0.00	0.05	97.24	1.89
6	14	54	1.47	3692	3394	0.10	2036	0	0	0.00	0.00	98.60
7	7	4073	89.55	4549	3394	0.64	2235	0	0	0.00	0.02	10.44	7.09
7	15	71	1.62	4406	3394	0.20	2514	0	0	0.00	0.92	97.52
Core	CPU	Avg_MHz	Busy%	Bzy_MHz	TSC_MHz	IPC	IRQ	NMI	SMI	POLL%	C1%	C2%	CorWatt	PkgWatt
-	-	118	3.27	3613	3394	0.36	43211	0	0	0.01	0.19	96.63	7.56	26.31
0	0	77	2.23	3474	3394	0.26	2518	0	0	0.00	0.01	97.85	0.86	26.31
0	8	74	2.11	3489	3394	0.34	2238	0	0	0.00	0.00	97.97
1	1	219	5.87	3733	3394	0.57	2728	0	0	0.00	0.60	93.61	1.13
1	9	181	4.89	3705	3394	0.54	3308	0	0	0.00	0.13	95.09
2	2	86	2.45	3487	3394	0.14	2935	0	0	0.00	0.50	97.15	0.88
2	10	95	2.76	3458	3394	0.22	2849	0	0	0.00	0.01	97.33
3	3	81	2.30	3507	3394	0.15	2886	0	0	0.10	0.44	97.36	0.92
3	11	141	3.91	3598	3394	0.45	2523	0	0	0.00	0.11	96.07
4	4	116	3.29	3512	3394	0.36	2810	0	0	0.00	0.19	96.61	0.90
4	12	75	2.10	3573	3394	0.21	2271	0	0	0.00	0.01	97.98
5	5	140	4.04	3472	3394	0.35	3412	0	0	0.00	0.51	95.55	0.92
5	13	79	2.25	3528	3394	0.24	2318	0	0	0.00	0.03	97.81
6	6	86	2.44	3531	3394	0.32	2287	0	0	0.00	0.00	97.64	0.86
6	14	68	1.91	3560	3394	0.20	2083	0	0	0.00	0.00	98.16
7	7	221	5.84	3780	3394	0.36	3491	0	0	0.00	0.50	93.77	1.09
7	15	149	3.87	3858	3394	0.34	2554	0	0	0.00	0.03	96.19
