turbostat version 2025.09.09 - Len Brown <lenb@kernel.org>
Kernel command line: BOOT_IMAGE=/boot/vmlinuz-6.17.0-35-generic root=UUID=37e0ef02-2557-4d29-8187-72bb5e6547ba ro quiet splash vt.handoff=7
CPUID(0): AuthenticAMD 0x10 CPUID levels
CPUID(1): family:model:stepping 0x19:21:2 (25:33:2) microcode 0x0
CPUID(0x80000000): max_extended_levels: 0x80000023
CPUID(1): SSE3 MONITOR - - - TSC MSR - HT -
CPUID(6): APERF, No-TURBO, No-DTS, No-PTM, No-HWP, No-HWPnotify, No-HWPwindow, No-HWPepp, No-HWPpkg, No-EPB
CPUID(7): No-SGX No-Hybrid
cpu0: cpufreq driver: amd-pstate-epp
cpu0: cpufreq governor: powersave
cpufreq boost: 1
/dev/cpu_dma_latency: 2000000000 usec (default)
current_driver: acpi_idle
current_governor: menu
current_governor_ro: menu
cpu0: POLL: CPUIDLE CORE POLL IDLE
cpu0: C1: ACPI FFH MWAIT 0x0
cpu0: C2: ACPI IOPORT 0x414
RAPL: 234 sec. Joule Counter Range, at 280 Watts
intel-rapl:0: package-0 disabled
intel-rapl:0/intel-rapl:0:0: core disabled
cpu0: MSR_RAPL_PWR_UNIT: 0x000a1003 (0.125000 Watts, 0.000015 Joules, 0.000977 sec.)
Core	CPU	Avg_MHz	Busy%	Bzy_MHz	TSC_MHz	IPC	IRQ	NMI	SMI	POLL%	C1%	C2%	CorWatt	PkgWatt
-	-	150	4.07	3670	3394	0.36	44636	0	0	0.01	0.37	95.65	7.25	25.93
0	0	86	2.43	3561	3394	0.19	2485	0	0	0.00	0.14	97.52	0.92	25.92
0	8	179	4.80	3728	3394	0.57	2290	0	0	0.00	0.01	95.27
1	1	165	4.48	3685	3394	0.39	2551	0	0	0.00	0.02	95.59	0.87
1	9	93	2.64	3517	3394	0.19	3327	0	0	0.00	0.32	97.15
2	2	171	4.70	3644	3394	0.33	3185	0	0	0.00	1.78	93.61	0.87
2	10	90	2.56	3524	3394	0.18	3088	0	0	0.00	0.08	97.45
3	3	90	2.57	3515	3394	0.15	3263	0	0	0.09	0.90	96.64	0.77
3	11	81	2.30	3506	3394	0.18	2931	0	0	0.00	0.09	97.71
4	4	85	2.43	3505	3394	0.22	2572	0	0	0.00	0.56	97.10	0.78
4	12	83	2.30	3586	3394	0.20	2220	0	0	0.00	0.02	97.76
5	5	147	4.09	3582	3394	0.40	2845	0	0	0.00	0.30	95.71	0.83
5	13	76	2.14	3529	3394	0.13	2417	0	0	0.00	0.05	97.89
6	6	228	6.09	3744	3394	0.72	2580	0	0	0.00	0.29	93.71	0.95
6	14	105	2.94	3578	3394	0.27	2330	0	0	0.00	0.05	97.09
7	7	193	5.16	3738	3394	0.54	2485	0	0	0.00	0.17	94.76	1.27
7	15	520	13.55	3840	3394	0.33	4067	0	0	0.00	1.16	85.39
Core	CPU	Avg_MHz	Busy%	Bzy_MHz	TSC_MHz	IPC	IRQ	NMI	SMI	POLL%	C1%	C2%	CorWatt	PkgWatt
-	-	67	1.88	3576	3394	0.24	34012	0	0	0.02	0.02	98.17	4.78	22.42
0	0	53	1.49	3556	3394	0.10	2038	0	0	0.00	0.00	98.57	0.57	22.42
0	8	52	1.47	3551	3394	0.10	2017	0	0	0.00	0.00	98.60
1	1	57	1.60	3552	3394	0.12	2132	0	0	0.00	0.00	98.48	0.58
1	9	52	1.47	3555	3394	0.09	2032	0	0	0.00	0.00	98.61
2	2	68	1.91	3573	3394	0.13	2308	0	0	0.00	0.12	98.05	0.59
2	10	53	1.48	3563	3394	0.09	2035	0	0	0.00	0.00	98.59
3	3	79	2.21	3561	3394	0.14	2624	0	0	0.32	0.03	97.84	0.58
3	11	54	1.52	3555	3394	0.09	2067	0	0	0.00	0.20	98.35
4	4	53	1.50	3563	3394	0.11	2017	0	0	0.00	0.00	98.57	0.58
4	12	56	1.58	3564	3394	0.11	2033	0	0	0.00	0.00	98.49
5	5	74	2.08	3552	3394	0.23	2387	0	0	0.00	0.01	98.00	0.59
5	13	52	1.47	3554	3394	0.08	2007	0	0	0.00	0.00	98.60
6	6	61	1.68	3624	3394	0.11	2045	0	0	0.00	0.00	98.38	0.58
6	14	60	1.70	3551	3394	0.12	2074	0	0	0.00	0.00	98.37
7	7	187	5.18	3612	3394	0.83	2148	0	0	0.00	0.00	94.88	0.72
7	15	63	1.72	3643	3394	0.11	2048	0	0	0.00	0.00	98.32
Core	CPU	Avg_MHz	Busy%	Bzy_MHz	TSC_MHz	IPC	IRQ	NMI	SMI	POLL%	C1%	C2%	CorWatt	PkgWatt
-	-	68	1.91	3575	3394	0.24	34107	0	0	0.02	0.01	98.15	4.81	22.47
0	0	54	1.52	3574	3394	0.10	2047	0	0	0.00	0.00	98.55	0.61	22.47
0	8	86	2.41	3576	3394	0.43	2096	0	0	0.00	0.01	97.66
1	1	60	1.69	3557	3394	0.11	2136	0	0	0.00	0.00	98.38	0.58
1	9	52	1.46	3555	3394	0.10	2029	0	0	0.00	0.00	98.61
2	2	65	1.83	3558	3394	0.15	2356	0	0	0.00	0.00	98.25	0.59
2	10	54	1.52	3559	3394	0.10	2058	0	0	0.00	0.00	98.56
3	3	75	2.10	3558	3394	0.12	2511	0	0	0.30	0.19	97.79	0.58
3	11	54	1.51	3553	3394	0.09	2071	0	0	0.00	0.00	98.56
4	4	69	1.90	3630	3394	0.09	2040	0	0	0.00	0.00	98.17	0.59
4	12	52	1.45	3559	3394	0.09	2024	0	0	0.00	0.00	98.61
5	5	71	2.00	3550	3394	0.21	2339	0	0	0.00	0.00	98.08	0.59
5	13	55	1.55	3557	3394	0.10	2016	0	0	0.00	0.00	98.51
6	6	52	1.46	3561	3394	0.09	2025	0	0	0.00	0.00	98.61	0.58
6	14	68	1.91	3567	3394	0.17	2116	0	0	0.00	0.01	98.15
7	7	168	4.66	3610	3394	0.74	2195	0	0	0.00	0.01	95.41	0.69
7	15	59	1.62	3614	3394	0.13	2048	0	0	0.00	0.00	98.45
Core	CPU	Avg_MHz	Busy%	Bzy_MHz	TSC_MHz	IPC	IRQ	NMI	SMI	POLL%	C1%	C2%	CorWatt	PkgWatt
-	-	68	1.89	3589	3394	0.25	33981	0	0	0.01	0.02	98.16	4.81	22.49
0	0	53	1.49	3577	3394	0.10	2034	0	0	0.00	0.00	98.57	0.61	22.49
0	8	86	2.41	3579	3394	0.46	2144	0	0	0.00	0.01	97.65
1	1	60	1.67	3567	3394	0.16	2153	0	0	0.00	0.00	98.40	0.58
1	9	52	1.45	3554	3394	0.10	2023	0	0	0.00	0.00	98.62
2	2	59	1.65	3565	3394	0.12	2145	0	0	0.00	0.01	98.41	0.58
2	10	52	1.46	3560	3394	0.09	2029	0	0	0.00	0.00	98.61
3	3	69	1.95	3555	3394	0.13	2521	0	0	0.14	0.12	98.02	0.58
3	11	52	1.47	3557	3394	0.09	2020	0	0	0.00	0.00	98.61
4	4	62	1.73	3564	3394	0.14	2185	0	0	0.00	0.05	98.30	0.58
4	12	53	1.49	3557	3394	0.09	2022	0	0	0.00	0.00	98.58
5	5	74	2.06	3588	3394	0.20	2274	0	0	0.00	0.03	97.98	0.59
5	13	56	1.57	3561	3394	0.12	2028	0	0	0.00	0.00	98.49
6	6	54	1.51	3564	3394	0.10	2063	0	0	0.00	0.00	98.56	0.60
6	14	80	2.14	3755	3394	0.24	2062	0	0	0.00	0.00	97.93
7	7	169	4.68	3610	3394	0.75	2244	0	0	0.00	0.02	95.37	0.69
7	15	57	1.57	3617	3394	0.10	2034	0	0	0.00	0.00	98.51
Core	CPU	Avg_MHz	Busy%	Bzy_MHz	TSC_MHz	IPC	IRQ	NMI	SMI	POLL%	C1%	C2%	CorWatt	PkgWatt
-	-	66	1.85	3575	3394	0.24	34112	0	0	0.01	0.03	98.18	4.74	22.29
0	0	53	1.49	3586	3394	0.09	2030	0	0	0.00	0.00	98.59	0.62	22.29
0	8	98	2.72	3597	3394	0.52	2131	0	0	0.00	0.01	97.34
1	1	134	3.70	3608	3394	0.60	2285	0	0	0.00	0.03	96.34	0.65
1	9	53	1.47	3590	3394	0.09	2024	0	0	0.00	0.00	98.60
2	2	57	1.59	3567	3394	0.11	2069	0	0	0.00	0.00	98.49	0.57
2	10	52	1.46	3561	3394	0.09	2030	0	0	0.00	0.00	98.61
3	3	65	1.84	3555	3394	0.12	2597	0	0	0.12	0.30	97.95	0.57
3	11	52	1.46	3556	3394	0.08	2016	0	0	0.00	0.00	98.61
4	4	74	2.08	3577	3394	0.17	2384	0	0	0.00	0.08	97.92	0.58
4	12	53	1.47	3561	3394	0.09	2024	0	0	0.00	0.00	98.60
5	5	56	1.58	3544	3394	0.13	2060	0	0	0.00	0.00	98.50	0.57
5	13	53	1.50	3558	3394	0.10	2015	0	0	0.00	0.00	98.57
6	6	54	1.52	3557	3394	0.12	2016	0	0	0.00	0.00	98.55	0.57
6	14	51	1.45	3557	3394	0.09	2015	0	0	0.00	0.00	98.62
7	7	100	2.78	3583	3394	0.44	2388	0	0	0.00	0.13	97.17	0.61
7	15	56	1.56	3574	3394	0.10	2028	0	0	0.00	0.00	98.52
Core	CPU	Avg_MHz	Busy%	Bzy_MHz	TSC_MHz	IPC	IRQ	NMI	SMI	POLL%	C1%	C2%	CorWatt	PkgWatt
-	-	122	3.23	3785	3394	0.42	38709	0	0	0.00	0.07	96.78	6.26	24.15
0	0	138	3.76	3682	3394	0.46	2472	0	0	0.00	0.03	96.29	0.78	24.15
0	8	97	2.73	3534	3394	0.27	2438	0	0	0.00	0.04	97.31
1	1	169	4.52	3734	3394	0.61	2299	0	0	0.00	0.01	95.55	0.84
1	9	135	3.40	3985	3394	0.45	2278	0	0	0.00	0.01	96.67
2	2	131	3.41	3858	3394	0.36	2647	0	0	0.00	0.14	96.54	0.74
2	10	74	2.05	3593	3394	0.16	2419	0	0	0.00	0.03	98.00
3	3	78	2.17	3573	3394	0.15	2912	0	0	0.04	0.57	97.34	0.73
3	11	113	2.86	3955	3394	0.41	2118	0	0	0.00	0.04	97.18
4	4	139	3.54	3908	3394	0.51	2494	0	0	0.00	0.05	96.49	0.77
4	12	91	2.41	3762	3394	0.35	2228	0	0	0.00	0.02	97.64
5	5	81	2.25	3620	3394	0.16	2498	0	0	0.00	0.01	97.81	0.74
5	13	124	3.14	3936	3394	0.54	2128	0	0	0.00	0.03	96.90
6	6	128	3.24	3930	3394	0.49	2236	0	0	0.00	0.02	96.81	0.74
6	14	84	2.32	3596	3394	0.22	2371	0	0	0.00	0.01	97.75
7	7	224	5.71	3919	3394	0.65	2427	0	0	0.00	0.08	94.29	0.92
7	15	153	4.18	3660	3394	0.25	2744	0	0	0.00	0.04	95.87
Core	CPU	Avg_MHz	Busy%	Bzy_MHz	TSC_MHz	IPC	IRQ	NMI	SMI	POLL%	C1%	C2%	CorWatt	PkgWatt
-	-	83	2.32	3567	3394	0.28	37204	0	0	0.01	0.04	97.72	5.33	23.20
0	0	60	1.71	3529	3394	0.14	2130	0	0	0.00	0.00	98.36	0.64	23.20
0	8	67	1.89	3523	3394	0.26	2163	0	0	0.00	0.00	98.19
1	1	155	4.32	3581	3394	0.56	2581	0	0	0.00	0.11	95.65	0.72
1	9	63	1.77	3567	3394	0.11	2141	0	0	0.00	0.00	98.31
2	2	68	1.92	3532	3394	0.20	2352	0	0	0.00	0.01	98.15	0.63
2	10	62	1.76	3531	3394	0.16	2211	0	0	0.00	0.00	98.32
3	3	82	2.33	3524	3394	0.23	2918	0	0	0.09	0.36	97.41	0.63
3	11	54	1.53	3529	3394	0.09	2011	0	0	0.00	0.00	98.55
4	4	76	2.13	3564	3394	0.19	2505	0	0	0.00	0.01	97.94	0.64
4	12	61	1.74	3527	3394	0.14	2173	0	0	0.00	0.00	98.34
5	5	76	2.14	3533	3394	0.26	2366	0	0	0.00	0.01	97.94	0.63
5	13	54	1.53	3529	3394	0.10	2013	0	0	0.00	0.00	98.54
6	6	57	1.62	3544	3394	0.14	2087	0	0	0.00	0.00	98.46	0.63
6	14	75	2.13	3548	3394	0.24	2277	0	0	0.00	0.00	97.95
7	7	132	3.64	3625	3394	0.57	2266	0	0	0.00	0.02	96.42	0.80
7	15	184	5.04	3655	3394	0.28	3010	0	0	0.00	0.05	95.02
Core	CPU	Avg_MHz	Busy%	Bzy_MHz	TSC_MHz	IPC	IRQ	NMI	SMI	POLL%	C1%	C2%	CorWatt	PkgWatt
-	-	82	2.32	3556	3393	0.28	37054	0	0	0.01	0.02	97.73	5.31	23.14
0	0	61	1.72	3519	3394	0.14	2134	0	0	0.00	0.00	98.35	0.63	23.14
0	8	63	1.79	3513	3394	0.14	2227	0	0	0.00	0.00	98.29
1	1	195	5.42	3602	3394	0.73	2406	0	0	0.00	0.02	94.64	0.77
1	9	63	1.75	3595	3394	0.11	2144	0	0	0.00	0.00	98.33
2	2	80	2.27	3546	3394	0.31	2308	0	0	0.00	0.01	97.81	0.65
2	10	62	1.75	3531	3394	0.16	2194	0	0	0.00	0.00	98.32
3	3	86	2.42	3549	3394	0.18	2926	0	0	0.10	0.20	97.47	0.63
3	11	54	1.52	3525	3394	0.09	2010	0	0	0.00	0.00	98.55
4	4	70	2.00	3521	3394	0.15	2573	0	0	0.00	0.03	98.06	0.63
4	12	59	1.69	3519	3394	0.13	2107	0	0	0.00	0.00	98.39
5	5	63	1.78	3524	3394	0.16	2313	0	0	0.00	0.02	98.28	0.62
5	13	54	1.54	3523	3394	0.11	2014	0	0	0.00	0.00	98.53
6	6	60	1.70	3538	3394	0.17	2142	0	0	0.00	0.01	98.36	0.63
6	14	75	2.13	3532	3394	0.24	2274	0	0	0.00	0.00	97.95
7	7	99	2.74	3617	3394	0.32	2389	0	0	0.00	0.02	97.33	0.75
7	15	175	4.90	3576	3394	0.29	2893	0	0	0.00	0.02	95.17
Core	CPU	Avg_MHz	Busy%	Bzy_MHz	TSC_MHz	IPC	IRQ	NMI	SMI	POLL%	C1%	C2%	CorWatt	PkgWatt
-	-	85	2.36	3578	3394	0.29	37304	0	0	0.00	0.06	97.66	5.38	23.27
0	0	86	2.41	3591	3394	0.19	2213	0	0	0.00	0.00	97.66	0.65	23.27
0	8	64	1.79	3601	3394	0.15	2161	0	0	0.00	0.00	98.28
1	1	118	3.27	3616	3394	0.46	2440	0	0	0.00	0.08	96.74	0.68
1	9	63	1.75	3567	3394	0.12	2144	0	0	0.00	0.00	98.32
2	2	65	1.83	3536	3394	0.11	2372	0	0	0.00	0.01	98.23	0.63
2	10	62	1.76	3528	3394	0.16	2199	0	0	0.00	0.00	98.32
3	3	82	2.31	3541	3394	0.20	3077	0	0	0.00	0.65	97.14	0.64
3	11	54	1.52	3542	3394	0.09	2017	0	0	0.00	0.00	98.55
4	4	78	2.20	3527	3394	0.17	2678	0	0	0.01	0.06	97.83	0.64
4	12	63	1.80	3522	3394	0.14	2196	0	0	0.00	0.02	98.26
5	5	77	2.19	3531	3394	0.24	2500	0	0	0.01	0.05	97.84	0.64
5	13	59	1.66	3540	3394	0.12	2018	0	0	0.00	0.00	98.41
6	6	59	1.67	3549	3394	0.14	2165	0	0	0.00	0.00	98.40	0.64
6	14	76	2.15	3543	3394	0.24	2275	0	0	0.00	0.00	97.93
7	7	202	5.57	3630	3394	0.76	2243	0	0	0.00	0.09	94.42	0.84
7	15	144	3.94	3657	3394	0.28	2606	0	0	0.00	0.04	96.09
Core	CPU	Avg_MHz	Busy%	Bzy_MHz	TSC_MHz	IPC	IRQ	NMI	SMI	POLL%	C1%	C2%	CorWatt	PkgWatt
-	-	255	6.14	4160	3385	1.02	39854	0	0	0.01	0.48	93.17	14.43	32.99
0	0	144	3.76	3834	3394	0.66	2442	0	0	0.00	0.63	95.67	1.40	33.09
0	8	134	3.43	3898	3394	0.76	2353	0	0	0.00	0.44	96.16
1	1	511	12.01	4256	3394	1.23	2520	0	0	0.00	0.14	87.89	2.10
1	9	186	4.47	4164	3394	1.12	2238	0	0	0.00	0.30	95.30
2	2	101	2.78	3641	3394	0.24	2821	0	0	0.00	1.11	96.20	1.22
2	10	71	1.96	3628	3394	0.16	2275	0	0	0.00	0.15	97.97
3	3	113	3.06	3701	3394	0.43	2962	0	0	0.13	0.81	96.19	1.28
3	11	103	2.78	3701	3394	0.66	2226	0	0	0.00	0.32	96.97
4	4	95	2.63	3615	3394	0.28	2704	0	0	0.00	0.43	97.02	1.25
4	12	107	2.83	3780	3394	0.43	2317	0	0	0.01	0.31	96.94
5	5	245	6.02	4070	3394	0.83	2643	0	0	0.00	0.97	93.10	1.65
5	13	182	4.48	4063	3394	0.67	2453	0	0	0.00	0.28	95.31
6	6	124	3.24	3838	3394	0.77	2367	0	0	0.00	0.24	96.47	1.29
6	14	105	2.83	3721	3394	0.36	2397	0	0	0.00	0.49	96.76
7	7	1762	39.15	4500	3394	1.38	2633	0	0	0.00	0.81	59.73	4.29
7	15	112	2.77	4036	3394	0.26	2503	0	0	0.00	0.31	97.01
Core	CPU	Avg_MHz	Busy%	Bzy_MHz	TSC_MHz	IPC	IRQ	NMI	SMI	POLL%	C1%	C2%	CorWatt	PkgWatt
-	-	370	8.58	4313	3402	0.71	41364	0	0	0.01	0.80	90.75	19.20	40.01
0	0	78	2.15	3621	3394	0.19	2465	0	0	0.00	0.79	97.13	1.51	39.95
0	8	79	2.18	3639	3394	0.32	2177	0	0	0.00	0.01	97.88
1	1	689	16.32	4220	3394	0.56	2618	0	0	0.01	0.85	82.85	2.29
1	9	78	2.05	3781	3394	0.13	2338	0	0	0.01	0.68	97.35
2	2	280	7.37	3800	3394	0.35	5277	0	0	0.01	4.78	87.55	1.71
2	10	64	1.74	3680	3394	0.29	2130	0	0	0.00	0.01	98.33
3	3	212	5.55	3819	3394	0.39	3082	0	0	0.13	1.49	92.67	1.65
3	11	58	1.59	3667	3394	0.15	2107	0	0	0.00	0.12	98.37
4	4	127	3.50	3632	3394	0.46	2932	0	0	0.00	1.69	94.89	1.57
4	12	58	1.61	3629	3394	0.15	2073	0	0	0.00	0.18	98.29
5	5	183	4.88	3763	3394	0.54	2666	0	0	0.00	0.36	94.76	1.89
5	13	139	3.41	4080	3394	1.02	2266	0	0	0.00	0.31	96.35
6	6	110	3.00	3666	3394	0.29	2353	0	0	0.00	0.20	96.83	1.53
6	14	63	1.74	3635	3394	0.20	2415	0	0	0.00	0.21	98.14
7	7	2640	57.46	4595	3394	0.80	2153	0	0	0.00	1.07	40.07	7.00
7	15	1053	22.84	4609	3394	1.06	2312	0	0	0.00	0.08	77.02
Core	CPU	Avg_MHz	Busy%	Bzy_MHz	TSC_MHz	IPC	IRQ	NMI	SMI	POLL%	C1%	C2%	CorWatt	PkgWatt
-	-	674	15.16	4449	3394	0.49	39993	1	0	0.01	0.09	84.84	25.66	46.18
0	0	151	3.78	3994	3394	0.46	2396	0	0	0.00	0.06	96.24	1.92	46.11
0	8	175	4.56	3833	3394	0.72	2328	0	0	0.00	0.02	95.49
1	1	866	19.15	4524	3394	0.51	2518	0	0	0.00	0.06	80.85	6.77
1	9	3404	75.04	4536	3394	0.56	2447	1	0	0.00	0.01	24.96
2	2	117	3.12	3735	3394	0.19	3391	0	0	0.00	0.33	96.64	1.75
2	10	121	3.00	4029	3394	0.43	2202	0	0	0.00	0.00	97.07
3	3	146	3.86	3792	3394	0.27	3278	0	0	0.15	0.31	95.92	1.89
3	11	120	2.98	4032	3394	0.42	2150	0	0	0.00	0.01	97.08
4	4	230	5.92	3886	3394	0.50	2829	0	0	0.00	0.10	94.06	1.91
4	12	144	3.51	4104	3394	0.39	2118	0	0	0.00	0.02	96.53
5	5	433	10.86	3991	3394	0.66	2637	0	0	0.00	0.10	89.12	2.42
5	13	177	4.26	4157	3394	0.40	2378	0	0	0.00	0.08	95.73
6	6	136	3.39	4023	3394	0.48	2211	0	0	0.00	0.00	96.68	1.67
6	14	67	1.78	3744	3394	0.12	2205	0	0	0.00	0.01	98.28
7	7	4351	94.08	4625	3394	0.45	2038	0	0	0.00	0.00	5.92	7.32
7	15	147	3.22	4555	3394	0.25	2867	0	0	0.00	0.33	96.51
Core	CPU	Avg_MHz	Busy%	Bzy_MHz	TSC_MHz	IPC	IRQ	NMI	SMI	POLL%	C1%	C2%	CorWatt	PkgWatt
-	-	634	14.20	4466	3394	0.48	38850	1	0	0.01	0.09	85.78	25.07	45.71
0	0	104	2.67	3893	3394	0.32	2098	0	0	0.00	0.00	97.39	1.68	45.71
0	8	68	1.84	3707	3394	0.26	2076	0	0	0.00	0.00	98.22
1	1	269	5.91	4545	3394	0.45	2247	0	0	0.00	0.01	94.13	6.88
1	9	4072	89.59	4545	3394	0.56	2795	0	0	0.00	0.11	10.32
2	2	105	2.83	3706	3394	0.21	3323	0	0	0.00	0.35	96.92	1.68
2	10	63	1.70	3702	3394	0.13	2208	0	0	0.00	0.00	98.37
3	3	74	2.01	3703	3394	0.15	2902	0	0	0.10	0.68	97.40	1.72
3	11	53	1.43	3700	3394	0.09	2012	0	0	0.00	0.00	98.64
4	4	253	6.80	3716	3394	0.68	2858	0	0	0.00	0.15	93.13	1.97
4	12	55	1.49	3702	3394	0.08	2011	0	0	0.00	0.00	98.58
5	5	243	6.56	3710	3394	0.70	2898	0	0	0.01	0.05	93.47	2.08
5	13	69	1.85	3703	3394	0.11	2397	0	0	0.00	0.01	98.22
6	6	58	1.57	3701	3394	0.16	2023	0	0	0.00	0.00	98.50	1.58
6	14	57	1.55	3701	3394	0.12	2268	0	0	0.00	0.01	98.51
7	7	4505	97.27	4632	3394	0.45	2030	1	0	0.00	0.00	2.73	7.47
7	15	95	2.07	4594	3394	0.20	2704	0	0	0.00	0.04	97.95
Core	CPU	Avg_MHz	Busy%	Bzy_MHz	TSC_MHz	IPC	IRQ	NMI	SMI	POLL%	C1%	C2%	CorWatt	PkgWatt
-	-	635	14.19	4477	3394	0.48	38675	0	0	0.01	0.06	85.82	25.39	45.92
0	0	150	4.05	3709	3394	0.72	2346	0	0	0.00	0.01	96.02	1.87	45.92
0	8	87	2.34	3706	3394	0.53	2171	0	0	0.00	0.00	97.73
1	1	1071	23.70	4519	3394	0.54	2377	0	0	0.00	0.06	76.29	6.80
1	9	3132	69.01	4538	3394	0.55	2710	0	0	0.00	0.10	30.91
2	2	89	2.41	3705	3394	0.22	3096	0	0	0.00	0.17	97.51	1.67
2	10	53	1.44	3701	3394	0.09	2020	0	0	0.00	0.00	98.63
3	3	84	2.26	3705	3394	0.16	2835	0	0	0.20	0.34	97.47	1.76
3	11	57	1.54	3702	3394	0.13	2074	0	0	0.00	0.00	98.54
4	4	67	1.80	3703	3394	0.14	2489	0	0	0.00	0.02	98.26	1.63
4	12	53	1.42	3701	3394	0.08	2013	0	0	0.00	0.00	98.65
5	5	257	6.77	3798	3394	0.67	2641	0	0	0.00	0.08	93.24	2.12
5	13	71	1.91	3710	3394	0.15	2371	0	0	0.00	0.06	98.10
6	6	85	2.30	3705	3394	0.41	2107	0	0	0.00	0.00	97.76	1.66
6	14	58	1.58	3702	3394	0.11	2275	0	0	0.00	0.06	98.43
7	7	4635	99.88	4640	3394	0.45	2013	0	0	0.00	0.00	0.12	7.87
7	15	212	4.58	4636	3394	0.30	3137	0	0	0.01	0.09	95.41
Core	CPU	Avg_MHz	Busy%	Bzy_MHz	TSC_MHz	IPC	IRQ	NMI	SMI	POLL%	C1%	C2%	CorWatt	PkgWatt
-	-	637	14.26	4466	3393	0.48	38588	1	0	0.01	0.06	85.72	24.82	45.49
0	0	154	4.14	3709	3394	0.59	2523	0	0	0.00	0.01	95.92	1.77	45.55
0	8	69	1.86	3704	3394	0.16	2168	0	0	0.00	0.00	98.21
1	1	4604	99.34	4634	3394	0.45	2042	0	0	0.00	0.00	0.66	7.42
1	9	96	2.08	4622	3394	0.24	2518	0	0	0.00	0.16	97.82
2	2	90	2.42	3706	3394	0.21	3210	0	0	0.00	0.29	97.38	1.64
2	10	56	1.52	3703	3394	0.09	2102	0	0	0.00	0.01	98.54
3	3	85	2.31	3706	3394	0.16	3016	0	0	0.18	0.30	97.48	1.75
3	11	73	1.98	3705	3394	0.18	2348	0	0	0.00	0.03	98.08
4	4	488	11.54	4232	3394	0.54	2445	0	0	0.00	0.05	88.48	2.20
4	12	55	1.46	3752	3394	0.08	2018	0	0	0.00	0.00	98.60
5	5	155	4.17	3709	3394	0.58	2597	0	0	0.00	0.02	95.90	1.89
5	13	62	1.68	3703	3394	0.11	2209	0	0	0.00	0.03	98.36
6	6	127	3.42	3708	3394	0.56	2463	0	0	0.01	0.01	96.66	1.72
6	14	62	1.69	3704	3394	0.11	2217	0	0	0.00	0.09	98.30
7	7	1495	32.94	4540	3394	0.54	2210	0	0	0.00	0.01	67.09	6.44
7	15	2524	55.68	4533	3394	0.55	2502	1	0	0.00	0.02	44.34
Core	CPU	Avg_MHz	Busy%	Bzy_MHz	TSC_MHz	IPC	IRQ	NMI	SMI	POLL%	C1%	C2%	CorWatt	PkgWatt
-	-	633	14.17	4471	3394	0.49	38569	0	0	0.02	0.03	85.89	24.85	45.44
0	0	68	1.83	3704	3394	0.14	2309	0	0	0.00	0.02	98.23	1.60	45.39
0	8	71	1.92	3704	3394	0.17	2449	0	0	0.00	0.04	98.13
1	1	56	1.21	4625	3394	0.08	2010	0	0	0.00	0.00	98.83	7.47
1	9	4641	100.00	4641	3394	0.45	2290	0	0	0.00	0.00	0.00
2	2	76	2.06	3705	3394	0.15	3121	0	0	0.00	0.16	97.87	1.62
2	10	65	1.76	3704	3394	0.13	2419	0	0	0.00	0.05	98.27
3	3	82	2.20	3705	3394	0.14	2720	0	0	0.30	0.03	97.85	1.73
3	11	60	1.62	3703	3394	0.14	2280	0	0	0.00	0.02	98.44
4	4	138	3.73	3709	3394	0.72	2634	0	0	0.00	0.03	96.33	1.74
4	12	53	1.44	3702	3394	0.08	2015	0	0	0.00	0.00	98.63
5	5	314	8.46	3711	3394	0.65	3034	0	0	0.02	0.02	91.61	2.20
5	13	59	1.58	3703	3394	0.10	2015	0	0	0.00	0.00	98.49
6	6	134	3.62	3708	3394	0.63	2611	0	0	0.00	0.03	96.44	1.73
6	14	62	1.67	3703	3394	0.11	2145	0	0	0.00	0.01	98.39
7	7	72	1.61	4459	3394	0.18	2207	0	0	0.00	0.02	98.43	6.75
7	15	4185	92.05	4546	3394	0.56	2310	0	0	0.01	0.02	7.94
Core	CPU	Avg_MHz	Busy%	Bzy_MHz	TSC_MHz	IPC	IRQ	NMI	SMI	POLL%	C1%	C2%	CorWatt	PkgWatt
-	-	634	14.19	4470	3394	0.48	38806	2	0	0.01	0.06	85.82	24.98	45.45
0	0	63	1.70	3703	3394	0.12	2383	0	0	0.01	0.02	98.35	1.61	45.45
0	8	69	1.86	3704	3394	0.17	2401	0	0	0.00	0.01	98.21
1	1	61	1.32	4626	3394	0.12	2047	0	0	0.00	0.00	98.73	7.50
1	9	4641	100.00	4641	3394	0.45	2308	1	0	0.00	0.00	0.00
2	2	78	2.10	3705	3394	0.13	3165	0	0	0.00	0.30	97.69	1.62
2	10	58	1.56	3703	3394	0.12	2191	0	0	0.00	0.01	98.50
3	3	78	2.11	3705	3394	0.14	2949	0	0	0.09	0.36	97.62	1.75
3	11	63	1.69	3703	3394	0.12	2265	0	0	0.00	0.02	98.37
4	4	153	4.12	3709	3394	0.48	3021	0	0	0.00	0.06	95.91	1.76
4	12	54	1.45	3702	3394	0.08	2012	0	0	0.00	0.00	98.62
5	5	295	7.94	3711	3394	0.67	3054	1	0	0.01	0.06	92.09	2.18
5	13	59	1.59	3703	3394	0.09	2016	0	0	0.00	0.00	98.48
6	6	143	3.87	3709	3394	0.67	2520	0	0	0.00	0.04	96.17	1.75
6	14	54	1.46	3702	3394	0.08	2018	0	0	0.00	0.00	98.61
7	7	95	2.11	4490	3394	0.39	2191	0	0	0.00	0.01	97.94	6.81
7	15	4184	92.11	4543	3394	0.56	2265	0	0	0.00	0.01	7.89
Core	CPU	Avg_MHz	Busy%	Bzy_MHz	TSC_MHz	IPC	IRQ	NMI	SMI	POLL%	C1%	C2%	CorWatt	PkgWatt
-	-	679	15.21	4464	3393	0.49	39512	1	0	0.01	0.04	84.81	25.82	46.25
0	0	90	2.43	3718	3394	0.31	2462	0	0	0.00	0.05	97.60	1.67	46.26
0	8	88	2.37	3704	3394	0.19	2681	0	0	0.00	0.05	97.66
1	1	4635	99.90	4640	3394	0.45	2019	1	0	0.00	0.00	0.10	7.59
1	9	148	3.21	4613	3394	0.35	2467	0	0	0.00	0.03	96.81
2	2	157	3.92	4002	3394	0.39	3388	0	0	0.01	0.13	96.05	1.77
2	10	125	3.08	4054	3394	0.31	2181	0	0	0.00	0.00	96.99
3	3	105	2.82	3715	3394	0.26	2853	0	0	0.16	0.05	97.21	1.80
3	11	70	1.90	3701	3394	0.15	2290	0	0	0.00	0.11	98.07
4	4	188	5.05	3728	3394	0.62	2827	0	0	0.00	0.07	94.96	1.95
4	12	136	3.33	4066	3394	0.44	2174	0	0	0.00	0.01	96.73
5	5	413	10.64	3879	3394	0.71	2894	0	0	0.00	0.09	89.35	2.43
5	13	141	3.41	4120	3394	0.35	2124	0	0	0.00	0.00	96.65
6	6	167	4.12	4061	3394	0.44	2409	0	0	0.00	0.05	95.90	1.75
6	14	67	1.79	3737	3394	0.12	2171	0	0	0.00	0.01	98.28
7	7	145	3.21	4520	3394	0.34	2304	0	0	0.00	0.04	96.80	6.87
7	15	4191	92.21	4545	3394	0.56	2268	0	0	0.00	0.01	7.79
Core	CPU	Avg_MHz	Busy%	Bzy_MHz	TSC_MHz	IPC	IRQ	NMI	SMI	POLL%	C1%	C2%	CorWatt	PkgWatt
-	-	636	14.24	4468	3394	0.48	38342	0	0	0.01	0.03	85.80	25.20	45.74
0	0	108	2.76	3900	3394	0.28	2381	0	0	0.00	0.02	97.30	1.73	45.73
0	8	93	2.50	3723	3394	0.37	2635	0	0	0.00	0.12	97.46
1	1	4572	98.58	4638	3394	0.44	2017	0	0	0.00	0.00	1.42	7.46
1	9	81	1.75	4612	3394	0.14	2485	0	0	0.01	0.02	98.30
2	2	96	2.53	3770	3394	0.21	3024	0	0	0.02	0.05	97.50	1.66
2	10	52	1.41	3704	3394	0.09	2010	0	0	0.00	0.00	98.66
3	3	86	2.31	3706	3394	0.23	2712	0	0	0.11	0.03	97.74	1.80
3	11	71	1.91	3705	3394	0.16	2304	0	0	0.00	0.01	98.16
4	4	190	5.12	3710	3394	0.38	3049	0	0	0.00	0.04	94.92	1.85
4	12	59	1.60	3703	3394	0.10	2256	0	0	0.00	0.02	98.46
5	5	285	7.69	3711	3394	0.89	2589	0	0	0.00	0.13	92.27	2.21
5	13	62	1.67	3704	3394	0.11	2065	0	0	0.00	0.00	98.40
6	6	59	1.60	3703	3394	0.11	2026	0	0	0.00	0.00	98.47	1.63
6	14	75	2.02	3705	3394	0.23	2390	0	0	0.00	0.00	98.06
7	7	1076	23.63	4551	3394	0.54	2172	0	0	0.00	0.02	76.39	6.86
7	15	3215	70.73	4545	3394	0.56	2227	0	0	0.00	0.01	29.27
Core	CPU	Avg_MHz	Busy%	Bzy_MHz	TSC_MHz	IPC	IRQ	NMI	SMI	POLL%	C1%	C2%	CorWatt	PkgWatt
-	-	564	12.71	4437	3394	0.48	38216	0	0	0.01	0.05	87.31	23.19	43.18
0	0	116	3.02	3828	3394	0.41	2101	0	0	0.00	0.00	97.05	1.63	43.18
0	8	69	1.87	3688	3394	0.13	2612	0	0	0.00	0.18	98.03
1	1	3429	75.08	4567	3394	0.51	2174	0	0	0.00	0.01	24.93	5.89
1	9	76	1.76	4326	3394	0.14	2454	0	0	0.01	0.02	98.28
2	2	136	3.60	3782	3394	0.45	2990	0	0	0.00	0.07	96.42	1.67
2	10	53	1.44	3685	3394	0.09	2013	0	0	0.00	0.00	98.63
3	3	90	2.44	3687	3394	0.20	2916	0	0	0.16	0.09	97.55	1.69
3	11	69	1.87	3689	3394	0.15	2307	0	0	0.00	0.17	98.04
4	4	214	5.70	3758	3394	0.55	2864	0	0	0.00	0.07	94.32	1.82
4	12	62	1.69	3689	3394	0.10	2233	0	0	0.00	0.04	98.35
5	5	505	12.17	4147	3394	0.53	2776	0	0	0.00	0.04	87.87	2.32
5	13	63	1.70	3732	3394	0.10	2117	0	0	0.00	0.00	98.37
6	6	86	2.34	3690	3394	0.32	2167	0	0	0.00	0.00	97.73	1.60
6	14	72	1.96	3697	3394	0.26	2192	0	0	0.00	0.00	98.11
7	7	3918	85.29	4594	3394	0.49	2176	0	0	0.00	0.02	14.71	6.59
7	15	62	1.41	4397	3394	0.11	2124	0	0	0.00	0.01	98.64
Core	CPU	Avg_MHz	Busy%	Bzy_MHz	TSC_MHz	IPC	IRQ	NMI	SMI	POLL%	C1%	C2%	CorWatt	PkgWatt
-	-	120	3.29	3643	3394	0.34	42435	0	0	0.01	0.29	96.51	6.84	25.74
0	0	243	6.70	3619	3394	0.28	3772	0	0	0.00	0.47	92.96	0.98	25.74
0	8	180	4.95	3633	3394	0.28	2987	0	0	0.01	0.36	94.80
1	1	277	7.33	3782	3394	0.77	2556	0	0	0.00	0.04	92.71	1.02
1	9	90	2.49	3631	3394	0.18	3248	0	0	0.00	0.42	97.20
2	2	101	2.84	3538	3394	0.26	2894	0	0	0.00	1.15	96.11	0.81
2	10	104	2.95	3527	3394	0.19	3024	0	0	0.00	0.00	97.14
3	3	89	2.52	3529	3394	0.17	2790	0	0	0.22	0.47	97.10	0.75
3	11	57	1.61	3531	3394	0.10	2108	0	0	0.00	0.03	98.44
4	4	82	2.31	3538	3394	0.20	2565	0	0	0.00	0.32	97.45	0.79
4	12	80	2.13	3746	3394	0.37	2035	0	0	0.00	0.00	97.95
5	5	106	2.88	3668	3394	0.28	2615	0	0	0.00	0.42	96.79	0.90
5	13	141	3.57	3956	3394	0.49	2248	0	0	0.00	0.20	96.31
6	6	109	3.07	3556	3394	0.32	2630	0	0	0.00	0.54	96.47	0.79
6	14	67	1.90	3553	3394	0.22	2121	0	0	0.00	0.07	98.11
7	7	139	3.87	3583	3394	0.32	2802	0	0	0.00	0.10	96.10	0.80
7	15	55	1.54	3552	3394	0.10	2040	0	0	0.00	0.00	98.53
