1784080973
amdgpu-pci-0700
Adapter: PCI adapter
vddgfx:      198.00 mV 
fan1:           0 RPM  (min =    0 RPM, max = 3600 RPM)
edge:         +44.0°C  (crit = +110.0°C, hyst = -273.1°C)
                       (emerg = +115.0°C)
junction:     +45.0°C  (crit = +110.0°C, hyst = -273.1°C)
                       (emerg = +115.0°C)
mem:          +52.0°C  (crit = +105.0°C, hyst = -273.1°C)
                       (emerg = +110.0°C)
PPT:           4.00 W  (cap = 145.00 W)

nvme-pci-0100
Adapter: PCI adapter
Composite:    +32.9°C  (low  = -273.1°C, high = +89.8°C)
                       (crit = +94.8°C)
Sensor 1:     +33.9°C  (low  = -273.1°C, high = +65261.8°C)
Sensor 2:     +31.9°C  (low  = -273.1°C, high = +65261.8°C)

k10temp-pci-00c3
Adapter: PCI adapter
Tctl:         +44.9°C  
Tccd1:        +42.2°C  

1784080975
amdgpu-pci-0700
Adapter: PCI adapter
vddgfx:      577.00 mV 
fan1:           0 RPM  (min =    0 RPM, max = 3600 RPM)
edge:         +44.0°C  (crit = +110.0°C, hyst = -273.1°C)
                       (emerg = +115.0°C)
junction:     +45.0°C  (crit = +110.0°C, hyst = -273.1°C)
                       (emerg = +115.0°C)
mem:          +53.0°C  (crit = +105.0°C, hyst = -273.1°C)
                       (emerg = +110.0°C)
PPT:           8.00 W  (cap = 145.00 W)

nvme-pci-0100
Adapter: PCI adapter
Composite:    +32.9°C  (low  = -273.1°C, high = +89.8°C)
                       (crit = +94.8°C)
Sensor 1:     +33.9°C  (low  = -273.1°C, high = +65261.8°C)
Sensor 2:     +31.9°C  (low  = -273.1°C, high = +65261.8°C)

k10temp-pci-00c3
Adapter: PCI adapter
Tctl:         +45.1°C  
Tccd1:        +42.0°C  

1784080977
amdgpu-pci-0700
Adapter: PCI adapter
vddgfx:      506.00 mV 
fan1:           0 RPM  (min =    0 RPM, max = 3600 RPM)
edge:         +45.0°C  (crit = +110.0°C, hyst = -273.1°C)
                       (emerg = +115.0°C)
junction:     +46.0°C  (crit = +110.0°C, hyst = -273.1°C)
                       (emerg = +115.0°C)
mem:          +53.0°C  (crit = +105.0°C, hyst = -273.1°C)
                       (emerg = +110.0°C)
PPT:          13.00 W  (cap = 145.00 W)

nvme-pci-0100
Adapter: PCI adapter
Composite:    +32.9°C  (low  = -273.1°C, high = +89.8°C)
                       (crit = +94.8°C)
Sensor 1:     +33.9°C  (low  = -273.1°C, high = +65261.8°C)
Sensor 2:     +31.9°C  (low  = -273.1°C, high = +65261.8°C)

k10temp-pci-00c3
Adapter: PCI adapter
Tctl:         +60.1°C  
Tccd1:        +51.0°C  

1784080979
amdgpu-pci-0700
Adapter: PCI adapter
vddgfx:      838.00 mV 
fan1:         392 RPM  (min =    0 RPM, max = 3600 RPM)
edge:         +52.0°C  (crit = +110.0°C, hyst = -273.1°C)
                       (emerg = +115.0°C)
junction:     +65.0°C  (crit = +110.0°C, hyst = -273.1°C)
                       (emerg = +115.0°C)
mem:          +60.0°C  (crit = +105.0°C, hyst = -273.1°C)
                       (emerg = +110.0°C)
PPT:          82.00 W  (cap = 145.00 W)

nvme-pci-0100
Adapter: PCI adapter
Composite:    +32.9°C  (low  = -273.1°C, high = +89.8°C)
                       (crit = +94.8°C)
Sensor 1:     +33.9°C  (low  = -273.1°C, high = +65261.8°C)
Sensor 2:     +31.9°C  (low  = -273.1°C, high = +65261.8°C)

k10temp-pci-00c3
Adapter: PCI adapter
Tctl:         +60.8°C  
Tccd1:        +60.2°C  

1784080981
amdgpu-pci-0700
Adapter: PCI adapter
vddgfx:        1.02 V  
fan1:        1132 RPM  (min =    0 RPM, max = 3600 RPM)
edge:         +60.0°C  (crit = +110.0°C, hyst = -273.1°C)
                       (emerg = +115.0°C)
junction:     +86.0°C  (crit = +110.0°C, hyst = -273.1°C)
                       (emerg = +115.0°C)
mem:          +64.0°C  (crit = +105.0°C, hyst = -273.1°C)
                       (emerg = +110.0°C)
PPT:         138.00 W  (cap = 145.00 W)

nvme-pci-0100
Adapter: PCI adapter
Composite:    +32.9°C  (low  = -273.1°C, high = +89.8°C)
                       (crit = +94.8°C)
Sensor 1:     +33.9°C  (low  = -273.1°C, high = +65261.8°C)
Sensor 2:     +31.9°C  (low  = -273.1°C, high = +65261.8°C)

k10temp-pci-00c3
Adapter: PCI adapter
Tctl:         +60.8°C  
Tccd1:        +60.2°C  

1784080983
amdgpu-pci-0700
Adapter: PCI adapter
vddgfx:        1.03 V  
fan1:        1067 RPM  (min =    0 RPM, max = 3600 RPM)
edge:         +62.0°C  (crit = +110.0°C, hyst = -273.1°C)
                       (emerg = +115.0°C)
junction:     +91.0°C  (crit = +110.0°C, hyst = -273.1°C)
                       (emerg = +115.0°C)
mem:          +66.0°C  (crit = +105.0°C, hyst = -273.1°C)
                       (emerg = +110.0°C)
PPT:         144.00 W  (cap = 145.00 W)

nvme-pci-0100
Adapter: PCI adapter
Composite:    +32.9°C  (low  = -273.1°C, high = +89.8°C)
                       (crit = +94.8°C)
Sensor 1:     +33.9°C  (low  = -273.1°C, high = +65261.8°C)
Sensor 2:     +31.9°C  (low  = -273.1°C, high = +65261.8°C)

k10temp-pci-00c3
Adapter: PCI adapter
Tctl:         +60.8°C  
Tccd1:        +59.2°C  

1784080985
amdgpu-pci-0700
Adapter: PCI adapter
vddgfx:        1.04 V  
fan1:         993 RPM  (min =    0 RPM, max = 3600 RPM)
edge:         +63.0°C  (crit = +110.0°C, hyst = -273.1°C)
                       (emerg = +115.0°C)
junction:     +91.0°C  (crit = +110.0°C, hyst = -273.1°C)
                       (emerg = +115.0°C)
mem:          +68.0°C  (crit = +105.0°C, hyst = -273.1°C)
                       (emerg = +110.0°C)
PPT:         144.00 W  (cap = 145.00 W)

nvme-pci-0100
Adapter: PCI adapter
Composite:    +33.9°C  (low  = -273.1°C, high = +89.8°C)
                       (crit = +94.8°C)
Sensor 1:     +33.9°C  (low  = -273.1°C, high = +65261.8°C)
Sensor 2:     +31.9°C  (low  = -273.1°C, high = +65261.8°C)

k10temp-pci-00c3
Adapter: PCI adapter
Tctl:         +60.8°C  
Tccd1:        +61.2°C  

1784080987
amdgpu-pci-0700
Adapter: PCI adapter
vddgfx:        1.03 V  
fan1:        1051 RPM  (min =    0 RPM, max = 3600 RPM)
edge:         +65.0°C  (crit = +110.0°C, hyst = -273.1°C)
                       (emerg = +115.0°C)
junction:     +93.0°C  (crit = +110.0°C, hyst = -273.1°C)
                       (emerg = +115.0°C)
mem:          +70.0°C  (crit = +105.0°C, hyst = -273.1°C)
                       (emerg = +110.0°C)
PPT:         144.00 W  (cap = 145.00 W)

nvme-pci-0100
Adapter: PCI adapter
Composite:    +32.9°C  (low  = -273.1°C, high = +89.8°C)
                       (crit = +94.8°C)
Sensor 1:     +34.9°C  (low  = -273.1°C, high = +65261.8°C)
Sensor 2:     +31.9°C  (low  = -273.1°C, high = +65261.8°C)

k10temp-pci-00c3
Adapter: PCI adapter
Tctl:         +61.0°C  
Tccd1:        +61.2°C  

1784080989
amdgpu-pci-0700
Adapter: PCI adapter
vddgfx:        1.03 V  
fan1:        1164 RPM  (min =    0 RPM, max = 3600 RPM)
edge:         +66.0°C  (crit = +110.0°C, hyst = -273.1°C)
                       (emerg = +115.0°C)
junction:     +94.0°C  (crit = +110.0°C, hyst = -273.1°C)
                       (emerg = +115.0°C)
mem:          +71.0°C  (crit = +105.0°C, hyst = -273.1°C)
                       (emerg = +110.0°C)
PPT:         144.00 W  (cap = 145.00 W)

nvme-pci-0100
Adapter: PCI adapter
Composite:    +33.9°C  (low  = -273.1°C, high = +89.8°C)
                       (crit = +94.8°C)
Sensor 1:     +33.9°C  (low  = -273.1°C, high = +65261.8°C)
Sensor 2:     +31.9°C  (low  = -273.1°C, high = +65261.8°C)

k10temp-pci-00c3
Adapter: PCI adapter
Tctl:         +61.5°C  
Tccd1:        +63.0°C  

1784080991
amdgpu-pci-0700
Adapter: PCI adapter
vddgfx:        1.03 V  
fan1:        1291 RPM  (min =    0 RPM, max = 3600 RPM)
edge:         +67.0°C  (crit = +110.0°C, hyst = -273.1°C)
                       (emerg = +115.0°C)
junction:     +95.0°C  (crit = +110.0°C, hyst = -273.1°C)
                       (emerg = +115.0°C)
mem:          +72.0°C  (crit = +105.0°C, hyst = -273.1°C)
                       (emerg = +110.0°C)
PPT:         144.00 W  (cap = 145.00 W)

nvme-pci-0100
Adapter: PCI adapter
Composite:    +32.9°C  (low  = -273.1°C, high = +89.8°C)
                       (crit = +94.8°C)
Sensor 1:     +34.9°C  (low  = -273.1°C, high = +65261.8°C)
Sensor 2:     +31.9°C  (low  = -273.1°C, high = +65261.8°C)

k10temp-pci-00c3
Adapter: PCI adapter
Tctl:         +62.4°C  
Tccd1:        +61.5°C  

1784080993
amdgpu-pci-0700
Adapter: PCI adapter
vddgfx:        1.03 V  
fan1:        1411 RPM  (min =    0 RPM, max = 3600 RPM)
edge:         +68.0°C  (crit = +110.0°C, hyst = -273.1°C)
                       (emerg = +115.0°C)
junction:     +96.0°C  (crit = +110.0°C, hyst = -273.1°C)
                       (emerg = +115.0°C)
mem:          +73.0°C  (crit = +105.0°C, hyst = -273.1°C)
                       (emerg = +110.0°C)
PPT:         144.00 W  (cap = 145.00 W)

nvme-pci-0100
Adapter: PCI adapter
Composite:    +33.9°C  (low  = -273.1°C, high = +89.8°C)
                       (crit = +94.8°C)
Sensor 1:     +33.9°C  (low  = -273.1°C, high = +65261.8°C)
Sensor 2:     +31.9°C  (low  = -273.1°C, high = +65261.8°C)

k10temp-pci-00c3
Adapter: PCI adapter
Tctl:         +62.2°C  
Tccd1:        +61.8°C  

1784080995
amdgpu-pci-0700
Adapter: PCI adapter
vddgfx:        1.03 V  
fan1:        1523 RPM  (min =    0 RPM, max = 3600 RPM)
edge:         +68.0°C  (crit = +110.0°C, hyst = -273.1°C)
                       (emerg = +115.0°C)
junction:     +96.0°C  (crit = +110.0°C, hyst = -273.1°C)
                       (emerg = +115.0°C)
mem:          +74.0°C  (crit = +105.0°C, hyst = -273.1°C)
                       (emerg = +110.0°C)
PPT:         144.00 W  (cap = 145.00 W)

nvme-pci-0100
Adapter: PCI adapter
Composite:    +34.9°C  (low  = -273.1°C, high = +89.8°C)
                       (crit = +94.8°C)
Sensor 1:     +34.9°C  (low  = -273.1°C, high = +65261.8°C)
Sensor 2:     +31.9°C  (low  = -273.1°C, high = +65261.8°C)

k10temp-pci-00c3
Adapter: PCI adapter
Tctl:         +62.1°C  
Tccd1:        +62.0°C  

1784080997
amdgpu-pci-0700
Adapter: PCI adapter
vddgfx:        1.03 V  
fan1:        1627 RPM  (min =    0 RPM, max = 3600 RPM)
edge:         +69.0°C  (crit = +110.0°C, hyst = -273.1°C)
                       (emerg = +115.0°C)
junction:     +97.0°C  (crit = +110.0°C, hyst = -273.1°C)
                       (emerg = +115.0°C)
mem:          +76.0°C  (crit = +105.0°C, hyst = -273.1°C)
                       (emerg = +110.0°C)
PPT:         144.00 W  (cap = 145.00 W)

nvme-pci-0100
Adapter: PCI adapter
Composite:    +33.9°C  (low  = -273.1°C, high = +89.8°C)
                       (crit = +94.8°C)
Sensor 1:     +34.9°C  (low  = -273.1°C, high = +65261.8°C)
Sensor 2:     +31.9°C  (low  = -273.1°C, high = +65261.8°C)

k10temp-pci-00c3
Adapter: PCI adapter
Tctl:         +62.2°C  
Tccd1:        +61.8°C  

1784080999
amdgpu-pci-0700
Adapter: PCI adapter
vddgfx:      678.00 mV 
fan1:        1731 RPM  (min =    0 RPM, max = 3600 RPM)
edge:         +66.0°C  (crit = +110.0°C, hyst = -273.1°C)
                       (emerg = +115.0°C)
junction:     +84.0°C  (crit = +110.0°C, hyst = -273.1°C)
                       (emerg = +115.0°C)
mem:          +74.0°C  (crit = +105.0°C, hyst = -273.1°C)
                       (emerg = +110.0°C)
PPT:          91.00 W  (cap = 145.00 W)

nvme-pci-0100
Adapter: PCI adapter
Composite:    +34.9°C  (low  = -273.1°C, high = +89.8°C)
                       (crit = +94.8°C)
Sensor 1:     +34.9°C  (low  = -273.1°C, high = +65261.8°C)
Sensor 2:     +31.9°C  (low  = -273.1°C, high = +65261.8°C)

k10temp-pci-00c3
Adapter: PCI adapter
Tctl:         +61.0°C  
Tccd1:        +43.5°C  

1784081001
amdgpu-pci-0700
Adapter: PCI adapter
vddgfx:      328.00 mV 
fan1:        1822 RPM  (min =    0 RPM, max = 3600 RPM)
edge:         +56.0°C  (crit = +110.0°C, hyst = -273.1°C)
                       (emerg = +115.0°C)
junction:     +57.0°C  (crit = +110.0°C, hyst = -273.1°C)
                       (emerg = +115.0°C)
mem:          +66.0°C  (crit = +105.0°C, hyst = -273.1°C)
                       (emerg = +110.0°C)
PPT:           7.00 W  (cap = 145.00 W)

nvme-pci-0100
Adapter: PCI adapter
Composite:    +33.9°C  (low  = -273.1°C, high = +89.8°C)
                       (crit = +94.8°C)
Sensor 1:     +34.9°C  (low  = -273.1°C, high = +65261.8°C)
Sensor 2:     +31.9°C  (low  = -273.1°C, high = +65261.8°C)

k10temp-pci-00c3
Adapter: PCI adapter
Tctl:         +57.9°C  
Tccd1:        +51.0°C  

