turbostat version 2025.09.09 - Len Brown <lenb@kernel.org>
Kernel command line: BOOT_IMAGE=/boot/vmlinuz-6.17.0-35-generic root=UUID=37e0ef02-2557-4d29-8187-72bb5e6547ba ro quiet splash vt.handoff=7
CPUID(0): AuthenticAMD 0x10 CPUID levels
CPUID(1): family:model:stepping 0x19:21:2 (25:33:2) microcode 0x0
CPUID(0x80000000): max_extended_levels: 0x80000023
CPUID(1): SSE3 MONITOR - - - TSC MSR - HT -
CPUID(6): APERF, No-TURBO, No-DTS, No-PTM, No-HWP, No-HWPnotify, No-HWPwindow, No-HWPepp, No-HWPpkg, No-EPB
CPUID(7): No-SGX No-Hybrid
cpu0: cpufreq driver: amd-pstate-epp
cpu0: cpufreq governor: powersave
cpufreq boost: 1
/dev/cpu_dma_latency: 2000000000 usec (default)
current_driver: acpi_idle
current_governor: menu
current_governor_ro: menu
cpu0: POLL: CPUIDLE CORE POLL IDLE
cpu0: C1: ACPI FFH MWAIT 0x0
cpu0: C2: ACPI IOPORT 0x414
RAPL: 234 sec. Joule Counter Range, at 280 Watts
intel-rapl:0: package-0 disabled
intel-rapl:0/intel-rapl:0:0: core disabled
cpu0: MSR_RAPL_PWR_UNIT: 0x000a1003 (0.125000 Watts, 0.000015 Joules, 0.000977 sec.)
Core	CPU	Avg_MHz	Busy%	Bzy_MHz	TSC_MHz	IPC	IRQ	NMI	SMI	POLL%	C1%	C2%	CorWatt	PkgWatt
-	-	88	2.41	3650	3394	0.40	37384	0	0	0.00	0.19	97.47	5.74	24.49
0	0	79	2.16	3644	3394	0.28	2088	0	0	0.01	0.04	97.88	0.71	24.48
0	8	92	2.55	3595	3394	0.41	2366	0	0	0.00	0.00	97.53
1	1	109	2.92	3725	3394	0.48	2279	0	0	0.00	0.22	96.94	0.72
1	9	75	2.08	3583	3394	0.28	2641	0	0	0.00	0.13	97.88
2	2	70	1.98	3558	3394	0.14	2401	0	0	0.00	0.49	97.62	0.68
2	10	74	2.07	3576	3394	0.20	2517	0	0	0.00	0.09	97.85
3	3	68	1.92	3565	3394	0.20	2701	0	0	0.00	1.30	96.87	0.66
3	11	52	1.47	3557	3394	0.12	2060	0	0	0.00	0.00	98.60
4	4	114	3.17	3605	3394	0.34	2744	0	0	0.00	0.02	96.89	0.71
4	12	68	1.88	3598	3394	0.16	2208	0	0	0.00	0.12	98.08
5	5	69	1.95	3570	3394	0.21	2383	0	0	0.00	0.03	98.10	0.68
5	13	69	1.91	3604	3394	0.26	2132	0	0	0.00	0.07	98.10
6	6	64	1.79	3567	3394	0.13	2132	0	0	0.00	0.40	97.89	0.66
6	14	63	1.77	3565	3394	0.21	2064	0	0	0.00	0.04	98.26
7	7	168	4.44	3795	3394	0.66	2447	0	0	0.00	0.07	95.55	0.91
7	15	175	4.55	3838	3394	0.97	2221	0	0	0.00	0.06	95.47
Core	CPU	Avg_MHz	Busy%	Bzy_MHz	TSC_MHz	IPC	IRQ	NMI	SMI	POLL%	C1%	C2%	CorWatt	PkgWatt
-	-	169	4.42	3816	3394	0.87	46013	0	0	0.01	0.48	95.18	9.01	27.53
0	0	97	2.62	3709	3394	0.47	2492	0	0	0.00	0.16	97.29	0.94	27.53
0	8	109	3.03	3609	3394	0.64	2627	0	0	0.01	0.25	96.80
1	1	347	8.78	3954	3394	1.16	3056	0	0	0.00	0.23	91.07	1.44
1	9	200	4.95	4040	3394	1.04	3198	0	0	0.00	0.60	94.55
2	2	102	2.86	3585	3394	0.35	3094	0	0	0.00	1.66	95.58	0.95
2	10	116	3.21	3608	3394	0.64	3178	0	0	0.00	0.16	96.69
3	3	135	3.62	3730	3394	0.57	3034	0	0	0.11	0.63	95.84	0.99
3	11	110	3.06	3589	3394	0.54	3398	0	0	0.00	0.59	96.46
4	4	98	2.71	3630	3394	0.56	2396	0	0	0.00	0.30	97.07	0.90
4	12	74	2.06	3595	3394	0.33	2291	0	0	0.00	0.72	97.30
5	5	103	2.85	3621	3394	0.45	2462	0	0	0.00	0.21	97.03	0.99
5	13	154	4.29	3602	3394	0.52	2611	0	0	0.00	0.12	95.68
6	6	92	2.58	3588	3394	0.45	2706	0	0	0.00	0.09	97.42	0.98
6	14	126	3.34	3761	3394	0.77	2736	0	0	0.00	0.49	96.24
7	7	581	14.25	4077	3394	1.34	3807	0	0	0.00	1.25	84.59	1.83
7	15	254	6.55	3875	3394	0.99	2927	0	0	0.00	0.22	93.33
Core	CPU	Avg_MHz	Busy%	Bzy_MHz	TSC_MHz	IPC	IRQ	NMI	SMI	POLL%	C1%	C2%	CorWatt	PkgWatt
-	-	344	8.01	4296	3393	1.32	42135	1	0	0.01	1.07	90.80	19.13	39.12
0	0	119	3.17	3759	3394	0.61	2374	0	0	0.00	0.61	96.20	1.61	39.12
0	8	99	2.71	3660	3394	0.58	2565	0	0	0.00	0.56	96.81
1	1	3152	68.54	4599	3394	1.73	2448	1	0	0.00	0.50	30.49	6.76
1	9	217	4.90	4431	3394	0.68	2722	0	0	0.00	1.06	93.89
2	2	272	7.22	3762	3394	0.44	4871	0	0	0.01	4.72	87.48	1.73
2	10	88	2.36	3716	3394	0.29	2364	0	0	0.00	0.48	97.22
3	3	213	5.65	3771	3394	0.47	2778	0	0	0.12	0.66	93.44	1.74
3	11	74	1.99	3691	3394	0.36	2239	0	0	0.00	1.00	97.09
4	4	116	3.18	3645	3394	0.41	3054	0	0	0.00	0.95	95.77	1.58
4	12	78	2.14	3626	3394	0.46	2509	0	0	0.00	2.33	95.62
5	5	91	2.48	3681	3394	0.56	2432	0	0	0.00	0.63	96.85	1.64
5	13	99	2.54	3906	3394	1.14	2085	0	0	0.00	0.09	97.43
6	6	96	2.61	3681	3394	0.38	2773	0	0	0.00	0.65	96.82	1.53
6	14	66	1.82	3638	3394	0.40	2242	0	0	0.00	1.19	97.06
7	7	619	13.99	4420	3394	1.44	2401	0	0	0.00	1.41	83.80	2.55
7	15	110	2.91	3782	3394	0.67	2278	0	0	0.00	0.26	96.91
Core	CPU	Avg_MHz	Busy%	Bzy_MHz	TSC_MHz	IPC	IRQ	NMI	SMI	POLL%	C1%	C2%	CorWatt	PkgWatt
-	-	502	11.33	4428	3392	0.62	38583	1	0	0.01	0.20	88.49	22.27	42.53
0	0	143	3.65	3927	3394	0.49	2262	0	0	0.00	0.26	96.16	1.69	42.57
0	8	63	1.70	3700	3394	0.15	2460	0	0	0.00	0.33	98.06
1	1	2832	61.76	4586	3394	0.61	2253	0	0	0.00	0.01	38.26	5.33
1	9	149	3.39	4395	3394	1.20	2359	0	0	0.00	0.01	96.66
2	2	106	2.86	3724	3394	0.32	3457	0	0	0.00	0.57	96.67	1.65
2	10	64	1.75	3688	3394	0.21	2312	0	0	0.00	0.19	98.14
3	3	157	4.10	3834	3394	0.46	2688	0	0	0.11	0.31	95.67	1.81
3	11	68	1.83	3694	3394	0.18	2397	0	0	0.00	0.38	97.86
4	4	176	4.46	3943	3394	0.52	2555	0	0	0.00	0.24	95.38	1.74
4	12	65	1.75	3705	3394	0.15	2177	0	0	0.00	0.01	98.32
5	5	217	5.57	3888	3394	0.55	2685	0	0	0.00	0.17	94.34	1.93
5	13	53	1.42	3696	3394	0.10	2024	0	0	0.00	0.00	98.65
6	6	78	2.10	3690	3394	0.26	2279	0	0	0.00	0.00	97.97	1.59
6	14	58	1.56	3686	3394	0.15	2122	0	0	0.00	0.38	98.13
7	7	3537	77.38	4571	3394	0.64	2145	1	0	0.00	0.24	22.34	6.54
7	15	264	5.94	4450	3394	1.24	2408	0	0	0.00	0.02	94.11
Core	CPU	Avg_MHz	Busy%	Bzy_MHz	TSC_MHz	IPC	IRQ	NMI	SMI	POLL%	C1%	C2%	CorWatt	PkgWatt
-	-	623	13.94	4473	3396	0.61	38248	0	0	0.01	0.05	86.13	25.48	45.52
0	0	82	2.20	3708	3394	0.51	2214	0	0	0.00	0.01	97.86	1.77	45.48
0	8	96	2.48	3856	3394	0.36	2272	0	0	0.00	0.01	97.59
1	1	4637	99.93	4641	3394	0.58	2017	0	0	0.00	0.00	0.07	7.70
1	9	79	1.71	4629	3394	0.17	2442	0	0	0.00	0.00	98.34
2	2	116	3.01	3874	3394	0.36	3261	0	0	0.00	0.32	96.76	1.77
2	10	64	1.73	3709	3394	0.20	2374	0	0	0.00	0.02	98.32
3	3	91	2.47	3706	3394	0.25	2697	0	0	0.15	0.04	97.58	1.86
3	11	62	1.67	3703	3394	0.15	2372	0	0	0.00	0.01	98.39
4	4	66	1.77	3704	3394	0.15	2467	0	0	0.00	0.25	98.06	1.70
4	12	67	1.81	3704	3394	0.16	2209	0	0	0.00	0.02	98.24
5	5	427	10.21	4181	3394	0.64	2588	0	0	0.00	0.04	89.82	2.31
5	13	56	1.50	3745	3394	0.13	2141	0	0	0.00	0.01	98.56
6	6	155	4.19	3709	3394	0.47	2592	0	0	0.00	0.04	95.85	1.83
6	14	57	1.55	3703	3394	0.13	2106	0	0	0.00	0.00	98.52
7	7	3726	82.53	4515	3394	0.71	2147	0	0	0.00	0.01	17.48	6.52
7	15	188	4.27	4410	3394	0.89	2349	0	0	0.00	0.03	95.76
Core	CPU	Avg_MHz	Busy%	Bzy_MHz	TSC_MHz	IPC	IRQ	NMI	SMI	POLL%	C1%	C2%	CorWatt	PkgWatt
-	-	621	13.86	4479	3394	0.61	37937	0	0	0.01	0.03	86.17	25.46	45.55
0	0	84	2.27	3706	3394	0.32	2283	0	0	0.00	0.01	97.79	1.73	45.55
0	8	66	1.77	3704	3394	0.20	2258	0	0	0.00	0.00	98.30
1	1	4638	99.95	4640	3394	0.58	2009	0	0	0.00	0.00	0.05	7.72
1	9	75	1.63	4629	3394	0.16	2251	0	0	0.00	0.00	98.42
2	2	106	2.76	3841	3394	0.32	3284	0	0	0.00	0.14	97.19	1.75
2	10	56	1.50	3705	3394	0.13	2269	0	0	0.00	0.02	98.55
3	3	120	3.14	3831	3394	0.38	2786	0	0	0.11	0.21	96.73	1.90
3	11	58	1.57	3708	3394	0.13	2277	0	0	0.00	0.00	98.51
4	4	63	1.70	3703	3394	0.16	2370	0	0	0.00	0.02	98.36	1.71
4	12	70	1.89	3704	3394	0.23	2211	0	0	0.00	0.01	98.17
5	5	242	6.06	3986	3394	0.57	2663	0	0	0.00	0.04	93.98	2.10
5	13	64	1.73	3715	3394	0.15	2406	0	0	0.00	0.03	98.32
6	6	114	3.08	3708	3394	0.42	2259	0	0	0.00	0.00	97.00	1.75
6	14	55	1.49	3702	3394	0.12	2025	0	0	0.00	0.00	98.58
7	7	3926	86.85	4521	3394	0.71	2164	0	0	0.00	0.00	13.15	6.80
7	15	194	4.37	4445	3394	0.85	2422	0	0	0.00	0.02	95.67
Core	CPU	Avg_MHz	Busy%	Bzy_MHz	TSC_MHz	IPC	IRQ	NMI	SMI	POLL%	C1%	C2%	CorWatt	PkgWatt
-	-	620	13.86	4475	3394	0.61	37679	1	0	0.01	0.04	86.17	25.56	45.42
0	0	95	2.57	3707	3394	0.38	2344	0	0	0.00	0.01	97.50	1.77	45.42
0	8	70	1.88	3704	3394	0.20	2351	0	0	0.00	0.00	98.20
1	1	4637	99.93	4641	3394	0.58	2011	1	0	0.00	0.00	0.07	7.74
1	9	75	1.62	4629	3394	0.17	2259	0	0	0.00	0.00	98.43
2	2	97	2.60	3731	3394	0.26	3202	0	0	0.00	0.31	97.19	1.75
2	10	58	1.56	3704	3394	0.13	2265	0	0	0.00	0.02	98.49
3	3	84	2.27	3706	3394	0.21	2903	0	0	0.14	0.13	97.69	1.85
3	11	52	1.42	3702	3394	0.11	2011	0	0	0.00	0.00	98.65
4	4	149	3.78	3945	3394	0.50	2341	0	0	0.01	0.01	96.29	1.82
4	12	62	1.66	3710	3394	0.15	2157	0	0	0.00	0.01	98.40
5	5	313	7.62	4111	3394	0.60	2613	0	0	0.00	0.05	92.41	2.17
5	13	53	1.41	3728	3394	0.11	2011	0	0	0.00	0.00	98.66
6	6	204	5.15	3959	3394	0.54	2455	0	0	0.00	0.06	94.87	1.89
6	14	55	1.49	3713	3394	0.12	2025	0	0	0.00	0.00	98.58
7	7	3722	82.35	4520	3394	0.71	2317	0	0	0.00	0.01	17.66	6.58
7	15	198	4.47	4421	3394	0.86	2414	0	0	0.00	0.02	95.57
Core	CPU	Avg_MHz	Busy%	Bzy_MHz	TSC_MHz	IPC	IRQ	NMI	SMI	POLL%	C1%	C2%	CorWatt	PkgWatt
-	-	621	13.90	4469	3392	0.61	37845	1	0	0.01	0.02	86.10	25.74	45.67
0	0	117	2.93	3993	3394	0.48	2038	0	0	0.00	0.00	97.13	1.78	45.72
0	8	65	1.76	3712	3394	0.21	2276	0	0	0.00	0.00	98.32
1	1	4630	99.80	4639	3394	0.57	2014	0	0	0.00	0.00	0.20	7.76
1	9	76	1.65	4627	3394	0.17	2255	0	0	0.00	0.00	98.41
2	2	107	2.87	3733	3394	0.35	3102	0	0	0.01	0.04	97.17	1.77
2	10	57	1.53	3703	3394	0.13	2265	0	0	0.00	0.01	98.53
3	3	119	3.13	3807	3394	0.35	2920	0	0	0.13	0.15	96.81	1.92
3	11	52	1.41	3705	3394	0.11	2008	0	0	0.00	0.00	98.66
4	4	91	2.46	3707	3394	0.32	2749	0	0	0.01	0.02	97.61	1.76
4	12	60	1.63	3703	3394	0.14	2146	0	0	0.00	0.01	98.44
5	5	485	11.51	4215	3394	0.66	2496	0	0	0.00	0.02	88.54	2.41
5	13	53	1.42	3755	3394	0.11	2068	0	0	0.00	0.00	98.65
6	6	179	4.79	3745	3394	0.54	2701	0	0	0.00	0.09	95.21	1.88
6	14	55	1.47	3704	3394	0.12	2022	0	0	0.00	0.00	98.60
7	7	3598	79.55	4524	3394	0.71	2378	1	0	0.00	0.02	20.45	6.47
7	15	199	4.52	4392	3394	0.86	2407	0	0	0.00	0.02	95.52
Core	CPU	Avg_MHz	Busy%	Bzy_MHz	TSC_MHz	IPC	IRQ	NMI	SMI	POLL%	C1%	C2%	CorWatt	PkgWatt
-	-	618	13.86	4462	3395	0.61	38182	0	0	0.01	0.07	86.17	26.02	46.35
0	0	213	5.39	3949	3394	0.56	2443	0	0	0.00	0.01	94.68	1.97	46.29
0	8	68	1.84	3716	3394	0.20	2277	0	0	0.00	0.00	98.24
1	1	4638	99.95	4641	3394	0.58	2008	0	0	0.00	0.00	0.05	7.85
1	9	74	1.60	4628	3394	0.16	2250	0	0	0.00	0.00	98.46
2	2	78	2.10	3705	3394	0.17	2906	0	0	0.01	0.06	97.93	1.89
2	10	119	3.20	3708	3394	0.43	2529	0	0	0.00	0.01	96.87
3	3	123	3.23	3811	3394	0.39	2796	0	0	0.09	0.79	96.07	1.98
3	11	58	1.58	3706	3394	0.17	2186	0	0	0.00	0.02	98.48
4	4	166	4.16	3984	3394	0.49	2701	0	0	0.01	0.10	95.83	1.88
4	12	62	1.67	3715	3394	0.15	2311	0	0	0.00	0.02	98.39
5	5	1465	32.90	4453	3394	0.70	2358	0	0	0.00	0.02	67.14	3.84
5	13	212	4.89	4349	3394	0.53	2622	0	0	0.00	0.03	95.16
6	6	97	2.56	3809	3394	0.39	2062	0	0	0.00	0.00	97.51	1.76
6	14	54	1.45	3704	3394	0.12	2024	0	0	0.00	0.00	98.62
7	7	2264	50.45	4488	3394	0.71	2277	0	0	0.00	0.01	49.58	4.83
7	15	198	4.80	4115	3394	1.00	2432	0	0	0.00	0.02	95.25
Core	CPU	Avg_MHz	Busy%	Bzy_MHz	TSC_MHz	IPC	IRQ	NMI	SMI	POLL%	C1%	C2%	CorWatt	PkgWatt
-	-	701	15.72	4460	3393	0.64	41701	0	0	0.01	0.11	84.23	27.63	47.53
0	0	214	5.32	4017	3394	0.62	2415	0	0	0.00	0.18	94.57	2.14	47.53
0	8	198	4.96	3995	3394	0.69	2328	0	0	0.00	0.08	95.04
1	1	4579	98.72	4638	3394	0.58	2235	0	0	0.00	0.02	1.26	7.92
1	9	281	6.14	4572	3394	0.55	3434	0	0	0.01	0.06	93.85
2	2	89	2.42	3705	3394	0.24	3278	0	0	0.01	0.27	97.41	1.89
2	10	117	3.08	3793	3394	0.46	2427	0	0	0.00	0.04	96.95
3	3	190	4.89	3890	3394	0.60	3191	0	0	0.19	0.46	94.74	2.10
3	11	71	1.90	3741	3394	0.21	2270	0	0	0.00	0.04	98.13
4	4	317	7.92	4006	3394	0.87	2688	0	0	0.00	0.24	91.91	2.21
4	12	128	3.18	4005	3394	0.42	2503	0	0	0.00	0.02	96.87
5	5	815	18.44	4420	3394	0.64	2306	0	0	0.00	0.05	81.57	3.19
5	13	353	8.00	4416	3394	0.67	2242	0	0	0.00	0.07	91.99
6	6	180	4.65	3864	3394	0.58	3528	0	0	0.00	0.03	95.39	2.04
6	14	167	4.00	4168	3394	0.68	2095	0	0	0.00	0.05	96.02
7	7	3384	74.77	4526	3394	0.72	2217	0	0	0.00	0.08	25.17	6.15
7	15	131	3.03	4330	3394	0.74	2544	0	0	0.00	0.04	96.99
Core	CPU	Avg_MHz	Busy%	Bzy_MHz	TSC_MHz	IPC	IRQ	NMI	SMI	POLL%	C1%	C2%	CorWatt	PkgWatt
-	-	623	13.89	4489	3394	0.61	37821	1	0	0.01	0.08	86.11	26.17	45.85
0	0	57	1.54	3702	3394	0.15	2047	0	0	0.00	0.00	98.53	1.77	45.84
0	8	89	2.39	3710	3394	0.36	2192	0	0	0.00	0.02	97.67
1	1	4637	99.93	4641	3394	0.58	2011	1	0	0.00	0.00	0.07	7.83
1	9	76	1.64	4627	3394	0.17	2263	0	0	0.00	0.03	98.38
2	2	74	2.00	3704	3394	0.18	3056	0	0	0.00	0.11	97.97	1.76
2	10	57	1.54	3701	3394	0.14	2254	0	0	0.00	0.01	98.52
3	3	89	2.40	3705	3394	0.26	2988	0	0	0.18	0.52	97.16	1.92
3	11	60	1.61	3702	3394	0.16	2131	0	0	0.00	0.01	98.46
4	4	87	2.34	3721	3394	0.28	2429	0	0	0.00	0.03	97.70	1.79
4	12	65	1.77	3705	3394	0.16	2506	0	0	0.00	0.31	98.01
5	5	186	5.00	3709	3394	0.94	2701	0	0	0.00	0.09	95.00	2.14
5	13	54	1.45	3701	3394	0.11	2005	0	0	0.00	0.00	98.62
6	6	134	3.62	3708	3394	0.67	2550	0	0	0.00	0.05	96.41	1.86
6	14	55	1.49	3701	3394	0.13	2021	0	0	0.00	0.00	98.58
7	7	4181	91.86	4551	3394	0.72	2317	0	0	0.00	0.09	8.07	7.09
7	15	73	1.63	4447	3394	0.32	2350	0	0	0.00	0.03	98.40
Core	CPU	Avg_MHz	Busy%	Bzy_MHz	TSC_MHz	IPC	IRQ	NMI	SMI	POLL%	C1%	C2%	CorWatt	PkgWatt
-	-	627	13.95	4492	3394	0.61	37720	0	0	0.01	0.06	86.05	26.36	45.98
0	0	118	3.12	3792	3394	0.47	2272	0	0	0.00	0.00	96.96	1.89	45.98
0	8	100	2.60	3859	3394	0.36	2156	0	0	0.00	0.01	97.47
1	1	4641	100.00	4641	3394	0.57	2005	0	0	0.00	0.00	0.00	7.86
1	9	78	1.68	4628	3394	0.17	2269	0	0	0.00	0.10	98.27
2	2	102	2.75	3706	3394	0.36	3182	0	0	0.00	0.08	97.26	1.85
2	10	69	1.88	3703	3394	0.21	2250	0	0	0.00	0.01	98.19
3	3	73	1.96	3703	3394	0.17	2941	0	0	0.09	0.50	97.63	1.90
3	11	53	1.42	3700	3394	0.11	2031	0	0	0.00	0.00	98.65
4	4	130	3.52	3708	3394	0.64	2566	0	0	0.00	0.10	96.46	1.90
4	12	64	1.73	3702	3394	0.15	2363	0	0	0.00	0.04	98.31
5	5	146	3.94	3708	3394	0.99	2613	0	0	0.00	0.04	96.11	2.07
5	13	53	1.43	3700	3394	0.11	2009	0	0	0.00	0.00	98.64
6	6	90	2.43	3705	3394	0.31	2618	0	0	0.00	0.04	97.61	1.77
6	14	53	1.43	3700	3394	0.11	2023	0	0	0.00	0.00	98.64
7	7	4192	91.89	4562	3394	0.72	2252	0	0	0.00	0.01	8.11	7.12
7	15	68	1.51	4507	3394	0.33	2170	0	0	0.00	0.00	98.54
Core	CPU	Avg_MHz	Busy%	Bzy_MHz	TSC_MHz	IPC	IRQ	NMI	SMI	POLL%	C1%	C2%	CorWatt	PkgWatt
-	-	627	13.98	4485	3394	0.61	37918	1	0	0.02	0.04	86.05	26.49	46.28
0	0	60	1.63	3704	3394	0.24	2069	0	0	0.00	0.00	98.44	1.82	46.28
0	8	108	2.83	3823	3394	0.39	2154	0	0	0.00	0.00	97.23
1	1	4640	99.98	4641	3394	0.57	2006	0	0	0.00	0.00	0.02	7.89
1	9	85	1.84	4629	3394	0.21	2333	0	0	0.01	0.10	98.12
2	2	68	1.83	3703	3394	0.14	2890	0	0	0.00	0.14	98.12	1.78
2	10	60	1.63	3702	3394	0.18	2097	0	0	0.00	0.00	98.44
3	3	83	2.24	3704	3394	0.18	2709	0	0	0.27	0.10	97.74	1.93
3	11	56	1.52	3701	3394	0.14	2268	0	0	0.00	0.01	98.54
4	4	134	3.50	3841	3394	0.45	2612	0	0	0.00	0.06	96.52	1.88
4	12	65	1.75	3706	3394	0.16	2495	0	0	0.00	0.05	98.28
5	5	237	6.09	3886	3394	0.86	2666	0	0	0.00	0.13	93.86	2.23
5	13	53	1.44	3709	3394	0.11	2012	0	0	0.00	0.00	98.63
6	6	171	4.61	3709	3394	0.50	2925	0	0	0.00	0.07	95.41	1.95
6	14	57	1.54	3701	3394	0.13	2045	0	0	0.00	0.00	98.53
7	7	4079	89.57	4554	3394	0.72	2280	1	0	0.00	0.01	10.43	7.01
7	15	73	1.63	4462	3394	0.35	2357	0	0	0.00	0.02	98.41
Core	CPU	Avg_MHz	Busy%	Bzy_MHz	TSC_MHz	IPC	IRQ	NMI	SMI	POLL%	C1%	C2%	CorWatt	PkgWatt
-	-	374	8.46	4421	3394	0.58	35790	0	0	0.02	0.05	91.56	17.09	36.42
0	0	105	2.86	3675	3394	0.77	2243	0	0	0.00	0.03	97.19	1.39	36.42
0	8	68	1.86	3662	3394	0.22	2205	0	0	0.00	0.00	98.22
1	1	2612	56.43	4628	3394	0.56	2024	0	0	0.00	0.12	43.48	4.70
1	9	67	1.60	4188	3394	0.16	2182	0	0	0.00	0.04	98.43
2	2	63	1.72	3653	3394	0.14	2527	0	0	0.00	0.07	98.29	1.28
2	10	52	1.42	3648	3394	0.12	2039	0	0	0.00	0.00	98.65
3	3	85	2.33	3663	3394	0.21	2687	0	0	0.37	0.22	97.53	1.37
3	11	54	1.49	3653	3394	0.13	2167	0	0	0.00	0.12	98.47
4	4	62	1.71	3656	3394	0.14	2358	0	0	0.00	0.03	98.34	1.28
4	12	57	1.57	3655	3394	0.14	2241	0	0	0.00	0.04	98.47
5	5	132	3.57	3686	3394	0.45	2568	0	0	0.00	0.04	96.47	1.49
5	13	54	1.47	3651	3394	0.13	2013	0	0	0.00	0.00	98.60
6	6	63	1.71	3681	3394	0.18	2104	0	0	0.00	0.08	98.28	1.26
6	14	53	1.45	3650	3394	0.14	2027	0	0	0.00	0.00	98.63
7	7	2390	52.55	4548	3394	0.72	2162	0	0	0.00	0.01	47.48	4.32
7	15	64	1.56	4111	3394	0.29	2243	0	0	0.00	0.03	98.47
